2016-05-21 12:23:44.174537 ‘run/LATEST.COMPILE/122344.087276000’ -> ‘20160521/122344.087276000’
2016-05-21 12:23:44.175457 ‘run/RUNNING.COMPILE’ -> ‘20160521/122344.087276000’
2016-05-21 12:23:44.175499 Parsing DeepDive application (/Users/emerson/Documents/Github/deepdive/examples/Coach_NBA) to generate:
2016-05-21 12:23:44.175522  run/compiled/schema.json
2016-05-21 12:23:44.175542   from app.ddlog
2016-05-21 12:23:45.251329  run/compiled/deepdive.conf
2016-05-21 12:23:45.251597   from app.ddlog
2016-05-21 12:23:46.536468   from deepdive.conf
2016-05-21 12:23:46.547802  run/compiled/deepdive.conf.json
2016-05-21 12:23:47.007700 Performing sanity checks on run/compiled/deepdive.conf.json:
2016-05-21 12:23:47.084163  checking if input_extractors_well_defined
2016-05-21 12:23:47.084248  checking if input_schema_wellformed
2016-05-21 12:23:47.084634 Normalizing and adding built-in processes to the data flow to compile:
2016-05-21 12:23:47.085127  run/compiled/config-0.00-init_objects.json
2016-05-21 12:23:47.111818  run/compiled/config-0.01-parse_calibration.json
2016-05-21 12:23:47.151916  run/compiled/config-0.01-parse_schema.json
2016-05-21 12:23:47.194191  run/compiled/config-0.51-add_init_app.json
2016-05-21 12:23:47.228682  run/compiled/config-0.52-input_loader.json
2016-05-21 12:23:47.253113  run/compiled/config-1.00-qualified_names.json
2016-05-21 12:23:47.291418  run/compiled/config-1.01-parse_inference_rules.json
2016-05-21 12:23:47.333951  run/compiled/config-2.01-grounding.json
2016-05-21 12:23:47.447369  run/compiled/config-2.02-learning_inference.json
2016-05-21 12:23:47.482991  run/compiled/config-2.03-calibration_plots.json
2016-05-21 12:23:47.537834  run/compiled/config-9.98-ensure_init_app.json
2016-05-21 12:23:47.586207  run/compiled/config-9.99-dependencies.json
2016-05-21 12:23:47.639386  run/compiled/config.json
2016-05-21 12:23:47.646256 Validating run/compiled/config.json:
2016-05-21 12:23:47.794761  checking if compiled_base_relations_have_input_data
2016-05-21 12:23:47.794835  [WARNING] input/init.sh should load all base relations: articles spouses_dbpedia 
2016-05-21 12:23:47.794866  checking if compiled_dependencies_correct
2016-05-21 12:23:47.794891  checking if compiled_input_output_well_defined
2016-05-21 12:23:47.794914  checking if compiled_output_uniquely_defined
2016-05-21 12:23:47.795172 Compiling executable code into:
2016-05-21 12:23:47.795459  run/compiled/code-Makefile.json
2016-05-21 12:23:47.831339  run/compiled/code-cmd_extractor.json
2016-05-21 12:23:47.880543  run/compiled/code-dataflow_dot.json
2016-05-21 12:23:47.932000  run/compiled/code-sql_extractor.json
2016-05-21 12:23:47.957033  run/compiled/code-tsv_extractor.json
2016-05-21 12:23:48.001033 Generating files:
2016-05-21 12:23:48.056481  run/Makefile
2016-05-21 12:23:48.095841  run/process/init/app/run.sh
2016-05-21 12:23:48.136835  run/process/init/relation/articles/run.sh
2016-05-21 12:23:48.169539  run/process/init/relation/spouses_dbpedia/run.sh
2016-05-21 12:23:48.203114  run/process/ext_has_spouse/run.sh
2016-05-21 12:23:48.236724  run/process/ext_num_people/run.sh
2016-05-21 12:23:48.278356  run/process/ext_num_team/run.sh
2016-05-21 12:23:48.319063  run/process/ext_spouse_candidate/run.sh
2016-05-21 12:23:48.365298  run/process/ext_spouse_label/run.sh
2016-05-21 12:23:48.386926  run/process/ext_spouse_label_resolved/run.sh
2016-05-21 12:23:48.414183  run/process/grounding/variable_id_partition/run.sh
2016-05-21 12:23:48.445721  run/process/grounding/variable/has_spouse/assign_id/run.sh
2016-05-21 12:23:48.483131  run/process/grounding/variable_holdout/run.sh
2016-05-21 12:23:48.507866  run/process/grounding/variable/has_spouse/dump/run.sh
2016-05-21 12:23:48.541144  run/process/grounding/factor/inf1_imply_has_spouse_has_spouse/materialize/run.sh
2016-05-21 12:23:48.569023  run/process/grounding/factor/inf_imply_has_spouse_has_spouse/materialize/run.sh
2016-05-21 12:23:48.601784  run/process/grounding/factor/inf_istrue_has_spouse/materialize/run.sh
2016-05-21 12:23:48.636507  run/process/grounding/weight_id_partition/run.sh
2016-05-21 12:23:48.671280  run/process/grounding/global_weight_table/run.sh
2016-05-21 12:23:48.696945  run/process/grounding/factor/inf1_imply_has_spouse_has_spouse/assign_weight_id/run.sh
2016-05-21 12:23:48.728029  run/process/grounding/factor/inf_imply_has_spouse_has_spouse/assign_weight_id/run.sh
2016-05-21 12:23:48.759106  run/process/grounding/factor/inf_istrue_has_spouse/assign_weight_id/run.sh
2016-05-21 12:23:48.795810  run/process/grounding/factor/inf1_imply_has_spouse_has_spouse/dump/run.sh
2016-05-21 12:23:48.821334  run/process/grounding/factor/inf_imply_has_spouse_has_spouse/dump/run.sh
2016-05-21 12:23:48.849890  run/process/grounding/factor/inf_istrue_has_spouse/dump/run.sh
2016-05-21 12:23:48.879243  run/process/grounding/factor/inf1_imply_has_spouse_has_spouse/dump_weights/run.sh
2016-05-21 12:23:48.908300  run/process/grounding/factor/inf_imply_has_spouse_has_spouse/dump_weights/run.sh
2016-05-21 12:23:48.949186  run/process/grounding/factor/inf_istrue_has_spouse/dump_weights/run.sh
2016-05-21 12:23:48.991232  run/process/grounding/combine_factorgraph/run.sh
2016-05-21 12:23:49.021090  run/process/model/learning/run.sh
2016-05-21 12:23:49.054784  run/process/model/inference/run.sh
2016-05-21 12:23:49.087308  run/process/model/load_weights/run.sh
2016-05-21 12:23:49.118159  run/process/model/load_probabilities/run.sh
2016-05-21 12:23:49.147154  run/process/model/calibration/run.sh
2016-05-21 12:23:49.178036  run/dataflow.dot
2016-05-21 12:23:49.204684  run/process/ext_person_mention_by_map_person_mention/run.sh
2016-05-21 12:23:49.245408  run/process/ext_sentences_by_nlp_markup/run.sh
2016-05-21 12:23:49.270487  run/process/ext_spouse_feature_by_extract_spouse_features/run.sh
2016-05-21 12:23:49.299947  run/process/ext_spouse_label__0_by_supervise/run.sh
2016-05-21 12:23:49.330042  run/process/ext_team_mention_by_map_team_mention/run.sh
2016-05-21 12:23:49.415401 Warning: Could not load "/Users/emerson/local/lib/bundled/graphviz/prefix/bin/../lib/graphviz/libgvplugin_pango.6.dylib" - file not found
2016-05-21 12:23:49.424319  run/dataflow.svg
2016-05-21 12:23:49.425452   (file:///Users/emerson/Documents/Github/deepdive/examples/Coach_NBA/run/dataflow.svg)
2016-05-21 12:23:49.429421 mv: cannot move ‘run/compiled’ to ‘run/compiled~’: Directory not empty
