2016-05-22 16:48:26.292542 ‘run/LATEST.COMPILE/164826.221692000’ -> ‘20160522/164826.221692000’
2016-05-22 16:48:26.292849 ‘run/RUNNING.COMPILE’ -> ‘20160522/164826.221692000’
2016-05-22 16:48:26.292871 Parsing DeepDive application (/Users/emerson/Documents/Github/deepdive/examples/coach_nba) to generate:
2016-05-22 16:48:26.292891  run/compiled/schema.json
2016-05-22 16:48:26.292912   from app.ddlog
2016-05-22 16:48:27.201458  run/compiled/deepdive.conf
2016-05-22 16:48:27.201704   from app.ddlog
2016-05-22 16:48:28.436181   from deepdive.conf
2016-05-22 16:48:28.448274  run/compiled/deepdive.conf.json
2016-05-22 16:48:28.902051 Performing sanity checks on run/compiled/deepdive.conf.json:
2016-05-22 16:48:28.968692  checking if input_extractors_well_defined
2016-05-22 16:48:28.968761  checking if input_schema_wellformed
2016-05-22 16:48:28.969331 Normalizing and adding built-in processes to the data flow to compile:
2016-05-22 16:48:28.969605  run/compiled/config-0.00-init_objects.json
2016-05-22 16:48:28.992503  run/compiled/config-0.01-parse_calibration.json
2016-05-22 16:48:29.022077  run/compiled/config-0.01-parse_schema.json
2016-05-22 16:48:29.068977  run/compiled/config-0.51-add_init_app.json
2016-05-22 16:48:29.091383  run/compiled/config-0.52-input_loader.json
2016-05-22 16:48:29.123663  run/compiled/config-1.00-qualified_names.json
2016-05-22 16:48:29.155471  run/compiled/config-1.01-parse_inference_rules.json
2016-05-22 16:48:29.201943  run/compiled/config-2.01-grounding.json
2016-05-22 16:48:29.307642  run/compiled/config-2.02-learning_inference.json
2016-05-22 16:48:29.342149  run/compiled/config-2.03-calibration_plots.json
2016-05-22 16:48:29.385518  run/compiled/config-9.98-ensure_init_app.json
2016-05-22 16:48:29.427387  run/compiled/config-9.99-dependencies.json
2016-05-22 16:48:29.467648  run/compiled/config.json
2016-05-22 16:48:29.475080 Validating run/compiled/config.json:
2016-05-22 16:48:29.621674  checking if compiled_base_relations_have_input_data
2016-05-22 16:48:29.621737  [WARNING] input/init.sh should load all base relations: articles spouses_dbpedia 
2016-05-22 16:48:29.621758  checking if compiled_dependencies_correct
2016-05-22 16:48:29.621778  checking if compiled_input_output_well_defined
2016-05-22 16:48:29.621796  checking if compiled_output_uniquely_defined
2016-05-22 16:48:29.622157 Compiling executable code into:
2016-05-22 16:48:29.622444  run/compiled/code-Makefile.json
2016-05-22 16:48:29.654526  run/compiled/code-cmd_extractor.json
2016-05-22 16:48:29.700955  run/compiled/code-dataflow_dot.json
2016-05-22 16:48:29.741861  run/compiled/code-sql_extractor.json
2016-05-22 16:48:29.772764  run/compiled/code-tsv_extractor.json
2016-05-22 16:48:29.810522 Generating files:
2016-05-22 16:48:29.849432  run/Makefile
2016-05-22 16:48:29.876472  run/process/init/app/run.sh
2016-05-22 16:48:29.898734  run/process/init/relation/articles/run.sh
2016-05-22 16:48:29.922417  run/process/init/relation/spouses_dbpedia/run.sh
2016-05-22 16:48:29.947992  run/process/ext_has_spouse/run.sh
2016-05-22 16:48:29.981358  run/process/ext_num_people/run.sh
2016-05-22 16:48:30.004851  run/process/ext_num_team/run.sh
2016-05-22 16:48:30.030171  run/process/ext_spouse_candidate/run.sh
2016-05-22 16:48:30.054878  run/process/ext_spouse_label/run.sh
2016-05-22 16:48:30.081123  run/process/ext_spouse_label_resolved/run.sh
2016-05-22 16:48:30.103942  run/process/grounding/variable_id_partition/run.sh
2016-05-22 16:48:30.129352  run/process/grounding/variable/has_spouse/assign_id/run.sh
2016-05-22 16:48:30.152014  run/process/grounding/variable_holdout/run.sh
2016-05-22 16:48:30.178160  run/process/grounding/variable/has_spouse/dump/run.sh
2016-05-22 16:48:30.203243  run/process/grounding/factor/inf1_imply_has_spouse_has_spouse/materialize/run.sh
2016-05-22 16:48:30.234556  run/process/grounding/factor/inf_imply_has_spouse_has_spouse/materialize/run.sh
2016-05-22 16:48:30.257322  run/process/grounding/factor/inf_istrue_has_spouse/materialize/run.sh
2016-05-22 16:48:30.283783  run/process/grounding/weight_id_partition/run.sh
2016-05-22 16:48:30.306951  run/process/grounding/global_weight_table/run.sh
2016-05-22 16:48:30.332840  run/process/grounding/factor/inf1_imply_has_spouse_has_spouse/assign_weight_id/run.sh
2016-05-22 16:48:30.355234  run/process/grounding/factor/inf_imply_has_spouse_has_spouse/assign_weight_id/run.sh
2016-05-22 16:48:30.382084  run/process/grounding/factor/inf_istrue_has_spouse/assign_weight_id/run.sh
2016-05-22 16:48:30.405085  run/process/grounding/factor/inf1_imply_has_spouse_has_spouse/dump/run.sh
2016-05-22 16:48:30.425308  run/process/grounding/factor/inf_imply_has_spouse_has_spouse/dump/run.sh
2016-05-22 16:48:30.461744  run/process/grounding/factor/inf_istrue_has_spouse/dump/run.sh
2016-05-22 16:48:30.487700  run/process/grounding/factor/inf1_imply_has_spouse_has_spouse/dump_weights/run.sh
2016-05-22 16:48:30.521606  run/process/grounding/factor/inf_imply_has_spouse_has_spouse/dump_weights/run.sh
2016-05-22 16:48:30.542131  run/process/grounding/factor/inf_istrue_has_spouse/dump_weights/run.sh
2016-05-22 16:48:30.564255  run/process/grounding/combine_factorgraph/run.sh
2016-05-22 16:48:30.598421  run/process/model/learning/run.sh
2016-05-22 16:48:30.619852  run/process/model/inference/run.sh
2016-05-22 16:48:30.644961  run/process/model/load_weights/run.sh
2016-05-22 16:48:30.669610  run/process/model/load_probabilities/run.sh
2016-05-22 16:48:30.694669  run/process/model/calibration/run.sh
2016-05-22 16:48:30.721313  run/dataflow.dot
2016-05-22 16:48:30.751053  run/process/ext_person_mention_by_map_person_mention/run.sh
2016-05-22 16:48:30.774151  run/process/ext_sentences_by_nlp_markup/run.sh
2016-05-22 16:48:30.800329  run/process/ext_spouse_feature_by_extract_spouse_features/run.sh
2016-05-22 16:48:30.825404  run/process/ext_spouse_label__0_by_supervise/run.sh
2016-05-22 16:48:30.850782  run/process/ext_team_mention_by_map_team_mention/run.sh
2016-05-22 16:48:30.906450 Warning: Could not load "/Users/emerson/local/lib/bundled/graphviz/prefix/bin/../lib/graphviz/libgvplugin_pango.6.dylib" - file not found
2016-05-22 16:48:30.915248  run/dataflow.svg
2016-05-22 16:48:30.916254   (file:///Users/emerson/Documents/Github/deepdive/examples/coach_nba/run/dataflow.svg)
2016-05-22 16:48:30.919812 mv: cannot move ‘run/compiled’ to ‘run/compiled~’: Directory not empty
