2016-05-21 15:48:04.444209 # on dhcp-169-233-138-157.cruznet.ucsc.edu: deepdive do calibration-plots
2016-05-21 15:48:04.444545 # run/20160521/154801.587840000/plan.sh
2016-05-21 15:48:04.444587 # execution plan for model/calibration-plots
2016-05-21 15:48:04.444612 
2016-05-21 15:48:04.444635 : ## process/init/app ##########################################################
2016-05-21 15:48:04.444659 : # Done: 2016-05-20T15:47:44-0700 (1d 17s ago)
2016-05-21 15:48:04.444680 : process/init/app/run.sh
2016-05-21 15:48:04.444702 : mark_done process/init/app
2016-05-21 15:48:04.444723 : ##############################################################################
2016-05-21 15:48:04.444745 
2016-05-21 15:48:04.444766 : ## process/init/relation/articles ############################################
2016-05-21 15:48:04.444786 : # Done: 2016-05-20T19:16:48-0700 (20h 31m 13s ago)
2016-05-21 15:48:04.444805 : process/init/relation/articles/run.sh
2016-05-21 15:48:04.444823 : mark_done process/init/relation/articles
2016-05-21 15:48:04.444841 : ##############################################################################
2016-05-21 15:48:04.444860 
2016-05-21 15:48:04.444880 : ## data/articles #############################################################
2016-05-21 15:48:04.444901 : # Done: 2016-05-20T19:16:48-0700 (20h 31m 13s ago)
2016-05-21 15:48:04.444919 : # no-op
2016-05-21 15:48:04.444937 : mark_done data/articles
2016-05-21 15:48:04.444955 : ##############################################################################
2016-05-21 15:48:04.444973 
2016-05-21 15:48:04.444992 : ## process/ext_sentences_by_nlp_markup #######################################
2016-05-21 15:48:04.445012 : # Done: 2016-05-20T19:20:04-0700 (20h 27m 57s ago)
2016-05-21 15:48:04.445031 : process/ext_sentences_by_nlp_markup/run.sh
2016-05-21 15:48:04.445050 : mark_done process/ext_sentences_by_nlp_markup
2016-05-21 15:48:04.445069 : ##############################################################################
2016-05-21 15:48:04.445089 
2016-05-21 15:48:04.445111 : ## data/sentences ############################################################
2016-05-21 15:48:04.445132 : # Done: 2016-05-20T19:20:04-0700 (20h 27m 57s ago)
2016-05-21 15:48:04.445184 : # no-op
2016-05-21 15:48:04.445207 : mark_done data/sentences
2016-05-21 15:48:04.445228 : ##############################################################################
2016-05-21 15:48:04.445249 
2016-05-21 15:48:04.445271 : ## process/ext_person_mention_by_map_person_mention ##########################
2016-05-21 15:48:04.445293 : # Done: 2016-05-20T20:58:22-0700 (18h 49m 39s ago)
2016-05-21 15:48:04.445314 : process/ext_person_mention_by_map_person_mention/run.sh
2016-05-21 15:48:04.445336 : mark_done process/ext_person_mention_by_map_person_mention
2016-05-21 15:48:04.445358 : ##############################################################################
2016-05-21 15:48:04.445380 
2016-05-21 15:48:04.445401 : ## data/person_mention #######################################################
2016-05-21 15:48:04.445450 : # Done: 2016-05-20T20:58:22-0700 (18h 49m 39s ago)
2016-05-21 15:48:04.445482 : # no-op
2016-05-21 15:48:04.445505 : mark_done data/person_mention
2016-05-21 15:48:04.445526 : ##############################################################################
2016-05-21 15:48:04.445545 
2016-05-21 15:48:04.445566 : ## process/ext_num_people ####################################################
2016-05-21 15:48:04.445603 : # Done: 2016-05-20T21:35:41-0700 (18h 12m 20s ago)
2016-05-21 15:48:04.445629 : process/ext_num_people/run.sh
2016-05-21 15:48:04.445651 : mark_done process/ext_num_people
2016-05-21 15:48:04.445672 : ##############################################################################
2016-05-21 15:48:04.445692 
2016-05-21 15:48:04.445712 : ## data/num_people ###########################################################
2016-05-21 15:48:04.445732 : # Done: 2016-05-20T21:35:41-0700 (18h 12m 20s ago)
2016-05-21 15:48:04.445752 : # no-op
2016-05-21 15:48:04.445773 : mark_done data/num_people
2016-05-21 15:48:04.445793 : ##############################################################################
2016-05-21 15:48:04.445812 
2016-05-21 15:48:04.445831 : ## process/ext_team_mention_by_map_team_mention ##############################
2016-05-21 15:48:04.445852 : # Done: 2016-05-20T21:23:06-0700 (18h 24m 55s ago)
2016-05-21 15:48:04.445872 : process/ext_team_mention_by_map_team_mention/run.sh
2016-05-21 15:48:04.445914 : mark_done process/ext_team_mention_by_map_team_mention
2016-05-21 15:48:04.445942 : ##############################################################################
2016-05-21 15:48:04.445964 
2016-05-21 15:48:04.445985 : ## data/team_mention #########################################################
2016-05-21 15:48:04.446006 : # Done: 2016-05-20T22:05:04-0700 (17h 42m 57s ago)
2016-05-21 15:48:04.446025 : # no-op
2016-05-21 15:48:04.446045 : mark_done data/team_mention
2016-05-21 15:48:04.446064 : ##############################################################################
2016-05-21 15:48:04.446085 
2016-05-21 15:48:04.446106 : ## process/ext_spouse_candidate ##############################################
2016-05-21 15:48:04.446127 : # Done: 2016-05-20T22:17:52-0700 (17h 30m 9s ago)
2016-05-21 15:48:04.446149 : process/ext_spouse_candidate/run.sh
2016-05-21 15:48:04.446169 : mark_done process/ext_spouse_candidate
2016-05-21 15:48:04.446188 : ##############################################################################
2016-05-21 15:48:04.446206 
2016-05-21 15:48:04.446227 : ## data/spouse_candidate #####################################################
2016-05-21 15:48:04.446247 : # Done: 2016-05-20T22:17:52-0700 (17h 30m 10s ago)
2016-05-21 15:48:04.446275 : # no-op
2016-05-21 15:48:04.446306 : mark_done data/spouse_candidate
2016-05-21 15:48:04.446330 : ##############################################################################
2016-05-21 15:48:04.446353 
2016-05-21 15:48:04.446375 : ## process/ext_spouse_label__0_by_supervise ##################################
2016-05-21 15:48:04.446398 : # Done: 2016-05-20T22:17:53-0700 (17h 30m 9s ago)
2016-05-21 15:48:04.446422 : process/ext_spouse_label__0_by_supervise/run.sh
2016-05-21 15:48:04.446444 : mark_done process/ext_spouse_label__0_by_supervise
2016-05-21 15:48:04.446467 : ##############################################################################
2016-05-21 15:48:04.446490 
2016-05-21 15:48:04.446510 : ## data/spouse_label__0 ######################################################
2016-05-21 15:48:04.446532 : # Done: 2016-05-20T22:17:53-0700 (17h 30m 9s ago)
2016-05-21 15:48:04.446554 : # no-op
2016-05-21 15:48:04.446576 : mark_done data/spouse_label__0
2016-05-21 15:48:04.446595 : ##############################################################################
2016-05-21 15:48:04.446615 
2016-05-21 15:48:04.446648 : ## process/init/relation/spouses_dbpedia #####################################
2016-05-21 15:48:04.446673 : # Done: 2016-05-21T12:09:26-0700 (3h 38m 36s ago)
2016-05-21 15:48:04.446702 : process/init/relation/spouses_dbpedia/run.sh
2016-05-21 15:48:04.446727 : mark_done process/init/relation/spouses_dbpedia
2016-05-21 15:48:04.446749 : ##############################################################################
2016-05-21 15:48:04.446771 
2016-05-21 15:48:04.446794 : ## data/spouses_dbpedia ######################################################
2016-05-21 15:48:04.446816 : # Done: 2016-05-21T12:09:26-0700 (3h 38m 36s ago)
2016-05-21 15:48:04.446838 : # no-op
2016-05-21 15:48:04.446860 : mark_done data/spouses_dbpedia
2016-05-21 15:48:04.446882 : ##############################################################################
2016-05-21 15:48:04.446905 
2016-05-21 15:48:04.446926 : ## process/ext_spouse_label ##################################################
2016-05-21 15:48:04.446946 : # Done: 2016-05-21T15:28:40-0700 (19m 22s ago)
2016-05-21 15:48:04.446968 : process/ext_spouse_label/run.sh
2016-05-21 15:48:04.446988 : mark_done process/ext_spouse_label
2016-05-21 15:48:04.447011 : ##############################################################################
2016-05-21 15:48:04.447031 
2016-05-21 15:48:04.447050 : ## data/spouse_label #########################################################
2016-05-21 15:48:04.447070 : # Done: 2016-05-21T15:28:40-0700 (19m 22s ago)
2016-05-21 15:48:04.447091 : # no-op
2016-05-21 15:48:04.447113 : mark_done data/spouse_label
2016-05-21 15:48:04.447135 : ##############################################################################
2016-05-21 15:48:04.447155 
2016-05-21 15:48:04.447176 : ## process/ext_spouse_label_resolved #########################################
2016-05-21 15:48:04.447198 : # Done: 2016-05-21T15:28:41-0700 (19m 21s ago)
2016-05-21 15:48:04.447219 : process/ext_spouse_label_resolved/run.sh
2016-05-21 15:48:04.447240 : mark_done process/ext_spouse_label_resolved
2016-05-21 15:48:04.447261 : ##############################################################################
2016-05-21 15:48:04.447282 
2016-05-21 15:48:04.447301 : ## data/spouse_label_resolved ################################################
2016-05-21 15:48:04.447354 : # Done: 2016-05-21T15:28:41-0700 (19m 21s ago)
2016-05-21 15:48:04.447379 : # no-op
2016-05-21 15:48:04.447401 : mark_done data/spouse_label_resolved
2016-05-21 15:48:04.447421 : ##############################################################################
2016-05-21 15:48:04.447440 
2016-05-21 15:48:04.447462 : ## process/ext_has_spouse ####################################################
2016-05-21 15:48:04.447484 : # Done: 2016-05-21T15:40:27-0700 (7m 35s ago)
2016-05-21 15:48:04.447505 : process/ext_has_spouse/run.sh
2016-05-21 15:48:04.447529 : mark_done process/ext_has_spouse
2016-05-21 15:48:04.447552 : ##############################################################################
2016-05-21 15:48:04.447574 
2016-05-21 15:48:04.447595 : ## data/has_spouse ###########################################################
2016-05-21 15:48:04.447615 : # Done: 2016-05-21T15:40:27-0700 (7m 35s ago)
2016-05-21 15:48:04.447636 : # no-op
2016-05-21 15:48:04.447657 : mark_done data/has_spouse
2016-05-21 15:48:04.447675 : ##############################################################################
2016-05-21 15:48:04.447694 
2016-05-21 15:48:04.447713 : ## process/grounding/variable_id_partition ###################################
2016-05-21 15:48:04.447733 : # Done: 2016-05-21T15:46:12-0700 (1m 50s ago)
2016-05-21 15:48:04.447762 : process/grounding/variable_id_partition/run.sh
2016-05-21 15:48:04.447783 : mark_done process/grounding/variable_id_partition
2016-05-21 15:48:04.447803 : ##############################################################################
2016-05-21 15:48:04.447822 
2016-05-21 15:48:04.447841 : ## process/grounding/variable/has_spouse/assign_id ###########################
2016-05-21 15:48:04.447859 : # Done: 2016-05-21T15:46:12-0700 (1m 50s ago)
2016-05-21 15:48:04.447880 : process/grounding/variable/has_spouse/assign_id/run.sh
2016-05-21 15:48:04.447901 : mark_done process/grounding/variable/has_spouse/assign_id
2016-05-21 15:48:04.447922 : ##############################################################################
2016-05-21 15:48:04.447942 
2016-05-21 15:48:04.447961 : ## process/grounding/factor/inf1_imply_has_spouse_has_spouse/materialize #####
2016-05-21 15:48:04.447980 : # Done: 2016-05-21T15:47:44-0700 (18s ago)
2016-05-21 15:48:04.448001 : process/grounding/factor/inf1_imply_has_spouse_has_spouse/materialize/run.sh
2016-05-21 15:48:04.448022 : mark_done process/grounding/factor/inf1_imply_has_spouse_has_spouse/materialize
2016-05-21 15:48:04.448043 : ##############################################################################
2016-05-21 15:48:04.448062 
2016-05-21 15:48:04.448084 : ## process/grounding/factor/inf_imply_has_spouse_has_spouse/materialize ######
2016-05-21 15:48:04.448103 : # Done: 2016-05-21T15:47:45-0700 (17s ago)
2016-05-21 15:48:04.448125 : process/grounding/factor/inf_imply_has_spouse_has_spouse/materialize/run.sh
2016-05-21 15:48:04.448144 : mark_done process/grounding/factor/inf_imply_has_spouse_has_spouse/materialize
2016-05-21 15:48:04.448163 : ##############################################################################
2016-05-21 15:48:04.448214 
2016-05-21 15:48:04.448248 : ## process/ext_spouse_feature_by_extract_spouse_features #####################
2016-05-21 15:48:04.448272 : # Done: 2016-05-20T22:09:52-0700 (17h 38m 10s ago)
2016-05-21 15:48:04.448296 : process/ext_spouse_feature_by_extract_spouse_features/run.sh
2016-05-21 15:48:04.448324 : mark_done process/ext_spouse_feature_by_extract_spouse_features
2016-05-21 15:48:04.448345 : ##############################################################################
2016-05-21 15:48:04.448366 
2016-05-21 15:48:04.448388 : ## data/spouse_feature #######################################################
2016-05-21 15:48:04.448416 : # Done: 2016-05-20T22:09:52-0700 (17h 38m 10s ago)
2016-05-21 15:48:04.448436 : # no-op
2016-05-21 15:48:04.448458 : mark_done data/spouse_feature
2016-05-21 15:48:04.448478 : ##############################################################################
2016-05-21 15:48:04.448497 
2016-05-21 15:48:04.448517 : ## process/grounding/factor/inf_istrue_has_spouse/materialize ################
2016-05-21 15:48:04.448535 : # Done: 2016-05-21T15:47:45-0700 (17s ago)
2016-05-21 15:48:04.448553 : process/grounding/factor/inf_istrue_has_spouse/materialize/run.sh
2016-05-21 15:48:04.448575 : mark_done process/grounding/factor/inf_istrue_has_spouse/materialize
2016-05-21 15:48:04.448595 : ##############################################################################
2016-05-21 15:48:04.448616 
2016-05-21 15:48:04.448637 : ## process/grounding/weight_id_partition #####################################
2016-05-21 15:48:04.448655 : # Done: 2016-05-21T15:47:46-0700 (16s ago)
2016-05-21 15:48:04.448676 : process/grounding/weight_id_partition/run.sh
2016-05-21 15:48:04.448697 : mark_done process/grounding/weight_id_partition
2016-05-21 15:48:04.448717 : ##############################################################################
2016-05-21 15:48:04.448739 
2016-05-21 15:48:04.448757 : ## process/grounding/factor/inf1_imply_has_spouse_has_spouse/assign_weight_id null
2016-05-21 15:48:04.448778 : # Done: 2016-05-21T15:47:46-0700 (16s ago)
2016-05-21 15:48:04.448798 : process/grounding/factor/inf1_imply_has_spouse_has_spouse/assign_weight_id/run.sh
2016-05-21 15:48:04.448818 : mark_done process/grounding/factor/inf1_imply_has_spouse_has_spouse/assign_weight_id
2016-05-21 15:48:04.448838 : ##############################################################################
2016-05-21 15:48:04.448856 
2016-05-21 15:48:04.448877 : ## process/grounding/factor/inf1_imply_has_spouse_has_spouse/dump ############
2016-05-21 15:48:04.448897 : # Done: 2016-05-21T15:47:47-0700 (15s ago)
2016-05-21 15:48:04.448917 : process/grounding/factor/inf1_imply_has_spouse_has_spouse/dump/run.sh
2016-05-21 15:48:04.448945 : mark_done process/grounding/factor/inf1_imply_has_spouse_has_spouse/dump
2016-05-21 15:48:04.448964 : ##############################################################################
2016-05-21 15:48:04.448985 
2016-05-21 15:48:04.449005 : ## process/grounding/factor/inf1_imply_has_spouse_has_spouse/dump_weights ####
2016-05-21 15:48:04.449025 : # Done: 2016-05-21T15:47:48-0700 (14s ago)
2016-05-21 15:48:04.449045 : process/grounding/factor/inf1_imply_has_spouse_has_spouse/dump_weights/run.sh
2016-05-21 15:48:04.449067 : mark_done process/grounding/factor/inf1_imply_has_spouse_has_spouse/dump_weights
2016-05-21 15:48:04.449086 : ##############################################################################
2016-05-21 15:48:04.449107 
2016-05-21 15:48:04.449128 : ## process/grounding/factor/inf_imply_has_spouse_has_spouse/assign_weight_id #
2016-05-21 15:48:04.449148 : # Done: 2016-05-21T15:47:48-0700 (14s ago)
2016-05-21 15:48:04.449167 : process/grounding/factor/inf_imply_has_spouse_has_spouse/assign_weight_id/run.sh
2016-05-21 15:48:04.449187 : mark_done process/grounding/factor/inf_imply_has_spouse_has_spouse/assign_weight_id
2016-05-21 15:48:04.449205 : ##############################################################################
2016-05-21 15:48:04.449226 
2016-05-21 15:48:04.449246 : ## process/grounding/factor/inf_imply_has_spouse_has_spouse/dump #############
2016-05-21 15:48:04.449266 : # Done: 2016-05-21T15:47:49-0700 (13s ago)
2016-05-21 15:48:04.449286 : process/grounding/factor/inf_imply_has_spouse_has_spouse/dump/run.sh
2016-05-21 15:48:04.449305 : mark_done process/grounding/factor/inf_imply_has_spouse_has_spouse/dump
2016-05-21 15:48:04.449323 : ##############################################################################
2016-05-21 15:48:04.449344 
2016-05-21 15:48:04.449365 : ## process/grounding/factor/inf_imply_has_spouse_has_spouse/dump_weights #####
2016-05-21 15:48:04.449385 : # Done: 2016-05-21T15:47:49-0700 (13s ago)
2016-05-21 15:48:04.449405 : process/grounding/factor/inf_imply_has_spouse_has_spouse/dump_weights/run.sh
2016-05-21 15:48:04.449423 : mark_done process/grounding/factor/inf_imply_has_spouse_has_spouse/dump_weights
2016-05-21 15:48:04.449444 : ##############################################################################
2016-05-21 15:48:04.449465 
2016-05-21 15:48:04.449485 : ## process/grounding/factor/inf_istrue_has_spouse/assign_weight_id ###########
2016-05-21 15:48:04.449506 : # Done: 2016-05-21T15:47:49-0700 (13s ago)
2016-05-21 15:48:04.449523 : process/grounding/factor/inf_istrue_has_spouse/assign_weight_id/run.sh
2016-05-21 15:48:04.449544 : mark_done process/grounding/factor/inf_istrue_has_spouse/assign_weight_id
2016-05-21 15:48:04.449564 : ##############################################################################
2016-05-21 15:48:04.449584 
2016-05-21 15:48:04.449604 : ## process/grounding/factor/inf_istrue_has_spouse/dump #######################
2016-05-21 15:48:04.449624 : # Done: 2016-05-21T15:47:51-0700 (11s ago)
2016-05-21 15:48:04.449645 : process/grounding/factor/inf_istrue_has_spouse/dump/run.sh
2016-05-21 15:48:04.449665 : mark_done process/grounding/factor/inf_istrue_has_spouse/dump
2016-05-21 15:48:04.449685 : ##############################################################################
2016-05-21 15:48:04.449705 
2016-05-21 15:48:04.449725 : ## process/grounding/factor/inf_istrue_has_spouse/dump_weights ###############
2016-05-21 15:48:04.449746 : # Done: 2016-05-21T15:47:51-0700 (11s ago)
2016-05-21 15:48:04.449773 : process/grounding/factor/inf_istrue_has_spouse/dump_weights/run.sh
2016-05-21 15:48:04.449794 : mark_done process/grounding/factor/inf_istrue_has_spouse/dump_weights
2016-05-21 15:48:04.449815 : ##############################################################################
2016-05-21 15:48:04.449833 
2016-05-21 15:48:04.449855 : ## process/grounding/global_weight_table #####################################
2016-05-21 15:48:04.449875 : # Done: 2016-05-21T15:47:51-0700 (11s ago)
2016-05-21 15:48:04.449895 : process/grounding/global_weight_table/run.sh
2016-05-21 15:48:04.449915 : mark_done process/grounding/global_weight_table
2016-05-21 15:48:04.449933 : ##############################################################################
2016-05-21 15:48:04.449951 
2016-05-21 15:48:04.449972 : ## process/grounding/variable_holdout ########################################
2016-05-21 15:48:04.449993 : # Done: 2016-05-21T15:47:52-0700 (10s ago)
2016-05-21 15:48:04.450013 : process/grounding/variable_holdout/run.sh
2016-05-21 15:48:04.450033 : mark_done process/grounding/variable_holdout
2016-05-21 15:48:04.450052 : ##############################################################################
2016-05-21 15:48:04.450070 
2016-05-21 15:48:04.450091 : ## process/grounding/variable/has_spouse/dump ################################
2016-05-21 15:48:04.450112 : # Done: 2016-05-21T15:47:52-0700 (10s ago)
2016-05-21 15:48:04.450132 : process/grounding/variable/has_spouse/dump/run.sh
2016-05-21 15:48:04.450152 : mark_done process/grounding/variable/has_spouse/dump
2016-05-21 15:48:04.450170 : ##############################################################################
2016-05-21 15:48:04.450188 
2016-05-21 15:48:04.450209 : ## process/grounding/combine_factorgraph #####################################
2016-05-21 15:48:04.450231 : # Done: 2016-05-21T15:47:53-0700 (9s ago)
2016-05-21 15:48:04.450250 : process/grounding/combine_factorgraph/run.sh
2016-05-21 15:48:04.450270 : mark_done process/grounding/combine_factorgraph
2016-05-21 15:48:04.450290 : ##############################################################################
2016-05-21 15:48:04.450309 
2016-05-21 15:48:04.450330 : ## model/factorgraph #########################################################
2016-05-21 15:48:04.450350 : # Done: 2016-05-21T15:47:53-0700 (9s ago)
2016-05-21 15:48:04.450371 : mark_done model/factorgraph
2016-05-21 15:48:04.450391 : ##############################################################################
2016-05-21 15:48:04.450409 
2016-05-21 15:48:04.450427 : ## process/model/learning ####################################################
2016-05-21 15:48:04.450448 : # Done: 2016-05-21T15:47:53-0700 (9s ago)
2016-05-21 15:48:04.450469 : process/model/learning/run.sh
2016-05-21 15:48:04.450497 : mark_done process/model/learning
2016-05-21 15:48:04.450518 : ##############################################################################
2016-05-21 15:48:04.450536 
2016-05-21 15:48:04.450557 : ## model/weights #############################################################
2016-05-21 15:48:04.450578 : # Done: 2016-05-21T15:47:53-0700 (9s ago)
2016-05-21 15:48:04.450599 : mark_done model/weights
2016-05-21 15:48:04.450620 : ##############################################################################
2016-05-21 15:48:04.450637 
2016-05-21 15:48:04.450656 : ## process/model/inference ###################################################
2016-05-21 15:48:04.450676 : # Done: 2016-05-21T15:47:53-0700 (9s ago)
2016-05-21 15:48:04.450696 : process/model/inference/run.sh
2016-05-21 15:48:04.450716 : mark_done process/model/inference
2016-05-21 15:48:04.450734 : ##############################################################################
2016-05-21 15:48:04.450752 
2016-05-21 15:48:04.450773 : ## model/probabilities #######################################################
2016-05-21 15:48:04.450794 : # Done: 2016-05-21T15:47:53-0700 (9s ago)
2016-05-21 15:48:04.450815 : mark_done model/probabilities
2016-05-21 15:48:04.450837 : ##############################################################################
2016-05-21 15:48:04.450854 
2016-05-21 15:48:04.450872 : ## process/model/load_probabilities ##########################################
2016-05-21 15:48:04.450893 : # Done: 2016-05-21T15:47:54-0700 (8s ago)
2016-05-21 15:48:04.450914 : process/model/load_probabilities/run.sh
2016-05-21 15:48:04.450933 : mark_done process/model/load_probabilities
2016-05-21 15:48:04.450954 : ##############################################################################
2016-05-21 15:48:04.450971 
2016-05-21 15:48:04.450992 : ## data/model/probabilities ##################################################
2016-05-21 15:48:04.451013 : # Done: 2016-05-21T15:47:54-0700 (8s ago)
2016-05-21 15:48:04.451034 : # no-op
2016-05-21 15:48:04.451053 : mark_done data/model/probabilities
2016-05-21 15:48:04.451072 : ##############################################################################
2016-05-21 15:48:04.451093 
2016-05-21 15:48:04.451113 ## process/model/calibration #################################################
2016-05-21 15:48:04.451134 : # Done: 2016-05-20T15:47:44-0700 (1d 18s ago)
2016-05-21 15:48:04.451154 # Done: 2016-05-20T15:47:44-0700 (1d 17s ago)
2016-05-21 15:48:04.451172 process/model/calibration/run.sh
2016-05-21 15:48:04.451193 ++ dirname process/model/calibration/run.sh
2016-05-21 15:48:04.451214 + cd process/model/calibration
2016-05-21 15:48:04.451234 + export DEEPDIVE_CURRENT_PROCESS_NAME=process/model/calibration
2016-05-21 15:48:04.451255 + DEEPDIVE_CURRENT_PROCESS_NAME=process/model/calibration
2016-05-21 15:48:04.451273 + d=../../../model/calibration-plots
2016-05-21 15:48:04.451293 + mkdir -p ../../../model/calibration-plots
2016-05-21 15:48:04.451312 + cd ../../../model/calibration-plots
2016-05-21 15:48:04.451332 + extraOutput=/Users/emerson/Documents/Github/deepdive/examples/Coach_NBA/run/20160521/154801.587840000/calibration
2016-05-21 15:48:04.451353 + mkdir -p /Users/emerson/Documents/Github/deepdive/examples/Coach_NBA/run/20160521/154801.587840000/calibration
2016-05-21 15:48:04.451375 + DEEPDIVE_CALIBRATION_NUM_BUCKETS=10
2016-05-21 15:48:04.451397 + deepdive db create_calibration_view has_spouse label
2016-05-21 15:48:04.605408 CREATE VIEW
2016-05-21 15:48:04.606793 + draw_calibration_plot has_spouse label
2016-05-21 15:48:04.985482 Warning: empty y range [0:0], adjusting to [-1:1]
2016-05-21 15:48:05.015506 + cp -a has_spouse_label.png has_spouse_label.tsv /Users/emerson/Documents/Github/deepdive/examples/Coach_NBA/run/20160521/154801.587840000/calibration/
2016-05-21 15:48:05.049011 mark_done process/model/calibration
2016-05-21 15:48:05.068156 ##############################################################################
2016-05-21 15:48:05.068225 
2016-05-21 15:48:05.068258 ## model/calibration-plots ###################################################
2016-05-21 15:48:05.068282 : # Done: 2016-05-20T15:47:43-0700 (1d 19s ago)
2016-05-21 15:48:05.068302 # Done: 2016-05-20T15:47:43-0700 (1d 18s ago)
2016-05-21 15:48:05.068322 mark_done model/calibration-plots
2016-05-21 15:48:05.091636 ##############################################################################
2016-05-21 15:48:05.091718 
