2016-05-22 15:50:40.836913 # on eduroam-169-233-210-202.ucsc.edu: deepdive do has_spouse
2016-05-22 15:50:40.837206 # run/20160522/155038.222586000/plan.sh
2016-05-22 15:50:40.837229 # execution plan for data/has_spouse
2016-05-22 15:50:40.837249 
2016-05-22 15:50:40.837271 : ## process/init/app ##########################################################
2016-05-22 15:50:40.837290 : # Done: 2016-05-22T11:25:05-0700 (4h 25m 33s ago)
2016-05-22 15:50:40.837308 : process/init/app/run.sh
2016-05-22 15:50:40.837328 : mark_done process/init/app
2016-05-22 15:50:40.837346 : ##############################################################################
2016-05-22 15:50:40.837366 
2016-05-22 15:50:40.837385 : ## process/init/relation/articles ############################################
2016-05-22 15:50:40.837403 : # Done: 2016-05-22T11:55:52-0700 (3h 54m 46s ago)
2016-05-22 15:50:40.837421 : process/init/relation/articles/run.sh
2016-05-22 15:50:40.837439 : mark_done process/init/relation/articles
2016-05-22 15:50:40.837457 : ##############################################################################
2016-05-22 15:50:40.837475 
2016-05-22 15:50:40.837493 : ## data/articles #############################################################
2016-05-22 15:50:40.837515 : # Done: 2016-05-22T11:55:52-0700 (3h 54m 46s ago)
2016-05-22 15:50:40.837557 : # no-op
2016-05-22 15:50:40.837631 : mark_done data/articles
2016-05-22 15:50:40.837658 : ##############################################################################
2016-05-22 15:50:40.837678 
2016-05-22 15:50:40.837700 : ## process/ext_sentences_by_nlp_markup #######################################
2016-05-22 15:50:40.837720 : # Done: 2016-05-22T11:57:59-0700 (3h 52m 39s ago)
2016-05-22 15:50:40.837742 : process/ext_sentences_by_nlp_markup/run.sh
2016-05-22 15:50:40.837762 : mark_done process/ext_sentences_by_nlp_markup
2016-05-22 15:50:40.837781 : ##############################################################################
2016-05-22 15:50:40.837799 
2016-05-22 15:50:40.837820 : ## data/sentences ############################################################
2016-05-22 15:50:40.837839 : # Done: 2016-05-22T11:57:59-0700 (3h 52m 39s ago)
2016-05-22 15:50:40.837856 : # no-op
2016-05-22 15:50:40.837874 : mark_done data/sentences
2016-05-22 15:50:40.837896 : ##############################################################################
2016-05-22 15:50:40.837915 
2016-05-22 15:50:40.837934 : ## process/ext_person_mention_by_map_person_mention ##########################
2016-05-22 15:50:40.837953 : # Done: 2016-05-22T12:13:47-0700 (3h 36m 51s ago)
2016-05-22 15:50:40.837972 : process/ext_person_mention_by_map_person_mention/run.sh
2016-05-22 15:50:40.837989 : mark_done process/ext_person_mention_by_map_person_mention
2016-05-22 15:50:40.838007 : ##############################################################################
2016-05-22 15:50:40.838026 
2016-05-22 15:50:40.838045 : ## data/person_mention #######################################################
2016-05-22 15:50:40.838065 : # Done: 2016-05-22T12:13:47-0700 (3h 36m 51s ago)
2016-05-22 15:50:40.838085 : # no-op
2016-05-22 15:50:40.838106 : mark_done data/person_mention
2016-05-22 15:50:40.838126 : ##############################################################################
2016-05-22 15:50:40.838147 
2016-05-22 15:50:40.838167 : ## process/ext_num_people ####################################################
2016-05-22 15:50:40.838188 : # Done: 2016-05-22T12:14:33-0700 (3h 36m 5s ago)
2016-05-22 15:50:40.838208 : process/ext_num_people/run.sh
2016-05-22 15:50:40.838229 : mark_done process/ext_num_people
2016-05-22 15:50:40.838265 : ##############################################################################
2016-05-22 15:50:40.838289 
2016-05-22 15:50:40.838311 : ## data/num_people ###########################################################
2016-05-22 15:50:40.838333 : # Done: 2016-05-22T12:14:33-0700 (3h 36m 5s ago)
2016-05-22 15:50:40.838352 : # no-op
2016-05-22 15:50:40.838373 : mark_done data/num_people
2016-05-22 15:50:40.838394 : ##############################################################################
2016-05-22 15:50:40.838416 
2016-05-22 15:50:40.838436 : ## process/ext_team_mention_by_map_team_mention ##############################
2016-05-22 15:50:40.838458 : # Done: 2016-05-22T12:14:14-0700 (3h 36m 24s ago)
2016-05-22 15:50:40.838479 : process/ext_team_mention_by_map_team_mention/run.sh
2016-05-22 15:50:40.838499 : mark_done process/ext_team_mention_by_map_team_mention
2016-05-22 15:50:40.838520 : ##############################################################################
2016-05-22 15:50:40.838541 
2016-05-22 15:50:40.838563 : ## data/team_mention #########################################################
2016-05-22 15:50:40.838584 : # Done: 2016-05-22T12:14:14-0700 (3h 36m 24s ago)
2016-05-22 15:50:40.838603 : # no-op
2016-05-22 15:50:40.838621 : mark_done data/team_mention
2016-05-22 15:50:40.838639 : ##############################################################################
2016-05-22 15:50:40.838727 
2016-05-22 15:50:40.838750 : ## process/ext_spouse_candidate ##############################################
2016-05-22 15:50:40.838768 : # Done: 2016-05-22T12:14:34-0700 (3h 36m 4s ago)
2016-05-22 15:50:40.838789 : process/ext_spouse_candidate/run.sh
2016-05-22 15:50:40.838809 : mark_done process/ext_spouse_candidate
2016-05-22 15:50:40.838830 : ##############################################################################
2016-05-22 15:50:40.838850 
2016-05-22 15:50:40.838870 : ## data/spouse_candidate #####################################################
2016-05-22 15:50:40.838891 : # Done: 2016-05-22T12:14:34-0700 (3h 36m 4s ago)
2016-05-22 15:50:40.838910 : # no-op
2016-05-22 15:50:40.838962 : mark_done data/spouse_candidate
2016-05-22 15:50:40.838986 : ##############################################################################
2016-05-22 15:50:40.839009 
2016-05-22 15:50:40.839031 : ## process/ext_spouse_label__0_by_supervise ##################################
2016-05-22 15:50:40.839052 : # Done: 2016-05-22T12:28:31-0700 (3h 22m 7s ago)
2016-05-22 15:50:40.839071 : process/ext_spouse_label__0_by_supervise/run.sh
2016-05-22 15:50:40.839090 : mark_done process/ext_spouse_label__0_by_supervise
2016-05-22 15:50:40.839111 : ##############################################################################
2016-05-22 15:50:40.839131 
2016-05-22 15:50:40.839149 : ## data/spouse_label__0 ######################################################
2016-05-22 15:50:40.839166 : # Done: 2016-05-22T12:28:31-0700 (3h 22m 7s ago)
2016-05-22 15:50:40.839184 : # no-op
2016-05-22 15:50:40.839204 : mark_done data/spouse_label__0
2016-05-22 15:50:40.839224 : ##############################################################################
2016-05-22 15:50:40.839243 
2016-05-22 15:50:40.839262 : ## process/init/relation/spouses_dbpedia #####################################
2016-05-22 15:50:40.839281 : # Done: 2016-05-22T15:50:19-0700 (19s ago)
2016-05-22 15:50:40.839300 : process/init/relation/spouses_dbpedia/run.sh
2016-05-22 15:50:40.839317 : mark_done process/init/relation/spouses_dbpedia
2016-05-22 15:50:40.839335 : ##############################################################################
2016-05-22 15:50:40.839353 
2016-05-22 15:50:40.839373 : ## data/spouses_dbpedia ######################################################
2016-05-22 15:50:40.839392 : # Done: 2016-05-22T15:50:19-0700 (19s ago)
2016-05-22 15:50:40.839411 : # no-op
2016-05-22 15:50:40.839430 : mark_done data/spouses_dbpedia
2016-05-22 15:50:40.839448 : ##############################################################################
2016-05-22 15:50:40.839466 
2016-05-22 15:50:40.839484 ## process/ext_spouse_label ##################################################
2016-05-22 15:50:40.839504 # Done: 2016-05-22T12:30:54-0700 (3h 19m 44s ago)
2016-05-22 15:50:40.839523 process/ext_spouse_label/run.sh
2016-05-22 15:50:40.839542 ++ dirname process/ext_spouse_label/run.sh
2016-05-22 15:50:40.839560 + cd process/ext_spouse_label
2016-05-22 15:50:40.839580 + export DEEPDIVE_CURRENT_PROCESS_NAME=process/ext_spouse_label
2016-05-22 15:50:40.839598 + DEEPDIVE_CURRENT_PROCESS_NAME=process/ext_spouse_label
2016-05-22 15:50:40.839616 + deepdive create table spouse_label
2016-05-22 15:50:40.942645 NOTICE:  drop cascades to view spouse_label_resolved
2016-05-22 15:50:40.964652 CREATE TABLE
2016-05-22 15:50:40.965943 + deepdive sql 'INSERT INTO spouse_label SELECT R0.p_id AS "spouse_candidate.R0.p_id", R0.t_id AS "spouse_candidate.R0.t_id", 0 AS column_2, NULL AS column_3
2016-05-22 15:50:40.966019 FROM spouse_candidate R0
2016-05-22 15:50:40.966104         
2016-05-22 15:50:40.966131 UNION ALL
2016-05-22 15:50:40.966191 SELECT R0.p_id AS "spouse_candidate.R0.p_id", R0.t_id AS "spouse_candidate.R0.t_id", 1 AS column_2, '\''from_dbpedia'\'' AS column_3
2016-05-22 15:50:40.966225 FROM spouse_candidate R0, spouses_dbpedia R1
2016-05-22 15:50:40.966249         WHERE ((lower(R1.p_name) = lower(R0.p_name) AND lower(R1.t_name) = lower(R0.p_name)) OR (lower(R1.t_name) = lower(R0.t_name) AND lower(R1.p_name) = lower(R0.t_name)))
2016-05-22 15:50:40.966274 UNION ALL
2016-05-22 15:50:40.966299 SELECT R0.p_id AS "spouse_label__0.R0.p_id", R0.t_id AS "spouse_label__0.R0.t_id", R0.label AS "spouse_label__0.R0.label", R0.rule_id AS "spouse_label__0.R0.rule_id"
2016-05-22 15:50:40.966326 FROM spouse_label__0 R0
2016-05-22 15:50:40.966348         '
2016-05-22 15:50:41.096420 INSERT 0 131
2016-05-22 15:50:41.097706 mark_done process/ext_spouse_label
2016-05-22 15:50:41.113849 ##############################################################################
2016-05-22 15:50:41.113920 
2016-05-22 15:50:41.113948 ## data/spouse_label #########################################################
2016-05-22 15:50:41.113970 # Done: 2016-05-22T12:30:54-0700 (3h 19m 44s ago)
2016-05-22 15:50:41.113993 # no-op
2016-05-22 15:50:41.114016 mark_done data/spouse_label
2016-05-22 15:50:41.134320 ##############################################################################
2016-05-22 15:50:41.134430 
2016-05-22 15:50:41.134460 ## process/ext_spouse_label_resolved #########################################
2016-05-22 15:50:41.134479 # Done: 2016-05-22T12:30:54-0700 (3h 19m 44s ago)
2016-05-22 15:50:41.134501 process/ext_spouse_label_resolved/run.sh
2016-05-22 15:50:41.143812 ++ dirname process/ext_spouse_label_resolved/run.sh
2016-05-22 15:50:41.148391 + cd process/ext_spouse_label_resolved
2016-05-22 15:50:41.148602 + export DEEPDIVE_CURRENT_PROCESS_NAME=process/ext_spouse_label_resolved
2016-05-22 15:50:41.148729 + DEEPDIVE_CURRENT_PROCESS_NAME=process/ext_spouse_label_resolved
2016-05-22 15:50:41.148797 + deepdive create view spouse_label_resolved as 'SELECT R0.p_id AS column_0, R0.t_id AS column_1, SUM(R0.label) AS column_2
2016-05-22 15:50:41.148880 FROM spouse_label R0
2016-05-22 15:50:41.148930         
2016-05-22 15:50:41.148984         GROUP BY R0.p_id, R0.t_id'
2016-05-22 15:50:41.291467 CREATE VIEW
2016-05-22 15:50:41.292740 mark_done process/ext_spouse_label_resolved
2016-05-22 15:50:41.308366 ##############################################################################
2016-05-22 15:50:41.308416 
2016-05-22 15:50:41.308432 ## data/spouse_label_resolved ################################################
2016-05-22 15:50:41.308452 # Done: 2016-05-22T12:30:54-0700 (3h 19m 44s ago)
2016-05-22 15:50:41.308473 # no-op
2016-05-22 15:50:41.308528 mark_done data/spouse_label_resolved
2016-05-22 15:50:41.323869 ##############################################################################
2016-05-22 15:50:41.323943 
2016-05-22 15:50:41.323968 ## process/ext_has_spouse ####################################################
2016-05-22 15:50:41.323991 # Done: 2016-05-22T12:30:54-0700 (3h 19m 44s ago)
2016-05-22 15:50:41.324037 process/ext_has_spouse/run.sh
2016-05-22 15:50:41.335669 ++ dirname process/ext_has_spouse/run.sh
2016-05-22 15:50:41.340252 + cd process/ext_has_spouse
2016-05-22 15:50:41.340328 + export DEEPDIVE_CURRENT_PROCESS_NAME=process/ext_has_spouse
2016-05-22 15:50:41.340374 + DEEPDIVE_CURRENT_PROCESS_NAME=process/ext_has_spouse
2016-05-22 15:50:41.340401 + deepdive create table has_spouse
2016-05-22 15:50:41.471098 NOTICE:  drop cascades to 2 other objects
2016-05-22 15:50:41.471146 DETAIL:  drop cascades to view has_spouse_label_inference
2016-05-22 15:50:41.471160 drop cascades to view has_spouse_label_calibration
2016-05-22 15:50:41.509352 CREATE TABLE
2016-05-22 15:50:41.511958 + deepdive sql 'INSERT INTO has_spouse SELECT DISTINCT R0.column_0, R0.column_1, 0 AS id, 
2016-05-22 15:50:41.512028 CASE WHEN R0.column_2 > 0 THEN true
2016-05-22 15:50:41.512055      WHEN R0.column_2 < 0 THEN false
2016-05-22 15:50:41.512078      ELSE NULL
2016-05-22 15:50:41.512107 END AS label
2016-05-22 15:50:41.512127           FROM spouse_label_resolved R0
2016-05-22 15:50:41.512147         
2016-05-22 15:50:41.512165           '
2016-05-22 15:50:41.602622 INSERT 0 103
2016-05-22 15:50:41.604104 mark_done process/ext_has_spouse
2016-05-22 15:50:41.621308 ##############################################################################
2016-05-22 15:50:41.621391 
2016-05-22 15:50:41.621428 ## data/has_spouse ###########################################################
2016-05-22 15:50:41.621476 # Done: 2016-05-22T12:30:54-0700 (3h 19m 44s ago)
2016-05-22 15:50:41.621500 # no-op
2016-05-22 15:50:41.621519 mark_done data/has_spouse
2016-05-22 15:50:41.642171 ##############################################################################
2016-05-22 15:50:41.642247 
