2016-05-22 12:28:30.785220 # on eduroam-169-233-210-202.ucsc.edu: deepdive do has_spouse
2016-05-22 12:28:30.785546 # run/20160522/122828.631527000/plan.sh
2016-05-22 12:28:30.785578 # execution plan for data/has_spouse
2016-05-22 12:28:30.785601 
2016-05-22 12:28:30.785623 : ## process/init/app ##########################################################
2016-05-22 12:28:30.785642 : # Done: 2016-05-22T11:25:05-0700 (1h 3m 23s ago)
2016-05-22 12:28:30.785661 : process/init/app/run.sh
2016-05-22 12:28:30.785679 : mark_done process/init/app
2016-05-22 12:28:30.785696 : ##############################################################################
2016-05-22 12:28:30.785713 
2016-05-22 12:28:30.785732 : ## process/init/relation/articles ############################################
2016-05-22 12:28:30.785776 : # Done: 2016-05-22T11:55:52-0700 (32m 36s ago)
2016-05-22 12:28:30.785809 : process/init/relation/articles/run.sh
2016-05-22 12:28:30.785832 : mark_done process/init/relation/articles
2016-05-22 12:28:30.785852 : ##############################################################################
2016-05-22 12:28:30.785869 
2016-05-22 12:28:30.785886 : ## data/articles #############################################################
2016-05-22 12:28:30.785903 : # Done: 2016-05-22T11:55:52-0700 (32m 36s ago)
2016-05-22 12:28:30.785920 : # no-op
2016-05-22 12:28:30.785937 : mark_done data/articles
2016-05-22 12:28:30.785954 : ##############################################################################
2016-05-22 12:28:30.785970 
2016-05-22 12:28:30.785986 : ## process/ext_sentences_by_nlp_markup #######################################
2016-05-22 12:28:30.786003 : # Done: 2016-05-22T11:57:59-0700 (30m 29s ago)
2016-05-22 12:28:30.786020 : process/ext_sentences_by_nlp_markup/run.sh
2016-05-22 12:28:30.786037 : mark_done process/ext_sentences_by_nlp_markup
2016-05-22 12:28:30.786057 : ##############################################################################
2016-05-22 12:28:30.786075 
2016-05-22 12:28:30.786093 : ## data/sentences ############################################################
2016-05-22 12:28:30.786111 : # Done: 2016-05-22T11:57:59-0700 (30m 29s ago)
2016-05-22 12:28:30.786129 : # no-op
2016-05-22 12:28:30.786147 : mark_done data/sentences
2016-05-22 12:28:30.786165 : ##############################################################################
2016-05-22 12:28:30.786183 
2016-05-22 12:28:30.786201 : ## process/ext_person_mention_by_map_person_mention ##########################
2016-05-22 12:28:30.786219 : # Done: 2016-05-22T12:13:47-0700 (14m 42s ago)
2016-05-22 12:28:30.786239 : process/ext_person_mention_by_map_person_mention/run.sh
2016-05-22 12:28:30.786259 : mark_done process/ext_person_mention_by_map_person_mention
2016-05-22 12:28:30.786279 : ##############################################################################
2016-05-22 12:28:30.786298 
2016-05-22 12:28:30.786318 : ## data/person_mention #######################################################
2016-05-22 12:28:30.786337 : # Done: 2016-05-22T12:13:47-0700 (14m 42s ago)
2016-05-22 12:28:30.786357 : # no-op
2016-05-22 12:28:30.786423 : mark_done data/person_mention
2016-05-22 12:28:30.786445 : ##############################################################################
2016-05-22 12:28:30.786465 
2016-05-22 12:28:30.786483 : ## process/ext_num_people ####################################################
2016-05-22 12:28:30.786503 : # Done: 2016-05-22T12:14:33-0700 (13m 56s ago)
2016-05-22 12:28:30.786523 : process/ext_num_people/run.sh
2016-05-22 12:28:30.786542 : mark_done process/ext_num_people
2016-05-22 12:28:30.786560 : ##############################################################################
2016-05-22 12:28:30.786579 
2016-05-22 12:28:30.786626 : ## data/num_people ###########################################################
2016-05-22 12:28:30.786647 : # Done: 2016-05-22T12:14:33-0700 (13m 56s ago)
2016-05-22 12:28:30.786666 : # no-op
2016-05-22 12:28:30.786686 : mark_done data/num_people
2016-05-22 12:28:30.786705 : ##############################################################################
2016-05-22 12:28:30.786724 
2016-05-22 12:28:30.786744 : ## process/ext_team_mention_by_map_team_mention ##############################
2016-05-22 12:28:30.786763 : # Done: 2016-05-22T12:14:14-0700 (14m 15s ago)
2016-05-22 12:28:30.786782 : process/ext_team_mention_by_map_team_mention/run.sh
2016-05-22 12:28:30.786801 : mark_done process/ext_team_mention_by_map_team_mention
2016-05-22 12:28:30.786821 : ##############################################################################
2016-05-22 12:28:30.786840 
2016-05-22 12:28:30.786860 : ## data/team_mention #########################################################
2016-05-22 12:28:30.786879 : # Done: 2016-05-22T12:14:14-0700 (14m 15s ago)
2016-05-22 12:28:30.786928 : # no-op
2016-05-22 12:28:30.786950 : mark_done data/team_mention
2016-05-22 12:28:30.786968 : ##############################################################################
2016-05-22 12:28:30.786985 
2016-05-22 12:28:30.787004 : ## process/ext_spouse_candidate ##############################################
2016-05-22 12:28:30.787028 : # Done: 2016-05-22T12:14:34-0700 (13m 55s ago)
2016-05-22 12:28:30.787050 : process/ext_spouse_candidate/run.sh
2016-05-22 12:28:30.787069 : mark_done process/ext_spouse_candidate
2016-05-22 12:28:30.787088 : ##############################################################################
2016-05-22 12:28:30.787107 
2016-05-22 12:28:30.787128 : ## data/spouse_candidate #####################################################
2016-05-22 12:28:30.787149 : # Done: 2016-05-22T12:14:34-0700 (13m 55s ago)
2016-05-22 12:28:30.787168 : # no-op
2016-05-22 12:28:30.787186 : mark_done data/spouse_candidate
2016-05-22 12:28:30.787204 : ##############################################################################
2016-05-22 12:28:30.787221 
2016-05-22 12:28:30.787240 ## process/ext_spouse_label__0_by_supervise ##################################
2016-05-22 12:28:30.787258 : # Done: 2016-05-22T11:26:28-0700 (1h 2m 1s ago)
2016-05-22 12:28:30.787277 # Done: 2016-05-22T11:26:28-0700 (1h 2m ago)
2016-05-22 12:28:30.787296 process/ext_spouse_label__0_by_supervise/run.sh
2016-05-22 12:28:30.787315 ++ dirname process/ext_spouse_label__0_by_supervise/run.sh
2016-05-22 12:28:30.787333 + cd process/ext_spouse_label__0_by_supervise
2016-05-22 12:28:30.787353 + export DEEPDIVE_CURRENT_PROCESS_NAME=process/ext_spouse_label__0_by_supervise
2016-05-22 12:28:30.787372 + DEEPDIVE_CURRENT_PROCESS_NAME=process/ext_spouse_label__0_by_supervise
2016-05-22 12:28:30.787391 + export DEEPDIVE_LOAD_FORMAT=tsv
2016-05-22 12:28:30.787410 + DEEPDIVE_LOAD_FORMAT=tsv
2016-05-22 12:28:30.787432 + deepdive compute execute 'input_sql= SELECT R0.p_id AS "spouse_candidate.R0.p_id", R1.begin_index AS "person_mention.R1.begin_index", R1.end_index AS "person_mention.R1.end_index", R0.t_id AS "spouse_candidate.R0.t_id", R2.begin_index AS "team_mention.R2.begin_index", R2.end_index AS "team_mention.R2.end_index", R1.doc_id AS "person_mention.R1.doc_id", R1.sentence_index AS "person_mention.R1.sentence_index", R3.sentence_text AS "sentences.R3.sentence_text", R3.tokens AS "sentences.R3.tokens", R3.lemmas AS "sentences.R3.lemmas", R3.pos_tags AS "sentences.R3.pos_tags", R3.ner_tags AS "sentences.R3.ner_tags", R3.dep_types AS "sentences.R3.dep_types", R3.dep_tokens AS "sentences.R3.dep_tokens"
2016-05-22 12:28:30.787454 FROM spouse_candidate R0, person_mention R1, team_mention R2, sentences R3
2016-05-22 12:28:30.787473         WHERE R1.mention_id = R0.p_id  AND R2.team_id = R0.t_id  AND R3.doc_id = R1.doc_id  AND R3.sentence_index = R1.sentence_index 
2016-05-22 12:28:30.787490           ' 'command="$DEEPDIVE_APP"/udf/supervise_spouse.py' output_relation=spouse_label__0
2016-05-22 12:28:30.848755 Executing with the following configuration:
2016-05-22 12:28:30.848828  DEEPDIVE_NUM_PROCESSES=3
2016-05-22 12:28:30.848851  DEEPDIVE_NUM_PARALLEL_UNLOADS=1
2016-05-22 12:28:30.848871  DEEPDIVE_NUM_PARALLEL_LOADS=1
2016-05-22 12:28:30.849034  output_relation_tmp=dd_tmp_spouse_label__0
2016-05-22 12:28:30.849080 
2016-05-22 12:28:31.028962 CREATE TABLE
2016-05-22 12:28:31.127238 CREATE TABLE
2016-05-22 12:28:31.316706 unloading to feed_processes-1: ' SELECT R0.p_id AS "spouse_candidate.R0.p_id", R1.begin_index AS "person_mention.R1.begin_index", R1.end_index AS "person_mention.R1.end_index", R0.t_id AS "spouse_candidate.R0.t_id", R2.begin_index AS "team_mention.R2.begin_index", R2.end_index AS "team_mention.R2.end_index", R1.doc_id AS "person_mention.R1.doc_id", R1.sentence_index AS "person_mention.R1.sentence_index", R3.sentence_text AS "sentences.R3.sentence_text", R3.tokens AS "sentences.R3.tokens", R3.lemmas AS "sentences.R3.lemmas", R3.pos_tags AS "sentences.R3.pos_tags", R3.ner_tags AS "sentences.R3.ner_tags", R3.dep_types AS "sentences.R3.dep_types", R3.dep_tokens AS "sentences.R3.dep_tokens"
2016-05-22 12:28:31.316778 FROM spouse_candidate R0, person_mention R1, team_mention R2, sentences R3
2016-05-22 12:28:31.316852         WHERE R1.mention_id = R0.p_id  AND R2.team_id = R0.t_id  AND R3.doc_id = R1.doc_id  AND R3.sentence_index = R1.sentence_index 
2016-05-22 12:28:31.316879           '
2016-05-22 12:28:31.356382 Loading dd_tmp_spouse_label__0 from output_computed-1 (tsv format)
2016-05-22 12:28:31.591746 COPY 28
2016-05-22 12:28:31.599547 Replacing spouse_label__0 with dd_tmp_spouse_label__0
2016-05-22 12:28:31.674302 DROP TABLE
2016-05-22 12:28:31.750758 ALTER TABLE
2016-05-22 12:28:31.832463 ALTER TABLE
2016-05-22 12:28:31.909538 DROP TABLE
2016-05-22 12:28:31.940963 ANALYZE
2016-05-22 12:28:31.950693 mark_done process/ext_spouse_label__0_by_supervise
2016-05-22 12:28:31.978031 ##############################################################################
2016-05-22 12:28:31.978086 
2016-05-22 12:28:31.978106 ## data/spouse_label__0 ######################################################
2016-05-22 12:28:31.978128 : # Done: 2016-05-22T11:26:28-0700 (1h 2m 1s ago)
2016-05-22 12:28:31.978149 # Done: 2016-05-22T11:26:28-0700 (1h 2m ago)
2016-05-22 12:28:31.978185 # no-op
2016-05-22 12:28:31.978264 mark_done data/spouse_label__0
2016-05-22 12:28:31.998113 ##############################################################################
2016-05-22 12:28:31.998227 
2016-05-22 12:28:31.998264 : ## process/init/relation/spouses_dbpedia #####################################
2016-05-22 12:28:31.998292 : # Done: 2016-05-22T12:18:22-0700 (10m 7s ago)
2016-05-22 12:28:31.998315 : process/init/relation/spouses_dbpedia/run.sh
2016-05-22 12:28:31.998338 : mark_done process/init/relation/spouses_dbpedia
2016-05-22 12:28:31.998359 : ##############################################################################
2016-05-22 12:28:31.998383 
2016-05-22 12:28:31.998403 : ## data/spouses_dbpedia ######################################################
2016-05-22 12:28:31.998422 : # Done: 2016-05-22T12:18:22-0700 (10m 7s ago)
2016-05-22 12:28:31.998440 : # no-op
2016-05-22 12:28:31.998458 : mark_done data/spouses_dbpedia
2016-05-22 12:28:31.998477 : ##############################################################################
2016-05-22 12:28:31.998620 
2016-05-22 12:28:31.998660 ## process/ext_spouse_label ##################################################
2016-05-22 12:28:31.998682 : # Done: 2016-05-21T15:28:40-0700 (20h 59m 49s ago)
2016-05-22 12:28:31.998703 # Done: 2016-05-21T15:28:40-0700 (20h 59m 48s ago)
2016-05-22 12:28:31.998721 process/ext_spouse_label/run.sh
2016-05-22 12:28:32.007744 ++ dirname process/ext_spouse_label/run.sh
2016-05-22 12:28:32.011399 + cd process/ext_spouse_label
2016-05-22 12:28:32.011568 + export DEEPDIVE_CURRENT_PROCESS_NAME=process/ext_spouse_label
2016-05-22 12:28:32.011622 + DEEPDIVE_CURRENT_PROCESS_NAME=process/ext_spouse_label
2016-05-22 12:28:32.011652 + deepdive create table spouse_label
2016-05-22 12:28:32.148071 CREATE TABLE
2016-05-22 12:28:32.149236 + deepdive sql 'INSERT INTO spouse_label SELECT R0.p_id AS "spouse_candidate.R0.p_id", R0.t_id AS "spouse_candidate.R0.t_id", 0 AS column_2, NULL AS column_3
2016-05-22 12:28:32.149305 FROM spouse_candidate R0
2016-05-22 12:28:32.149327         
2016-05-22 12:28:32.149348 UNION ALL
2016-05-22 12:28:32.149369 SELECT R0.p_id AS "spouse_candidate.R0.p_id", R0.t_id AS "spouse_candidate.R0.t_id", 1 AS column_2, '\''from_dbpedia'\'' AS column_3
2016-05-22 12:28:32.149418 FROM spouse_candidate R0, spouses_dbpedia R1
2016-05-22 12:28:32.149452         WHERE ((lower(R1.p) = lower(R0.p_name) AND lower(R1.t) = lower(R0.p_name)) OR (lower(R1.t) = lower(R0.t_name) AND lower(R1.p) = lower(R0.t_name)))
2016-05-22 12:28:32.149473 UNION ALL
2016-05-22 12:28:32.149493 SELECT R0.p_id AS "spouse_label__0.R0.p_id", R0.t_id AS "spouse_label__0.R0.t_id", R0.label AS "spouse_label__0.R0.label", R0.rule_id AS "spouse_label__0.R0.rule_id"
2016-05-22 12:28:32.149513 FROM spouse_label__0 R0
2016-05-22 12:28:32.149532         '
2016-05-22 12:28:32.230265 ERROR:  column r1.p does not exist
2016-05-22 12:28:32.230333 LINE 7:         WHERE ((lower(R1.p) = lower(R0.p_name) AND lower(R1....
2016-05-22 12:28:32.230382                               ^
