2016-06-02 22:17:16.024752 # on dhcp-169-233-187-63.cruznet.ucsc.edu: deepdive do probabilities
2016-06-02 22:17:16.025211 # run/20160602/221713.525533000/plan.sh
2016-06-02 22:17:16.025247 # execution plan for data/model/probabilities
2016-06-02 22:17:16.025269 
2016-06-02 22:17:16.025290 : ## process/init/app ##########################################################
2016-06-02 22:17:16.025309 : # Done: 2016-05-22T17:21:25-0700 (11d 4h 55m 48s ago)
2016-06-02 22:17:16.025327 : process/init/app/run.sh
2016-06-02 22:17:16.025345 : mark_done process/init/app
2016-06-02 22:17:16.025366 : ##############################################################################
2016-06-02 22:17:16.025385 
2016-06-02 22:17:16.025403 : ## process/init/relation/articles ############################################
2016-06-02 22:17:16.025422 : # Done: 2016-05-23T12:16:43-0700 (10d 10h 30s ago)
2016-06-02 22:17:16.025440 : process/init/relation/articles/run.sh
2016-06-02 22:17:16.025459 : mark_done process/init/relation/articles
2016-06-02 22:17:16.025478 : ##############################################################################
2016-06-02 22:17:16.025497 
2016-06-02 22:17:16.025517 : ## data/articles #############################################################
2016-06-02 22:17:16.025535 : # Done: 2016-05-23T12:16:43-0700 (10d 10h 30s ago)
2016-06-02 22:17:16.025554 : # no-op
2016-06-02 22:17:16.025572 : mark_done data/articles
2016-06-02 22:17:16.025590 : ##############################################################################
2016-06-02 22:17:16.025609 
2016-06-02 22:17:16.025627 : ## process/ext_sentences_by_nlp_markup #######################################
2016-06-02 22:17:16.025647 : # Done: 2016-05-23T15:05:01-0700 (10d 7h 12m 12s ago)
2016-06-02 22:17:16.025666 : process/ext_sentences_by_nlp_markup/run.sh
2016-06-02 22:17:16.025685 : mark_done process/ext_sentences_by_nlp_markup
2016-06-02 22:17:16.025702 : ##############################################################################
2016-06-02 22:17:16.025720 
2016-06-02 22:17:16.025740 : ## data/sentences ############################################################
2016-06-02 22:17:16.025758 : # Done: 2016-05-23T15:05:01-0700 (10d 7h 12m 12s ago)
2016-06-02 22:17:16.025776 : # no-op
2016-06-02 22:17:16.025793 : mark_done data/sentences
2016-06-02 22:17:16.025813 : ##############################################################################
2016-06-02 22:17:16.025832 
2016-06-02 22:17:16.025851 : ## process/ext_person_mention_by_map_person_mention ##########################
2016-06-02 22:17:16.025870 : # Done: 2016-05-23T15:05:52-0700 (10d 7h 11m 21s ago)
2016-06-02 22:17:16.025889 : process/ext_person_mention_by_map_person_mention/run.sh
2016-06-02 22:17:16.025909 : mark_done process/ext_person_mention_by_map_person_mention
2016-06-02 22:17:16.025928 : ##############################################################################
2016-06-02 22:17:16.025947 
2016-06-02 22:17:16.026023 : ## data/person_mention #######################################################
2016-06-02 22:17:16.026059 : # Done: 2016-05-23T15:05:52-0700 (10d 7h 11m 21s ago)
2016-06-02 22:17:16.026084 : # no-op
2016-06-02 22:17:16.026105 : mark_done data/person_mention
2016-06-02 22:17:16.026126 : ##############################################################################
2016-06-02 22:17:16.026145 
2016-06-02 22:17:16.026164 : ## process/init/relation/spouses_dbpedia #####################################
2016-06-02 22:17:16.026184 : # Done: 2016-05-23T15:08:28-0700 (10d 7h 8m 45s ago)
2016-06-02 22:17:16.026203 : process/init/relation/spouses_dbpedia/run.sh
2016-06-02 22:17:16.026222 : mark_done process/init/relation/spouses_dbpedia
2016-06-02 22:17:16.026241 : ##############################################################################
2016-06-02 22:17:16.026260 
2016-06-02 22:17:16.026280 : ## data/spouses_dbpedia ######################################################
2016-06-02 22:17:16.026300 : # Done: 2016-05-23T15:08:28-0700 (10d 7h 8m 45s ago)
2016-06-02 22:17:16.026319 : # no-op
2016-06-02 22:17:16.026338 : mark_done data/spouses_dbpedia
2016-06-02 22:17:16.026359 : ##############################################################################
2016-06-02 22:17:16.026377 
2016-06-02 22:17:16.026396 : ## process/ext_team_mention_by_map_team_mention ##############################
2016-06-02 22:17:16.026414 : # Done: 2016-05-23T15:06:19-0700 (10d 7h 10m 54s ago)
2016-06-02 22:17:16.026433 : process/ext_team_mention_by_map_team_mention/run.sh
2016-06-02 22:17:16.026452 : mark_done process/ext_team_mention_by_map_team_mention
2016-06-02 22:17:16.026471 : ##############################################################################
2016-06-02 22:17:16.026490 
2016-06-02 22:17:16.026507 : ## data/team_mention #########################################################
2016-06-02 22:17:16.026526 : # Done: 2016-05-23T15:06:19-0700 (10d 7h 10m 54s ago)
2016-06-02 22:17:16.026547 : # no-op
2016-06-02 22:17:16.026566 : mark_done data/team_mention
2016-06-02 22:17:16.026586 : ##############################################################################
2016-06-02 22:17:16.026606 
2016-06-02 22:17:16.026627 : ## process/ext_num_people ####################################################
2016-06-02 22:17:16.026648 : # Done: 2016-05-23T15:06:46-0700 (10d 7h 10m 27s ago)
2016-06-02 22:17:16.026669 : process/ext_num_people/run.sh
2016-06-02 22:17:16.026690 : mark_done process/ext_num_people
2016-06-02 22:17:16.026710 : ##############################################################################
2016-06-02 22:17:16.026731 
2016-06-02 22:17:16.026752 : ## data/num_people ###########################################################
2016-06-02 22:17:16.026773 : # Done: 2016-05-23T15:06:46-0700 (10d 7h 10m 27s ago)
2016-06-02 22:17:16.026793 : # no-op
2016-06-02 22:17:16.026814 : mark_done data/num_people
2016-06-02 22:17:16.026835 : ##############################################################################
2016-06-02 22:17:16.026855 
2016-06-02 22:17:16.026876 : ## process/ext_spouse_candidate ##############################################
2016-06-02 22:17:16.026896 : # Done: 2016-05-23T15:07:38-0700 (10d 7h 9m 36s ago)
2016-06-02 22:17:16.026917 : process/ext_spouse_candidate/run.sh
2016-06-02 22:17:16.026938 : mark_done process/ext_spouse_candidate
2016-06-02 22:17:16.026959 : ##############################################################################
2016-06-02 22:17:16.026979 
2016-06-02 22:17:16.027000 : ## data/spouse_candidate #####################################################
2016-06-02 22:17:16.027021 : # Done: 2016-05-23T15:07:38-0700 (10d 7h 9m 36s ago)
2016-06-02 22:17:16.027041 : # no-op
2016-06-02 22:17:16.027061 : mark_done data/spouse_candidate
2016-06-02 22:17:16.027082 : ##############################################################################
2016-06-02 22:17:16.027102 
2016-06-02 22:17:16.027122 : ## process/ext_spouse_label__0_by_supervise ##################################
2016-06-02 22:17:16.027143 : # Done: 2016-05-23T15:08:48-0700 (10d 7h 8m 26s ago)
2016-06-02 22:17:16.027163 : process/ext_spouse_label__0_by_supervise/run.sh
2016-06-02 22:17:16.027184 : mark_done process/ext_spouse_label__0_by_supervise
2016-06-02 22:17:16.027205 : ##############################################################################
2016-06-02 22:17:16.027225 
2016-06-02 22:17:16.027245 : ## data/spouse_label__0 ######################################################
2016-06-02 22:17:16.027266 : # Done: 2016-05-23T15:08:48-0700 (10d 7h 8m 26s ago)
2016-06-02 22:17:16.027287 : # no-op
2016-06-02 22:17:16.027307 : mark_done data/spouse_label__0
2016-06-02 22:17:16.027327 : ##############################################################################
2016-06-02 22:17:16.027346 
2016-06-02 22:17:16.027365 : ## process/ext_spouse_label ##################################################
2016-06-02 22:17:16.027385 : # Done: 2016-05-23T15:08:50-0700 (10d 7h 8m 24s ago)
2016-06-02 22:17:16.027406 : process/ext_spouse_label/run.sh
2016-06-02 22:17:16.027426 : mark_done process/ext_spouse_label
2016-06-02 22:17:16.027447 : ##############################################################################
2016-06-02 22:17:16.027468 
2016-06-02 22:17:16.027489 : ## data/spouse_label #########################################################
2016-06-02 22:17:16.027510 : # Done: 2016-05-23T15:08:50-0700 (10d 7h 8m 24s ago)
2016-06-02 22:17:16.027530 : # no-op
2016-06-02 22:17:16.027550 : mark_done data/spouse_label
2016-06-02 22:17:16.027570 : ##############################################################################
2016-06-02 22:17:16.027591 
2016-06-02 22:17:16.027611 : ## process/ext_spouse_label_resolved #########################################
2016-06-02 22:17:16.027632 : # Done: 2016-05-23T15:08:50-0700 (10d 7h 8m 24s ago)
2016-06-02 22:17:16.027652 : process/ext_spouse_label_resolved/run.sh
2016-06-02 22:17:16.027672 : mark_done process/ext_spouse_label_resolved
2016-06-02 22:17:16.027692 : ##############################################################################
2016-06-02 22:17:16.027713 
2016-06-02 22:17:16.027733 : ## data/spouse_label_resolved ################################################
2016-06-02 22:17:16.027892 : # Done: 2016-05-23T15:08:50-0700 (10d 7h 8m 24s ago)
2016-06-02 22:17:16.027916 : # no-op
2016-06-02 22:17:16.027937 : mark_done data/spouse_label_resolved
2016-06-02 22:17:16.027958 : ##############################################################################
2016-06-02 22:17:16.027978 
2016-06-02 22:17:16.027999 : ## process/init/relation/spouses_dbpedia_negative ############################
2016-06-02 22:17:16.028019 : # Done: 2016-05-25T12:13:43-0700 (8d 10h 3m 31s ago)
2016-06-02 22:17:16.028040 : process/init/relation/spouses_dbpedia_negative/run.sh
2016-06-02 22:17:16.028060 : mark_done process/init/relation/spouses_dbpedia_negative
2016-06-02 22:17:16.028081 : ##############################################################################
2016-06-02 22:17:16.028101 
2016-06-02 22:17:16.028122 : ## data/spouses_dbpedia_negative #############################################
2016-06-02 22:17:16.028141 : # Done: 2016-05-25T12:13:43-0700 (8d 10h 3m 31s ago)
2016-06-02 22:17:16.028161 : # no-op
2016-06-02 22:17:16.028181 : mark_done data/spouses_dbpedia_negative
2016-06-02 22:17:16.028202 : ##############################################################################
2016-06-02 22:17:16.028222 
2016-06-02 22:17:16.028242 : ## process/ext_has_spouse ####################################################
2016-06-02 22:17:16.028263 : # Done: 2016-05-29T12:10:14-0700 (4d 10h 7m ago)
2016-06-02 22:17:16.028283 : process/ext_has_spouse/run.sh
2016-06-02 22:17:16.028304 : mark_done process/ext_has_spouse
2016-06-02 22:17:16.028324 : ##############################################################################
2016-06-02 22:17:16.028345 
2016-06-02 22:17:16.028365 : ## data/has_spouse ###########################################################
2016-06-02 22:17:16.028386 : # Done: 2016-05-29T12:10:14-0700 (4d 10h 7m ago)
2016-06-02 22:17:16.028405 : # no-op
2016-06-02 22:17:16.028426 : mark_done data/has_spouse
2016-06-02 22:17:16.028448 : ##############################################################################
2016-06-02 22:17:16.028468 
2016-06-02 22:17:16.028488 : ## process/grounding/variable_id_partition ###################################
2016-06-02 22:17:16.028508 : # Done: 2016-05-30T23:28:10-0700 (2d 22h 49m 4s ago)
2016-06-02 22:17:16.028529 : process/grounding/variable_id_partition/run.sh
2016-06-02 22:17:16.028550 : mark_done process/grounding/variable_id_partition
2016-06-02 22:17:16.028570 : ##############################################################################
2016-06-02 22:17:16.028590 
2016-06-02 22:17:16.028611 : ## process/grounding/variable/has_spouse/assign_id ###########################
2016-06-02 22:17:16.028632 : # Done: 2016-05-30T23:28:10-0700 (2d 22h 49m 4s ago)
2016-06-02 22:17:16.028652 : process/grounding/variable/has_spouse/assign_id/run.sh
2016-06-02 22:17:16.028672 : mark_done process/grounding/variable/has_spouse/assign_id
2016-06-02 22:17:16.028693 : ##############################################################################
2016-06-02 22:17:16.028713 
2016-06-02 22:17:16.028734 : ## process/grounding/factor/inf1_istrue_has_spouse/materialize ###############
2016-06-02 22:17:16.028754 : # Done: 2016-05-30T23:28:10-0700 (2d 22h 49m 4s ago)
2016-06-02 22:17:16.028774 : process/grounding/factor/inf1_istrue_has_spouse/materialize/run.sh
2016-06-02 22:17:16.028794 : mark_done process/grounding/factor/inf1_istrue_has_spouse/materialize
2016-06-02 22:17:16.028822 : ##############################################################################
2016-06-02 22:17:16.028843 
2016-06-02 22:17:16.028863 : ## process/grounding/factor/inf_imply_has_spouse_has_spouse/materialize ######
2016-06-02 22:17:16.028884 : # Done: 2016-05-30T23:28:11-0700 (2d 22h 49m 3s ago)
2016-06-02 22:17:16.028904 : process/grounding/factor/inf_imply_has_spouse_has_spouse/materialize/run.sh
2016-06-02 22:17:16.028925 : mark_done process/grounding/factor/inf_imply_has_spouse_has_spouse/materialize
2016-06-02 22:17:16.028945 : ##############################################################################
2016-06-02 22:17:16.028965 
2016-06-02 22:17:16.028985 : ## process/ext_spouse_feature_by_extract_spouse_features #####################
2016-06-02 22:17:16.029006 : # Done: 2016-05-23T15:08:09-0700 (10d 7h 9m 5s ago)
2016-06-02 22:17:16.029026 : process/ext_spouse_feature_by_extract_spouse_features/run.sh
2016-06-02 22:17:16.029047 : mark_done process/ext_spouse_feature_by_extract_spouse_features
2016-06-02 22:17:16.029067 : ##############################################################################
2016-06-02 22:17:16.029088 
2016-06-02 22:17:16.029108 : ## data/spouse_feature #######################################################
2016-06-02 22:17:16.029129 : # Done: 2016-05-23T15:08:09-0700 (10d 7h 9m 5s ago)
2016-06-02 22:17:16.029148 : # no-op
2016-06-02 22:17:16.029171 : mark_done data/spouse_feature
2016-06-02 22:17:16.029191 : ##############################################################################
2016-06-02 22:17:16.029213 
2016-06-02 22:17:16.029233 : ## process/grounding/factor/inf_istrue_has_spouse/materialize ################
2016-06-02 22:17:16.029255 : # Done: 2016-05-30T23:28:12-0700 (2d 22h 49m 2s ago)
2016-06-02 22:17:16.029275 : process/grounding/factor/inf_istrue_has_spouse/materialize/run.sh
2016-06-02 22:17:16.029296 : mark_done process/grounding/factor/inf_istrue_has_spouse/materialize
2016-06-02 22:17:16.029317 : ##############################################################################
2016-06-02 22:17:16.029337 
2016-06-02 22:17:16.029357 : ## process/grounding/weight_id_partition #####################################
2016-06-02 22:17:16.029378 : # Done: 2016-05-30T23:28:12-0700 (2d 22h 49m 2s ago)
2016-06-02 22:17:16.029399 : process/grounding/weight_id_partition/run.sh
2016-06-02 22:17:16.029420 : mark_done process/grounding/weight_id_partition
2016-06-02 22:17:16.029440 : ##############################################################################
2016-06-02 22:17:16.029461 
2016-06-02 22:17:16.029482 : ## process/grounding/factor/inf1_istrue_has_spouse/assign_weight_id ##########
2016-06-02 22:17:16.029502 : # Done: 2016-05-30T23:28:12-0700 (2d 22h 49m 2s ago)
2016-06-02 22:17:16.029523 : process/grounding/factor/inf1_istrue_has_spouse/assign_weight_id/run.sh
2016-06-02 22:17:16.029544 : mark_done process/grounding/factor/inf1_istrue_has_spouse/assign_weight_id
2016-06-02 22:17:16.029565 : ##############################################################################
2016-06-02 22:17:16.029586 
2016-06-02 22:17:16.029607 : ## process/grounding/factor/inf1_istrue_has_spouse/dump ######################
2016-06-02 22:17:16.029627 : # Done: 2016-05-30T23:28:14-0700 (2d 22h 49m ago)
2016-06-02 22:17:16.029648 : process/grounding/factor/inf1_istrue_has_spouse/dump/run.sh
2016-06-02 22:17:16.029670 : mark_done process/grounding/factor/inf1_istrue_has_spouse/dump
2016-06-02 22:17:16.029691 : ##############################################################################
2016-06-02 22:17:16.029712 
2016-06-02 22:17:16.029733 : ## process/grounding/factor/inf1_istrue_has_spouse/dump_weights ##############
2016-06-02 22:17:16.029754 : # Done: 2016-05-30T23:28:14-0700 (2d 22h 49m ago)
2016-06-02 22:17:16.029775 : process/grounding/factor/inf1_istrue_has_spouse/dump_weights/run.sh
2016-06-02 22:17:16.029796 : mark_done process/grounding/factor/inf1_istrue_has_spouse/dump_weights
2016-06-02 22:17:16.029816 : ##############################################################################
2016-06-02 22:17:16.029837 
2016-06-02 22:17:16.029858 : ## process/grounding/factor/inf_imply_has_spouse_has_spouse/assign_weight_id #
2016-06-02 22:17:16.029879 : # Done: 2016-05-30T23:28:14-0700 (2d 22h 49m ago)
2016-06-02 22:17:16.029899 : process/grounding/factor/inf_imply_has_spouse_has_spouse/assign_weight_id/run.sh
2016-06-02 22:17:16.029921 : mark_done process/grounding/factor/inf_imply_has_spouse_has_spouse/assign_weight_id
2016-06-02 22:17:16.029943 : ##############################################################################
2016-06-02 22:17:16.029963 
2016-06-02 22:17:16.029984 : ## process/grounding/factor/inf_imply_has_spouse_has_spouse/dump #############
2016-06-02 22:17:16.030005 : # Done: 2016-05-30T23:28:15-0700 (2d 22h 48m 59s ago)
2016-06-02 22:17:16.030026 : process/grounding/factor/inf_imply_has_spouse_has_spouse/dump/run.sh
2016-06-02 22:17:16.030047 : mark_done process/grounding/factor/inf_imply_has_spouse_has_spouse/dump
2016-06-02 22:17:16.030068 : ##############################################################################
2016-06-02 22:17:16.030089 
2016-06-02 22:17:16.030110 : ## process/grounding/factor/inf_imply_has_spouse_has_spouse/dump_weights #####
2016-06-02 22:17:16.030131 : # Done: 2016-05-30T23:28:15-0700 (2d 22h 48m 59s ago)
2016-06-02 22:17:16.030151 : process/grounding/factor/inf_imply_has_spouse_has_spouse/dump_weights/run.sh
2016-06-02 22:17:16.030173 : mark_done process/grounding/factor/inf_imply_has_spouse_has_spouse/dump_weights
2016-06-02 22:17:16.030193 : ##############################################################################
2016-06-02 22:17:16.030413 
2016-06-02 22:17:16.030438 : ## process/grounding/factor/inf_istrue_has_spouse/assign_weight_id ###########
2016-06-02 22:17:16.030459 : # Done: 2016-05-30T23:28:15-0700 (2d 22h 48m 59s ago)
2016-06-02 22:17:16.030479 : process/grounding/factor/inf_istrue_has_spouse/assign_weight_id/run.sh
2016-06-02 22:17:16.030500 : mark_done process/grounding/factor/inf_istrue_has_spouse/assign_weight_id
2016-06-02 22:17:16.030520 : ##############################################################################
2016-06-02 22:17:16.030541 
2016-06-02 22:17:16.030562 : ## process/grounding/factor/inf_istrue_has_spouse/dump #######################
2016-06-02 22:17:16.030582 : # Done: 2016-05-30T23:28:17-0700 (2d 22h 48m 57s ago)
2016-06-02 22:17:16.030602 : process/grounding/factor/inf_istrue_has_spouse/dump/run.sh
2016-06-02 22:17:16.030622 : mark_done process/grounding/factor/inf_istrue_has_spouse/dump
2016-06-02 22:17:16.030643 : ##############################################################################
2016-06-02 22:17:16.030663 
2016-06-02 22:17:16.030684 : ## process/grounding/factor/inf_istrue_has_spouse/dump_weights ###############
2016-06-02 22:17:16.030704 : # Done: 2016-05-30T23:28:17-0700 (2d 22h 48m 57s ago)
2016-06-02 22:17:16.030725 : process/grounding/factor/inf_istrue_has_spouse/dump_weights/run.sh
2016-06-02 22:17:16.030748 : mark_done process/grounding/factor/inf_istrue_has_spouse/dump_weights
2016-06-02 22:17:16.030770 : ##############################################################################
2016-06-02 22:17:16.030790 
2016-06-02 22:17:16.030811 : ## process/grounding/global_weight_table #####################################
2016-06-02 22:17:16.030832 : # Done: 2016-05-30T23:28:17-0700 (2d 22h 48m 57s ago)
2016-06-02 22:17:16.030853 : process/grounding/global_weight_table/run.sh
2016-06-02 22:17:16.030874 : mark_done process/grounding/global_weight_table
2016-06-02 22:17:16.030894 : ##############################################################################
2016-06-02 22:17:16.030915 
2016-06-02 22:17:16.030935 : ## process/grounding/variable_holdout ########################################
2016-06-02 22:17:16.030956 : # Done: 2016-05-30T23:28:18-0700 (2d 22h 48m 56s ago)
2016-06-02 22:17:16.030976 : process/grounding/variable_holdout/run.sh
2016-06-02 22:17:16.030997 : mark_done process/grounding/variable_holdout
2016-06-02 22:17:16.031018 : ##############################################################################
2016-06-02 22:17:16.031038 
2016-06-02 22:17:16.031058 : ## process/grounding/variable/has_spouse/dump ################################
2016-06-02 22:17:16.031079 : # Done: 2016-05-30T23:28:18-0700 (2d 22h 48m 56s ago)
2016-06-02 22:17:16.031099 : process/grounding/variable/has_spouse/dump/run.sh
2016-06-02 22:17:16.031120 : mark_done process/grounding/variable/has_spouse/dump
2016-06-02 22:17:16.031140 : ##############################################################################
2016-06-02 22:17:16.031161 
2016-06-02 22:17:16.031181 : ## process/grounding/combine_factorgraph #####################################
2016-06-02 22:17:16.031201 : # Done: 2016-05-30T23:28:18-0700 (2d 22h 48m 56s ago)
2016-06-02 22:17:16.031222 : process/grounding/combine_factorgraph/run.sh
2016-06-02 22:17:16.031243 : mark_done process/grounding/combine_factorgraph
2016-06-02 22:17:16.031264 : ##############################################################################
2016-06-02 22:17:16.031284 
2016-06-02 22:17:16.031305 : ## model/factorgraph #########################################################
2016-06-02 22:17:16.031326 : # Done: 2016-05-30T23:28:34-0700 (2d 22h 48m 40s ago)
2016-06-02 22:17:16.031346 : mark_done model/factorgraph
2016-06-02 22:17:16.031367 : ##############################################################################
2016-06-02 22:17:16.031388 
2016-06-02 22:17:16.031409 : ## process/model/learning ####################################################
2016-06-02 22:17:16.031430 : # Done: 2016-05-30T23:28:48-0700 (2d 22h 48m 26s ago)
2016-06-02 22:17:16.031450 : process/model/learning/run.sh
2016-06-02 22:17:16.031471 : mark_done process/model/learning
2016-06-02 22:17:16.031492 : ##############################################################################
2016-06-02 22:17:16.031513 
2016-06-02 22:17:16.031533 : ## model/weights #############################################################
2016-06-02 22:17:16.031554 : # Done: 2016-05-30T23:28:48-0700 (2d 22h 48m 26s ago)
2016-06-02 22:17:16.031574 : mark_done model/weights
2016-06-02 22:17:16.031595 : ##############################################################################
2016-06-02 22:17:16.031616 
2016-06-02 22:17:16.031637 : ## process/model/inference ###################################################
2016-06-02 22:17:16.031660 : # Done: 2016-05-30T23:29:55-0700 (2d 22h 47m 19s ago)
2016-06-02 22:17:16.031680 : process/model/inference/run.sh
2016-06-02 22:17:16.031701 : mark_done process/model/inference
2016-06-02 22:17:16.031722 : ##############################################################################
2016-06-02 22:17:16.031743 
2016-06-02 22:17:16.031763 : ## model/probabilities #######################################################
2016-06-02 22:17:16.031783 : # Done: 2016-05-30T23:29:55-0700 (2d 22h 47m 19s ago)
2016-06-02 22:17:16.031804 : mark_done model/probabilities
2016-06-02 22:17:16.031823 : ##############################################################################
2016-06-02 22:17:16.031844 
2016-06-02 22:17:16.031864 ## process/model/load_probabilities ##########################################
2016-06-02 22:17:16.031884 : # Done: 2016-05-30T23:35:19-0700 (2d 22h 41m 55s ago)
2016-06-02 22:17:16.031905 # Done: 2016-05-30T23:35:19-0700 (2d 22h 41m 54s ago)
2016-06-02 22:17:16.031925 process/model/load_probabilities/run.sh
2016-06-02 22:17:16.031945 ++ dirname process/model/load_probabilities/run.sh
2016-06-02 22:17:16.031966 + cd process/model/load_probabilities
2016-06-02 22:17:16.031986 + export DEEPDIVE_CURRENT_PROCESS_NAME=process/model/load_probabilities
2016-06-02 22:17:16.032007 + DEEPDIVE_CURRENT_PROCESS_NAME=process/model/load_probabilities
2016-06-02 22:17:16.032027 + mkdir -p ../../../model
2016-06-02 22:17:16.032048 + cd ../../../model
2016-06-02 22:17:16.032072 + deepdive create table dd_inference_result_variables id:BIGINT category:BIGINT 'expectation:DOUBLE PRECISION'
2016-06-02 22:17:16.629350 CREATE TABLE
2016-06-02 22:17:16.631400 + cat probabilities/inference_result.out.text
2016-06-02 22:17:16.631507 + tr ' ' '\t'
2016-06-02 22:17:16.631830 + DEEPDIVE_LOAD_FORMAT=tsv
2016-06-02 22:17:16.631992 + deepdive load dd_inference_result_variables /dev/stdin
2016-06-02 22:17:16.789940 Loading dd_inference_result_variables from /dev/stdin (tsv format)
2016-06-02 22:17:16.859189 COPY 3211
2016-06-02 22:17:16.898961 + deepdive create view has_spouse_label_inference as '
2016-06-02 22:17:16.899031                 SELECT has_spouse.*, mir.category, mir.expectation FROM
2016-06-02 22:17:16.899061                 has_spouse, dd_inference_result_variables mir
2016-06-02 22:17:16.899084                 WHERE has_spouse.id = mir.id
2016-06-02 22:17:16.899105                 ORDER BY mir.expectation DESC
2016-06-02 22:17:16.899126                 '
2016-06-02 22:17:17.142488 CREATE VIEW
2016-06-02 22:17:17.144296 mark_done process/model/load_probabilities
2016-06-02 22:17:17.199837 ##############################################################################
2016-06-02 22:17:17.200103 
2016-06-02 22:17:17.200156 ## data/model/probabilities ##################################################
2016-06-02 22:17:17.200179 : # Done: 2016-05-30T23:35:19-0700 (2d 22h 41m 55s ago)
2016-06-02 22:17:17.200207 # Done: 2016-05-30T23:35:19-0700 (2d 22h 41m 54s ago)
2016-06-02 22:17:17.200235 # no-op
2016-06-02 22:17:17.200258 mark_done data/model/probabilities
2016-06-02 22:17:17.227805 ##############################################################################
2016-06-02 22:17:17.227869 
