2016-05-21 14:27:12.804904 # on dhcp-169-233-138-157.cruznet.ucsc.edu: deepdive do has_spouse
2016-05-21 14:27:12.805275 # run/20160521/142710.996679000/plan.sh
2016-05-21 14:27:12.805304 # execution plan for data/has_spouse
2016-05-21 14:27:12.805324 
2016-05-21 14:27:12.805344 : ## process/init/app ##########################################################
2016-05-21 14:27:12.805364 : # Done: 2016-05-20T15:47:44-0700 (22h 39m 27s ago)
2016-05-21 14:27:12.805383 : process/init/app/run.sh
2016-05-21 14:27:12.805401 : mark_done process/init/app
2016-05-21 14:27:12.805425 : ##############################################################################
2016-05-21 14:27:12.805444 
2016-05-21 14:27:12.805465 : ## process/init/relation/articles ############################################
2016-05-21 14:27:12.805485 : # Done: 2016-05-20T19:16:48-0700 (19h 10m 23s ago)
2016-05-21 14:27:12.805506 : process/init/relation/articles/run.sh
2016-05-21 14:27:12.805524 : mark_done process/init/relation/articles
2016-05-21 14:27:12.805542 : ##############################################################################
2016-05-21 14:27:12.805560 
2016-05-21 14:27:12.805579 : ## data/articles #############################################################
2016-05-21 14:27:12.805625 : # Done: 2016-05-20T19:16:48-0700 (19h 10m 23s ago)
2016-05-21 14:27:12.805670 : # no-op
2016-05-21 14:27:12.805691 : mark_done data/articles
2016-05-21 14:27:12.805710 : ##############################################################################
2016-05-21 14:27:12.805729 
2016-05-21 14:27:12.805749 : ## process/ext_sentences_by_nlp_markup #######################################
2016-05-21 14:27:12.805767 : # Done: 2016-05-20T19:20:04-0700 (19h 7m 7s ago)
2016-05-21 14:27:12.805788 : process/ext_sentences_by_nlp_markup/run.sh
2016-05-21 14:27:12.805808 : mark_done process/ext_sentences_by_nlp_markup
2016-05-21 14:27:12.805828 : ##############################################################################
2016-05-21 14:27:12.805846 
2016-05-21 14:27:12.805864 : ## data/sentences ############################################################
2016-05-21 14:27:12.805884 : # Done: 2016-05-20T19:20:04-0700 (19h 7m 7s ago)
2016-05-21 14:27:12.805904 : # no-op
2016-05-21 14:27:12.805924 : mark_done data/sentences
2016-05-21 14:27:12.805945 : ##############################################################################
2016-05-21 14:27:12.805968 
2016-05-21 14:27:12.805987 : ## process/ext_person_mention_by_map_person_mention ##########################
2016-05-21 14:27:12.806005 : # Done: 2016-05-20T20:58:22-0700 (17h 28m 49s ago)
2016-05-21 14:27:12.806025 : process/ext_person_mention_by_map_person_mention/run.sh
2016-05-21 14:27:12.806045 : mark_done process/ext_person_mention_by_map_person_mention
2016-05-21 14:27:12.806065 : ##############################################################################
2016-05-21 14:27:12.806085 
2016-05-21 14:27:12.806106 : ## data/person_mention #######################################################
2016-05-21 14:27:12.806125 : # Done: 2016-05-20T20:58:22-0700 (17h 28m 49s ago)
2016-05-21 14:27:12.806144 : # no-op
2016-05-21 14:27:12.806164 : mark_done data/person_mention
2016-05-21 14:27:12.806184 : ##############################################################################
2016-05-21 14:27:12.806204 
2016-05-21 14:27:12.806223 : ## process/ext_num_people ####################################################
2016-05-21 14:27:12.806242 : # Done: 2016-05-20T21:35:41-0700 (16h 51m 30s ago)
2016-05-21 14:27:12.806261 : process/ext_num_people/run.sh
2016-05-21 14:27:12.806280 : mark_done process/ext_num_people
2016-05-21 14:27:12.806298 : ##############################################################################
2016-05-21 14:27:12.806317 
2016-05-21 14:27:12.806336 : ## data/num_people ###########################################################
2016-05-21 14:27:12.806355 : # Done: 2016-05-20T21:35:41-0700 (16h 51m 30s ago)
2016-05-21 14:27:12.806374 : # no-op
2016-05-21 14:27:12.806394 : mark_done data/num_people
2016-05-21 14:27:12.806414 : ##############################################################################
2016-05-21 14:27:12.806434 
2016-05-21 14:27:12.806454 : ## process/ext_team_mention_by_map_team_mention ##############################
2016-05-21 14:27:12.806472 : # Done: 2016-05-20T21:23:06-0700 (17h 4m 5s ago)
2016-05-21 14:27:12.806523 : process/ext_team_mention_by_map_team_mention/run.sh
2016-05-21 14:27:12.806547 : mark_done process/ext_team_mention_by_map_team_mention
2016-05-21 14:27:12.806570 : ##############################################################################
2016-05-21 14:27:12.806592 
2016-05-21 14:27:12.806613 : ## data/team_mention #########################################################
2016-05-21 14:27:12.806631 : # Done: 2016-05-20T22:05:04-0700 (16h 22m 7s ago)
2016-05-21 14:27:12.806648 : # no-op
2016-05-21 14:27:12.806665 : mark_done data/team_mention
2016-05-21 14:27:12.806682 : ##############################################################################
2016-05-21 14:27:12.806702 
2016-05-21 14:27:12.806722 : ## process/ext_spouse_candidate ##############################################
2016-05-21 14:27:12.806741 : # Done: 2016-05-20T22:17:52-0700 (16h 9m 19s ago)
2016-05-21 14:27:12.806760 : process/ext_spouse_candidate/run.sh
2016-05-21 14:27:12.806778 : mark_done process/ext_spouse_candidate
2016-05-21 14:27:12.806796 : ##############################################################################
2016-05-21 14:27:12.806818 
2016-05-21 14:27:12.806838 : ## data/spouse_candidate #####################################################
2016-05-21 14:27:12.806858 : # Done: 2016-05-20T22:17:52-0700 (16h 9m 19s ago)
2016-05-21 14:27:12.806876 : # no-op
2016-05-21 14:27:12.806896 : mark_done data/spouse_candidate
2016-05-21 14:27:12.806934 : ##############################################################################
2016-05-21 14:27:12.806971 
2016-05-21 14:27:12.806999 : ## process/ext_spouse_label__0_by_supervise ##################################
2016-05-21 14:27:12.807020 : # Done: 2016-05-20T22:17:53-0700 (16h 9m 18s ago)
2016-05-21 14:27:12.807042 : process/ext_spouse_label__0_by_supervise/run.sh
2016-05-21 14:27:12.807063 : mark_done process/ext_spouse_label__0_by_supervise
2016-05-21 14:27:12.807085 : ##############################################################################
2016-05-21 14:27:12.807105 
2016-05-21 14:27:12.807125 : ## data/spouse_label__0 ######################################################
2016-05-21 14:27:12.807145 : # Done: 2016-05-20T22:17:53-0700 (16h 9m 18s ago)
2016-05-21 14:27:12.807165 : # no-op
2016-05-21 14:27:12.807185 : mark_done data/spouse_label__0
2016-05-21 14:27:12.807204 : ##############################################################################
2016-05-21 14:27:12.807223 
2016-05-21 14:27:12.807242 : ## process/init/relation/spouses_dbpedia #####################################
2016-05-21 14:27:12.807261 : # Done: 2016-05-21T12:09:26-0700 (2h 17m 45s ago)
2016-05-21 14:27:12.807282 : process/init/relation/spouses_dbpedia/run.sh
2016-05-21 14:27:12.807302 : mark_done process/init/relation/spouses_dbpedia
2016-05-21 14:27:12.807321 : ##############################################################################
2016-05-21 14:27:12.807341 
2016-05-21 14:27:12.807369 : ## data/spouses_dbpedia ######################################################
2016-05-21 14:27:12.807391 : # Done: 2016-05-21T12:09:26-0700 (2h 17m 45s ago)
2016-05-21 14:27:12.807413 : # no-op
2016-05-21 14:27:12.807434 : mark_done data/spouses_dbpedia
2016-05-21 14:27:12.807455 : ##############################################################################
2016-05-21 14:27:12.807475 
2016-05-21 14:27:12.807495 ## process/ext_spouse_label ##################################################
2016-05-21 14:27:12.807517 # Done: 2016-05-20T22:17:55-0700 (16h 9m 16s ago)
2016-05-21 14:27:12.807538 process/ext_spouse_label/run.sh
2016-05-21 14:27:12.807559 ++ dirname process/ext_spouse_label/run.sh
2016-05-21 14:27:12.807580 + cd process/ext_spouse_label
2016-05-21 14:27:12.807601 + export DEEPDIVE_CURRENT_PROCESS_NAME=process/ext_spouse_label
2016-05-21 14:27:12.807621 + DEEPDIVE_CURRENT_PROCESS_NAME=process/ext_spouse_label
2016-05-21 14:27:12.807639 + deepdive create table spouse_label
2016-05-21 14:27:12.931348 CREATE TABLE
2016-05-21 14:27:12.932521 + deepdive sql 'INSERT INTO spouse_label SELECT R0.p_id AS "spouse_candidate.R0.p_id", R0.t_id AS "spouse_candidate.R0.t_id", 0 AS column_2, NULL AS column_3
2016-05-21 14:27:12.932592 FROM spouse_candidate R0
2016-05-21 14:27:12.932625         
2016-05-21 14:27:12.932671 UNION ALL
2016-05-21 14:27:12.932701 SELECT R0.p_id AS "spouse_candidate.R0.p_id", R0.t_id AS "spouse_candidate.R0.t_id", 1 AS column_2, '\''from_dbpedia'\'' AS column_3
2016-05-21 14:27:12.932725 FROM spouse_candidate R0, spouses_dbpedia R1
2016-05-21 14:27:12.932746         WHERE ((lower(R1.p) = lower(R0.p_name) AND lower(R1.t) = lower(R0.p_name)) OR (lower(R1.t) = lower(R0.t_name) AND lower(R1.p) = lower(R0.t_name)))
2016-05-21 14:27:12.932764 UNION ALL
2016-05-21 14:27:12.932784 SELECT R0.p_id AS "spouse_label__0.R0.p_id", R0.t_id AS "spouse_label__0.R0.t_id", R0.label AS "spouse_label__0.R0.label", R0.rule_id AS "spouse_label__0.R0.rule_id"
2016-05-21 14:27:12.932805 FROM spouse_label__0 R0
2016-05-21 14:27:12.932825         '
2016-05-21 14:27:13.014280 ERROR:  column r1.p does not exist
2016-05-21 14:27:13.014359 LINE 7:         WHERE ((lower(R1.p) = lower(R0.p_name) AND lower(R1....
2016-05-21 14:27:13.014400                               ^
