2016-05-30 23:34:25.186682 # on dhcp-169-233-170-85.cruznet.ucsc.edu: deepdive do calibration-plots
2016-05-30 23:34:25.187053 # run/20160530/233422.524040000/plan.sh
2016-05-30 23:34:25.187085 # execution plan for model/calibration-plots
2016-05-30 23:34:25.187107 
2016-05-30 23:34:25.187128 : ## process/init/app ##########################################################
2016-05-30 23:34:25.187149 : # Done: 2016-05-22T17:21:25-0700 (8d 6h 12m 57s ago)
2016-05-30 23:34:25.187169 : process/init/app/run.sh
2016-05-30 23:34:25.187190 : mark_done process/init/app
2016-05-30 23:34:25.187211 : ##############################################################################
2016-05-30 23:34:25.187231 
2016-05-30 23:34:25.187250 : ## process/init/relation/articles ############################################
2016-05-30 23:34:25.187268 : # Done: 2016-05-23T12:16:43-0700 (7d 11h 17m 39s ago)
2016-05-30 23:34:25.187288 : process/init/relation/articles/run.sh
2016-05-30 23:34:25.187309 : mark_done process/init/relation/articles
2016-05-30 23:34:25.187379 : ##############################################################################
2016-05-30 23:34:25.187424 
2016-05-30 23:34:25.187461 : ## data/articles #############################################################
2016-05-30 23:34:25.187484 : # Done: 2016-05-23T12:16:43-0700 (7d 11h 17m 39s ago)
2016-05-30 23:34:25.187505 : # no-op
2016-05-30 23:34:25.187526 : mark_done data/articles
2016-05-30 23:34:25.187547 : ##############################################################################
2016-05-30 23:34:25.187566 
2016-05-30 23:34:25.187615 : ## process/ext_sentences_by_nlp_markup #######################################
2016-05-30 23:34:25.187654 : # Done: 2016-05-23T15:05:01-0700 (7d 8h 29m 21s ago)
2016-05-30 23:34:25.187685 : process/ext_sentences_by_nlp_markup/run.sh
2016-05-30 23:34:25.187728 : mark_done process/ext_sentences_by_nlp_markup
2016-05-30 23:34:25.187750 : ##############################################################################
2016-05-30 23:34:25.187767 
2016-05-30 23:34:25.187829 : ## data/sentences ############################################################
2016-05-30 23:34:25.187849 : # Done: 2016-05-23T15:05:01-0700 (7d 8h 29m 21s ago)
2016-05-30 23:34:25.187866 : # no-op
2016-05-30 23:34:25.187883 : mark_done data/sentences
2016-05-30 23:34:25.187900 : ##############################################################################
2016-05-30 23:34:25.187916 
2016-05-30 23:34:25.187933 : ## process/ext_person_mention_by_map_person_mention ##########################
2016-05-30 23:34:25.187950 : # Done: 2016-05-23T15:05:52-0700 (7d 8h 28m 30s ago)
2016-05-30 23:34:25.187966 : process/ext_person_mention_by_map_person_mention/run.sh
2016-05-30 23:34:25.187982 : mark_done process/ext_person_mention_by_map_person_mention
2016-05-30 23:34:25.187999 : ##############################################################################
2016-05-30 23:34:25.188015 
2016-05-30 23:34:25.188033 : ## data/person_mention #######################################################
2016-05-30 23:34:25.188052 : # Done: 2016-05-23T15:05:52-0700 (7d 8h 28m 30s ago)
2016-05-30 23:34:25.188070 : # no-op
2016-05-30 23:34:25.188090 : mark_done data/person_mention
2016-05-30 23:34:25.188110 : ##############################################################################
2016-05-30 23:34:25.188131 
2016-05-30 23:34:25.188150 : ## process/init/relation/spouses_dbpedia #####################################
2016-05-30 23:34:25.188169 : # Done: 2016-05-23T15:08:28-0700 (7d 8h 25m 54s ago)
2016-05-30 23:34:25.188188 : process/init/relation/spouses_dbpedia/run.sh
2016-05-30 23:34:25.188207 : mark_done process/init/relation/spouses_dbpedia
2016-05-30 23:34:25.188227 : ##############################################################################
2016-05-30 23:34:25.188246 
2016-05-30 23:34:25.188266 : ## data/spouses_dbpedia ######################################################
2016-05-30 23:34:25.188288 : # Done: 2016-05-23T15:08:28-0700 (7d 8h 25m 54s ago)
2016-05-30 23:34:25.188307 : # no-op
2016-05-30 23:34:25.188327 : mark_done data/spouses_dbpedia
2016-05-30 23:34:25.188347 : ##############################################################################
2016-05-30 23:34:25.188363 
2016-05-30 23:34:25.188380 : ## process/ext_team_mention_by_map_team_mention ##############################
2016-05-30 23:34:25.188397 : # Done: 2016-05-23T15:06:19-0700 (7d 8h 28m 3s ago)
2016-05-30 23:34:25.188414 : process/ext_team_mention_by_map_team_mention/run.sh
2016-05-30 23:34:25.188432 : mark_done process/ext_team_mention_by_map_team_mention
2016-05-30 23:34:25.188449 : ##############################################################################
2016-05-30 23:34:25.188466 
2016-05-30 23:34:25.188483 : ## data/team_mention #########################################################
2016-05-30 23:34:25.188500 : # Done: 2016-05-23T15:06:19-0700 (7d 8h 28m 3s ago)
2016-05-30 23:34:25.188516 : # no-op
2016-05-30 23:34:25.188533 : mark_done data/team_mention
2016-05-30 23:34:25.188550 : ##############################################################################
2016-05-30 23:34:25.188568 
2016-05-30 23:34:25.188585 : ## process/ext_num_people ####################################################
2016-05-30 23:34:25.188602 : # Done: 2016-05-23T15:06:46-0700 (7d 8h 27m 36s ago)
2016-05-30 23:34:25.188618 : process/ext_num_people/run.sh
2016-05-30 23:34:25.188637 : mark_done process/ext_num_people
2016-05-30 23:34:25.188657 : ##############################################################################
2016-05-30 23:34:25.188675 
2016-05-30 23:34:25.188694 : ## data/num_people ###########################################################
2016-05-30 23:34:25.188712 : # Done: 2016-05-23T15:06:46-0700 (7d 8h 27m 36s ago)
2016-05-30 23:34:25.188731 : # no-op
2016-05-30 23:34:25.188749 : mark_done data/num_people
2016-05-30 23:34:25.188768 : ##############################################################################
2016-05-30 23:34:25.188791 
2016-05-30 23:34:25.188812 : ## process/ext_spouse_candidate ##############################################
2016-05-30 23:34:25.188832 : # Done: 2016-05-23T15:07:38-0700 (7d 8h 26m 44s ago)
2016-05-30 23:34:25.188851 : process/ext_spouse_candidate/run.sh
2016-05-30 23:34:25.188872 : mark_done process/ext_spouse_candidate
2016-05-30 23:34:25.188894 : ##############################################################################
2016-05-30 23:34:25.188917 
2016-05-30 23:34:25.188939 : ## data/spouse_candidate #####################################################
2016-05-30 23:34:25.188959 : # Done: 2016-05-23T15:07:38-0700 (7d 8h 26m 44s ago)
2016-05-30 23:34:25.188978 : # no-op
2016-05-30 23:34:25.188997 : mark_done data/spouse_candidate
2016-05-30 23:34:25.189016 : ##############################################################################
2016-05-30 23:34:25.189034 
2016-05-30 23:34:25.189055 : ## process/ext_spouse_label__0_by_supervise ##################################
2016-05-30 23:34:25.189075 : # Done: 2016-05-23T15:08:48-0700 (7d 8h 25m 34s ago)
2016-05-30 23:34:25.189095 : process/ext_spouse_label__0_by_supervise/run.sh
2016-05-30 23:34:25.189116 : mark_done process/ext_spouse_label__0_by_supervise
2016-05-30 23:34:25.189135 : ##############################################################################
2016-05-30 23:34:25.189155 
2016-05-30 23:34:25.189175 : ## data/spouse_label__0 ######################################################
2016-05-30 23:34:25.189194 : # Done: 2016-05-23T15:08:48-0700 (7d 8h 25m 35s ago)
2016-05-30 23:34:25.189214 : # no-op
2016-05-30 23:34:25.189234 : mark_done data/spouse_label__0
2016-05-30 23:34:25.189255 : ##############################################################################
2016-05-30 23:34:25.189277 
2016-05-30 23:34:25.189297 : ## process/ext_spouse_label ##################################################
2016-05-30 23:34:25.189317 : # Done: 2016-05-23T15:08:50-0700 (7d 8h 25m 33s ago)
2016-05-30 23:34:25.189335 : process/ext_spouse_label/run.sh
2016-05-30 23:34:25.189352 : mark_done process/ext_spouse_label
2016-05-30 23:34:25.189370 : ##############################################################################
2016-05-30 23:34:25.189387 
2016-05-30 23:34:25.189405 : ## data/spouse_label #########################################################
2016-05-30 23:34:25.189421 : # Done: 2016-05-23T15:08:50-0700 (7d 8h 25m 33s ago)
2016-05-30 23:34:25.189438 : # no-op
2016-05-30 23:34:25.189455 : mark_done data/spouse_label
2016-05-30 23:34:25.189472 : ##############################################################################
2016-05-30 23:34:25.189489 
2016-05-30 23:34:25.189507 : ## process/ext_spouse_label_resolved #########################################
2016-05-30 23:34:25.189524 : # Done: 2016-05-23T15:08:50-0700 (7d 8h 25m 33s ago)
2016-05-30 23:34:25.189541 : process/ext_spouse_label_resolved/run.sh
2016-05-30 23:34:25.189557 : mark_done process/ext_spouse_label_resolved
2016-05-30 23:34:25.189574 : ##############################################################################
2016-05-30 23:34:25.189592 
2016-05-30 23:34:25.189610 : ## data/spouse_label_resolved ################################################
2016-05-30 23:34:25.189684 : # Done: 2016-05-23T15:08:50-0700 (7d 8h 25m 33s ago)
2016-05-30 23:34:25.189705 : # no-op
2016-05-30 23:34:25.189724 : mark_done data/spouse_label_resolved
2016-05-30 23:34:25.189744 : ##############################################################################
2016-05-30 23:34:25.189767 
2016-05-30 23:34:25.189787 : ## process/init/relation/spouses_dbpedia_negative ############################
2016-05-30 23:34:25.189806 : # Done: 2016-05-25T12:13:43-0700 (5d 11h 20m 40s ago)
2016-05-30 23:34:25.189829 : process/init/relation/spouses_dbpedia_negative/run.sh
2016-05-30 23:34:25.189852 : mark_done process/init/relation/spouses_dbpedia_negative
2016-05-30 23:34:25.189874 : ##############################################################################
2016-05-30 23:34:25.189894 
2016-05-30 23:34:25.189914 : ## data/spouses_dbpedia_negative #############################################
2016-05-30 23:34:25.189934 : # Done: 2016-05-25T12:13:43-0700 (5d 11h 20m 40s ago)
2016-05-30 23:34:25.189954 : # no-op
2016-05-30 23:34:25.189973 : mark_done data/spouses_dbpedia_negative
2016-05-30 23:34:25.189994 : ##############################################################################
2016-05-30 23:34:25.190014 
2016-05-30 23:34:25.190034 : ## process/ext_has_spouse ####################################################
2016-05-30 23:34:25.190055 : # Done: 2016-05-29T12:10:14-0700 (1d 11h 24m 9s ago)
2016-05-30 23:34:25.190074 : process/ext_has_spouse/run.sh
2016-05-30 23:34:25.190094 : mark_done process/ext_has_spouse
2016-05-30 23:34:25.190115 : ##############################################################################
2016-05-30 23:34:25.190134 
2016-05-30 23:34:25.190153 : ## data/has_spouse ###########################################################
2016-05-30 23:34:25.190173 : # Done: 2016-05-29T12:10:14-0700 (1d 11h 24m 9s ago)
2016-05-30 23:34:25.190193 : # no-op
2016-05-30 23:34:25.190213 : mark_done data/has_spouse
2016-05-30 23:34:25.190234 : ##############################################################################
2016-05-30 23:34:25.190253 
2016-05-30 23:34:25.190273 : ## process/grounding/variable_id_partition ###################################
2016-05-30 23:34:25.190293 : # Done: 2016-05-30T23:28:10-0700 (6m 13s ago)
2016-05-30 23:34:25.190312 : process/grounding/variable_id_partition/run.sh
2016-05-30 23:34:25.190330 : mark_done process/grounding/variable_id_partition
2016-05-30 23:34:25.190349 : ##############################################################################
2016-05-30 23:34:25.190367 
2016-05-30 23:34:25.190385 : ## process/grounding/variable/has_spouse/assign_id ###########################
2016-05-30 23:34:25.190403 : # Done: 2016-05-30T23:28:10-0700 (6m 13s ago)
2016-05-30 23:34:25.190421 : process/grounding/variable/has_spouse/assign_id/run.sh
2016-05-30 23:34:25.190438 : mark_done process/grounding/variable/has_spouse/assign_id
2016-05-30 23:34:25.190456 : ##############################################################################
2016-05-30 23:34:25.190501 
2016-05-30 23:34:25.190535 : ## process/grounding/factor/inf1_istrue_has_spouse/materialize ###############
2016-05-30 23:34:25.190559 : # Done: 2016-05-30T23:28:10-0700 (6m 13s ago)
2016-05-30 23:34:25.190581 : process/grounding/factor/inf1_istrue_has_spouse/materialize/run.sh
2016-05-30 23:34:25.190603 : mark_done process/grounding/factor/inf1_istrue_has_spouse/materialize
2016-05-30 23:34:25.190630 : ##############################################################################
2016-05-30 23:34:25.190651 
2016-05-30 23:34:25.190673 : ## process/grounding/factor/inf_imply_has_spouse_has_spouse/materialize ######
2016-05-30 23:34:25.190695 : # Done: 2016-05-30T23:28:11-0700 (6m 12s ago)
2016-05-30 23:34:25.190716 : process/grounding/factor/inf_imply_has_spouse_has_spouse/materialize/run.sh
2016-05-30 23:34:25.190738 : mark_done process/grounding/factor/inf_imply_has_spouse_has_spouse/materialize
2016-05-30 23:34:25.190759 : ##############################################################################
2016-05-30 23:34:25.190780 
2016-05-30 23:34:25.190801 : ## process/ext_spouse_feature_by_extract_spouse_features #####################
2016-05-30 23:34:25.190823 : # Done: 2016-05-23T15:08:09-0700 (7d 8h 26m 14s ago)
2016-05-30 23:34:25.190844 : process/ext_spouse_feature_by_extract_spouse_features/run.sh
2016-05-30 23:34:25.190865 : mark_done process/ext_spouse_feature_by_extract_spouse_features
2016-05-30 23:34:25.190886 : ##############################################################################
2016-05-30 23:34:25.190907 
2016-05-30 23:34:25.190928 : ## data/spouse_feature #######################################################
2016-05-30 23:34:25.190949 : # Done: 2016-05-23T15:08:09-0700 (7d 8h 26m 14s ago)
2016-05-30 23:34:25.190971 : # no-op
2016-05-30 23:34:25.190992 : mark_done data/spouse_feature
2016-05-30 23:34:25.191013 : ##############################################################################
2016-05-30 23:34:25.191034 
2016-05-30 23:34:25.191056 : ## process/grounding/factor/inf_istrue_has_spouse/materialize ################
2016-05-30 23:34:25.191076 : # Done: 2016-05-30T23:28:12-0700 (6m 11s ago)
2016-05-30 23:34:25.191099 : process/grounding/factor/inf_istrue_has_spouse/materialize/run.sh
2016-05-30 23:34:25.191120 : mark_done process/grounding/factor/inf_istrue_has_spouse/materialize
2016-05-30 23:34:25.191141 : ##############################################################################
2016-05-30 23:34:25.191162 
2016-05-30 23:34:25.191184 : ## process/grounding/weight_id_partition #####################################
2016-05-30 23:34:25.191205 : # Done: 2016-05-30T23:28:12-0700 (6m 11s ago)
2016-05-30 23:34:25.191226 : process/grounding/weight_id_partition/run.sh
2016-05-30 23:34:25.191247 : mark_done process/grounding/weight_id_partition
2016-05-30 23:34:25.191269 : ##############################################################################
2016-05-30 23:34:25.191291 
2016-05-30 23:34:25.191312 : ## process/grounding/factor/inf1_istrue_has_spouse/assign_weight_id ##########
2016-05-30 23:34:25.191333 : # Done: 2016-05-30T23:28:12-0700 (6m 11s ago)
2016-05-30 23:34:25.191354 : process/grounding/factor/inf1_istrue_has_spouse/assign_weight_id/run.sh
2016-05-30 23:34:25.191376 : mark_done process/grounding/factor/inf1_istrue_has_spouse/assign_weight_id
2016-05-30 23:34:25.191397 : ##############################################################################
2016-05-30 23:34:25.191424 
2016-05-30 23:34:25.191445 : ## process/grounding/factor/inf1_istrue_has_spouse/dump ######################
2016-05-30 23:34:25.191467 : # Done: 2016-05-30T23:28:14-0700 (6m 9s ago)
2016-05-30 23:34:25.191489 : process/grounding/factor/inf1_istrue_has_spouse/dump/run.sh
2016-05-30 23:34:25.191509 : mark_done process/grounding/factor/inf1_istrue_has_spouse/dump
2016-05-30 23:34:25.191530 : ##############################################################################
2016-05-30 23:34:25.191551 
2016-05-30 23:34:25.191572 : ## process/grounding/factor/inf1_istrue_has_spouse/dump_weights ##############
2016-05-30 23:34:25.191595 : # Done: 2016-05-30T23:28:14-0700 (6m 9s ago)
2016-05-30 23:34:25.191809 : process/grounding/factor/inf1_istrue_has_spouse/dump_weights/run.sh
2016-05-30 23:34:25.191835 : mark_done process/grounding/factor/inf1_istrue_has_spouse/dump_weights
2016-05-30 23:34:25.191857 : ##############################################################################
2016-05-30 23:34:25.191878 
2016-05-30 23:34:25.191899 : ## process/grounding/factor/inf_imply_has_spouse_has_spouse/assign_weight_id #
2016-05-30 23:34:25.191920 : # Done: 2016-05-30T23:28:14-0700 (6m 9s ago)
2016-05-30 23:34:25.191941 : process/grounding/factor/inf_imply_has_spouse_has_spouse/assign_weight_id/run.sh
2016-05-30 23:34:25.191962 : mark_done process/grounding/factor/inf_imply_has_spouse_has_spouse/assign_weight_id
2016-05-30 23:34:25.191984 : ##############################################################################
2016-05-30 23:34:25.192005 
2016-05-30 23:34:25.192026 : ## process/grounding/factor/inf_imply_has_spouse_has_spouse/dump #############
2016-05-30 23:34:25.192047 : # Done: 2016-05-30T23:28:15-0700 (6m 8s ago)
2016-05-30 23:34:25.192069 : process/grounding/factor/inf_imply_has_spouse_has_spouse/dump/run.sh
2016-05-30 23:34:25.192090 : mark_done process/grounding/factor/inf_imply_has_spouse_has_spouse/dump
2016-05-30 23:34:25.192111 : ##############################################################################
2016-05-30 23:34:25.192133 
2016-05-30 23:34:25.192155 : ## process/grounding/factor/inf_imply_has_spouse_has_spouse/dump_weights #####
2016-05-30 23:34:25.192176 : # Done: 2016-05-30T23:28:15-0700 (6m 8s ago)
2016-05-30 23:34:25.192197 : process/grounding/factor/inf_imply_has_spouse_has_spouse/dump_weights/run.sh
2016-05-30 23:34:25.192219 : mark_done process/grounding/factor/inf_imply_has_spouse_has_spouse/dump_weights
2016-05-30 23:34:25.192240 : ##############################################################################
2016-05-30 23:34:25.192261 
2016-05-30 23:34:25.192282 : ## process/grounding/factor/inf_istrue_has_spouse/assign_weight_id ###########
2016-05-30 23:34:25.192303 : # Done: 2016-05-30T23:28:15-0700 (6m 8s ago)
2016-05-30 23:34:25.192324 : process/grounding/factor/inf_istrue_has_spouse/assign_weight_id/run.sh
2016-05-30 23:34:25.192345 : mark_done process/grounding/factor/inf_istrue_has_spouse/assign_weight_id
2016-05-30 23:34:25.192367 : ##############################################################################
2016-05-30 23:34:25.192388 
2016-05-30 23:34:25.192408 : ## process/grounding/factor/inf_istrue_has_spouse/dump #######################
2016-05-30 23:34:25.192429 : # Done: 2016-05-30T23:28:17-0700 (6m 6s ago)
2016-05-30 23:34:25.192450 : process/grounding/factor/inf_istrue_has_spouse/dump/run.sh
2016-05-30 23:34:25.192472 : mark_done process/grounding/factor/inf_istrue_has_spouse/dump
2016-05-30 23:34:25.192493 : ##############################################################################
2016-05-30 23:34:25.192514 
2016-05-30 23:34:25.192535 : ## process/grounding/factor/inf_istrue_has_spouse/dump_weights ###############
2016-05-30 23:34:25.192556 : # Done: 2016-05-30T23:28:17-0700 (6m 6s ago)
2016-05-30 23:34:25.192577 : process/grounding/factor/inf_istrue_has_spouse/dump_weights/run.sh
2016-05-30 23:34:25.192599 : mark_done process/grounding/factor/inf_istrue_has_spouse/dump_weights
2016-05-30 23:34:25.192620 : ##############################################################################
2016-05-30 23:34:25.192641 
2016-05-30 23:34:25.192662 : ## process/grounding/global_weight_table #####################################
2016-05-30 23:34:25.192683 : # Done: 2016-05-30T23:28:17-0700 (6m 6s ago)
2016-05-30 23:34:25.192709 : process/grounding/global_weight_table/run.sh
2016-05-30 23:34:25.192732 : mark_done process/grounding/global_weight_table
2016-05-30 23:34:25.192753 : ##############################################################################
2016-05-30 23:34:25.192775 
2016-05-30 23:34:25.192799 : ## process/grounding/variable_holdout ########################################
2016-05-30 23:34:25.192824 : # Done: 2016-05-30T23:28:18-0700 (6m 5s ago)
2016-05-30 23:34:25.192845 : process/grounding/variable_holdout/run.sh
2016-05-30 23:34:25.192867 : mark_done process/grounding/variable_holdout
2016-05-30 23:34:25.192889 : ##############################################################################
2016-05-30 23:34:25.192910 
2016-05-30 23:34:25.192931 : ## process/grounding/variable/has_spouse/dump ################################
2016-05-30 23:34:25.192952 : # Done: 2016-05-30T23:28:18-0700 (6m 5s ago)
2016-05-30 23:34:25.192974 : process/grounding/variable/has_spouse/dump/run.sh
2016-05-30 23:34:25.192995 : mark_done process/grounding/variable/has_spouse/dump
2016-05-30 23:34:25.193016 : ##############################################################################
2016-05-30 23:34:25.193037 
2016-05-30 23:34:25.193059 : ## process/grounding/combine_factorgraph #####################################
2016-05-30 23:34:25.193080 : # Done: 2016-05-30T23:28:18-0700 (6m 5s ago)
2016-05-30 23:34:25.193101 : process/grounding/combine_factorgraph/run.sh
2016-05-30 23:34:25.193122 : mark_done process/grounding/combine_factorgraph
2016-05-30 23:34:25.193142 : ##############################################################################
2016-05-30 23:34:25.193164 
2016-05-30 23:34:25.193185 : ## model/factorgraph #########################################################
2016-05-30 23:34:25.193205 : # Done: 2016-05-30T23:28:34-0700 (5m 49s ago)
2016-05-30 23:34:25.193226 : mark_done model/factorgraph
2016-05-30 23:34:25.193247 : ##############################################################################
2016-05-30 23:34:25.193268 
2016-05-30 23:34:25.193289 : ## process/model/learning ####################################################
2016-05-30 23:34:25.193310 : # Done: 2016-05-30T23:28:48-0700 (5m 35s ago)
2016-05-30 23:34:25.193331 : process/model/learning/run.sh
2016-05-30 23:34:25.193352 : mark_done process/model/learning
2016-05-30 23:34:25.193524 : ##############################################################################
2016-05-30 23:34:25.193552 
2016-05-30 23:34:25.193577 : ## model/weights #############################################################
2016-05-30 23:34:25.193599 : # Done: 2016-05-30T23:28:48-0700 (5m 35s ago)
2016-05-30 23:34:25.193620 : mark_done model/weights
2016-05-30 23:34:25.193642 : ##############################################################################
2016-05-30 23:34:25.193664 
2016-05-30 23:34:25.193685 : ## process/model/inference ###################################################
2016-05-30 23:34:25.193706 : # Done: 2016-05-30T23:29:55-0700 (4m 28s ago)
2016-05-30 23:34:25.193727 : process/model/inference/run.sh
2016-05-30 23:34:25.193748 : mark_done process/model/inference
2016-05-30 23:34:25.193769 : ##############################################################################
2016-05-30 23:34:25.193790 
2016-05-30 23:34:25.193812 : ## model/probabilities #######################################################
2016-05-30 23:34:25.193833 : # Done: 2016-05-30T23:29:55-0700 (4m 28s ago)
2016-05-30 23:34:25.193854 : mark_done model/probabilities
2016-05-30 23:34:25.193875 : ##############################################################################
2016-05-30 23:34:25.193896 
2016-05-30 23:34:25.193917 : ## process/model/load_probabilities ##########################################
2016-05-30 23:34:25.193938 : # Done: 2016-05-30T23:33:54-0700 (29s ago)
2016-05-30 23:34:25.193959 : process/model/load_probabilities/run.sh
2016-05-30 23:34:25.194285 : mark_done process/model/load_probabilities
2016-05-30 23:34:25.194321 : ##############################################################################
2016-05-30 23:34:25.194341 
2016-05-30 23:34:25.194360 : ## data/model/probabilities ##################################################
2016-05-30 23:34:25.194378 : # Done: 2016-05-30T23:33:54-0700 (29s ago)
2016-05-30 23:34:25.194396 : # no-op
2016-05-30 23:34:25.194414 : mark_done data/model/probabilities
2016-05-30 23:34:25.194433 : ##############################################################################
2016-05-30 23:34:25.194452 
2016-05-30 23:34:25.194471 ## process/model/calibration #################################################
2016-05-30 23:34:25.194489 : # Done: 2016-05-30T23:32:35-0700 (1m 48s ago)
2016-05-30 23:34:25.194529 # Done: 2016-05-30T23:32:35-0700 (1m 47s ago)
2016-05-30 23:34:25.194557 process/model/calibration/run.sh
2016-05-30 23:34:25.194582 ++ dirname process/model/calibration/run.sh
2016-05-30 23:34:25.194603 + cd process/model/calibration
2016-05-30 23:34:25.194625 + export DEEPDIVE_CURRENT_PROCESS_NAME=process/model/calibration
2016-05-30 23:34:25.194647 + DEEPDIVE_CURRENT_PROCESS_NAME=process/model/calibration
2016-05-30 23:34:25.194668 + d=../../../model/calibration-plots
2016-05-30 23:34:25.194690 + mkdir -p ../../../model/calibration-plots
2016-05-30 23:34:25.194711 + cd ../../../model/calibration-plots
2016-05-30 23:34:25.194732 + extraOutput=/Users/emerson/Documents/Github/deepdive/examples/coach_nba/run/20160530/233422.524040000/calibration
2016-05-30 23:34:25.194753 + mkdir -p /Users/emerson/Documents/Github/deepdive/examples/coach_nba/run/20160530/233422.524040000/calibration
2016-05-30 23:34:25.194773 + DEEPDIVE_CALIBRATION_NUM_BUCKETS=10
2016-05-30 23:34:25.194793 + deepdive db create_calibration_view has_spouse label
2016-05-30 23:34:25.354096 CREATE VIEW
2016-05-30 23:34:25.355536 + draw_calibration_plot has_spouse label
2016-05-30 23:34:25.536104 + cp -a has_spouse_label.png has_spouse_label.tsv /Users/emerson/Documents/Github/deepdive/examples/coach_nba/run/20160530/233422.524040000/calibration/
2016-05-30 23:34:25.545046 mark_done process/model/calibration
2016-05-30 23:34:25.563102 ##############################################################################
2016-05-30 23:34:25.563178 
2016-05-30 23:34:25.563214 ## model/calibration-plots ###################################################
2016-05-30 23:34:25.563237 : # Done: 2016-05-30T23:32:35-0700 (1m 48s ago)
2016-05-30 23:34:25.563258 # Done: 2016-05-30T23:32:35-0700 (1m 47s ago)
2016-05-30 23:34:25.563328 mark_done model/calibration-plots
2016-05-30 23:34:25.589965 ##############################################################################
2016-05-30 23:34:25.590039 
