2016-05-21 15:30:30.190331 # on dhcp-169-233-138-157.cruznet.ucsc.edu: deepdive do has_spouse
2016-05-21 15:30:30.190625 # run/20160521/153028.102159000/plan.sh
2016-05-21 15:30:30.190652 # execution plan for data/has_spouse
2016-05-21 15:30:30.190673 
2016-05-21 15:30:30.190694 : ## process/init/app ##########################################################
2016-05-21 15:30:30.190715 : # Done: 2016-05-20T15:47:44-0700 (23h 42m 44s ago)
2016-05-21 15:30:30.190734 : process/init/app/run.sh
2016-05-21 15:30:30.190752 : mark_done process/init/app
2016-05-21 15:30:30.190771 : ##############################################################################
2016-05-21 15:30:30.190789 
2016-05-21 15:30:30.190810 : ## process/init/relation/articles ############################################
2016-05-21 15:30:30.190830 : # Done: 2016-05-20T19:16:48-0700 (20h 13m 40s ago)
2016-05-21 15:30:30.190850 : process/init/relation/articles/run.sh
2016-05-21 15:30:30.190871 : mark_done process/init/relation/articles
2016-05-21 15:30:30.190892 : ##############################################################################
2016-05-21 15:30:30.190912 
2016-05-21 15:30:30.190933 : ## data/articles #############################################################
2016-05-21 15:30:30.190953 : # Done: 2016-05-20T19:16:48-0700 (20h 13m 40s ago)
2016-05-21 15:30:30.190972 : # no-op
2016-05-21 15:30:30.190991 : mark_done data/articles
2016-05-21 15:30:30.191011 : ##############################################################################
2016-05-21 15:30:30.191030 
2016-05-21 15:30:30.191051 : ## process/ext_sentences_by_nlp_markup #######################################
2016-05-21 15:30:30.191070 : # Done: 2016-05-20T19:20:04-0700 (20h 10m 24s ago)
2016-05-21 15:30:30.191090 : process/ext_sentences_by_nlp_markup/run.sh
2016-05-21 15:30:30.191111 : mark_done process/ext_sentences_by_nlp_markup
2016-05-21 15:30:30.191154 : ##############################################################################
2016-05-21 15:30:30.191195 
2016-05-21 15:30:30.191226 : ## data/sentences ############################################################
2016-05-21 15:30:30.191251 : # Done: 2016-05-20T19:20:04-0700 (20h 10m 24s ago)
2016-05-21 15:30:30.191275 : # no-op
2016-05-21 15:30:30.191298 : mark_done data/sentences
2016-05-21 15:30:30.191320 : ##############################################################################
2016-05-21 15:30:30.191341 
2016-05-21 15:30:30.191362 : ## process/ext_person_mention_by_map_person_mention ##########################
2016-05-21 15:30:30.191386 : # Done: 2016-05-20T20:58:22-0700 (18h 32m 6s ago)
2016-05-21 15:30:30.191407 : process/ext_person_mention_by_map_person_mention/run.sh
2016-05-21 15:30:30.191426 : mark_done process/ext_person_mention_by_map_person_mention
2016-05-21 15:30:30.191446 : ##############################################################################
2016-05-21 15:30:30.191469 
2016-05-21 15:30:30.191492 : ## data/person_mention #######################################################
2016-05-21 15:30:30.191514 : # Done: 2016-05-20T20:58:22-0700 (18h 32m 6s ago)
2016-05-21 15:30:30.191534 : # no-op
2016-05-21 15:30:30.191555 : mark_done data/person_mention
2016-05-21 15:30:30.191576 : ##############################################################################
2016-05-21 15:30:30.191597 
2016-05-21 15:30:30.191619 : ## process/ext_num_people ####################################################
2016-05-21 15:30:30.191642 : # Done: 2016-05-20T21:35:41-0700 (17h 54m 47s ago)
2016-05-21 15:30:30.191661 : process/ext_num_people/run.sh
2016-05-21 15:30:30.191681 : mark_done process/ext_num_people
2016-05-21 15:30:30.191725 : ##############################################################################
2016-05-21 15:30:30.191747 
2016-05-21 15:30:30.191768 : ## data/num_people ###########################################################
2016-05-21 15:30:30.191789 : # Done: 2016-05-20T21:35:41-0700 (17h 54m 47s ago)
2016-05-21 15:30:30.191808 : # no-op
2016-05-21 15:30:30.191829 : mark_done data/num_people
2016-05-21 15:30:30.191850 : ##############################################################################
2016-05-21 15:30:30.191872 
2016-05-21 15:30:30.191934 : ## process/ext_team_mention_by_map_team_mention ##############################
2016-05-21 15:30:30.191959 : # Done: 2016-05-20T21:23:06-0700 (18h 7m 22s ago)
2016-05-21 15:30:30.191982 : process/ext_team_mention_by_map_team_mention/run.sh
2016-05-21 15:30:30.192003 : mark_done process/ext_team_mention_by_map_team_mention
2016-05-21 15:30:30.192024 : ##############################################################################
2016-05-21 15:30:30.192073 
2016-05-21 15:30:30.192103 : ## data/team_mention #########################################################
2016-05-21 15:30:30.192141 : # Done: 2016-05-20T22:05:04-0700 (17h 25m 24s ago)
2016-05-21 15:30:30.192162 : # no-op
2016-05-21 15:30:30.192196 : mark_done data/team_mention
2016-05-21 15:30:30.192246 : ##############################################################################
2016-05-21 15:30:30.192270 
2016-05-21 15:30:30.192291 : ## process/ext_spouse_candidate ##############################################
2016-05-21 15:30:30.192312 : # Done: 2016-05-20T22:17:52-0700 (17h 12m 36s ago)
2016-05-21 15:30:30.192330 : process/ext_spouse_candidate/run.sh
2016-05-21 15:30:30.192351 : mark_done process/ext_spouse_candidate
2016-05-21 15:30:30.192372 : ##############################################################################
2016-05-21 15:30:30.192392 
2016-05-21 15:30:30.192412 : ## data/spouse_candidate #####################################################
2016-05-21 15:30:30.192431 : # Done: 2016-05-20T22:17:52-0700 (17h 12m 36s ago)
2016-05-21 15:30:30.192449 : # no-op
2016-05-21 15:30:30.192470 : mark_done data/spouse_candidate
2016-05-21 15:30:30.192490 : ##############################################################################
2016-05-21 15:30:30.192511 
2016-05-21 15:30:30.192531 : ## process/ext_spouse_label__0_by_supervise ##################################
2016-05-21 15:30:30.192550 : # Done: 2016-05-20T22:17:53-0700 (17h 12m 35s ago)
2016-05-21 15:30:30.192569 : process/ext_spouse_label__0_by_supervise/run.sh
2016-05-21 15:30:30.192590 : mark_done process/ext_spouse_label__0_by_supervise
2016-05-21 15:30:30.192610 : ##############################################################################
2016-05-21 15:30:30.192631 
2016-05-21 15:30:30.192649 : ## data/spouse_label__0 ######################################################
2016-05-21 15:30:30.192668 : # Done: 2016-05-20T22:17:53-0700 (17h 12m 35s ago)
2016-05-21 15:30:30.192688 : # no-op
2016-05-21 15:30:30.192708 : mark_done data/spouse_label__0
2016-05-21 15:30:30.192729 : ##############################################################################
2016-05-21 15:30:30.192747 
2016-05-21 15:30:30.192766 : ## process/init/relation/spouses_dbpedia #####################################
2016-05-21 15:30:30.192787 : # Done: 2016-05-21T12:09:26-0700 (3h 21m 2s ago)
2016-05-21 15:30:30.192808 : process/init/relation/spouses_dbpedia/run.sh
2016-05-21 15:30:30.192828 : mark_done process/init/relation/spouses_dbpedia
2016-05-21 15:30:30.192846 : ##############################################################################
2016-05-21 15:30:30.192865 
2016-05-21 15:30:30.192885 : ## data/spouses_dbpedia ######################################################
2016-05-21 15:30:30.192905 : # Done: 2016-05-21T12:09:26-0700 (3h 21m 2s ago)
2016-05-21 15:30:30.192925 : # no-op
2016-05-21 15:30:30.192946 : mark_done data/spouses_dbpedia
2016-05-21 15:30:30.192964 : ##############################################################################
2016-05-21 15:30:30.192985 
2016-05-21 15:30:30.193006 : ## process/ext_spouse_label ##################################################
2016-05-21 15:30:30.193026 : # Done: 2016-05-21T15:28:40-0700 (1m 48s ago)
2016-05-21 15:30:30.193047 : process/ext_spouse_label/run.sh
2016-05-21 15:30:30.193065 : mark_done process/ext_spouse_label
2016-05-21 15:30:30.193084 : ##############################################################################
2016-05-21 15:30:30.193105 
2016-05-21 15:30:30.193124 : ## data/spouse_label #########################################################
2016-05-21 15:30:30.193144 : # Done: 2016-05-21T15:28:40-0700 (1m 48s ago)
2016-05-21 15:30:30.193164 : # no-op
2016-05-21 15:30:30.193185 : mark_done data/spouse_label
2016-05-21 15:30:30.193205 : ##############################################################################
2016-05-21 15:30:30.193226 
2016-05-21 15:30:30.193248 : ## process/ext_spouse_label_resolved #########################################
2016-05-21 15:30:30.193270 : # Done: 2016-05-21T15:28:41-0700 (1m 47s ago)
2016-05-21 15:30:30.193292 : process/ext_spouse_label_resolved/run.sh
2016-05-21 15:30:30.193313 : mark_done process/ext_spouse_label_resolved
2016-05-21 15:30:30.193334 : ##############################################################################
2016-05-21 15:30:30.193352 
2016-05-21 15:30:30.193374 : ## data/spouse_label_resolved ################################################
2016-05-21 15:30:30.193396 : # Done: 2016-05-21T15:28:41-0700 (1m 47s ago)
2016-05-21 15:30:30.193417 : # no-op
2016-05-21 15:30:30.193437 : mark_done data/spouse_label_resolved
2016-05-21 15:30:30.193458 : ##############################################################################
2016-05-21 15:30:30.193478 
2016-05-21 15:30:30.193498 ## process/ext_has_spouse ####################################################
2016-05-21 15:30:30.193519 # Done: 2016-05-20T22:17:55-0700 (17h 12m 33s ago)
2016-05-21 15:30:30.193539 process/ext_has_spouse/run.sh
2016-05-21 15:30:30.193559 ++ dirname process/ext_has_spouse/run.sh
2016-05-21 15:30:30.193581 + cd process/ext_has_spouse
2016-05-21 15:30:30.193604 + export DEEPDIVE_CURRENT_PROCESS_NAME=process/ext_has_spouse
2016-05-21 15:30:30.193623 + DEEPDIVE_CURRENT_PROCESS_NAME=process/ext_has_spouse
2016-05-21 15:30:30.193644 + deepdive create table has_spouse
2016-05-21 15:30:30.357714 CREATE TABLE
2016-05-21 15:30:30.359022 + deepdive sql 'INSERT INTO has_spouse SELECT DISTINCT R0.column_0, R0.column_1, 0 AS id, 
2016-05-21 15:30:30.359117 CASE WHEN R0.column_2 > 0 THEN true
2016-05-21 15:30:30.359160      WHEN R0.column_2 < 0 THEN false
2016-05-21 15:30:30.359198      ELSE NULL
2016-05-21 15:30:30.359264 END AS label
2016-05-21 15:30:30.359323           FROM spouse_label_resolved R0
2016-05-21 15:30:30.359371         
2016-05-21 15:30:30.359433           '
2016-05-21 15:30:30.451210 INSERT 0 103
2016-05-21 15:30:30.452527 mark_done process/ext_has_spouse
2016-05-21 15:30:30.469485 ##############################################################################
2016-05-21 15:30:30.469539 
2016-05-21 15:30:30.469553 ## data/has_spouse ###########################################################
2016-05-21 15:30:30.469572 # Done: 2016-05-20T22:17:55-0700 (17h 12m 33s ago)
2016-05-21 15:30:30.469644 # no-op
2016-05-21 15:30:30.469673 mark_done data/has_spouse
2016-05-21 15:30:30.484943 ##############################################################################
2016-05-21 15:30:30.485075 
