2016-05-22 17:08:47.284059 # on eduroam-169-233-210-202.ucsc.edu: deepdive do has_spouse
2016-05-22 17:08:47.284379 # run/20160522/170845.460725000/plan.sh
2016-05-22 17:08:47.284417 # execution plan for data/has_spouse
2016-05-22 17:08:47.284446 
2016-05-22 17:08:47.284471 : ## process/init/app ##########################################################
2016-05-22 17:08:47.284494 : # Done: 2016-05-22T16:58:31-0700 (10m 14s ago)
2016-05-22 17:08:47.284513 : process/init/app/run.sh
2016-05-22 17:08:47.284532 : mark_done process/init/app
2016-05-22 17:08:47.284552 : ##############################################################################
2016-05-22 17:08:47.284572 
2016-05-22 17:08:47.284590 : ## process/init/relation/articles ############################################
2016-05-22 17:08:47.284610 : # Done: 2016-05-22T17:01:30-0700 (7m 15s ago)
2016-05-22 17:08:47.284630 : process/init/relation/articles/run.sh
2016-05-22 17:08:47.284649 : mark_done process/init/relation/articles
2016-05-22 17:08:47.284668 : ##############################################################################
2016-05-22 17:08:47.284687 
2016-05-22 17:08:47.284705 : ## data/articles #############################################################
2016-05-22 17:08:47.284724 : # Done: 2016-05-22T17:01:30-0700 (7m 15s ago)
2016-05-22 17:08:47.284744 : # no-op
2016-05-22 17:08:47.284763 : mark_done data/articles
2016-05-22 17:08:47.284782 : ##############################################################################
2016-05-22 17:08:47.284800 
2016-05-22 17:08:47.284822 : ## process/ext_sentences_by_nlp_markup #######################################
2016-05-22 17:08:47.284845 : # Done: 2016-05-22T17:03:30-0700 (5m 15s ago)
2016-05-22 17:08:47.284865 : process/ext_sentences_by_nlp_markup/run.sh
2016-05-22 17:08:47.284884 : mark_done process/ext_sentences_by_nlp_markup
2016-05-22 17:08:47.284908 : ##############################################################################
2016-05-22 17:08:47.284934 
2016-05-22 17:08:47.284957 : ## data/sentences ############################################################
2016-05-22 17:08:47.284979 : # Done: 2016-05-22T17:03:30-0700 (5m 15s ago)
2016-05-22 17:08:47.284999 : # no-op
2016-05-22 17:08:47.285021 : mark_done data/sentences
2016-05-22 17:08:47.285040 : ##############################################################################
2016-05-22 17:08:47.285059 
2016-05-22 17:08:47.285080 : ## process/ext_person_mention_by_map_person_mention ##########################
2016-05-22 17:08:47.285098 : # Done: 2016-05-22T17:06:48-0700 (1m 57s ago)
2016-05-22 17:08:47.285118 : process/ext_person_mention_by_map_person_mention/run.sh
2016-05-22 17:08:47.285138 : mark_done process/ext_person_mention_by_map_person_mention
2016-05-22 17:08:47.285160 : ##############################################################################
2016-05-22 17:08:47.285179 
2016-05-22 17:08:47.285200 : ## data/person_mention #######################################################
2016-05-22 17:08:47.285219 : # Done: 2016-05-22T17:06:48-0700 (1m 57s ago)
2016-05-22 17:08:47.285239 : # no-op
2016-05-22 17:08:47.285260 : mark_done data/person_mention
2016-05-22 17:08:47.285279 : ##############################################################################
2016-05-22 17:08:47.285299 
2016-05-22 17:08:47.285320 : ## process/ext_num_people ####################################################
2016-05-22 17:08:47.285340 : # Done: 2016-05-22T17:07:07-0700 (1m 38s ago)
2016-05-22 17:08:47.285391 : process/ext_num_people/run.sh
2016-05-22 17:08:47.285422 : mark_done process/ext_num_people
2016-05-22 17:08:47.285446 : ##############################################################################
2016-05-22 17:08:47.285468 
2016-05-22 17:08:47.285489 : ## data/num_people ###########################################################
2016-05-22 17:08:47.285509 : # Done: 2016-05-22T17:07:07-0700 (1m 38s ago)
2016-05-22 17:08:47.285529 : # no-op
2016-05-22 17:08:47.285551 : mark_done data/num_people
2016-05-22 17:08:47.285575 : ##############################################################################
2016-05-22 17:08:47.285595 
2016-05-22 17:08:47.285616 : ## process/ext_team_mention_by_map_team_mention ##############################
2016-05-22 17:08:47.285638 : # Done: 2016-05-22T17:05:38-0700 (3m 7s ago)
2016-05-22 17:08:47.285658 : process/ext_team_mention_by_map_team_mention/run.sh
2016-05-22 17:08:47.285677 : mark_done process/ext_team_mention_by_map_team_mention
2016-05-22 17:08:47.285717 : ##############################################################################
2016-05-22 17:08:47.285739 
2016-05-22 17:08:47.285760 : ## data/team_mention #########################################################
2016-05-22 17:08:47.285781 : # Done: 2016-05-22T17:05:38-0700 (3m 7s ago)
2016-05-22 17:08:47.285802 : # no-op
2016-05-22 17:08:47.285839 : mark_done data/team_mention
2016-05-22 17:08:47.285862 : ##############################################################################
2016-05-22 17:08:47.285883 
2016-05-22 17:08:47.285902 : ## process/ext_spouse_candidate ##############################################
2016-05-22 17:08:47.285922 : # Done: 2016-05-22T17:07:07-0700 (1m 38s ago)
2016-05-22 17:08:47.285941 : process/ext_spouse_candidate/run.sh
2016-05-22 17:08:47.285961 : mark_done process/ext_spouse_candidate
2016-05-22 17:08:47.285981 : ##############################################################################
2016-05-22 17:08:47.286003 
2016-05-22 17:08:47.286025 : ## data/spouse_candidate #####################################################
2016-05-22 17:08:47.286045 : # Done: 2016-05-22T17:07:07-0700 (1m 38s ago)
2016-05-22 17:08:47.286066 : # no-op
2016-05-22 17:08:47.286089 : mark_done data/spouse_candidate
2016-05-22 17:08:47.286112 : ##############################################################################
2016-05-22 17:08:47.286131 
2016-05-22 17:08:47.286149 ## process/ext_spouse_label__0_by_supervise ##################################
2016-05-22 17:08:47.286165 : # Done: 2016-05-22T16:59:51-0700 (8m 55s ago)
2016-05-22 17:08:47.286182 # Done: 2016-05-22T16:59:51-0700 (8m 54s ago)
2016-05-22 17:08:47.286199 process/ext_spouse_label__0_by_supervise/run.sh
2016-05-22 17:08:47.286216 ++ dirname process/ext_spouse_label__0_by_supervise/run.sh
2016-05-22 17:08:47.286234 + cd process/ext_spouse_label__0_by_supervise
2016-05-22 17:08:47.286252 + export DEEPDIVE_CURRENT_PROCESS_NAME=process/ext_spouse_label__0_by_supervise
2016-05-22 17:08:47.286269 + DEEPDIVE_CURRENT_PROCESS_NAME=process/ext_spouse_label__0_by_supervise
2016-05-22 17:08:47.286286 + export DEEPDIVE_LOAD_FORMAT=tsv
2016-05-22 17:08:47.286303 + DEEPDIVE_LOAD_FORMAT=tsv
2016-05-22 17:08:47.286322 + deepdive compute execute 'input_sql= SELECT R0.p_id AS "spouse_candidate.R0.p_id", R1.begin_index AS "person_mention.R1.begin_index", R1.end_index AS "person_mention.R1.end_index", R0.t_id AS "spouse_candidate.R0.t_id", R2.begin_index AS "team_mention.R2.begin_index", R2.end_index AS "team_mention.R2.end_index", R1.doc_id AS "person_mention.R1.doc_id", R1.sentence_index AS "person_mention.R1.sentence_index", R3.sentence_text AS "sentences.R3.sentence_text", R3.tokens AS "sentences.R3.tokens", R3.lemmas AS "sentences.R3.lemmas", R3.pos_tags AS "sentences.R3.pos_tags", R3.ner_tags AS "sentences.R3.ner_tags", R3.dep_types AS "sentences.R3.dep_types", R3.dep_tokens AS "sentences.R3.dep_tokens"
2016-05-22 17:08:47.286340 FROM spouse_candidate R0, person_mention R1, team_mention R2, sentences R3
2016-05-22 17:08:47.286358         WHERE R1.mention_id = R0.p_id  AND R2.team_id = R0.t_id  AND R3.doc_id = R1.doc_id  AND R3.sentence_index = R1.sentence_index 
2016-05-22 17:08:47.286376           ' 'command="$DEEPDIVE_APP"/udf/supervise_spouse.py' output_relation=spouse_label__0
2016-05-22 17:08:47.347380 Executing with the following configuration:
2016-05-22 17:08:47.347441  DEEPDIVE_NUM_PROCESSES=3
2016-05-22 17:08:47.347466  DEEPDIVE_NUM_PARALLEL_UNLOADS=1
2016-05-22 17:08:47.347488  DEEPDIVE_NUM_PARALLEL_LOADS=1
2016-05-22 17:08:47.347588  output_relation_tmp=dd_tmp_spouse_label__0
2016-05-22 17:08:47.347634 
2016-05-22 17:08:47.545911 CREATE TABLE
2016-05-22 17:08:47.660648 CREATE TABLE
2016-05-22 17:08:47.851496 unloading to feed_processes-1: ' SELECT R0.p_id AS "spouse_candidate.R0.p_id", R1.begin_index AS "person_mention.R1.begin_index", R1.end_index AS "person_mention.R1.end_index", R0.t_id AS "spouse_candidate.R0.t_id", R2.begin_index AS "team_mention.R2.begin_index", R2.end_index AS "team_mention.R2.end_index", R1.doc_id AS "person_mention.R1.doc_id", R1.sentence_index AS "person_mention.R1.sentence_index", R3.sentence_text AS "sentences.R3.sentence_text", R3.tokens AS "sentences.R3.tokens", R3.lemmas AS "sentences.R3.lemmas", R3.pos_tags AS "sentences.R3.pos_tags", R3.ner_tags AS "sentences.R3.ner_tags", R3.dep_types AS "sentences.R3.dep_types", R3.dep_tokens AS "sentences.R3.dep_tokens"
2016-05-22 17:08:47.851562 FROM spouse_candidate R0, person_mention R1, team_mention R2, sentences R3
2016-05-22 17:08:47.851583         WHERE R1.mention_id = R0.p_id  AND R2.team_id = R0.t_id  AND R3.doc_id = R1.doc_id  AND R3.sentence_index = R1.sentence_index 
2016-05-22 17:08:47.851600           '
2016-05-22 17:08:47.909120 Loading dd_tmp_spouse_label__0 from output_computed-1 (tsv format)
2016-05-22 17:08:48.112138 COPY 115
2016-05-22 17:08:48.120156 Replacing spouse_label__0 with dd_tmp_spouse_label__0
2016-05-22 17:08:48.202006 DROP TABLE
2016-05-22 17:08:48.287854 ALTER TABLE
2016-05-22 17:08:48.378335 ALTER TABLE
2016-05-22 17:08:48.468896 DROP TABLE
2016-05-22 17:08:48.509998 ANALYZE
2016-05-22 17:08:48.518651 mark_done process/ext_spouse_label__0_by_supervise
2016-05-22 17:08:48.542424 ##############################################################################
2016-05-22 17:08:48.542503 
2016-05-22 17:08:48.542533 ## data/spouse_label__0 ######################################################
2016-05-22 17:08:48.542553 : # Done: 2016-05-22T16:59:51-0700 (8m 55s ago)
2016-05-22 17:08:48.542571 # Done: 2016-05-22T16:59:51-0700 (8m 54s ago)
2016-05-22 17:08:48.542591 # no-op
2016-05-22 17:08:48.542614 mark_done data/spouse_label__0
2016-05-22 17:08:48.568497 ##############################################################################
2016-05-22 17:08:48.568568 
2016-05-22 17:08:48.568601 : ## process/init/relation/spouses_dbpedia #####################################
2016-05-22 17:08:48.568625 : # Done: 2016-05-22T17:08:19-0700 (27s ago)
2016-05-22 17:08:48.568648 : process/init/relation/spouses_dbpedia/run.sh
2016-05-22 17:08:48.568671 : mark_done process/init/relation/spouses_dbpedia
2016-05-22 17:08:48.568727 : ##############################################################################
2016-05-22 17:08:48.568761 
2016-05-22 17:08:48.568780 : ## data/spouses_dbpedia ######################################################
2016-05-22 17:08:48.568799 : # Done: 2016-05-22T17:08:19-0700 (27s ago)
2016-05-22 17:08:48.568817 : # no-op
2016-05-22 17:08:48.568835 : mark_done data/spouses_dbpedia
2016-05-22 17:08:48.568855 : ##############################################################################
2016-05-22 17:08:48.568875 
2016-05-22 17:08:48.568893 ## process/ext_spouse_label ##################################################
2016-05-22 17:08:48.568912 : # Done: 2016-05-22T16:59:52-0700 (8m 54s ago)
2016-05-22 17:08:48.568931 # Done: 2016-05-22T16:59:52-0700 (8m 53s ago)
2016-05-22 17:08:48.568950 process/ext_spouse_label/run.sh
2016-05-22 17:08:48.579166 ++ dirname process/ext_spouse_label/run.sh
2016-05-22 17:08:48.583377 + cd process/ext_spouse_label
2016-05-22 17:08:48.583531 + export DEEPDIVE_CURRENT_PROCESS_NAME=process/ext_spouse_label
2016-05-22 17:08:48.583565 + DEEPDIVE_CURRENT_PROCESS_NAME=process/ext_spouse_label
2016-05-22 17:08:48.583588 + deepdive create table spouse_label
2016-05-22 17:08:48.732375 NOTICE:  drop cascades to view spouse_label_resolved
2016-05-22 17:08:48.746038 CREATE TABLE
2016-05-22 17:08:48.747410 + deepdive sql 'INSERT INTO spouse_label SELECT R0.p_id AS "spouse_candidate.R0.p_id", R0.t_id AS "spouse_candidate.R0.t_id", 0 AS column_2, NULL AS column_3
2016-05-22 17:08:48.747480 FROM spouse_candidate R0
2016-05-22 17:08:48.747503         
2016-05-22 17:08:48.747524 UNION ALL
2016-05-22 17:08:48.747545 SELECT R0.p_id AS "spouse_candidate.R0.p_id", R0.t_id AS "spouse_candidate.R0.t_id", 1 AS column_2, '\''from_dbpedia'\'' AS column_3
2016-05-22 17:08:48.747567 FROM spouse_candidate R0, spouses_dbpedia R1
2016-05-22 17:08:48.747588         WHERE ((lower(R1.p_name) = lower(R0.p_name) AND lower(R1.t_name) = lower(R0.p_name)) OR (lower(R1.t_name) = lower(R0.t_name) AND lower(R1.p_name) = lower(R0.t_name)))
2016-05-22 17:08:48.747609 UNION ALL
2016-05-22 17:08:48.747627 SELECT R0.p_id AS "spouse_label__0.R0.p_id", R0.t_id AS "spouse_label__0.R0.t_id", R0.label AS "spouse_label__0.R0.label", R0.rule_id AS "spouse_label__0.R0.rule_id"
2016-05-22 17:08:48.747650 FROM spouse_label__0 R0
2016-05-22 17:08:48.747672         '
2016-05-22 17:08:48.892138 INSERT 0 218
2016-05-22 17:08:48.893674 mark_done process/ext_spouse_label
2016-05-22 17:08:48.911811 ##############################################################################
2016-05-22 17:08:48.911901 
2016-05-22 17:08:48.911940 ## data/spouse_label #########################################################
2016-05-22 17:08:48.911964 : # Done: 2016-05-22T16:59:52-0700 (8m 54s ago)
2016-05-22 17:08:48.911984 # Done: 2016-05-22T16:59:52-0700 (8m 53s ago)
2016-05-22 17:08:48.912006 # no-op
2016-05-22 17:08:48.912027 mark_done data/spouse_label
2016-05-22 17:08:48.934146 ##############################################################################
2016-05-22 17:08:48.934221 
2016-05-22 17:08:48.934253 ## process/ext_spouse_label_resolved #########################################
2016-05-22 17:08:48.934280 : # Done: 2016-05-22T17:01:12-0700 (7m 34s ago)
2016-05-22 17:08:48.934302 # Done: 2016-05-22T17:01:12-0700 (7m 33s ago)
2016-05-22 17:08:48.934325 process/ext_spouse_label_resolved/run.sh
2016-05-22 17:08:48.945426 ++ dirname process/ext_spouse_label_resolved/run.sh
2016-05-22 17:08:48.951605 + cd process/ext_spouse_label_resolved
2016-05-22 17:08:48.951742 + export DEEPDIVE_CURRENT_PROCESS_NAME=process/ext_spouse_label_resolved
2016-05-22 17:08:48.951779 + DEEPDIVE_CURRENT_PROCESS_NAME=process/ext_spouse_label_resolved
2016-05-22 17:08:48.951839 + deepdive create view spouse_label_resolved as 'SELECT R0.p_id AS column_0, R0.t_id AS column_1, SUM(R0.label) AS column_2
2016-05-22 17:08:48.951881 FROM spouse_label R0
2016-05-22 17:08:48.951904         
2016-05-22 17:08:48.951924         GROUP BY R0.p_id, R0.t_id'
2016-05-22 17:08:49.112784 CREATE VIEW
2016-05-22 17:08:49.114239 mark_done process/ext_spouse_label_resolved
2016-05-22 17:08:49.133612 ##############################################################################
2016-05-22 17:08:49.133680 
2016-05-22 17:08:49.133706 ## data/spouse_label_resolved ################################################
2016-05-22 17:08:49.133728 : # Done: 2016-05-22T17:01:12-0700 (7m 34s ago)
2016-05-22 17:08:49.133747 # Done: 2016-05-22T17:01:12-0700 (7m 33s ago)
2016-05-22 17:08:49.133764 # no-op
2016-05-22 17:08:49.133783 mark_done data/spouse_label_resolved
2016-05-22 17:08:49.158129 ##############################################################################
2016-05-22 17:08:49.158198 
2016-05-22 17:08:49.158226 ## process/ext_has_spouse ####################################################
2016-05-22 17:08:49.158247 : # Done: 2016-05-22T17:01:12-0700 (7m 34s ago)
2016-05-22 17:08:49.158266 # Done: 2016-05-22T17:01:12-0700 (7m 33s ago)
2016-05-22 17:08:49.158368 process/ext_has_spouse/run.sh
2016-05-22 17:08:49.167778 ++ dirname process/ext_has_spouse/run.sh
2016-05-22 17:08:49.171625 + cd process/ext_has_spouse
2016-05-22 17:08:49.171781 + export DEEPDIVE_CURRENT_PROCESS_NAME=process/ext_has_spouse
2016-05-22 17:08:49.171829 + DEEPDIVE_CURRENT_PROCESS_NAME=process/ext_has_spouse
2016-05-22 17:08:49.171872 + deepdive create table has_spouse
2016-05-22 17:08:49.323903 CREATE TABLE
2016-05-22 17:08:49.325071 + deepdive sql 'INSERT INTO has_spouse SELECT DISTINCT R0.column_0, R0.column_1, 0 AS id, 
2016-05-22 17:08:49.325202 CASE WHEN R0.column_2 > 0 THEN true
2016-05-22 17:08:49.325245      WHEN R0.column_2 < 0 THEN false
2016-05-22 17:08:49.325268      ELSE NULL
2016-05-22 17:08:49.325289 END AS label
2016-05-22 17:08:49.325311           FROM spouse_label_resolved R0
2016-05-22 17:08:49.325332         
2016-05-22 17:08:49.325354           '
2016-05-22 17:08:49.410908 INSERT 0 103
2016-05-22 17:08:49.412158 mark_done process/ext_has_spouse
2016-05-22 17:08:49.428235 ##############################################################################
2016-05-22 17:08:49.428285 
2016-05-22 17:08:49.428303 ## data/has_spouse ###########################################################
2016-05-22 17:08:49.428325 : # Done: 2016-05-22T17:01:12-0700 (7m 34s ago)
2016-05-22 17:08:49.428347 # Done: 2016-05-22T17:01:12-0700 (7m 33s ago)
2016-05-22 17:08:49.428384 # no-op
2016-05-22 17:08:49.428455 mark_done data/has_spouse
2016-05-22 17:08:49.443957 ##############################################################################
2016-05-22 17:08:49.444028 
