2016-05-29 12:09:49.791295 ‘run/LATEST.COMPILE/120949.317620000’ -> ‘20160529/120949.317620000’
2016-05-29 12:09:49.791816 ‘run/RUNNING.COMPILE’ -> ‘20160529/120949.317620000’
2016-05-29 12:09:49.791851 Parsing DeepDive application (/Users/emerson/Documents/Github/deepdive/examples/coach_nba) to generate:
2016-05-29 12:09:49.791874  run/compiled/schema.json
2016-05-29 12:09:49.791894   from app.ddlog
2016-05-29 12:09:51.306304  run/compiled/deepdive.conf
2016-05-29 12:09:51.306575   from app.ddlog
2016-05-29 12:09:52.358936   from deepdive.conf
2016-05-29 12:09:52.369935  run/compiled/deepdive.conf.json
2016-05-29 12:09:52.917076 Performing sanity checks on run/compiled/deepdive.conf.json:
2016-05-29 12:09:53.007516  checking if input_extractors_well_defined
2016-05-29 12:09:53.007589  checking if input_schema_wellformed
2016-05-29 12:09:53.008027 Normalizing and adding built-in processes to the data flow to compile:
2016-05-29 12:09:53.008591  run/compiled/config-0.00-init_objects.json
2016-05-29 12:09:53.042777  run/compiled/config-0.01-parse_calibration.json
2016-05-29 12:09:53.080066  run/compiled/config-0.01-parse_schema.json
2016-05-29 12:09:53.125356  run/compiled/config-0.51-add_init_app.json
2016-05-29 12:09:53.150534  run/compiled/config-0.52-input_loader.json
2016-05-29 12:09:53.179235  run/compiled/config-1.00-qualified_names.json
2016-05-29 12:09:53.209995  run/compiled/config-1.01-parse_inference_rules.json
2016-05-29 12:09:53.265672  run/compiled/config-2.01-grounding.json
2016-05-29 12:09:53.375499  run/compiled/config-2.02-learning_inference.json
2016-05-29 12:09:53.422880  run/compiled/config-2.03-calibration_plots.json
2016-05-29 12:09:53.463127  run/compiled/config-9.98-ensure_init_app.json
2016-05-29 12:09:53.510060  run/compiled/config-9.99-dependencies.json
2016-05-29 12:09:53.558923  run/compiled/config.json
2016-05-29 12:09:53.565446 Validating run/compiled/config.json:
2016-05-29 12:09:53.720741  checking if compiled_base_relations_have_input_data
2016-05-29 12:09:53.720808  [WARNING] input/init.sh should load all base relations: articles spouses_dbpedia spouses_dbpedia_negative 
2016-05-29 12:09:53.720836  checking if compiled_dependencies_correct
2016-05-29 12:09:53.720860  checking if compiled_input_output_well_defined
2016-05-29 12:09:53.720907  checking if compiled_output_uniquely_defined
2016-05-29 12:09:53.721168 Compiling executable code into:
2016-05-29 12:09:53.721722  run/compiled/code-Makefile.json
2016-05-29 12:09:53.771404  run/compiled/code-cmd_extractor.json
2016-05-29 12:09:53.819003  run/compiled/code-dataflow_dot.json
2016-05-29 12:09:53.870024  run/compiled/code-sql_extractor.json
2016-05-29 12:09:53.917594  run/compiled/code-tsv_extractor.json
2016-05-29 12:09:53.971878 Generating files:
2016-05-29 12:09:54.017717  run/Makefile
2016-05-29 12:09:54.074925  run/process/init/app/run.sh
2016-05-29 12:09:54.103388  run/process/init/relation/articles/run.sh
2016-05-29 12:09:54.126369  run/process/init/relation/spouses_dbpedia/run.sh
2016-05-29 12:09:54.155736  run/process/init/relation/spouses_dbpedia_negative/run.sh
2016-05-29 12:09:54.186244  run/process/ext_has_spouse/run.sh
2016-05-29 12:09:54.227149  run/process/ext_num_people/run.sh
2016-05-29 12:09:54.253049  run/process/ext_num_team/run.sh
2016-05-29 12:09:54.285618  run/process/ext_spouse_candidate/run.sh
2016-05-29 12:09:54.307668  run/process/ext_spouse_label/run.sh
2016-05-29 12:09:54.333500  run/process/ext_spouse_label_resolved/run.sh
2016-05-29 12:09:54.358729  run/process/grounding/variable_id_partition/run.sh
2016-05-29 12:09:54.380413  run/process/grounding/variable/has_spouse/assign_id/run.sh
2016-05-29 12:09:54.404019  run/process/grounding/variable_holdout/run.sh
2016-05-29 12:09:54.439632  run/process/grounding/variable/has_spouse/dump/run.sh
2016-05-29 12:09:54.459488  run/process/grounding/factor/inf1_istrue_has_spouse/materialize/run.sh
2016-05-29 12:09:54.484735  run/process/grounding/factor/inf2_istrue_has_spouse/materialize/run.sh
2016-05-29 12:09:54.509085  run/process/grounding/factor/inf_imply_has_spouse_has_spouse/materialize/run.sh
2016-05-29 12:09:54.534092  run/process/grounding/factor/inf_istrue_has_spouse/materialize/run.sh
2016-05-29 12:09:54.559931  run/process/grounding/weight_id_partition/run.sh
2016-05-29 12:09:54.586355  run/process/grounding/global_weight_table/run.sh
2016-05-29 12:09:54.613692  run/process/grounding/factor/inf1_istrue_has_spouse/assign_weight_id/run.sh
2016-05-29 12:09:54.647033  run/process/grounding/factor/inf2_istrue_has_spouse/assign_weight_id/run.sh
2016-05-29 12:09:54.668228  run/process/grounding/factor/inf_imply_has_spouse_has_spouse/assign_weight_id/run.sh
2016-05-29 12:09:54.692763  run/process/grounding/factor/inf_istrue_has_spouse/assign_weight_id/run.sh
2016-05-29 12:09:54.717499  run/process/grounding/factor/inf1_istrue_has_spouse/dump/run.sh
2016-05-29 12:09:54.742795  run/process/grounding/factor/inf2_istrue_has_spouse/dump/run.sh
2016-05-29 12:09:54.768699  run/process/grounding/factor/inf_imply_has_spouse_has_spouse/dump/run.sh
2016-05-29 12:09:54.807581  run/process/grounding/factor/inf_istrue_has_spouse/dump/run.sh
2016-05-29 12:09:54.833261  run/process/grounding/factor/inf1_istrue_has_spouse/dump_weights/run.sh
2016-05-29 12:09:54.861747  run/process/grounding/factor/inf2_istrue_has_spouse/dump_weights/run.sh
2016-05-29 12:09:54.884947  run/process/grounding/factor/inf_imply_has_spouse_has_spouse/dump_weights/run.sh
2016-05-29 12:09:54.910764  run/process/grounding/factor/inf_istrue_has_spouse/dump_weights/run.sh
2016-05-29 12:09:54.938384  run/process/grounding/combine_factorgraph/run.sh
2016-05-29 12:09:54.972610  run/process/model/learning/run.sh
2016-05-29 12:09:54.996594  run/process/model/inference/run.sh
2016-05-29 12:09:55.022859  run/process/model/load_weights/run.sh
2016-05-29 12:09:55.046255  run/process/model/load_probabilities/run.sh
2016-05-29 12:09:55.071759  run/process/model/calibration/run.sh
2016-05-29 12:09:55.110621  run/dataflow.dot
2016-05-29 12:09:55.145850  run/process/ext_person_mention_by_map_person_mention/run.sh
2016-05-29 12:09:55.168518  run/process/ext_sentences_by_nlp_markup/run.sh
2016-05-29 12:09:55.193031  run/process/ext_spouse_feature_by_extract_spouse_features/run.sh
2016-05-29 12:09:55.217462  run/process/ext_spouse_label__0_by_supervise/run.sh
2016-05-29 12:09:55.242679  run/process/ext_team_mention_by_map_team_mention/run.sh
2016-05-29 12:09:55.455496 Warning: Could not load "/Users/emerson/local/lib/bundled/graphviz/prefix/bin/../lib/graphviz/libgvplugin_pango.6.dylib" - file not found
2016-05-29 12:09:55.533537  run/dataflow.svg
2016-05-29 12:09:55.534541   (file:///Users/emerson/Documents/Github/deepdive/examples/coach_nba/run/dataflow.svg)
2016-05-29 12:09:55.538286 mv: cannot move ‘run/compiled’ to ‘run/compiled~’: Directory not empty
