2016-05-22 12:16:14.035988 # on eduroam-169-233-210-202.ucsc.edu: deepdive do spouse_feature
2016-05-22 12:16:14.036285 # run/20160522/121612.597468000/plan.sh
2016-05-22 12:16:14.036309 # execution plan for data/spouse_feature
2016-05-22 12:16:14.036330 
2016-05-22 12:16:14.036351 : ## process/init/app ##########################################################
2016-05-22 12:16:14.036371 : # Done: 2016-05-22T11:25:05-0700 (51m 7s ago)
2016-05-22 12:16:14.036390 : process/init/app/run.sh
2016-05-22 12:16:14.036409 : mark_done process/init/app
2016-05-22 12:16:14.036429 : ##############################################################################
2016-05-22 12:16:14.036448 
2016-05-22 12:16:14.036470 : ## process/init/relation/articles ############################################
2016-05-22 12:16:14.036489 : # Done: 2016-05-22T11:55:52-0700 (20m 20s ago)
2016-05-22 12:16:14.036510 : process/init/relation/articles/run.sh
2016-05-22 12:16:14.036529 : mark_done process/init/relation/articles
2016-05-22 12:16:14.036547 : ##############################################################################
2016-05-22 12:16:14.036565 
2016-05-22 12:16:14.036584 : ## data/articles #############################################################
2016-05-22 12:16:14.036615 : # Done: 2016-05-22T11:55:52-0700 (20m 20s ago)
2016-05-22 12:16:14.036644 : # no-op
2016-05-22 12:16:14.036665 : mark_done data/articles
2016-05-22 12:16:14.036685 : ##############################################################################
2016-05-22 12:16:14.036706 
2016-05-22 12:16:14.036726 : ## process/ext_sentences_by_nlp_markup #######################################
2016-05-22 12:16:14.036744 : # Done: 2016-05-22T11:57:59-0700 (18m 13s ago)
2016-05-22 12:16:14.036762 : process/ext_sentences_by_nlp_markup/run.sh
2016-05-22 12:16:14.036780 : mark_done process/ext_sentences_by_nlp_markup
2016-05-22 12:16:14.036801 : ##############################################################################
2016-05-22 12:16:14.036821 
2016-05-22 12:16:14.036840 : ## data/sentences ############################################################
2016-05-22 12:16:14.036859 : # Done: 2016-05-22T11:57:59-0700 (18m 13s ago)
2016-05-22 12:16:14.036879 : # no-op
2016-05-22 12:16:14.036896 : mark_done data/sentences
2016-05-22 12:16:14.036914 : ##############################################################################
2016-05-22 12:16:14.036932 
2016-05-22 12:16:14.036953 : ## process/ext_person_mention_by_map_person_mention ##########################
2016-05-22 12:16:14.036973 : # Done: 2016-05-22T12:13:47-0700 (2m 25s ago)
2016-05-22 12:16:14.036992 : process/ext_person_mention_by_map_person_mention/run.sh
2016-05-22 12:16:14.037012 : mark_done process/ext_person_mention_by_map_person_mention
2016-05-22 12:16:14.037030 : ##############################################################################
2016-05-22 12:16:14.037049 
2016-05-22 12:16:14.037067 : ## data/person_mention #######################################################
2016-05-22 12:16:14.037087 : # Done: 2016-05-22T12:13:47-0700 (2m 25s ago)
2016-05-22 12:16:14.037107 : # no-op
2016-05-22 12:16:14.037127 : mark_done data/person_mention
2016-05-22 12:16:14.037146 : ##############################################################################
2016-05-22 12:16:14.037165 
2016-05-22 12:16:14.037184 : ## process/ext_team_mention_by_map_team_mention ##############################
2016-05-22 12:16:14.037202 : # Done: 2016-05-22T12:14:14-0700 (1m 58s ago)
2016-05-22 12:16:14.037222 : process/ext_team_mention_by_map_team_mention/run.sh
2016-05-22 12:16:14.037242 : mark_done process/ext_team_mention_by_map_team_mention
2016-05-22 12:16:14.037263 : ##############################################################################
2016-05-22 12:16:14.037282 
2016-05-22 12:16:14.037300 : ## data/team_mention #########################################################
2016-05-22 12:16:14.037322 : # Done: 2016-05-22T12:14:14-0700 (1m 58s ago)
2016-05-22 12:16:14.037342 : # no-op
2016-05-22 12:16:14.037360 : mark_done data/team_mention
2016-05-22 12:16:14.037378 : ##############################################################################
2016-05-22 12:16:14.037396 
2016-05-22 12:16:14.037451 ## process/ext_spouse_feature_by_extract_spouse_features #####################
2016-05-22 12:16:14.037483 # Done: 2016-05-20T22:09:52-0700 (1d 14h 6m 20s ago)
2016-05-22 12:16:14.037507 process/ext_spouse_feature_by_extract_spouse_features/run.sh
2016-05-22 12:16:14.037531 ++ dirname process/ext_spouse_feature_by_extract_spouse_features/run.sh
2016-05-22 12:16:14.037553 + cd process/ext_spouse_feature_by_extract_spouse_features
2016-05-22 12:16:14.037573 + export DEEPDIVE_CURRENT_PROCESS_NAME=process/ext_spouse_feature_by_extract_spouse_features
2016-05-22 12:16:14.037595 + DEEPDIVE_CURRENT_PROCESS_NAME=process/ext_spouse_feature_by_extract_spouse_features
2016-05-22 12:16:14.037617 + export DEEPDIVE_LOAD_FORMAT=tsv
2016-05-22 12:16:14.037640 + DEEPDIVE_LOAD_FORMAT=tsv
2016-05-22 12:16:14.037662 + deepdive compute execute 'input_sql= SELECT R0.mention_id AS "person_mention.R0.mention_id", R1.team_id AS "team_mention.R1.team_id", R0.begin_index AS "person_mention.R0.begin_index", R0.end_index AS "person_mention.R0.end_index", R1.begin_index AS "team_mention.R1.begin_index", R1.end_index AS "team_mention.R1.end_index", R0.doc_id AS "person_mention.R0.doc_id", R0.sentence_index AS "person_mention.R0.sentence_index", R2.tokens AS "sentences.R2.tokens", R2.lemmas AS "sentences.R2.lemmas", R2.pos_tags AS "sentences.R2.pos_tags", R2.ner_tags AS "sentences.R2.ner_tags", R2.dep_types AS "sentences.R2.dep_types", R2.dep_tokens AS "sentences.R2.dep_tokens"
2016-05-22 12:16:14.037694 FROM person_mention R0, team_mention R1, sentences R2
2016-05-22 12:16:14.037717         WHERE R1.doc_id = R0.doc_id  AND R1.sentence_index = R0.sentence_index  AND R2.doc_id = R0.doc_id  AND R2.sentence_index = R0.sentence_index 
2016-05-22 12:16:14.037738           ' 'command="$DEEPDIVE_APP"/udf/extract_spouse_features.py' output_relation=spouse_feature
2016-05-22 12:16:14.084091 Executing with the following configuration:
2016-05-22 12:16:14.084256  DEEPDIVE_NUM_PROCESSES=3
2016-05-22 12:16:14.084346  DEEPDIVE_NUM_PARALLEL_UNLOADS=1
2016-05-22 12:16:14.084456  DEEPDIVE_NUM_PARALLEL_LOADS=1
2016-05-22 12:16:14.084574  output_relation_tmp=dd_tmp_spouse_feature
2016-05-22 12:16:14.084623 
2016-05-22 12:16:14.254998 NOTICE:  table "spouse_feature" does not exist, skipping
2016-05-22 12:16:14.262861 CREATE TABLE
2016-05-22 12:16:14.360796 CREATE TABLE
2016-05-22 12:16:14.531434 unloading to feed_processes-1: ' SELECT R0.mention_id AS "person_mention.R0.mention_id", R1.team_id AS "team_mention.R1.team_id", R0.begin_index AS "person_mention.R0.begin_index", R0.end_index AS "person_mention.R0.end_index", R1.begin_index AS "team_mention.R1.begin_index", R1.end_index AS "team_mention.R1.end_index", R0.doc_id AS "person_mention.R0.doc_id", R0.sentence_index AS "person_mention.R0.sentence_index", R2.tokens AS "sentences.R2.tokens", R2.lemmas AS "sentences.R2.lemmas", R2.pos_tags AS "sentences.R2.pos_tags", R2.ner_tags AS "sentences.R2.ner_tags", R2.dep_types AS "sentences.R2.dep_types", R2.dep_tokens AS "sentences.R2.dep_tokens"
2016-05-22 12:16:14.531533 FROM person_mention R0, team_mention R1, sentences R2
2016-05-22 12:16:14.531568         WHERE R1.doc_id = R0.doc_id  AND R1.sentence_index = R0.sentence_index  AND R2.doc_id = R0.doc_id  AND R2.sentence_index = R0.sentence_index 
2016-05-22 12:16:14.531598           '
2016-05-22 12:16:14.578439 Loading dd_tmp_spouse_feature from output_computed-1 (tsv format)
2016-05-22 12:16:14.892805 COPY 10151
2016-05-22 12:16:14.900774 Replacing spouse_feature with dd_tmp_spouse_feature
2016-05-22 12:16:14.980457 DROP TABLE
2016-05-22 12:16:15.060000 ALTER TABLE
2016-05-22 12:16:15.141387 ALTER TABLE
2016-05-22 12:16:15.227434 DROP TABLE
2016-05-22 12:16:15.297928 ANALYZE
2016-05-22 12:16:15.304922 mark_done process/ext_spouse_feature_by_extract_spouse_features
2016-05-22 12:16:15.320910 ##############################################################################
2016-05-22 12:16:15.320981 
2016-05-22 12:16:15.321003 ## data/spouse_feature #######################################################
2016-05-22 12:16:15.321022 # Done: 2016-05-20T22:09:52-0700 (1d 14h 6m 20s ago)
2016-05-22 12:16:15.321059 # no-op
2016-05-22 12:16:15.321120 mark_done data/spouse_feature
2016-05-22 12:16:15.340452 ##############################################################################
2016-05-22 12:16:15.340522 
