2016-05-21 14:30:20.838819 # on dhcp-169-233-138-157.cruznet.ucsc.edu: deepdive do has_spouse
2016-05-21 14:30:20.839441 # run/20160521/143015.372972000/plan.sh
2016-05-21 14:30:20.839479 # execution plan for data/has_spouse
2016-05-21 14:30:20.839501 
2016-05-21 14:30:20.839521 : ## process/init/app ##########################################################
2016-05-21 14:30:20.839540 : # Done: 2016-05-20T15:47:44-0700 (22h 42m 31s ago)
2016-05-21 14:30:20.839558 : process/init/app/run.sh
2016-05-21 14:30:20.839577 : mark_done process/init/app
2016-05-21 14:30:20.839595 : ##############################################################################
2016-05-21 14:30:20.839617 
2016-05-21 14:30:20.839639 : ## process/init/relation/articles ############################################
2016-05-21 14:30:20.839661 : # Done: 2016-05-20T19:16:48-0700 (19h 13m 27s ago)
2016-05-21 14:30:20.839682 : process/init/relation/articles/run.sh
2016-05-21 14:30:20.839704 : mark_done process/init/relation/articles
2016-05-21 14:30:20.839726 : ##############################################################################
2016-05-21 14:30:20.839745 
2016-05-21 14:30:20.839766 : ## data/articles #############################################################
2016-05-21 14:30:20.839788 : # Done: 2016-05-20T19:16:48-0700 (19h 13m 27s ago)
2016-05-21 14:30:20.839809 : # no-op
2016-05-21 14:30:20.839845 : mark_done data/articles
2016-05-21 14:30:20.840109 : ##############################################################################
2016-05-21 14:30:20.840184 
2016-05-21 14:30:20.840268 : ## process/ext_sentences_by_nlp_markup #######################################
2016-05-21 14:30:20.840374 : # Done: 2016-05-20T19:20:04-0700 (19h 10m 11s ago)
2016-05-21 14:30:20.840469 : process/ext_sentences_by_nlp_markup/run.sh
2016-05-21 14:30:20.840561 : mark_done process/ext_sentences_by_nlp_markup
2016-05-21 14:30:20.840658 : ##############################################################################
2016-05-21 14:30:20.840766 
2016-05-21 14:30:20.840834 : ## data/sentences ############################################################
2016-05-21 14:30:20.840922 : # Done: 2016-05-20T19:20:04-0700 (19h 10m 11s ago)
2016-05-21 14:30:20.841017 : # no-op
2016-05-21 14:30:20.841105 : mark_done data/sentences
2016-05-21 14:30:20.841211 : ##############################################################################
2016-05-21 14:30:20.841302 
2016-05-21 14:30:20.841405 : ## process/ext_person_mention_by_map_person_mention ##########################
2016-05-21 14:30:20.841494 : # Done: 2016-05-20T20:58:22-0700 (17h 31m 53s ago)
2016-05-21 14:30:20.841559 : process/ext_person_mention_by_map_person_mention/run.sh
2016-05-21 14:30:20.841658 : mark_done process/ext_person_mention_by_map_person_mention
2016-05-21 14:30:20.841756 : ##############################################################################
2016-05-21 14:30:20.841864 
2016-05-21 14:30:20.841977 : ## data/person_mention #######################################################
2016-05-21 14:30:20.842076 : # Done: 2016-05-20T20:58:22-0700 (17h 31m 54s ago)
2016-05-21 14:30:20.842172 : # no-op
2016-05-21 14:30:20.842288 : mark_done data/person_mention
2016-05-21 14:30:20.842398 : ##############################################################################
2016-05-21 14:30:20.842468 
2016-05-21 14:30:20.842592 : ## process/ext_num_people ####################################################
2016-05-21 14:30:20.842669 : # Done: 2016-05-20T21:35:41-0700 (16h 54m 35s ago)
2016-05-21 14:30:20.842763 : process/ext_num_people/run.sh
2016-05-21 14:30:20.842805 : mark_done process/ext_num_people
2016-05-21 14:30:20.842924 : ##############################################################################
2016-05-21 14:30:20.843083 
2016-05-21 14:30:20.843111 : ## data/num_people ###########################################################
2016-05-21 14:30:20.843325 : # Done: 2016-05-20T21:35:41-0700 (16h 54m 35s ago)
2016-05-21 14:30:20.843389 : # no-op
2016-05-21 14:30:20.843443 : mark_done data/num_people
2016-05-21 14:30:20.843524 : ##############################################################################
2016-05-21 14:30:20.843552 
2016-05-21 14:30:20.843620 : ## process/ext_team_mention_by_map_team_mention ##############################
2016-05-21 14:30:20.843673 : # Done: 2016-05-20T21:23:06-0700 (17h 7m 10s ago)
2016-05-21 14:30:20.843773 : process/ext_team_mention_by_map_team_mention/run.sh
2016-05-21 14:30:20.843843 : mark_done process/ext_team_mention_by_map_team_mention
2016-05-21 14:30:20.843905 : ##############################################################################
2016-05-21 14:30:20.843937 
2016-05-21 14:30:20.843988 : ## data/team_mention #########################################################
2016-05-21 14:30:20.844092 : # Done: 2016-05-20T22:05:04-0700 (16h 25m 12s ago)
2016-05-21 14:30:20.844180 : # no-op
2016-05-21 14:30:20.844236 : mark_done data/team_mention
2016-05-21 14:30:20.844323 : ##############################################################################
2016-05-21 14:30:20.844378 
2016-05-21 14:30:20.844431 : ## process/ext_spouse_candidate ##############################################
2016-05-21 14:30:20.844482 : # Done: 2016-05-20T22:17:52-0700 (16h 12m 24s ago)
2016-05-21 14:30:20.844519 : process/ext_spouse_candidate/run.sh
2016-05-21 14:30:20.844543 : mark_done process/ext_spouse_candidate
2016-05-21 14:30:20.844597 : ##############################################################################
2016-05-21 14:30:20.844676 
2016-05-21 14:30:20.844760 : ## data/spouse_candidate #####################################################
2016-05-21 14:30:20.844855 : # Done: 2016-05-20T22:17:52-0700 (16h 12m 24s ago)
2016-05-21 14:30:20.844988 : # no-op
2016-05-21 14:30:20.845018 : mark_done data/spouse_candidate
2016-05-21 14:30:20.845040 : ##############################################################################
2016-05-21 14:30:20.845089 
2016-05-21 14:30:20.845116 : ## process/ext_spouse_label__0_by_supervise ##################################
2016-05-21 14:30:20.845140 : # Done: 2016-05-20T22:17:53-0700 (16h 12m 23s ago)
2016-05-21 14:30:20.845162 : process/ext_spouse_label__0_by_supervise/run.sh
2016-05-21 14:30:20.845236 : mark_done process/ext_spouse_label__0_by_supervise
2016-05-21 14:30:20.845263 : ##############################################################################
2016-05-21 14:30:20.845318 
2016-05-21 14:30:20.845366 : ## data/spouse_label__0 ######################################################
2016-05-21 14:30:20.845395 : # Done: 2016-05-20T22:17:53-0700 (16h 12m 23s ago)
2016-05-21 14:30:20.845435 : # no-op
2016-05-21 14:30:20.845456 : mark_done data/spouse_label__0
2016-05-21 14:30:20.845490 : ##############################################################################
2016-05-21 14:30:20.845513 
2016-05-21 14:30:20.845549 : ## process/init/relation/spouses_dbpedia #####################################
2016-05-21 14:30:20.845570 : # Done: 2016-05-21T12:09:26-0700 (2h 20m 50s ago)
2016-05-21 14:30:20.845590 : process/init/relation/spouses_dbpedia/run.sh
2016-05-21 14:30:20.845613 : mark_done process/init/relation/spouses_dbpedia
2016-05-21 14:30:20.845647 : ##############################################################################
2016-05-21 14:30:20.845736 
2016-05-21 14:30:20.845764 : ## data/spouses_dbpedia ######################################################
2016-05-21 14:30:20.845785 : # Done: 2016-05-21T12:09:26-0700 (2h 20m 50s ago)
2016-05-21 14:30:20.845806 : # no-op
2016-05-21 14:30:20.845925 : mark_done data/spouses_dbpedia
2016-05-21 14:30:20.846000 : ##############################################################################
2016-05-21 14:30:20.846104 
2016-05-21 14:30:20.846136 ## process/ext_spouse_label ##################################################
2016-05-21 14:30:20.846188 : # Done: 2016-05-20T22:17:55-0700 (16h 12m 21s ago)
2016-05-21 14:30:20.846251 # Done: 2016-05-20T22:17:55-0700 (16h 12m 20s ago)
2016-05-21 14:30:20.846490 process/ext_spouse_label/run.sh
2016-05-21 14:30:20.846715 ++ dirname process/ext_spouse_label/run.sh
2016-05-21 14:30:20.846968 + cd process/ext_spouse_label
2016-05-21 14:30:20.847296 + export DEEPDIVE_CURRENT_PROCESS_NAME=process/ext_spouse_label
2016-05-21 14:30:20.847479 + DEEPDIVE_CURRENT_PROCESS_NAME=process/ext_spouse_label
2016-05-21 14:30:20.847520 + deepdive create table spouse_label
2016-05-21 14:30:21.646710 CREATE TABLE
2016-05-21 14:30:21.648055 + deepdive sql 'INSERT INTO spouse_label SELECT R0.p_id AS "spouse_candidate.R0.p_id", R0.t_id AS "spouse_candidate.R0.t_id", 0 AS column_2, NULL AS column_3
2016-05-21 14:30:21.648124 FROM spouse_candidate R0
2016-05-21 14:30:21.648152         
2016-05-21 14:30:21.648177 UNION ALL
2016-05-21 14:30:21.648215 SELECT R0.p_id AS "spouse_candidate.R0.p_id", R0.t_id AS "spouse_candidate.R0.t_id", 1 AS column_2, '\''from_dbpedia'\'' AS column_3
2016-05-21 14:30:21.648260 FROM spouse_candidate R0, spouses_dbpedia R1
2016-05-21 14:30:21.648286         WHERE ((lower(R1.p) = lower(R0.p_name) AND lower(R1.t) = lower(R0.p_name)) OR (lower(R1.t) = lower(R0.t_name) AND lower(R1.p) = lower(R0.t_name)))
2016-05-21 14:30:21.648309 UNION ALL
2016-05-21 14:30:21.648332 SELECT R0.p_id AS "spouse_label__0.R0.p_id", R0.t_id AS "spouse_label__0.R0.t_id", R0.label AS "spouse_label__0.R0.label", R0.rule_id AS "spouse_label__0.R0.rule_id"
2016-05-21 14:30:21.648356 FROM spouse_label__0 R0
2016-05-21 14:30:21.648379         '
2016-05-21 14:30:21.797427 ERROR:  column r1.p does not exist
2016-05-21 14:30:21.797566 LINE 7:         WHERE ((lower(R1.p) = lower(R0.p_name) AND lower(R1....
2016-05-21 14:30:21.797589                               ^
