2016-05-20 19:13:21.291347 # on dhcp-169-233-138-157.cruznet.ucsc.edu: deepdive do team_mention
2016-05-20 19:13:21.291964 # run/20160520/191318.702433000/plan.sh
2016-05-20 19:13:21.292000 # execution plan for data/team_mention
2016-05-20 19:13:21.292024 
2016-05-20 19:13:21.292046 : ## process/init/app ##########################################################
2016-05-20 19:13:21.292102 : # Done: 2016-05-20T15:47:44-0700 (3h 25m 34s ago)
2016-05-20 19:13:21.292133 : process/init/app/run.sh
2016-05-20 19:13:21.292156 : mark_done process/init/app
2016-05-20 19:13:21.292180 : ##############################################################################
2016-05-20 19:13:21.292202 
2016-05-20 19:13:21.292242 : ## process/init/relation/articles ############################################
2016-05-20 19:13:21.292266 : # Done: 2016-05-20T18:03:05-0700 (1h 10m 13s ago)
2016-05-20 19:13:21.292286 : process/init/relation/articles/run.sh
2016-05-20 19:13:21.292306 : mark_done process/init/relation/articles
2016-05-20 19:13:21.292327 : ##############################################################################
2016-05-20 19:13:21.292347 
2016-05-20 19:13:21.292366 : ## data/articles #############################################################
2016-05-20 19:13:21.292384 : # Done: 2016-05-20T18:03:05-0700 (1h 10m 13s ago)
2016-05-20 19:13:21.292405 : # no-op
2016-05-20 19:13:21.292425 : mark_done data/articles
2016-05-20 19:13:21.292445 : ##############################################################################
2016-05-20 19:13:21.292486 
2016-05-20 19:13:21.292514 : ## process/ext_sentences_by_nlp_markup #######################################
2016-05-20 19:13:21.292537 : # Done: 2016-05-20T18:04:33-0700 (1h 8m 45s ago)
2016-05-20 19:13:21.292559 : process/ext_sentences_by_nlp_markup/run.sh
2016-05-20 19:13:21.292580 : mark_done process/ext_sentences_by_nlp_markup
2016-05-20 19:13:21.292601 : ##############################################################################
2016-05-20 19:13:21.292622 
2016-05-20 19:13:21.292662 : ## data/sentences ############################################################
2016-05-20 19:13:21.292683 : # Done: 2016-05-20T18:04:33-0700 (1h 8m 45s ago)
2016-05-20 19:13:21.292702 : # no-op
2016-05-20 19:13:21.292721 : mark_done data/sentences
2016-05-20 19:13:21.292740 : ##############################################################################
2016-05-20 19:13:21.292759 
2016-05-20 19:13:21.292778 ## process/ext_team_mention_by_map_team_mention ##############################
2016-05-20 19:13:21.292797 # Done: N/A
2016-05-20 19:13:21.292815 process/ext_team_mention_by_map_team_mention/run.sh
2016-05-20 19:13:21.292834 ++ dirname process/ext_team_mention_by_map_team_mention/run.sh
2016-05-20 19:13:21.292853 + cd process/ext_team_mention_by_map_team_mention
2016-05-20 19:13:21.292871 + export DEEPDIVE_CURRENT_PROCESS_NAME=process/ext_team_mention_by_map_team_mention
2016-05-20 19:13:21.292889 + DEEPDIVE_CURRENT_PROCESS_NAME=process/ext_team_mention_by_map_team_mention
2016-05-20 19:13:21.292909 + export DEEPDIVE_LOAD_FORMAT=tsv
2016-05-20 19:13:21.292944 + DEEPDIVE_LOAD_FORMAT=tsv
2016-05-20 19:13:21.292971 + deepdive compute execute 'input_sql= SELECT R0.doc_id AS "sentences.R0.doc_id", R0.sentence_index AS "sentences.R0.sentence_index", R0.tokens AS "sentences.R0.tokens", R0.ner_tags AS "sentences.R0.ner_tags"
2016-05-20 19:13:21.292992 FROM sentences R0
2016-05-20 19:13:21.293012         
2016-05-20 19:13:21.293030           ' 'command="$DEEPDIVE_APP"/udf/map_team_mention.py' output_relation=team_mention
2016-05-20 19:13:21.359302 Executing with the following configuration:
2016-05-20 19:13:21.359366  DEEPDIVE_NUM_PROCESSES=3
2016-05-20 19:13:21.359392  DEEPDIVE_NUM_PARALLEL_UNLOADS=1
2016-05-20 19:13:21.359416  DEEPDIVE_NUM_PARALLEL_LOADS=1
2016-05-20 19:13:21.359710  output_relation_tmp=dd_tmp_team_mention
2016-05-20 19:13:21.359748 
2016-05-20 19:13:21.570387 [ERROR] team_mention: No such table defined in schema
