2016-05-22 16:46:21.703583 # on eduroam-169-233-210-202.ucsc.edu: deepdive do has_spouse
2016-05-22 16:46:21.703868 # run/20160522/164619.523796000/plan.sh
2016-05-22 16:46:21.703906 # execution plan for data/has_spouse
2016-05-22 16:46:21.703930 
2016-05-22 16:46:21.703951 : ## process/init/app ##########################################################
2016-05-22 16:46:21.703972 : # Done: 2016-05-22T11:25:05-0700 (5h 21m 14s ago)
2016-05-22 16:46:21.703992 : process/init/app/run.sh
2016-05-22 16:46:21.704011 : mark_done process/init/app
2016-05-22 16:46:21.704032 : ##############################################################################
2016-05-22 16:46:21.704052 
2016-05-22 16:46:21.704073 : ## process/init/relation/articles ############################################
2016-05-22 16:46:21.704093 : # Done: 2016-05-22T11:55:52-0700 (4h 50m 27s ago)
2016-05-22 16:46:21.704113 : process/init/relation/articles/run.sh
2016-05-22 16:46:21.704134 : mark_done process/init/relation/articles
2016-05-22 16:46:21.704154 : ##############################################################################
2016-05-22 16:46:21.704173 
2016-05-22 16:46:21.704192 : ## data/articles #############################################################
2016-05-22 16:46:21.704213 : # Done: 2016-05-22T11:55:52-0700 (4h 50m 27s ago)
2016-05-22 16:46:21.704234 : # no-op
2016-05-22 16:46:21.704254 : mark_done data/articles
2016-05-22 16:46:21.704274 : ##############################################################################
2016-05-22 16:46:21.704294 
2016-05-22 16:46:21.704313 : ## process/ext_sentences_by_nlp_markup #######################################
2016-05-22 16:46:21.704333 : # Done: 2016-05-22T11:57:59-0700 (4h 48m 20s ago)
2016-05-22 16:46:21.704354 : process/ext_sentences_by_nlp_markup/run.sh
2016-05-22 16:46:21.704375 : mark_done process/ext_sentences_by_nlp_markup
2016-05-22 16:46:21.704396 : ##############################################################################
2016-05-22 16:46:21.704418 
2016-05-22 16:46:21.704439 : ## data/sentences ############################################################
2016-05-22 16:46:21.704459 : # Done: 2016-05-22T11:57:59-0700 (4h 48m 20s ago)
2016-05-22 16:46:21.704479 : # no-op
2016-05-22 16:46:21.704499 : mark_done data/sentences
2016-05-22 16:46:21.704519 : ##############################################################################
2016-05-22 16:46:21.704539 
2016-05-22 16:46:21.704561 : ## process/ext_person_mention_by_map_person_mention ##########################
2016-05-22 16:46:21.704581 : # Done: 2016-05-22T12:13:47-0700 (4h 32m 32s ago)
2016-05-22 16:46:21.704602 : process/ext_person_mention_by_map_person_mention/run.sh
2016-05-22 16:46:21.704621 : mark_done process/ext_person_mention_by_map_person_mention
2016-05-22 16:46:21.704641 : ##############################################################################
2016-05-22 16:46:21.704660 
2016-05-22 16:46:21.704679 : ## data/person_mention #######################################################
2016-05-22 16:46:21.704698 : # Done: 2016-05-22T12:13:47-0700 (4h 32m 32s ago)
2016-05-22 16:46:21.704716 : # no-op
2016-05-22 16:46:21.704735 : mark_done data/person_mention
2016-05-22 16:46:21.704755 : ##############################################################################
2016-05-22 16:46:21.704773 
2016-05-22 16:46:21.704792 : ## process/ext_num_people ####################################################
2016-05-22 16:46:21.704812 : # Done: 2016-05-22T12:14:33-0700 (4h 31m 46s ago)
2016-05-22 16:46:21.704833 : process/ext_num_people/run.sh
2016-05-22 16:46:21.704852 : mark_done process/ext_num_people
2016-05-22 16:46:21.704873 : ##############################################################################
2016-05-22 16:46:21.704893 
2016-05-22 16:46:21.704913 : ## data/num_people ###########################################################
2016-05-22 16:46:21.704936 : # Done: 2016-05-22T12:14:33-0700 (4h 31m 46s ago)
2016-05-22 16:46:21.704958 : # no-op
2016-05-22 16:46:21.704980 : mark_done data/num_people
2016-05-22 16:46:21.705002 : ##############################################################################
2016-05-22 16:46:21.705024 
2016-05-22 16:46:21.705045 : ## process/ext_team_mention_by_map_team_mention ##############################
2016-05-22 16:46:21.705094 : # Done: 2016-05-22T12:14:14-0700 (4h 32m 5s ago)
2016-05-22 16:46:21.705120 : process/ext_team_mention_by_map_team_mention/run.sh
2016-05-22 16:46:21.705143 : mark_done process/ext_team_mention_by_map_team_mention
2016-05-22 16:46:21.705166 : ##############################################################################
2016-05-22 16:46:21.705188 
2016-05-22 16:46:21.705207 : ## data/team_mention #########################################################
2016-05-22 16:46:21.705229 : # Done: 2016-05-22T12:14:14-0700 (4h 32m 5s ago)
2016-05-22 16:46:21.705250 : # no-op
2016-05-22 16:46:21.705273 : mark_done data/team_mention
2016-05-22 16:46:21.705296 : ##############################################################################
2016-05-22 16:46:21.705318 
2016-05-22 16:46:21.705341 : ## process/ext_spouse_candidate ##############################################
2016-05-22 16:46:21.705390 : # Done: 2016-05-22T12:14:34-0700 (4h 31m 45s ago)
2016-05-22 16:46:21.705421 : process/ext_spouse_candidate/run.sh
2016-05-22 16:46:21.705445 : mark_done process/ext_spouse_candidate
2016-05-22 16:46:21.705465 : ##############################################################################
2016-05-22 16:46:21.705485 
2016-05-22 16:46:21.705509 : ## data/spouse_candidate #####################################################
2016-05-22 16:46:21.705547 : # Done: 2016-05-22T12:14:34-0700 (4h 31m 45s ago)
2016-05-22 16:46:21.705572 : # no-op
2016-05-22 16:46:21.705593 : mark_done data/spouse_candidate
2016-05-22 16:46:21.705614 : ##############################################################################
2016-05-22 16:46:21.705637 
2016-05-22 16:46:21.705658 : ## process/ext_spouse_label__0_by_supervise ##################################
2016-05-22 16:46:21.705681 : # Done: 2016-05-22T12:28:31-0700 (4h 17m 48s ago)
2016-05-22 16:46:21.705704 : process/ext_spouse_label__0_by_supervise/run.sh
2016-05-22 16:46:21.705725 : mark_done process/ext_spouse_label__0_by_supervise
2016-05-22 16:46:21.705747 : ##############################################################################
2016-05-22 16:46:21.705769 
2016-05-22 16:46:21.705792 : ## data/spouse_label__0 ######################################################
2016-05-22 16:46:21.705814 : # Done: 2016-05-22T12:28:31-0700 (4h 17m 48s ago)
2016-05-22 16:46:21.705838 : # no-op
2016-05-22 16:46:21.705858 : mark_done data/spouse_label__0
2016-05-22 16:46:21.705877 : ##############################################################################
2016-05-22 16:46:21.705896 
2016-05-22 16:46:21.705917 : ## process/init/relation/spouses_dbpedia #####################################
2016-05-22 16:46:21.705941 : # Done: 2016-05-22T15:50:19-0700 (56m 1s ago)
2016-05-22 16:46:21.705963 : process/init/relation/spouses_dbpedia/run.sh
2016-05-22 16:46:21.705986 : mark_done process/init/relation/spouses_dbpedia
2016-05-22 16:46:21.706008 : ##############################################################################
2016-05-22 16:46:21.706041 
2016-05-22 16:46:21.706073 : ## data/spouses_dbpedia ######################################################
2016-05-22 16:46:21.706095 : # Done: 2016-05-22T15:50:19-0700 (56m 1s ago)
2016-05-22 16:46:21.706116 : # no-op
2016-05-22 16:46:21.706136 : mark_done data/spouses_dbpedia
2016-05-22 16:46:21.706157 : ##############################################################################
2016-05-22 16:46:21.706175 
2016-05-22 16:46:21.706196 : ## process/ext_spouse_label ##################################################
2016-05-22 16:46:21.706216 : # Done: 2016-05-22T15:50:41-0700 (55m 39s ago)
2016-05-22 16:46:21.706237 : process/ext_spouse_label/run.sh
2016-05-22 16:46:21.706257 : mark_done process/ext_spouse_label
2016-05-22 16:46:21.706278 : ##############################################################################
2016-05-22 16:46:21.706302 
2016-05-22 16:46:21.706322 : ## data/spouse_label #########################################################
2016-05-22 16:46:21.706341 : # Done: 2016-05-22T15:50:41-0700 (55m 39s ago)
2016-05-22 16:46:21.706360 : # no-op
2016-05-22 16:46:21.706379 : mark_done data/spouse_label
2016-05-22 16:46:21.706398 : ##############################################################################
2016-05-22 16:46:21.706419 
2016-05-22 16:46:21.706438 : ## process/ext_spouse_label_resolved #########################################
2016-05-22 16:46:21.706458 : # Done: 2016-05-22T15:50:41-0700 (55m 39s ago)
2016-05-22 16:46:21.706478 : process/ext_spouse_label_resolved/run.sh
2016-05-22 16:46:21.706497 : mark_done process/ext_spouse_label_resolved
2016-05-22 16:46:21.706519 : ##############################################################################
2016-05-22 16:46:21.706541 
2016-05-22 16:46:21.706563 : ## data/spouse_label_resolved ################################################
2016-05-22 16:46:21.706583 : # Done: 2016-05-22T15:50:41-0700 (55m 39s ago)
2016-05-22 16:46:21.706604 : # no-op
2016-05-22 16:46:21.706624 : mark_done data/spouse_label_resolved
2016-05-22 16:46:21.706644 : ##############################################################################
2016-05-22 16:46:21.706667 
2016-05-22 16:46:21.706688 ## process/ext_has_spouse ####################################################
2016-05-22 16:46:21.706710 : # Done: 2016-05-22T16:45:39-0700 (41s ago)
2016-05-22 16:46:21.706731 # Done: 2016-05-22T16:45:39-0700 (40s ago)
2016-05-22 16:46:21.706751 process/ext_has_spouse/run.sh
2016-05-22 16:46:21.706775 ++ dirname process/ext_has_spouse/run.sh
2016-05-22 16:46:21.706800 + cd process/ext_has_spouse
2016-05-22 16:46:21.706822 + export DEEPDIVE_CURRENT_PROCESS_NAME=process/ext_has_spouse
2016-05-22 16:46:21.706844 + DEEPDIVE_CURRENT_PROCESS_NAME=process/ext_has_spouse
2016-05-22 16:46:21.706864 + deepdive create table has_spouse
2016-05-22 16:46:21.813190 CREATE TABLE
2016-05-22 16:46:21.814602 + deepdive sql 'INSERT INTO has_spouse SELECT DISTINCT R0.column_0, R0.column_1, 0 AS id, 
2016-05-22 16:46:21.814696 CASE WHEN R0.column_2 > 0 THEN true
2016-05-22 16:46:21.814731      WHEN R0.column_2 < 0 THEN false
2016-05-22 16:46:21.814755      ELSE NULL
2016-05-22 16:46:21.814777 END AS label
2016-05-22 16:46:21.814806           FROM spouse_label_resolved R0
2016-05-22 16:46:21.814827         
2016-05-22 16:46:21.814847           '
2016-05-22 16:46:21.898451 INSERT 0 103
2016-05-22 16:46:21.899809 mark_done process/ext_has_spouse
2016-05-22 16:46:21.915240 ##############################################################################
2016-05-22 16:46:21.915315 
2016-05-22 16:46:21.915337 ## data/has_spouse ###########################################################
2016-05-22 16:46:21.915358 : # Done: 2016-05-22T16:45:39-0700 (41s ago)
2016-05-22 16:46:21.915378 # Done: 2016-05-22T16:45:39-0700 (40s ago)
2016-05-22 16:46:21.915429 # no-op
2016-05-22 16:46:21.915458 mark_done data/has_spouse
2016-05-22 16:46:21.930621 ##############################################################################
2016-05-22 16:46:21.930694 
