2016-05-20 17:34:46.402391 ‘run/LATEST.COMPILE/173446.300698000’ -> ‘20160520/173446.300698000’
2016-05-20 17:34:46.402719 ‘run/RUNNING.COMPILE’ -> ‘20160520/173446.300698000’
2016-05-20 17:34:46.402745 Parsing DeepDive application (/Users/emerson/Documents/Github/deepdive/examples/Coach_NBA) to generate:
2016-05-20 17:34:46.402769  run/compiled/schema.json
2016-05-20 17:34:46.402790   from app.ddlog
2016-05-20 17:34:47.202181  run/compiled/deepdive.conf
2016-05-20 17:34:47.202393   from app.ddlog
2016-05-20 17:34:48.180376   from deepdive.conf
2016-05-20 17:34:48.189407  run/compiled/deepdive.conf.json
2016-05-20 17:34:48.649593 Performing sanity checks on run/compiled/deepdive.conf.json:
2016-05-20 17:34:48.742672  checking if input_extractors_well_defined
2016-05-20 17:34:48.742738  checking if input_schema_wellformed
2016-05-20 17:34:48.743025 Normalizing and adding built-in processes to the data flow to compile:
2016-05-20 17:34:48.743540  run/compiled/config-0.00-init_objects.json
2016-05-20 17:34:48.774185  run/compiled/config-0.01-parse_calibration.json
2016-05-20 17:34:48.802209  run/compiled/config-0.01-parse_schema.json
2016-05-20 17:34:48.850430  run/compiled/config-0.51-add_init_app.json
2016-05-20 17:34:48.873042  run/compiled/config-0.52-input_loader.json
2016-05-20 17:34:48.903047  run/compiled/config-1.00-qualified_names.json
2016-05-20 17:34:48.935677  run/compiled/config-1.01-parse_inference_rules.json
2016-05-20 17:34:48.974602  run/compiled/config-2.01-grounding.json
2016-05-20 17:34:49.084115  run/compiled/config-2.02-learning_inference.json
2016-05-20 17:34:49.118455  run/compiled/config-2.03-calibration_plots.json
2016-05-20 17:34:49.150507  run/compiled/config-9.98-ensure_init_app.json
2016-05-20 17:34:49.189119  run/compiled/config-9.99-dependencies.json
2016-05-20 17:34:49.229949  run/compiled/config.json
2016-05-20 17:34:49.233664 Validating run/compiled/config.json:
2016-05-20 17:34:49.369561  checking if compiled_base_relations_have_input_data
2016-05-20 17:34:49.369618  [WARNING] input/init.sh should load all base relations: articles spouses_dbpedia 
2016-05-20 17:34:49.369639  checking if compiled_dependencies_correct
2016-05-20 17:34:49.369663  checking if compiled_input_output_well_defined
2016-05-20 17:34:49.369687  checking if compiled_output_uniquely_defined
2016-05-20 17:34:49.370014 Compiling executable code into:
2016-05-20 17:34:49.370414  run/compiled/code-Makefile.json
2016-05-20 17:34:49.401994  run/compiled/code-cmd_extractor.json
2016-05-20 17:34:49.443856  run/compiled/code-dataflow_dot.json
2016-05-20 17:34:49.482302  run/compiled/code-sql_extractor.json
2016-05-20 17:34:49.522310  run/compiled/code-tsv_extractor.json
2016-05-20 17:34:49.575649 Generating files:
2016-05-20 17:34:49.619807  run/Makefile
2016-05-20 17:34:49.673687  run/process/init/app/run.sh
2016-05-20 17:34:49.699046  run/process/init/relation/articles/run.sh
2016-05-20 17:34:49.725471  run/process/init/relation/spouses_dbpedia/run.sh
2016-05-20 17:34:49.753575  run/process/ext_has_spouse/run.sh
2016-05-20 17:34:49.774707  run/process/ext_num_people/run.sh
2016-05-20 17:34:49.799766  run/process/ext_spouse_candidate/run.sh
2016-05-20 17:34:49.834889  run/process/ext_spouse_label/run.sh
2016-05-20 17:34:49.860869  run/process/ext_spouse_label_resolved/run.sh
2016-05-20 17:34:49.887872  run/process/grounding/variable_id_partition/run.sh
2016-05-20 17:34:49.912816  run/process/grounding/variable/has_spouse/assign_id/run.sh
2016-05-20 17:34:49.942442  run/process/grounding/variable_holdout/run.sh
2016-05-20 17:34:49.970819  run/process/grounding/variable/has_spouse/dump/run.sh
2016-05-20 17:34:50.001284  run/process/grounding/factor/inf1_imply_has_spouse_has_spouse/materialize/run.sh
2016-05-20 17:34:50.027240  run/process/grounding/factor/inf_imply_has_spouse_has_spouse/materialize/run.sh
2016-05-20 17:34:50.055920  run/process/grounding/factor/inf_istrue_has_spouse/materialize/run.sh
2016-05-20 17:34:50.082176  run/process/grounding/weight_id_partition/run.sh
2016-05-20 17:34:50.105574  run/process/grounding/global_weight_table/run.sh
2016-05-20 17:34:50.130530  run/process/grounding/factor/inf1_imply_has_spouse_has_spouse/assign_weight_id/run.sh
2016-05-20 17:34:50.167435  run/process/grounding/factor/inf_imply_has_spouse_has_spouse/assign_weight_id/run.sh
2016-05-20 17:34:50.189554  run/process/grounding/factor/inf_istrue_has_spouse/assign_weight_id/run.sh
2016-05-20 17:34:50.215330  run/process/grounding/factor/inf1_imply_has_spouse_has_spouse/dump/run.sh
2016-05-20 17:34:50.241267  run/process/grounding/factor/inf_imply_has_spouse_has_spouse/dump/run.sh
2016-05-20 17:34:50.268117  run/process/grounding/factor/inf_istrue_has_spouse/dump/run.sh
2016-05-20 17:34:50.297089  run/process/grounding/factor/inf1_imply_has_spouse_has_spouse/dump_weights/run.sh
2016-05-20 17:34:50.332643  run/process/grounding/factor/inf_imply_has_spouse_has_spouse/dump_weights/run.sh
2016-05-20 17:34:50.354738  run/process/grounding/factor/inf_istrue_has_spouse/dump_weights/run.sh
2016-05-20 17:34:50.380412  run/process/grounding/combine_factorgraph/run.sh
2016-05-20 17:34:50.407488  run/process/model/learning/run.sh
2016-05-20 17:34:50.430477  run/process/model/inference/run.sh
2016-05-20 17:34:50.458251  run/process/model/load_weights/run.sh
2016-05-20 17:34:50.482433  run/process/model/load_probabilities/run.sh
2016-05-20 17:34:50.521661  run/process/model/calibration/run.sh
2016-05-20 17:34:50.551125  run/dataflow.dot
2016-05-20 17:34:50.584043  run/process/ext_person_mention_by_map_person_mention/run.sh
2016-05-20 17:34:50.616004  run/process/ext_sentences_by_nlp_markup/run.sh
2016-05-20 17:34:50.659534  run/process/ext_spouse_feature_by_extract_spouse_features/run.sh
2016-05-20 17:34:50.688467  run/process/ext_spouse_label__0_by_supervise/run.sh
2016-05-20 17:34:50.724499  run/process/ext_team_mention_by_map_team_mention/run.sh
2016-05-20 17:34:50.874175 Warning: Could not load "/Users/emerson/local/lib/bundled/graphviz/prefix/bin/../lib/graphviz/libgvplugin_pango.6.dylib" - file not found
2016-05-20 17:34:50.944702  run/dataflow.svg
2016-05-20 17:34:50.945778   (file:///Users/emerson/Documents/Github/deepdive/examples/Coach_NBA/run/dataflow.svg)
2016-05-20 17:34:50.950414 mv: cannot move ‘run/compiled’ to ‘run/compiled~’: Directory not empty
