2016-06-02 22:28:08.312295 # on dhcp-169-233-187-63.cruznet.ucsc.edu: deepdive do has_spouse
2016-06-02 22:28:08.312688 # run/20160602/222803.831138000/plan.sh
2016-06-02 22:28:08.312720 # execution plan for data/has_spouse
2016-06-02 22:28:08.312742 
2016-06-02 22:28:08.312761 : ## process/init/app ##########################################################
2016-06-02 22:28:08.312780 : # Done: 2016-05-22T17:21:25-0700 (11d 5h 6m 39s ago)
2016-06-02 22:28:08.312798 : process/init/app/run.sh
2016-06-02 22:28:08.312817 : mark_done process/init/app
2016-06-02 22:28:08.312838 : ##############################################################################
2016-06-02 22:28:08.312858 
2016-06-02 22:28:08.312876 : ## process/init/relation/articles ############################################
2016-06-02 22:28:08.312894 : # Done: 2016-05-23T12:16:43-0700 (10d 10h 11m 21s ago)
2016-06-02 22:28:08.312911 : process/init/relation/articles/run.sh
2016-06-02 22:28:08.312929 : mark_done process/init/relation/articles
2016-06-02 22:28:08.312947 : ##############################################################################
2016-06-02 22:28:08.312966 
2016-06-02 22:28:08.312983 : ## data/articles #############################################################
2016-06-02 22:28:08.313000 : # Done: 2016-05-23T12:16:43-0700 (10d 10h 11m 21s ago)
2016-06-02 22:28:08.313018 : # no-op
2016-06-02 22:28:08.313035 : mark_done data/articles
2016-06-02 22:28:08.313052 : ##############################################################################
2016-06-02 22:28:08.313070 
2016-06-02 22:28:08.313088 : ## process/ext_sentences_by_nlp_markup #######################################
2016-06-02 22:28:08.313105 : # Done: 2016-05-23T15:05:01-0700 (10d 7h 23m 3s ago)
2016-06-02 22:28:08.313122 : process/ext_sentences_by_nlp_markup/run.sh
2016-06-02 22:28:08.313140 : mark_done process/ext_sentences_by_nlp_markup
2016-06-02 22:28:08.313157 : ##############################################################################
2016-06-02 22:28:08.313175 
2016-06-02 22:28:08.313193 : ## data/sentences ############################################################
2016-06-02 22:28:08.313211 : # Done: 2016-05-23T15:05:01-0700 (10d 7h 23m 3s ago)
2016-06-02 22:28:08.313228 : # no-op
2016-06-02 22:28:08.313245 : mark_done data/sentences
2016-06-02 22:28:08.313262 : ##############################################################################
2016-06-02 22:28:08.313280 
2016-06-02 22:28:08.313298 : ## process/ext_person_mention_by_map_person_mention ##########################
2016-06-02 22:28:08.313316 : # Done: 2016-05-23T15:05:52-0700 (10d 7h 22m 12s ago)
2016-06-02 22:28:08.313333 : process/ext_person_mention_by_map_person_mention/run.sh
2016-06-02 22:28:08.313351 : mark_done process/ext_person_mention_by_map_person_mention
2016-06-02 22:28:08.313368 : ##############################################################################
2016-06-02 22:28:08.313385 
2016-06-02 22:28:08.313402 : ## data/person_mention #######################################################
2016-06-02 22:28:08.313420 : # Done: 2016-05-23T15:05:52-0700 (10d 7h 22m 12s ago)
2016-06-02 22:28:08.313437 : # no-op
2016-06-02 22:28:08.313454 : mark_done data/person_mention
2016-06-02 22:28:08.313471 : ##############################################################################
2016-06-02 22:28:08.313489 
2016-06-02 22:28:08.313507 : ## process/ext_num_people ####################################################
2016-06-02 22:28:08.313526 : # Done: 2016-05-23T15:06:46-0700 (10d 7h 21m 18s ago)
2016-06-02 22:28:08.313543 : process/ext_num_people/run.sh
2016-06-02 22:28:08.313560 : mark_done process/ext_num_people
2016-06-02 22:28:08.313578 : ##############################################################################
2016-06-02 22:28:08.313595 
2016-06-02 22:28:08.313612 : ## data/num_people ###########################################################
2016-06-02 22:28:08.313630 : # Done: 2016-05-23T15:06:46-0700 (10d 7h 21m 18s ago)
2016-06-02 22:28:08.313647 : # no-op
2016-06-02 22:28:08.313664 : mark_done data/num_people
2016-06-02 22:28:08.313681 : ##############################################################################
2016-06-02 22:28:08.313699 
2016-06-02 22:28:08.313716 : ## process/ext_team_mention_by_map_team_mention ##############################
2016-06-02 22:28:08.313733 : # Done: 2016-05-23T15:06:19-0700 (10d 7h 21m 45s ago)
2016-06-02 22:28:08.313750 : process/ext_team_mention_by_map_team_mention/run.sh
2016-06-02 22:28:08.313768 : mark_done process/ext_team_mention_by_map_team_mention
2016-06-02 22:28:08.313785 : ##############################################################################
2016-06-02 22:28:08.313802 
2016-06-02 22:28:08.313819 : ## data/team_mention #########################################################
2016-06-02 22:28:08.313837 : # Done: 2016-05-23T15:06:19-0700 (10d 7h 21m 45s ago)
2016-06-02 22:28:08.313854 : # no-op
2016-06-02 22:28:08.313871 : mark_done data/team_mention
2016-06-02 22:28:08.313888 : ##############################################################################
2016-06-02 22:28:08.313905 
2016-06-02 22:28:08.313922 : ## process/ext_spouse_candidate ##############################################
2016-06-02 22:28:08.313939 : # Done: 2016-05-23T15:07:38-0700 (10d 7h 20m 26s ago)
2016-06-02 22:28:08.313956 : process/ext_spouse_candidate/run.sh
2016-06-02 22:28:08.313974 : mark_done process/ext_spouse_candidate
2016-06-02 22:28:08.313991 : ##############################################################################
2016-06-02 22:28:08.314009 
2016-06-02 22:28:08.314026 : ## data/spouse_candidate #####################################################
2016-06-02 22:28:08.314044 : # Done: 2016-05-23T15:07:38-0700 (10d 7h 20m 26s ago)
2016-06-02 22:28:08.314061 : # no-op
2016-06-02 22:28:08.314079 : mark_done data/spouse_candidate
2016-06-02 22:28:08.314096 : ##############################################################################
2016-06-02 22:28:08.314114 
2016-06-02 22:28:08.314131 : ## process/ext_spouse_label__0_by_supervise ##################################
2016-06-02 22:28:08.314148 : # Done: 2016-05-23T15:08:48-0700 (10d 7h 19m 16s ago)
2016-06-02 22:28:08.314165 : process/ext_spouse_label__0_by_supervise/run.sh
2016-06-02 22:28:08.314182 : mark_done process/ext_spouse_label__0_by_supervise
2016-06-02 22:28:08.314200 : ##############################################################################
2016-06-02 22:28:08.314217 
2016-06-02 22:28:08.314234 : ## data/spouse_label__0 ######################################################
2016-06-02 22:28:08.314251 : # Done: 2016-05-23T15:08:48-0700 (10d 7h 19m 16s ago)
2016-06-02 22:28:08.314268 : # no-op
2016-06-02 22:28:08.314285 : mark_done data/spouse_label__0
2016-06-02 22:28:08.314302 : ##############################################################################
2016-06-02 22:28:08.314319 
2016-06-02 22:28:08.314336 : ## process/init/relation/spouses_dbpedia #####################################
2016-06-02 22:28:08.314354 : # Done: 2016-06-02T22:27:40-0700 (24s ago)
2016-06-02 22:28:08.314371 : process/init/relation/spouses_dbpedia/run.sh
2016-06-02 22:28:08.314388 : mark_done process/init/relation/spouses_dbpedia
2016-06-02 22:28:08.314405 : ##############################################################################
2016-06-02 22:28:08.314422 
2016-06-02 22:28:08.314439 : ## data/spouses_dbpedia ######################################################
2016-06-02 22:28:08.314458 : # Done: 2016-06-02T22:27:40-0700 (24s ago)
2016-06-02 22:28:08.314475 : # no-op
2016-06-02 22:28:08.314492 : mark_done data/spouses_dbpedia
2016-06-02 22:28:08.314510 : ##############################################################################
2016-06-02 22:28:08.314527 
2016-06-02 22:28:08.314544 ## process/ext_spouse_label ##################################################
2016-06-02 22:28:08.314561 : # Done: 2016-05-23T15:08:50-0700 (10d 7h 19m 14s ago)
2016-06-02 22:28:08.314578 # Done: 2016-05-23T15:08:50-0700 (10d 7h 19m 13s ago)
2016-06-02 22:28:08.314595 process/ext_spouse_label/run.sh
2016-06-02 22:28:08.314613 ++ dirname process/ext_spouse_label/run.sh
2016-06-02 22:28:08.314630 + cd process/ext_spouse_label
2016-06-02 22:28:08.314646 + export DEEPDIVE_CURRENT_PROCESS_NAME=process/ext_spouse_label
2016-06-02 22:28:08.314664 + DEEPDIVE_CURRENT_PROCESS_NAME=process/ext_spouse_label
2016-06-02 22:28:08.314681 + deepdive create table spouse_label
2016-06-02 22:28:08.462075 NOTICE:  drop cascades to view spouse_label_resolved
2016-06-02 22:28:08.537250 CREATE TABLE
2016-06-02 22:28:08.539415 + deepdive sql 'INSERT INTO spouse_label SELECT R0.p_id AS "spouse_candidate.R0.p_id", R0.t_id AS "spouse_candidate.R0.t_id", 0 AS column_2, NULL AS column_3
2016-06-02 22:28:08.539512 FROM spouse_candidate R0
2016-06-02 22:28:08.539537         
2016-06-02 22:28:08.539557 UNION ALL
2016-06-02 22:28:08.539579 SELECT R0.p_id AS "spouse_candidate.R0.p_id", R0.t_id AS "spouse_candidate.R0.t_id", 1 AS column_2, '\''from_dbpedia'\'' AS column_3
2016-06-02 22:28:08.539600 FROM spouse_candidate R0, spouses_dbpedia R1
2016-06-02 22:28:08.539625         WHERE ((lower(R1.p_name) = lower(R0.p_name) AND lower(R1.t_name) = lower(R0.p_name)) OR (lower(R1.t_name) = lower(R0.t_name) AND lower(R1.p_name) = lower(R0.t_name)))
2016-06-02 22:28:08.539646 UNION ALL
2016-06-02 22:28:08.539667 SELECT R0.p_id AS "spouse_label__0.R0.p_id", R0.t_id AS "spouse_label__0.R0.t_id", R0.label AS "spouse_label__0.R0.label", R0.rule_id AS "spouse_label__0.R0.rule_id"
2016-06-02 22:28:08.539686 FROM spouse_label__0 R0
2016-06-02 22:28:08.539706         '
2016-06-02 22:28:10.073774 INSERT 0 7932
2016-06-02 22:28:10.075438 mark_done process/ext_spouse_label
2016-06-02 22:28:10.098146 ##############################################################################
2016-06-02 22:28:10.098239 
2016-06-02 22:28:10.098282 ## data/spouse_label #########################################################
2016-06-02 22:28:10.098305 : # Done: 2016-05-23T15:08:50-0700 (10d 7h 19m 14s ago)
2016-06-02 22:28:10.098327 # Done: 2016-05-23T15:08:50-0700 (10d 7h 19m 13s ago)
2016-06-02 22:28:10.098348 # no-op
2016-06-02 22:28:10.098371 mark_done data/spouse_label
2016-06-02 22:28:10.129155 ##############################################################################
2016-06-02 22:28:10.129243 
2016-06-02 22:28:10.129279 ## process/ext_spouse_label_resolved #########################################
2016-06-02 22:28:10.129305 : # Done: 2016-05-23T15:08:50-0700 (10d 7h 19m 14s ago)
2016-06-02 22:28:10.129325 # Done: 2016-05-23T15:08:50-0700 (10d 7h 19m 13s ago)
2016-06-02 22:28:10.129346 process/ext_spouse_label_resolved/run.sh
2016-06-02 22:28:10.142725 ++ dirname process/ext_spouse_label_resolved/run.sh
2016-06-02 22:28:10.146294 + cd process/ext_spouse_label_resolved
2016-06-02 22:28:10.146427 + export DEEPDIVE_CURRENT_PROCESS_NAME=process/ext_spouse_label_resolved
2016-06-02 22:28:10.146486 + DEEPDIVE_CURRENT_PROCESS_NAME=process/ext_spouse_label_resolved
2016-06-02 22:28:10.146517 + deepdive create view spouse_label_resolved as 'SELECT R0.p_id AS column_0, R0.t_id AS column_1, SUM(R0.label) AS column_2
2016-06-02 22:28:10.146542 FROM spouse_label R0
2016-06-02 22:28:10.146564         
2016-06-02 22:28:10.146585         GROUP BY R0.p_id, R0.t_id'
2016-06-02 22:28:10.344156 CREATE VIEW
2016-06-02 22:28:10.345753 mark_done process/ext_spouse_label_resolved
2016-06-02 22:28:10.364683 ##############################################################################
2016-06-02 22:28:10.364775 
2016-06-02 22:28:10.364814 ## data/spouse_label_resolved ################################################
2016-06-02 22:28:10.364840 # Done: 2016-05-23T15:08:50-0700 (10d 7h 19m 14s ago)
2016-06-02 22:28:10.364861 # no-op
2016-06-02 22:28:10.364882 mark_done data/spouse_label_resolved
2016-06-02 22:28:10.395330 ##############################################################################
2016-06-02 22:28:10.395403 
2016-06-02 22:28:10.395432 : ## process/init/relation/spouses_dbpedia_negative ############################
2016-06-02 22:28:10.395458 : # Done: 2016-05-25T12:13:43-0700 (8d 10h 14m 21s ago)
2016-06-02 22:28:10.395481 : process/init/relation/spouses_dbpedia_negative/run.sh
2016-06-02 22:28:10.395503 : mark_done process/init/relation/spouses_dbpedia_negative
2016-06-02 22:28:10.395589 : ##############################################################################
2016-06-02 22:28:10.395637 
2016-06-02 22:28:10.395657 : ## data/spouses_dbpedia_negative #############################################
2016-06-02 22:28:10.395677 : # Done: 2016-06-02T22:27:46-0700 (18s ago)
2016-06-02 22:28:10.395697 : # no-op
2016-06-02 22:28:10.395717 : mark_done data/spouses_dbpedia_negative
2016-06-02 22:28:10.395739 : ##############################################################################
2016-06-02 22:28:10.395757 
2016-06-02 22:28:10.395779 ## process/ext_has_spouse ####################################################
2016-06-02 22:28:10.395799 # Done: 2016-05-29T12:10:14-0700 (4d 10h 17m 50s ago)
2016-06-02 22:28:10.395820 process/ext_has_spouse/run.sh
2016-06-02 22:28:10.404266 ++ dirname process/ext_has_spouse/run.sh
2016-06-02 22:28:10.408387 + cd process/ext_has_spouse
2016-06-02 22:28:10.408503 + export DEEPDIVE_CURRENT_PROCESS_NAME=process/ext_has_spouse
2016-06-02 22:28:10.408548 + DEEPDIVE_CURRENT_PROCESS_NAME=process/ext_has_spouse
2016-06-02 22:28:10.408574 + deepdive create table has_spouse
2016-06-02 22:28:10.586263 CREATE TABLE
2016-06-02 22:28:10.587618 + deepdive sql 'INSERT INTO has_spouse SELECT DISTINCT R0.column_0, R0.column_1, 0 AS id, 
2016-06-02 22:28:10.587689 CASE WHEN R0.column_2 > 0 THEN true
2016-06-02 22:28:10.587798      WHEN R0.column_2 < 0 THEN false
2016-06-02 22:28:10.587831      ELSE NULL
2016-06-02 22:28:10.587860 END AS label
2016-06-02 22:28:10.587883           FROM spouse_label_resolved R0
2016-06-02 22:28:10.587904         
2016-06-02 22:28:10.587923           
2016-06-02 22:28:10.587973 UNION ALL
2016-06-02 22:28:10.587992 SELECT R0.mention_id AS "person_mention.R0.mention_id", R1.team_id AS "team_mention.R1.team_id"
2016-06-02 22:28:10.588009 FROM person_mention R0, team_mention R1, spouses_dbpedia_negative R2
2016-06-02 22:28:10.588026         WHERE R2.p_name = R0.mention_text  AND R2.t_name = R1.team_text '
2016-06-02 22:28:10.690359 ERROR:  each UNION query must have the same number of columns
2016-06-02 22:28:10.690443 LINE 10: SELECT R0.mention_id AS "person_mention.R0.mention_id", R1.t...
2016-06-02 22:28:10.690479                 ^
