2016-05-22 11:55:51.801326 # on eduroam-169-233-210-202.ucsc.edu: deepdive do articles
2016-05-22 11:55:51.801845 # run/20160522/115548.572841000/plan.sh
2016-05-22 11:55:51.801883 # execution plan for data/articles
2016-05-22 11:55:51.801906 
2016-05-22 11:55:51.801927 : ## process/init/app ##########################################################
2016-05-22 11:55:51.801949 : # Done: 2016-05-22T11:25:05-0700 (30m 43s ago)
2016-05-22 11:55:51.801968 : process/init/app/run.sh
2016-05-22 11:55:51.802044 : mark_done process/init/app
2016-05-22 11:55:51.802096 : ##############################################################################
2016-05-22 11:55:51.802139 
2016-05-22 11:55:51.802223 ## process/init/relation/articles ############################################
2016-05-22 11:55:51.802275 # Done: 2016-05-22T11:31:33-0700 (24m 15s ago)
2016-05-22 11:55:51.802312 process/init/relation/articles/run.sh
2016-05-22 11:55:51.802354 ++ dirname process/init/relation/articles/run.sh
2016-05-22 11:55:51.802395 + cd process/init/relation/articles
2016-05-22 11:55:51.802425 + export DEEPDIVE_CURRENT_PROCESS_NAME=process/init/relation/articles
2016-05-22 11:55:51.802461 + DEEPDIVE_CURRENT_PROCESS_NAME=process/init/relation/articles
2016-05-22 11:55:51.802499 + deepdive create table articles
2016-05-22 11:55:51.910035 CREATE TABLE
2016-05-22 11:55:51.911006 + deepdive load articles
2016-05-22 11:55:52.021860 Loading articles from input/articles.tsv.sh (tsv format)
2016-05-22 11:55:52.034077 ERROR: Missing /Users/emerson/Documents/Github/deepdive/examples/Coach_NBA/input/signalmedia/signalmedia-1m.jsonl
2016-05-22 11:55:52.034145 # Please Download it from http://research.signalmedia.co/newsir16/signal-dataset.html
2016-05-22 11:55:52.034171 
2016-05-22 11:55:52.034192 # Alternatively, use our sampled data by running:
2016-05-22 11:55:52.034211 deepdive load articles input/articles-100.tsv.bz2
2016-05-22 11:55:52.034232 
2016-05-22 11:55:52.034251 # Or, skipping all NLP markup processes by running:
2016-05-22 11:55:52.034270 deepdive create table sentences
2016-05-22 11:55:52.034290 deepdive load sentences
2016-05-22 11:55:52.034309 deepdive mark done sentences
2016-05-22 11:55:52.074974 COPY 0
2016-05-22 11:55:52.083152 mark_done process/init/relation/articles
2016-05-22 11:55:52.118855 ##############################################################################
2016-05-22 11:55:52.118943 
2016-05-22 11:55:52.118980 ## data/articles #############################################################
2016-05-22 11:55:52.119004 # Done: 2016-05-22T11:31:33-0700 (24m 15s ago)
2016-05-22 11:55:52.119027 # no-op
2016-05-22 11:55:52.119049 mark_done data/articles
2016-05-22 11:55:52.141777 ##############################################################################
2016-05-22 11:55:52.141825 
