2016-05-20 22:20:19.400955 # on dhcp-169-233-138-157.cruznet.ucsc.edu: deepdive do probabilities
2016-05-20 22:20:19.401245 # run/20160520/222016.610327000/plan.sh
2016-05-20 22:20:19.401266 # execution plan for data/model/probabilities
2016-05-20 22:20:19.401285 
2016-05-20 22:20:19.401306 : ## process/init/app ##########################################################
2016-05-20 22:20:19.401327 : # Done: 2016-05-20T15:47:44-0700 (6h 32m 33s ago)
2016-05-20 22:20:19.401346 : process/init/app/run.sh
2016-05-20 22:20:19.401366 : mark_done process/init/app
2016-05-20 22:20:19.401387 : ##############################################################################
2016-05-20 22:20:19.401406 
2016-05-20 22:20:19.401429 : ## process/init/relation/articles ############################################
2016-05-20 22:20:19.401448 : # Done: 2016-05-20T19:16:48-0700 (3h 3m 29s ago)
2016-05-20 22:20:19.401467 : process/init/relation/articles/run.sh
2016-05-20 22:20:19.401485 : mark_done process/init/relation/articles
2016-05-20 22:20:19.401503 : ##############################################################################
2016-05-20 22:20:19.401522 
2016-05-20 22:20:19.401544 : ## data/articles #############################################################
2016-05-20 22:20:19.401564 : # Done: 2016-05-20T19:16:48-0700 (3h 3m 29s ago)
2016-05-20 22:20:19.401584 : # no-op
2016-05-20 22:20:19.401604 : mark_done data/articles
2016-05-20 22:20:19.401624 : ##############################################################################
2016-05-20 22:20:19.401643 
2016-05-20 22:20:19.401664 : ## process/ext_sentences_by_nlp_markup #######################################
2016-05-20 22:20:19.401701 : # Done: 2016-05-20T19:20:04-0700 (3h 13s ago)
2016-05-20 22:20:19.401731 : process/ext_sentences_by_nlp_markup/run.sh
2016-05-20 22:20:19.401753 : mark_done process/ext_sentences_by_nlp_markup
2016-05-20 22:20:19.401775 : ##############################################################################
2016-05-20 22:20:19.401796 
2016-05-20 22:20:19.401819 : ## data/sentences ############################################################
2016-05-20 22:20:19.401841 : # Done: 2016-05-20T19:20:04-0700 (3h 13s ago)
2016-05-20 22:20:19.401861 : # no-op
2016-05-20 22:20:19.401882 : mark_done data/sentences
2016-05-20 22:20:19.401903 : ##############################################################################
2016-05-20 22:20:19.401923 
2016-05-20 22:20:19.401943 : ## process/ext_person_mention_by_map_person_mention ##########################
2016-05-20 22:20:19.401962 : # Done: 2016-05-20T20:58:22-0700 (1h 21m 55s ago)
2016-05-20 22:20:19.401983 : process/ext_person_mention_by_map_person_mention/run.sh
2016-05-20 22:20:19.402003 : mark_done process/ext_person_mention_by_map_person_mention
2016-05-20 22:20:19.402023 : ##############################################################################
2016-05-20 22:20:19.402045 
2016-05-20 22:20:19.402066 : ## data/person_mention #######################################################
2016-05-20 22:20:19.402086 : # Done: 2016-05-20T20:58:22-0700 (1h 21m 55s ago)
2016-05-20 22:20:19.402105 : # no-op
2016-05-20 22:20:19.402127 : mark_done data/person_mention
2016-05-20 22:20:19.402149 : ##############################################################################
2016-05-20 22:20:19.402171 
2016-05-20 22:20:19.402218 : ## process/ext_num_people ####################################################
2016-05-20 22:20:19.402259 : # Done: 2016-05-20T21:35:41-0700 (44m 36s ago)
2016-05-20 22:20:19.402286 : process/ext_num_people/run.sh
2016-05-20 22:20:19.402309 : mark_done process/ext_num_people
2016-05-20 22:20:19.402332 : ##############################################################################
2016-05-20 22:20:19.402353 
2016-05-20 22:20:19.402375 : ## data/num_people ###########################################################
2016-05-20 22:20:19.402397 : # Done: 2016-05-20T21:35:41-0700 (44m 36s ago)
2016-05-20 22:20:19.402417 : # no-op
2016-05-20 22:20:19.402437 : mark_done data/num_people
2016-05-20 22:20:19.402458 : ##############################################################################
2016-05-20 22:20:19.402479 
2016-05-20 22:20:19.402500 : ## process/ext_team_mention_by_map_team_mention ##############################
2016-05-20 22:20:19.402520 : # Done: 2016-05-20T21:23:06-0700 (57m 11s ago)
2016-05-20 22:20:19.402543 : process/ext_team_mention_by_map_team_mention/run.sh
2016-05-20 22:20:19.402563 : mark_done process/ext_team_mention_by_map_team_mention
2016-05-20 22:20:19.402584 : ##############################################################################
2016-05-20 22:20:19.402604 
2016-05-20 22:20:19.402624 : ## data/team_mention #########################################################
2016-05-20 22:20:19.402644 : # Done: 2016-05-20T22:05:04-0700 (15m 13s ago)
2016-05-20 22:20:19.402664 : # no-op
2016-05-20 22:20:19.402684 : mark_done data/team_mention
2016-05-20 22:20:19.402705 : ##############################################################################
2016-05-20 22:20:19.402726 
2016-05-20 22:20:19.402745 : ## process/ext_spouse_candidate ##############################################
2016-05-20 22:20:19.402766 : # Done: 2016-05-20T22:17:52-0700 (2m 25s ago)
2016-05-20 22:20:19.402787 : process/ext_spouse_candidate/run.sh
2016-05-20 22:20:19.402808 : mark_done process/ext_spouse_candidate
2016-05-20 22:20:19.402842 : ##############################################################################
2016-05-20 22:20:19.402871 
2016-05-20 22:20:19.402894 : ## data/spouse_candidate #####################################################
2016-05-20 22:20:19.402915 : # Done: 2016-05-20T22:17:52-0700 (2m 25s ago)
2016-05-20 22:20:19.402935 : # no-op
2016-05-20 22:20:19.402955 : mark_done data/spouse_candidate
2016-05-20 22:20:19.402975 : ##############################################################################
2016-05-20 22:20:19.402995 
2016-05-20 22:20:19.403015 : ## process/ext_spouse_label__0_by_supervise ##################################
2016-05-20 22:20:19.403036 : # Done: 2016-05-20T22:17:53-0700 (2m 24s ago)
2016-05-20 22:20:19.403059 : process/ext_spouse_label__0_by_supervise/run.sh
2016-05-20 22:20:19.403081 : mark_done process/ext_spouse_label__0_by_supervise
2016-05-20 22:20:19.403103 : ##############################################################################
2016-05-20 22:20:19.403123 
2016-05-20 22:20:19.403145 : ## data/spouse_label__0 ######################################################
2016-05-20 22:20:19.403167 : # Done: 2016-05-20T22:17:53-0700 (2m 24s ago)
2016-05-20 22:20:19.403188 : # no-op
2016-05-20 22:20:19.403209 : mark_done data/spouse_label__0
2016-05-20 22:20:19.403228 : ##############################################################################
2016-05-20 22:20:19.403248 
2016-05-20 22:20:19.403267 : ## process/init/relation/spouses_dbpedia #####################################
2016-05-20 22:20:19.403287 : # Done: 2016-05-20T15:47:44-0700 (6h 32m 33s ago)
2016-05-20 22:20:19.403307 : process/init/relation/spouses_dbpedia/run.sh
2016-05-20 22:20:19.403327 : mark_done process/init/relation/spouses_dbpedia
2016-05-20 22:20:19.403348 : ##############################################################################
2016-05-20 22:20:19.403367 
2016-05-20 22:20:19.403389 : ## data/spouses_dbpedia ######################################################
2016-05-20 22:20:19.403408 : # Done: 2016-05-20T22:17:53-0700 (2m 24s ago)
2016-05-20 22:20:19.403430 : # no-op
2016-05-20 22:20:19.403451 : mark_done data/spouses_dbpedia
2016-05-20 22:20:19.403472 : ##############################################################################
2016-05-20 22:20:19.403493 
2016-05-20 22:20:19.403514 : ## process/ext_spouse_label ##################################################
2016-05-20 22:20:19.403533 : # Done: 2016-05-20T22:17:55-0700 (2m 22s ago)
2016-05-20 22:20:19.403556 : process/ext_spouse_label/run.sh
2016-05-20 22:20:19.403577 : mark_done process/ext_spouse_label
2016-05-20 22:20:19.403618 : ##############################################################################
2016-05-20 22:20:19.403652 
2016-05-20 22:20:19.403679 : ## data/spouse_label #########################################################
2016-05-20 22:20:19.403702 : # Done: 2016-05-20T22:17:55-0700 (2m 22s ago)
2016-05-20 22:20:19.403724 : # no-op
2016-05-20 22:20:19.403748 : mark_done data/spouse_label
2016-05-20 22:20:19.403773 : ##############################################################################
2016-05-20 22:20:19.403795 
2016-05-20 22:20:19.403814 : ## process/ext_spouse_label_resolved #########################################
2016-05-20 22:20:19.403836 : # Done: 2016-05-20T22:17:55-0700 (2m 22s ago)
2016-05-20 22:20:19.403859 : process/ext_spouse_label_resolved/run.sh
2016-05-20 22:20:19.403881 : mark_done process/ext_spouse_label_resolved
2016-05-20 22:20:19.403903 : ##############################################################################
2016-05-20 22:20:19.403924 
2016-05-20 22:20:19.403953 : ## data/spouse_label_resolved ################################################
2016-05-20 22:20:19.403979 : # Done: 2016-05-20T22:17:55-0700 (2m 22s ago)
2016-05-20 22:20:19.404003 : # no-op
2016-05-20 22:20:19.404024 : mark_done data/spouse_label_resolved
2016-05-20 22:20:19.404060 : ##############################################################################
2016-05-20 22:20:19.404085 
2016-05-20 22:20:19.404108 : ## process/ext_has_spouse ####################################################
2016-05-20 22:20:19.404130 : # Done: 2016-05-20T22:17:55-0700 (2m 22s ago)
2016-05-20 22:20:19.404151 : process/ext_has_spouse/run.sh
2016-05-20 22:20:19.404174 : mark_done process/ext_has_spouse
2016-05-20 22:20:19.404195 : ##############################################################################
2016-05-20 22:20:19.404217 
2016-05-20 22:20:19.404238 : ## data/has_spouse ###########################################################
2016-05-20 22:20:19.404257 : # Done: 2016-05-20T22:17:55-0700 (2m 22s ago)
2016-05-20 22:20:19.404277 : # no-op
2016-05-20 22:20:19.404334 : mark_done data/has_spouse
2016-05-20 22:20:19.404357 : ##############################################################################
2016-05-20 22:20:19.404378 
2016-05-20 22:20:19.404397 : ## process/grounding/variable_id_partition ###################################
2016-05-20 22:20:19.404418 : # Done: 2016-05-20T22:17:55-0700 (2m 22s ago)
2016-05-20 22:20:19.404441 : process/grounding/variable_id_partition/run.sh
2016-05-20 22:20:19.404463 : mark_done process/grounding/variable_id_partition
2016-05-20 22:20:19.404483 : ##############################################################################
2016-05-20 22:20:19.404505 
2016-05-20 22:20:19.404526 : ## process/grounding/variable/has_spouse/assign_id ###########################
2016-05-20 22:20:19.404545 : # Done: 2016-05-20T22:17:55-0700 (2m 22s ago)
2016-05-20 22:20:19.404608 : process/grounding/variable/has_spouse/assign_id/run.sh
2016-05-20 22:20:19.404638 : mark_done process/grounding/variable/has_spouse/assign_id
2016-05-20 22:20:19.404660 : ##############################################################################
2016-05-20 22:20:19.404681 
2016-05-20 22:20:19.404701 ## process/grounding/factor/inf1_imply_has_spouse_has_spouse/materialize #####
2016-05-20 22:20:19.404722 : # Done: 2016-05-20T15:47:44-0700 (6h 32m 33s ago)
2016-05-20 22:20:19.404743 # Done: 2016-05-20T15:47:44-0700 (6h 32m 32s ago)
2016-05-20 22:20:19.404766 process/grounding/factor/inf1_imply_has_spouse_has_spouse/materialize/run.sh
2016-05-20 22:20:19.404787 ++ dirname process/grounding/factor/inf1_imply_has_spouse_has_spouse/materialize/run.sh
2016-05-20 22:20:19.404808 + cd process/grounding/factor/inf1_imply_has_spouse_has_spouse/materialize
2016-05-20 22:20:19.404830 + export DEEPDIVE_CURRENT_PROCESS_NAME=process/grounding/factor/inf1_imply_has_spouse_has_spouse/materialize
2016-05-20 22:20:19.404854 + DEEPDIVE_CURRENT_PROCESS_NAME=process/grounding/factor/inf1_imply_has_spouse_has_spouse/materialize
2016-05-20 22:20:19.404875 + : /Users/emerson/Documents/Github/deepdive/examples/Coach_NBA/run/model/grounding
2016-05-20 22:20:19.404898 + deepdive create table dd_factors_inf1_imply_has_spouse_has_spouse as '
2016-05-20 22:20:19.404921           SELECT R0.id AS "has_spouse.R0.id" , R0.id AS "has_spouse.R0.id" 
2016-05-20 22:20:19.404943           FROM has_spouse R0, has_spouse R1, spouse_candidate R2, spouse_candidate R3, spouse_candidate R4
2016-05-20 22:20:19.404971         WHERE R1.p_id = R0.p_id  AND R1.t_id = R0.t_id  AND R2.p_id = R0.p_id  AND R2.t_id = R0.t_id  AND R3.t_id = R0.t_id  AND R4.p_id = R0.p_id '
2016-05-20 22:20:19.562643 ERROR:  column r1.p_id does not exist
2016-05-20 22:20:19.562705 LINE 4:         WHERE R1.p_id = R0.p_id  AND R1.t_id = R0.t_id  AND ...
2016-05-20 22:20:19.562730                       ^
