2016-05-30 23:34:57.966330 ‘run/LATEST.COMPILE/233457.891959000’ -> ‘20160530/233457.891959000’
2016-05-30 23:34:57.966650 ‘run/RUNNING.COMPILE’ -> ‘20160530/233457.891959000’
2016-05-30 23:34:57.966673 Parsing DeepDive application (/Users/emerson/Documents/Github/deepdive/examples/coach_nba) to generate:
2016-05-30 23:34:57.966687  run/compiled/schema.json
2016-05-30 23:34:57.966698   from app.ddlog
2016-05-30 23:34:59.176324  run/compiled/deepdive.conf
2016-05-30 23:34:59.176527   from app.ddlog
2016-05-30 23:35:00.263708   from deepdive.conf
2016-05-30 23:35:00.273193  run/compiled/deepdive.conf.json
2016-05-30 23:35:00.731461 Performing sanity checks on run/compiled/deepdive.conf.json:
2016-05-30 23:35:00.829885  checking if input_extractors_well_defined
2016-05-30 23:35:00.829960  checking if input_schema_wellformed
2016-05-30 23:35:00.830304 Normalizing and adding built-in processes to the data flow to compile:
2016-05-30 23:35:00.830863  run/compiled/config-0.00-init_objects.json
2016-05-30 23:35:00.859700  run/compiled/config-0.01-parse_calibration.json
2016-05-30 23:35:00.894099  run/compiled/config-0.01-parse_schema.json
2016-05-30 23:35:00.938911  run/compiled/config-0.51-add_init_app.json
2016-05-30 23:35:00.971001  run/compiled/config-0.52-input_loader.json
2016-05-30 23:35:00.997213  run/compiled/config-1.00-qualified_names.json
2016-05-30 23:35:01.025437  run/compiled/config-1.01-parse_inference_rules.json
2016-05-30 23:35:01.084343  run/compiled/config-2.01-grounding.json
2016-05-30 23:35:01.196363  run/compiled/config-2.02-learning_inference.json
2016-05-30 23:35:01.233933  run/compiled/config-2.03-calibration_plots.json
2016-05-30 23:35:01.275739  run/compiled/config-9.98-ensure_init_app.json
2016-05-30 23:35:01.316570  run/compiled/config-9.99-dependencies.json
2016-05-30 23:35:01.357883  run/compiled/config.json
2016-05-30 23:35:01.362180 Validating run/compiled/config.json:
2016-05-30 23:35:01.502870  checking if compiled_base_relations_have_input_data
2016-05-30 23:35:01.502934  [WARNING] input/init.sh should load all base relations: articles spouses_dbpedia spouses_dbpedia_negative 
2016-05-30 23:35:01.502963  checking if compiled_dependencies_correct
2016-05-30 23:35:01.502991  checking if compiled_input_output_well_defined
2016-05-30 23:35:01.503017  checking if compiled_output_uniquely_defined
2016-05-30 23:35:01.503354 Compiling executable code into:
2016-05-30 23:35:01.503764  run/compiled/code-Makefile.json
2016-05-30 23:35:01.536445  run/compiled/code-cmd_extractor.json
2016-05-30 23:35:01.578282  run/compiled/code-dataflow_dot.json
2016-05-30 23:35:01.625997  run/compiled/code-sql_extractor.json
2016-05-30 23:35:01.667907  run/compiled/code-tsv_extractor.json
2016-05-30 23:35:01.743156 Generating files:
2016-05-30 23:35:01.782226  run/Makefile
2016-05-30 23:35:01.815445  run/process/init/app/run.sh
2016-05-30 23:35:01.838105  run/process/init/relation/articles/run.sh
2016-05-30 23:35:01.861663  run/process/init/relation/spouses_dbpedia/run.sh
2016-05-30 23:35:01.894625  run/process/init/relation/spouses_dbpedia_negative/run.sh
2016-05-30 23:35:01.935043  run/process/ext_has_spouse/run.sh
2016-05-30 23:35:01.957541  run/process/ext_num_people/run.sh
2016-05-30 23:35:01.978657  run/process/ext_num_team/run.sh
2016-05-30 23:35:02.012454  run/process/ext_spouse_candidate/run.sh
2016-05-30 23:35:02.037096  run/process/ext_spouse_label/run.sh
2016-05-30 23:35:02.062129  run/process/ext_spouse_label_resolved/run.sh
2016-05-30 23:35:02.086405  run/process/grounding/variable_id_partition/run.sh
2016-05-30 23:35:02.114136  run/process/grounding/variable/has_spouse/assign_id/run.sh
2016-05-30 23:35:02.140382  run/process/grounding/variable_holdout/run.sh
2016-05-30 23:35:02.167021  run/process/grounding/variable/has_spouse/dump/run.sh
2016-05-30 23:35:02.201768  run/process/grounding/factor/inf1_istrue_has_spouse/materialize/run.sh
2016-05-30 23:35:02.227303  run/process/grounding/factor/inf_imply_has_spouse_has_spouse/materialize/run.sh
2016-05-30 23:35:02.252429  run/process/grounding/factor/inf_istrue_has_spouse/materialize/run.sh
2016-05-30 23:35:02.277392  run/process/grounding/weight_id_partition/run.sh
2016-05-30 23:35:02.306448  run/process/grounding/global_weight_table/run.sh
2016-05-30 23:35:02.343735  run/process/grounding/factor/inf1_istrue_has_spouse/assign_weight_id/run.sh
2016-05-30 23:35:02.363189  run/process/grounding/factor/inf_imply_has_spouse_has_spouse/assign_weight_id/run.sh
2016-05-30 23:35:02.389720  run/process/grounding/factor/inf_istrue_has_spouse/assign_weight_id/run.sh
2016-05-30 23:35:02.424137  run/process/grounding/factor/inf1_istrue_has_spouse/dump/run.sh
2016-05-30 23:35:02.470971  run/process/grounding/factor/inf_imply_has_spouse_has_spouse/dump/run.sh
2016-05-30 23:35:02.499865  run/process/grounding/factor/inf_istrue_has_spouse/dump/run.sh
2016-05-30 23:35:02.525715  run/process/grounding/factor/inf1_istrue_has_spouse/dump_weights/run.sh
2016-05-30 23:35:02.550224  run/process/grounding/factor/inf_imply_has_spouse_has_spouse/dump_weights/run.sh
2016-05-30 23:35:02.575782  run/process/grounding/factor/inf_istrue_has_spouse/dump_weights/run.sh
2016-05-30 23:35:02.602259  run/process/grounding/combine_factorgraph/run.sh
2016-05-30 23:35:02.636343  run/process/model/learning/run.sh
2016-05-30 23:35:02.658970  run/process/model/inference/run.sh
2016-05-30 23:35:02.684700  run/process/model/load_weights/run.sh
2016-05-30 23:35:02.709564  run/process/model/load_probabilities/run.sh
2016-05-30 23:35:02.730867  run/process/model/calibration/run.sh
2016-05-30 23:35:02.761646  run/dataflow.dot
2016-05-30 23:35:02.784538  run/process/ext_person_mention_by_map_person_mention/run.sh
2016-05-30 23:35:02.812074  run/process/ext_sentences_by_nlp_markup/run.sh
2016-05-30 23:35:02.836327  run/process/ext_spouse_feature_by_extract_spouse_features/run.sh
2016-05-30 23:35:02.862690  run/process/ext_spouse_label__0_by_supervise/run.sh
2016-05-30 23:35:02.889915  run/process/ext_team_mention_by_map_team_mention/run.sh
2016-05-30 23:35:03.084401 Warning: Could not load "/Users/emerson/local/lib/bundled/graphviz/prefix/bin/../lib/graphviz/libgvplugin_pango.6.dylib" - file not found
2016-05-30 23:35:03.163067  run/dataflow.svg
2016-05-30 23:35:03.164142   (file:///Users/emerson/Documents/Github/deepdive/examples/coach_nba/run/dataflow.svg)
2016-05-30 23:35:03.167776 mv: cannot move ‘run/compiled’ to ‘run/compiled~’: Directory not empty
