2016-06-04 11:04:28.666111 # on dhcp-169-233-187-63.cruznet.ucsc.edu: deepdive do probabilities
2016-06-04 11:04:28.666492 # run/20160604/110425.896209000/plan.sh
2016-06-04 11:04:28.666525 # execution plan for data/model/probabilities
2016-06-04 11:04:28.666550 
2016-06-04 11:04:28.666572 : ## process/init/app ##########################################################
2016-06-04 11:04:28.666593 : # Done: 2016-05-22T17:21:25-0700 (12d 17h 43m 1s ago)
2016-06-04 11:04:28.666617 : process/init/app/run.sh
2016-06-04 11:04:28.666639 : mark_done process/init/app
2016-06-04 11:04:28.666660 : ##############################################################################
2016-06-04 11:04:28.666681 
2016-06-04 11:04:28.666702 : ## process/init/relation/articles ############################################
2016-06-04 11:04:28.666723 : # Done: 2016-05-23T12:16:43-0700 (11d 22h 47m 43s ago)
2016-06-04 11:04:28.666746 : process/init/relation/articles/run.sh
2016-06-04 11:04:28.666767 : mark_done process/init/relation/articles
2016-06-04 11:04:28.666787 : ##############################################################################
2016-06-04 11:04:28.666808 
2016-06-04 11:04:28.666829 : ## data/articles #############################################################
2016-06-04 11:04:28.666850 : # Done: 2016-05-23T12:16:43-0700 (11d 22h 47m 43s ago)
2016-06-04 11:04:28.666871 : # no-op
2016-06-04 11:04:28.666892 : mark_done data/articles
2016-06-04 11:04:28.666913 : ##############################################################################
2016-06-04 11:04:28.666933 
2016-06-04 11:04:28.666954 : ## process/ext_sentences_by_nlp_markup #######################################
2016-06-04 11:04:28.666975 : # Done: 2016-05-23T15:05:01-0700 (11d 19h 59m 25s ago)
2016-06-04 11:04:28.666995 : process/ext_sentences_by_nlp_markup/run.sh
2016-06-04 11:04:28.667017 : mark_done process/ext_sentences_by_nlp_markup
2016-06-04 11:04:28.667037 : ##############################################################################
2016-06-04 11:04:28.667058 
2016-06-04 11:04:28.667078 : ## data/sentences ############################################################
2016-06-04 11:04:28.667099 : # Done: 2016-05-23T15:05:01-0700 (11d 19h 59m 25s ago)
2016-06-04 11:04:28.667119 : # no-op
2016-06-04 11:04:28.667140 : mark_done data/sentences
2016-06-04 11:04:28.667161 : ##############################################################################
2016-06-04 11:04:28.667181 
2016-06-04 11:04:28.667202 : ## process/ext_person_mention_by_map_person_mention ##########################
2016-06-04 11:04:28.667223 : # Done: 2016-05-23T15:05:52-0700 (11d 19h 58m 34s ago)
2016-06-04 11:04:28.667244 : process/ext_person_mention_by_map_person_mention/run.sh
2016-06-04 11:04:28.667264 : mark_done process/ext_person_mention_by_map_person_mention
2016-06-04 11:04:28.667285 : ##############################################################################
2016-06-04 11:04:28.667306 
2016-06-04 11:04:28.667326 : ## data/person_mention #######################################################
2016-06-04 11:04:28.667346 : # Done: 2016-05-23T15:05:52-0700 (11d 19h 58m 34s ago)
2016-06-04 11:04:28.667367 : # no-op
2016-06-04 11:04:28.667387 : mark_done data/person_mention
2016-06-04 11:04:28.667409 : ##############################################################################
2016-06-04 11:04:28.667429 
2016-06-04 11:04:28.667450 : ## process/init/relation/spouses_dbpedia #####################################
2016-06-04 11:04:28.667471 : # Done: 2016-06-02T22:27:40-0700 (1d 12h 36m 46s ago)
2016-06-04 11:04:28.667493 : process/init/relation/spouses_dbpedia/run.sh
2016-06-04 11:04:28.667514 : mark_done process/init/relation/spouses_dbpedia
2016-06-04 11:04:28.667535 : ##############################################################################
2016-06-04 11:04:28.667556 
2016-06-04 11:04:28.667577 : ## data/spouses_dbpedia ######################################################
2016-06-04 11:04:28.667598 : # Done: 2016-06-02T22:27:40-0700 (1d 12h 36m 46s ago)
2016-06-04 11:04:28.667619 : # no-op
2016-06-04 11:04:28.667640 : mark_done data/spouses_dbpedia
2016-06-04 11:04:28.667662 : ##############################################################################
2016-06-04 11:04:28.667683 
2016-06-04 11:04:28.667704 : ## process/ext_team_mention_by_map_team_mention ##############################
2016-06-04 11:04:28.667726 : # Done: 2016-05-23T15:06:19-0700 (11d 19h 58m 7s ago)
2016-06-04 11:04:28.667747 : process/ext_team_mention_by_map_team_mention/run.sh
2016-06-04 11:04:28.667769 : mark_done process/ext_team_mention_by_map_team_mention
2016-06-04 11:04:28.667790 : ##############################################################################
2016-06-04 11:04:28.667811 
2016-06-04 11:04:28.667832 : ## data/team_mention #########################################################
2016-06-04 11:04:28.667853 : # Done: 2016-05-23T15:06:19-0700 (11d 19h 58m 7s ago)
2016-06-04 11:04:28.667876 : # no-op
2016-06-04 11:04:28.667897 : mark_done data/team_mention
2016-06-04 11:04:28.667918 : ##############################################################################
2016-06-04 11:04:28.667939 
2016-06-04 11:04:28.667959 : ## process/ext_num_people ####################################################
2016-06-04 11:04:28.667981 : # Done: 2016-05-23T15:06:46-0700 (11d 19h 57m 40s ago)
2016-06-04 11:04:28.668001 : process/ext_num_people/run.sh
2016-06-04 11:04:28.668022 : mark_done process/ext_num_people
2016-06-04 11:04:28.668044 : ##############################################################################
2016-06-04 11:04:28.668065 
2016-06-04 11:04:28.668085 : ## data/num_people ###########################################################
2016-06-04 11:04:28.668106 : # Done: 2016-05-23T15:06:46-0700 (11d 19h 57m 40s ago)
2016-06-04 11:04:28.668127 : # no-op
2016-06-04 11:04:28.668146 : mark_done data/num_people
2016-06-04 11:04:28.668164 : ##############################################################################
2016-06-04 11:04:28.668184 
2016-06-04 11:04:28.668204 : ## process/ext_spouse_candidate ##############################################
2016-06-04 11:04:28.668224 : # Done: 2016-05-23T15:07:38-0700 (11d 19h 56m 48s ago)
2016-06-04 11:04:28.668243 : process/ext_spouse_candidate/run.sh
2016-06-04 11:04:28.668265 : mark_done process/ext_spouse_candidate
2016-06-04 11:04:28.668286 : ##############################################################################
2016-06-04 11:04:28.668307 
2016-06-04 11:04:28.668328 : ## data/spouse_candidate #####################################################
2016-06-04 11:04:28.668347 : # Done: 2016-05-23T15:07:38-0700 (11d 19h 56m 48s ago)
2016-06-04 11:04:28.668365 : # no-op
2016-06-04 11:04:28.668384 : mark_done data/spouse_candidate
2016-06-04 11:04:28.668405 : ##############################################################################
2016-06-04 11:04:28.668425 
2016-06-04 11:04:28.668446 : ## process/ext_spouse_label__0_by_supervise ##################################
2016-06-04 11:04:28.668467 : # Done: 2016-05-23T15:08:48-0700 (11d 19h 55m 38s ago)
2016-06-04 11:04:28.668486 : process/ext_spouse_label__0_by_supervise/run.sh
2016-06-04 11:04:28.668505 : mark_done process/ext_spouse_label__0_by_supervise
2016-06-04 11:04:28.668524 : ##############################################################################
2016-06-04 11:04:28.668543 
2016-06-04 11:04:28.668562 : ## data/spouse_label__0 ######################################################
2016-06-04 11:04:28.668583 : # Done: 2016-05-23T15:08:48-0700 (11d 19h 55m 38s ago)
2016-06-04 11:04:28.668604 : # no-op
2016-06-04 11:04:28.668623 : mark_done data/spouse_label__0
2016-06-04 11:04:28.668642 : ##############################################################################
2016-06-04 11:04:28.668660 
2016-06-04 11:04:28.668750 : ## process/ext_spouse_label ##################################################
2016-06-04 11:04:28.668771 : # Done: 2016-06-02T22:28:10-0700 (1d 12h 36m 16s ago)
2016-06-04 11:04:28.668791 : process/ext_spouse_label/run.sh
2016-06-04 11:04:28.668809 : mark_done process/ext_spouse_label
2016-06-04 11:04:28.668828 : ##############################################################################
2016-06-04 11:04:28.668846 
2016-06-04 11:04:28.668865 : ## data/spouse_label #########################################################
2016-06-04 11:04:28.668884 : # Done: 2016-06-02T22:28:10-0700 (1d 12h 36m 16s ago)
2016-06-04 11:04:28.668904 : # no-op
2016-06-04 11:04:28.668924 : mark_done data/spouse_label
2016-06-04 11:04:28.668942 : ##############################################################################
2016-06-04 11:04:28.668961 
2016-06-04 11:04:28.668981 : ## process/ext_spouse_label_resolved #########################################
2016-06-04 11:04:28.669001 : # Done: 2016-06-02T22:28:10-0700 (1d 12h 36m 16s ago)
2016-06-04 11:04:28.669021 : process/ext_spouse_label_resolved/run.sh
2016-06-04 11:04:28.669043 : mark_done process/ext_spouse_label_resolved
2016-06-04 11:04:28.669064 : ##############################################################################
2016-06-04 11:04:28.669086 
2016-06-04 11:04:28.669108 : ## data/spouse_label_resolved ################################################
2016-06-04 11:04:28.669130 : # Done: 2016-06-02T22:28:10-0700 (1d 12h 36m 16s ago)
2016-06-04 11:04:28.669151 : # no-op
2016-06-04 11:04:28.669174 : mark_done data/spouse_label_resolved
2016-06-04 11:04:28.669195 : ##############################################################################
2016-06-04 11:04:28.669217 
2016-06-04 11:04:28.669239 : ## process/init/relation/spouses_dbpedia_negative ############################
2016-06-04 11:04:28.669260 : # Done: 2016-05-25T12:13:43-0700 (9d 22h 50m 43s ago)
2016-06-04 11:04:28.669283 : process/init/relation/spouses_dbpedia_negative/run.sh
2016-06-04 11:04:28.669305 : mark_done process/init/relation/spouses_dbpedia_negative
2016-06-04 11:04:28.669327 : ##############################################################################
2016-06-04 11:04:28.669352 
2016-06-04 11:04:28.669378 : ## data/spouses_dbpedia_negative #############################################
2016-06-04 11:04:28.669397 : # Done: 2016-06-02T22:50:00-0700 (1d 12h 14m 26s ago)
2016-06-04 11:04:28.669415 : # no-op
2016-06-04 11:04:28.669433 : mark_done data/spouses_dbpedia_negative
2016-06-04 11:04:28.669453 : ##############################################################################
2016-06-04 11:04:28.669472 
2016-06-04 11:04:28.669490 : ## process/ext_has_spouse ####################################################
2016-06-04 11:04:28.669509 : # Done: 2016-06-02T23:14:20-0700 (1d 11h 50m 6s ago)
2016-06-04 11:04:28.669528 : process/ext_has_spouse/run.sh
2016-06-04 11:04:28.669547 : mark_done process/ext_has_spouse
2016-06-04 11:04:28.669566 : ##############################################################################
2016-06-04 11:04:28.669585 
2016-06-04 11:04:28.669603 : ## data/has_spouse ###########################################################
2016-06-04 11:04:28.669764 : # Done: 2016-06-02T23:14:20-0700 (1d 11h 50m 6s ago)
2016-06-04 11:04:28.669790 : # no-op
2016-06-04 11:04:28.669809 : mark_done data/has_spouse
2016-06-04 11:04:28.669830 : ##############################################################################
2016-06-04 11:04:28.669849 
2016-06-04 11:04:28.669868 : ## process/grounding/variable_id_partition ###################################
2016-06-04 11:04:28.669887 : # Done: 2016-06-02T23:17:45-0700 (1d 11h 46m 41s ago)
2016-06-04 11:04:28.669906 : process/grounding/variable_id_partition/run.sh
2016-06-04 11:04:28.669926 : mark_done process/grounding/variable_id_partition
2016-06-04 11:04:28.669946 : ##############################################################################
2016-06-04 11:04:28.669964 
2016-06-04 11:04:28.669982 : ## process/grounding/variable/has_spouse/assign_id ###########################
2016-06-04 11:04:28.670002 : # Done: 2016-06-02T23:17:45-0700 (1d 11h 46m 41s ago)
2016-06-04 11:04:28.670022 : process/grounding/variable/has_spouse/assign_id/run.sh
2016-06-04 11:04:28.670043 : mark_done process/grounding/variable/has_spouse/assign_id
2016-06-04 11:04:28.670065 : ##############################################################################
2016-06-04 11:04:28.670084 
2016-06-04 11:04:28.670103 : ## process/grounding/factor/inf1_istrue_has_spouse/materialize ###############
2016-06-04 11:04:28.670121 : # Done: 2016-06-02T23:17:46-0700 (1d 11h 46m 40s ago)
2016-06-04 11:04:28.670141 : process/grounding/factor/inf1_istrue_has_spouse/materialize/run.sh
2016-06-04 11:04:28.670181 : mark_done process/grounding/factor/inf1_istrue_has_spouse/materialize
2016-06-04 11:04:28.670203 : ##############################################################################
2016-06-04 11:04:28.670223 
2016-06-04 11:04:28.670243 : ## process/grounding/factor/inf_imply_has_spouse_has_spouse/materialize ######
2016-06-04 11:04:28.670263 : # Done: 2016-06-02T23:23:19-0700 (1d 11h 41m 7s ago)
2016-06-04 11:04:28.670282 : process/grounding/factor/inf_imply_has_spouse_has_spouse/materialize/run.sh
2016-06-04 11:04:28.670300 : mark_done process/grounding/factor/inf_imply_has_spouse_has_spouse/materialize
2016-06-04 11:04:28.670318 : ##############################################################################
2016-06-04 11:04:28.670335 
2016-06-04 11:04:28.670353 : ## process/ext_spouse_feature_by_extract_spouse_features #####################
2016-06-04 11:04:28.670371 : # Done: 2016-05-23T15:08:09-0700 (11d 19h 56m 17s ago)
2016-06-04 11:04:28.670388 : process/ext_spouse_feature_by_extract_spouse_features/run.sh
2016-06-04 11:04:28.670406 : mark_done process/ext_spouse_feature_by_extract_spouse_features
2016-06-04 11:04:28.670424 : ##############################################################################
2016-06-04 11:04:28.670442 
2016-06-04 11:04:28.670459 : ## data/spouse_feature #######################################################
2016-06-04 11:04:28.670477 : # Done: 2016-05-23T15:08:09-0700 (11d 19h 56m 17s ago)
2016-06-04 11:04:28.670494 : # no-op
2016-06-04 11:04:28.670512 : mark_done data/spouse_feature
2016-06-04 11:04:28.670530 : ##############################################################################
2016-06-04 11:04:28.670550 
2016-06-04 11:04:28.670570 : ## process/grounding/factor/inf_istrue_has_spouse/materialize ################
2016-06-04 11:04:28.670588 : # Done: 2016-06-02T23:23:20-0700 (1d 11h 41m 6s ago)
2016-06-04 11:04:28.670606 : process/grounding/factor/inf_istrue_has_spouse/materialize/run.sh
2016-06-04 11:04:28.670624 : mark_done process/grounding/factor/inf_istrue_has_spouse/materialize
2016-06-04 11:04:28.670641 : ##############################################################################
2016-06-04 11:04:28.670658 
2016-06-04 11:04:28.670676 : ## process/grounding/weight_id_partition #####################################
2016-06-04 11:04:28.670696 : # Done: 2016-06-02T23:23:20-0700 (1d 11h 41m 6s ago)
2016-06-04 11:04:28.670716 : process/grounding/weight_id_partition/run.sh
2016-06-04 11:04:28.670737 : mark_done process/grounding/weight_id_partition
2016-06-04 11:04:28.670758 : ##############################################################################
2016-06-04 11:04:28.670778 
2016-06-04 11:04:28.670798 : ## process/grounding/factor/inf1_istrue_has_spouse/assign_weight_id ##########
2016-06-04 11:04:28.670819 : # Done: 2016-06-02T23:23:21-0700 (1d 11h 41m 5s ago)
2016-06-04 11:04:28.670838 : process/grounding/factor/inf1_istrue_has_spouse/assign_weight_id/run.sh
2016-06-04 11:04:28.670857 : mark_done process/grounding/factor/inf1_istrue_has_spouse/assign_weight_id
2016-06-04 11:04:28.670875 : ##############################################################################
2016-06-04 11:04:28.670894 
2016-06-04 11:04:28.670914 : ## process/grounding/factor/inf1_istrue_has_spouse/dump ######################
2016-06-04 11:04:28.670935 : # Done: 2016-06-02T23:23:22-0700 (1d 11h 41m 4s ago)
2016-06-04 11:04:28.670955 : process/grounding/factor/inf1_istrue_has_spouse/dump/run.sh
2016-06-04 11:04:28.670973 : mark_done process/grounding/factor/inf1_istrue_has_spouse/dump
2016-06-04 11:04:28.670991 : ##############################################################################
2016-06-04 11:04:28.671009 
2016-06-04 11:04:28.671027 : ## process/grounding/factor/inf1_istrue_has_spouse/dump_weights ##############
2016-06-04 11:04:28.671046 : # Done: 2016-06-02T23:23:22-0700 (1d 11h 41m 4s ago)
2016-06-04 11:04:28.671065 : process/grounding/factor/inf1_istrue_has_spouse/dump_weights/run.sh
2016-06-04 11:04:28.671086 : mark_done process/grounding/factor/inf1_istrue_has_spouse/dump_weights
2016-06-04 11:04:28.671105 : ##############################################################################
2016-06-04 11:04:28.671124 
2016-06-04 11:04:28.671143 : ## process/grounding/factor/inf_imply_has_spouse_has_spouse/assign_weight_id #
2016-06-04 11:04:28.671161 : # Done: 2016-06-02T23:23:23-0700 (1d 11h 41m 3s ago)
2016-06-04 11:04:28.671180 : process/grounding/factor/inf_imply_has_spouse_has_spouse/assign_weight_id/run.sh
2016-06-04 11:04:28.671200 : mark_done process/grounding/factor/inf_imply_has_spouse_has_spouse/assign_weight_id
2016-06-04 11:04:28.671219 : ##############################################################################
2016-06-04 11:04:28.671239 
2016-06-04 11:04:28.671257 : ## process/grounding/factor/inf_imply_has_spouse_has_spouse/dump #############
2016-06-04 11:04:28.671276 : # Done: 2016-06-02T23:23:23-0700 (1d 11h 41m 3s ago)
2016-06-04 11:04:28.671295 : process/grounding/factor/inf_imply_has_spouse_has_spouse/dump/run.sh
2016-06-04 11:04:28.671315 : mark_done process/grounding/factor/inf_imply_has_spouse_has_spouse/dump
2016-06-04 11:04:28.671335 : ##############################################################################
2016-06-04 11:04:28.671356 
2016-06-04 11:04:28.671377 : ## process/grounding/factor/inf_imply_has_spouse_has_spouse/dump_weights #####
2016-06-04 11:04:28.671397 : # Done: 2016-06-02T23:23:23-0700 (1d 11h 41m 3s ago)
2016-06-04 11:04:28.671416 : process/grounding/factor/inf_imply_has_spouse_has_spouse/dump_weights/run.sh
2016-06-04 11:04:28.671435 : mark_done process/grounding/factor/inf_imply_has_spouse_has_spouse/dump_weights
2016-06-04 11:04:28.671454 : ##############################################################################
2016-06-04 11:04:28.671475 
2016-06-04 11:04:28.671494 : ## process/grounding/factor/inf_istrue_has_spouse/assign_weight_id ###########
2016-06-04 11:04:28.671514 : # Done: 2016-06-02T23:23:24-0700 (1d 11h 41m 2s ago)
2016-06-04 11:04:28.671535 : process/grounding/factor/inf_istrue_has_spouse/assign_weight_id/run.sh
2016-06-04 11:04:28.671556 : mark_done process/grounding/factor/inf_istrue_has_spouse/assign_weight_id
2016-06-04 11:04:28.671577 : ##############################################################################
2016-06-04 11:04:28.671598 
2016-06-04 11:04:28.671619 : ## process/grounding/factor/inf_istrue_has_spouse/dump #######################
2016-06-04 11:04:28.671640 : # Done: 2016-06-02T23:23:25-0700 (1d 11h 41m 1s ago)
2016-06-04 11:04:28.671660 : process/grounding/factor/inf_istrue_has_spouse/dump/run.sh
2016-06-04 11:04:28.671681 : mark_done process/grounding/factor/inf_istrue_has_spouse/dump
2016-06-04 11:04:28.671708 : ##############################################################################
2016-06-04 11:04:28.671735 
2016-06-04 11:04:28.671765 : ## process/grounding/factor/inf_istrue_has_spouse/dump_weights ###############
2016-06-04 11:04:28.671794 : # Done: 2016-06-02T23:23:25-0700 (1d 11h 41m 1s ago)
2016-06-04 11:04:28.671825 : process/grounding/factor/inf_istrue_has_spouse/dump_weights/run.sh
2016-06-04 11:04:28.671854 : mark_done process/grounding/factor/inf_istrue_has_spouse/dump_weights
2016-06-04 11:04:28.671884 : ##############################################################################
2016-06-04 11:04:28.671914 
2016-06-04 11:04:28.671945 : ## process/grounding/global_weight_table #####################################
2016-06-04 11:04:28.671975 : # Done: 2016-06-02T23:23:26-0700 (1d 11h 41m ago)
2016-06-04 11:04:28.672330 : process/grounding/global_weight_table/run.sh
2016-06-04 11:04:28.672389 : mark_done process/grounding/global_weight_table
2016-06-04 11:04:28.672432 : ##############################################################################
2016-06-04 11:04:28.672470 
2016-06-04 11:04:28.672510 : ## process/grounding/variable_holdout ########################################
2016-06-04 11:04:28.672544 : # Done: 2016-06-02T23:23:26-0700 (1d 11h 41m ago)
2016-06-04 11:04:28.672579 : process/grounding/variable_holdout/run.sh
2016-06-04 11:04:28.672618 : mark_done process/grounding/variable_holdout
2016-06-04 11:04:28.672656 : ##############################################################################
2016-06-04 11:04:28.672691 
2016-06-04 11:04:28.672730 : ## process/grounding/variable/has_spouse/dump ################################
2016-06-04 11:04:28.672766 : # Done: 2016-06-02T23:23:27-0700 (1d 11h 41m ago)
2016-06-04 11:04:28.672801 : process/grounding/variable/has_spouse/dump/run.sh
2016-06-04 11:04:28.672835 : mark_done process/grounding/variable/has_spouse/dump
2016-06-04 11:04:28.672869 : ##############################################################################
2016-06-04 11:04:28.672906 
2016-06-04 11:04:28.672925 : ## process/grounding/combine_factorgraph #####################################
2016-06-04 11:04:28.672943 : # Done: 2016-06-02T23:23:27-0700 (1d 11h 41m ago)
2016-06-04 11:04:28.672960 : process/grounding/combine_factorgraph/run.sh
2016-06-04 11:04:28.672977 : mark_done process/grounding/combine_factorgraph
2016-06-04 11:04:28.672997 : ##############################################################################
2016-06-04 11:04:28.673016 
2016-06-04 11:04:28.673034 : ## model/factorgraph #########################################################
2016-06-04 11:04:28.673052 : # Done: 2016-06-02T23:23:27-0700 (1d 11h 41m ago)
2016-06-04 11:04:28.673071 : mark_done model/factorgraph
2016-06-04 11:04:28.673090 : ##############################################################################
2016-06-04 11:04:28.673108 
2016-06-04 11:04:28.673127 : ## process/model/learning ####################################################
2016-06-04 11:04:28.673146 : # Done: 2016-06-02T23:23:40-0700 (1d 11h 40m 47s ago)
2016-06-04 11:04:28.673164 : process/model/learning/run.sh
2016-06-04 11:04:28.673182 : mark_done process/model/learning
2016-06-04 11:04:28.673200 : ##############################################################################
2016-06-04 11:04:28.673219 
2016-06-04 11:04:28.673238 : ## model/weights #############################################################
2016-06-04 11:04:28.673257 : # Done: 2016-06-02T23:23:40-0700 (1d 11h 40m 47s ago)
2016-06-04 11:04:28.673279 : mark_done model/weights
2016-06-04 11:04:28.673298 : ##############################################################################
2016-06-04 11:04:28.673319 
2016-06-04 11:04:28.673340 : ## process/model/inference ###################################################
2016-06-04 11:04:28.673360 : # Done: 2016-06-02T23:23:40-0700 (1d 11h 40m 47s ago)
2016-06-04 11:04:28.673381 : process/model/inference/run.sh
2016-06-04 11:04:28.673400 : mark_done process/model/inference
2016-06-04 11:04:28.673419 : ##############################################################################
2016-06-04 11:04:28.673440 
2016-06-04 11:04:28.673459 : ## model/probabilities #######################################################
2016-06-04 11:04:28.673479 : # Done: 2016-06-02T23:23:40-0700 (1d 11h 40m 47s ago)
2016-06-04 11:04:28.673500 : mark_done model/probabilities
2016-06-04 11:04:28.673521 : ##############################################################################
2016-06-04 11:04:28.673541 
2016-06-04 11:04:28.673559 ## process/model/load_probabilities ##########################################
2016-06-04 11:04:28.673578 : # Done: 2016-06-02T23:30:17-0700 (1d 11h 34m 10s ago)
2016-06-04 11:04:28.673599 # Done: 2016-06-02T23:30:17-0700 (1d 11h 34m 8s ago)
2016-06-04 11:04:28.673618 process/model/load_probabilities/run.sh
2016-06-04 11:04:28.673638 ++ dirname process/model/load_probabilities/run.sh
2016-06-04 11:04:28.673659 + cd process/model/load_probabilities
2016-06-04 11:04:28.673679 + export DEEPDIVE_CURRENT_PROCESS_NAME=process/model/load_probabilities
2016-06-04 11:04:28.673699 + DEEPDIVE_CURRENT_PROCESS_NAME=process/model/load_probabilities
2016-06-04 11:04:28.673717 + mkdir -p ../../../model
2016-06-04 11:04:28.673735 + cd ../../../model
2016-06-04 11:04:28.673760 + deepdive create table dd_inference_result_variables id:BIGINT category:BIGINT 'expectation:DOUBLE PRECISION'
2016-06-04 11:04:29.224367 psql: could not connect to server: Connection refused
2016-06-04 11:04:29.224450 	Is the server running on host "localhost" (::1) and accepting
2016-06-04 11:04:29.224483 	TCP/IP connections on port 5432?
2016-06-04 11:04:29.224507 could not connect to server: Connection refused
2016-06-04 11:04:29.224529 	Is the server running on host "localhost" (127.0.0.1) and accepting
2016-06-04 11:04:29.224550 	TCP/IP connections on port 5432?
