2016-05-22 17:21:23.160403 # on eduroam-169-233-210-202.ucsc.edu: deepdive do has_spouse
2016-05-22 17:21:23.160700 # run/20160522/172120.924278000/plan.sh
2016-05-22 17:21:23.160722 # execution plan for data/has_spouse
2016-05-22 17:21:23.160742 
2016-05-22 17:21:23.160763 ## process/init/app ##########################################################
2016-05-22 17:21:23.160785 # Done: 2016-05-22T16:58:31-0700 (22m 50s ago)
2016-05-22 17:21:23.160805 process/init/app/run.sh
2016-05-22 17:21:23.160825 ++ dirname process/init/app/run.sh
2016-05-22 17:21:23.160844 + cd process/init/app
2016-05-22 17:21:23.160866 + export DEEPDIVE_CURRENT_PROCESS_NAME=process/init/app
2016-05-22 17:21:23.160885 + DEEPDIVE_CURRENT_PROCESS_NAME=process/init/app
2016-05-22 17:21:23.160903 + deepdive db init
2016-05-22 17:21:25.144804 + cd /Users/emerson/Documents/Github/deepdive/examples/coach_nba
2016-05-22 17:21:25.144976 + [[ -r schema.sql ]]
2016-05-22 17:21:25.145026 + [[ -x input/init.sh ]]
2016-05-22 17:21:25.145104 + input/init.sh
2016-05-22 17:21:25.156206 mark_done process/init/app
2016-05-22 17:21:25.171456 ##############################################################################
2016-05-22 17:21:25.171531 
2016-05-22 17:21:25.171555 ## process/init/relation/articles ############################################
2016-05-22 17:21:25.171576 # Done: 2016-05-22T17:01:30-0700 (19m 51s ago)
2016-05-22 17:21:25.171629 process/init/relation/articles/run.sh
2016-05-22 17:21:25.178284 ++ dirname process/init/relation/articles/run.sh
2016-05-22 17:21:25.184811 + cd process/init/relation/articles
2016-05-22 17:21:25.184947 + export DEEPDIVE_CURRENT_PROCESS_NAME=process/init/relation/articles
2016-05-22 17:21:25.185005 + DEEPDIVE_CURRENT_PROCESS_NAME=process/init/relation/articles
2016-05-22 17:21:25.185041 + deepdive create table articles
2016-05-22 17:21:25.329506 NOTICE:  table "articles" does not exist, skipping
2016-05-22 17:21:25.344129 CREATE TABLE
2016-05-22 17:21:25.344978 + deepdive load articles
2016-05-22 17:21:25.445784 Loading articles from input/articles.tsv.sh (tsv format)
2016-05-22 17:21:25.456743 ERROR: Missing /Users/emerson/Documents/Github/deepdive/examples/coach_nba/input/signalmedia/signalmedia-1m.jsonl
2016-05-22 17:21:25.456811 # Please Download it from http://research.signalmedia.co/newsir16/signal-dataset.html
2016-05-22 17:21:25.456838 
2016-05-22 17:21:25.456859 # Alternatively, use our sampled data by running:
2016-05-22 17:21:25.456880 deepdive load articles input/articles-100.tsv.bz2
2016-05-22 17:21:25.456901 
2016-05-22 17:21:25.456920 # Or, skipping all NLP markup processes by running:
2016-05-22 17:21:25.456940 deepdive create table sentences
2016-05-22 17:21:25.456959 deepdive load sentences
2016-05-22 17:21:25.456977 deepdive mark done sentences
2016-05-22 17:21:25.488011 COPY 0
2016-05-22 17:21:25.495011 mark_done process/init/relation/articles
2016-05-22 17:21:25.514169 ##############################################################################
2016-05-22 17:21:25.514221 
2016-05-22 17:21:25.514240 ## data/articles #############################################################
2016-05-22 17:21:25.514261 # Done: 2016-05-22T17:01:30-0700 (19m 51s ago)
2016-05-22 17:21:25.514282 # no-op
2016-05-22 17:21:25.514332 mark_done data/articles
2016-05-22 17:21:25.533519 ##############################################################################
2016-05-22 17:21:25.533606 
2016-05-22 17:21:25.533633 ## process/ext_sentences_by_nlp_markup #######################################
2016-05-22 17:21:25.533657 # Done: 2016-05-22T17:03:30-0700 (17m 51s ago)
2016-05-22 17:21:25.533677 process/ext_sentences_by_nlp_markup/run.sh
2016-05-22 17:21:25.544080 ++ dirname process/ext_sentences_by_nlp_markup/run.sh
2016-05-22 17:21:25.547136 + cd process/ext_sentences_by_nlp_markup
2016-05-22 17:21:25.547232 + export DEEPDIVE_CURRENT_PROCESS_NAME=process/ext_sentences_by_nlp_markup
2016-05-22 17:21:25.547276 + DEEPDIVE_CURRENT_PROCESS_NAME=process/ext_sentences_by_nlp_markup
2016-05-22 17:21:25.547318 + export DEEPDIVE_LOAD_FORMAT=tsv
2016-05-22 17:21:25.547349 + DEEPDIVE_LOAD_FORMAT=tsv
2016-05-22 17:21:25.547376 + deepdive compute execute 'input_sql= SELECT R0.id AS "articles.R0.id", R0.content AS "articles.R0.content"
2016-05-22 17:21:25.547395 FROM articles R0
2016-05-22 17:21:25.547413         
2016-05-22 17:21:25.547431           ' 'command="$DEEPDIVE_APP"/udf/nlp_markup.sh' output_relation=sentences
2016-05-22 17:21:25.631881 Executing with the following configuration:
2016-05-22 17:21:25.631930  DEEPDIVE_NUM_PROCESSES=3
2016-05-22 17:21:25.631948  DEEPDIVE_NUM_PARALLEL_UNLOADS=1
2016-05-22 17:21:25.631969  DEEPDIVE_NUM_PARALLEL_LOADS=1
2016-05-22 17:21:25.632013  output_relation_tmp=dd_tmp_sentences
2016-05-22 17:21:25.632039 
2016-05-22 17:21:25.800573 NOTICE:  table "sentences" does not exist, skipping
2016-05-22 17:21:25.807405 CREATE TABLE
2016-05-22 17:21:25.906246 CREATE TABLE
2016-05-22 17:21:26.069139 unloading to feed_processes-1: ' SELECT R0.id AS "articles.R0.id", R0.content AS "articles.R0.content"
2016-05-22 17:21:26.069208 FROM articles R0
2016-05-22 17:21:26.069236         
2016-05-22 17:21:26.069259           '
2016-05-22 17:21:26.105587 Loading dd_tmp_sentences from output_computed-1 (tsv format)
2016-05-22 17:21:27.206792 Parsing with max_len=100
2016-05-22 17:21:27.299772 Parsing with max_len=100
2016-05-22 17:21:27.300914 Parsing with max_len=100
2016-05-22 17:21:27.475208 Adding annotator tokenize
2016-05-22 17:21:27.530957 TokenizerAnnotator: No tokenizer type provided. Defaulting to PTBTokenizer.
2016-05-22 17:21:27.547456 Adding annotator cleanxml
2016-05-22 17:21:27.562761 Adding annotator tokenize
2016-05-22 17:21:27.604446 Adding annotator tokenize
2016-05-22 17:21:27.609238 TokenizerAnnotator: No tokenizer type provided. Defaulting to PTBTokenizer.
2016-05-22 17:21:27.609997 TokenizerAnnotator: No tokenizer type provided. Defaulting to PTBTokenizer.
2016-05-22 17:21:27.617996 Adding annotator cleanxml
2016-05-22 17:21:27.619636 Adding annotator ssplit
2016-05-22 17:21:27.622586 Adding annotator pos
2016-05-22 17:21:27.635112 Adding annotator cleanxml
2016-05-22 17:21:27.682724 Adding annotator ssplit
2016-05-22 17:21:27.685365 Adding annotator pos
2016-05-22 17:21:27.691373 Reading POS tagger model from edu/stanford/nlp/models/pos-tagger/english-left3words/english-left3words-distsim.tagger ... Adding annotator ssplit
2016-05-22 17:21:27.694286 Adding annotator pos
2016-05-22 17:21:30.497967 Reading POS tagger model from edu/stanford/nlp/models/pos-tagger/english-left3words/english-left3words-distsim.tagger ... Reading POS tagger model from edu/stanford/nlp/models/pos-tagger/english-left3words/english-left3words-distsim.tagger ... done [2.8 sec].
2016-05-22 17:21:30.498160 Adding annotator lemma
2016-05-22 17:21:30.499382 Adding annotator ner
2016-05-22 17:21:30.574637 done [2.8 sec].
2016-05-22 17:21:30.577244 Adding annotator lemma
2016-05-22 17:21:30.636339 Adding annotator ner
2016-05-22 17:21:30.675758 done [2.9 sec].
2016-05-22 17:21:30.679359 Adding annotator lemma
2016-05-22 17:21:30.680702 Adding annotator ner
2016-05-22 17:21:39.475463 Loading classifier from edu/stanford/nlp/models/ner/english.all.3class.distsim.crf.ser.gz ... Loading classifier from edu/stanford/nlp/models/ner/english.all.3class.distsim.crf.ser.gz ... Loading classifier from edu/stanford/nlp/models/ner/english.all.3class.distsim.crf.ser.gz ... done [8.6 sec].
2016-05-22 17:21:39.689551 Loading classifier from edu/stanford/nlp/models/ner/english.muc.7class.distsim.crf.ser.gz ... done [7.7 sec].
2016-05-22 17:21:39.918710 Loading classifier from edu/stanford/nlp/models/ner/english.muc.7class.distsim.crf.ser.gz ... done [8.1 sec].
2016-05-22 17:21:43.733617 Loading classifier from edu/stanford/nlp/models/ner/english.muc.7class.distsim.crf.ser.gz ... done [4.0 sec].
2016-05-22 17:21:43.869758 Loading classifier from edu/stanford/nlp/models/ner/english.conll.4class.distsim.crf.ser.gz ... done [4.0 sec].
2016-05-22 17:21:45.695876 Loading classifier from edu/stanford/nlp/models/ner/english.conll.4class.distsim.crf.ser.gz ... done [6.2 sec].
2016-05-22 17:21:52.245561 Loading classifier from edu/stanford/nlp/models/ner/english.conll.4class.distsim.crf.ser.gz ... done [6.5 sec].
2016-05-22 17:21:52.247545 sutime.binder.1.
2016-05-22 17:21:52.247612 Initializing JollyDayHoliday for sutime with classpath:edu/stanford/nlp/models/sutime/jollyday/Holidays_sutime.xml
2016-05-22 17:21:53.637546 done [9.9 sec].
2016-05-22 17:21:53.642652 sutime.binder.1.
2016-05-22 17:21:53.642721 Initializing JollyDayHoliday for sutime with classpath:edu/stanford/nlp/models/sutime/jollyday/Holidays_sutime.xml
2016-05-22 17:21:53.834777 Reading TokensRegex rules from edu/stanford/nlp/models/sutime/defs.sutime.txt
2016-05-22 17:21:53.949916 Reading TokensRegex rules from edu/stanford/nlp/models/sutime/english.sutime.txt
2016-05-22 17:21:54.283725 done [10.4 sec].
2016-05-22 17:21:54.286723 sutime.binder.1.
2016-05-22 17:21:54.288218 Initializing JollyDayHoliday for sutime with classpath:edu/stanford/nlp/models/sutime/jollyday/Holidays_sutime.xml
2016-05-22 17:21:54.814176 May 22, 2016 5:21:54 PM edu.stanford.nlp.ling.tokensregex.CoreMapExpressionExtractor appendRules
2016-05-22 17:21:54.814242 信息: Ignoring inactive rule: null
2016-05-22 17:21:54.815595 May 22, 2016 5:21:54 PM edu.stanford.nlp.ling.tokensregex.CoreMapExpressionExtractor appendRules
2016-05-22 17:21:54.815667 信息: Ignoring inactive rule: temporal-composite-8:ranges
2016-05-22 17:21:54.816032 Reading TokensRegex rules from edu/stanford/nlp/models/sutime/english.holidays.sutime.txt
2016-05-22 17:21:54.822947 Adding annotator parse
2016-05-22 17:21:54.862223 Loading parser from serialized file edu/stanford/nlp/models/srparser/englishSR.ser.gz ...Reading TokensRegex rules from edu/stanford/nlp/models/sutime/defs.sutime.txt
2016-05-22 17:21:54.973664 Reading TokensRegex rules from edu/stanford/nlp/models/sutime/english.sutime.txt
2016-05-22 17:21:55.726540 Reading TokensRegex rules from edu/stanford/nlp/models/sutime/defs.sutime.txt
2016-05-22 17:21:56.232290 May 22, 2016 5:21:56 PM edu.stanford.nlp.ling.tokensregex.CoreMapExpressionExtractor appendRules
2016-05-22 17:21:56.232359 信息: Ignoring inactive rule: null
2016-05-22 17:21:56.233766 May 22, 2016 5:21:56 PM edu.stanford.nlp.ling.tokensregex.CoreMapExpressionExtractor appendRules
2016-05-22 17:21:56.233833 信息: Ignoring inactive rule: temporal-composite-8:ranges
2016-05-22 17:21:56.236076 Reading TokensRegex rules from edu/stanford/nlp/models/sutime/english.holidays.sutime.txt
2016-05-22 17:21:56.242711 Adding annotator parse
2016-05-22 17:21:56.305807 Reading TokensRegex rules from edu/stanford/nlp/models/sutime/english.sutime.txt
2016-05-22 17:21:57.265295 Loading parser from serialized file edu/stanford/nlp/models/srparser/englishSR.ser.gz ...May 22, 2016 5:21:57 PM edu.stanford.nlp.ling.tokensregex.CoreMapExpressionExtractor appendRules
2016-05-22 17:21:57.265389 信息: Ignoring inactive rule: null
2016-05-22 17:21:57.271381 May 22, 2016 5:21:57 PM edu.stanford.nlp.ling.tokensregex.CoreMapExpressionExtractor appendRules
2016-05-22 17:21:57.271475 信息: Ignoring inactive rule: temporal-composite-8:ranges
2016-05-22 17:21:57.275221 Reading TokensRegex rules from edu/stanford/nlp/models/sutime/english.holidays.sutime.txt
2016-05-22 17:21:57.281901 Adding annotator parse
