2016-05-20 19:23:34.292827 # on dhcp-169-233-138-157.cruznet.ucsc.edu: deepdive do team_mention
2016-05-20 19:23:34.293161 # run/20160520/192333.023013000/plan.sh
2016-05-20 19:23:34.293200 # execution plan for data/team_mention
2016-05-20 19:23:34.293224 
2016-05-20 19:23:34.293246 : ## process/init/app ##########################################################
2016-05-20 19:23:34.293268 : # Done: 2016-05-20T15:47:44-0700 (3h 35m 49s ago)
2016-05-20 19:23:34.293288 : process/init/app/run.sh
2016-05-20 19:23:34.293309 : mark_done process/init/app
2016-05-20 19:23:34.293330 : ##############################################################################
2016-05-20 19:23:34.293351 
2016-05-20 19:23:34.293372 : ## process/init/relation/articles ############################################
2016-05-20 19:23:34.293392 : # Done: 2016-05-20T19:16:48-0700 (6m 45s ago)
2016-05-20 19:23:34.293413 : process/init/relation/articles/run.sh
2016-05-20 19:23:34.293434 : mark_done process/init/relation/articles
2016-05-20 19:23:34.293456 : ##############################################################################
2016-05-20 19:23:34.293476 
2016-05-20 19:23:34.293497 : ## data/articles #############################################################
2016-05-20 19:23:34.293518 : # Done: 2016-05-20T19:16:48-0700 (6m 45s ago)
2016-05-20 19:23:34.293539 : # no-op
2016-05-20 19:23:34.293558 : mark_done data/articles
2016-05-20 19:23:34.293578 : ##############################################################################
2016-05-20 19:23:34.293598 
2016-05-20 19:23:34.293619 : ## process/ext_sentences_by_nlp_markup #######################################
2016-05-20 19:23:34.293640 : # Done: 2016-05-20T19:20:04-0700 (3m 29s ago)
2016-05-20 19:23:34.293661 : process/ext_sentences_by_nlp_markup/run.sh
2016-05-20 19:23:34.293680 : mark_done process/ext_sentences_by_nlp_markup
2016-05-20 19:23:34.293700 : ##############################################################################
2016-05-20 19:23:34.293720 
2016-05-20 19:23:34.293741 : ## data/sentences ############################################################
2016-05-20 19:23:34.293763 : # Done: 2016-05-20T19:20:04-0700 (3m 29s ago)
2016-05-20 19:23:34.293782 : # no-op
2016-05-20 19:23:34.293802 : mark_done data/sentences
2016-05-20 19:23:34.293822 : ##############################################################################
2016-05-20 19:23:34.293841 
2016-05-20 19:23:34.293861 ## process/ext_team_mention_by_map_team_mention ##############################
2016-05-20 19:23:34.293883 # Done: 2016-05-20T19:14:11-0700 (9m 22s ago)
2016-05-20 19:23:34.293904 process/ext_team_mention_by_map_team_mention/run.sh
2016-05-20 19:23:34.293925 ++ dirname process/ext_team_mention_by_map_team_mention/run.sh
2016-05-20 19:23:34.293946 + cd process/ext_team_mention_by_map_team_mention
2016-05-20 19:23:34.293966 + export DEEPDIVE_CURRENT_PROCESS_NAME=process/ext_team_mention_by_map_team_mention
2016-05-20 19:23:34.293987 + DEEPDIVE_CURRENT_PROCESS_NAME=process/ext_team_mention_by_map_team_mention
2016-05-20 19:23:34.294007 + export DEEPDIVE_LOAD_FORMAT=tsv
2016-05-20 19:23:34.294028 + DEEPDIVE_LOAD_FORMAT=tsv
2016-05-20 19:23:34.294050 + deepdive compute execute 'input_sql= SELECT R0.doc_id AS "sentences.R0.doc_id", R0.sentence_index AS "sentences.R0.sentence_index", R0.tokens AS "sentences.R0.tokens", R0.ner_tags AS "sentences.R0.ner_tags"
2016-05-20 19:23:34.294072 FROM sentences R0
2016-05-20 19:23:34.294093         
2016-05-20 19:23:34.294113           ' 'command="$DEEPDIVE_APP"/udf/map_team_mention.py' output_relation=team_mention
2016-05-20 19:23:34.336879 Executing with the following configuration:
2016-05-20 19:23:34.336952  DEEPDIVE_NUM_PROCESSES=3
2016-05-20 19:23:34.336982  DEEPDIVE_NUM_PARALLEL_UNLOADS=1
2016-05-20 19:23:34.337007  DEEPDIVE_NUM_PARALLEL_LOADS=1
2016-05-20 19:23:34.337136  output_relation_tmp=dd_tmp_team_mention
2016-05-20 19:23:34.337171 
2016-05-20 19:23:34.524065 CREATE TABLE
2016-05-20 19:23:34.618817 CREATE TABLE
2016-05-20 19:23:34.777041 unloading to feed_processes-1: ' SELECT R0.doc_id AS "sentences.R0.doc_id", R0.sentence_index AS "sentences.R0.sentence_index", R0.tokens AS "sentences.R0.tokens", R0.ner_tags AS "sentences.R0.ner_tags"
2016-05-20 19:23:34.777124 FROM sentences R0
2016-05-20 19:23:34.777156         
2016-05-20 19:23:34.777183           '
2016-05-20 19:23:34.809238 Loading dd_tmp_team_mention from output_computed-1 (tsv format)
2016-05-20 19:23:34.904607 Traceback (most recent call last):
2016-05-20 19:23:34.904675   File "/Users/emerson/Documents/Github/deepdive/examples/Coach_NBA/udf/map_team_mention.py", line 17, in <module>
2016-05-20 19:23:34.904847     ner_tags       = "text[]",
2016-05-20 19:23:34.904889   File "/Users/emerson/local/lib/python/ddlib/util.py", line 291, in tsv_extractor
2016-05-20 19:23:34.906855     for out_row in generator(**row._asdict()):
2016-05-20 19:23:34.906939   File "/Users/emerson/Documents/Github/deepdive/examples/Coach_NBA/udf/map_team_mention.py", line 23, in extract
2016-05-20 19:23:34.907942     file = open("coach_dict.txt",'rb')
2016-05-20 19:23:34.908428 IOError: [Errno 2] No such file or directory: 'coach_dict.txt'
2016-05-20 19:23:34.915161 write process-1.input: Broken pipe/Users/emerson/local/util/compute-driver/local/compute-execute: line 140: kill: (13250) - No such process
2016-05-20 19:23:34.915243 /Users/emerson/local/util/compute-driver/local/compute-execute: line 140: kill: (13263) - No such process
2016-05-20 19:23:34.915269 /Users/emerson/local/util/compute-driver/local/compute-execute: line 140: kill: (13264) - No such process
2016-05-20 19:23:34.916905 COPY 0
2016-05-20 19:23:34.927085 [ERROR] command='"$DEEPDIVE_APP"/udf/map_team_mention.py': PID 13250: finished with non-zero exit status (0)
2016-05-20 19:23:34.927455 /Users/emerson/local/util/compute-driver/local/compute-execute: line 138: 13251 Terminated: 15          DEEPDIVE_CURRENT_PROCESS_INDEX=$i bash -c "$command" < process-$i.input > process-$i.output
2016-05-20 19:23:34.927498 /Users/emerson/local/util/compute-driver/local/compute-execute: line 138: 13252 Terminated: 15          DEEPDIVE_CURRENT_PROCESS_INDEX=$i bash -c "$command" < process-$i.input > process-$i.output
2016-05-20 19:23:34.927526 /Users/emerson/local/util/compute-driver/local/compute-execute: line 138: 13256 Terminated: 15          mkmimo process-*.output \> output_computed-*
2016-05-20 19:23:34.927547 /Users/emerson/local/util/compute-driver/local/compute-execute: line 138: 13257 Terminated: 15          deepdive-load "$output_relation_tmp" output_computed-*
