2016-05-21 12:36:06.810595 ‘run/LATEST.COMPILE/123606.742123000’ -> ‘20160521/123606.742123000’
2016-05-21 12:36:06.810894 ‘run/RUNNING.COMPILE’ -> ‘20160521/123606.742123000’
2016-05-21 12:36:06.810916 Parsing DeepDive application (/Users/emerson/Documents/Github/deepdive/examples/Coach_NBA) to generate:
2016-05-21 12:36:06.810929  run/compiled/schema.json
2016-05-21 12:36:06.810940   from app.ddlog
2016-05-21 12:36:07.897019  run/compiled/deepdive.conf
2016-05-21 12:36:07.897262   from app.ddlog
2016-05-21 12:36:08.899425   from deepdive.conf
2016-05-21 12:36:08.908078  run/compiled/deepdive.conf.json
2016-05-21 12:36:09.289853 Performing sanity checks on run/compiled/deepdive.conf.json:
2016-05-21 12:36:09.361022  checking if input_extractors_well_defined
2016-05-21 12:36:09.361075  checking if input_schema_wellformed
2016-05-21 12:36:09.361382 Normalizing and adding built-in processes to the data flow to compile:
2016-05-21 12:36:09.361808  run/compiled/config-0.00-init_objects.json
2016-05-21 12:36:09.384566  run/compiled/config-0.01-parse_calibration.json
2016-05-21 12:36:09.408431  run/compiled/config-0.01-parse_schema.json
2016-05-21 12:36:09.453418  run/compiled/config-0.51-add_init_app.json
2016-05-21 12:36:09.476586  run/compiled/config-0.52-input_loader.json
2016-05-21 12:36:09.508837  run/compiled/config-1.00-qualified_names.json
2016-05-21 12:36:09.538407  run/compiled/config-1.01-parse_inference_rules.json
2016-05-21 12:36:09.591828  run/compiled/config-2.01-grounding.json
2016-05-21 12:36:09.701230  run/compiled/config-2.02-learning_inference.json
2016-05-21 12:36:09.742362  run/compiled/config-2.03-calibration_plots.json
2016-05-21 12:36:09.782099  run/compiled/config-9.98-ensure_init_app.json
2016-05-21 12:36:09.823492  run/compiled/config-9.99-dependencies.json
2016-05-21 12:36:09.866589  run/compiled/config.json
2016-05-21 12:36:09.871000 Validating run/compiled/config.json:
2016-05-21 12:36:10.015681  checking if compiled_base_relations_have_input_data
2016-05-21 12:36:10.015735  [WARNING] input/init.sh should load all base relations: articles spouses_dbpedia 
2016-05-21 12:36:10.015753  checking if compiled_dependencies_correct
2016-05-21 12:36:10.015774  checking if compiled_input_output_well_defined
2016-05-21 12:36:10.015794  checking if compiled_output_uniquely_defined
2016-05-21 12:36:10.016067 Compiling executable code into:
2016-05-21 12:36:10.016371  run/compiled/code-Makefile.json
2016-05-21 12:36:10.055611  run/compiled/code-cmd_extractor.json
2016-05-21 12:36:10.088739  run/compiled/code-dataflow_dot.json
2016-05-21 12:36:10.132954  run/compiled/code-sql_extractor.json
2016-05-21 12:36:10.161354  run/compiled/code-tsv_extractor.json
2016-05-21 12:36:10.215080 Generating files:
2016-05-21 12:36:10.255119  run/Makefile
2016-05-21 12:36:10.292346  run/process/init/app/run.sh
2016-05-21 12:36:10.312391  run/process/init/relation/articles/run.sh
2016-05-21 12:36:10.335852  run/process/init/relation/spouses_dbpedia/run.sh
2016-05-21 12:36:10.360726  run/process/ext_has_spouse/run.sh
2016-05-21 12:36:10.386343  run/process/ext_num_people/run.sh
2016-05-21 12:36:10.411710  run/process/ext_num_team/run.sh
2016-05-21 12:36:10.437023  run/process/ext_spouse_candidate/run.sh
2016-05-21 12:36:10.463048  run/process/ext_spouse_label/run.sh
2016-05-21 12:36:10.488359  run/process/ext_spouse_label_resolved/run.sh
2016-05-21 12:36:10.512802  run/process/grounding/variable_id_partition/run.sh
2016-05-21 12:36:10.538525  run/process/grounding/variable/has_spouse/assign_id/run.sh
2016-05-21 12:36:10.565672  run/process/grounding/variable_holdout/run.sh
2016-05-21 12:36:10.597693  run/process/grounding/variable/has_spouse/dump/run.sh
2016-05-21 12:36:10.622405  run/process/grounding/factor/inf1_imply_has_spouse_has_spouse/materialize/run.sh
2016-05-21 12:36:10.653664  run/process/grounding/factor/inf_imply_has_spouse_has_spouse/materialize/run.sh
2016-05-21 12:36:10.685251  run/process/grounding/factor/inf_istrue_has_spouse/materialize/run.sh
2016-05-21 12:36:10.714854  run/process/grounding/weight_id_partition/run.sh
2016-05-21 12:36:10.740994  run/process/grounding/global_weight_table/run.sh
2016-05-21 12:36:10.766534  run/process/grounding/factor/inf1_imply_has_spouse_has_spouse/assign_weight_id/run.sh
2016-05-21 12:36:10.793933  run/process/grounding/factor/inf_imply_has_spouse_has_spouse/assign_weight_id/run.sh
2016-05-21 12:36:10.828740  run/process/grounding/factor/inf_istrue_has_spouse/assign_weight_id/run.sh
2016-05-21 12:36:10.861484  run/process/grounding/factor/inf1_imply_has_spouse_has_spouse/dump/run.sh
2016-05-21 12:36:10.905392  run/process/grounding/factor/inf_imply_has_spouse_has_spouse/dump/run.sh
2016-05-21 12:36:10.933125  run/process/grounding/factor/inf_istrue_has_spouse/dump/run.sh
2016-05-21 12:36:10.964111  run/process/grounding/factor/inf1_imply_has_spouse_has_spouse/dump_weights/run.sh
2016-05-21 12:36:10.986932  run/process/grounding/factor/inf_imply_has_spouse_has_spouse/dump_weights/run.sh
2016-05-21 12:36:11.015395  run/process/grounding/factor/inf_istrue_has_spouse/dump_weights/run.sh
2016-05-21 12:36:11.044784  run/process/grounding/combine_factorgraph/run.sh
2016-05-21 12:36:11.088676  run/process/model/learning/run.sh
2016-05-21 12:36:11.114998  run/process/model/inference/run.sh
2016-05-21 12:36:11.142877  run/process/model/load_weights/run.sh
2016-05-21 12:36:11.170587  run/process/model/load_probabilities/run.sh
2016-05-21 12:36:11.198781  run/process/model/calibration/run.sh
2016-05-21 12:36:11.223010  run/dataflow.dot
2016-05-21 12:36:11.246513  run/process/ext_person_mention_by_map_person_mention/run.sh
2016-05-21 12:36:11.272596  run/process/ext_sentences_by_nlp_markup/run.sh
2016-05-21 12:36:11.297491  run/process/ext_spouse_feature_by_extract_spouse_features/run.sh
2016-05-21 12:36:11.344382  run/process/ext_spouse_label__0_by_supervise/run.sh
2016-05-21 12:36:11.364487  run/process/ext_team_mention_by_map_team_mention/run.sh
2016-05-21 12:36:11.479616 Warning: Could not load "/Users/emerson/local/lib/bundled/graphviz/prefix/bin/../lib/graphviz/libgvplugin_pango.6.dylib" - file not found
2016-05-21 12:36:11.524247  run/dataflow.svg
2016-05-21 12:36:11.525348   (file:///Users/emerson/Documents/Github/deepdive/examples/Coach_NBA/run/dataflow.svg)
2016-05-21 12:36:11.530527 mv: cannot move ‘run/compiled’ to ‘run/compiled~’: Directory not empty
