2016-06-02 22:27:40.476504 # on dhcp-169-233-187-63.cruznet.ucsc.edu: deepdive do spouses_dbpedia
2016-06-02 22:27:40.476809 # run/20160602/222739.189271000/plan.sh
2016-06-02 22:27:40.476842 # execution plan for data/spouses_dbpedia
2016-06-02 22:27:40.476866 
2016-06-02 22:27:40.476886 : ## process/init/app ##########################################################
2016-06-02 22:27:40.476906 : # Done: 2016-05-22T17:21:25-0700 (11d 5h 6m 14s ago)
2016-06-02 22:27:40.476950 : process/init/app/run.sh
2016-06-02 22:27:40.476977 : mark_done process/init/app
2016-06-02 22:27:40.476996 : ##############################################################################
2016-06-02 22:27:40.477014 
2016-06-02 22:27:40.477032 ## process/init/relation/spouses_dbpedia #####################################
2016-06-02 22:27:40.477050 # Done: 2016-05-23T15:08:28-0700 (10d 7h 19m 11s ago)
2016-06-02 22:27:40.477067 process/init/relation/spouses_dbpedia/run.sh
2016-06-02 22:27:40.477085 ++ dirname process/init/relation/spouses_dbpedia/run.sh
2016-06-02 22:27:40.477101 + cd process/init/relation/spouses_dbpedia
2016-06-02 22:27:40.477120 + export DEEPDIVE_CURRENT_PROCESS_NAME=process/init/relation/spouses_dbpedia
2016-06-02 22:27:40.477138 + DEEPDIVE_CURRENT_PROCESS_NAME=process/init/relation/spouses_dbpedia
2016-06-02 22:27:40.477155 + deepdive create table spouses_dbpedia
2016-06-02 22:27:40.686013 CREATE TABLE
2016-06-02 22:27:40.687242 + deepdive load spouses_dbpedia
2016-06-02 22:27:40.799854 Loading spouses_dbpedia from input/spouses_dbpedia.csv (csv format)
2016-06-02 22:27:40.876491 COPY 363
2016-06-02 22:27:40.904507 mark_done process/init/relation/spouses_dbpedia
2016-06-02 22:27:40.925137 ##############################################################################
2016-06-02 22:27:40.925209 
2016-06-02 22:27:40.925229 ## data/spouses_dbpedia ######################################################
2016-06-02 22:27:40.925250 # Done: 2016-05-23T15:08:28-0700 (10d 7h 19m 11s ago)
2016-06-02 22:27:40.925290 # no-op
2016-06-02 22:27:40.925357 mark_done data/spouses_dbpedia
2016-06-02 22:27:40.946857 ##############################################################################
2016-06-02 22:27:40.946923 
