2016-05-20 10:41:41.789024 ‘run/LATEST.COMPILE’ -> ‘20160520/104141.686766000’
2016-05-20 10:41:41.789446 ‘run/RUNNING.COMPILE’ -> ‘20160520/104141.686766000’
2016-05-20 10:41:41.789477 Parsing DeepDive application (/Users/emerson/Documents/Github/deepdive/examples/spouse) to generate:
2016-05-20 10:41:41.789498  run/compiled/schema.json
2016-05-20 10:41:41.789519   from app.ddlog
2016-05-20 10:41:42.965862  run/compiled/deepdive.conf
2016-05-20 10:41:42.966073   from app.ddlog
2016-05-20 10:41:44.249377   from deepdive.conf
2016-05-20 10:41:44.258629  run/compiled/deepdive.conf.json
2016-05-20 10:41:44.678661 Performing sanity checks on run/compiled/deepdive.conf.json:
2016-05-20 10:41:44.734807  checking if input_extractors_well_defined
2016-05-20 10:41:44.734873  checking if input_schema_wellformed
2016-05-20 10:41:44.735240 Normalizing and adding built-in processes to the data flow to compile:
2016-05-20 10:41:44.735724  run/compiled/config-0.00-init_objects.json
2016-05-20 10:41:44.756142  run/compiled/config-0.01-parse_calibration.json
2016-05-20 10:41:44.779270  run/compiled/config-0.01-parse_schema.json
2016-05-20 10:41:44.817554  run/compiled/config-0.51-add_init_app.json
2016-05-20 10:41:44.848664  run/compiled/config-0.52-input_loader.json
2016-05-20 10:41:44.885991  run/compiled/config-1.00-qualified_names.json
2016-05-20 10:41:44.913081  run/compiled/config-1.01-parse_inference_rules.json
2016-05-20 10:41:44.950047  run/compiled/config-2.01-grounding.json
2016-05-20 10:41:45.068816  run/compiled/config-2.02-learning_inference.json
2016-05-20 10:41:45.101358  run/compiled/config-2.03-calibration_plots.json
2016-05-20 10:41:45.133118  run/compiled/config-9.98-ensure_init_app.json
2016-05-20 10:41:45.164190  run/compiled/config-9.99-dependencies.json
2016-05-20 10:41:45.206591  run/compiled/config.json
2016-05-20 10:41:45.216391 Validating run/compiled/config.json:
2016-05-20 10:41:45.344968  checking if compiled_base_relations_have_input_data
2016-05-20 10:41:45.345036  [WARNING] input/init.sh should load all base relations: articles spouses_dbpedia 
2016-05-20 10:41:45.345061  checking if compiled_dependencies_correct
2016-05-20 10:41:45.345107  checking if compiled_input_output_well_defined
2016-05-20 10:41:45.345128  checking if compiled_output_uniquely_defined
2016-05-20 10:41:45.345524 Compiling executable code into:
2016-05-20 10:41:45.345875  run/compiled/code-Makefile.json
2016-05-20 10:41:45.396434  run/compiled/code-cmd_extractor.json
2016-05-20 10:41:45.448513  run/compiled/code-dataflow_dot.json
2016-05-20 10:41:45.481384  run/compiled/code-sql_extractor.json
2016-05-20 10:41:45.520478  run/compiled/code-tsv_extractor.json
2016-05-20 10:41:45.561517 Generating files:
2016-05-20 10:41:45.610401  run/Makefile
2016-05-20 10:41:45.630208  run/process/init/app/run.sh
2016-05-20 10:41:45.658714  run/process/init/relation/articles/run.sh
2016-05-20 10:41:45.687552  run/process/init/relation/spouses_dbpedia/run.sh
2016-05-20 10:41:45.723684  run/process/ext_has_spouse/run.sh
2016-05-20 10:41:45.758201  run/process/ext_num_people/run.sh
2016-05-20 10:41:45.787395  run/process/ext_spouse_candidate/run.sh
2016-05-20 10:41:45.812466  run/process/ext_spouse_label/run.sh
2016-05-20 10:41:45.846433  run/process/ext_spouse_label_resolved/run.sh
2016-05-20 10:41:45.892842  run/process/grounding/variable_id_partition/run.sh
2016-05-20 10:41:45.935420  run/process/grounding/variable/has_spouse/assign_id/run.sh
2016-05-20 10:41:45.968497  run/process/grounding/variable_holdout/run.sh
2016-05-20 10:41:46.004039  run/process/grounding/variable/has_spouse/dump/run.sh
2016-05-20 10:41:46.036440  run/process/grounding/factor/inf1_imply_has_spouse_has_spouse/materialize/run.sh
2016-05-20 10:41:46.075360  run/process/grounding/factor/inf_imply_has_spouse_has_spouse/materialize/run.sh
2016-05-20 10:41:46.103767  run/process/grounding/factor/inf_istrue_has_spouse/materialize/run.sh
2016-05-20 10:41:46.143239  run/process/grounding/weight_id_partition/run.sh
2016-05-20 10:41:46.174791  run/process/grounding/global_weight_table/run.sh
2016-05-20 10:41:46.211108  run/process/grounding/factor/inf1_imply_has_spouse_has_spouse/assign_weight_id/run.sh
2016-05-20 10:41:46.254749  run/process/grounding/factor/inf_imply_has_spouse_has_spouse/assign_weight_id/run.sh
2016-05-20 10:41:46.285628  run/process/grounding/factor/inf_istrue_has_spouse/assign_weight_id/run.sh
2016-05-20 10:41:46.321929  run/process/grounding/factor/inf1_imply_has_spouse_has_spouse/dump/run.sh
2016-05-20 10:41:46.353039  run/process/grounding/factor/inf_imply_has_spouse_has_spouse/dump/run.sh
2016-05-20 10:41:46.401816  run/process/grounding/factor/inf_istrue_has_spouse/dump/run.sh
2016-05-20 10:41:46.439009  run/process/grounding/factor/inf1_imply_has_spouse_has_spouse/dump_weights/run.sh
2016-05-20 10:41:46.479809  run/process/grounding/factor/inf_imply_has_spouse_has_spouse/dump_weights/run.sh
2016-05-20 10:41:46.521774  run/process/grounding/factor/inf_istrue_has_spouse/dump_weights/run.sh
2016-05-20 10:41:46.557716  run/process/grounding/combine_factorgraph/run.sh
2016-05-20 10:41:46.592021  run/process/model/learning/run.sh
2016-05-20 10:41:46.623095  run/process/model/inference/run.sh
2016-05-20 10:41:46.662051  run/process/model/load_weights/run.sh
2016-05-20 10:41:46.691525  run/process/model/load_probabilities/run.sh
2016-05-20 10:41:46.725990  run/process/model/calibration/run.sh
2016-05-20 10:41:46.753718  run/dataflow.dot
2016-05-20 10:41:46.787110  run/process/ext_person_mention_by_map_person_mention/run.sh
2016-05-20 10:41:46.817791  run/process/ext_sentences_by_nlp_markup/run.sh
2016-05-20 10:41:46.848940  run/process/ext_spouse_feature_by_extract_spouse_features/run.sh
2016-05-20 10:41:46.890014  run/process/ext_spouse_label__0_by_supervise/run.sh
2016-05-20 10:41:46.983591 Warning: Could not load "/Users/emerson/local/lib/bundled/graphviz/prefix/bin/../lib/graphviz/libgvplugin_pango.6.dylib" - file not found
2016-05-20 10:41:46.998000  run/dataflow.svg
2016-05-20 10:41:47.001204   (file:///Users/emerson/Documents/Github/deepdive/examples/spouse/run/dataflow.svg)
2016-05-20 10:41:47.007331 ‘run/compiled’ -> ‘run/compiled~’
2016-05-20 10:41:47.013387 ‘run/compiled’ -> ‘20160520/104141.686766000’
