2016-05-22 17:27:34.821500 # on eduroam-169-233-210-202.ucsc.edu: deepdive do has_spouse
2016-05-22 17:27:34.821794 # run/20160522/172732.286961000/plan.sh
2016-05-22 17:27:34.821816 # execution plan for data/has_spouse
2016-05-22 17:27:34.821836 
2016-05-22 17:27:34.821857 : ## process/init/app ##########################################################
2016-05-22 17:27:34.821877 : # Done: 2016-05-22T17:21:25-0700 (6m 7s ago)
2016-05-22 17:27:34.821897 : process/init/app/run.sh
2016-05-22 17:27:34.821916 : mark_done process/init/app
2016-05-22 17:27:34.821935 : ##############################################################################
2016-05-22 17:27:34.821954 
2016-05-22 17:27:34.821977 : ## process/init/relation/articles ############################################
2016-05-22 17:27:34.821998 : # Done: 2016-05-22T17:23:58-0700 (3m 34s ago)
2016-05-22 17:27:34.822020 : process/init/relation/articles/run.sh
2016-05-22 17:27:34.822063 : mark_done process/init/relation/articles
2016-05-22 17:27:34.822097 : ##############################################################################
2016-05-22 17:27:34.822120 
2016-05-22 17:27:34.822143 : ## data/articles #############################################################
2016-05-22 17:27:34.822174 : # Done: 2016-05-22T17:23:58-0700 (3m 34s ago)
2016-05-22 17:27:34.822203 : # no-op
2016-05-22 17:27:34.822226 : mark_done data/articles
2016-05-22 17:27:34.822247 : ##############################################################################
2016-05-22 17:27:34.822268 
2016-05-22 17:27:34.822288 : ## process/ext_sentences_by_nlp_markup #######################################
2016-05-22 17:27:34.822308 : # Done: 2016-05-22T17:25:59-0700 (1m 33s ago)
2016-05-22 17:27:34.822328 : process/ext_sentences_by_nlp_markup/run.sh
2016-05-22 17:27:34.822347 : mark_done process/ext_sentences_by_nlp_markup
2016-05-22 17:27:34.822366 : ##############################################################################
2016-05-22 17:27:34.822386 
2016-05-22 17:27:34.822409 : ## data/sentences ############################################################
2016-05-22 17:27:34.822428 : # Done: 2016-05-22T17:26:00-0700 (1m 32s ago)
2016-05-22 17:27:34.822449 : # no-op
2016-05-22 17:27:34.822471 : mark_done data/sentences
2016-05-22 17:27:34.822493 : ##############################################################################
2016-05-22 17:27:34.822514 
2016-05-22 17:27:34.822546 : ## process/ext_person_mention_by_map_person_mention ##########################
2016-05-22 17:27:34.822582 : # Done: 2016-05-22T17:26:11-0700 (1m 21s ago)
2016-05-22 17:27:34.822606 : process/ext_person_mention_by_map_person_mention/run.sh
2016-05-22 17:27:34.822626 : mark_done process/ext_person_mention_by_map_person_mention
2016-05-22 17:27:34.822648 : ##############################################################################
2016-05-22 17:27:34.822671 
2016-05-22 17:27:34.822695 : ## data/person_mention #######################################################
2016-05-22 17:27:34.822717 : # Done: 2016-05-22T17:26:11-0700 (1m 21s ago)
2016-05-22 17:27:34.822765 : # no-op
2016-05-22 17:27:34.822799 : mark_done data/person_mention
2016-05-22 17:27:34.822822 : ##############################################################################
2016-05-22 17:27:34.822846 
2016-05-22 17:27:34.822867 : ## process/ext_num_people ####################################################
2016-05-22 17:27:34.822886 : # Done: 2016-05-22T17:26:40-0700 (52s ago)
2016-05-22 17:27:34.822922 : process/ext_num_people/run.sh
2016-05-22 17:27:34.822954 : mark_done process/ext_num_people
2016-05-22 17:27:34.822978 : ##############################################################################
2016-05-22 17:27:34.823000 
2016-05-22 17:27:34.823021 : ## data/num_people ###########################################################
2016-05-22 17:27:34.823041 : # Done: 2016-05-22T17:26:40-0700 (52s ago)
2016-05-22 17:27:34.823060 : # no-op
2016-05-22 17:27:34.823081 : mark_done data/num_people
2016-05-22 17:27:34.823102 : ##############################################################################
2016-05-22 17:27:34.823122 
2016-05-22 17:27:34.823142 : ## process/ext_team_mention_by_map_team_mention ##############################
2016-05-22 17:27:34.823161 : # Done: 2016-05-22T17:26:26-0700 (1m 6s ago)
2016-05-22 17:27:34.823181 : process/ext_team_mention_by_map_team_mention/run.sh
2016-05-22 17:27:34.823200 : mark_done process/ext_team_mention_by_map_team_mention
2016-05-22 17:27:34.823221 : ##############################################################################
2016-05-22 17:27:34.823241 
2016-05-22 17:27:34.823262 : ## data/team_mention #########################################################
2016-05-22 17:27:34.823295 : # Done: 2016-05-22T17:26:26-0700 (1m 6s ago)
2016-05-22 17:27:34.823318 : # no-op
2016-05-22 17:27:34.823339 : mark_done data/team_mention
2016-05-22 17:27:34.823359 : ##############################################################################
2016-05-22 17:27:34.823378 
2016-05-22 17:27:34.823398 : ## process/ext_spouse_candidate ##############################################
2016-05-22 17:27:34.823418 : # Done: 2016-05-22T17:26:40-0700 (52s ago)
2016-05-22 17:27:34.823439 : process/ext_spouse_candidate/run.sh
2016-05-22 17:27:34.823459 : mark_done process/ext_spouse_candidate
2016-05-22 17:27:34.823480 : ##############################################################################
2016-05-22 17:27:34.823498 
2016-05-22 17:27:34.823517 : ## data/spouse_candidate #####################################################
2016-05-22 17:27:34.823538 : # Done: 2016-05-22T17:26:40-0700 (52s ago)
2016-05-22 17:27:34.823559 : # no-op
2016-05-22 17:27:34.823579 : mark_done data/spouse_candidate
2016-05-22 17:27:34.823599 : ##############################################################################
2016-05-22 17:27:34.823618 
2016-05-22 17:27:34.823638 ## process/ext_spouse_label__0_by_supervise ##################################
2016-05-22 17:27:34.823658 # Done: 2016-05-22T17:08:48-0700 (18m 44s ago)
2016-05-22 17:27:34.823677 process/ext_spouse_label__0_by_supervise/run.sh
2016-05-22 17:27:34.823698 ++ dirname process/ext_spouse_label__0_by_supervise/run.sh
2016-05-22 17:27:34.823720 + cd process/ext_spouse_label__0_by_supervise
2016-05-22 17:27:34.823741 + export DEEPDIVE_CURRENT_PROCESS_NAME=process/ext_spouse_label__0_by_supervise
2016-05-22 17:27:34.823762 + DEEPDIVE_CURRENT_PROCESS_NAME=process/ext_spouse_label__0_by_supervise
2016-05-22 17:27:34.823784 + export DEEPDIVE_LOAD_FORMAT=tsv
2016-05-22 17:27:34.823805 + DEEPDIVE_LOAD_FORMAT=tsv
2016-05-22 17:27:34.823827 + deepdive compute execute 'input_sql= SELECT R0.p_id AS "spouse_candidate.R0.p_id", R1.begin_index AS "person_mention.R1.begin_index", R1.end_index AS "person_mention.R1.end_index", R0.t_id AS "spouse_candidate.R0.t_id", R2.begin_index AS "team_mention.R2.begin_index", R2.end_index AS "team_mention.R2.end_index", R1.doc_id AS "person_mention.R1.doc_id", R1.sentence_index AS "person_mention.R1.sentence_index", R3.sentence_text AS "sentences.R3.sentence_text", R3.tokens AS "sentences.R3.tokens", R3.lemmas AS "sentences.R3.lemmas", R3.pos_tags AS "sentences.R3.pos_tags", R3.ner_tags AS "sentences.R3.ner_tags", R3.dep_types AS "sentences.R3.dep_types", R3.dep_tokens AS "sentences.R3.dep_tokens"
2016-05-22 17:27:34.823848 FROM spouse_candidate R0, person_mention R1, team_mention R2, sentences R3
2016-05-22 17:27:34.823869         WHERE R1.mention_id = R0.p_id  AND R2.team_id = R0.t_id  AND R3.doc_id = R1.doc_id  AND R3.sentence_index = R1.sentence_index 
2016-05-22 17:27:34.823890           ' 'command="$DEEPDIVE_APP"/udf/supervise_spouse.py' output_relation=spouse_label__0
2016-05-22 17:27:34.868369 Executing with the following configuration:
2016-05-22 17:27:34.868420  DEEPDIVE_NUM_PROCESSES=3
2016-05-22 17:27:34.868437  DEEPDIVE_NUM_PARALLEL_UNLOADS=1
2016-05-22 17:27:34.868456  DEEPDIVE_NUM_PARALLEL_LOADS=1
2016-05-22 17:27:34.868505  output_relation_tmp=dd_tmp_spouse_label__0
2016-05-22 17:27:34.868531 
2016-05-22 17:27:35.038245 NOTICE:  table "spouse_label__0" does not exist, skipping
2016-05-22 17:27:35.046909 CREATE TABLE
2016-05-22 17:27:35.147977 CREATE TABLE
2016-05-22 17:27:35.314640 unloading to feed_processes-1: ' SELECT R0.p_id AS "spouse_candidate.R0.p_id", R1.begin_index AS "person_mention.R1.begin_index", R1.end_index AS "person_mention.R1.end_index", R0.t_id AS "spouse_candidate.R0.t_id", R2.begin_index AS "team_mention.R2.begin_index", R2.end_index AS "team_mention.R2.end_index", R1.doc_id AS "person_mention.R1.doc_id", R1.sentence_index AS "person_mention.R1.sentence_index", R3.sentence_text AS "sentences.R3.sentence_text", R3.tokens AS "sentences.R3.tokens", R3.lemmas AS "sentences.R3.lemmas", R3.pos_tags AS "sentences.R3.pos_tags", R3.ner_tags AS "sentences.R3.ner_tags", R3.dep_types AS "sentences.R3.dep_types", R3.dep_tokens AS "sentences.R3.dep_tokens"
2016-05-22 17:27:35.314711 FROM spouse_candidate R0, person_mention R1, team_mention R2, sentences R3
2016-05-22 17:27:35.314737         WHERE R1.mention_id = R0.p_id  AND R2.team_id = R0.t_id  AND R3.doc_id = R1.doc_id  AND R3.sentence_index = R1.sentence_index 
2016-05-22 17:27:35.314761           '
2016-05-22 17:27:35.335667 Loading dd_tmp_spouse_label__0 from output_computed-1 (tsv format)
2016-05-22 17:27:35.510064 COPY 155
2016-05-22 17:27:35.515723 Replacing spouse_label__0 with dd_tmp_spouse_label__0
2016-05-22 17:27:35.588847 DROP TABLE
2016-05-22 17:27:35.667818 ALTER TABLE
2016-05-22 17:27:35.744330 ALTER TABLE
2016-05-22 17:27:35.823418 DROP TABLE
2016-05-22 17:27:35.863074 ANALYZE
2016-05-22 17:27:35.869672 mark_done process/ext_spouse_label__0_by_supervise
2016-05-22 17:27:35.890531 ##############################################################################
2016-05-22 17:27:35.890627 
2016-05-22 17:27:35.890661 ## data/spouse_label__0 ######################################################
2016-05-22 17:27:35.890682 # Done: 2016-05-22T17:08:48-0700 (18m 44s ago)
2016-05-22 17:27:35.890701 # no-op
2016-05-22 17:27:35.890721 mark_done data/spouse_label__0
2016-05-22 17:27:35.912675 ##############################################################################
2016-05-22 17:27:35.912730 
2016-05-22 17:27:35.912745 : ## process/init/relation/spouses_dbpedia #####################################
2016-05-22 17:27:35.912766 : # Done: 2016-05-22T17:27:17-0700 (15s ago)
2016-05-22 17:27:35.912787 : process/init/relation/spouses_dbpedia/run.sh
2016-05-22 17:27:35.912808 : mark_done process/init/relation/spouses_dbpedia
2016-05-22 17:27:35.912827 : ##############################################################################
2016-05-22 17:27:35.912846 
2016-05-22 17:27:35.912866 : ## data/spouses_dbpedia ######################################################
2016-05-22 17:27:35.912886 : # Done: 2016-05-22T17:27:17-0700 (15s ago)
2016-05-22 17:27:35.912907 : # no-op
2016-05-22 17:27:35.912945 : mark_done data/spouses_dbpedia
2016-05-22 17:27:35.912967 : ##############################################################################
2016-05-22 17:27:35.912986 
2016-05-22 17:27:35.913006 ## process/ext_spouse_label ##################################################
2016-05-22 17:27:35.913027 # Done: 2016-05-22T17:08:48-0700 (18m 44s ago)
2016-05-22 17:27:35.913046 process/ext_spouse_label/run.sh
2016-05-22 17:27:35.928232 ++ dirname process/ext_spouse_label/run.sh
2016-05-22 17:27:35.931475 + cd process/ext_spouse_label
2016-05-22 17:27:35.931556 + export DEEPDIVE_CURRENT_PROCESS_NAME=process/ext_spouse_label
2016-05-22 17:27:35.931591 + DEEPDIVE_CURRENT_PROCESS_NAME=process/ext_spouse_label
2016-05-22 17:27:35.931611 + deepdive create table spouse_label
2016-05-22 17:27:36.053621 NOTICE:  table "spouse_label" does not exist, skipping
2016-05-22 17:27:36.059393 CREATE TABLE
2016-05-22 17:27:36.060625 + deepdive sql 'INSERT INTO spouse_label SELECT R0.p_id AS "spouse_candidate.R0.p_id", R0.t_id AS "spouse_candidate.R0.t_id", 0 AS column_2, NULL AS column_3
2016-05-22 17:27:36.060687 FROM spouse_candidate R0
2016-05-22 17:27:36.060711         
2016-05-22 17:27:36.060732 UNION ALL
2016-05-22 17:27:36.060852 SELECT R0.p_id AS "spouse_candidate.R0.p_id", R0.t_id AS "spouse_candidate.R0.t_id", 1 AS column_2, '\''from_dbpedia'\'' AS column_3
2016-05-22 17:27:36.060885 FROM spouse_candidate R0, spouses_dbpedia R1
2016-05-22 17:27:36.060907         WHERE ((lower(R1.p_name) = lower(R0.p_name) AND lower(R1.t_name) = lower(R0.p_name)) OR (lower(R1.t_name) = lower(R0.t_name) AND lower(R1.p_name) = lower(R0.t_name)))
2016-05-22 17:27:36.060961 UNION ALL
2016-05-22 17:27:36.060991 SELECT R0.p_id AS "spouse_label__0.R0.p_id", R0.t_id AS "spouse_label__0.R0.t_id", R0.label AS "spouse_label__0.R0.label", R0.rule_id AS "spouse_label__0.R0.rule_id"
2016-05-22 17:27:36.061014 FROM spouse_label__0 R0
2016-05-22 17:27:36.061036         '
2016-05-22 17:27:36.189986 INSERT 0 258
2016-05-22 17:27:36.191221 mark_done process/ext_spouse_label
2016-05-22 17:27:36.206762 ##############################################################################
2016-05-22 17:27:36.206812 
2016-05-22 17:27:36.206828 ## data/spouse_label #########################################################
2016-05-22 17:27:36.206849 # Done: 2016-05-22T17:08:48-0700 (18m 44s ago)
2016-05-22 17:27:36.206870 # no-op
2016-05-22 17:27:36.206890 mark_done data/spouse_label
2016-05-22 17:27:36.222431 ##############################################################################
2016-05-22 17:27:36.222485 
2016-05-22 17:27:36.222505 ## process/ext_spouse_label_resolved #########################################
2016-05-22 17:27:36.222526 # Done: 2016-05-22T17:08:49-0700 (18m 43s ago)
2016-05-22 17:27:36.222548 process/ext_spouse_label_resolved/run.sh
2016-05-22 17:27:36.234739 ++ dirname process/ext_spouse_label_resolved/run.sh
2016-05-22 17:27:36.241469 + cd process/ext_spouse_label_resolved
2016-05-22 17:27:36.241856 + export DEEPDIVE_CURRENT_PROCESS_NAME=process/ext_spouse_label_resolved
2016-05-22 17:27:36.241995 + DEEPDIVE_CURRENT_PROCESS_NAME=process/ext_spouse_label_resolved
2016-05-22 17:27:36.242102 + deepdive create view spouse_label_resolved as 'SELECT R0.p_id AS column_0, R0.t_id AS column_1, SUM(R0.label) AS column_2
2016-05-22 17:27:36.242158 FROM spouse_label R0
2016-05-22 17:27:36.242210         
2016-05-22 17:27:36.242259         GROUP BY R0.p_id, R0.t_id'
2016-05-22 17:27:36.386731 CREATE VIEW
2016-05-22 17:27:36.387863 mark_done process/ext_spouse_label_resolved
2016-05-22 17:27:36.405639 ##############################################################################
2016-05-22 17:27:36.405692 
2016-05-22 17:27:36.405707 ## data/spouse_label_resolved ################################################
2016-05-22 17:27:36.405727 # Done: 2016-05-22T17:08:49-0700 (18m 43s ago)
2016-05-22 17:27:36.405748 # no-op
2016-05-22 17:27:36.405814 mark_done data/spouse_label_resolved
2016-05-22 17:27:36.430456 ##############################################################################
2016-05-22 17:27:36.430536 
2016-05-22 17:27:36.430564 ## process/ext_has_spouse ####################################################
2016-05-22 17:27:36.430583 : # Done: 2016-05-22T17:20:20-0700 (7m 13s ago)
2016-05-22 17:27:36.430600 # Done: 2016-05-22T17:20:20-0700 (7m 12s ago)
2016-05-22 17:27:36.430616 process/ext_has_spouse/run.sh
2016-05-22 17:27:36.443656 ++ dirname process/ext_has_spouse/run.sh
2016-05-22 17:27:36.450867 + cd process/ext_has_spouse
2016-05-22 17:27:36.450995 + export DEEPDIVE_CURRENT_PROCESS_NAME=process/ext_has_spouse
2016-05-22 17:27:36.451040 + DEEPDIVE_CURRENT_PROCESS_NAME=process/ext_has_spouse
2016-05-22 17:27:36.451071 + deepdive create table has_spouse
2016-05-22 17:27:36.619268 NOTICE:  table "has_spouse" does not exist, skipping
2016-05-22 17:27:36.624982 CREATE TABLE
2016-05-22 17:27:36.626323 + deepdive sql 'INSERT INTO has_spouse SELECT DISTINCT R0.column_0, R0.column_1, 0 AS id, 
2016-05-22 17:27:36.626395 CASE WHEN R0.column_2 > 0 THEN true
2016-05-22 17:27:36.626420      WHEN R0.column_2 < 0 THEN false
2016-05-22 17:27:36.626441      ELSE NULL
2016-05-22 17:27:36.626461 END AS label
2016-05-22 17:27:36.626479           FROM spouse_label_resolved R0
2016-05-22 17:27:36.626509         
2016-05-22 17:27:36.626530           '
2016-05-22 17:27:36.753276 INSERT 0 103
2016-05-22 17:27:36.754844 mark_done process/ext_has_spouse
2016-05-22 17:27:36.774034 ##############################################################################
2016-05-22 17:27:36.774109 
2016-05-22 17:27:36.774134 ## data/has_spouse ###########################################################
2016-05-22 17:27:36.774155 : # Done: 2016-05-22T17:20:20-0700 (7m 13s ago)
2016-05-22 17:27:36.774174 # Done: 2016-05-22T17:20:20-0700 (7m 12s ago)
2016-05-22 17:27:36.774193 # no-op
2016-05-22 17:27:36.774212 mark_done data/has_spouse
2016-05-22 17:27:36.795409 ##############################################################################
2016-05-22 17:27:36.795484 
