2016-05-21 14:26:58.155090 # on dhcp-169-233-138-157.cruznet.ucsc.edu: deepdive do has_spouse
2016-05-21 14:26:58.155637 # run/20160521/142656.052662000/plan.sh
2016-05-21 14:26:58.155673 # execution plan for data/has_spouse
2016-05-21 14:26:58.155691 
2016-05-21 14:26:58.155709 : ## process/init/app ##########################################################
2016-05-21 14:26:58.155727 : # Done: 2016-05-20T15:47:44-0700 (22h 39m 12s ago)
2016-05-21 14:26:58.155745 : process/init/app/run.sh
2016-05-21 14:26:58.155761 : mark_done process/init/app
2016-05-21 14:26:58.155780 : ##############################################################################
2016-05-21 14:26:58.155797 
2016-05-21 14:26:58.155814 : ## process/init/relation/articles ############################################
2016-05-21 14:26:58.155832 : # Done: 2016-05-20T19:16:48-0700 (19h 10m 8s ago)
2016-05-21 14:26:58.155848 : process/init/relation/articles/run.sh
2016-05-21 14:26:58.155867 : mark_done process/init/relation/articles
2016-05-21 14:26:58.155887 : ##############################################################################
2016-05-21 14:26:58.155909 
2016-05-21 14:26:58.155928 : ## data/articles #############################################################
2016-05-21 14:26:58.155949 : # Done: 2016-05-20T19:16:48-0700 (19h 10m 8s ago)
2016-05-21 14:26:58.155968 : # no-op
2016-05-21 14:26:58.155987 : mark_done data/articles
2016-05-21 14:26:58.156006 : ##############################################################################
2016-05-21 14:26:58.156028 
2016-05-21 14:26:58.156056 : ## process/ext_sentences_by_nlp_markup #######################################
2016-05-21 14:26:58.156075 : # Done: 2016-05-20T19:20:04-0700 (19h 6m 52s ago)
2016-05-21 14:26:58.156095 : process/ext_sentences_by_nlp_markup/run.sh
2016-05-21 14:26:58.156156 : mark_done process/ext_sentences_by_nlp_markup
2016-05-21 14:26:58.156188 : ##############################################################################
2016-05-21 14:26:58.156211 
2016-05-21 14:26:58.156232 : ## data/sentences ############################################################
2016-05-21 14:26:58.156252 : # Done: 2016-05-20T19:20:04-0700 (19h 6m 52s ago)
2016-05-21 14:26:58.156272 : # no-op
2016-05-21 14:26:58.156291 : mark_done data/sentences
2016-05-21 14:26:58.156311 : ##############################################################################
2016-05-21 14:26:58.156330 
2016-05-21 14:26:58.156349 : ## process/ext_person_mention_by_map_person_mention ##########################
2016-05-21 14:26:58.156368 : # Done: 2016-05-20T20:58:22-0700 (17h 28m 34s ago)
2016-05-21 14:26:58.156388 : process/ext_person_mention_by_map_person_mention/run.sh
2016-05-21 14:26:58.156408 : mark_done process/ext_person_mention_by_map_person_mention
2016-05-21 14:26:58.156428 : ##############################################################################
2016-05-21 14:26:58.156449 
2016-05-21 14:26:58.156468 : ## data/person_mention #######################################################
2016-05-21 14:26:58.156484 : # Done: 2016-05-20T20:58:22-0700 (17h 28m 34s ago)
2016-05-21 14:26:58.156501 : # no-op
2016-05-21 14:26:58.156519 : mark_done data/person_mention
2016-05-21 14:26:58.156537 : ##############################################################################
2016-05-21 14:26:58.156554 
2016-05-21 14:26:58.156572 : ## process/ext_num_people ####################################################
2016-05-21 14:26:58.156589 : # Done: 2016-05-20T21:35:41-0700 (16h 51m 15s ago)
2016-05-21 14:26:58.156607 : process/ext_num_people/run.sh
2016-05-21 14:26:58.156624 : mark_done process/ext_num_people
2016-05-21 14:26:58.156642 : ##############################################################################
2016-05-21 14:26:58.156661 
2016-05-21 14:26:58.156679 : ## data/num_people ###########################################################
2016-05-21 14:26:58.156698 : # Done: 2016-05-20T21:35:41-0700 (16h 51m 15s ago)
2016-05-21 14:26:58.156716 : # no-op
2016-05-21 14:26:58.156736 : mark_done data/num_people
2016-05-21 14:26:58.156755 : ##############################################################################
2016-05-21 14:26:58.156776 
2016-05-21 14:26:58.156794 : ## process/ext_team_mention_by_map_team_mention ##############################
2016-05-21 14:26:58.156813 : # Done: 2016-05-20T21:23:06-0700 (17h 3m 50s ago)
2016-05-21 14:26:58.156831 : process/ext_team_mention_by_map_team_mention/run.sh
2016-05-21 14:26:58.156850 : mark_done process/ext_team_mention_by_map_team_mention
2016-05-21 14:26:58.156868 : ##############################################################################
2016-05-21 14:26:58.156885 
2016-05-21 14:26:58.156904 : ## data/team_mention #########################################################
2016-05-21 14:26:58.156924 : # Done: 2016-05-20T22:05:04-0700 (16h 21m 52s ago)
2016-05-21 14:26:58.156944 : # no-op
2016-05-21 14:26:58.156964 : mark_done data/team_mention
2016-05-21 14:26:58.156984 : ##############################################################################
2016-05-21 14:26:58.157003 
2016-05-21 14:26:58.157023 : ## process/ext_spouse_candidate ##############################################
2016-05-21 14:26:58.157043 : # Done: 2016-05-20T22:17:52-0700 (16h 9m 4s ago)
2016-05-21 14:26:58.157062 : process/ext_spouse_candidate/run.sh
2016-05-21 14:26:58.157081 : mark_done process/ext_spouse_candidate
2016-05-21 14:26:58.157102 : ##############################################################################
2016-05-21 14:26:58.157122 
2016-05-21 14:26:58.157142 : ## data/spouse_candidate #####################################################
2016-05-21 14:26:58.157160 : # Done: 2016-05-20T22:17:52-0700 (16h 9m 4s ago)
2016-05-21 14:26:58.157179 : # no-op
2016-05-21 14:26:58.157196 : mark_done data/spouse_candidate
2016-05-21 14:26:58.157214 : ##############################################################################
2016-05-21 14:26:58.157231 
2016-05-21 14:26:58.157249 : ## process/ext_spouse_label__0_by_supervise ##################################
2016-05-21 14:26:58.157266 : # Done: 2016-05-20T22:17:53-0700 (16h 9m 3s ago)
2016-05-21 14:26:58.157286 : process/ext_spouse_label__0_by_supervise/run.sh
2016-05-21 14:26:58.157304 : mark_done process/ext_spouse_label__0_by_supervise
2016-05-21 14:26:58.157322 : ##############################################################################
2016-05-21 14:26:58.157340 
2016-05-21 14:26:58.157357 : ## data/spouse_label__0 ######################################################
2016-05-21 14:26:58.157375 : # Done: 2016-05-20T22:17:53-0700 (16h 9m 3s ago)
2016-05-21 14:26:58.157393 : # no-op
2016-05-21 14:26:58.157411 : mark_done data/spouse_label__0
2016-05-21 14:26:58.157428 : ##############################################################################
2016-05-21 14:26:58.157445 
2016-05-21 14:26:58.157463 : ## process/init/relation/spouses_dbpedia #####################################
2016-05-21 14:26:58.157480 : # Done: 2016-05-21T12:09:26-0700 (2h 17m 30s ago)
2016-05-21 14:26:58.157498 : process/init/relation/spouses_dbpedia/run.sh
2016-05-21 14:26:58.157516 : mark_done process/init/relation/spouses_dbpedia
2016-05-21 14:26:58.157533 : ##############################################################################
2016-05-21 14:26:58.157553 
2016-05-21 14:26:58.157571 : ## data/spouses_dbpedia ######################################################
2016-05-21 14:26:58.157589 : # Done: 2016-05-21T12:09:26-0700 (2h 17m 30s ago)
2016-05-21 14:26:58.157607 : # no-op
2016-05-21 14:26:58.157625 : mark_done data/spouses_dbpedia
2016-05-21 14:26:58.157643 : ##############################################################################
2016-05-21 14:26:58.157661 
2016-05-21 14:26:58.157678 ## process/ext_spouse_label ##################################################
2016-05-21 14:26:58.157696 # Done: 2016-05-20T22:17:55-0700 (16h 9m 1s ago)
2016-05-21 14:26:58.157714 process/ext_spouse_label/run.sh
2016-05-21 14:26:58.157733 ++ dirname process/ext_spouse_label/run.sh
2016-05-21 14:26:58.157750 + cd process/ext_spouse_label
2016-05-21 14:26:58.157767 + export DEEPDIVE_CURRENT_PROCESS_NAME=process/ext_spouse_label
2016-05-21 14:26:58.157786 + DEEPDIVE_CURRENT_PROCESS_NAME=process/ext_spouse_label
2016-05-21 14:26:58.157805 + deepdive create table spouse_label
2016-05-21 14:26:58.310290 CREATE TABLE
2016-05-21 14:26:58.311701 + deepdive sql 'INSERT INTO spouse_label SELECT R0.p_id AS "spouse_candidate.R0.p_id", R0.t_id AS "spouse_candidate.R0.t_id", 0 AS column_2, NULL AS column_3
2016-05-21 14:26:58.311770 FROM spouse_candidate R0
2016-05-21 14:26:58.311792         
2016-05-21 14:26:58.311831 UNION ALL
2016-05-21 14:26:58.311852 SELECT R0.p_id AS "spouse_candidate.R0.p_id", R0.t_id AS "spouse_candidate.R0.t_id", 1 AS column_2, '\''from_dbpedia'\'' AS column_3
2016-05-21 14:26:58.311873 FROM spouse_candidate R0, spouses_dbpedia R1
2016-05-21 14:26:58.311892         WHERE ((lower(R1.p) = lower(R0.p_name) AND lower(R1.t) = lower(R0.p_name)) OR (lower(R1.t) = lower(R0.t_name) AND lower(R1.p) = lower(R0.t_name)))
2016-05-21 14:26:58.311911 UNION ALL
2016-05-21 14:26:58.311929 SELECT R0.p_id AS "spouse_label__0.R0.p_id", R0.t_id AS "spouse_label__0.R0.t_id", R0.label AS "spouse_label__0.R0.label", R0.rule_id AS "spouse_label__0.R0.rule_id"
2016-05-21 14:26:58.311948 FROM spouse_label__0 R0
2016-05-21 14:26:58.311969         '
2016-05-21 14:26:58.405220 ERROR:  column r1.p does not exist
2016-05-21 14:26:58.405288 LINE 7:         WHERE ((lower(R1.p) = lower(R0.p_name) AND lower(R1....
2016-05-21 14:26:58.405436                               ^
