2016-05-29 17:25:58.262068 ‘run/LATEST.COMPILE/172558.177468000’ -> ‘20160529/172558.177468000’
2016-05-29 17:25:58.262470 ‘run/RUNNING.COMPILE’ -> ‘20160529/172558.177468000’
2016-05-29 17:25:58.262500 Parsing DeepDive application (/Users/emerson/Documents/Github/deepdive/examples/coach_nba) to generate:
2016-05-29 17:25:58.262524  run/compiled/schema.json
2016-05-29 17:25:58.262547   from app.ddlog
2016-05-29 17:25:59.566419  run/compiled/deepdive.conf
2016-05-29 17:25:59.566661   from app.ddlog
2016-05-29 17:26:00.927618   from deepdive.conf
2016-05-29 17:26:00.939155  run/compiled/deepdive.conf.json
2016-05-29 17:26:01.498175 Performing sanity checks on run/compiled/deepdive.conf.json:
2016-05-29 17:26:01.573148  checking if input_extractors_well_defined
2016-05-29 17:26:01.573240  checking if input_schema_wellformed
2016-05-29 17:26:01.573702 Normalizing and adding built-in processes to the data flow to compile:
2016-05-29 17:26:01.574458  run/compiled/config-0.00-init_objects.json
2016-05-29 17:26:01.606743  run/compiled/config-0.01-parse_calibration.json
2016-05-29 17:26:01.653989  run/compiled/config-0.01-parse_schema.json
2016-05-29 17:26:01.690749  run/compiled/config-0.51-add_init_app.json
2016-05-29 17:26:01.727526  run/compiled/config-0.52-input_loader.json
2016-05-29 17:26:01.768514  run/compiled/config-1.00-qualified_names.json
2016-05-29 17:26:01.809461  run/compiled/config-1.01-parse_inference_rules.json
2016-05-29 17:26:01.865443  run/compiled/config-2.01-grounding.json
2016-05-29 17:26:01.983872  run/compiled/config-2.02-learning_inference.json
2016-05-29 17:26:02.023060  run/compiled/config-2.03-calibration_plots.json
2016-05-29 17:26:02.063171  run/compiled/config-9.98-ensure_init_app.json
2016-05-29 17:26:02.102146  run/compiled/config-9.99-dependencies.json
2016-05-29 17:26:02.149670  run/compiled/config.json
2016-05-29 17:26:02.153369 Validating run/compiled/config.json:
2016-05-29 17:26:02.305155  checking if compiled_base_relations_have_input_data
2016-05-29 17:26:02.305227  [WARNING] input/init.sh should load all base relations: articles spouses_dbpedia spouses_dbpedia_negative 
2016-05-29 17:26:02.305255  checking if compiled_dependencies_correct
2016-05-29 17:26:02.305277  checking if compiled_input_output_well_defined
2016-05-29 17:26:02.305296  checking if compiled_output_uniquely_defined
2016-05-29 17:26:02.305586 Compiling executable code into:
2016-05-29 17:26:02.305917  run/compiled/code-Makefile.json
2016-05-29 17:26:02.338359  run/compiled/code-cmd_extractor.json
2016-05-29 17:26:02.381102  run/compiled/code-dataflow_dot.json
2016-05-29 17:26:02.423365  run/compiled/code-sql_extractor.json
2016-05-29 17:26:02.454853  run/compiled/code-tsv_extractor.json
2016-05-29 17:26:02.495665 Generating files:
2016-05-29 17:26:02.537982  run/Makefile
2016-05-29 17:26:02.568037  run/process/init/app/run.sh
2016-05-29 17:26:02.587706  run/process/init/relation/articles/run.sh
2016-05-29 17:26:02.611736  run/process/init/relation/spouses_dbpedia/run.sh
2016-05-29 17:26:02.637774  run/process/init/relation/spouses_dbpedia_negative/run.sh
2016-05-29 17:26:02.668066  run/process/ext_has_spouse/run.sh
2016-05-29 17:26:02.696727  run/process/ext_num_people/run.sh
2016-05-29 17:26:02.725399  run/process/ext_num_team/run.sh
2016-05-29 17:26:02.749794  run/process/ext_spouse_candidate/run.sh
2016-05-29 17:26:02.771888  run/process/ext_spouse_label/run.sh
2016-05-29 17:26:02.808424  run/process/ext_spouse_label_resolved/run.sh
2016-05-29 17:26:02.828090  run/process/grounding/variable_id_partition/run.sh
2016-05-29 17:26:02.854249  run/process/grounding/variable/has_spouse/assign_id/run.sh
2016-05-29 17:26:02.879728  run/process/grounding/variable_holdout/run.sh
2016-05-29 17:26:02.905518  run/process/grounding/variable/has_spouse/dump/run.sh
2016-05-29 17:26:02.933072  run/process/grounding/factor/inf1_istrue_has_spouse/materialize/run.sh
2016-05-29 17:26:02.970294  run/process/grounding/factor/inf_imply_has_spouse_has_spouse/materialize/run.sh
2016-05-29 17:26:02.989750  run/process/grounding/factor/inf_istrue_has_spouse/materialize/run.sh
2016-05-29 17:26:03.014566  run/process/grounding/weight_id_partition/run.sh
2016-05-29 17:26:03.039050  run/process/grounding/global_weight_table/run.sh
2016-05-29 17:26:03.066041  run/process/grounding/factor/inf1_istrue_has_spouse/assign_weight_id/run.sh
2016-05-29 17:26:03.103007  run/process/grounding/factor/inf_imply_has_spouse_has_spouse/assign_weight_id/run.sh
2016-05-29 17:26:03.137433  run/process/grounding/factor/inf_istrue_has_spouse/assign_weight_id/run.sh
2016-05-29 17:26:03.158815  run/process/grounding/factor/inf1_istrue_has_spouse/dump/run.sh
2016-05-29 17:26:03.185338  run/process/grounding/factor/inf_imply_has_spouse_has_spouse/dump/run.sh
2016-05-29 17:26:03.209762  run/process/grounding/factor/inf_istrue_has_spouse/dump/run.sh
2016-05-29 17:26:03.241220  run/process/grounding/factor/inf1_istrue_has_spouse/dump_weights/run.sh
2016-05-29 17:26:03.269115  run/process/grounding/factor/inf_imply_has_spouse_has_spouse/dump_weights/run.sh
2016-05-29 17:26:03.290226  run/process/grounding/factor/inf_istrue_has_spouse/dump_weights/run.sh
2016-05-29 17:26:03.324369  run/process/grounding/combine_factorgraph/run.sh
2016-05-29 17:26:03.350819  run/process/model/learning/run.sh
2016-05-29 17:26:03.377571  run/process/model/inference/run.sh
2016-05-29 17:26:03.401270  run/process/model/load_weights/run.sh
2016-05-29 17:26:03.429289  run/process/model/load_probabilities/run.sh
2016-05-29 17:26:03.455177  run/process/model/calibration/run.sh
2016-05-29 17:26:03.482789  run/dataflow.dot
2016-05-29 17:26:03.508233  run/process/ext_person_mention_by_map_person_mention/run.sh
2016-05-29 17:26:03.539559  run/process/ext_sentences_by_nlp_markup/run.sh
2016-05-29 17:26:03.564459  run/process/ext_spouse_feature_by_extract_spouse_features/run.sh
2016-05-29 17:26:03.591690  run/process/ext_spouse_label__0_by_supervise/run.sh
2016-05-29 17:26:03.630997  run/process/ext_team_mention_by_map_team_mention/run.sh
2016-05-29 17:26:03.818751 Warning: Could not load "/Users/emerson/local/lib/bundled/graphviz/prefix/bin/../lib/graphviz/libgvplugin_pango.6.dylib" - file not found
2016-05-29 17:26:03.895988  run/dataflow.svg
2016-05-29 17:26:03.897163   (file:///Users/emerson/Documents/Github/deepdive/examples/coach_nba/run/dataflow.svg)
2016-05-29 17:26:03.901273 mv: cannot move ‘run/compiled’ to ‘run/compiled~’: Directory not empty
