2016-05-20 18:01:11.238375 ‘run/LATEST.COMPILE/180111.168163000’ -> ‘20160520/180111.168163000’
2016-05-20 18:01:11.238848 ‘run/RUNNING.COMPILE’ -> ‘20160520/180111.168163000’
2016-05-20 18:01:11.238893 Parsing DeepDive application (/Users/emerson/Documents/Github/deepdive/examples/Coach_NBA) to generate:
2016-05-20 18:01:11.238919  run/compiled/schema.json
2016-05-20 18:01:11.238941   from app.ddlog
2016-05-20 18:01:12.103392  run/compiled/deepdive.conf
2016-05-20 18:01:12.103613   from app.ddlog
2016-05-20 18:01:13.096547   from deepdive.conf
2016-05-20 18:01:13.105276  run/compiled/deepdive.conf.json
2016-05-20 18:01:13.470980 Performing sanity checks on run/compiled/deepdive.conf.json:
2016-05-20 18:01:13.528720  checking if input_extractors_well_defined
2016-05-20 18:01:13.528781  checking if input_schema_wellformed
2016-05-20 18:01:13.529100 Normalizing and adding built-in processes to the data flow to compile:
2016-05-20 18:01:13.529540  run/compiled/config-0.00-init_objects.json
2016-05-20 18:01:13.553177  run/compiled/config-0.01-parse_calibration.json
2016-05-20 18:01:13.576918  run/compiled/config-0.01-parse_schema.json
2016-05-20 18:01:13.609608  run/compiled/config-0.51-add_init_app.json
2016-05-20 18:01:13.639545  run/compiled/config-0.52-input_loader.json
2016-05-20 18:01:13.668147  run/compiled/config-1.00-qualified_names.json
2016-05-20 18:01:13.697906  run/compiled/config-1.01-parse_inference_rules.json
2016-05-20 18:01:13.739010  run/compiled/config-2.01-grounding.json
2016-05-20 18:01:13.839775  run/compiled/config-2.02-learning_inference.json
2016-05-20 18:01:13.871379  run/compiled/config-2.03-calibration_plots.json
2016-05-20 18:01:13.909337  run/compiled/config-9.98-ensure_init_app.json
2016-05-20 18:01:13.937704  run/compiled/config-9.99-dependencies.json
2016-05-20 18:01:13.977507  run/compiled/config.json
2016-05-20 18:01:13.981192 Validating run/compiled/config.json:
2016-05-20 18:01:14.093724  checking if compiled_base_relations_have_input_data
2016-05-20 18:01:14.093791  [WARNING] input/init.sh should load all base relations: articles spouses_dbpedia 
2016-05-20 18:01:14.093827  checking if compiled_dependencies_correct
2016-05-20 18:01:14.093853  checking if compiled_input_output_well_defined
2016-05-20 18:01:14.093877  checking if compiled_output_uniquely_defined
2016-05-20 18:01:14.094151 Compiling executable code into:
2016-05-20 18:01:14.094564  run/compiled/code-Makefile.json
2016-05-20 18:01:14.128557  run/compiled/code-cmd_extractor.json
2016-05-20 18:01:14.155015  run/compiled/code-dataflow_dot.json
2016-05-20 18:01:14.186456  run/compiled/code-sql_extractor.json
2016-05-20 18:01:14.215337  run/compiled/code-tsv_extractor.json
2016-05-20 18:01:14.248755 Generating files:
2016-05-20 18:01:14.295493  run/Makefile
2016-05-20 18:01:14.313858  run/process/init/app/run.sh
2016-05-20 18:01:14.334748  run/process/init/relation/articles/run.sh
2016-05-20 18:01:14.360144  run/process/init/relation/spouses_dbpedia/run.sh
2016-05-20 18:01:14.383861  run/process/ext_has_spouse/run.sh
2016-05-20 18:01:14.412295  run/process/ext_num_people/run.sh
2016-05-20 18:01:14.438970  run/process/ext_spouse_candidate/run.sh
2016-05-20 18:01:14.460299  run/process/ext_spouse_label/run.sh
2016-05-20 18:01:14.485217  run/process/ext_spouse_label_resolved/run.sh
2016-05-20 18:01:14.510942  run/process/grounding/variable_id_partition/run.sh
2016-05-20 18:01:14.541658  run/process/grounding/variable/has_spouse/assign_id/run.sh
2016-05-20 18:01:14.564073  run/process/grounding/variable_holdout/run.sh
2016-05-20 18:01:14.587469  run/process/grounding/variable/has_spouse/dump/run.sh
2016-05-20 18:01:14.612531  run/process/grounding/factor/inf1_imply_has_spouse_has_spouse/materialize/run.sh
2016-05-20 18:01:14.632396  run/process/grounding/factor/inf_imply_has_spouse_has_spouse/materialize/run.sh
2016-05-20 18:01:14.665630  run/process/grounding/factor/inf_istrue_has_spouse/materialize/run.sh
2016-05-20 18:01:14.687722  run/process/grounding/weight_id_partition/run.sh
2016-05-20 18:01:14.712118  run/process/grounding/global_weight_table/run.sh
2016-05-20 18:01:14.737547  run/process/grounding/factor/inf1_imply_has_spouse_has_spouse/assign_weight_id/run.sh
2016-05-20 18:01:14.762439  run/process/grounding/factor/inf_imply_has_spouse_has_spouse/assign_weight_id/run.sh
2016-05-20 18:01:14.788114  run/process/grounding/factor/inf_istrue_has_spouse/assign_weight_id/run.sh
2016-05-20 18:01:14.819428  run/process/grounding/factor/inf1_imply_has_spouse_has_spouse/dump/run.sh
2016-05-20 18:01:14.841921  run/process/grounding/factor/inf_imply_has_spouse_has_spouse/dump/run.sh
2016-05-20 18:01:14.868387  run/process/grounding/factor/inf_istrue_has_spouse/dump/run.sh
2016-05-20 18:01:14.891712  run/process/grounding/factor/inf1_imply_has_spouse_has_spouse/dump_weights/run.sh
2016-05-20 18:01:14.917992  run/process/grounding/factor/inf_imply_has_spouse_has_spouse/dump_weights/run.sh
2016-05-20 18:01:14.940802  run/process/grounding/factor/inf_istrue_has_spouse/dump_weights/run.sh
2016-05-20 18:01:14.967532  run/process/grounding/combine_factorgraph/run.sh
2016-05-20 18:01:14.991390  run/process/model/learning/run.sh
2016-05-20 18:01:15.012156  run/process/model/inference/run.sh
2016-05-20 18:01:15.044405  run/process/model/load_weights/run.sh
2016-05-20 18:01:15.067954  run/process/model/load_probabilities/run.sh
2016-05-20 18:01:15.093777  run/process/model/calibration/run.sh
2016-05-20 18:01:15.117569  run/dataflow.dot
2016-05-20 18:01:15.140019  run/process/ext_person_mention_by_map_person_mention/run.sh
2016-05-20 18:01:15.166955  run/process/ext_sentences_by_nlp_markup/run.sh
2016-05-20 18:01:15.202192  run/process/ext_spouse_feature_by_extract_spouse_features/run.sh
2016-05-20 18:01:15.225695  run/process/ext_spouse_label__0_by_supervise/run.sh
2016-05-20 18:01:15.252760  run/process/ext_team_mention_by_map_team_mention/run.sh
2016-05-20 18:01:15.303769 Warning: Could not load "/Users/emerson/local/lib/bundled/graphviz/prefix/bin/../lib/graphviz/libgvplugin_pango.6.dylib" - file not found
2016-05-20 18:01:15.317396  run/dataflow.svg
2016-05-20 18:01:15.318520   (file:///Users/emerson/Documents/Github/deepdive/examples/Coach_NBA/run/dataflow.svg)
2016-05-20 18:01:15.326654 mv: cannot move ‘run/compiled’ to ‘run/compiled~’: Directory not empty
