2016-05-20 18:17:45.960017 ‘run/LATEST.COMPILE/181745.895122000’ -> ‘20160520/181745.895122000’
2016-05-20 18:17:45.960408 ‘run/RUNNING.COMPILE’ -> ‘20160520/181745.895122000’
2016-05-20 18:17:45.960445 Parsing DeepDive application (/Users/emerson/Documents/Github/deepdive/examples/Coach_NBA) to generate:
2016-05-20 18:17:45.960480  run/compiled/schema.json
2016-05-20 18:17:45.960504   from app.ddlog
2016-05-20 18:17:46.826901  run/compiled/deepdive.conf
2016-05-20 18:17:46.827135   from app.ddlog
2016-05-20 18:17:47.811368   from deepdive.conf
2016-05-20 18:17:47.820544  run/compiled/deepdive.conf.json
2016-05-20 18:17:48.201047 Performing sanity checks on run/compiled/deepdive.conf.json:
2016-05-20 18:17:48.256727  checking if input_extractors_well_defined
2016-05-20 18:17:48.256791  checking if input_schema_wellformed
2016-05-20 18:17:48.257101 Normalizing and adding built-in processes to the data flow to compile:
2016-05-20 18:17:48.257545  run/compiled/config-0.00-init_objects.json
2016-05-20 18:17:48.280346  run/compiled/config-0.01-parse_calibration.json
2016-05-20 18:17:48.303722  run/compiled/config-0.01-parse_schema.json
2016-05-20 18:17:48.333306  run/compiled/config-0.51-add_init_app.json
2016-05-20 18:17:48.359406  run/compiled/config-0.52-input_loader.json
2016-05-20 18:17:48.384653  run/compiled/config-1.00-qualified_names.json
2016-05-20 18:17:48.413970  run/compiled/config-1.01-parse_inference_rules.json
2016-05-20 18:17:48.451930  run/compiled/config-2.01-grounding.json
2016-05-20 18:17:48.547096  run/compiled/config-2.02-learning_inference.json
2016-05-20 18:17:48.579397  run/compiled/config-2.03-calibration_plots.json
2016-05-20 18:17:48.617269  run/compiled/config-9.98-ensure_init_app.json
2016-05-20 18:17:48.645947  run/compiled/config-9.99-dependencies.json
2016-05-20 18:17:48.682912  run/compiled/config.json
2016-05-20 18:17:48.686517 Validating run/compiled/config.json:
2016-05-20 18:17:48.811703  checking if compiled_base_relations_have_input_data
2016-05-20 18:17:48.811763  [WARNING] input/init.sh should load all base relations: articles spouses_dbpedia 
2016-05-20 18:17:48.811797  checking if compiled_dependencies_correct
2016-05-20 18:17:48.811817  checking if compiled_input_output_well_defined
2016-05-20 18:17:48.811836  checking if compiled_output_uniquely_defined
2016-05-20 18:17:48.812137 Compiling executable code into:
2016-05-20 18:17:48.812471  run/compiled/code-Makefile.json
2016-05-20 18:17:48.845747  run/compiled/code-cmd_extractor.json
2016-05-20 18:17:48.883599  run/compiled/code-dataflow_dot.json
2016-05-20 18:17:48.914036  run/compiled/code-sql_extractor.json
2016-05-20 18:17:48.942466  run/compiled/code-tsv_extractor.json
2016-05-20 18:17:48.975193 Generating files:
2016-05-20 18:17:49.012316  run/Makefile
2016-05-20 18:17:49.030725  run/process/init/app/run.sh
2016-05-20 18:17:49.051956  run/process/init/relation/articles/run.sh
2016-05-20 18:17:49.074766  run/process/init/relation/spouses_dbpedia/run.sh
2016-05-20 18:17:49.094850  run/process/ext_has_spouse/run.sh
2016-05-20 18:17:49.122101  run/process/ext_num_people/run.sh
2016-05-20 18:17:49.142553  run/process/ext_spouse_candidate/run.sh
2016-05-20 18:17:49.167833  run/process/ext_spouse_label/run.sh
2016-05-20 18:17:49.190244  run/process/ext_spouse_label_resolved/run.sh
2016-05-20 18:17:49.215710  run/process/grounding/variable_id_partition/run.sh
2016-05-20 18:17:49.237271  run/process/grounding/variable/has_spouse/assign_id/run.sh
2016-05-20 18:17:49.260940  run/process/grounding/variable_holdout/run.sh
2016-05-20 18:17:49.282004  run/process/grounding/variable/has_spouse/dump/run.sh
2016-05-20 18:17:49.305318  run/process/grounding/factor/inf1_imply_has_spouse_has_spouse/materialize/run.sh
2016-05-20 18:17:49.327669  run/process/grounding/factor/inf_imply_has_spouse_has_spouse/materialize/run.sh
2016-05-20 18:17:49.351371  run/process/grounding/factor/inf_istrue_has_spouse/materialize/run.sh
2016-05-20 18:17:49.380377  run/process/grounding/weight_id_partition/run.sh
2016-05-20 18:17:49.400418  run/process/grounding/global_weight_table/run.sh
2016-05-20 18:17:49.422921  run/process/grounding/factor/inf1_imply_has_spouse_has_spouse/assign_weight_id/run.sh
2016-05-20 18:17:49.445537  run/process/grounding/factor/inf_imply_has_spouse_has_spouse/assign_weight_id/run.sh
2016-05-20 18:17:49.468004  run/process/grounding/factor/inf_istrue_has_spouse/assign_weight_id/run.sh
2016-05-20 18:17:49.491864  run/process/grounding/factor/inf1_imply_has_spouse_has_spouse/dump/run.sh
2016-05-20 18:17:49.520579  run/process/grounding/factor/inf_imply_has_spouse_has_spouse/dump/run.sh
2016-05-20 18:17:49.541712  run/process/grounding/factor/inf_istrue_has_spouse/dump/run.sh
2016-05-20 18:17:49.566782  run/process/grounding/factor/inf1_imply_has_spouse_has_spouse/dump_weights/run.sh
2016-05-20 18:17:49.588537  run/process/grounding/factor/inf_imply_has_spouse_has_spouse/dump_weights/run.sh
2016-05-20 18:17:49.609209  run/process/grounding/factor/inf_istrue_has_spouse/dump_weights/run.sh
2016-05-20 18:17:49.630666  run/process/grounding/combine_factorgraph/run.sh
2016-05-20 18:17:49.657617  run/process/model/learning/run.sh
2016-05-20 18:17:49.679139  run/process/model/inference/run.sh
2016-05-20 18:17:49.702655  run/process/model/load_weights/run.sh
2016-05-20 18:17:49.724092  run/process/model/load_probabilities/run.sh
2016-05-20 18:17:49.747776  run/process/model/calibration/run.sh
2016-05-20 18:17:49.771277  run/dataflow.dot
2016-05-20 18:17:49.797412  run/process/ext_person_mention_by_map_person_mention/run.sh
2016-05-20 18:17:49.817338  run/process/ext_sentences_by_nlp_markup/run.sh
2016-05-20 18:17:49.839390  run/process/ext_spouse_feature_by_extract_spouse_features/run.sh
2016-05-20 18:17:49.862866  run/process/ext_spouse_label__0_by_supervise/run.sh
2016-05-20 18:17:49.885651  run/process/ext_team_mention_by_map_team_mention/run.sh
2016-05-20 18:17:49.942282 Warning: Could not load "/Users/emerson/local/lib/bundled/graphviz/prefix/bin/../lib/graphviz/libgvplugin_pango.6.dylib" - file not found
2016-05-20 18:17:49.951233  run/dataflow.svg
2016-05-20 18:17:49.952206   (file:///Users/emerson/Documents/Github/deepdive/examples/Coach_NBA/run/dataflow.svg)
2016-05-20 18:17:49.955851 mv: cannot move ‘run/compiled’ to ‘run/compiled~’: Directory not empty
