2016-05-22 16:48:45.497555 # on eduroam-169-233-210-202.ucsc.edu: deepdive do has_spouse
2016-05-22 16:48:45.497845 # run/20160522/164842.739832000/plan.sh
2016-05-22 16:48:45.497869 # execution plan for data/has_spouse
2016-05-22 16:48:45.497888 
2016-05-22 16:48:45.497910 : ## process/init/app ##########################################################
2016-05-22 16:48:45.497930 : # Done: 2016-05-22T11:25:05-0700 (5h 23m 37s ago)
2016-05-22 16:48:45.497949 : process/init/app/run.sh
2016-05-22 16:48:45.497994 : mark_done process/init/app
2016-05-22 16:48:45.498025 : ##############################################################################
2016-05-22 16:48:45.498049 
2016-05-22 16:48:45.498072 : ## process/init/relation/articles ############################################
2016-05-22 16:48:45.498092 : # Done: 2016-05-22T11:55:52-0700 (4h 52m 50s ago)
2016-05-22 16:48:45.498112 : process/init/relation/articles/run.sh
2016-05-22 16:48:45.498132 : mark_done process/init/relation/articles
2016-05-22 16:48:45.498152 : ##############################################################################
2016-05-22 16:48:45.498173 
2016-05-22 16:48:45.498192 : ## data/articles #############################################################
2016-05-22 16:48:45.498213 : # Done: 2016-05-22T11:55:52-0700 (4h 52m 50s ago)
2016-05-22 16:48:45.498234 : # no-op
2016-05-22 16:48:45.498254 : mark_done data/articles
2016-05-22 16:48:45.498273 : ##############################################################################
2016-05-22 16:48:45.498295 
2016-05-22 16:48:45.498314 : ## process/ext_sentences_by_nlp_markup #######################################
2016-05-22 16:48:45.498335 : # Done: 2016-05-22T11:57:59-0700 (4h 50m 43s ago)
2016-05-22 16:48:45.498356 : process/ext_sentences_by_nlp_markup/run.sh
2016-05-22 16:48:45.498377 : mark_done process/ext_sentences_by_nlp_markup
2016-05-22 16:48:45.498398 : ##############################################################################
2016-05-22 16:48:45.498419 
2016-05-22 16:48:45.498439 : ## data/sentences ############################################################
2016-05-22 16:48:45.498459 : # Done: 2016-05-22T11:57:59-0700 (4h 50m 43s ago)
2016-05-22 16:48:45.498480 : # no-op
2016-05-22 16:48:45.498503 : mark_done data/sentences
2016-05-22 16:48:45.498525 : ##############################################################################
2016-05-22 16:48:45.498546 
2016-05-22 16:48:45.498569 : ## process/ext_person_mention_by_map_person_mention ##########################
2016-05-22 16:48:45.498591 : # Done: 2016-05-22T12:13:47-0700 (4h 34m 55s ago)
2016-05-22 16:48:45.498611 : process/ext_person_mention_by_map_person_mention/run.sh
2016-05-22 16:48:45.498631 : mark_done process/ext_person_mention_by_map_person_mention
2016-05-22 16:48:45.498652 : ##############################################################################
2016-05-22 16:48:45.498673 
2016-05-22 16:48:45.498693 : ## data/person_mention #######################################################
2016-05-22 16:48:45.498714 : # Done: 2016-05-22T12:13:47-0700 (4h 34m 56s ago)
2016-05-22 16:48:45.498735 : # no-op
2016-05-22 16:48:45.498755 : mark_done data/person_mention
2016-05-22 16:48:45.498775 : ##############################################################################
2016-05-22 16:48:45.498797 
2016-05-22 16:48:45.498817 : ## process/ext_num_people ####################################################
2016-05-22 16:48:45.498837 : # Done: 2016-05-22T12:14:33-0700 (4h 34m 10s ago)
2016-05-22 16:48:45.498857 : process/ext_num_people/run.sh
2016-05-22 16:48:45.498885 : mark_done process/ext_num_people
2016-05-22 16:48:45.498907 : ##############################################################################
2016-05-22 16:48:45.498927 
2016-05-22 16:48:45.498949 : ## data/num_people ###########################################################
2016-05-22 16:48:45.498971 : # Done: 2016-05-22T12:14:33-0700 (4h 34m 10s ago)
2016-05-22 16:48:45.498993 : # no-op
2016-05-22 16:48:45.499014 : mark_done data/num_people
2016-05-22 16:48:45.499036 : ##############################################################################
2016-05-22 16:48:45.499056 
2016-05-22 16:48:45.499076 : ## process/ext_team_mention_by_map_team_mention ##############################
2016-05-22 16:48:45.499097 : # Done: 2016-05-22T12:14:14-0700 (4h 34m 29s ago)
2016-05-22 16:48:45.499118 : process/ext_team_mention_by_map_team_mention/run.sh
2016-05-22 16:48:45.499139 : mark_done process/ext_team_mention_by_map_team_mention
2016-05-22 16:48:45.499159 : ##############################################################################
2016-05-22 16:48:45.499181 
2016-05-22 16:48:45.499201 : ## data/team_mention #########################################################
2016-05-22 16:48:45.499221 : # Done: 2016-05-22T12:14:14-0700 (4h 34m 29s ago)
2016-05-22 16:48:45.499240 : # no-op
2016-05-22 16:48:45.499260 : mark_done data/team_mention
2016-05-22 16:48:45.499277 : ##############################################################################
2016-05-22 16:48:45.499296 
2016-05-22 16:48:45.499316 : ## process/ext_spouse_candidate ##############################################
2016-05-22 16:48:45.499337 : # Done: 2016-05-22T12:14:34-0700 (4h 34m 9s ago)
2016-05-22 16:48:45.499356 : process/ext_spouse_candidate/run.sh
2016-05-22 16:48:45.499375 : mark_done process/ext_spouse_candidate
2016-05-22 16:48:45.499394 : ##############################################################################
2016-05-22 16:48:45.499452 
2016-05-22 16:48:45.499472 : ## data/spouse_candidate #####################################################
2016-05-22 16:48:45.499495 : # Done: 2016-05-22T12:14:34-0700 (4h 34m 9s ago)
2016-05-22 16:48:45.499516 : # no-op
2016-05-22 16:48:45.499536 : mark_done data/spouse_candidate
2016-05-22 16:48:45.499556 : ##############################################################################
2016-05-22 16:48:45.499578 
2016-05-22 16:48:45.499598 : ## process/ext_spouse_label__0_by_supervise ##################################
2016-05-22 16:48:45.499617 : # Done: 2016-05-22T12:28:31-0700 (4h 20m 12s ago)
2016-05-22 16:48:45.499637 : process/ext_spouse_label__0_by_supervise/run.sh
2016-05-22 16:48:45.499658 : mark_done process/ext_spouse_label__0_by_supervise
2016-05-22 16:48:45.499678 : ##############################################################################
2016-05-22 16:48:45.499698 
2016-05-22 16:48:45.499719 : ## data/spouse_label__0 ######################################################
2016-05-22 16:48:45.499739 : # Done: 2016-05-22T12:28:31-0700 (4h 20m 12s ago)
2016-05-22 16:48:45.499759 : # no-op
2016-05-22 16:48:45.499778 : mark_done data/spouse_label__0
2016-05-22 16:48:45.499799 : ##############################################################################
2016-05-22 16:48:45.499821 
2016-05-22 16:48:45.499843 : ## process/init/relation/spouses_dbpedia #####################################
2016-05-22 16:48:45.499866 : # Done: 2016-05-22T15:50:19-0700 (58m 24s ago)
2016-05-22 16:48:45.499888 : process/init/relation/spouses_dbpedia/run.sh
2016-05-22 16:48:45.499910 : mark_done process/init/relation/spouses_dbpedia
2016-05-22 16:48:45.499932 : ##############################################################################
2016-05-22 16:48:45.499954 
2016-05-22 16:48:45.499975 : ## data/spouses_dbpedia ######################################################
2016-05-22 16:48:45.499998 : # Done: 2016-05-22T15:50:19-0700 (58m 24s ago)
2016-05-22 16:48:45.500020 : # no-op
2016-05-22 16:48:45.500043 : mark_done data/spouses_dbpedia
2016-05-22 16:48:45.500065 : ##############################################################################
2016-05-22 16:48:45.500088 
2016-05-22 16:48:45.500111 : ## process/ext_spouse_label ##################################################
2016-05-22 16:48:45.500134 : # Done: 2016-05-22T15:50:41-0700 (58m 2s ago)
2016-05-22 16:48:45.500157 : process/ext_spouse_label/run.sh
2016-05-22 16:48:45.500179 : mark_done process/ext_spouse_label
2016-05-22 16:48:45.500200 : ##############################################################################
2016-05-22 16:48:45.500222 
2016-05-22 16:48:45.500243 : ## data/spouse_label #########################################################
2016-05-22 16:48:45.500265 : # Done: 2016-05-22T15:50:41-0700 (58m 2s ago)
2016-05-22 16:48:45.500288 : # no-op
2016-05-22 16:48:45.500309 : mark_done data/spouse_label
2016-05-22 16:48:45.500329 : ##############################################################################
2016-05-22 16:48:45.500369 
2016-05-22 16:48:45.500392 : ## process/ext_spouse_label_resolved #########################################
2016-05-22 16:48:45.500413 : # Done: 2016-05-22T15:50:41-0700 (58m 2s ago)
2016-05-22 16:48:45.500434 : process/ext_spouse_label_resolved/run.sh
2016-05-22 16:48:45.500455 : mark_done process/ext_spouse_label_resolved
2016-05-22 16:48:45.500476 : ##############################################################################
2016-05-22 16:48:45.500496 
2016-05-22 16:48:45.500547 : ## data/spouse_label_resolved ################################################
2016-05-22 16:48:45.500571 : # Done: 2016-05-22T15:50:41-0700 (58m 2s ago)
2016-05-22 16:48:45.500592 : # no-op
2016-05-22 16:48:45.500614 : mark_done data/spouse_label_resolved
2016-05-22 16:48:45.500635 : ##############################################################################
2016-05-22 16:48:45.500654 
2016-05-22 16:48:45.500705 ## process/ext_has_spouse ####################################################
2016-05-22 16:48:45.500728 : # Done: 2016-05-22T16:48:10-0700 (33s ago)
2016-05-22 16:48:45.500751 # Done: 2016-05-22T16:48:10-0700 (32s ago)
2016-05-22 16:48:45.500777 process/ext_has_spouse/run.sh
2016-05-22 16:48:45.500800 ++ dirname process/ext_has_spouse/run.sh
2016-05-22 16:48:45.500820 + cd process/ext_has_spouse
2016-05-22 16:48:45.500842 + export DEEPDIVE_CURRENT_PROCESS_NAME=process/ext_has_spouse
2016-05-22 16:48:45.500863 + DEEPDIVE_CURRENT_PROCESS_NAME=process/ext_has_spouse
2016-05-22 16:48:45.500882 + deepdive create table has_spouse
2016-05-22 16:48:45.609926 CREATE TABLE
2016-05-22 16:48:45.610815 + deepdive sql 'INSERT INTO has_spouse SELECT DISTINCT R0.column_0, R0.column_1, 0 AS id, 
2016-05-22 16:48:45.610876 CASE WHEN R0.column_2 > 0 THEN true
2016-05-22 16:48:45.610904      WHEN R0.column_2 < 0 THEN false
2016-05-22 16:48:45.610928      ELSE NULL
2016-05-22 16:48:45.610951 END AS label
2016-05-22 16:48:45.610973           FROM spouse_label_resolved R0
2016-05-22 16:48:45.610995         
2016-05-22 16:48:45.611019           '
2016-05-22 16:48:45.696542 INSERT 0 103
2016-05-22 16:48:45.698007 mark_done process/ext_has_spouse
2016-05-22 16:48:45.720508 ##############################################################################
2016-05-22 16:48:45.720600 
2016-05-22 16:48:45.720632 ## data/has_spouse ###########################################################
2016-05-22 16:48:45.720653 : # Done: 2016-05-22T16:48:10-0700 (33s ago)
2016-05-22 16:48:45.720672 # Done: 2016-05-22T16:48:10-0700 (32s ago)
2016-05-22 16:48:45.720690 # no-op
2016-05-22 16:48:45.720709 mark_done data/has_spouse
2016-05-22 16:48:45.747903 ##############################################################################
2016-05-22 16:48:45.747979 
