2016-05-22 12:18:22.592058 # on eduroam-169-233-210-202.ucsc.edu: deepdive do spouses_dbpedia
2016-05-22 12:18:22.592363 # run/20160522/121821.316674000/plan.sh
2016-05-22 12:18:22.592387 # execution plan for data/spouses_dbpedia
2016-05-22 12:18:22.592399 
2016-05-22 12:18:22.592410 : ## process/init/app ##########################################################
2016-05-22 12:18:22.592420 : # Done: 2016-05-22T11:25:05-0700 (53m 16s ago)
2016-05-22 12:18:22.592430 : process/init/app/run.sh
2016-05-22 12:18:22.592440 : mark_done process/init/app
2016-05-22 12:18:22.592451 : ##############################################################################
2016-05-22 12:18:22.592461 
2016-05-22 12:18:22.592471 ## process/init/relation/spouses_dbpedia #####################################
2016-05-22 12:18:22.592481 # Done: 2016-05-22T11:26:29-0700 (51m 52s ago)
2016-05-22 12:18:22.592490 process/init/relation/spouses_dbpedia/run.sh
2016-05-22 12:18:22.592500 ++ dirname process/init/relation/spouses_dbpedia/run.sh
2016-05-22 12:18:22.592510 + cd process/init/relation/spouses_dbpedia
2016-05-22 12:18:22.592520 + export DEEPDIVE_CURRENT_PROCESS_NAME=process/init/relation/spouses_dbpedia
2016-05-22 12:18:22.592531 + DEEPDIVE_CURRENT_PROCESS_NAME=process/init/relation/spouses_dbpedia
2016-05-22 12:18:22.592540 + deepdive create table spouses_dbpedia
2016-05-22 12:18:22.708937 CREATE TABLE
2016-05-22 12:18:22.710169 + deepdive load spouses_dbpedia
2016-05-22 12:18:22.813115 Loading spouses_dbpedia from input/spouses_dbpedia.csv.bz2 (csv format)
2016-05-22 12:18:22.856433 COPY 33
2016-05-22 12:18:22.864584 mark_done process/init/relation/spouses_dbpedia
2016-05-22 12:18:22.884138 ##############################################################################
2016-05-22 12:18:22.884248 
2016-05-22 12:18:22.884283 ## data/spouses_dbpedia ######################################################
2016-05-22 12:18:22.884305 # Done: 2016-05-22T11:26:29-0700 (51m 52s ago)
2016-05-22 12:18:22.884325 # no-op
2016-05-22 12:18:22.884346 mark_done data/spouses_dbpedia
2016-05-22 12:18:22.906542 ##############################################################################
2016-05-22 12:18:22.906607 
