2016-06-02 22:19:18.096295 # on dhcp-169-233-187-63.cruznet.ucsc.edu: deepdive do calibration-plots
2016-06-02 22:19:18.096758 # run/20160602/221915.313884000/plan.sh
2016-06-02 22:19:18.096878 # execution plan for model/calibration-plots
2016-06-02 22:19:18.096930 
2016-06-02 22:19:18.096975 : ## process/init/app ##########################################################
2016-06-02 22:19:18.097620 : # Done: 2016-05-22T17:21:25-0700 (11d 4h 57m 50s ago)
2016-06-02 22:19:18.097677 : process/init/app/run.sh
2016-06-02 22:19:18.097723 : mark_done process/init/app
2016-06-02 22:19:18.097767 : ##############################################################################
2016-06-02 22:19:18.097810 
2016-06-02 22:19:18.097851 : ## process/init/relation/articles ############################################
2016-06-02 22:19:18.097893 : # Done: 2016-05-23T12:16:43-0700 (10d 10h 2m 32s ago)
2016-06-02 22:19:18.097935 : process/init/relation/articles/run.sh
2016-06-02 22:19:18.097976 : mark_done process/init/relation/articles
2016-06-02 22:19:18.098017 : ##############################################################################
2016-06-02 22:19:18.098059 
2016-06-02 22:19:18.098100 : ## data/articles #############################################################
2016-06-02 22:19:18.098141 : # Done: 2016-05-23T12:16:43-0700 (10d 10h 2m 32s ago)
2016-06-02 22:19:18.098183 : # no-op
2016-06-02 22:19:18.098223 : mark_done data/articles
2016-06-02 22:19:18.098265 : ##############################################################################
2016-06-02 22:19:18.098307 
2016-06-02 22:19:18.098348 : ## process/ext_sentences_by_nlp_markup #######################################
2016-06-02 22:19:18.098389 : # Done: 2016-05-23T15:05:01-0700 (10d 7h 14m 14s ago)
2016-06-02 22:19:18.098432 : process/ext_sentences_by_nlp_markup/run.sh
2016-06-02 22:19:18.098474 : mark_done process/ext_sentences_by_nlp_markup
2016-06-02 22:19:18.098516 : ##############################################################################
2016-06-02 22:19:18.098557 
2016-06-02 22:19:18.098597 : ## data/sentences ############################################################
2016-06-02 22:19:18.098638 : # Done: 2016-05-23T15:05:01-0700 (10d 7h 14m 14s ago)
2016-06-02 22:19:18.098681 : # no-op
2016-06-02 22:19:18.098722 : mark_done data/sentences
2016-06-02 22:19:18.098803 : ##############################################################################
2016-06-02 22:19:18.098938 
2016-06-02 22:19:18.098989 : ## process/ext_person_mention_by_map_person_mention ##########################
2016-06-02 22:19:18.099038 : # Done: 2016-05-23T15:05:52-0700 (10d 7h 13m 23s ago)
2016-06-02 22:19:18.099089 : process/ext_person_mention_by_map_person_mention/run.sh
2016-06-02 22:19:18.099141 : mark_done process/ext_person_mention_by_map_person_mention
2016-06-02 22:19:18.099776 : ##############################################################################
2016-06-02 22:19:18.099849 
2016-06-02 22:19:18.099896 : ## data/person_mention #######################################################
2016-06-02 22:19:18.099938 : # Done: 2016-05-23T15:05:52-0700 (10d 7h 13m 23s ago)
2016-06-02 22:19:18.099980 : # no-op
2016-06-02 22:19:18.100023 : mark_done data/person_mention
2016-06-02 22:19:18.100071 : ##############################################################################
2016-06-02 22:19:18.100120 
2016-06-02 22:19:18.100402 : ## process/init/relation/spouses_dbpedia #####################################
2016-06-02 22:19:18.100464 : # Done: 2016-05-23T15:08:28-0700 (10d 7h 10m 47s ago)
2016-06-02 22:19:18.100514 : process/init/relation/spouses_dbpedia/run.sh
2016-06-02 22:19:18.100562 : mark_done process/init/relation/spouses_dbpedia
2016-06-02 22:19:18.100611 : ##############################################################################
2016-06-02 22:19:18.100658 
2016-06-02 22:19:18.100703 : ## data/spouses_dbpedia ######################################################
2016-06-02 22:19:18.100794 : # Done: 2016-05-23T15:08:28-0700 (10d 7h 10m 47s ago)
2016-06-02 22:19:18.100919 : # no-op
2016-06-02 22:19:18.101172 : mark_done data/spouses_dbpedia
2016-06-02 22:19:18.101233 : ##############################################################################
2016-06-02 22:19:18.102611 
2016-06-02 22:19:18.102669 : ## process/ext_team_mention_by_map_team_mention ##############################
2016-06-02 22:19:18.102701 : # Done: 2016-05-23T15:06:19-0700 (10d 7h 12m 56s ago)
2016-06-02 22:19:18.102723 : process/ext_team_mention_by_map_team_mention/run.sh
2016-06-02 22:19:18.102744 : mark_done process/ext_team_mention_by_map_team_mention
2016-06-02 22:19:18.102763 : ##############################################################################
2016-06-02 22:19:18.102789 
2016-06-02 22:19:18.102810 : ## data/team_mention #########################################################
2016-06-02 22:19:18.102848 : # Done: 2016-05-23T15:06:19-0700 (10d 7h 12m 56s ago)
2016-06-02 22:19:18.102874 : # no-op
2016-06-02 22:19:18.102896 : mark_done data/team_mention
2016-06-02 22:19:18.102915 : ##############################################################################
2016-06-02 22:19:18.102937 
2016-06-02 22:19:18.102957 : ## process/ext_num_people ####################################################
2016-06-02 22:19:18.102977 : # Done: 2016-05-23T15:06:46-0700 (10d 7h 12m 29s ago)
2016-06-02 22:19:18.103016 : process/ext_num_people/run.sh
2016-06-02 22:19:18.103060 : mark_done process/ext_num_people
2016-06-02 22:19:18.103087 : ##############################################################################
2016-06-02 22:19:18.103110 
2016-06-02 22:19:18.103131 : ## data/num_people ###########################################################
2016-06-02 22:19:18.103153 : # Done: 2016-05-23T15:06:46-0700 (10d 7h 12m 29s ago)
2016-06-02 22:19:18.103176 : # no-op
2016-06-02 22:19:18.103198 : mark_done data/num_people
2016-06-02 22:19:18.103218 : ##############################################################################
2016-06-02 22:19:18.103262 
2016-06-02 22:19:18.103292 : ## process/ext_spouse_candidate ##############################################
2016-06-02 22:19:18.103316 : # Done: 2016-05-23T15:07:38-0700 (10d 7h 11m 37s ago)
2016-06-02 22:19:18.103339 : process/ext_spouse_candidate/run.sh
2016-06-02 22:19:18.103360 : mark_done process/ext_spouse_candidate
2016-06-02 22:19:18.103382 : ##############################################################################
2016-06-02 22:19:18.103411 
2016-06-02 22:19:18.103430 : ## data/spouse_candidate #####################################################
2016-06-02 22:19:18.103448 : # Done: 2016-05-23T15:07:38-0700 (10d 7h 11m 37s ago)
2016-06-02 22:19:18.103470 : # no-op
2016-06-02 22:19:18.103515 : mark_done data/spouse_candidate
2016-06-02 22:19:18.103549 : ##############################################################################
2016-06-02 22:19:18.103571 
2016-06-02 22:19:18.103590 : ## process/ext_spouse_label__0_by_supervise ##################################
2016-06-02 22:19:18.103612 : # Done: 2016-05-23T15:08:48-0700 (10d 7h 10m 27s ago)
2016-06-02 22:19:18.103633 : process/ext_spouse_label__0_by_supervise/run.sh
2016-06-02 22:19:18.103653 : mark_done process/ext_spouse_label__0_by_supervise
2016-06-02 22:19:18.103674 : ##############################################################################
2016-06-02 22:19:18.103695 
2016-06-02 22:19:18.103714 : ## data/spouse_label__0 ######################################################
2016-06-02 22:19:18.103732 : # Done: 2016-05-23T15:08:48-0700 (10d 7h 10m 27s ago)
2016-06-02 22:19:18.103754 : # no-op
2016-06-02 22:19:18.103775 : mark_done data/spouse_label__0
2016-06-02 22:19:18.103796 : ##############################################################################
2016-06-02 22:19:18.103817 
2016-06-02 22:19:18.103835 : ## process/ext_spouse_label ##################################################
2016-06-02 22:19:18.103858 : # Done: 2016-05-23T15:08:50-0700 (10d 7h 10m 25s ago)
2016-06-02 22:19:18.103878 : process/ext_spouse_label/run.sh
2016-06-02 22:19:18.103906 : mark_done process/ext_spouse_label
2016-06-02 22:19:18.103926 : ##############################################################################
2016-06-02 22:19:18.103946 
2016-06-02 22:19:18.103966 : ## data/spouse_label #########################################################
2016-06-02 22:19:18.103986 : # Done: 2016-05-23T15:08:50-0700 (10d 7h 10m 25s ago)
2016-06-02 22:19:18.104008 : # no-op
2016-06-02 22:19:18.104031 : mark_done data/spouse_label
2016-06-02 22:19:18.104052 : ##############################################################################
2016-06-02 22:19:18.104071 
2016-06-02 22:19:18.104090 : ## process/ext_spouse_label_resolved #########################################
2016-06-02 22:19:18.104117 : # Done: 2016-05-23T15:08:50-0700 (10d 7h 10m 25s ago)
2016-06-02 22:19:18.104138 : process/ext_spouse_label_resolved/run.sh
2016-06-02 22:19:18.104160 : mark_done process/ext_spouse_label_resolved
2016-06-02 22:19:18.104180 : ##############################################################################
2016-06-02 22:19:18.104198 
2016-06-02 22:19:18.104220 : ## data/spouse_label_resolved ################################################
2016-06-02 22:19:18.104240 : # Done: 2016-05-23T15:08:50-0700 (10d 7h 10m 25s ago)
2016-06-02 22:19:18.104260 : # no-op
2016-06-02 22:19:18.104281 : mark_done data/spouse_label_resolved
2016-06-02 22:19:18.104299 : ##############################################################################
2016-06-02 22:19:18.104322 
2016-06-02 22:19:18.104342 : ## process/init/relation/spouses_dbpedia_negative ############################
2016-06-02 22:19:18.104363 : # Done: 2016-05-25T12:13:43-0700 (8d 10h 5m 32s ago)
2016-06-02 22:19:18.104384 : process/init/relation/spouses_dbpedia_negative/run.sh
2016-06-02 22:19:18.104405 : mark_done process/init/relation/spouses_dbpedia_negative
2016-06-02 22:19:18.104425 : ##############################################################################
2016-06-02 22:19:18.104446 
2016-06-02 22:19:18.104467 : ## data/spouses_dbpedia_negative #############################################
2016-06-02 22:19:18.104486 : # Done: 2016-05-25T12:13:43-0700 (8d 10h 5m 33s ago)
2016-06-02 22:19:18.104507 : # no-op
2016-06-02 22:19:18.104529 : mark_done data/spouses_dbpedia_negative
2016-06-02 22:19:18.104550 : ##############################################################################
2016-06-02 22:19:18.104571 
2016-06-02 22:19:18.104593 : ## process/ext_has_spouse ####################################################
2016-06-02 22:19:18.104614 : # Done: 2016-05-29T12:10:14-0700 (4d 10h 9m 2s ago)
2016-06-02 22:19:18.104635 : process/ext_has_spouse/run.sh
2016-06-02 22:19:18.104658 : mark_done process/ext_has_spouse
2016-06-02 22:19:18.104679 : ##############################################################################
2016-06-02 22:19:18.104701 
2016-06-02 22:19:18.104723 : ## data/has_spouse ###########################################################
2016-06-02 22:19:18.104745 : # Done: 2016-05-29T12:10:14-0700 (4d 10h 9m 2s ago)
2016-06-02 22:19:18.104766 : # no-op
2016-06-02 22:19:18.104796 : mark_done data/has_spouse
2016-06-02 22:19:18.104819 : ##############################################################################
2016-06-02 22:19:18.104840 
2016-06-02 22:19:18.104861 : ## process/grounding/variable_id_partition ###################################
2016-06-02 22:19:18.104882 : # Done: 2016-05-30T23:28:10-0700 (2d 22h 51m 6s ago)
2016-06-02 22:19:18.104904 : process/grounding/variable_id_partition/run.sh
2016-06-02 22:19:18.104927 : mark_done process/grounding/variable_id_partition
2016-06-02 22:19:18.104948 : ##############################################################################
2016-06-02 22:19:18.104970 
2016-06-02 22:19:18.104991 : ## process/grounding/variable/has_spouse/assign_id ###########################
2016-06-02 22:19:18.105013 : # Done: 2016-05-30T23:28:10-0700 (2d 22h 51m 6s ago)
2016-06-02 22:19:18.105035 : process/grounding/variable/has_spouse/assign_id/run.sh
2016-06-02 22:19:18.105057 : mark_done process/grounding/variable/has_spouse/assign_id
2016-06-02 22:19:18.105077 : ##############################################################################
2016-06-02 22:19:18.105097 
2016-06-02 22:19:18.105118 : ## process/grounding/factor/inf1_istrue_has_spouse/materialize ###############
2016-06-02 22:19:18.105139 : # Done: 2016-05-30T23:28:10-0700 (2d 22h 51m 6s ago)
2016-06-02 22:19:18.105160 : process/grounding/factor/inf1_istrue_has_spouse/materialize/run.sh
2016-06-02 22:19:18.105185 : mark_done process/grounding/factor/inf1_istrue_has_spouse/materialize
2016-06-02 22:19:18.105207 : ##############################################################################
2016-06-02 22:19:18.105228 
2016-06-02 22:19:18.105249 : ## process/grounding/factor/inf_imply_has_spouse_has_spouse/materialize ######
2016-06-02 22:19:18.105270 : # Done: 2016-05-30T23:28:11-0700 (2d 22h 51m 5s ago)
2016-06-02 22:19:18.105291 : process/grounding/factor/inf_imply_has_spouse_has_spouse/materialize/run.sh
2016-06-02 22:19:18.105313 : mark_done process/grounding/factor/inf_imply_has_spouse_has_spouse/materialize
2016-06-02 22:19:18.105334 : ##############################################################################
2016-06-02 22:19:18.105357 
2016-06-02 22:19:18.105380 : ## process/ext_spouse_feature_by_extract_spouse_features #####################
2016-06-02 22:19:18.105403 : # Done: 2016-05-23T15:08:09-0700 (10d 7h 11m 7s ago)
2016-06-02 22:19:18.105426 : process/ext_spouse_feature_by_extract_spouse_features/run.sh
2016-06-02 22:19:18.105462 : mark_done process/ext_spouse_feature_by_extract_spouse_features
2016-06-02 22:19:18.105489 : ##############################################################################
2016-06-02 22:19:18.105512 
2016-06-02 22:19:18.105535 : ## data/spouse_feature #######################################################
2016-06-02 22:19:18.105572 : # Done: 2016-05-23T15:08:09-0700 (10d 7h 11m 7s ago)
2016-06-02 22:19:18.105599 : # no-op
2016-06-02 22:19:18.105622 : mark_done data/spouse_feature
2016-06-02 22:19:18.105645 : ##############################################################################
2016-06-02 22:19:18.105666 
2016-06-02 22:19:18.105704 : ## process/grounding/factor/inf_istrue_has_spouse/materialize ################
2016-06-02 22:19:18.105742 : # Done: 2016-05-30T23:28:12-0700 (2d 22h 51m 4s ago)
2016-06-02 22:19:18.105766 : process/grounding/factor/inf_istrue_has_spouse/materialize/run.sh
2016-06-02 22:19:18.105788 : mark_done process/grounding/factor/inf_istrue_has_spouse/materialize
2016-06-02 22:19:18.105806 : ##############################################################################
2016-06-02 22:19:18.105827 
2016-06-02 22:19:18.105848 : ## process/grounding/weight_id_partition #####################################
2016-06-02 22:19:18.105870 : # Done: 2016-05-30T23:28:12-0700 (2d 22h 51m 4s ago)
2016-06-02 22:19:18.105893 : process/grounding/weight_id_partition/run.sh
2016-06-02 22:19:18.105915 : mark_done process/grounding/weight_id_partition
2016-06-02 22:19:18.105936 : ##############################################################################
2016-06-02 22:19:18.105958 
2016-06-02 22:19:18.105980 : ## process/grounding/factor/inf1_istrue_has_spouse/assign_weight_id ##########
2016-06-02 22:19:18.106003 : # Done: 2016-05-30T23:28:12-0700 (2d 22h 51m 4s ago)
2016-06-02 22:19:18.106024 : process/grounding/factor/inf1_istrue_has_spouse/assign_weight_id/run.sh
2016-06-02 22:19:18.106046 : mark_done process/grounding/factor/inf1_istrue_has_spouse/assign_weight_id
2016-06-02 22:19:18.106069 : ##############################################################################
2016-06-02 22:19:18.106091 
2016-06-02 22:19:18.106112 : ## process/grounding/factor/inf1_istrue_has_spouse/dump ######################
2016-06-02 22:19:18.106133 : # Done: 2016-05-30T23:28:14-0700 (2d 22h 51m 2s ago)
2016-06-02 22:19:18.106154 : process/grounding/factor/inf1_istrue_has_spouse/dump/run.sh
2016-06-02 22:19:18.106175 : mark_done process/grounding/factor/inf1_istrue_has_spouse/dump
2016-06-02 22:19:18.106196 : ##############################################################################
2016-06-02 22:19:18.106217 
2016-06-02 22:19:18.106239 : ## process/grounding/factor/inf1_istrue_has_spouse/dump_weights ##############
2016-06-02 22:19:18.106259 : # Done: 2016-05-30T23:28:14-0700 (2d 22h 51m 2s ago)
2016-06-02 22:19:18.106282 : process/grounding/factor/inf1_istrue_has_spouse/dump_weights/run.sh
2016-06-02 22:19:18.106302 : mark_done process/grounding/factor/inf1_istrue_has_spouse/dump_weights
2016-06-02 22:19:18.106321 : ##############################################################################
2016-06-02 22:19:18.106339 
2016-06-02 22:19:18.106362 : ## process/grounding/factor/inf_imply_has_spouse_has_spouse/assign_weight_id #
2016-06-02 22:19:18.106381 : # Done: 2016-05-30T23:28:14-0700 (2d 22h 51m 2s ago)
2016-06-02 22:19:18.106398 : process/grounding/factor/inf_imply_has_spouse_has_spouse/assign_weight_id/run.sh
2016-06-02 22:19:18.106415 : mark_done process/grounding/factor/inf_imply_has_spouse_has_spouse/assign_weight_id
2016-06-02 22:19:18.106432 : ##############################################################################
2016-06-02 22:19:18.106449 
2016-06-02 22:19:18.106468 : ## process/grounding/factor/inf_imply_has_spouse_has_spouse/dump #############
2016-06-02 22:19:18.106486 : # Done: 2016-05-30T23:28:15-0700 (2d 22h 51m 1s ago)
2016-06-02 22:19:18.106504 : process/grounding/factor/inf_imply_has_spouse_has_spouse/dump/run.sh
2016-06-02 22:19:18.106521 : mark_done process/grounding/factor/inf_imply_has_spouse_has_spouse/dump
2016-06-02 22:19:18.106537 : ##############################################################################
2016-06-02 22:19:18.106556 
2016-06-02 22:19:18.106574 : ## process/grounding/factor/inf_imply_has_spouse_has_spouse/dump_weights #####
2016-06-02 22:19:18.106592 : # Done: 2016-05-30T23:28:15-0700 (2d 22h 51m 1s ago)
2016-06-02 22:19:18.106634 : process/grounding/factor/inf_imply_has_spouse_has_spouse/dump_weights/run.sh
2016-06-02 22:19:18.106670 : mark_done process/grounding/factor/inf_imply_has_spouse_has_spouse/dump_weights
2016-06-02 22:19:18.106707 : ##############################################################################
2016-06-02 22:19:18.106729 
2016-06-02 22:19:18.106748 : ## process/grounding/factor/inf_istrue_has_spouse/assign_weight_id ###########
2016-06-02 22:19:18.106766 : # Done: 2016-05-30T23:28:15-0700 (2d 22h 51m 1s ago)
2016-06-02 22:19:18.106783 : process/grounding/factor/inf_istrue_has_spouse/assign_weight_id/run.sh
2016-06-02 22:19:18.106802 : mark_done process/grounding/factor/inf_istrue_has_spouse/assign_weight_id
2016-06-02 22:19:18.106822 : ##############################################################################
2016-06-02 22:19:18.106840 
2016-06-02 22:19:18.106857 : ## process/grounding/factor/inf_istrue_has_spouse/dump #######################
2016-06-02 22:19:18.106873 : # Done: 2016-05-30T23:28:17-0700 (2d 22h 50m 59s ago)
2016-06-02 22:19:18.106889 : process/grounding/factor/inf_istrue_has_spouse/dump/run.sh
2016-06-02 22:19:18.106907 : mark_done process/grounding/factor/inf_istrue_has_spouse/dump
2016-06-02 22:19:18.106927 : ##############################################################################
2016-06-02 22:19:18.106946 
2016-06-02 22:19:18.106966 : ## process/grounding/factor/inf_istrue_has_spouse/dump_weights ###############
2016-06-02 22:19:18.106985 : # Done: 2016-05-30T23:28:17-0700 (2d 22h 50m 59s ago)
2016-06-02 22:19:18.107005 : process/grounding/factor/inf_istrue_has_spouse/dump_weights/run.sh
2016-06-02 22:19:18.107024 : mark_done process/grounding/factor/inf_istrue_has_spouse/dump_weights
2016-06-02 22:19:18.107044 : ##############################################################################
2016-06-02 22:19:18.107065 
2016-06-02 22:19:18.107084 : ## process/grounding/global_weight_table #####################################
2016-06-02 22:19:18.107105 : # Done: 2016-05-30T23:28:17-0700 (2d 22h 50m 59s ago)
2016-06-02 22:19:18.107126 : process/grounding/global_weight_table/run.sh
2016-06-02 22:19:18.107146 : mark_done process/grounding/global_weight_table
2016-06-02 22:19:18.107167 : ##############################################################################
2016-06-02 22:19:18.107189 
2016-06-02 22:19:18.107210 : ## process/grounding/variable_holdout ########################################
2016-06-02 22:19:18.107230 : # Done: 2016-05-30T23:28:18-0700 (2d 22h 50m 58s ago)
2016-06-02 22:19:18.107251 : process/grounding/variable_holdout/run.sh
2016-06-02 22:19:18.107272 : mark_done process/grounding/variable_holdout
2016-06-02 22:19:18.107292 : ##############################################################################
2016-06-02 22:19:18.107313 
2016-06-02 22:19:18.107332 : ## process/grounding/variable/has_spouse/dump ################################
2016-06-02 22:19:18.107355 : # Done: 2016-05-30T23:28:18-0700 (2d 22h 50m 58s ago)
2016-06-02 22:19:18.107375 : process/grounding/variable/has_spouse/dump/run.sh
2016-06-02 22:19:18.107396 : mark_done process/grounding/variable/has_spouse/dump
2016-06-02 22:19:18.107417 : ##############################################################################
2016-06-02 22:19:18.107437 
2016-06-02 22:19:18.107456 : ## process/grounding/combine_factorgraph #####################################
2016-06-02 22:19:18.107478 : # Done: 2016-05-30T23:28:18-0700 (2d 22h 50m 58s ago)
2016-06-02 22:19:18.107499 : process/grounding/combine_factorgraph/run.sh
2016-06-02 22:19:18.107519 : mark_done process/grounding/combine_factorgraph
2016-06-02 22:19:18.107539 : ##############################################################################
2016-06-02 22:19:18.107559 
2016-06-02 22:19:18.107580 : ## model/factorgraph #########################################################
2016-06-02 22:19:18.107603 : # Done: 2016-05-30T23:28:34-0700 (2d 22h 50m 42s ago)
2016-06-02 22:19:18.107625 : mark_done model/factorgraph
2016-06-02 22:19:18.107645 : ##############################################################################
2016-06-02 22:19:18.107696 
2016-06-02 22:19:18.107726 : ## process/model/learning ####################################################
2016-06-02 22:19:18.107748 : # Done: 2016-05-30T23:28:48-0700 (2d 22h 50m 28s ago)
2016-06-02 22:19:18.107770 : process/model/learning/run.sh
2016-06-02 22:19:18.107811 : mark_done process/model/learning
2016-06-02 22:19:18.107837 : ##############################################################################
2016-06-02 22:19:18.107860 
2016-06-02 22:19:18.107884 : ## model/weights #############################################################
2016-06-02 22:19:18.107906 : # Done: 2016-05-30T23:28:48-0700 (2d 22h 50m 28s ago)
2016-06-02 22:19:18.107930 : mark_done model/weights
2016-06-02 22:19:18.107953 : ##############################################################################
2016-06-02 22:19:18.107974 
2016-06-02 22:19:18.107996 : ## process/model/inference ###################################################
2016-06-02 22:19:18.108015 : # Done: 2016-05-30T23:29:55-0700 (2d 22h 49m 21s ago)
2016-06-02 22:19:18.108034 : process/model/inference/run.sh
2016-06-02 22:19:18.108055 : mark_done process/model/inference
2016-06-02 22:19:18.108077 : ##############################################################################
2016-06-02 22:19:18.108097 
2016-06-02 22:19:18.108118 : ## model/probabilities #######################################################
2016-06-02 22:19:18.108138 : # Done: 2016-05-30T23:29:55-0700 (2d 22h 49m 21s ago)
2016-06-02 22:19:18.108159 : mark_done model/probabilities
2016-06-02 22:19:18.108180 : ##############################################################################
2016-06-02 22:19:18.108201 
2016-06-02 22:19:18.108221 : ## process/model/load_probabilities ##########################################
2016-06-02 22:19:18.108241 : # Done: 2016-06-02T22:17:17-0700 (1m 59s ago)
2016-06-02 22:19:18.108262 : process/model/load_probabilities/run.sh
2016-06-02 22:19:18.108284 : mark_done process/model/load_probabilities
2016-06-02 22:19:18.108305 : ##############################################################################
2016-06-02 22:19:18.108324 
2016-06-02 22:19:18.108345 : ## data/model/probabilities ##################################################
2016-06-02 22:19:18.108366 : # Done: 2016-06-02T22:17:17-0700 (1m 59s ago)
2016-06-02 22:19:18.108482 : # no-op
2016-06-02 22:19:18.108515 : mark_done data/model/probabilities
2016-06-02 22:19:18.108537 : ##############################################################################
2016-06-02 22:19:18.108560 
2016-06-02 22:19:18.108584 ## process/model/calibration #################################################
2016-06-02 22:19:18.108603 : # Done: 2016-05-30T23:34:25-0700 (2d 22h 44m 51s ago)
2016-06-02 22:19:18.108624 # Done: 2016-05-30T23:34:25-0700 (2d 22h 44m 50s ago)
2016-06-02 22:19:18.108646 process/model/calibration/run.sh
2016-06-02 22:19:18.108664 ++ dirname process/model/calibration/run.sh
2016-06-02 22:19:18.108685 + cd process/model/calibration
2016-06-02 22:19:18.108706 + export DEEPDIVE_CURRENT_PROCESS_NAME=process/model/calibration
2016-06-02 22:19:18.108724 + DEEPDIVE_CURRENT_PROCESS_NAME=process/model/calibration
2016-06-02 22:19:18.108743 + d=../../../model/calibration-plots
2016-06-02 22:19:18.108761 + mkdir -p ../../../model/calibration-plots
2016-06-02 22:19:18.108780 + cd ../../../model/calibration-plots
2016-06-02 22:19:18.108812 + extraOutput=/Users/emerson/Documents/Github/deepdive/examples/coach_nba/run/20160602/221915.313884000/calibration
2016-06-02 22:19:18.108844 + mkdir -p /Users/emerson/Documents/Github/deepdive/examples/coach_nba/run/20160602/221915.313884000/calibration
2016-06-02 22:19:18.108864 + DEEPDIVE_CALIBRATION_NUM_BUCKETS=10
2016-06-02 22:19:18.108881 + deepdive db create_calibration_view has_spouse label
2016-06-02 22:19:18.297548 CREATE VIEW
2016-06-02 22:19:18.299168 + draw_calibration_plot has_spouse label
2016-06-02 22:19:18.723055 + cp -a has_spouse_label.png has_spouse_label.tsv /Users/emerson/Documents/Github/deepdive/examples/coach_nba/run/20160602/221915.313884000/calibration/
2016-06-02 22:19:18.753666 mark_done process/model/calibration
2016-06-02 22:19:18.780477 ##############################################################################
2016-06-02 22:19:18.780623 
2016-06-02 22:19:18.780720 ## model/calibration-plots ###################################################
2016-06-02 22:19:18.780787 : # Done: 2016-05-30T23:34:25-0700 (2d 22h 44m 51s ago)
2016-06-02 22:19:18.780842 # Done: 2016-05-30T23:34:25-0700 (2d 22h 44m 50s ago)
2016-06-02 22:19:18.780876 mark_done model/calibration-plots
2016-06-02 22:19:18.801043 ##############################################################################
2016-06-02 22:19:18.801106 
