2016-05-30 23:28:09.954335 # on dhcp-169-233-170-85.cruznet.ucsc.edu: deepdive do process/grounding/variable_id_partition process/grounding/combine_factorgraph
2016-05-30 23:28:09.954682 # run/20160530/232807.173484000/plan.sh
2016-05-30 23:28:09.954718 # execution plan for process/grounding/variable_id_partition process/grounding/combine_factorgraph
2016-05-30 23:28:09.954743 
2016-05-30 23:28:09.954766 : ## process/init/app ##########################################################
2016-05-30 23:28:09.954788 : # Done: 2016-05-22T17:21:25-0700 (8d 6h 6m 42s ago)
2016-05-30 23:28:09.954809 : process/init/app/run.sh
2016-05-30 23:28:09.954829 : mark_done process/init/app
2016-05-30 23:28:09.954849 : ##############################################################################
2016-05-30 23:28:09.954870 
2016-05-30 23:28:09.954891 : ## process/init/relation/articles ############################################
2016-05-30 23:28:09.954913 : # Done: 2016-05-23T12:16:43-0700 (7d 11h 11m 24s ago)
2016-05-30 23:28:09.954935 : process/init/relation/articles/run.sh
2016-05-30 23:28:09.954957 : mark_done process/init/relation/articles
2016-05-30 23:28:09.954979 : ##############################################################################
2016-05-30 23:28:09.955000 
2016-05-30 23:28:09.955022 : ## data/articles #############################################################
2016-05-30 23:28:09.955042 : # Done: 2016-05-23T12:16:43-0700 (7d 11h 11m 24s ago)
2016-05-30 23:28:09.955063 : # no-op
2016-05-30 23:28:09.955085 : mark_done data/articles
2016-05-30 23:28:09.955107 : ##############################################################################
2016-05-30 23:28:09.955128 
2016-05-30 23:28:09.955149 : ## process/ext_sentences_by_nlp_markup #######################################
2016-05-30 23:28:09.955171 : # Done: 2016-05-23T15:05:01-0700 (7d 8h 23m 6s ago)
2016-05-30 23:28:09.955191 : process/ext_sentences_by_nlp_markup/run.sh
2016-05-30 23:28:09.955212 : mark_done process/ext_sentences_by_nlp_markup
2016-05-30 23:28:09.955231 : ##############################################################################
2016-05-30 23:28:09.955250 
2016-05-30 23:28:09.955269 : ## data/sentences ############################################################
2016-05-30 23:28:09.955289 : # Done: 2016-05-23T15:05:01-0700 (7d 8h 23m 6s ago)
2016-05-30 23:28:09.955309 : # no-op
2016-05-30 23:28:09.955329 : mark_done data/sentences
2016-05-30 23:28:09.955351 : ##############################################################################
2016-05-30 23:28:09.955371 
2016-05-30 23:28:09.955390 : ## process/ext_person_mention_by_map_person_mention ##########################
2016-05-30 23:28:09.955410 : # Done: 2016-05-23T15:05:52-0700 (7d 8h 22m 15s ago)
2016-05-30 23:28:09.955429 : process/ext_person_mention_by_map_person_mention/run.sh
2016-05-30 23:28:09.955487 : mark_done process/ext_person_mention_by_map_person_mention
2016-05-30 23:28:09.955522 : ##############################################################################
2016-05-30 23:28:09.955548 
2016-05-30 23:28:09.955571 : ## data/person_mention #######################################################
2016-05-30 23:28:09.955593 : # Done: 2016-05-23T15:05:52-0700 (7d 8h 22m 15s ago)
2016-05-30 23:28:09.955613 : # no-op
2016-05-30 23:28:09.955634 : mark_done data/person_mention
2016-05-30 23:28:09.955655 : ##############################################################################
2016-05-30 23:28:09.955676 
2016-05-30 23:28:09.955696 : ## process/ext_num_people ####################################################
2016-05-30 23:28:09.955718 : # Done: 2016-05-23T15:06:46-0700 (7d 8h 21m 21s ago)
2016-05-30 23:28:09.955739 : process/ext_num_people/run.sh
2016-05-30 23:28:09.955759 : mark_done process/ext_num_people
2016-05-30 23:28:09.955779 : ##############################################################################
2016-05-30 23:28:09.955799 
2016-05-30 23:28:09.955820 : ## data/num_people ###########################################################
2016-05-30 23:28:09.955841 : # Done: 2016-05-23T15:06:46-0700 (7d 8h 21m 21s ago)
2016-05-30 23:28:09.955861 : # no-op
2016-05-30 23:28:09.955881 : mark_done data/num_people
2016-05-30 23:28:09.955902 : ##############################################################################
2016-05-30 23:28:09.955924 
2016-05-30 23:28:09.955961 : ## process/ext_team_mention_by_map_team_mention ##############################
2016-05-30 23:28:09.955997 : # Done: 2016-05-23T15:06:19-0700 (7d 8h 21m 48s ago)
2016-05-30 23:28:09.956023 : process/ext_team_mention_by_map_team_mention/run.sh
2016-05-30 23:28:09.956045 : mark_done process/ext_team_mention_by_map_team_mention
2016-05-30 23:28:09.956067 : ##############################################################################
2016-05-30 23:28:09.956088 
2016-05-30 23:28:09.956107 : ## data/team_mention #########################################################
2016-05-30 23:28:09.956127 : # Done: 2016-05-23T15:06:19-0700 (7d 8h 21m 48s ago)
2016-05-30 23:28:09.956149 : # no-op
2016-05-30 23:28:09.956171 : mark_done data/team_mention
2016-05-30 23:28:09.956193 : ##############################################################################
2016-05-30 23:28:09.956215 
2016-05-30 23:28:09.956236 : ## process/ext_spouse_candidate ##############################################
2016-05-30 23:28:09.956257 : # Done: 2016-05-23T15:07:38-0700 (7d 8h 20m 29s ago)
2016-05-30 23:28:09.956277 : process/ext_spouse_candidate/run.sh
2016-05-30 23:28:09.956296 : mark_done process/ext_spouse_candidate
2016-05-30 23:28:09.956316 : ##############################################################################
2016-05-30 23:28:09.956336 
2016-05-30 23:28:09.956356 : ## data/spouse_candidate #####################################################
2016-05-30 23:28:09.956376 : # Done: 2016-05-23T15:07:38-0700 (7d 8h 20m 29s ago)
2016-05-30 23:28:09.956398 : # no-op
2016-05-30 23:28:09.956417 : mark_done data/spouse_candidate
2016-05-30 23:28:09.956439 : ##############################################################################
2016-05-30 23:28:09.956461 
2016-05-30 23:28:09.956481 : ## process/ext_spouse_label__0_by_supervise ##################################
2016-05-30 23:28:09.956501 : # Done: 2016-05-23T15:08:48-0700 (7d 8h 19m 19s ago)
2016-05-30 23:28:09.956520 : process/ext_spouse_label__0_by_supervise/run.sh
2016-05-30 23:28:09.956576 : mark_done process/ext_spouse_label__0_by_supervise
2016-05-30 23:28:09.956597 : ##############################################################################
2016-05-30 23:28:09.956618 
2016-05-30 23:28:09.956664 : ## data/spouse_label__0 ######################################################
2016-05-30 23:28:09.956690 : # Done: 2016-05-23T15:08:48-0700 (7d 8h 19m 20s ago)
2016-05-30 23:28:09.956712 : # no-op
2016-05-30 23:28:09.956732 : mark_done data/spouse_label__0
2016-05-30 23:28:09.956753 : ##############################################################################
2016-05-30 23:28:09.956774 
2016-05-30 23:28:09.956832 : ## process/init/relation/spouses_dbpedia #####################################
2016-05-30 23:28:09.956871 : # Done: 2016-05-23T15:08:28-0700 (7d 8h 19m 40s ago)
2016-05-30 23:28:09.956895 : process/init/relation/spouses_dbpedia/run.sh
2016-05-30 23:28:09.956916 : mark_done process/init/relation/spouses_dbpedia
2016-05-30 23:28:09.956938 : ##############################################################################
2016-05-30 23:28:09.956959 
2016-05-30 23:28:09.956980 : ## data/spouses_dbpedia ######################################################
2016-05-30 23:28:09.957003 : # Done: 2016-05-23T15:08:28-0700 (7d 8h 19m 40s ago)
2016-05-30 23:28:09.957024 : # no-op
2016-05-30 23:28:09.957045 : mark_done data/spouses_dbpedia
2016-05-30 23:28:09.957067 : ##############################################################################
2016-05-30 23:28:09.957087 
2016-05-30 23:28:09.957108 : ## process/ext_spouse_label ##################################################
2016-05-30 23:28:09.957130 : # Done: 2016-05-23T15:08:50-0700 (7d 8h 19m 18s ago)
2016-05-30 23:28:09.957151 : process/ext_spouse_label/run.sh
2016-05-30 23:28:09.957172 : mark_done process/ext_spouse_label
2016-05-30 23:28:09.957193 : ##############################################################################
2016-05-30 23:28:09.957214 
2016-05-30 23:28:09.957236 : ## data/spouse_label #########################################################
2016-05-30 23:28:09.957257 : # Done: 2016-05-23T15:08:50-0700 (7d 8h 19m 18s ago)
2016-05-30 23:28:09.957277 : # no-op
2016-05-30 23:28:09.957299 : mark_done data/spouse_label
2016-05-30 23:28:09.957320 : ##############################################################################
2016-05-30 23:28:09.957342 
2016-05-30 23:28:09.957364 : ## process/ext_spouse_label_resolved #########################################
2016-05-30 23:28:09.957384 : # Done: 2016-05-23T15:08:50-0700 (7d 8h 19m 18s ago)
2016-05-30 23:28:09.957405 : process/ext_spouse_label_resolved/run.sh
2016-05-30 23:28:09.957426 : mark_done process/ext_spouse_label_resolved
2016-05-30 23:28:09.957447 : ##############################################################################
2016-05-30 23:28:09.957467 
2016-05-30 23:28:09.957488 : ## data/spouse_label_resolved ################################################
2016-05-30 23:28:09.957510 : # Done: 2016-05-23T15:08:50-0700 (7d 8h 19m 18s ago)
2016-05-30 23:28:09.957530 : # no-op
2016-05-30 23:28:09.957552 : mark_done data/spouse_label_resolved
2016-05-30 23:28:09.957573 : ##############################################################################
2016-05-30 23:28:09.957593 
2016-05-30 23:28:09.957612 : ## process/init/relation/spouses_dbpedia_negative ############################
2016-05-30 23:28:09.957632 : # Done: 2016-05-25T12:13:43-0700 (5d 11h 14m 25s ago)
2016-05-30 23:28:09.957653 : process/init/relation/spouses_dbpedia_negative/run.sh
2016-05-30 23:28:09.957674 : mark_done process/init/relation/spouses_dbpedia_negative
2016-05-30 23:28:09.957720 : ##############################################################################
2016-05-30 23:28:09.957755 
2016-05-30 23:28:09.957781 : ## data/spouses_dbpedia_negative #############################################
2016-05-30 23:28:09.957804 : # Done: 2016-05-25T12:13:43-0700 (5d 11h 14m 25s ago)
2016-05-30 23:28:09.957840 : # no-op
2016-05-30 23:28:09.957868 : mark_done data/spouses_dbpedia_negative
2016-05-30 23:28:09.957892 : ##############################################################################
2016-05-30 23:28:09.957916 
2016-05-30 23:28:09.957938 : ## process/ext_has_spouse ####################################################
2016-05-30 23:28:09.957962 : # Done: 2016-05-29T12:10:14-0700 (1d 11h 17m 54s ago)
2016-05-30 23:28:09.957986 : process/ext_has_spouse/run.sh
2016-05-30 23:28:09.958008 : mark_done process/ext_has_spouse
2016-05-30 23:28:09.958030 : ##############################################################################
2016-05-30 23:28:09.958053 
2016-05-30 23:28:09.958076 : ## data/has_spouse ###########################################################
2016-05-30 23:28:09.958098 : # Done: 2016-05-29T12:10:14-0700 (1d 11h 17m 54s ago)
2016-05-30 23:28:09.958121 : # no-op
2016-05-30 23:28:09.958143 : mark_done data/has_spouse
2016-05-30 23:28:09.958166 : ##############################################################################
2016-05-30 23:28:09.958189 
2016-05-30 23:28:09.958211 ## process/grounding/variable_id_partition ###################################
2016-05-30 23:28:09.958230 : # Done: 2016-05-30T23:27:32-0700 (36s ago)
2016-05-30 23:28:09.958253 # Done: 2016-05-30T23:27:32-0700 (35s ago)
2016-05-30 23:28:09.958276 process/grounding/variable_id_partition/run.sh
2016-05-30 23:28:09.958298 ++ dirname process/grounding/variable_id_partition/run.sh
2016-05-30 23:28:09.958320 + cd process/grounding/variable_id_partition
2016-05-30 23:28:09.958342 + export DEEPDIVE_CURRENT_PROCESS_NAME=process/grounding/variable_id_partition
2016-05-30 23:28:09.958364 + DEEPDIVE_CURRENT_PROCESS_NAME=process/grounding/variable_id_partition
2016-05-30 23:28:09.958387 + : /Users/emerson/Documents/Github/deepdive/examples/coach_nba/run/model/grounding
2016-05-30 23:28:09.958410 + RANGE_BEGIN=0
2016-05-30 23:28:09.958432 + partition_id_range has_spouse
2016-05-30 23:28:09.958454 + variableCountTotal=0
2016-05-30 23:28:09.958476 + read table begin excludeEnd
2016-05-30 23:28:10.017640 + varPath=/Users/emerson/Documents/Github/deepdive/examples/coach_nba/run/model/grounding/variable/has_spouse
2016-05-30 23:28:10.017712 + mkdir -p /Users/emerson/Documents/Github/deepdive/examples/coach_nba/run/model/grounding/variable/has_spouse
2016-05-30 23:28:10.021250 + cd /Users/emerson/Documents/Github/deepdive/examples/coach_nba/run/model/grounding/variable/has_spouse
2016-05-30 23:28:10.021304 + echo 0
2016-05-30 23:28:10.022948 + echo 3211
2016-05-30 23:28:10.027616 + echo 3211
2016-05-30 23:28:10.033732 + variableCountTotal=3211
2016-05-30 23:28:10.033815 + read table begin excludeEnd
2016-05-30 23:28:10.033850 + echo 3211
2016-05-30 23:28:10.035730 mark_done process/grounding/variable_id_partition
2016-05-30 23:28:10.057524 ##############################################################################
2016-05-30 23:28:10.057614 
2016-05-30 23:28:10.057649 ## process/grounding/variable/has_spouse/assign_id ###########################
2016-05-30 23:28:10.057672 : # Done: 2016-05-30T23:27:32-0700 (36s ago)
2016-05-30 23:28:10.057692 # Done: 2016-05-30T23:27:32-0700 (35s ago)
2016-05-30 23:28:10.057712 process/grounding/variable/has_spouse/assign_id/run.sh
2016-05-30 23:28:10.065834 ++ dirname process/grounding/variable/has_spouse/assign_id/run.sh
2016-05-30 23:28:10.068936 + cd process/grounding/variable/has_spouse/assign_id
2016-05-30 23:28:10.069089 + export DEEPDIVE_CURRENT_PROCESS_NAME=process/grounding/variable/has_spouse/assign_id
2016-05-30 23:28:10.069122 + DEEPDIVE_CURRENT_PROCESS_NAME=process/grounding/variable/has_spouse/assign_id
2016-05-30 23:28:10.069147 + : /Users/emerson/Documents/Github/deepdive/examples/coach_nba/run/model/grounding
2016-05-30 23:28:10.069172 + table=has_spouse
2016-05-30 23:28:10.069196 + cd /Users/emerson/Documents/Github/deepdive/examples/coach_nba/run/model/grounding/variable/has_spouse
2016-05-30 23:28:10.070029 ++ cat id_begin
2016-05-30 23:28:10.077527 + baseId=0
2016-05-30 23:28:10.077607 + deepdive db assign_sequential_id has_spouse id 0
2016-05-30 23:28:10.158008 NOTICE:  sequence "dd_seq_has_spouse_id" does not exist, skipping
2016-05-30 23:28:10.171455 UPDATE 3211
2016-05-30 23:28:10.173359 mark_done process/grounding/variable/has_spouse/assign_id
2016-05-30 23:28:10.190583 ##############################################################################
2016-05-30 23:28:10.190683 
2016-05-30 23:28:10.190722 ## process/grounding/factor/inf1_istrue_has_spouse/materialize ###############
2016-05-30 23:28:10.190745 : # Done: 2016-05-30T23:27:32-0700 (36s ago)
2016-05-30 23:28:10.190766 # Done: 2016-05-30T23:27:32-0700 (35s ago)
2016-05-30 23:28:10.190788 process/grounding/factor/inf1_istrue_has_spouse/materialize/run.sh
2016-05-30 23:28:10.200913 ++ dirname process/grounding/factor/inf1_istrue_has_spouse/materialize/run.sh
2016-05-30 23:28:10.204201 + cd process/grounding/factor/inf1_istrue_has_spouse/materialize
2016-05-30 23:28:10.204356 + export DEEPDIVE_CURRENT_PROCESS_NAME=process/grounding/factor/inf1_istrue_has_spouse/materialize
2016-05-30 23:28:10.204416 + DEEPDIVE_CURRENT_PROCESS_NAME=process/grounding/factor/inf1_istrue_has_spouse/materialize
2016-05-30 23:28:10.204447 + : /Users/emerson/Documents/Github/deepdive/examples/coach_nba/run/model/grounding
2016-05-30 23:28:10.204526 + deepdive create table dd_factors_inf1_istrue_has_spouse as '
2016-05-30 23:28:10.204558           SELECT R0.id AS "has_spouse.R0.id" 
2016-05-30 23:28:10.204581           FROM has_spouse R0, person_mention R1, team_mention R2, spouses_dbpedia R3
2016-05-30 23:28:10.204602         WHERE R1.mention_id = R0.p_id  AND R2.team_id = R0.t_id  AND R3.p_name = R1.mention_text  AND R3.t_name = R2.team_text '
2016-05-30 23:28:10.413307 SELECT 312
2016-05-30 23:28:10.414838 + deepdive create table dd_weights_inf1_istrue_has_spouse as 'SELECT true AS "isfixed"
2016-05-30 23:28:10.414904      , 3 AS "initvalue"
2016-05-30 23:28:10.414927      , -1 AS "id"'
2016-05-30 23:28:10.614711 SELECT 1
2016-05-30 23:28:10.615951 mark_done process/grounding/factor/inf1_istrue_has_spouse/materialize
2016-05-30 23:28:10.632344 ##############################################################################
2016-05-30 23:28:10.632399 
2016-05-30 23:28:10.632419 ## process/grounding/factor/inf_imply_has_spouse_has_spouse/materialize ######
2016-05-30 23:28:10.632441 : # Done: 2016-05-30T23:27:33-0700 (35s ago)
2016-05-30 23:28:10.632463 # Done: 2016-05-30T23:27:33-0700 (34s ago)
2016-05-30 23:28:10.632482 process/grounding/factor/inf_imply_has_spouse_has_spouse/materialize/run.sh
2016-05-30 23:28:10.638495 ++ dirname process/grounding/factor/inf_imply_has_spouse_has_spouse/materialize/run.sh
2016-05-30 23:28:10.641584 + cd process/grounding/factor/inf_imply_has_spouse_has_spouse/materialize
2016-05-30 23:28:10.641843 + export DEEPDIVE_CURRENT_PROCESS_NAME=process/grounding/factor/inf_imply_has_spouse_has_spouse/materialize
2016-05-30 23:28:10.641900 + DEEPDIVE_CURRENT_PROCESS_NAME=process/grounding/factor/inf_imply_has_spouse_has_spouse/materialize
2016-05-30 23:28:10.641935 + : /Users/emerson/Documents/Github/deepdive/examples/coach_nba/run/model/grounding
2016-05-30 23:28:10.642074 + deepdive create table dd_factors_inf_imply_has_spouse_has_spouse as '
2016-05-30 23:28:10.642120           SELECT R0.id AS "has_spouse.R0.id" , R1.id AS "has_spouse.R1.id" 
2016-05-30 23:28:10.642143           FROM has_spouse R0, has_spouse R1, spouse_candidate R2, spouse_candidate R3, spouse_candidate R4
2016-05-30 23:28:10.642165         WHERE R1.p_id = R0.p_id  AND R1.t_id = R0.t_id  AND R2.p_id = R0.p_id  AND R2.t_id = R0.t_id  AND R3.t_id = R0.t_id  AND R4.p_id = R0.p_id '
2016-05-30 23:28:10.886751 SELECT 11115
2016-05-30 23:28:10.888197 + deepdive create table dd_weights_inf_imply_has_spouse_has_spouse as 'SELECT true AS "isfixed"
2016-05-30 23:28:10.888273      , -1 AS "initvalue"
2016-05-30 23:28:10.888313      , -1 AS "id"'
2016-05-30 23:28:11.085523 SELECT 1
2016-05-30 23:28:11.086849 mark_done process/grounding/factor/inf_imply_has_spouse_has_spouse/materialize
2016-05-30 23:28:11.104086 ##############################################################################
2016-05-30 23:28:11.104226 
2016-05-30 23:28:11.104259 : ## process/ext_spouse_feature_by_extract_spouse_features #####################
2016-05-30 23:28:11.104282 : # Done: 2016-05-23T15:08:09-0700 (7d 8h 19m 59s ago)
2016-05-30 23:28:11.104304 : process/ext_spouse_feature_by_extract_spouse_features/run.sh
2016-05-30 23:28:11.104349 : mark_done process/ext_spouse_feature_by_extract_spouse_features
2016-05-30 23:28:11.104385 : ##############################################################################
2016-05-30 23:28:11.104405 
2016-05-30 23:28:11.104426 : ## data/spouse_feature #######################################################
2016-05-30 23:28:11.104449 : # Done: 2016-05-23T15:08:09-0700 (7d 8h 19m 59s ago)
2016-05-30 23:28:11.104471 : # no-op
2016-05-30 23:28:11.104491 : mark_done data/spouse_feature
2016-05-30 23:28:11.104513 : ##############################################################################
2016-05-30 23:28:11.104534 
2016-05-30 23:28:11.104554 ## process/grounding/factor/inf_istrue_has_spouse/materialize ################
2016-05-30 23:28:11.104575 : # Done: 2016-05-30T23:27:34-0700 (34s ago)
2016-05-30 23:28:11.104595 # Done: 2016-05-30T23:27:34-0700 (33s ago)
2016-05-30 23:28:11.104616 process/grounding/factor/inf_istrue_has_spouse/materialize/run.sh
2016-05-30 23:28:11.111126 ++ dirname process/grounding/factor/inf_istrue_has_spouse/materialize/run.sh
2016-05-30 23:28:11.114757 + cd process/grounding/factor/inf_istrue_has_spouse/materialize
2016-05-30 23:28:11.114900 + export DEEPDIVE_CURRENT_PROCESS_NAME=process/grounding/factor/inf_istrue_has_spouse/materialize
2016-05-30 23:28:11.114943 + DEEPDIVE_CURRENT_PROCESS_NAME=process/grounding/factor/inf_istrue_has_spouse/materialize
2016-05-30 23:28:11.114988 + : /Users/emerson/Documents/Github/deepdive/examples/coach_nba/run/model/grounding
2016-05-30 23:28:11.115070 + deepdive create table dd_factors_inf_istrue_has_spouse as '
2016-05-30 23:28:11.115098           SELECT R0.id AS "has_spouse.R0.id" , R2.feature AS "dd_weight_column_0" 
2016-05-30 23:28:11.115123           FROM has_spouse R0, spouse_candidate R1, spouse_feature R2
2016-05-30 23:28:11.115146         WHERE R1.p_id = R0.p_id  AND R1.t_id = R0.t_id  AND R2.p_id = R0.p_id  AND R2.t_id = R0.t_id '
2016-05-30 23:28:11.740587 SELECT 194760
2016-05-30 23:28:11.742648 + deepdive create table dd_weights_inf_istrue_has_spouse as 'SELECT "dd_weight_column_0"
2016-05-30 23:28:11.742739      , false AS "isfixed"
2016-05-30 23:28:11.742774      , 0 AS "initvalue"
2016-05-30 23:28:11.742802      , -1 AS "id"
2016-05-30 23:28:11.742824 FROM "dd_factors_inf_istrue_has_spouse"
2016-05-30 23:28:11.742847 
2016-05-30 23:28:11.742872 
2016-05-30 23:28:11.742894 GROUP BY "dd_weight_column_0"'
2016-05-30 23:28:12.110939 SELECT 72261
2016-05-30 23:28:12.112376 mark_done process/grounding/factor/inf_istrue_has_spouse/materialize
2016-05-30 23:28:12.128595 ##############################################################################
2016-05-30 23:28:12.128651 
2016-05-30 23:28:12.128672 ## process/grounding/weight_id_partition #####################################
2016-05-30 23:28:12.128693 : # Done: 2016-05-30T23:27:34-0700 (34s ago)
2016-05-30 23:28:12.128714 # Done: 2016-05-30T23:27:34-0700 (33s ago)
2016-05-30 23:28:12.128754 process/grounding/weight_id_partition/run.sh
2016-05-30 23:28:12.134585 ++ dirname process/grounding/weight_id_partition/run.sh
2016-05-30 23:28:12.137690 + cd process/grounding/weight_id_partition
2016-05-30 23:28:12.137819 + export DEEPDIVE_CURRENT_PROCESS_NAME=process/grounding/weight_id_partition
2016-05-30 23:28:12.137856 + DEEPDIVE_CURRENT_PROCESS_NAME=process/grounding/weight_id_partition
2016-05-30 23:28:12.137911 + : /Users/emerson/Documents/Github/deepdive/examples/coach_nba/run/model/grounding
2016-05-30 23:28:12.138637 + RANGE_BEGIN=0
2016-05-30 23:28:12.138702 + RANGE_STEP=1
2016-05-30 23:28:12.138732 + partition_id_range dd_weights_inf1_istrue_has_spouse dd_weights_inf_imply_has_spouse_has_spouse dd_weights_inf_istrue_has_spouse
2016-05-30 23:28:12.138837 + weightsCountTotal=0
2016-05-30 23:28:12.138903 + read table begin excludeEnd
2016-05-30 23:28:12.283993 + factor=inf1_istrue_has_spouse
2016-05-30 23:28:12.284068 + facPath=/Users/emerson/Documents/Github/deepdive/examples/coach_nba/run/model/grounding/factor/inf1_istrue_has_spouse
2016-05-30 23:28:12.284102 + mkdir -p /Users/emerson/Documents/Github/deepdive/examples/coach_nba/run/model/grounding/factor/inf1_istrue_has_spouse
2016-05-30 23:28:12.290010 + cd /Users/emerson/Documents/Github/deepdive/examples/coach_nba/run/model/grounding/factor/inf1_istrue_has_spouse
2016-05-30 23:28:12.290089 + echo 0
2016-05-30 23:28:12.292487 + echo 1
2016-05-30 23:28:12.297481 + echo 1
2016-05-30 23:28:12.302978 + weightsCountTotal=1
2016-05-30 23:28:12.303059 + read table begin excludeEnd
2016-05-30 23:28:12.402908 + factor=inf_imply_has_spouse_has_spouse
2016-05-30 23:28:12.402989 + facPath=/Users/emerson/Documents/Github/deepdive/examples/coach_nba/run/model/grounding/factor/inf_imply_has_spouse_has_spouse
2016-05-30 23:28:12.403022 + mkdir -p /Users/emerson/Documents/Github/deepdive/examples/coach_nba/run/model/grounding/factor/inf_imply_has_spouse_has_spouse
2016-05-30 23:28:12.407023 + cd /Users/emerson/Documents/Github/deepdive/examples/coach_nba/run/model/grounding/factor/inf_imply_has_spouse_has_spouse
2016-05-30 23:28:12.407117 + echo 1
2016-05-30 23:28:12.407886 + echo 2
2016-05-30 23:28:12.414771 + echo 1
2016-05-30 23:28:12.421126 + weightsCountTotal=2
2016-05-30 23:28:12.421199 + read table begin excludeEnd
2016-05-30 23:28:12.502639 + factor=inf_istrue_has_spouse
2016-05-30 23:28:12.502719 + facPath=/Users/emerson/Documents/Github/deepdive/examples/coach_nba/run/model/grounding/factor/inf_istrue_has_spouse
2016-05-30 23:28:12.502751 + mkdir -p /Users/emerson/Documents/Github/deepdive/examples/coach_nba/run/model/grounding/factor/inf_istrue_has_spouse
2016-05-30 23:28:12.506508 + cd /Users/emerson/Documents/Github/deepdive/examples/coach_nba/run/model/grounding/factor/inf_istrue_has_spouse
2016-05-30 23:28:12.506607 + echo 2
2016-05-30 23:28:12.507818 + echo 72263
2016-05-30 23:28:12.514778 + echo 72261
2016-05-30 23:28:12.521367 + weightsCountTotal=72263
2016-05-30 23:28:12.521438 + read table begin excludeEnd
2016-05-30 23:28:12.521468 + echo 72263
2016-05-30 23:28:12.522912 mark_done process/grounding/weight_id_partition
2016-05-30 23:28:12.546103 ##############################################################################
2016-05-30 23:28:12.546175 
2016-05-30 23:28:12.546200 ## process/grounding/factor/inf1_istrue_has_spouse/assign_weight_id ##########
2016-05-30 23:28:12.546221 : # Done: 2016-05-30T23:27:34-0700 (34s ago)
2016-05-30 23:28:12.546241 # Done: 2016-05-30T23:27:34-0700 (33s ago)
2016-05-30 23:28:12.546261 process/grounding/factor/inf1_istrue_has_spouse/assign_weight_id/run.sh
2016-05-30 23:28:12.557408 ++ dirname process/grounding/factor/inf1_istrue_has_spouse/assign_weight_id/run.sh
2016-05-30 23:28:12.561723 + cd process/grounding/factor/inf1_istrue_has_spouse/assign_weight_id
2016-05-30 23:28:12.562073 + export DEEPDIVE_CURRENT_PROCESS_NAME=process/grounding/factor/inf1_istrue_has_spouse/assign_weight_id
2016-05-30 23:28:12.562124 + DEEPDIVE_CURRENT_PROCESS_NAME=process/grounding/factor/inf1_istrue_has_spouse/assign_weight_id
2016-05-30 23:28:12.562148 + : /Users/emerson/Documents/Github/deepdive/examples/coach_nba/run/model/grounding
2016-05-30 23:28:12.562168 + cd /Users/emerson/Documents/Github/deepdive/examples/coach_nba/run/model/grounding/factor/inf1_istrue_has_spouse
2016-05-30 23:28:12.563057 ++ cat weights_id_begin
2016-05-30 23:28:12.567291 + baseId=0
2016-05-30 23:28:12.567354 + inc=1
2016-05-30 23:28:12.567414 + deepdive db assign_sequential_id dd_weights_inf1_istrue_has_spouse id 0 1
2016-05-30 23:28:12.670409 NOTICE:  sequence "dd_seq_dd_weights_inf1_istrue_has_spouse_id" does not exist, skipping
2016-05-30 23:28:12.675615 UPDATE 1
2016-05-30 23:28:12.677790 mark_done process/grounding/factor/inf1_istrue_has_spouse/assign_weight_id
2016-05-30 23:28:12.696781 ##############################################################################
2016-05-30 23:28:12.696863 
2016-05-30 23:28:12.696899 ## process/grounding/factor/inf1_istrue_has_spouse/dump ######################
2016-05-30 23:28:12.696924 : # Done: 2016-05-30T23:27:36-0700 (32s ago)
2016-05-30 23:28:12.696948 # Done: 2016-05-30T23:27:36-0700 (31s ago)
2016-05-30 23:28:12.696983 process/grounding/factor/inf1_istrue_has_spouse/dump/run.sh
2016-05-30 23:28:12.703880 ++ dirname process/grounding/factor/inf1_istrue_has_spouse/dump/run.sh
2016-05-30 23:28:12.712521 + cd process/grounding/factor/inf1_istrue_has_spouse/dump
2016-05-30 23:28:12.712683 + export DEEPDIVE_CURRENT_PROCESS_NAME=process/grounding/factor/inf1_istrue_has_spouse/dump
2016-05-30 23:28:12.712718 + DEEPDIVE_CURRENT_PROCESS_NAME=process/grounding/factor/inf1_istrue_has_spouse/dump
2016-05-30 23:28:12.712972 + : /Users/emerson/Documents/Github/deepdive/examples/coach_nba/run/model/grounding
2016-05-30 23:28:12.713015 + facPath=/Users/emerson/Documents/Github/deepdive/examples/coach_nba/run/model/grounding/factor/inf1_istrue_has_spouse
2016-05-30 23:28:12.713038 + mkdir -p /Users/emerson/Documents/Github/deepdive/examples/coach_nba/run/model/grounding/factor/inf1_istrue_has_spouse
2016-05-30 23:28:12.719397 + cd /Users/emerson/Documents/Github/deepdive/examples/coach_nba/run/model/grounding/factor/inf1_istrue_has_spouse
2016-05-30 23:28:12.719466 + find . '(' -name 'factors.part-*.bin.bz2' -o -name 'nfactors.part-*' -o -name 'nedges.part-*' ')' -exec rm -rf '{}' +
2016-05-30 23:28:12.729293 + export DEEPDIVE_LOAD_FORMAT=tsv
2016-05-30 23:28:12.729359 + DEEPDIVE_LOAD_FORMAT=tsv
2016-05-30 23:28:12.729391 + export DEEPDIVE_UNLOAD_MATERIALIZED=false
2016-05-30 23:28:12.729416 + DEEPDIVE_UNLOAD_MATERIALIZED=false
2016-05-30 23:28:12.729531 + deepdive compute execute 'input_sql=SELECT "weights"."id" AS "weight_id"
2016-05-30 23:28:12.729576      , "factors"."has_spouse.R0.id"
2016-05-30 23:28:12.729602 FROM "dd_factors_inf1_istrue_has_spouse" "factors", "dd_weights_inf1_istrue_has_spouse" "weights"' 'command=
2016-05-30 23:28:12.729624                     # also record the factor count
2016-05-30 23:28:12.729646                     tee >(wc -l >nfactors.part-${DEEPDIVE_CURRENT_PROCESS_INDEX}) |
2016-05-30 23:28:12.729668                     format_converter factor /dev/stdin >(pbzip2 >factors.part-${DEEPDIVE_CURRENT_PROCESS_INDEX}.bin.bz2) 0 1 original 1 |
2016-05-30 23:28:12.729688                     # and the edge count
2016-05-30 23:28:12.729709                     tee nedges.part-${DEEPDIVE_CURRENT_PROCESS_INDEX}
2016-05-30 23:28:12.729731                 ' output_relation=
2016-05-30 23:28:12.948612 Executing with the following configuration:
2016-05-30 23:28:12.948739  DEEPDIVE_NUM_PROCESSES=3
2016-05-30 23:28:12.948783  DEEPDIVE_NUM_PARALLEL_UNLOADS=1
2016-05-30 23:28:12.948853  DEEPDIVE_NUM_PARALLEL_LOADS=1
2016-05-30 23:28:13.119564 unloading to feed_processes-1: 'SELECT "weights"."id" AS "weight_id"
2016-05-30 23:28:13.119617      , "factors"."has_spouse.R0.id"
2016-05-30 23:28:13.119641 FROM "dd_factors_inf1_istrue_has_spouse" "factors", "dd_weights_inf1_istrue_has_spouse" "weights"'
2016-05-30 23:28:13.207466 0
2016-05-30 23:28:13.207644 0
2016-05-30 23:28:13.207850 312
2016-05-30 23:28:14.181055 mark_done process/grounding/factor/inf1_istrue_has_spouse/dump
2016-05-30 23:28:14.236958 ##############################################################################
2016-05-30 23:28:14.237030 
2016-05-30 23:28:14.237063 ## process/grounding/factor/inf1_istrue_has_spouse/dump_weights ##############
2016-05-30 23:28:14.237090 : # Done: 2016-05-30T23:27:36-0700 (32s ago)
2016-05-30 23:28:14.237112 # Done: 2016-05-30T23:27:36-0700 (31s ago)
2016-05-30 23:28:14.237133 process/grounding/factor/inf1_istrue_has_spouse/dump_weights/run.sh
2016-05-30 23:28:14.254524 ++ dirname process/grounding/factor/inf1_istrue_has_spouse/dump_weights/run.sh
2016-05-30 23:28:14.267536 + cd process/grounding/factor/inf1_istrue_has_spouse/dump_weights
2016-05-30 23:28:14.267916 + export DEEPDIVE_CURRENT_PROCESS_NAME=process/grounding/factor/inf1_istrue_has_spouse/dump_weights
2016-05-30 23:28:14.267971 + DEEPDIVE_CURRENT_PROCESS_NAME=process/grounding/factor/inf1_istrue_has_spouse/dump_weights
2016-05-30 23:28:14.268020 + : /Users/emerson/Documents/Github/deepdive/examples/coach_nba/run/model/grounding
2016-05-30 23:28:14.268059 + facPath=/Users/emerson/Documents/Github/deepdive/examples/coach_nba/run/model/grounding/factor/inf1_istrue_has_spouse
2016-05-30 23:28:14.268174 + mkdir -p /Users/emerson/Documents/Github/deepdive/examples/coach_nba/run/model/grounding/factor/inf1_istrue_has_spouse
2016-05-30 23:28:14.274075 + cd /Users/emerson/Documents/Github/deepdive/examples/coach_nba/run/model/grounding/factor/inf1_istrue_has_spouse
2016-05-30 23:28:14.274157 + find . '(' -name 'weights.part-*.bin.bz2' ')' -exec rm -rf '{}' +
2016-05-30 23:28:14.296741 + export DEEPDIVE_LOAD_FORMAT=tsv
2016-05-30 23:28:14.296821 + DEEPDIVE_LOAD_FORMAT=tsv
2016-05-30 23:28:14.296857 + export DEEPDIVE_UNLOAD_MATERIALIZED=false
2016-05-30 23:28:14.296890 + DEEPDIVE_UNLOAD_MATERIALIZED=false
2016-05-30 23:28:14.296928 + reuseFlag=/Users/emerson/Documents/Github/deepdive/examples/coach_nba/run/model/grounding/factor/weights.reuse
2016-05-30 23:28:14.299208 ++ [[ -e /Users/emerson/Documents/Github/deepdive/examples/coach_nba/run/model/grounding/factor/weights.reuse ]]
2016-05-30 23:28:14.299350 ++ echo 'SELECT "id"
2016-05-30 23:28:14.299384      , CASE WHEN isfixed THEN 1 ELSE 0 END
2016-05-30 23:28:14.299405      , COALESCE(initvalue, 0)
2016-05-30 23:28:14.299426 FROM "dd_weights_inf1_istrue_has_spouse"'
2016-05-30 23:28:14.300548 + deepdive compute execute 'input_sql=SELECT "id"
2016-05-30 23:28:14.300649      , CASE WHEN isfixed THEN 1 ELSE 0 END
2016-05-30 23:28:14.300685      , COALESCE(initvalue, 0)
2016-05-30 23:28:14.300715 FROM "dd_weights_inf1_istrue_has_spouse"' 'command=
2016-05-30 23:28:14.300742                     format_converter weight /dev/stdin >(pbzip2 >weights.part-${DEEPDIVE_CURRENT_PROCESS_INDEX}.bin.bz2)
2016-05-30 23:28:14.300762                 ' output_relation=
2016-05-30 23:28:14.405021 Executing with the following configuration:
2016-05-30 23:28:14.405098  DEEPDIVE_NUM_PROCESSES=3
2016-05-30 23:28:14.405131  DEEPDIVE_NUM_PARALLEL_UNLOADS=1
2016-05-30 23:28:14.405155  DEEPDIVE_NUM_PARALLEL_LOADS=1
2016-05-30 23:28:14.536323 unloading to feed_processes-1: 'SELECT "id"
2016-05-30 23:28:14.536380      , CASE WHEN isfixed THEN 1 ELSE 0 END
2016-05-30 23:28:14.536404      , COALESCE(initvalue, 0)
2016-05-30 23:28:14.536428 FROM "dd_weights_inf1_istrue_has_spouse"'
2016-05-30 23:28:14.614401 0
2016-05-30 23:28:14.614483 0
2016-05-30 23:28:14.614507 1
2016-05-30 23:28:14.620070 mark_done process/grounding/factor/inf1_istrue_has_spouse/dump_weights
2016-05-30 23:28:14.637090 ##############################################################################
2016-05-30 23:28:14.637168 
2016-05-30 23:28:14.637204 ## process/grounding/factor/inf_imply_has_spouse_has_spouse/assign_weight_id #
2016-05-30 23:28:14.637228 : # Done: 2016-05-30T23:27:36-0700 (32s ago)
2016-05-30 23:28:14.637249 # Done: 2016-05-30T23:27:36-0700 (31s ago)
2016-05-30 23:28:14.637270 process/grounding/factor/inf_imply_has_spouse_has_spouse/assign_weight_id/run.sh
2016-05-30 23:28:14.642974 ++ dirname process/grounding/factor/inf_imply_has_spouse_has_spouse/assign_weight_id/run.sh
2016-05-30 23:28:14.649877 + cd process/grounding/factor/inf_imply_has_spouse_has_spouse/assign_weight_id
2016-05-30 23:28:14.650116 + export DEEPDIVE_CURRENT_PROCESS_NAME=process/grounding/factor/inf_imply_has_spouse_has_spouse/assign_weight_id
2016-05-30 23:28:14.650164 + DEEPDIVE_CURRENT_PROCESS_NAME=process/grounding/factor/inf_imply_has_spouse_has_spouse/assign_weight_id
2016-05-30 23:28:14.650581 + : /Users/emerson/Documents/Github/deepdive/examples/coach_nba/run/model/grounding
2016-05-30 23:28:14.650631 + cd /Users/emerson/Documents/Github/deepdive/examples/coach_nba/run/model/grounding/factor/inf_imply_has_spouse_has_spouse
2016-05-30 23:28:14.651288 ++ cat weights_id_begin
2016-05-30 23:28:14.661452 + baseId=1
2016-05-30 23:28:14.661524 + inc=1
2016-05-30 23:28:14.661583 + deepdive db assign_sequential_id dd_weights_inf_imply_has_spouse_has_spouse id 1 1
2016-05-30 23:28:14.755729 NOTICE:  sequence "dd_seq_dd_weights_inf_imply_has_spouse_has_spouse_id" does not exist, skipping
2016-05-30 23:28:14.760948 UPDATE 1
2016-05-30 23:28:14.762478 mark_done process/grounding/factor/inf_imply_has_spouse_has_spouse/assign_weight_id
2016-05-30 23:28:14.779811 ##############################################################################
2016-05-30 23:28:14.779882 
2016-05-30 23:28:14.779917 ## process/grounding/factor/inf_imply_has_spouse_has_spouse/dump #############
2016-05-30 23:28:14.779943 : # Done: 2016-05-30T23:27:37-0700 (31s ago)
2016-05-30 23:28:14.779965 # Done: 2016-05-30T23:27:37-0700 (30s ago)
2016-05-30 23:28:14.779984 process/grounding/factor/inf_imply_has_spouse_has_spouse/dump/run.sh
2016-05-30 23:28:14.786020 ++ dirname process/grounding/factor/inf_imply_has_spouse_has_spouse/dump/run.sh
2016-05-30 23:28:14.789317 + cd process/grounding/factor/inf_imply_has_spouse_has_spouse/dump
2016-05-30 23:28:14.789483 + export DEEPDIVE_CURRENT_PROCESS_NAME=process/grounding/factor/inf_imply_has_spouse_has_spouse/dump
2016-05-30 23:28:14.789525 + DEEPDIVE_CURRENT_PROCESS_NAME=process/grounding/factor/inf_imply_has_spouse_has_spouse/dump
2016-05-30 23:28:14.789573 + : /Users/emerson/Documents/Github/deepdive/examples/coach_nba/run/model/grounding
2016-05-30 23:28:14.789933 + facPath=/Users/emerson/Documents/Github/deepdive/examples/coach_nba/run/model/grounding/factor/inf_imply_has_spouse_has_spouse
2016-05-30 23:28:14.791120 + mkdir -p /Users/emerson/Documents/Github/deepdive/examples/coach_nba/run/model/grounding/factor/inf_imply_has_spouse_has_spouse
2016-05-30 23:28:14.798107 + cd /Users/emerson/Documents/Github/deepdive/examples/coach_nba/run/model/grounding/factor/inf_imply_has_spouse_has_spouse
2016-05-30 23:28:14.798400 + find . '(' -name 'factors.part-*.bin.bz2' -o -name 'nfactors.part-*' -o -name 'nedges.part-*' ')' -exec rm -rf '{}' +
2016-05-30 23:28:14.808791 + export DEEPDIVE_LOAD_FORMAT=tsv
2016-05-30 23:28:14.808856 + DEEPDIVE_LOAD_FORMAT=tsv
2016-05-30 23:28:14.808881 + export DEEPDIVE_UNLOAD_MATERIALIZED=false
2016-05-30 23:28:14.808904 + DEEPDIVE_UNLOAD_MATERIALIZED=false
2016-05-30 23:28:14.808998 + deepdive compute execute 'input_sql=SELECT "weights"."id" AS "weight_id"
2016-05-30 23:28:14.809042      , "factors"."has_spouse.R0.id"
2016-05-30 23:28:14.809068      , "factors"."has_spouse.R0.id"
2016-05-30 23:28:14.809093 FROM "dd_factors_inf_imply_has_spouse_has_spouse" "factors", "dd_weights_inf_imply_has_spouse_has_spouse" "weights"' 'command=
2016-05-30 23:28:14.809115                     # also record the factor count
2016-05-30 23:28:14.809138                     tee >(wc -l >nfactors.part-${DEEPDIVE_CURRENT_PROCESS_INDEX}) |
2016-05-30 23:28:14.809161                     format_converter factor /dev/stdin >(pbzip2 >factors.part-${DEEPDIVE_CURRENT_PROCESS_INDEX}.bin.bz2) 0 2 original 1 1 |
2016-05-30 23:28:14.809184                     # and the edge count
2016-05-30 23:28:14.809205                     tee nedges.part-${DEEPDIVE_CURRENT_PROCESS_INDEX}
2016-05-30 23:28:14.809230                 ' output_relation=
2016-05-30 23:28:14.897105 Executing with the following configuration:
2016-05-30 23:28:14.897160  DEEPDIVE_NUM_PROCESSES=3
2016-05-30 23:28:14.897186  DEEPDIVE_NUM_PARALLEL_UNLOADS=1
2016-05-30 23:28:14.897207  DEEPDIVE_NUM_PARALLEL_LOADS=1
2016-05-30 23:28:15.008487 unloading to feed_processes-1: 'SELECT "weights"."id" AS "weight_id"
2016-05-30 23:28:15.008535      , "factors"."has_spouse.R0.id"
2016-05-30 23:28:15.008557      , "factors"."has_spouse.R0.id"
2016-05-30 23:28:15.008614 FROM "dd_factors_inf_imply_has_spouse_has_spouse" "factors", "dd_weights_inf_imply_has_spouse_has_spouse" "weights"'
2016-05-30 23:28:15.107563 6366
2016-05-30 23:28:15.107724 5872
2016-05-30 23:28:15.116822 9992
2016-05-30 23:28:15.157906 mark_done process/grounding/factor/inf_imply_has_spouse_has_spouse/dump
2016-05-30 23:28:15.204365 ##############################################################################
2016-05-30 23:28:15.204470 
2016-05-30 23:28:15.204535 ## process/grounding/factor/inf_imply_has_spouse_has_spouse/dump_weights #####
2016-05-30 23:28:15.204562 : # Done: 2016-05-30T23:27:37-0700 (31s ago)
2016-05-30 23:28:15.204585 # Done: 2016-05-30T23:27:37-0700 (30s ago)
2016-05-30 23:28:15.204608 process/grounding/factor/inf_imply_has_spouse_has_spouse/dump_weights/run.sh
2016-05-30 23:28:15.222647 ++ dirname process/grounding/factor/inf_imply_has_spouse_has_spouse/dump_weights/run.sh
2016-05-30 23:28:15.232597 + cd process/grounding/factor/inf_imply_has_spouse_has_spouse/dump_weights
2016-05-30 23:28:15.232750 + export DEEPDIVE_CURRENT_PROCESS_NAME=process/grounding/factor/inf_imply_has_spouse_has_spouse/dump_weights
2016-05-30 23:28:15.232805 + DEEPDIVE_CURRENT_PROCESS_NAME=process/grounding/factor/inf_imply_has_spouse_has_spouse/dump_weights
2016-05-30 23:28:15.233204 + : /Users/emerson/Documents/Github/deepdive/examples/coach_nba/run/model/grounding
2016-05-30 23:28:15.233239 + facPath=/Users/emerson/Documents/Github/deepdive/examples/coach_nba/run/model/grounding/factor/inf_imply_has_spouse_has_spouse
2016-05-30 23:28:15.233264 + mkdir -p /Users/emerson/Documents/Github/deepdive/examples/coach_nba/run/model/grounding/factor/inf_imply_has_spouse_has_spouse
2016-05-30 23:28:15.254416 + cd /Users/emerson/Documents/Github/deepdive/examples/coach_nba/run/model/grounding/factor/inf_imply_has_spouse_has_spouse
2016-05-30 23:28:15.254495 + find . '(' -name 'weights.part-*.bin.bz2' ')' -exec rm -rf '{}' +
2016-05-30 23:28:15.271470 + export DEEPDIVE_LOAD_FORMAT=tsv
2016-05-30 23:28:15.271595 + DEEPDIVE_LOAD_FORMAT=tsv
2016-05-30 23:28:15.271632 + export DEEPDIVE_UNLOAD_MATERIALIZED=false
2016-05-30 23:28:15.271658 + DEEPDIVE_UNLOAD_MATERIALIZED=false
2016-05-30 23:28:15.271790 + reuseFlag=/Users/emerson/Documents/Github/deepdive/examples/coach_nba/run/model/grounding/factor/weights.reuse
2016-05-30 23:28:15.272954 ++ [[ -e /Users/emerson/Documents/Github/deepdive/examples/coach_nba/run/model/grounding/factor/weights.reuse ]]
2016-05-30 23:28:15.273009 ++ echo 'SELECT "id"
2016-05-30 23:28:15.273062      , CASE WHEN isfixed THEN 1 ELSE 0 END
2016-05-30 23:28:15.273087      , COALESCE(initvalue, 0)
2016-05-30 23:28:15.273106 FROM "dd_weights_inf_imply_has_spouse_has_spouse"'
2016-05-30 23:28:15.273368 + deepdive compute execute 'input_sql=SELECT "id"
2016-05-30 23:28:15.273403      , CASE WHEN isfixed THEN 1 ELSE 0 END
2016-05-30 23:28:15.273427      , COALESCE(initvalue, 0)
2016-05-30 23:28:15.273448 FROM "dd_weights_inf_imply_has_spouse_has_spouse"' 'command=
2016-05-30 23:28:15.273467                     format_converter weight /dev/stdin >(pbzip2 >weights.part-${DEEPDIVE_CURRENT_PROCESS_INDEX}.bin.bz2)
2016-05-30 23:28:15.273536                 ' output_relation=
2016-05-30 23:28:15.384599 Executing with the following configuration:
2016-05-30 23:28:15.384649  DEEPDIVE_NUM_PROCESSES=3
2016-05-30 23:28:15.384675  DEEPDIVE_NUM_PARALLEL_UNLOADS=1
2016-05-30 23:28:15.384696  DEEPDIVE_NUM_PARALLEL_LOADS=1
2016-05-30 23:28:15.510784 unloading to feed_processes-1: 'SELECT "id"
2016-05-30 23:28:15.510846      , CASE WHEN isfixed THEN 1 ELSE 0 END
2016-05-30 23:28:15.510873      , COALESCE(initvalue, 0)
2016-05-30 23:28:15.510897 FROM "dd_weights_inf_imply_has_spouse_has_spouse"'
2016-05-30 23:28:15.570126 0
2016-05-30 23:28:15.570222 0
2016-05-30 23:28:15.570256 1
2016-05-30 23:28:15.579175 mark_done process/grounding/factor/inf_imply_has_spouse_has_spouse/dump_weights
2016-05-30 23:28:15.595028 ##############################################################################
2016-05-30 23:28:15.595104 
2016-05-30 23:28:15.595125 ## process/grounding/factor/inf_istrue_has_spouse/assign_weight_id ###########
2016-05-30 23:28:15.595146 : # Done: 2016-05-30T23:27:37-0700 (31s ago)
2016-05-30 23:28:15.595168 # Done: 2016-05-30T23:27:37-0700 (30s ago)
2016-05-30 23:28:15.595210 process/grounding/factor/inf_istrue_has_spouse/assign_weight_id/run.sh
2016-05-30 23:28:15.604192 ++ dirname process/grounding/factor/inf_istrue_has_spouse/assign_weight_id/run.sh
2016-05-30 23:28:15.608154 + cd process/grounding/factor/inf_istrue_has_spouse/assign_weight_id
2016-05-30 23:28:15.608343 + export DEEPDIVE_CURRENT_PROCESS_NAME=process/grounding/factor/inf_istrue_has_spouse/assign_weight_id
2016-05-30 23:28:15.608380 + DEEPDIVE_CURRENT_PROCESS_NAME=process/grounding/factor/inf_istrue_has_spouse/assign_weight_id
2016-05-30 23:28:15.608503 + : /Users/emerson/Documents/Github/deepdive/examples/coach_nba/run/model/grounding
2016-05-30 23:28:15.608532 + cd /Users/emerson/Documents/Github/deepdive/examples/coach_nba/run/model/grounding/factor/inf_istrue_has_spouse
2016-05-30 23:28:15.609301 ++ cat weights_id_begin
2016-05-30 23:28:15.614819 + baseId=2
2016-05-30 23:28:15.614872 + inc=1
2016-05-30 23:28:15.614910 + deepdive db assign_sequential_id dd_weights_inf_istrue_has_spouse id 2 1
2016-05-30 23:28:15.700202 NOTICE:  sequence "dd_seq_dd_weights_inf_istrue_has_spouse_id" does not exist, skipping
2016-05-30 23:28:15.963724 UPDATE 72261
2016-05-30 23:28:15.965564 mark_done process/grounding/factor/inf_istrue_has_spouse/assign_weight_id
2016-05-30 23:28:15.983496 ##############################################################################
2016-05-30 23:28:15.983546 
2016-05-30 23:28:15.983562 ## process/grounding/factor/inf_istrue_has_spouse/dump #######################
2016-05-30 23:28:15.983582 : # Done: 2016-05-30T23:27:39-0700 (29s ago)
2016-05-30 23:28:15.983605 # Done: 2016-05-30T23:27:39-0700 (28s ago)
2016-05-30 23:28:15.983663 process/grounding/factor/inf_istrue_has_spouse/dump/run.sh
2016-05-30 23:28:15.990077 ++ dirname process/grounding/factor/inf_istrue_has_spouse/dump/run.sh
2016-05-30 23:28:15.993960 + cd process/grounding/factor/inf_istrue_has_spouse/dump
2016-05-30 23:28:15.994089 + export DEEPDIVE_CURRENT_PROCESS_NAME=process/grounding/factor/inf_istrue_has_spouse/dump
2016-05-30 23:28:15.994133 + DEEPDIVE_CURRENT_PROCESS_NAME=process/grounding/factor/inf_istrue_has_spouse/dump
2016-05-30 23:28:15.994183 + : /Users/emerson/Documents/Github/deepdive/examples/coach_nba/run/model/grounding
2016-05-30 23:28:15.994221 + facPath=/Users/emerson/Documents/Github/deepdive/examples/coach_nba/run/model/grounding/factor/inf_istrue_has_spouse
2016-05-30 23:28:15.994252 + mkdir -p /Users/emerson/Documents/Github/deepdive/examples/coach_nba/run/model/grounding/factor/inf_istrue_has_spouse
2016-05-30 23:28:16.001883 + cd /Users/emerson/Documents/Github/deepdive/examples/coach_nba/run/model/grounding/factor/inf_istrue_has_spouse
2016-05-30 23:28:16.002038 + find . '(' -name 'factors.part-*.bin.bz2' -o -name 'nfactors.part-*' -o -name 'nedges.part-*' ')' -exec rm -rf '{}' +
2016-05-30 23:28:16.010149 + export DEEPDIVE_LOAD_FORMAT=tsv
2016-05-30 23:28:16.010221 + DEEPDIVE_LOAD_FORMAT=tsv
2016-05-30 23:28:16.010248 + export DEEPDIVE_UNLOAD_MATERIALIZED=false
2016-05-30 23:28:16.010272 + DEEPDIVE_UNLOAD_MATERIALIZED=false
2016-05-30 23:28:16.010321 + deepdive compute execute 'input_sql=SELECT "weights"."id" AS "weight_id"
2016-05-30 23:28:16.010345      , "factors"."has_spouse.R0.id"
2016-05-30 23:28:16.010364 FROM "dd_factors_inf_istrue_has_spouse" "factors", "dd_weights_inf_istrue_has_spouse" "weights"
2016-05-30 23:28:16.010383 
2016-05-30 23:28:16.010404 WHERE "factors"."dd_weight_column_0" = "weights"."dd_weight_column_0"' 'command=
2016-05-30 23:28:16.010423                     # also record the factor count
2016-05-30 23:28:16.010442                     tee >(wc -l >nfactors.part-${DEEPDIVE_CURRENT_PROCESS_INDEX}) |
2016-05-30 23:28:16.010461                     format_converter factor /dev/stdin >(pbzip2 >factors.part-${DEEPDIVE_CURRENT_PROCESS_INDEX}.bin.bz2) 0 1 original 1 |
2016-05-30 23:28:16.010478                     # and the edge count
2016-05-30 23:28:16.010494                     tee nedges.part-${DEEPDIVE_CURRENT_PROCESS_INDEX}
2016-05-30 23:28:16.010511                 ' output_relation=
2016-05-30 23:28:16.125489 Executing with the following configuration:
2016-05-30 23:28:16.125546  DEEPDIVE_NUM_PROCESSES=3
2016-05-30 23:28:16.125570  DEEPDIVE_NUM_PARALLEL_UNLOADS=1
2016-05-30 23:28:16.125590  DEEPDIVE_NUM_PARALLEL_LOADS=1
2016-05-30 23:28:16.243118 unloading to feed_processes-1: 'SELECT "weights"."id" AS "weight_id"
2016-05-30 23:28:16.243168      , "factors"."has_spouse.R0.id"
2016-05-30 23:28:16.243190 FROM "dd_factors_inf_istrue_has_spouse" "factors", "dd_weights_inf_istrue_has_spouse" "weights"
2016-05-30 23:28:16.243211 
2016-05-30 23:28:16.243235 WHERE "factors"."dd_weight_column_0" = "weights"."dd_weight_column_0"'
2016-05-30 23:28:17.107617 63899
2016-05-30 23:28:17.107679 73363
2016-05-30 23:28:17.107705 57498
2016-05-30 23:28:17.180193 mark_done process/grounding/factor/inf_istrue_has_spouse/dump
2016-05-30 23:28:17.197377 ##############################################################################
2016-05-30 23:28:17.197465 
2016-05-30 23:28:17.197502 ## process/grounding/factor/inf_istrue_has_spouse/dump_weights ###############
2016-05-30 23:28:17.197526 : # Done: 2016-05-30T23:27:39-0700 (29s ago)
2016-05-30 23:28:17.197548 # Done: 2016-05-30T23:27:39-0700 (28s ago)
2016-05-30 23:28:17.197571 process/grounding/factor/inf_istrue_has_spouse/dump_weights/run.sh
2016-05-30 23:28:17.203897 ++ dirname process/grounding/factor/inf_istrue_has_spouse/dump_weights/run.sh
2016-05-30 23:28:17.206858 + cd process/grounding/factor/inf_istrue_has_spouse/dump_weights
2016-05-30 23:28:17.206977 + export DEEPDIVE_CURRENT_PROCESS_NAME=process/grounding/factor/inf_istrue_has_spouse/dump_weights
2016-05-30 23:28:17.207023 + DEEPDIVE_CURRENT_PROCESS_NAME=process/grounding/factor/inf_istrue_has_spouse/dump_weights
2016-05-30 23:28:17.207069 + : /Users/emerson/Documents/Github/deepdive/examples/coach_nba/run/model/grounding
2016-05-30 23:28:17.207106 + facPath=/Users/emerson/Documents/Github/deepdive/examples/coach_nba/run/model/grounding/factor/inf_istrue_has_spouse
2016-05-30 23:28:17.207164 + mkdir -p /Users/emerson/Documents/Github/deepdive/examples/coach_nba/run/model/grounding/factor/inf_istrue_has_spouse
2016-05-30 23:28:17.211351 + cd /Users/emerson/Documents/Github/deepdive/examples/coach_nba/run/model/grounding/factor/inf_istrue_has_spouse
2016-05-30 23:28:17.211413 + find . '(' -name 'weights.part-*.bin.bz2' ')' -exec rm -rf '{}' +
2016-05-30 23:28:17.222202 + export DEEPDIVE_LOAD_FORMAT=tsv
2016-05-30 23:28:17.222272 + DEEPDIVE_LOAD_FORMAT=tsv
2016-05-30 23:28:17.222304 + export DEEPDIVE_UNLOAD_MATERIALIZED=false
2016-05-30 23:28:17.222329 + DEEPDIVE_UNLOAD_MATERIALIZED=false
2016-05-30 23:28:17.222352 + reuseFlag=/Users/emerson/Documents/Github/deepdive/examples/coach_nba/run/model/grounding/factor/weights.reuse
2016-05-30 23:28:17.223188 ++ [[ -e /Users/emerson/Documents/Github/deepdive/examples/coach_nba/run/model/grounding/factor/weights.reuse ]]
2016-05-30 23:28:17.223253 ++ echo 'SELECT "id"
2016-05-30 23:28:17.223634      , CASE WHEN isfixed THEN 1 ELSE 0 END
2016-05-30 23:28:17.223675      , COALESCE(initvalue, 0)
2016-05-30 23:28:17.223695 FROM "dd_weights_inf_istrue_has_spouse"'
2016-05-30 23:28:17.224089 + deepdive compute execute 'input_sql=SELECT "id"
2016-05-30 23:28:17.224189      , CASE WHEN isfixed THEN 1 ELSE 0 END
2016-05-30 23:28:17.224221      , COALESCE(initvalue, 0)
2016-05-30 23:28:17.224243 FROM "dd_weights_inf_istrue_has_spouse"' 'command=
2016-05-30 23:28:17.224263                     format_converter weight /dev/stdin >(pbzip2 >weights.part-${DEEPDIVE_CURRENT_PROCESS_INDEX}.bin.bz2)
2016-05-30 23:28:17.224281                 ' output_relation=
2016-05-30 23:28:17.313255 Executing with the following configuration:
2016-05-30 23:28:17.313306  DEEPDIVE_NUM_PROCESSES=3
2016-05-30 23:28:17.313324  DEEPDIVE_NUM_PARALLEL_UNLOADS=1
2016-05-30 23:28:17.313344  DEEPDIVE_NUM_PARALLEL_LOADS=1
2016-05-30 23:28:17.426705 unloading to feed_processes-1: 'SELECT "id"
2016-05-30 23:28:17.426758      , CASE WHEN isfixed THEN 1 ELSE 0 END
2016-05-30 23:28:17.426782      , COALESCE(initvalue, 0)
2016-05-30 23:28:17.426805 FROM "dd_weights_inf_istrue_has_spouse"'
2016-05-30 23:28:17.542267 27383
2016-05-30 23:28:17.542329 25467
2016-05-30 23:28:17.542995 19411
2016-05-30 23:28:17.554076 mark_done process/grounding/factor/inf_istrue_has_spouse/dump_weights
2016-05-30 23:28:17.580009 ##############################################################################
2016-05-30 23:28:17.580096 
2016-05-30 23:28:17.580131 ## process/grounding/global_weight_table #####################################
2016-05-30 23:28:17.580155 : # Done: 2016-05-30T23:27:39-0700 (29s ago)
2016-05-30 23:28:17.580177 # Done: 2016-05-30T23:27:39-0700 (28s ago)
2016-05-30 23:28:17.580198 process/grounding/global_weight_table/run.sh
2016-05-30 23:28:17.588883 ++ dirname process/grounding/global_weight_table/run.sh
2016-05-30 23:28:17.592942 + cd process/grounding/global_weight_table
2016-05-30 23:28:17.593225 + export DEEPDIVE_CURRENT_PROCESS_NAME=process/grounding/global_weight_table
2016-05-30 23:28:17.593339 + DEEPDIVE_CURRENT_PROCESS_NAME=process/grounding/global_weight_table
2016-05-30 23:28:17.593517 + : /Users/emerson/Documents/Github/deepdive/examples/coach_nba/run/model/grounding
2016-05-30 23:28:17.593794 + deepdive create view dd_graph_weights as '(SELECT "id"
2016-05-30 23:28:17.593847      , "isfixed"
2016-05-30 23:28:17.593887      , "initvalue"
2016-05-30 23:28:17.593921      , '\''inf1_istrue_has_spouse-'\'' AS "description"
2016-05-30 23:28:17.593954      , NULL AS "categories"
2016-05-30 23:28:17.593978 FROM "dd_weights_inf1_istrue_has_spouse")
2016-05-30 23:28:17.594003 UNION ALL
2016-05-30 23:28:17.594024 (SELECT "id"
2016-05-30 23:28:17.594045      , "isfixed"
2016-05-30 23:28:17.594067      , "initvalue"
2016-05-30 23:28:17.594091      , '\''inf_imply_has_spouse_has_spouse-'\'' AS "description"
2016-05-30 23:28:17.594116      , NULL AS "categories"
2016-05-30 23:28:17.594138 FROM "dd_weights_inf_imply_has_spouse_has_spouse")
2016-05-30 23:28:17.594163 UNION ALL
2016-05-30 23:28:17.594189 (SELECT "id"
2016-05-30 23:28:17.594217      , "isfixed"
2016-05-30 23:28:17.594254      , "initvalue"
2016-05-30 23:28:17.594321      , '\''inf_istrue_has_spouse-'\'' ||'\''-'\''|| CASE WHEN "dd_weight_column_0" IS NULL THEN '\'''\''
2016-05-30 23:28:17.594352               ELSE "dd_weight_column_0" || '\'''\''  -- XXX CAST(... AS TEXT) unsupported by MySQL
2016-05-30 23:28:17.594395           END AS "description"
2016-05-30 23:28:17.594420      , NULL AS "categories"
2016-05-30 23:28:17.594451 FROM "dd_weights_inf_istrue_has_spouse")'
2016-05-30 23:28:17.747213 CREATE VIEW
2016-05-30 23:28:17.748745 mark_done process/grounding/global_weight_table
2016-05-30 23:28:17.764703 ##############################################################################
2016-05-30 23:28:17.764760 
2016-05-30 23:28:17.764785 ## process/grounding/variable_holdout ########################################
2016-05-30 23:28:17.764808 : # Done: 2016-05-30T23:27:40-0700 (28s ago)
2016-05-30 23:28:17.764827 # Done: 2016-05-30T23:27:40-0700 (27s ago)
2016-05-30 23:28:17.764856 process/grounding/variable_holdout/run.sh
2016-05-30 23:28:17.770302 ++ dirname process/grounding/variable_holdout/run.sh
2016-05-30 23:28:17.773259 + cd process/grounding/variable_holdout
2016-05-30 23:28:17.773365 + export DEEPDIVE_CURRENT_PROCESS_NAME=process/grounding/variable_holdout
2016-05-30 23:28:17.773410 + DEEPDIVE_CURRENT_PROCESS_NAME=process/grounding/variable_holdout
2016-05-30 23:28:17.773454 + : /Users/emerson/Documents/Github/deepdive/examples/coach_nba/run/model/grounding
2016-05-30 23:28:17.773497 + deepdive create table dd_graph_variables_holdout 'variable_id:BIGINT:PRIMARY KEY'
2016-05-30 23:28:17.968417 CREATE TABLE
2016-05-30 23:28:17.969337 + deepdive create table dd_graph_variables_observation 'variable_id:BIGINT:PRIMARY KEY'
2016-05-30 23:28:18.179758 CREATE TABLE
2016-05-30 23:28:18.181213 + deepdive sql '
2016-05-30 23:28:18.181309                 INSERT INTO "dd_graph_variables_holdout" SELECT "id"
2016-05-30 23:28:18.181348 FROM "has_spouse"
2016-05-30 23:28:18.181370 
2016-05-30 23:28:18.181389 WHERE "label" IS NOT NULL AND RANDOM() < 0.25;
2016-05-30 23:28:18.181469             '
2016-05-30 23:28:18.315438 INSERT 0 387
2016-05-30 23:28:18.318368 mark_done process/grounding/variable_holdout
2016-05-30 23:28:18.348236 ##############################################################################
2016-05-30 23:28:18.348309 
2016-05-30 23:28:18.348338 ## process/grounding/variable/has_spouse/dump ################################
2016-05-30 23:28:18.348360 : # Done: 2016-05-30T23:27:40-0700 (28s ago)
2016-05-30 23:28:18.348382 # Done: 2016-05-30T23:27:40-0700 (27s ago)
2016-05-30 23:28:18.348405 process/grounding/variable/has_spouse/dump/run.sh
2016-05-30 23:28:18.362653 ++ dirname process/grounding/variable/has_spouse/dump/run.sh
2016-05-30 23:28:18.370722 + cd process/grounding/variable/has_spouse/dump
2016-05-30 23:28:18.370949 + export DEEPDIVE_CURRENT_PROCESS_NAME=process/grounding/variable/has_spouse/dump
2016-05-30 23:28:18.371006 + DEEPDIVE_CURRENT_PROCESS_NAME=process/grounding/variable/has_spouse/dump
2016-05-30 23:28:18.371075 + : /Users/emerson/Documents/Github/deepdive/examples/coach_nba/run/model/grounding
2016-05-30 23:28:18.371109 + table=has_spouse
2016-05-30 23:28:18.371133 + varPath=/Users/emerson/Documents/Github/deepdive/examples/coach_nba/run/model/grounding/variable/has_spouse
2016-05-30 23:28:18.371157 + mkdir -p /Users/emerson/Documents/Github/deepdive/examples/coach_nba/run/model/grounding/variable/has_spouse
2016-05-30 23:28:18.376303 + cd /Users/emerson/Documents/Github/deepdive/examples/coach_nba/run/model/grounding/variable/has_spouse
2016-05-30 23:28:18.376737 + find . -name 'variables.part-*.bin.bz2' -exec rm -rf '{}' +
2016-05-30 23:28:18.390169 + export DEEPDIVE_LOAD_FORMAT=tsv
2016-05-30 23:28:18.390239 + DEEPDIVE_LOAD_FORMAT=tsv
2016-05-30 23:28:18.390270 + export DEEPDIVE_UNLOAD_MATERIALIZED=false
2016-05-30 23:28:18.390296 + DEEPDIVE_UNLOAD_MATERIALIZED=false
2016-05-30 23:28:18.390493 + deepdive compute execute 'input_sql=SELECT "id"
2016-05-30 23:28:18.390532      , "variable_role"
2016-05-30 23:28:18.390557      , CASE WHEN variable_role = 0 THEN 0
2016-05-30 23:28:18.390579                           ELSE (CASE WHEN label THEN 1 ELSE 0 END) + 0.0
2016-05-30 23:28:18.390602                       END AS "init_value"
2016-05-30 23:28:18.390623      , "variable_type"
2016-05-30 23:28:18.390643      , "cardinality"
2016-05-30 23:28:18.390662 FROM (SELECT "id" AS "id"
2016-05-30 23:28:18.390681      , CASE WHEN               observation.variable_id IS NOT NULL
2016-05-30 23:28:18.390713                                      AND variables."label" IS NOT NULL THEN 2
2016-05-30 23:28:18.390735                                     WHEN               holdout.variable_id IS NOT NULL THEN 0
2016-05-30 23:28:18.390755                                     WHEN variables."label" IS NOT NULL THEN 1
2016-05-30 23:28:18.390777                                                                                        ELSE 0
2016-05-30 23:28:18.390799                                 END AS "variable_role"
2016-05-30 23:28:18.390822      , "variables"."label" AS "label"
2016-05-30 23:28:18.390846      , 0 AS "variable_type"
2016-05-30 23:28:18.390870      , 2 AS "cardinality"
2016-05-30 23:28:18.390892 FROM "has_spouse" "variables"
2016-05-30 23:28:18.390915 LEFT OUTER JOIN "dd_graph_variables_holdout" "holdout" ON "variables"."id" = "holdout"."variable_id" LEFT OUTER JOIN "dd_graph_variables_observation" "observation" ON "variables"."id" = "observation"."variable_id") "variables"' 'command=
2016-05-30 23:28:18.390939                 format_converter variable /dev/stdin >(pbzip2 >variables.part-${DEEPDIVE_CURRENT_PROCESS_INDEX}.bin.bz2)
2016-05-30 23:28:18.390961             ' output_relation=
2016-05-30 23:28:18.490375 Executing with the following configuration:
2016-05-30 23:28:18.490430  DEEPDIVE_NUM_PROCESSES=3
2016-05-30 23:28:18.490455  DEEPDIVE_NUM_PARALLEL_UNLOADS=1
2016-05-30 23:28:18.490476  DEEPDIVE_NUM_PARALLEL_LOADS=1
2016-05-30 23:28:18.606101 unloading to feed_processes-1: 'SELECT "id"
2016-05-30 23:28:18.606147      , "variable_role"
2016-05-30 23:28:18.606171      , CASE WHEN variable_role = 0 THEN 0
2016-05-30 23:28:18.606194                           ELSE (CASE WHEN label THEN 1 ELSE 0 END) + 0.0
2016-05-30 23:28:18.606214                       END AS "init_value"
2016-05-30 23:28:18.606232      , "variable_type"
2016-05-30 23:28:18.606251      , "cardinality"
2016-05-30 23:28:18.606290 FROM (SELECT "id" AS "id"
2016-05-30 23:28:18.606314      , CASE WHEN               observation.variable_id IS NOT NULL
2016-05-30 23:28:18.606334                                      AND variables."label" IS NOT NULL THEN 2
2016-05-30 23:28:18.606353                                     WHEN               holdout.variable_id IS NOT NULL THEN 0
2016-05-30 23:28:18.606374                                     WHEN variables."label" IS NOT NULL THEN 1
2016-05-30 23:28:18.606394                                                                                        ELSE 0
2016-05-30 23:28:18.606414                                 END AS "variable_role"
2016-05-30 23:28:18.606434      , "variables"."label" AS "label"
2016-05-30 23:28:18.606455      , 0 AS "variable_type"
2016-05-30 23:28:18.606474      , 2 AS "cardinality"
2016-05-30 23:28:18.606493 FROM "has_spouse" "variables"
2016-05-30 23:28:18.606541 LEFT OUTER JOIN "dd_graph_variables_holdout" "holdout" ON "variables"."id" = "holdout"."variable_id" LEFT OUTER JOIN "dd_graph_variables_observation" "observation" ON "variables"."id" = "observation"."variable_id") "variables"'
2016-05-30 23:28:18.678099 949
2016-05-30 23:28:18.678216 1366
2016-05-30 23:28:18.680163 896
2016-05-30 23:28:18.694725 mark_done process/grounding/variable/has_spouse/dump
2016-05-30 23:28:18.716819 ##############################################################################
2016-05-30 23:28:18.716892 
2016-05-30 23:28:18.716926 ## process/grounding/combine_factorgraph #####################################
2016-05-30 23:28:18.716951 : # Done: 2016-05-30T23:27:40-0700 (28s ago)
2016-05-30 23:28:18.716972 # Done: 2016-05-30T23:27:40-0700 (27s ago)
2016-05-30 23:28:18.716993 process/grounding/combine_factorgraph/run.sh
2016-05-30 23:28:18.725025 ++ dirname process/grounding/combine_factorgraph/run.sh
2016-05-30 23:28:18.730619 + cd process/grounding/combine_factorgraph
2016-05-30 23:28:18.731003 + export DEEPDIVE_CURRENT_PROCESS_NAME=process/grounding/combine_factorgraph
2016-05-30 23:28:18.731114 + DEEPDIVE_CURRENT_PROCESS_NAME=process/grounding/combine_factorgraph
2016-05-30 23:28:18.731884 + : /Users/emerson/Documents/Github/deepdive/examples/coach_nba/run/model/grounding
2016-05-30 23:28:18.732056 + : /Users/emerson/Documents/Github/deepdive/examples/coach_nba/run/model/factorgraph
2016-05-30 23:28:18.732187 + rm -rf /Users/emerson/Documents/Github/deepdive/examples/coach_nba/run/model/factorgraph
2016-05-30 23:28:18.738242 + mkdir -p /Users/emerson/Documents/Github/deepdive/examples/coach_nba/run/model/factorgraph
2016-05-30 23:28:18.743150 + cd /Users/emerson/Documents/Github/deepdive/examples/coach_nba/run/model/factorgraph
2016-05-30 23:28:18.743254 + for v in ''\''has_spouse'\'''
2016-05-30 23:28:18.743301 + mkdir -p variables/has_spouse
2016-05-30 23:28:18.747130 + find /Users/emerson/Documents/Github/deepdive/examples/coach_nba/run/model/grounding/variable/has_spouse -name 'variables.part-*.bin.bz2' -exec ln -sfnv -t variables/has_spouse/ '{}' +
2016-05-30 23:28:18.753320 variables/has_spouse/variables.part-1.bin.bz2 -> /Users/emerson/Documents/Github/deepdive/examples/coach_nba/run/model/grounding/variable/has_spouse/variables.part-1.bin.bz2
2016-05-30 23:28:18.753370 variables/has_spouse/variables.part-2.bin.bz2 -> /Users/emerson/Documents/Github/deepdive/examples/coach_nba/run/model/grounding/variable/has_spouse/variables.part-2.bin.bz2
2016-05-30 23:28:18.753393 variables/has_spouse/variables.part-3.bin.bz2 -> /Users/emerson/Documents/Github/deepdive/examples/coach_nba/run/model/grounding/variable/has_spouse/variables.part-3.bin.bz2
2016-05-30 23:28:18.753857 + for f in ''\''inf1_istrue_has_spouse'\''' ''\''inf_imply_has_spouse_has_spouse'\''' ''\''inf_istrue_has_spouse'\'''
2016-05-30 23:28:18.753895 + mkdir -p factors/inf1_istrue_has_spouse weights/inf1_istrue_has_spouse
2016-05-30 23:28:18.759545 + find /Users/emerson/Documents/Github/deepdive/examples/coach_nba/run/model/grounding/factor/inf1_istrue_has_spouse -name 'factors.part-*.bin.bz2' -exec ln -sfnv -t factors/inf1_istrue_has_spouse/ '{}' + -o -name 'weights.part-*.bin.bz2' -exec ln -sfnv -t weights/inf1_istrue_has_spouse/ '{}' +
2016-05-30 23:28:18.769332 weights/inf1_istrue_has_spouse/weights.part-1.bin.bz2 -> /Users/emerson/Documents/Github/deepdive/examples/coach_nba/run/model/grounding/factor/inf1_istrue_has_spouse/weights.part-1.bin.bz2
2016-05-30 23:28:18.769396 weights/inf1_istrue_has_spouse/weights.part-2.bin.bz2 -> /Users/emerson/Documents/Github/deepdive/examples/coach_nba/run/model/grounding/factor/inf1_istrue_has_spouse/weights.part-2.bin.bz2
2016-05-30 23:28:18.769421 weights/inf1_istrue_has_spouse/weights.part-3.bin.bz2 -> /Users/emerson/Documents/Github/deepdive/examples/coach_nba/run/model/grounding/factor/inf1_istrue_has_spouse/weights.part-3.bin.bz2
2016-05-30 23:28:18.773332 factors/inf1_istrue_has_spouse/factors.part-1.bin.bz2 -> /Users/emerson/Documents/Github/deepdive/examples/coach_nba/run/model/grounding/factor/inf1_istrue_has_spouse/factors.part-1.bin.bz2
2016-05-30 23:28:18.773398 factors/inf1_istrue_has_spouse/factors.part-2.bin.bz2 -> /Users/emerson/Documents/Github/deepdive/examples/coach_nba/run/model/grounding/factor/inf1_istrue_has_spouse/factors.part-2.bin.bz2
2016-05-30 23:28:18.773426 factors/inf1_istrue_has_spouse/factors.part-3.bin.bz2 -> /Users/emerson/Documents/Github/deepdive/examples/coach_nba/run/model/grounding/factor/inf1_istrue_has_spouse/factors.part-3.bin.bz2
2016-05-30 23:28:18.773873 + for f in ''\''inf1_istrue_has_spouse'\''' ''\''inf_imply_has_spouse_has_spouse'\''' ''\''inf_istrue_has_spouse'\'''
2016-05-30 23:28:18.773916 + mkdir -p factors/inf_imply_has_spouse_has_spouse weights/inf_imply_has_spouse_has_spouse
2016-05-30 23:28:18.779211 + find /Users/emerson/Documents/Github/deepdive/examples/coach_nba/run/model/grounding/factor/inf_imply_has_spouse_has_spouse -name 'factors.part-*.bin.bz2' -exec ln -sfnv -t factors/inf_imply_has_spouse_has_spouse/ '{}' + -o -name 'weights.part-*.bin.bz2' -exec ln -sfnv -t weights/inf_imply_has_spouse_has_spouse/ '{}' +
2016-05-30 23:28:18.787520 weights/inf_imply_has_spouse_has_spouse/weights.part-1.bin.bz2 -> /Users/emerson/Documents/Github/deepdive/examples/coach_nba/run/model/grounding/factor/inf_imply_has_spouse_has_spouse/weights.part-1.bin.bz2
2016-05-30 23:28:18.787571 weights/inf_imply_has_spouse_has_spouse/weights.part-2.bin.bz2 -> /Users/emerson/Documents/Github/deepdive/examples/coach_nba/run/model/grounding/factor/inf_imply_has_spouse_has_spouse/weights.part-2.bin.bz2
2016-05-30 23:28:18.787594 weights/inf_imply_has_spouse_has_spouse/weights.part-3.bin.bz2 -> /Users/emerson/Documents/Github/deepdive/examples/coach_nba/run/model/grounding/factor/inf_imply_has_spouse_has_spouse/weights.part-3.bin.bz2
2016-05-30 23:28:18.791215 factors/inf_imply_has_spouse_has_spouse/factors.part-1.bin.bz2 -> /Users/emerson/Documents/Github/deepdive/examples/coach_nba/run/model/grounding/factor/inf_imply_has_spouse_has_spouse/factors.part-1.bin.bz2
2016-05-30 23:28:18.791267 factors/inf_imply_has_spouse_has_spouse/factors.part-2.bin.bz2 -> /Users/emerson/Documents/Github/deepdive/examples/coach_nba/run/model/grounding/factor/inf_imply_has_spouse_has_spouse/factors.part-2.bin.bz2
2016-05-30 23:28:18.791290 factors/inf_imply_has_spouse_has_spouse/factors.part-3.bin.bz2 -> /Users/emerson/Documents/Github/deepdive/examples/coach_nba/run/model/grounding/factor/inf_imply_has_spouse_has_spouse/factors.part-3.bin.bz2
2016-05-30 23:28:18.791716 + for f in ''\''inf1_istrue_has_spouse'\''' ''\''inf_imply_has_spouse_has_spouse'\''' ''\''inf_istrue_has_spouse'\'''
2016-05-30 23:28:18.791774 + mkdir -p factors/inf_istrue_has_spouse weights/inf_istrue_has_spouse
2016-05-30 23:28:18.795588 + find /Users/emerson/Documents/Github/deepdive/examples/coach_nba/run/model/grounding/factor/inf_istrue_has_spouse -name 'factors.part-*.bin.bz2' -exec ln -sfnv -t factors/inf_istrue_has_spouse/ '{}' + -o -name 'weights.part-*.bin.bz2' -exec ln -sfnv -t weights/inf_istrue_has_spouse/ '{}' +
2016-05-30 23:28:18.801904 weights/inf_istrue_has_spouse/weights.part-1.bin.bz2 -> /Users/emerson/Documents/Github/deepdive/examples/coach_nba/run/model/grounding/factor/inf_istrue_has_spouse/weights.part-1.bin.bz2
2016-05-30 23:28:18.801977 weights/inf_istrue_has_spouse/weights.part-2.bin.bz2 -> /Users/emerson/Documents/Github/deepdive/examples/coach_nba/run/model/grounding/factor/inf_istrue_has_spouse/weights.part-2.bin.bz2
2016-05-30 23:28:18.802010 weights/inf_istrue_has_spouse/weights.part-3.bin.bz2 -> /Users/emerson/Documents/Github/deepdive/examples/coach_nba/run/model/grounding/factor/inf_istrue_has_spouse/weights.part-3.bin.bz2
2016-05-30 23:28:18.807194 factors/inf_istrue_has_spouse/factors.part-1.bin.bz2 -> /Users/emerson/Documents/Github/deepdive/examples/coach_nba/run/model/grounding/factor/inf_istrue_has_spouse/factors.part-1.bin.bz2
2016-05-30 23:28:18.807266 factors/inf_istrue_has_spouse/factors.part-2.bin.bz2 -> /Users/emerson/Documents/Github/deepdive/examples/coach_nba/run/model/grounding/factor/inf_istrue_has_spouse/factors.part-2.bin.bz2
2016-05-30 23:28:18.807294 factors/inf_istrue_has_spouse/factors.part-3.bin.bz2 -> /Users/emerson/Documents/Github/deepdive/examples/coach_nba/run/model/grounding/factor/inf_istrue_has_spouse/factors.part-3.bin.bz2
2016-05-30 23:28:18.808612 + cd /Users/emerson/Documents/Github/deepdive/examples/coach_nba/run/model/grounding
2016-05-30 23:28:18.808683 + counts=()
2016-05-30 23:28:18.808714 + counts+=($(cat factor/weights_count))
2016-05-30 23:28:18.814469 ++ cat factor/weights_count
2016-05-30 23:28:18.822950 + counts+=($(cat variable_count))
2016-05-30 23:28:18.824820 ++ cat variable_count
2016-05-30 23:28:18.830578 + cd factor
2016-05-30 23:28:18.830693 + counts+=($(find 'inf1_istrue_has_spouse' 'inf_imply_has_spouse_has_spouse' 'inf_istrue_has_spouse' -name 'nfactors.part-*' -exec cat {} + | sumup))
2016-05-30 23:28:18.831929 ++ find inf1_istrue_has_spouse inf_imply_has_spouse_has_spouse inf_istrue_has_spouse -name 'nfactors.part-*' -exec cat '{}' +
2016-05-30 23:28:18.831995 ++ sumup
2016-05-30 23:28:18.832965 ++ tr '\n' +
2016-05-30 23:28:18.833032 ++ bc
2016-05-30 23:28:18.843887 ++ echo 0
2016-05-30 23:28:18.844924 + counts+=($(find 'inf1_istrue_has_spouse' 'inf_imply_has_spouse_has_spouse' 'inf_istrue_has_spouse' -name 'nedges.part-*'   -exec cat {} + | sumup))
2016-05-30 23:28:18.846265 ++ find inf1_istrue_has_spouse inf_imply_has_spouse_has_spouse inf_istrue_has_spouse -name 'nedges.part-*' -exec cat '{}' +
2016-05-30 23:28:18.846413 ++ sumup
2016-05-30 23:28:18.847351 ++ tr '\n' +
2016-05-30 23:28:18.847432 ++ bc
2016-05-30 23:28:18.861191 ++ echo 0
2016-05-30 23:28:18.862934 + IFS=,
2016-05-30 23:28:18.863009 + echo 72263,3211,206187,217302
2016-05-30 23:28:18.863387 + paths=("$DEEPDIVE_FACTORGRAPH_DIR"/{weights,variables,factors,edges})
2016-05-30 23:28:18.864080 + IFS=,
2016-05-30 23:28:18.864182 + echo /Users/emerson/Documents/Github/deepdive/examples/coach_nba/run/model/factorgraph/weights,/Users/emerson/Documents/Github/deepdive/examples/coach_nba/run/model/factorgraph/variables,/Users/emerson/Documents/Github/deepdive/examples/coach_nba/run/model/factorgraph/factors,/Users/emerson/Documents/Github/deepdive/examples/coach_nba/run/model/factorgraph/edges
2016-05-30 23:28:18.865135 mark_done process/grounding/combine_factorgraph
2016-05-30 23:28:18.887462 ##############################################################################
2016-05-30 23:28:18.887512 
