2016-05-29 17:06:59.933048 # on dhcp-169-233-170-85.cruznet.ucsc.edu: deepdive do calibration-plots
2016-05-29 17:06:59.933379 # run/20160529/170657.545091000/plan.sh
2016-05-29 17:06:59.933413 # execution plan for model/calibration-plots
2016-05-29 17:06:59.933438 
2016-05-29 17:06:59.933459 : ## process/init/app ##########################################################
2016-05-29 17:06:59.933478 : # Done: 2016-05-22T17:21:25-0700 (6d 23h 45m 32s ago)
2016-05-29 17:06:59.933498 : process/init/app/run.sh
2016-05-29 17:06:59.933521 : mark_done process/init/app
2016-05-29 17:06:59.933541 : ##############################################################################
2016-05-29 17:06:59.933559 
2016-05-29 17:06:59.933578 : ## process/init/relation/articles ############################################
2016-05-29 17:06:59.933596 : # Done: 2016-05-23T12:16:43-0700 (6d 4h 50m 14s ago)
2016-05-29 17:06:59.933614 : process/init/relation/articles/run.sh
2016-05-29 17:06:59.933632 : mark_done process/init/relation/articles
2016-05-29 17:06:59.933651 : ##############################################################################
2016-05-29 17:06:59.933669 
2016-05-29 17:06:59.933686 : ## data/articles #############################################################
2016-05-29 17:06:59.933704 : # Done: 2016-05-23T12:16:43-0700 (6d 4h 50m 14s ago)
2016-05-29 17:06:59.933722 : # no-op
2016-05-29 17:06:59.933740 : mark_done data/articles
2016-05-29 17:06:59.933757 : ##############################################################################
2016-05-29 17:06:59.933776 
2016-05-29 17:06:59.933793 : ## process/ext_sentences_by_nlp_markup #######################################
2016-05-29 17:06:59.933811 : # Done: 2016-05-23T15:05:01-0700 (6d 2h 1m 56s ago)
2016-05-29 17:06:59.933829 : process/ext_sentences_by_nlp_markup/run.sh
2016-05-29 17:06:59.933847 : mark_done process/ext_sentences_by_nlp_markup
2016-05-29 17:06:59.933864 : ##############################################################################
2016-05-29 17:06:59.933882 
2016-05-29 17:06:59.933948 : ## data/sentences ############################################################
2016-05-29 17:06:59.933974 : # Done: 2016-05-23T15:05:01-0700 (6d 2h 1m 56s ago)
2016-05-29 17:06:59.933996 : # no-op
2016-05-29 17:06:59.934018 : mark_done data/sentences
2016-05-29 17:06:59.934039 : ##############################################################################
2016-05-29 17:06:59.934061 
2016-05-29 17:06:59.934082 : ## process/ext_person_mention_by_map_person_mention ##########################
2016-05-29 17:06:59.934103 : # Done: 2016-05-23T15:05:52-0700 (6d 2h 1m 5s ago)
2016-05-29 17:06:59.934124 : process/ext_person_mention_by_map_person_mention/run.sh
2016-05-29 17:06:59.934145 : mark_done process/ext_person_mention_by_map_person_mention
2016-05-29 17:06:59.934166 : ##############################################################################
2016-05-29 17:06:59.934188 
2016-05-29 17:06:59.934209 : ## data/person_mention #######################################################
2016-05-29 17:06:59.934230 : # Done: 2016-05-23T15:05:52-0700 (6d 2h 1m 5s ago)
2016-05-29 17:06:59.934251 : # no-op
2016-05-29 17:06:59.934272 : mark_done data/person_mention
2016-05-29 17:06:59.934294 : ##############################################################################
2016-05-29 17:06:59.934314 
2016-05-29 17:06:59.934335 : ## process/init/relation/spouses_dbpedia #####################################
2016-05-29 17:06:59.934358 : # Done: 2016-05-23T15:08:28-0700 (6d 1h 58m 29s ago)
2016-05-29 17:06:59.934380 : process/init/relation/spouses_dbpedia/run.sh
2016-05-29 17:06:59.934401 : mark_done process/init/relation/spouses_dbpedia
2016-05-29 17:06:59.934422 : ##############################################################################
2016-05-29 17:06:59.934443 
2016-05-29 17:06:59.934464 : ## data/spouses_dbpedia ######################################################
2016-05-29 17:06:59.934485 : # Done: 2016-05-23T15:08:28-0700 (6d 1h 58m 29s ago)
2016-05-29 17:06:59.934506 : # no-op
2016-05-29 17:06:59.934528 : mark_done data/spouses_dbpedia
2016-05-29 17:06:59.934549 : ##############################################################################
2016-05-29 17:06:59.934570 
2016-05-29 17:06:59.934591 : ## process/ext_team_mention_by_map_team_mention ##############################
2016-05-29 17:06:59.934612 : # Done: 2016-05-23T15:06:19-0700 (6d 2h 38s ago)
2016-05-29 17:06:59.934634 : process/ext_team_mention_by_map_team_mention/run.sh
2016-05-29 17:06:59.934654 : mark_done process/ext_team_mention_by_map_team_mention
2016-05-29 17:06:59.934676 : ##############################################################################
2016-05-29 17:06:59.934696 
2016-05-29 17:06:59.934717 : ## data/team_mention #########################################################
2016-05-29 17:06:59.934739 : # Done: 2016-05-23T15:06:19-0700 (6d 2h 38s ago)
2016-05-29 17:06:59.934761 : # no-op
2016-05-29 17:06:59.934781 : mark_done data/team_mention
2016-05-29 17:06:59.934802 : ##############################################################################
2016-05-29 17:06:59.934824 
2016-05-29 17:06:59.934845 : ## process/ext_num_people ####################################################
2016-05-29 17:06:59.934866 : # Done: 2016-05-23T15:06:46-0700 (6d 2h 11s ago)
2016-05-29 17:06:59.934887 : process/ext_num_people/run.sh
2016-05-29 17:06:59.934908 : mark_done process/ext_num_people
2016-05-29 17:06:59.934929 : ##############################################################################
2016-05-29 17:06:59.934950 
2016-05-29 17:06:59.934971 : ## data/num_people ###########################################################
2016-05-29 17:06:59.934993 : # Done: 2016-05-23T15:06:46-0700 (6d 2h 11s ago)
2016-05-29 17:06:59.935014 : # no-op
2016-05-29 17:06:59.935034 : mark_done data/num_people
2016-05-29 17:06:59.935056 : ##############################################################################
2016-05-29 17:06:59.935077 
2016-05-29 17:06:59.935099 : ## process/ext_spouse_candidate ##############################################
2016-05-29 17:06:59.935120 : # Done: 2016-05-23T15:07:38-0700 (6d 1h 59m 19s ago)
2016-05-29 17:06:59.935141 : process/ext_spouse_candidate/run.sh
2016-05-29 17:06:59.935162 : mark_done process/ext_spouse_candidate
2016-05-29 17:06:59.935183 : ##############################################################################
2016-05-29 17:06:59.935221 
2016-05-29 17:06:59.935254 : ## data/spouse_candidate #####################################################
2016-05-29 17:06:59.935276 : # Done: 2016-05-23T15:07:38-0700 (6d 1h 59m 19s ago)
2016-05-29 17:06:59.935295 : # no-op
2016-05-29 17:06:59.935314 : mark_done data/spouse_candidate
2016-05-29 17:06:59.935332 : ##############################################################################
2016-05-29 17:06:59.935350 
2016-05-29 17:06:59.935368 : ## process/ext_spouse_label__0_by_supervise ##################################
2016-05-29 17:06:59.935386 : # Done: 2016-05-23T15:08:48-0700 (6d 1h 58m 10s ago)
2016-05-29 17:06:59.935404 : process/ext_spouse_label__0_by_supervise/run.sh
2016-05-29 17:06:59.935421 : mark_done process/ext_spouse_label__0_by_supervise
2016-05-29 17:06:59.935440 : ##############################################################################
2016-05-29 17:06:59.935457 
2016-05-29 17:06:59.935475 : ## data/spouse_label__0 ######################################################
2016-05-29 17:06:59.935492 : # Done: 2016-05-23T15:08:48-0700 (6d 1h 58m 10s ago)
2016-05-29 17:06:59.935510 : # no-op
2016-05-29 17:06:59.935528 : mark_done data/spouse_label__0
2016-05-29 17:06:59.935546 : ##############################################################################
2016-05-29 17:06:59.935563 
2016-05-29 17:06:59.935581 : ## process/ext_spouse_label ##################################################
2016-05-29 17:06:59.935598 : # Done: 2016-05-23T15:08:50-0700 (6d 1h 58m 8s ago)
2016-05-29 17:06:59.935616 : process/ext_spouse_label/run.sh
2016-05-29 17:06:59.935635 : mark_done process/ext_spouse_label
2016-05-29 17:06:59.935653 : ##############################################################################
2016-05-29 17:06:59.935671 
2016-05-29 17:06:59.935689 : ## data/spouse_label #########################################################
2016-05-29 17:06:59.935706 : # Done: 2016-05-23T15:08:50-0700 (6d 1h 58m 8s ago)
2016-05-29 17:06:59.935724 : # no-op
2016-05-29 17:06:59.935742 : mark_done data/spouse_label
2016-05-29 17:06:59.935759 : ##############################################################################
2016-05-29 17:06:59.935777 
2016-05-29 17:06:59.935795 : ## process/ext_spouse_label_resolved #########################################
2016-05-29 17:06:59.935814 : # Done: 2016-05-23T15:08:50-0700 (6d 1h 58m 8s ago)
2016-05-29 17:06:59.935831 : process/ext_spouse_label_resolved/run.sh
2016-05-29 17:06:59.935849 : mark_done process/ext_spouse_label_resolved
2016-05-29 17:06:59.935868 : ##############################################################################
2016-05-29 17:06:59.935886 
2016-05-29 17:06:59.935903 : ## data/spouse_label_resolved ################################################
2016-05-29 17:06:59.935921 : # Done: 2016-05-23T15:08:50-0700 (6d 1h 58m 8s ago)
2016-05-29 17:06:59.935939 : # no-op
2016-05-29 17:06:59.935958 : mark_done data/spouse_label_resolved
2016-05-29 17:06:59.935976 : ##############################################################################
2016-05-29 17:06:59.935994 
2016-05-29 17:06:59.936013 : ## process/ext_has_spouse ####################################################
2016-05-29 17:06:59.936031 : # Done: 2016-05-29T12:10:14-0700 (4h 56m 44s ago)
2016-05-29 17:06:59.936049 : process/ext_has_spouse/run.sh
2016-05-29 17:06:59.936066 : mark_done process/ext_has_spouse
2016-05-29 17:06:59.936084 : ##############################################################################
2016-05-29 17:06:59.936102 
2016-05-29 17:06:59.936121 : ## data/has_spouse ###########################################################
2016-05-29 17:06:59.936139 : # Done: 2016-05-29T12:10:14-0700 (4h 56m 44s ago)
2016-05-29 17:06:59.936157 : # no-op
2016-05-29 17:06:59.936175 : mark_done data/has_spouse
2016-05-29 17:06:59.936193 : ##############################################################################
2016-05-29 17:06:59.936211 
2016-05-29 17:06:59.936228 : ## process/grounding/variable_id_partition ###################################
2016-05-29 17:06:59.936246 : # Done: 2016-05-29T12:20:51-0700 (4h 46m 7s ago)
2016-05-29 17:06:59.936264 : process/grounding/variable_id_partition/run.sh
2016-05-29 17:06:59.936281 : mark_done process/grounding/variable_id_partition
2016-05-29 17:06:59.936299 : ##############################################################################
2016-05-29 17:06:59.936317 
2016-05-29 17:06:59.936334 : ## process/grounding/variable/has_spouse/assign_id ###########################
2016-05-29 17:06:59.936351 : # Done: 2016-05-29T12:20:51-0700 (4h 46m 7s ago)
2016-05-29 17:06:59.936369 : process/grounding/variable/has_spouse/assign_id/run.sh
2016-05-29 17:06:59.936386 : mark_done process/grounding/variable/has_spouse/assign_id
2016-05-29 17:06:59.936404 : ##############################################################################
2016-05-29 17:06:59.936421 
2016-05-29 17:06:59.936440 : ## process/grounding/factor/inf1_istrue_has_spouse/materialize ###############
2016-05-29 17:06:59.936458 : # Done: 2016-05-29T12:20:52-0700 (4h 46m 6s ago)
2016-05-29 17:06:59.936476 : process/grounding/factor/inf1_istrue_has_spouse/materialize/run.sh
2016-05-29 17:06:59.936493 : mark_done process/grounding/factor/inf1_istrue_has_spouse/materialize
2016-05-29 17:06:59.936511 : ##############################################################################
2016-05-29 17:06:59.936529 
2016-05-29 17:06:59.936546 : ## process/grounding/factor/inf_imply_has_spouse_has_spouse/materialize ######
2016-05-29 17:06:59.936564 : # Done: 2016-05-29T12:22:01-0700 (4h 44m 57s ago)
2016-05-29 17:06:59.936581 : process/grounding/factor/inf_imply_has_spouse_has_spouse/materialize/run.sh
2016-05-29 17:06:59.936598 : mark_done process/grounding/factor/inf_imply_has_spouse_has_spouse/materialize
2016-05-29 17:06:59.936616 : ##############################################################################
2016-05-29 17:06:59.936633 
2016-05-29 17:06:59.936651 : ## process/ext_spouse_feature_by_extract_spouse_features #####################
2016-05-29 17:06:59.936668 : # Done: 2016-05-23T15:08:09-0700 (6d 1h 58m 49s ago)
2016-05-29 17:06:59.936690 : process/ext_spouse_feature_by_extract_spouse_features/run.sh
2016-05-29 17:06:59.936710 : mark_done process/ext_spouse_feature_by_extract_spouse_features
2016-05-29 17:06:59.936728 : ##############################################################################
2016-05-29 17:06:59.936746 
2016-05-29 17:06:59.936764 : ## data/spouse_feature #######################################################
2016-05-29 17:06:59.936782 : # Done: 2016-05-23T15:08:09-0700 (6d 1h 58m 49s ago)
2016-05-29 17:06:59.936799 : # no-op
2016-05-29 17:06:59.936817 : mark_done data/spouse_feature
2016-05-29 17:06:59.936835 : ##############################################################################
2016-05-29 17:06:59.936853 
2016-05-29 17:06:59.936870 : ## process/grounding/factor/inf_istrue_has_spouse/materialize ################
2016-05-29 17:06:59.936888 : # Done: 2016-05-29T12:22:02-0700 (4h 44m 56s ago)
2016-05-29 17:06:59.936906 : process/grounding/factor/inf_istrue_has_spouse/materialize/run.sh
2016-05-29 17:06:59.936923 : mark_done process/grounding/factor/inf_istrue_has_spouse/materialize
2016-05-29 17:06:59.936941 : ##############################################################################
2016-05-29 17:06:59.936958 
2016-05-29 17:06:59.936976 : ## process/grounding/weight_id_partition #####################################
2016-05-29 17:06:59.936994 : # Done: 2016-05-29T12:22:02-0700 (4h 44m 56s ago)
2016-05-29 17:06:59.937012 : process/grounding/weight_id_partition/run.sh
2016-05-29 17:06:59.937029 : mark_done process/grounding/weight_id_partition
2016-05-29 17:06:59.937047 : ##############################################################################
2016-05-29 17:06:59.937065 
2016-05-29 17:06:59.937082 : ## process/grounding/factor/inf1_istrue_has_spouse/assign_weight_id ##########
2016-05-29 17:06:59.937100 : # Done: 2016-05-29T12:22:02-0700 (4h 44m 56s ago)
2016-05-29 17:06:59.937118 : process/grounding/factor/inf1_istrue_has_spouse/assign_weight_id/run.sh
2016-05-29 17:06:59.937135 : mark_done process/grounding/factor/inf1_istrue_has_spouse/assign_weight_id
2016-05-29 17:06:59.937153 : ##############################################################################
2016-05-29 17:06:59.937171 
2016-05-29 17:06:59.937188 : ## process/grounding/factor/inf1_istrue_has_spouse/dump ######################
2016-05-29 17:06:59.937206 : # Done: 2016-05-29T12:22:03-0700 (4h 44m 55s ago)
2016-05-29 17:06:59.937224 : process/grounding/factor/inf1_istrue_has_spouse/dump/run.sh
2016-05-29 17:06:59.937241 : mark_done process/grounding/factor/inf1_istrue_has_spouse/dump
2016-05-29 17:06:59.937259 : ##############################################################################
2016-05-29 17:06:59.937277 
2016-05-29 17:06:59.937294 : ## process/grounding/factor/inf1_istrue_has_spouse/dump_weights ##############
2016-05-29 17:06:59.937312 : # Done: 2016-05-29T12:22:04-0700 (4h 44m 54s ago)
2016-05-29 17:06:59.937330 : process/grounding/factor/inf1_istrue_has_spouse/dump_weights/run.sh
2016-05-29 17:06:59.937347 : mark_done process/grounding/factor/inf1_istrue_has_spouse/dump_weights
2016-05-29 17:06:59.937365 : ##############################################################################
2016-05-29 17:06:59.937383 
2016-05-29 17:06:59.937400 : ## process/grounding/factor/inf_imply_has_spouse_has_spouse/assign_weight_id #
2016-05-29 17:06:59.937418 : # Done: 2016-05-29T12:22:06-0700 (4h 44m 52s ago)
2016-05-29 17:06:59.937436 : process/grounding/factor/inf_imply_has_spouse_has_spouse/assign_weight_id/run.sh
2016-05-29 17:06:59.937453 : mark_done process/grounding/factor/inf_imply_has_spouse_has_spouse/assign_weight_id
2016-05-29 17:06:59.937471 : ##############################################################################
2016-05-29 17:06:59.937489 
2016-05-29 17:06:59.937506 : ## process/grounding/factor/inf_imply_has_spouse_has_spouse/dump #############
2016-05-29 17:06:59.937524 : # Done: 2016-05-29T12:22:06-0700 (4h 44m 52s ago)
2016-05-29 17:06:59.937542 : process/grounding/factor/inf_imply_has_spouse_has_spouse/dump/run.sh
2016-05-29 17:06:59.937559 : mark_done process/grounding/factor/inf_imply_has_spouse_has_spouse/dump
2016-05-29 17:06:59.937714 : ##############################################################################
2016-05-29 17:06:59.937736 
2016-05-29 17:06:59.937754 : ## process/grounding/factor/inf_imply_has_spouse_has_spouse/dump_weights #####
2016-05-29 17:06:59.937772 : # Done: 2016-05-29T12:22:06-0700 (4h 44m 52s ago)
2016-05-29 17:06:59.937790 : process/grounding/factor/inf_imply_has_spouse_has_spouse/dump_weights/run.sh
2016-05-29 17:06:59.937808 : mark_done process/grounding/factor/inf_imply_has_spouse_has_spouse/dump_weights
2016-05-29 17:06:59.937825 : ##############################################################################
2016-05-29 17:06:59.937843 
2016-05-29 17:06:59.937861 : ## process/grounding/factor/inf_istrue_has_spouse/assign_weight_id ###########
2016-05-29 17:06:59.937878 : # Done: 2016-05-29T12:22:07-0700 (4h 44m 51s ago)
2016-05-29 17:06:59.937896 : process/grounding/factor/inf_istrue_has_spouse/assign_weight_id/run.sh
2016-05-29 17:06:59.937914 : mark_done process/grounding/factor/inf_istrue_has_spouse/assign_weight_id
2016-05-29 17:06:59.937932 : ##############################################################################
2016-05-29 17:06:59.937949 
2016-05-29 17:06:59.937967 : ## process/grounding/factor/inf_istrue_has_spouse/dump #######################
2016-05-29 17:06:59.937985 : # Done: 2016-05-29T12:22:08-0700 (4h 44m 50s ago)
2016-05-29 17:06:59.938002 : process/grounding/factor/inf_istrue_has_spouse/dump/run.sh
2016-05-29 17:06:59.938020 : mark_done process/grounding/factor/inf_istrue_has_spouse/dump
2016-05-29 17:06:59.938037 : ##############################################################################
2016-05-29 17:06:59.938055 
2016-05-29 17:06:59.938074 : ## process/grounding/factor/inf_istrue_has_spouse/dump_weights ###############
2016-05-29 17:06:59.938093 : # Done: 2016-05-29T12:22:08-0700 (4h 44m 50s ago)
2016-05-29 17:06:59.938110 : process/grounding/factor/inf_istrue_has_spouse/dump_weights/run.sh
2016-05-29 17:06:59.938128 : mark_done process/grounding/factor/inf_istrue_has_spouse/dump_weights
2016-05-29 17:06:59.938146 : ##############################################################################
2016-05-29 17:06:59.938163 
2016-05-29 17:06:59.938180 : ## process/grounding/global_weight_table #####################################
2016-05-29 17:06:59.938198 : # Done: 2016-05-29T12:22:08-0700 (4h 44m 50s ago)
2016-05-29 17:06:59.938216 : process/grounding/global_weight_table/run.sh
2016-05-29 17:06:59.938235 : mark_done process/grounding/global_weight_table
2016-05-29 17:06:59.938252 : ##############################################################################
2016-05-29 17:06:59.938270 
2016-05-29 17:06:59.938289 : ## process/grounding/variable_holdout ########################################
2016-05-29 17:06:59.938306 : # Done: 2016-05-29T12:22:09-0700 (4h 44m 49s ago)
2016-05-29 17:06:59.938324 : process/grounding/variable_holdout/run.sh
2016-05-29 17:06:59.938342 : mark_done process/grounding/variable_holdout
2016-05-29 17:06:59.938360 : ##############################################################################
2016-05-29 17:06:59.938377 
2016-05-29 17:06:59.938395 : ## process/grounding/variable/has_spouse/dump ################################
2016-05-29 17:06:59.938412 : # Done: 2016-05-29T12:22:09-0700 (4h 44m 49s ago)
2016-05-29 17:06:59.938430 : process/grounding/variable/has_spouse/dump/run.sh
2016-05-29 17:06:59.938447 : mark_done process/grounding/variable/has_spouse/dump
2016-05-29 17:06:59.938465 : ##############################################################################
2016-05-29 17:06:59.938483 
2016-05-29 17:06:59.938500 : ## process/grounding/combine_factorgraph #####################################
2016-05-29 17:06:59.938518 : # Done: 2016-05-29T12:22:10-0700 (4h 44m 48s ago)
2016-05-29 17:06:59.938536 : process/grounding/combine_factorgraph/run.sh
2016-05-29 17:06:59.938553 : mark_done process/grounding/combine_factorgraph
2016-05-29 17:06:59.938571 : ##############################################################################
2016-05-29 17:06:59.938590 
2016-05-29 17:06:59.938608 : ## model/factorgraph #########################################################
2016-05-29 17:06:59.938626 : # Done: 2016-05-29T12:22:10-0700 (4h 44m 48s ago)
2016-05-29 17:06:59.938645 : mark_done model/factorgraph
2016-05-29 17:06:59.938662 : ##############################################################################
2016-05-29 17:06:59.938680 
2016-05-29 17:06:59.938698 : ## process/model/learning ####################################################
2016-05-29 17:06:59.938715 : # Done: 2016-05-29T12:22:22-0700 (4h 44m 36s ago)
2016-05-29 17:06:59.938733 : process/model/learning/run.sh
2016-05-29 17:06:59.938750 : mark_done process/model/learning
2016-05-29 17:06:59.938768 : ##############################################################################
2016-05-29 17:06:59.938785 
2016-05-29 17:06:59.938803 : ## model/weights #############################################################
2016-05-29 17:06:59.938821 : # Done: 2016-05-29T12:22:22-0700 (4h 44m 36s ago)
2016-05-29 17:06:59.938838 : mark_done model/weights
2016-05-29 17:06:59.938856 : ##############################################################################
2016-05-29 17:06:59.938874 
2016-05-29 17:06:59.938891 : ## process/model/inference ###################################################
2016-05-29 17:06:59.938909 : # Done: 2016-05-29T12:22:22-0700 (4h 44m 36s ago)
2016-05-29 17:06:59.938927 : process/model/inference/run.sh
2016-05-29 17:06:59.938944 : mark_done process/model/inference
2016-05-29 17:06:59.938962 : ##############################################################################
2016-05-29 17:06:59.938980 
2016-05-29 17:06:59.938998 : ## model/probabilities #######################################################
2016-05-29 17:06:59.939015 : # Done: 2016-05-29T12:22:22-0700 (4h 44m 36s ago)
2016-05-29 17:06:59.939033 : mark_done model/probabilities
2016-05-29 17:06:59.939050 : ##############################################################################
2016-05-29 17:06:59.939074 
2016-05-29 17:06:59.939094 : ## process/model/load_probabilities ##########################################
2016-05-29 17:06:59.939113 : # Done: 2016-05-29T16:55:37-0700 (11m 21s ago)
2016-05-29 17:06:59.939130 : process/model/load_probabilities/run.sh
2016-05-29 17:06:59.939148 : mark_done process/model/load_probabilities
2016-05-29 17:06:59.939165 : ##############################################################################
2016-05-29 17:06:59.939183 
2016-05-29 17:06:59.939200 : ## data/model/probabilities ##################################################
2016-05-29 17:06:59.939218 : # Done: 2016-05-29T16:55:37-0700 (11m 21s ago)
2016-05-29 17:06:59.939235 : # no-op
2016-05-29 17:06:59.939253 : mark_done data/model/probabilities
2016-05-29 17:06:59.939270 : ##############################################################################
2016-05-29 17:06:59.939288 
2016-05-29 17:06:59.939306 ## process/model/calibration #################################################
2016-05-29 17:06:59.939323 : # Done: 2016-05-29T17:02:20-0700 (4m 38s ago)
2016-05-29 17:06:59.939340 # Done: 2016-05-29T17:02:20-0700 (4m 37s ago)
2016-05-29 17:06:59.939358 process/model/calibration/run.sh
2016-05-29 17:06:59.939375 ++ dirname process/model/calibration/run.sh
2016-05-29 17:06:59.939393 + cd process/model/calibration
2016-05-29 17:06:59.939410 + export DEEPDIVE_CURRENT_PROCESS_NAME=process/model/calibration
2016-05-29 17:06:59.939428 + DEEPDIVE_CURRENT_PROCESS_NAME=process/model/calibration
2016-05-29 17:06:59.939445 + d=../../../model/calibration-plots
2016-05-29 17:06:59.939463 + mkdir -p ../../../model/calibration-plots
2016-05-29 17:06:59.939484 + cd ../../../model/calibration-plots
2016-05-29 17:06:59.939506 + extraOutput=/Users/emerson/Documents/Github/deepdive/examples/coach_nba/run/20160529/170657.545091000/calibration
2016-05-29 17:06:59.939526 + mkdir -p /Users/emerson/Documents/Github/deepdive/examples/coach_nba/run/20160529/170657.545091000/calibration
2016-05-29 17:06:59.939547 + DEEPDIVE_CALIBRATION_NUM_BUCKETS=10
2016-05-29 17:06:59.939566 + deepdive db create_calibration_view has_spouse label
2016-05-29 17:07:00.115004 CREATE VIEW
2016-05-29 17:07:00.116688 + draw_calibration_plot has_spouse label
2016-05-29 17:07:00.285098 + cp -a has_spouse_label.png has_spouse_label.tsv /Users/emerson/Documents/Github/deepdive/examples/coach_nba/run/20160529/170657.545091000/calibration/
2016-05-29 17:07:00.292707 mark_done process/model/calibration
2016-05-29 17:07:00.310097 ##############################################################################
2016-05-29 17:07:00.310179 
2016-05-29 17:07:00.310207 ## model/calibration-plots ###################################################
2016-05-29 17:07:00.310229 : # Done: 2016-05-29T17:02:20-0700 (4m 38s ago)
2016-05-29 17:07:00.310252 # Done: 2016-05-29T17:02:20-0700 (4m 37s ago)
2016-05-29 17:07:00.310334 mark_done model/calibration-plots
2016-05-29 17:07:00.329777 ##############################################################################
2016-05-29 17:07:00.329856 
