2016-06-02 22:16:57.597800 # on dhcp-169-233-187-63.cruznet.ucsc.edu: deepdive do probabilities
2016-06-02 22:16:57.598334 # run/20160602/221654.473585000/plan.sh
2016-06-02 22:16:57.598374 # execution plan for data/model/probabilities
2016-06-02 22:16:57.598398 
2016-06-02 22:16:57.598419 : ## process/init/app ##########################################################
2016-06-02 22:16:57.598441 : # Done: 2016-05-22T17:21:25-0700 (11d 4h 55m 29s ago)
2016-06-02 22:16:57.598463 : process/init/app/run.sh
2016-06-02 22:16:57.598494 : mark_done process/init/app
2016-06-02 22:16:57.598520 : ##############################################################################
2016-06-02 22:16:57.598630 
2016-06-02 22:16:57.598692 : ## process/init/relation/articles ############################################
2016-06-02 22:16:57.598740 : # Done: 2016-05-23T12:16:43-0700 (10d 10h 11s ago)
2016-06-02 22:16:57.598787 : process/init/relation/articles/run.sh
2016-06-02 22:16:57.598831 : mark_done process/init/relation/articles
2016-06-02 22:16:57.598873 : ##############################################################################
2016-06-02 22:16:57.598932 
2016-06-02 22:16:57.598989 : ## data/articles #############################################################
2016-06-02 22:16:57.599034 : # Done: 2016-05-23T12:16:43-0700 (10d 10h 11s ago)
2016-06-02 22:16:57.599100 : # no-op
2016-06-02 22:16:57.599142 : mark_done data/articles
2016-06-02 22:16:57.599180 : ##############################################################################
2016-06-02 22:16:57.599218 
2016-06-02 22:16:57.599252 : ## process/ext_sentences_by_nlp_markup #######################################
2016-06-02 22:16:57.599275 : # Done: 2016-05-23T15:05:01-0700 (10d 7h 11m 53s ago)
2016-06-02 22:16:57.599298 : process/ext_sentences_by_nlp_markup/run.sh
2016-06-02 22:16:57.599335 : mark_done process/ext_sentences_by_nlp_markup
2016-06-02 22:16:57.599372 : ##############################################################################
2016-06-02 22:16:57.599408 
2016-06-02 22:16:57.599444 : ## data/sentences ############################################################
2016-06-02 22:16:57.599481 : # Done: 2016-05-23T15:05:01-0700 (10d 7h 11m 53s ago)
2016-06-02 22:16:57.599516 : # no-op
2016-06-02 22:16:57.599539 : mark_done data/sentences
2016-06-02 22:16:57.599561 : ##############################################################################
2016-06-02 22:16:57.599596 
2016-06-02 22:16:57.599633 : ## process/ext_person_mention_by_map_person_mention ##########################
2016-06-02 22:16:57.599669 : # Done: 2016-05-23T15:05:52-0700 (10d 7h 11m 2s ago)
2016-06-02 22:16:57.599704 : process/ext_person_mention_by_map_person_mention/run.sh
2016-06-02 22:16:57.599774 : mark_done process/ext_person_mention_by_map_person_mention
2016-06-02 22:16:57.599829 : ##############################################################################
2016-06-02 22:16:57.599869 
2016-06-02 22:16:57.599891 : ## data/person_mention #######################################################
2016-06-02 22:16:57.599905 : # Done: 2016-05-23T15:05:52-0700 (10d 7h 11m 2s ago)
2016-06-02 22:16:57.599918 : # no-op
2016-06-02 22:16:57.599955 : mark_done data/person_mention
2016-06-02 22:16:57.599983 : ##############################################################################
2016-06-02 22:16:57.600005 
2016-06-02 22:16:57.600026 : ## process/init/relation/spouses_dbpedia #####################################
2016-06-02 22:16:57.600046 : # Done: 2016-05-23T15:08:28-0700 (10d 7h 8m 26s ago)
2016-06-02 22:16:57.600076 : process/init/relation/spouses_dbpedia/run.sh
2016-06-02 22:16:57.600120 : mark_done process/init/relation/spouses_dbpedia
2016-06-02 22:16:57.600143 : ##############################################################################
2016-06-02 22:16:57.600158 
2016-06-02 22:16:57.600173 : ## data/spouses_dbpedia ######################################################
2016-06-02 22:16:57.600196 : # Done: 2016-05-23T15:08:28-0700 (10d 7h 8m 26s ago)
2016-06-02 22:16:57.600216 : # no-op
2016-06-02 22:16:57.600237 : mark_done data/spouses_dbpedia
2016-06-02 22:16:57.600257 : ##############################################################################
2016-06-02 22:16:57.600270 
2016-06-02 22:16:57.600314 : ## process/ext_team_mention_by_map_team_mention ##############################
2016-06-02 22:16:57.600345 : # Done: 2016-05-23T15:06:19-0700 (10d 7h 10m 35s ago)
2016-06-02 22:16:57.600371 : process/ext_team_mention_by_map_team_mention/run.sh
2016-06-02 22:16:57.600394 : mark_done process/ext_team_mention_by_map_team_mention
2016-06-02 22:16:57.600420 : ##############################################################################
2016-06-02 22:16:57.600466 
2016-06-02 22:16:57.600521 : ## data/team_mention #########################################################
2016-06-02 22:16:57.600542 : # Done: 2016-05-23T15:06:19-0700 (10d 7h 10m 35s ago)
2016-06-02 22:16:57.600562 : # no-op
2016-06-02 22:16:57.600586 : mark_done data/team_mention
2016-06-02 22:16:57.600607 : ##############################################################################
2016-06-02 22:16:57.600629 
2016-06-02 22:16:57.600651 : ## process/ext_num_people ####################################################
2016-06-02 22:16:57.600671 : # Done: 2016-05-23T15:06:46-0700 (10d 7h 10m 8s ago)
2016-06-02 22:16:57.600688 : process/ext_num_people/run.sh
2016-06-02 22:16:57.600730 : mark_done process/ext_num_people
2016-06-02 22:16:57.600755 : ##############################################################################
2016-06-02 22:16:57.600776 
2016-06-02 22:16:57.600797 : ## data/num_people ###########################################################
2016-06-02 22:16:57.600819 : # Done: 2016-05-23T15:06:46-0700 (10d 7h 10m 8s ago)
2016-06-02 22:16:57.600843 : # no-op
2016-06-02 22:16:57.600867 : mark_done data/num_people
2016-06-02 22:16:57.600889 : ##############################################################################
2016-06-02 22:16:57.600910 
2016-06-02 22:16:57.600969 : ## process/ext_spouse_candidate ##############################################
2016-06-02 22:16:57.600994 : # Done: 2016-05-23T15:07:38-0700 (10d 7h 9m 17s ago)
2016-06-02 22:16:57.601019 : process/ext_spouse_candidate/run.sh
2016-06-02 22:16:57.601041 : mark_done process/ext_spouse_candidate
2016-06-02 22:16:57.601065 : ##############################################################################
2016-06-02 22:16:57.601091 
2016-06-02 22:16:57.601116 : ## data/spouse_candidate #####################################################
2016-06-02 22:16:57.601134 : # Done: 2016-05-23T15:07:38-0700 (10d 7h 9m 17s ago)
2016-06-02 22:16:57.601148 : # no-op
2016-06-02 22:16:57.601161 : mark_done data/spouse_candidate
2016-06-02 22:16:57.601174 : ##############################################################################
2016-06-02 22:16:57.601196 
2016-06-02 22:16:57.601218 : ## process/ext_spouse_label__0_by_supervise ##################################
2016-06-02 22:16:57.601241 : # Done: 2016-05-23T15:08:48-0700 (10d 7h 8m 7s ago)
2016-06-02 22:16:57.601267 : process/ext_spouse_label__0_by_supervise/run.sh
2016-06-02 22:16:57.601291 : mark_done process/ext_spouse_label__0_by_supervise
2016-06-02 22:16:57.601308 : ##############################################################################
2016-06-02 22:16:57.601321 
2016-06-02 22:16:57.601334 : ## data/spouse_label__0 ######################################################
2016-06-02 22:16:57.601347 : # Done: 2016-05-23T15:08:48-0700 (10d 7h 8m 7s ago)
2016-06-02 22:16:57.601360 : # no-op
2016-06-02 22:16:57.601382 : mark_done data/spouse_label__0
2016-06-02 22:16:57.601429 : ##############################################################################
2016-06-02 22:16:57.601499 
2016-06-02 22:16:57.601531 : ## process/ext_spouse_label ##################################################
2016-06-02 22:16:57.601556 : # Done: 2016-05-23T15:08:50-0700 (10d 7h 8m 5s ago)
2016-06-02 22:16:57.601581 : process/ext_spouse_label/run.sh
2016-06-02 22:16:57.601606 : mark_done process/ext_spouse_label
2016-06-02 22:16:57.601627 : ##############################################################################
2016-06-02 22:16:57.601721 
2016-06-02 22:16:57.601750 : ## data/spouse_label #########################################################
2016-06-02 22:16:57.601773 : # Done: 2016-05-23T15:08:50-0700 (10d 7h 8m 5s ago)
2016-06-02 22:16:57.601794 : # no-op
2016-06-02 22:16:57.601815 : mark_done data/spouse_label
2016-06-02 22:16:57.601837 : ##############################################################################
2016-06-02 22:16:57.601858 
2016-06-02 22:16:57.601899 : ## process/ext_spouse_label_resolved #########################################
2016-06-02 22:16:57.601936 : # Done: 2016-05-23T15:08:50-0700 (10d 7h 8m 5s ago)
2016-06-02 22:16:57.601961 : process/ext_spouse_label_resolved/run.sh
2016-06-02 22:16:57.601982 : mark_done process/ext_spouse_label_resolved
2016-06-02 22:16:57.602003 : ##############################################################################
2016-06-02 22:16:57.602026 
2016-06-02 22:16:57.602047 : ## data/spouse_label_resolved ################################################
2016-06-02 22:16:57.602092 : # Done: 2016-05-23T15:08:50-0700 (10d 7h 8m 5s ago)
2016-06-02 22:16:57.602122 : # no-op
2016-06-02 22:16:57.602198 : mark_done data/spouse_label_resolved
2016-06-02 22:16:57.602226 : ##############################################################################
2016-06-02 22:16:57.602249 
2016-06-02 22:16:57.602274 : ## process/init/relation/spouses_dbpedia_negative ############################
2016-06-02 22:16:57.602296 : # Done: 2016-05-25T12:13:43-0700 (8d 10h 3m 12s ago)
2016-06-02 22:16:57.602319 : process/init/relation/spouses_dbpedia_negative/run.sh
2016-06-02 22:16:57.602341 : mark_done process/init/relation/spouses_dbpedia_negative
2016-06-02 22:16:57.602363 : ##############################################################################
2016-06-02 22:16:57.602385 
2016-06-02 22:16:57.602408 : ## data/spouses_dbpedia_negative #############################################
2016-06-02 22:16:57.602431 : # Done: 2016-05-25T12:13:43-0700 (8d 10h 3m 12s ago)
2016-06-02 22:16:57.602455 : # no-op
2016-06-02 22:16:57.602476 : mark_done data/spouses_dbpedia_negative
2016-06-02 22:16:57.602498 : ##############################################################################
2016-06-02 22:16:57.602519 
2016-06-02 22:16:57.602541 : ## process/ext_has_spouse ####################################################
2016-06-02 22:16:57.602566 : # Done: 2016-05-29T12:10:14-0700 (4d 10h 6m 41s ago)
2016-06-02 22:16:57.602589 : process/ext_has_spouse/run.sh
2016-06-02 22:16:57.602613 : mark_done process/ext_has_spouse
2016-06-02 22:16:57.602635 : ##############################################################################
2016-06-02 22:16:57.602658 
2016-06-02 22:16:57.602681 : ## data/has_spouse ###########################################################
2016-06-02 22:16:57.602705 : # Done: 2016-05-29T12:10:14-0700 (4d 10h 6m 41s ago)
2016-06-02 22:16:57.602728 : # no-op
2016-06-02 22:16:57.602749 : mark_done data/has_spouse
2016-06-02 22:16:57.602772 : ##############################################################################
2016-06-02 22:16:57.602795 
2016-06-02 22:16:57.602819 : ## process/grounding/variable_id_partition ###################################
2016-06-02 22:16:57.602843 : # Done: 2016-05-30T23:28:10-0700 (2d 22h 48m 45s ago)
2016-06-02 22:16:57.602869 : process/grounding/variable_id_partition/run.sh
2016-06-02 22:16:57.602893 : mark_done process/grounding/variable_id_partition
2016-06-02 22:16:57.602917 : ##############################################################################
2016-06-02 22:16:57.602941 
2016-06-02 22:16:57.602966 : ## process/grounding/variable/has_spouse/assign_id ###########################
2016-06-02 22:16:57.602990 : # Done: 2016-05-30T23:28:10-0700 (2d 22h 48m 45s ago)
2016-06-02 22:16:57.603014 : process/grounding/variable/has_spouse/assign_id/run.sh
2016-06-02 22:16:57.603040 : mark_done process/grounding/variable/has_spouse/assign_id
2016-06-02 22:16:57.603064 : ##############################################################################
2016-06-02 22:16:57.603088 
2016-06-02 22:16:57.603112 : ## process/grounding/factor/inf1_istrue_has_spouse/materialize ###############
2016-06-02 22:16:57.603182 : # Done: 2016-05-30T23:28:10-0700 (2d 22h 48m 45s ago)
2016-06-02 22:16:57.603210 : process/grounding/factor/inf1_istrue_has_spouse/materialize/run.sh
2016-06-02 22:16:57.603235 : mark_done process/grounding/factor/inf1_istrue_has_spouse/materialize
2016-06-02 22:16:57.603265 : ##############################################################################
2016-06-02 22:16:57.603291 
2016-06-02 22:16:57.603318 : ## process/grounding/factor/inf_imply_has_spouse_has_spouse/materialize ######
2016-06-02 22:16:57.603342 : # Done: 2016-05-30T23:28:11-0700 (2d 22h 48m 44s ago)
2016-06-02 22:16:57.603364 : process/grounding/factor/inf_imply_has_spouse_has_spouse/materialize/run.sh
2016-06-02 22:16:57.603386 : mark_done process/grounding/factor/inf_imply_has_spouse_has_spouse/materialize
2016-06-02 22:16:57.603408 : ##############################################################################
2016-06-02 22:16:57.603432 
2016-06-02 22:16:57.603485 : ## process/ext_spouse_feature_by_extract_spouse_features #####################
2016-06-02 22:16:57.603513 : # Done: 2016-05-23T15:08:09-0700 (10d 7h 8m 46s ago)
2016-06-02 22:16:57.603534 : process/ext_spouse_feature_by_extract_spouse_features/run.sh
2016-06-02 22:16:57.603557 : mark_done process/ext_spouse_feature_by_extract_spouse_features
2016-06-02 22:16:57.603580 : ##############################################################################
2016-06-02 22:16:57.603603 
2016-06-02 22:16:57.603626 : ## data/spouse_feature #######################################################
2016-06-02 22:16:57.603656 : # Done: 2016-05-23T15:08:09-0700 (10d 7h 8m 46s ago)
2016-06-02 22:16:57.603677 : # no-op
2016-06-02 22:16:57.603697 : mark_done data/spouse_feature
2016-06-02 22:16:57.603721 : ##############################################################################
2016-06-02 22:16:57.603744 
2016-06-02 22:16:57.603766 : ## process/grounding/factor/inf_istrue_has_spouse/materialize ################
2016-06-02 22:16:57.603790 : # Done: 2016-05-30T23:28:12-0700 (2d 22h 48m 43s ago)
2016-06-02 22:16:57.603814 : process/grounding/factor/inf_istrue_has_spouse/materialize/run.sh
2016-06-02 22:16:57.603839 : mark_done process/grounding/factor/inf_istrue_has_spouse/materialize
2016-06-02 22:16:57.603861 : ##############################################################################
2016-06-02 22:16:57.603884 
2016-06-02 22:16:57.603907 : ## process/grounding/weight_id_partition #####################################
2016-06-02 22:16:57.603928 : # Done: 2016-05-30T23:28:12-0700 (2d 22h 48m 43s ago)
2016-06-02 22:16:57.603951 : process/grounding/weight_id_partition/run.sh
2016-06-02 22:16:57.603973 : mark_done process/grounding/weight_id_partition
2016-06-02 22:16:57.603996 : ##############################################################################
2016-06-02 22:16:57.604019 
2016-06-02 22:16:57.604045 : ## process/grounding/factor/inf1_istrue_has_spouse/assign_weight_id ##########
2016-06-02 22:16:57.604072 : # Done: 2016-05-30T23:28:12-0700 (2d 22h 48m 43s ago)
2016-06-02 22:16:57.604096 : process/grounding/factor/inf1_istrue_has_spouse/assign_weight_id/run.sh
2016-06-02 22:16:57.604120 : mark_done process/grounding/factor/inf1_istrue_has_spouse/assign_weight_id
2016-06-02 22:16:57.604147 : ##############################################################################
2016-06-02 22:16:57.604172 
2016-06-02 22:16:57.604197 : ## process/grounding/factor/inf1_istrue_has_spouse/dump ######################
2016-06-02 22:16:57.604221 : # Done: 2016-05-30T23:28:14-0700 (2d 22h 48m 41s ago)
2016-06-02 22:16:57.604247 : process/grounding/factor/inf1_istrue_has_spouse/dump/run.sh
2016-06-02 22:16:57.604273 : mark_done process/grounding/factor/inf1_istrue_has_spouse/dump
2016-06-02 22:16:57.604297 : ##############################################################################
2016-06-02 22:16:57.604323 
2016-06-02 22:16:57.604347 : ## process/grounding/factor/inf1_istrue_has_spouse/dump_weights ##############
2016-06-02 22:16:57.604369 : # Done: 2016-05-30T23:28:14-0700 (2d 22h 48m 41s ago)
2016-06-02 22:16:57.604391 : process/grounding/factor/inf1_istrue_has_spouse/dump_weights/run.sh
2016-06-02 22:16:57.604438 : mark_done process/grounding/factor/inf1_istrue_has_spouse/dump_weights
2016-06-02 22:16:57.604472 : ##############################################################################
2016-06-02 22:16:57.604495 
2016-06-02 22:16:57.604518 : ## process/grounding/factor/inf_imply_has_spouse_has_spouse/assign_weight_id #
2016-06-02 22:16:57.604544 : # Done: 2016-05-30T23:28:14-0700 (2d 22h 48m 41s ago)
2016-06-02 22:16:57.604569 : process/grounding/factor/inf_imply_has_spouse_has_spouse/assign_weight_id/run.sh
2016-06-02 22:16:57.604594 : mark_done process/grounding/factor/inf_imply_has_spouse_has_spouse/assign_weight_id
2016-06-02 22:16:57.604621 : ##############################################################################
2016-06-02 22:16:57.604646 
2016-06-02 22:16:57.604671 : ## process/grounding/factor/inf_imply_has_spouse_has_spouse/dump #############
2016-06-02 22:16:57.604698 : # Done: 2016-05-30T23:28:15-0700 (2d 22h 48m 40s ago)
2016-06-02 22:16:57.604723 : process/grounding/factor/inf_imply_has_spouse_has_spouse/dump/run.sh
2016-06-02 22:16:57.604750 : mark_done process/grounding/factor/inf_imply_has_spouse_has_spouse/dump
2016-06-02 22:16:57.604773 : ##############################################################################
2016-06-02 22:16:57.604797 
2016-06-02 22:16:57.604823 : ## process/grounding/factor/inf_imply_has_spouse_has_spouse/dump_weights #####
2016-06-02 22:16:57.604849 : # Done: 2016-05-30T23:28:15-0700 (2d 22h 48m 40s ago)
2016-06-02 22:16:57.604874 : process/grounding/factor/inf_imply_has_spouse_has_spouse/dump_weights/run.sh
2016-06-02 22:16:57.604900 : mark_done process/grounding/factor/inf_imply_has_spouse_has_spouse/dump_weights
2016-06-02 22:16:57.604949 : ##############################################################################
2016-06-02 22:16:57.604995 
2016-06-02 22:16:57.605020 : ## process/grounding/factor/inf_istrue_has_spouse/assign_weight_id ###########
2016-06-02 22:16:57.605045 : # Done: 2016-05-30T23:28:15-0700 (2d 22h 48m 40s ago)
2016-06-02 22:16:57.605073 : process/grounding/factor/inf_istrue_has_spouse/assign_weight_id/run.sh
2016-06-02 22:16:57.605094 : mark_done process/grounding/factor/inf_istrue_has_spouse/assign_weight_id
2016-06-02 22:16:57.605116 : ##############################################################################
2016-06-02 22:16:57.605183 
2016-06-02 22:16:57.605208 : ## process/grounding/factor/inf_istrue_has_spouse/dump #######################
2016-06-02 22:16:57.605229 : # Done: 2016-05-30T23:28:17-0700 (2d 22h 48m 38s ago)
2016-06-02 22:16:57.605272 : process/grounding/factor/inf_istrue_has_spouse/dump/run.sh
2016-06-02 22:16:57.605304 : mark_done process/grounding/factor/inf_istrue_has_spouse/dump
2016-06-02 22:16:57.605330 : ##############################################################################
2016-06-02 22:16:57.605354 
2016-06-02 22:16:57.605419 : ## process/grounding/factor/inf_istrue_has_spouse/dump_weights ###############
2016-06-02 22:16:57.605451 : # Done: 2016-05-30T23:28:17-0700 (2d 22h 48m 38s ago)
2016-06-02 22:16:57.605474 : process/grounding/factor/inf_istrue_has_spouse/dump_weights/run.sh
2016-06-02 22:16:57.605497 : mark_done process/grounding/factor/inf_istrue_has_spouse/dump_weights
2016-06-02 22:16:57.605519 : ##############################################################################
2016-06-02 22:16:57.605545 
2016-06-02 22:16:57.605601 : ## process/grounding/global_weight_table #####################################
2016-06-02 22:16:57.605629 : # Done: 2016-05-30T23:28:17-0700 (2d 22h 48m 38s ago)
2016-06-02 22:16:57.605653 : process/grounding/global_weight_table/run.sh
2016-06-02 22:16:57.605677 : mark_done process/grounding/global_weight_table
2016-06-02 22:16:57.605703 : ##############################################################################
2016-06-02 22:16:57.605725 
2016-06-02 22:16:57.605747 : ## process/grounding/variable_holdout ########################################
2016-06-02 22:16:57.605813 : # Done: 2016-05-30T23:28:18-0700 (2d 22h 48m 37s ago)
2016-06-02 22:16:57.605848 : process/grounding/variable_holdout/run.sh
2016-06-02 22:16:57.605873 : mark_done process/grounding/variable_holdout
2016-06-02 22:16:57.605897 : ##############################################################################
2016-06-02 22:16:57.605920 
2016-06-02 22:16:57.605942 : ## process/grounding/variable/has_spouse/dump ################################
2016-06-02 22:16:57.605966 : # Done: 2016-05-30T23:28:18-0700 (2d 22h 48m 37s ago)
2016-06-02 22:16:57.605989 : process/grounding/variable/has_spouse/dump/run.sh
2016-06-02 22:16:57.606011 : mark_done process/grounding/variable/has_spouse/dump
2016-06-02 22:16:57.606035 : ##############################################################################
2016-06-02 22:16:57.606057 
2016-06-02 22:16:57.606082 : ## process/grounding/combine_factorgraph #####################################
2016-06-02 22:16:57.606106 : # Done: 2016-05-30T23:28:18-0700 (2d 22h 48m 37s ago)
2016-06-02 22:16:57.606131 : process/grounding/combine_factorgraph/run.sh
2016-06-02 22:16:57.606156 : mark_done process/grounding/combine_factorgraph
2016-06-02 22:16:57.606178 : ##############################################################################
2016-06-02 22:16:57.606201 
2016-06-02 22:16:57.606225 : ## model/factorgraph #########################################################
2016-06-02 22:16:57.606250 : # Done: 2016-05-30T23:28:34-0700 (2d 22h 48m 21s ago)
2016-06-02 22:16:57.606273 : mark_done model/factorgraph
2016-06-02 22:16:57.606297 : ##############################################################################
2016-06-02 22:16:57.606321 
2016-06-02 22:16:57.606342 : ## process/model/learning ####################################################
2016-06-02 22:16:57.606367 : # Done: 2016-05-30T23:28:48-0700 (2d 22h 48m 7s ago)
2016-06-02 22:16:57.606391 : process/model/learning/run.sh
2016-06-02 22:16:57.606414 : mark_done process/model/learning
2016-06-02 22:16:57.606448 : ##############################################################################
2016-06-02 22:16:57.606470 
2016-06-02 22:16:57.606492 : ## model/weights #############################################################
2016-06-02 22:16:57.606513 : # Done: 2016-05-30T23:28:48-0700 (2d 22h 48m 7s ago)
2016-06-02 22:16:57.606535 : mark_done model/weights
2016-06-02 22:16:57.606557 : ##############################################################################
2016-06-02 22:16:57.606579 
2016-06-02 22:16:57.606601 : ## process/model/inference ###################################################
2016-06-02 22:16:57.606622 : # Done: 2016-05-30T23:29:55-0700 (2d 22h 47m ago)
2016-06-02 22:16:57.606643 : process/model/inference/run.sh
2016-06-02 22:16:57.606664 : mark_done process/model/inference
2016-06-02 22:16:57.606686 : ##############################################################################
2016-06-02 22:16:57.606708 
2016-06-02 22:16:57.606755 : ## model/probabilities #######################################################
2016-06-02 22:16:57.606787 : # Done: 2016-05-30T23:29:55-0700 (2d 22h 47m ago)
2016-06-02 22:16:57.606812 : mark_done model/probabilities
2016-06-02 22:16:57.606832 : ##############################################################################
2016-06-02 22:16:57.606852 
2016-06-02 22:16:57.606872 ## process/model/load_probabilities ##########################################
2016-06-02 22:16:57.606893 : # Done: 2016-05-30T23:35:19-0700 (2d 22h 41m 36s ago)
2016-06-02 22:16:57.606915 # Done: 2016-05-30T23:35:19-0700 (2d 22h 41m 35s ago)
2016-06-02 22:16:57.606936 process/model/load_probabilities/run.sh
2016-06-02 22:16:57.606958 ++ dirname process/model/load_probabilities/run.sh
2016-06-02 22:16:57.606977 + cd process/model/load_probabilities
2016-06-02 22:16:57.606997 + export DEEPDIVE_CURRENT_PROCESS_NAME=process/model/load_probabilities
2016-06-02 22:16:57.607018 + DEEPDIVE_CURRENT_PROCESS_NAME=process/model/load_probabilities
2016-06-02 22:16:57.607038 + mkdir -p ../../../model
2016-06-02 22:16:57.607059 + cd ../../../model
2016-06-02 22:16:57.607086 + deepdive create table dd_inference_result_variables id:BIGINT category:BIGINT 'expectation:DOUBLE PRECISION'
2016-06-02 22:16:57.903523 psql: could not connect to server: Connection refused
2016-06-02 22:16:57.903595 	Is the server running on host "localhost" (127.0.0.1) and accepting
2016-06-02 22:16:57.903648 	TCP/IP connections on port 5432?
2016-06-02 22:16:57.903687 could not connect to server: Connection refused
2016-06-02 22:16:57.903708 	Is the server running on host "localhost" (::1) and accepting
2016-06-02 22:16:57.903726 	TCP/IP connections on port 5432?
