2016-05-22 12:28:06.622919 # on eduroam-169-233-210-202.ucsc.edu: deepdive do has_spouse
2016-05-22 12:28:06.623190 # run/20160522/122804.632686000/plan.sh
2016-05-22 12:28:06.623223 # execution plan for data/has_spouse
2016-05-22 12:28:06.623249 
2016-05-22 12:28:06.623269 : ## process/init/app ##########################################################
2016-05-22 12:28:06.623289 : # Done: 2016-05-22T11:25:05-0700 (1h 2m 59s ago)
2016-05-22 12:28:06.623306 : process/init/app/run.sh
2016-05-22 12:28:06.623324 : mark_done process/init/app
2016-05-22 12:28:06.623343 : ##############################################################################
2016-05-22 12:28:06.623364 
2016-05-22 12:28:06.623385 : ## process/init/relation/articles ############################################
2016-05-22 12:28:06.623405 : # Done: 2016-05-22T11:55:52-0700 (32m 12s ago)
2016-05-22 12:28:06.623425 : process/init/relation/articles/run.sh
2016-05-22 12:28:06.623445 : mark_done process/init/relation/articles
2016-05-22 12:28:06.623464 : ##############################################################################
2016-05-22 12:28:06.623484 
2016-05-22 12:28:06.623504 : ## data/articles #############################################################
2016-05-22 12:28:06.623523 : # Done: 2016-05-22T11:55:52-0700 (32m 12s ago)
2016-05-22 12:28:06.623542 : # no-op
2016-05-22 12:28:06.623564 : mark_done data/articles
2016-05-22 12:28:06.623586 : ##############################################################################
2016-05-22 12:28:06.623607 
2016-05-22 12:28:06.623628 : ## process/ext_sentences_by_nlp_markup #######################################
2016-05-22 12:28:06.623649 : # Done: 2016-05-22T11:57:59-0700 (30m 5s ago)
2016-05-22 12:28:06.623670 : process/ext_sentences_by_nlp_markup/run.sh
2016-05-22 12:28:06.623691 : mark_done process/ext_sentences_by_nlp_markup
2016-05-22 12:28:06.623713 : ##############################################################################
2016-05-22 12:28:06.623733 
2016-05-22 12:28:06.623754 : ## data/sentences ############################################################
2016-05-22 12:28:06.623775 : # Done: 2016-05-22T11:57:59-0700 (30m 5s ago)
2016-05-22 12:28:06.623794 : # no-op
2016-05-22 12:28:06.623814 : mark_done data/sentences
2016-05-22 12:28:06.623836 : ##############################################################################
2016-05-22 12:28:06.623856 
2016-05-22 12:28:06.623877 : ## process/ext_person_mention_by_map_person_mention ##########################
2016-05-22 12:28:06.623897 : # Done: 2016-05-22T12:13:47-0700 (14m 18s ago)
2016-05-22 12:28:06.623918 : process/ext_person_mention_by_map_person_mention/run.sh
2016-05-22 12:28:06.623937 : mark_done process/ext_person_mention_by_map_person_mention
2016-05-22 12:28:06.623957 : ##############################################################################
2016-05-22 12:28:06.623979 
2016-05-22 12:28:06.624000 : ## data/person_mention #######################################################
2016-05-22 12:28:06.624020 : # Done: 2016-05-22T12:13:47-0700 (14m 18s ago)
2016-05-22 12:28:06.624041 : # no-op
2016-05-22 12:28:06.624072 : mark_done data/person_mention
2016-05-22 12:28:06.624094 : ##############################################################################
2016-05-22 12:28:06.624114 
2016-05-22 12:28:06.624134 : ## process/ext_num_people ####################################################
2016-05-22 12:28:06.624154 : # Done: 2016-05-22T12:14:33-0700 (13m 32s ago)
2016-05-22 12:28:06.624174 : process/ext_num_people/run.sh
2016-05-22 12:28:06.624194 : mark_done process/ext_num_people
2016-05-22 12:28:06.624214 : ##############################################################################
2016-05-22 12:28:06.624234 
2016-05-22 12:28:06.624256 : ## data/num_people ###########################################################
2016-05-22 12:28:06.624277 : # Done: 2016-05-22T12:14:33-0700 (13m 32s ago)
2016-05-22 12:28:06.624294 : # no-op
2016-05-22 12:28:06.624315 : mark_done data/num_people
2016-05-22 12:28:06.624345 : ##############################################################################
2016-05-22 12:28:06.624368 
2016-05-22 12:28:06.624388 : ## process/ext_team_mention_by_map_team_mention ##############################
2016-05-22 12:28:06.624408 : # Done: 2016-05-22T12:14:14-0700 (13m 51s ago)
2016-05-22 12:28:06.624428 : process/ext_team_mention_by_map_team_mention/run.sh
2016-05-22 12:28:06.624449 : mark_done process/ext_team_mention_by_map_team_mention
2016-05-22 12:28:06.624470 : ##############################################################################
2016-05-22 12:28:06.624491 
2016-05-22 12:28:06.624513 : ## data/team_mention #########################################################
2016-05-22 12:28:06.624534 : # Done: 2016-05-22T12:14:14-0700 (13m 51s ago)
2016-05-22 12:28:06.624554 : # no-op
2016-05-22 12:28:06.624575 : mark_done data/team_mention
2016-05-22 12:28:06.624597 : ##############################################################################
2016-05-22 12:28:06.624616 
2016-05-22 12:28:06.624636 : ## process/ext_spouse_candidate ##############################################
2016-05-22 12:28:06.624656 : # Done: 2016-05-22T12:14:34-0700 (13m 31s ago)
2016-05-22 12:28:06.624678 : process/ext_spouse_candidate/run.sh
2016-05-22 12:28:06.624698 : mark_done process/ext_spouse_candidate
2016-05-22 12:28:06.624720 : ##############################################################################
2016-05-22 12:28:06.624741 
2016-05-22 12:28:06.624762 : ## data/spouse_candidate #####################################################
2016-05-22 12:28:06.624783 : # Done: 2016-05-22T12:14:34-0700 (13m 31s ago)
2016-05-22 12:28:06.624802 : # no-op
2016-05-22 12:28:06.624824 : mark_done data/spouse_candidate
2016-05-22 12:28:06.624846 : ##############################################################################
2016-05-22 12:28:06.624867 
2016-05-22 12:28:06.624887 ## process/ext_spouse_label__0_by_supervise ##################################
2016-05-22 12:28:06.624907 : # Done: 2016-05-22T11:26:28-0700 (1h 1m 37s ago)
2016-05-22 12:28:06.624928 # Done: 2016-05-22T11:26:28-0700 (1h 1m 36s ago)
2016-05-22 12:28:06.624947 process/ext_spouse_label__0_by_supervise/run.sh
2016-05-22 12:28:06.624967 ++ dirname process/ext_spouse_label__0_by_supervise/run.sh
2016-05-22 12:28:06.624986 + cd process/ext_spouse_label__0_by_supervise
2016-05-22 12:28:06.625005 + export DEEPDIVE_CURRENT_PROCESS_NAME=process/ext_spouse_label__0_by_supervise
2016-05-22 12:28:06.625026 + DEEPDIVE_CURRENT_PROCESS_NAME=process/ext_spouse_label__0_by_supervise
2016-05-22 12:28:06.625047 + export DEEPDIVE_LOAD_FORMAT=tsv
2016-05-22 12:28:06.625069 + DEEPDIVE_LOAD_FORMAT=tsv
2016-05-22 12:28:06.625093 + deepdive compute execute 'input_sql= SELECT R0.p_id AS "spouse_candidate.R0.p_id", R1.begin_index AS "person_mention.R1.begin_index", R1.end_index AS "person_mention.R1.end_index", R0.t_id AS "spouse_candidate.R0.t_id", R2.begin_index AS "team_mention.R2.begin_index", R2.end_index AS "team_mention.R2.end_index", R1.doc_id AS "person_mention.R1.doc_id", R1.sentence_index AS "person_mention.R1.sentence_index", R3.sentence_text AS "sentences.R3.sentence_text", R3.tokens AS "sentences.R3.tokens", R3.lemmas AS "sentences.R3.lemmas", R3.pos_tags AS "sentences.R3.pos_tags", R3.ner_tags AS "sentences.R3.ner_tags", R3.dep_types AS "sentences.R3.dep_types", R3.dep_tokens AS "sentences.R3.dep_tokens"
2016-05-22 12:28:06.625115 FROM spouse_candidate R0, person_mention R1, team_mention R2, sentences R3
2016-05-22 12:28:06.625137         WHERE R1.mention_id = R0.p_id  AND R2.team_id = R0.t_id  AND R3.doc_id = R1.doc_id  AND R3.sentence_index = R1.sentence_index 
2016-05-22 12:28:06.625159           ' 'command="$DEEPDIVE_APP"/udf/supervise_spouse.py' output_relation=spouse_label__0
2016-05-22 12:28:06.669591 Executing with the following configuration:
2016-05-22 12:28:06.669663  DEEPDIVE_NUM_PROCESSES=3
2016-05-22 12:28:06.669696  DEEPDIVE_NUM_PARALLEL_UNLOADS=1
2016-05-22 12:28:06.669719  DEEPDIVE_NUM_PARALLEL_LOADS=1
2016-05-22 12:28:06.669788  output_relation_tmp=dd_tmp_spouse_label__0
2016-05-22 12:28:06.669819 
2016-05-22 12:28:06.853038 CREATE TABLE
2016-05-22 12:28:06.951117 CREATE TABLE
2016-05-22 12:28:07.116754 unloading to feed_processes-1: ' SELECT R0.p_id AS "spouse_candidate.R0.p_id", R1.begin_index AS "person_mention.R1.begin_index", R1.end_index AS "person_mention.R1.end_index", R0.t_id AS "spouse_candidate.R0.t_id", R2.begin_index AS "team_mention.R2.begin_index", R2.end_index AS "team_mention.R2.end_index", R1.doc_id AS "person_mention.R1.doc_id", R1.sentence_index AS "person_mention.R1.sentence_index", R3.sentence_text AS "sentences.R3.sentence_text", R3.tokens AS "sentences.R3.tokens", R3.lemmas AS "sentences.R3.lemmas", R3.pos_tags AS "sentences.R3.pos_tags", R3.ner_tags AS "sentences.R3.ner_tags", R3.dep_types AS "sentences.R3.dep_types", R3.dep_tokens AS "sentences.R3.dep_tokens"
2016-05-22 12:28:07.116835 FROM spouse_candidate R0, person_mention R1, team_mention R2, sentences R3
2016-05-22 12:28:07.116871         WHERE R1.mention_id = R0.p_id  AND R2.team_id = R0.t_id  AND R3.doc_id = R1.doc_id  AND R3.sentence_index = R1.sentence_index 
2016-05-22 12:28:07.116899           '
2016-05-22 12:28:07.158823 Loading dd_tmp_spouse_label__0 from output_computed-1 (tsv format)
2016-05-22 12:28:07.267485 Traceback (most recent call last):
2016-05-22 12:28:07.267553   File "/Users/emerson/Documents/Github/deepdive/examples/Coach_NBA/udf/supervise_spouse.py", line 21, in <module>
2016-05-22 12:28:07.267623     dep_types="text[]", dep_token_indexes="int[]",
2016-05-22 12:28:07.267703   File "/Users/emerson/local/lib/python/ddlib/util.py", line 291, in tsv_extractor
2016-05-22 12:28:07.267859     for out_row in generator(**row._asdict()):
2016-05-22 12:28:07.267937   File "/Users/emerson/Documents/Github/deepdive/examples/Coach_NBA/udf/supervise_spouse.py", line 30, in supervise
2016-05-22 12:28:07.268058     p_start_idx = p_start
2016-05-22 12:28:07.268183 NameError: global name 'p_start' is not defined
2016-05-22 12:28:07.269061 Traceback (most recent call last):
2016-05-22 12:28:07.269128   File "/Users/emerson/Documents/Github/deepdive/examples/Coach_NBA/udf/supervise_spouse.py", line 21, in <module>
2016-05-22 12:28:07.269272     dep_types="text[]", dep_token_indexes="int[]",
2016-05-22 12:28:07.269363   File "/Users/emerson/local/lib/python/ddlib/util.py", line 291, in tsv_extractor
2016-05-22 12:28:07.269584     for out_row in generator(**row._asdict()):
2016-05-22 12:28:07.269627   File "/Users/emerson/Documents/Github/deepdive/examples/Coach_NBA/udf/supervise_spouse.py", line 30, in supervise
2016-05-22 12:28:07.269680     p_start_idx = p_start
2016-05-22 12:28:07.269738 NameError: global name 'p_start' is not defined
2016-05-22 12:28:07.273421 write process-1.input: Broken pipe/Users/emerson/local/util/compute-driver/local/compute-execute: line 140: kill: (10511) - No such process
2016-05-22 12:28:07.273490 /Users/emerson/local/util/compute-driver/local/compute-execute: line 140: kill: (10513) - No such process
2016-05-22 12:28:07.273516 /Users/emerson/local/util/compute-driver/local/compute-execute: line 140: kill: (10525) - No such process
2016-05-22 12:28:07.274958 COPY 0
2016-05-22 12:28:07.282849 [ERROR] command='"$DEEPDIVE_APP"/udf/supervise_spouse.py': PID 10511: finished with non-zero exit status (0)
2016-05-22 12:28:07.283219 /Users/emerson/local/util/compute-driver/local/compute-execute: line 138: 10512 Terminated: 15          DEEPDIVE_CURRENT_PROCESS_INDEX=$i bash -c "$command" < process-$i.input > process-$i.output
2016-05-22 12:28:07.283283 /Users/emerson/local/util/compute-driver/local/compute-execute: line 138: 10517 Terminated: 15          mkmimo process-*.output \> output_computed-*
2016-05-22 12:28:07.283308 /Users/emerson/local/util/compute-driver/local/compute-execute: line 138: 10518 Terminated: 15          deepdive-load "$output_relation_tmp" output_computed-*
2016-05-22 12:28:07.283331 /Users/emerson/local/util/compute-driver/local/compute-execute: line 138: 10524 Terminated: 15          deepdive-db unload "$input_sql" "$DEEPDIVE_LOAD_FORMAT" feed_processes-*
