2016-06-05 14:46:55.125631 ‘run/LATEST.COMPILE/144655.052341000’ -> ‘20160605/144655.052341000’
2016-06-05 14:46:55.125984 ‘run/RUNNING.COMPILE’ -> ‘20160605/144655.052341000’
2016-06-05 14:46:55.126023 Parsing DeepDive application (/Users/emerson/Documents/Github/deepdive/examples/coach_nba) to generate:
2016-06-05 14:46:55.126052  run/compiled/schema.json
2016-06-05 14:46:55.126074   from app.ddlog
2016-06-05 14:46:56.097303  run/compiled/deepdive.conf
2016-06-05 14:46:56.097495   from app.ddlog
2016-06-05 14:46:57.197333   from deepdive.conf
2016-06-05 14:46:57.206701  run/compiled/deepdive.conf.json
2016-06-05 14:46:57.699472 Performing sanity checks on run/compiled/deepdive.conf.json:
2016-06-05 14:46:57.796440  checking if input_extractors_well_defined
2016-06-05 14:46:57.796515  checking if input_schema_wellformed
2016-06-05 14:46:57.796887 Normalizing and adding built-in processes to the data flow to compile:
2016-06-05 14:46:57.797449  run/compiled/config-0.00-init_objects.json
2016-06-05 14:46:57.831846  run/compiled/config-0.01-parse_calibration.json
2016-06-05 14:46:57.866615  run/compiled/config-0.01-parse_schema.json
2016-06-05 14:46:57.921568  run/compiled/config-0.51-add_init_app.json
2016-06-05 14:46:57.947184  run/compiled/config-0.52-input_loader.json
2016-06-05 14:46:57.984486  run/compiled/config-1.00-qualified_names.json
2016-06-05 14:46:58.021909  run/compiled/config-1.01-parse_inference_rules.json
2016-06-05 14:46:58.081005  run/compiled/config-2.01-grounding.json
2016-06-05 14:46:58.199534  run/compiled/config-2.02-learning_inference.json
2016-06-05 14:46:58.244151  run/compiled/config-2.03-calibration_plots.json
2016-06-05 14:46:58.300244  run/compiled/config-9.98-ensure_init_app.json
2016-06-05 14:46:58.341029  run/compiled/config-9.99-dependencies.json
2016-06-05 14:46:58.387688  run/compiled/config.json
2016-06-05 14:46:58.392046 Validating run/compiled/config.json:
2016-06-05 14:46:58.561340  checking if compiled_base_relations_have_input_data
2016-06-05 14:46:58.561420  [WARNING] input/init.sh should load all base relations: articles spouses_dbpedia spouses_dbpedia_negative 
2016-06-05 14:46:58.561458  checking if compiled_dependencies_correct
2016-06-05 14:46:58.561490  checking if compiled_input_output_well_defined
2016-06-05 14:46:58.561518  checking if compiled_output_uniquely_defined
2016-06-05 14:46:58.561847 Compiling executable code into:
2016-06-05 14:46:58.562301  run/compiled/code-Makefile.json
2016-06-05 14:46:58.603505  run/compiled/code-cmd_extractor.json
2016-06-05 14:46:58.661818  run/compiled/code-dataflow_dot.json
2016-06-05 14:46:58.706674  run/compiled/code-sql_extractor.json
2016-06-05 14:46:58.744377  run/compiled/code-tsv_extractor.json
2016-06-05 14:46:58.808889 Generating files:
2016-06-05 14:46:58.849779  run/Makefile
2016-06-05 14:46:58.899133  run/process/init/app/run.sh
2016-06-05 14:46:58.928093  run/process/init/relation/articles/run.sh
2016-06-05 14:46:58.965689  run/process/init/relation/spouses_dbpedia/run.sh
2016-06-05 14:46:58.990452  run/process/init/relation/spouses_dbpedia_negative/run.sh
2016-06-05 14:46:59.021705  run/process/ext_has_spouse/run.sh
2016-06-05 14:46:59.051005  run/process/ext_num_people/run.sh
2016-06-05 14:46:59.078530  run/process/ext_spouse_candidate/run.sh
2016-06-05 14:46:59.110600  run/process/ext_spouse_label/run.sh
2016-06-05 14:46:59.151247  run/process/ext_spouse_label_resolved/run.sh
2016-06-05 14:46:59.174263  run/process/grounding/variable_id_partition/run.sh
2016-06-05 14:46:59.205031  run/process/grounding/variable/has_spouse/assign_id/run.sh
2016-06-05 14:46:59.231814  run/process/grounding/variable_holdout/run.sh
2016-06-05 14:46:59.274329  run/process/grounding/variable/has_spouse/dump/run.sh
2016-06-05 14:46:59.318110  run/process/grounding/factor/inf1_istrue_has_spouse/materialize/run.sh
2016-06-05 14:46:59.366854  run/process/grounding/factor/inf2_istrue_has_spouse/materialize/run.sh
2016-06-05 14:46:59.406847  run/process/grounding/factor/inf_imply_has_spouse_has_spouse/materialize/run.sh
2016-06-05 14:46:59.449645  run/process/grounding/factor/inf_istrue_has_spouse/materialize/run.sh
2016-06-05 14:46:59.483561  run/process/grounding/weight_id_partition/run.sh
2016-06-05 14:46:59.524753  run/process/grounding/global_weight_table/run.sh
2016-06-05 14:46:59.554473  run/process/grounding/factor/inf1_istrue_has_spouse/assign_weight_id/run.sh
2016-06-05 14:46:59.583973  run/process/grounding/factor/inf2_istrue_has_spouse/assign_weight_id/run.sh
2016-06-05 14:46:59.609555  run/process/grounding/factor/inf_imply_has_spouse_has_spouse/assign_weight_id/run.sh
2016-06-05 14:46:59.653406  run/process/grounding/factor/inf_istrue_has_spouse/assign_weight_id/run.sh
2016-06-05 14:46:59.678786  run/process/grounding/factor/inf1_istrue_has_spouse/dump/run.sh
2016-06-05 14:46:59.710716  run/process/grounding/factor/inf2_istrue_has_spouse/dump/run.sh
2016-06-05 14:46:59.737398  run/process/grounding/factor/inf_imply_has_spouse_has_spouse/dump/run.sh
2016-06-05 14:46:59.770498  run/process/grounding/factor/inf_istrue_has_spouse/dump/run.sh
2016-06-05 14:46:59.796685  run/process/grounding/factor/inf1_istrue_has_spouse/dump_weights/run.sh
2016-06-05 14:46:59.829070  run/process/grounding/factor/inf2_istrue_has_spouse/dump_weights/run.sh
2016-06-05 14:46:59.862948  run/process/grounding/factor/inf_imply_has_spouse_has_spouse/dump_weights/run.sh
2016-06-05 14:46:59.905587  run/process/grounding/factor/inf_istrue_has_spouse/dump_weights/run.sh
2016-06-05 14:46:59.946834  run/process/grounding/combine_factorgraph/run.sh
2016-06-05 14:46:59.972220  run/process/model/learning/run.sh
2016-06-05 14:47:00.002208  run/process/model/inference/run.sh
2016-06-05 14:47:00.034169  run/process/model/load_weights/run.sh
2016-06-05 14:47:00.073996  run/process/model/load_probabilities/run.sh
2016-06-05 14:47:00.103527  run/process/model/calibration/run.sh
2016-06-05 14:47:00.139994  run/dataflow.dot
2016-06-05 14:47:00.164886  run/process/ext_person_mention_by_map_person_mention/run.sh
2016-06-05 14:47:00.194905  run/process/ext_sentences_by_nlp_markup/run.sh
2016-06-05 14:47:00.225386  run/process/ext_spouse_feature_by_extract_spouse_features/run.sh
2016-06-05 14:47:00.265463  run/process/ext_spouse_label__0_by_supervise/run.sh
2016-06-05 14:47:00.287249  run/process/ext_team_mention_by_map_team_mention/run.sh
2016-06-05 14:47:00.538183 Warning: Could not load "/Users/emerson/local/lib/bundled/graphviz/prefix/bin/../lib/graphviz/libgvplugin_pango.6.dylib" - file not found
2016-06-05 14:47:00.617411  run/dataflow.svg
2016-06-05 14:47:00.618673   (file:///Users/emerson/Documents/Github/deepdive/examples/coach_nba/run/dataflow.svg)
2016-06-05 14:47:00.622310 mv: cannot move ‘run/compiled’ to ‘run/compiled~’: Directory not empty
