2016-05-22 16:47:20.331117 # on eduroam-169-233-210-202.ucsc.edu: deepdive do has_spouse
2016-05-22 16:47:20.331467 # run/20160522/164717.221261000/plan.sh
2016-05-22 16:47:20.331493 # execution plan for data/has_spouse
2016-05-22 16:47:20.331513 
2016-05-22 16:47:20.331534 : ## process/init/app ##########################################################
2016-05-22 16:47:20.331554 : # Done: 2016-05-22T11:25:05-0700 (5h 22m 12s ago)
2016-05-22 16:47:20.331572 : process/init/app/run.sh
2016-05-22 16:47:20.331590 : mark_done process/init/app
2016-05-22 16:47:20.331638 : ##############################################################################
2016-05-22 16:47:20.331666 
2016-05-22 16:47:20.331689 : ## process/init/relation/articles ############################################
2016-05-22 16:47:20.331710 : # Done: 2016-05-22T11:55:52-0700 (4h 51m 25s ago)
2016-05-22 16:47:20.331732 : process/init/relation/articles/run.sh
2016-05-22 16:47:20.331754 : mark_done process/init/relation/articles
2016-05-22 16:47:20.331775 : ##############################################################################
2016-05-22 16:47:20.331796 
2016-05-22 16:47:20.331817 : ## data/articles #############################################################
2016-05-22 16:47:20.331837 : # Done: 2016-05-22T11:55:52-0700 (4h 51m 25s ago)
2016-05-22 16:47:20.331866 : # no-op
2016-05-22 16:47:20.331886 : mark_done data/articles
2016-05-22 16:47:20.331906 : ##############################################################################
2016-05-22 16:47:20.331925 
2016-05-22 16:47:20.331945 : ## process/ext_sentences_by_nlp_markup #######################################
2016-05-22 16:47:20.331965 : # Done: 2016-05-22T11:57:59-0700 (4h 49m 18s ago)
2016-05-22 16:47:20.331985 : process/ext_sentences_by_nlp_markup/run.sh
2016-05-22 16:47:20.332003 : mark_done process/ext_sentences_by_nlp_markup
2016-05-22 16:47:20.332023 : ##############################################################################
2016-05-22 16:47:20.332043 
2016-05-22 16:47:20.332062 : ## data/sentences ############################################################
2016-05-22 16:47:20.332083 : # Done: 2016-05-22T11:57:59-0700 (4h 49m 18s ago)
2016-05-22 16:47:20.332103 : # no-op
2016-05-22 16:47:20.332122 : mark_done data/sentences
2016-05-22 16:47:20.332141 : ##############################################################################
2016-05-22 16:47:20.332161 
2016-05-22 16:47:20.332182 : ## process/ext_person_mention_by_map_person_mention ##########################
2016-05-22 16:47:20.332202 : # Done: 2016-05-22T12:13:47-0700 (4h 33m 30s ago)
2016-05-22 16:47:20.332223 : process/ext_person_mention_by_map_person_mention/run.sh
2016-05-22 16:47:20.332251 : mark_done process/ext_person_mention_by_map_person_mention
2016-05-22 16:47:20.332272 : ##############################################################################
2016-05-22 16:47:20.332293 
2016-05-22 16:47:20.332313 : ## data/person_mention #######################################################
2016-05-22 16:47:20.332334 : # Done: 2016-05-22T12:13:47-0700 (4h 33m 30s ago)
2016-05-22 16:47:20.332361 : # no-op
2016-05-22 16:47:20.332382 : mark_done data/person_mention
2016-05-22 16:47:20.332403 : ##############################################################################
2016-05-22 16:47:20.332422 
2016-05-22 16:47:20.332442 : ## process/ext_num_people ####################################################
2016-05-22 16:47:20.332462 : # Done: 2016-05-22T12:14:33-0700 (4h 32m 44s ago)
2016-05-22 16:47:20.332481 : process/ext_num_people/run.sh
2016-05-22 16:47:20.332499 : mark_done process/ext_num_people
2016-05-22 16:47:20.332517 : ##############################################################################
2016-05-22 16:47:20.332536 
2016-05-22 16:47:20.332556 : ## data/num_people ###########################################################
2016-05-22 16:47:20.332582 : # Done: 2016-05-22T12:14:33-0700 (4h 32m 44s ago)
2016-05-22 16:47:20.332603 : # no-op
2016-05-22 16:47:20.332623 : mark_done data/num_people
2016-05-22 16:47:20.332641 : ##############################################################################
2016-05-22 16:47:20.332660 
2016-05-22 16:47:20.332678 : ## process/ext_team_mention_by_map_team_mention ##############################
2016-05-22 16:47:20.332698 : # Done: 2016-05-22T12:14:14-0700 (4h 33m 3s ago)
2016-05-22 16:47:20.332718 : process/ext_team_mention_by_map_team_mention/run.sh
2016-05-22 16:47:20.332739 : mark_done process/ext_team_mention_by_map_team_mention
2016-05-22 16:47:20.332759 : ##############################################################################
2016-05-22 16:47:20.332780 
2016-05-22 16:47:20.332800 : ## data/team_mention #########################################################
2016-05-22 16:47:20.332820 : # Done: 2016-05-22T12:14:14-0700 (4h 33m 3s ago)
2016-05-22 16:47:20.332841 : # no-op
2016-05-22 16:47:20.332861 : mark_done data/team_mention
2016-05-22 16:47:20.332881 : ##############################################################################
2016-05-22 16:47:20.332900 
2016-05-22 16:47:20.332921 : ## process/ext_spouse_candidate ##############################################
2016-05-22 16:47:20.332941 : # Done: 2016-05-22T12:14:34-0700 (4h 32m 43s ago)
2016-05-22 16:47:20.332962 : process/ext_spouse_candidate/run.sh
2016-05-22 16:47:20.332982 : mark_done process/ext_spouse_candidate
2016-05-22 16:47:20.333002 : ##############################################################################
2016-05-22 16:47:20.333019 
2016-05-22 16:47:20.333037 : ## data/spouse_candidate #####################################################
2016-05-22 16:47:20.333054 : # Done: 2016-05-22T12:14:34-0700 (4h 32m 43s ago)
2016-05-22 16:47:20.333072 : # no-op
2016-05-22 16:47:20.333089 : mark_done data/spouse_candidate
2016-05-22 16:47:20.333110 : ##############################################################################
2016-05-22 16:47:20.333129 
2016-05-22 16:47:20.333148 : ## process/ext_spouse_label__0_by_supervise ##################################
2016-05-22 16:47:20.333166 : # Done: 2016-05-22T12:28:31-0700 (4h 18m 46s ago)
2016-05-22 16:47:20.333185 : process/ext_spouse_label__0_by_supervise/run.sh
2016-05-22 16:47:20.333203 : mark_done process/ext_spouse_label__0_by_supervise
2016-05-22 16:47:20.333222 : ##############################################################################
2016-05-22 16:47:20.333241 
2016-05-22 16:47:20.333291 : ## data/spouse_label__0 ######################################################
2016-05-22 16:47:20.333312 : # Done: 2016-05-22T12:28:31-0700 (4h 18m 46s ago)
2016-05-22 16:47:20.333333 : # no-op
2016-05-22 16:47:20.333353 : mark_done data/spouse_label__0
2016-05-22 16:47:20.333372 : ##############################################################################
2016-05-22 16:47:20.333392 
2016-05-22 16:47:20.333412 : ## process/init/relation/spouses_dbpedia #####################################
2016-05-22 16:47:20.333433 : # Done: 2016-05-22T15:50:19-0700 (56m 58s ago)
2016-05-22 16:47:20.333451 : process/init/relation/spouses_dbpedia/run.sh
2016-05-22 16:47:20.333469 : mark_done process/init/relation/spouses_dbpedia
2016-05-22 16:47:20.333488 : ##############################################################################
2016-05-22 16:47:20.333507 
2016-05-22 16:47:20.333527 : ## data/spouses_dbpedia ######################################################
2016-05-22 16:47:20.333546 : # Done: 2016-05-22T15:50:19-0700 (56m 58s ago)
2016-05-22 16:47:20.333566 : # no-op
2016-05-22 16:47:20.333584 : mark_done data/spouses_dbpedia
2016-05-22 16:47:20.333604 : ##############################################################################
2016-05-22 16:47:20.333624 
2016-05-22 16:47:20.333644 : ## process/ext_spouse_label ##################################################
2016-05-22 16:47:20.333665 : # Done: 2016-05-22T15:50:41-0700 (56m 36s ago)
2016-05-22 16:47:20.333686 : process/ext_spouse_label/run.sh
2016-05-22 16:47:20.333705 : mark_done process/ext_spouse_label
2016-05-22 16:47:20.333723 : ##############################################################################
2016-05-22 16:47:20.333742 
2016-05-22 16:47:20.333760 : ## data/spouse_label #########################################################
2016-05-22 16:47:20.333780 : # Done: 2016-05-22T15:50:41-0700 (56m 36s ago)
2016-05-22 16:47:20.333798 : # no-op
2016-05-22 16:47:20.333816 : mark_done data/spouse_label
2016-05-22 16:47:20.333835 : ##############################################################################
2016-05-22 16:47:20.333855 
2016-05-22 16:47:20.333876 : ## process/ext_spouse_label_resolved #########################################
2016-05-22 16:47:20.333898 : # Done: 2016-05-22T15:50:41-0700 (56m 36s ago)
2016-05-22 16:47:20.333919 : process/ext_spouse_label_resolved/run.sh
2016-05-22 16:47:20.333939 : mark_done process/ext_spouse_label_resolved
2016-05-22 16:47:20.333970 : ##############################################################################
2016-05-22 16:47:20.334008 
2016-05-22 16:47:20.334033 : ## data/spouse_label_resolved ################################################
2016-05-22 16:47:20.334054 : # Done: 2016-05-22T15:50:41-0700 (56m 36s ago)
2016-05-22 16:47:20.334074 : # no-op
2016-05-22 16:47:20.334095 : mark_done data/spouse_label_resolved
2016-05-22 16:47:20.334114 : ##############################################################################
2016-05-22 16:47:20.334134 
2016-05-22 16:47:20.334152 ## process/ext_has_spouse ####################################################
2016-05-22 16:47:20.334173 # Done: 2016-05-22T16:46:21-0700 (56s ago)
2016-05-22 16:47:20.334194 process/ext_has_spouse/run.sh
2016-05-22 16:47:20.334213 ++ dirname process/ext_has_spouse/run.sh
2016-05-22 16:47:20.334231 + cd process/ext_has_spouse
2016-05-22 16:47:20.334249 + export DEEPDIVE_CURRENT_PROCESS_NAME=process/ext_has_spouse
2016-05-22 16:47:20.334268 + DEEPDIVE_CURRENT_PROCESS_NAME=process/ext_has_spouse
2016-05-22 16:47:20.334285 + deepdive create table has_spouse
2016-05-22 16:47:20.445955 CREATE TABLE
2016-05-22 16:47:20.446936 + deepdive sql 'INSERT INTO has_spouse SELECT DISTINCT R0.column_0, R0.column_1, 0 AS id, 
2016-05-22 16:47:20.447000 CASE WHEN R0.column_2 > 0 THEN true
2016-05-22 16:47:20.447020      WHEN R0.column_2 < 0 THEN false
2016-05-22 16:47:20.447036      ELSE NULL
2016-05-22 16:47:20.447052 END AS label
2016-05-22 16:47:20.447104           FROM spouse_label_resolved R0
2016-05-22 16:47:20.447147         
2016-05-22 16:47:20.447169           '
2016-05-22 16:47:20.528654 INSERT 0 103
2016-05-22 16:47:20.529948 mark_done process/ext_has_spouse
2016-05-22 16:47:20.545400 ##############################################################################
2016-05-22 16:47:20.545471 
2016-05-22 16:47:20.545490 ## data/has_spouse ###########################################################
2016-05-22 16:47:20.545511 # Done: 2016-05-22T16:46:21-0700 (56s ago)
2016-05-22 16:47:20.545531 # no-op
2016-05-22 16:47:20.545610 mark_done data/has_spouse
2016-05-22 16:47:20.560958 ##############################################################################
2016-05-22 16:47:20.561026 
