2016-05-23 15:06:59.279832 # on dhcp-169-233-164-19.cruznet.ucsc.edu: deepdive do spouse_feature
2016-05-23 15:06:59.280168 # run/20160523/150657.780945000/plan.sh
2016-05-23 15:06:59.280210 # execution plan for data/spouse_feature
2016-05-23 15:06:59.280236 
2016-05-23 15:06:59.280260 : ## process/init/app ##########################################################
2016-05-23 15:06:59.280284 : # Done: 2016-05-22T17:21:25-0700 (21h 45m 32s ago)
2016-05-23 15:06:59.280307 : process/init/app/run.sh
2016-05-23 15:06:59.280327 : mark_done process/init/app
2016-05-23 15:06:59.280348 : ##############################################################################
2016-05-23 15:06:59.280367 
2016-05-23 15:06:59.280387 : ## process/init/relation/articles ############################################
2016-05-23 15:06:59.280407 : # Done: 2016-05-23T12:16:43-0700 (2h 50m 14s ago)
2016-05-23 15:06:59.280427 : process/init/relation/articles/run.sh
2016-05-23 15:06:59.280448 : mark_done process/init/relation/articles
2016-05-23 15:06:59.280467 : ##############################################################################
2016-05-23 15:06:59.280487 
2016-05-23 15:06:59.280508 : ## data/articles #############################################################
2016-05-23 15:06:59.280526 : # Done: 2016-05-23T12:16:43-0700 (2h 50m 14s ago)
2016-05-23 15:06:59.280547 : # no-op
2016-05-23 15:06:59.280566 : mark_done data/articles
2016-05-23 15:06:59.280585 : ##############################################################################
2016-05-23 15:06:59.280606 
2016-05-23 15:06:59.280629 : ## process/ext_sentences_by_nlp_markup #######################################
2016-05-23 15:06:59.280647 : # Done: 2016-05-23T15:05:01-0700 (1m 56s ago)
2016-05-23 15:06:59.280666 : process/ext_sentences_by_nlp_markup/run.sh
2016-05-23 15:06:59.280684 : mark_done process/ext_sentences_by_nlp_markup
2016-05-23 15:06:59.280702 : ##############################################################################
2016-05-23 15:06:59.280723 
2016-05-23 15:06:59.280743 : ## data/sentences ############################################################
2016-05-23 15:06:59.280761 : # Done: 2016-05-23T15:05:01-0700 (1m 57s ago)
2016-05-23 15:06:59.280780 : # no-op
2016-05-23 15:06:59.280800 : mark_done data/sentences
2016-05-23 15:06:59.280821 : ##############################################################################
2016-05-23 15:06:59.280839 
2016-05-23 15:06:59.280858 : ## process/ext_person_mention_by_map_person_mention ##########################
2016-05-23 15:06:59.280875 : # Done: 2016-05-23T15:05:52-0700 (1m 6s ago)
2016-05-23 15:06:59.280894 : process/ext_person_mention_by_map_person_mention/run.sh
2016-05-23 15:06:59.280915 : mark_done process/ext_person_mention_by_map_person_mention
2016-05-23 15:06:59.280936 : ##############################################################################
2016-05-23 15:06:59.280955 
2016-05-23 15:06:59.280975 : ## data/person_mention #######################################################
2016-05-23 15:06:59.280996 : # Done: 2016-05-23T15:05:52-0700 (1m 6s ago)
2016-05-23 15:06:59.281015 : # no-op
2016-05-23 15:06:59.281033 : mark_done data/person_mention
2016-05-23 15:06:59.281051 : ##############################################################################
2016-05-23 15:06:59.281071 
2016-05-23 15:06:59.281091 : ## process/ext_team_mention_by_map_team_mention ##############################
2016-05-23 15:06:59.281111 : # Done: 2016-05-23T15:06:19-0700 (39s ago)
2016-05-23 15:06:59.281131 : process/ext_team_mention_by_map_team_mention/run.sh
2016-05-23 15:06:59.281149 : mark_done process/ext_team_mention_by_map_team_mention
2016-05-23 15:06:59.281167 : ##############################################################################
2016-05-23 15:06:59.281219 
2016-05-23 15:06:59.281264 : ## data/team_mention #########################################################
2016-05-23 15:06:59.281286 : # Done: 2016-05-23T15:06:19-0700 (39s ago)
2016-05-23 15:06:59.281307 : # no-op
2016-05-23 15:06:59.281327 : mark_done data/team_mention
2016-05-23 15:06:59.281371 : ##############################################################################
2016-05-23 15:06:59.281393 
2016-05-23 15:06:59.281414 ## process/ext_spouse_feature_by_extract_spouse_features #####################
2016-05-23 15:06:59.281437 : # Done: 2016-05-22T17:27:00-0700 (21h 39m 58s ago)
2016-05-23 15:06:59.281459 # Done: 2016-05-22T17:27:00-0700 (21h 39m 57s ago)
2016-05-23 15:06:59.281480 process/ext_spouse_feature_by_extract_spouse_features/run.sh
2016-05-23 15:06:59.281503 ++ dirname process/ext_spouse_feature_by_extract_spouse_features/run.sh
2016-05-23 15:06:59.281524 + cd process/ext_spouse_feature_by_extract_spouse_features
2016-05-23 15:06:59.281544 + export DEEPDIVE_CURRENT_PROCESS_NAME=process/ext_spouse_feature_by_extract_spouse_features
2016-05-23 15:06:59.281564 + DEEPDIVE_CURRENT_PROCESS_NAME=process/ext_spouse_feature_by_extract_spouse_features
2016-05-23 15:06:59.281587 + export DEEPDIVE_LOAD_FORMAT=tsv
2016-05-23 15:06:59.281608 + DEEPDIVE_LOAD_FORMAT=tsv
2016-05-23 15:06:59.281631 + deepdive compute execute 'input_sql= SELECT R0.mention_id AS "person_mention.R0.mention_id", R1.team_id AS "team_mention.R1.team_id", R0.begin_index AS "person_mention.R0.begin_index", R0.end_index AS "person_mention.R0.end_index", R1.begin_index AS "team_mention.R1.begin_index", R1.end_index AS "team_mention.R1.end_index", R0.doc_id AS "person_mention.R0.doc_id", R0.sentence_index AS "person_mention.R0.sentence_index", R2.tokens AS "sentences.R2.tokens", R2.lemmas AS "sentences.R2.lemmas", R2.pos_tags AS "sentences.R2.pos_tags", R2.ner_tags AS "sentences.R2.ner_tags", R2.dep_types AS "sentences.R2.dep_types", R2.dep_tokens AS "sentences.R2.dep_tokens"
2016-05-23 15:06:59.281661 FROM person_mention R0, team_mention R1, sentences R2
2016-05-23 15:06:59.281684         WHERE R1.doc_id = R0.doc_id  AND R1.sentence_index = R0.sentence_index  AND R2.doc_id = R0.doc_id  AND R2.sentence_index = R0.sentence_index 
2016-05-23 15:06:59.281708           ' 'command="$DEEPDIVE_APP"/udf/extract_spouse_features.py' output_relation=spouse_feature
2016-05-23 15:06:59.331990 Executing with the following configuration:
2016-05-23 15:06:59.332125  DEEPDIVE_NUM_PROCESSES=3
2016-05-23 15:06:59.332181  DEEPDIVE_NUM_PARALLEL_UNLOADS=1
2016-05-23 15:06:59.332231  DEEPDIVE_NUM_PARALLEL_LOADS=1
2016-05-23 15:06:59.332481  output_relation_tmp=dd_tmp_spouse_feature
2016-05-23 15:06:59.332519 
2016-05-23 15:06:59.545183 CREATE TABLE
2016-05-23 15:06:59.645208 CREATE TABLE
2016-05-23 15:06:59.815660 unloading to feed_processes-1: ' SELECT R0.mention_id AS "person_mention.R0.mention_id", R1.team_id AS "team_mention.R1.team_id", R0.begin_index AS "person_mention.R0.begin_index", R0.end_index AS "person_mention.R0.end_index", R1.begin_index AS "team_mention.R1.begin_index", R1.end_index AS "team_mention.R1.end_index", R0.doc_id AS "person_mention.R0.doc_id", R0.sentence_index AS "person_mention.R0.sentence_index", R2.tokens AS "sentences.R2.tokens", R2.lemmas AS "sentences.R2.lemmas", R2.pos_tags AS "sentences.R2.pos_tags", R2.ner_tags AS "sentences.R2.ner_tags", R2.dep_types AS "sentences.R2.dep_types", R2.dep_tokens AS "sentences.R2.dep_tokens"
2016-05-23 15:06:59.815733 FROM person_mention R0, team_mention R1, sentences R2
2016-05-23 15:06:59.815762         WHERE R1.doc_id = R0.doc_id  AND R1.sentence_index = R0.sentence_index  AND R2.doc_id = R0.doc_id  AND R2.sentence_index = R0.sentence_index 
2016-05-23 15:06:59.815786           '
2016-05-23 15:06:59.866822 Loading dd_tmp_spouse_feature from output_computed-1 (tsv format)
2016-05-23 15:07:20.002653 COPY 910682
2016-05-23 15:07:20.020948 Replacing spouse_feature with dd_tmp_spouse_feature
2016-05-23 15:07:20.099297 DROP TABLE
2016-05-23 15:07:20.188969 ALTER TABLE
2016-05-23 15:07:20.272851 ALTER TABLE
2016-05-23 15:07:20.356433 DROP TABLE
2016-05-23 15:07:20.743730 ANALYZE
2016-05-23 15:07:20.749787 mark_done process/ext_spouse_feature_by_extract_spouse_features
2016-05-23 15:07:20.765785 ##############################################################################
2016-05-23 15:07:20.765833 
2016-05-23 15:07:20.765857 ## data/spouse_feature #######################################################
2016-05-23 15:07:20.765879 : # Done: 2016-05-22T17:27:00-0700 (21h 39m 58s ago)
2016-05-23 15:07:20.765898 # Done: 2016-05-22T17:27:00-0700 (21h 39m 57s ago)
2016-05-23 15:07:20.765916 # no-op
2016-05-23 15:07:20.765954 mark_done data/spouse_feature
2016-05-23 15:07:20.785839 ##############################################################################
2016-05-23 15:07:20.785913 
