2016-05-22 15:50:18.970258 # on eduroam-169-233-210-202.ucsc.edu: deepdive do spouses_dbpedia
2016-05-22 15:50:18.970636 # run/20160522/155016.149134000/plan.sh
2016-05-22 15:50:18.970669 # execution plan for data/spouses_dbpedia
2016-05-22 15:50:18.970699 
2016-05-22 15:50:18.970722 : ## process/init/app ##########################################################
2016-05-22 15:50:18.970743 : # Done: 2016-05-22T11:25:05-0700 (4h 25m 11s ago)
2016-05-22 15:50:18.970764 : process/init/app/run.sh
2016-05-22 15:50:18.970785 : mark_done process/init/app
2016-05-22 15:50:18.970806 : ##############################################################################
2016-05-22 15:50:18.970829 
2016-05-22 15:50:18.970849 ## process/init/relation/spouses_dbpedia #####################################
2016-05-22 15:50:18.970868 # Done: 2016-05-22T12:18:22-0700 (3h 31m 54s ago)
2016-05-22 15:50:18.970887 process/init/relation/spouses_dbpedia/run.sh
2016-05-22 15:50:18.970906 ++ dirname process/init/relation/spouses_dbpedia/run.sh
2016-05-22 15:50:18.970925 + cd process/init/relation/spouses_dbpedia
2016-05-22 15:50:18.970944 + export DEEPDIVE_CURRENT_PROCESS_NAME=process/init/relation/spouses_dbpedia
2016-05-22 15:50:18.970967 + DEEPDIVE_CURRENT_PROCESS_NAME=process/init/relation/spouses_dbpedia
2016-05-22 15:50:18.971045 + deepdive create table spouses_dbpedia
2016-05-22 15:50:19.044635 CREATE TABLE
2016-05-22 15:50:19.045673 + deepdive load spouses_dbpedia
2016-05-22 15:50:19.154692 Loading spouses_dbpedia from input/spouses_dbpedia.csv (csv format)
2016-05-22 15:50:19.204361 COPY 363
2016-05-22 15:50:19.215747 mark_done process/init/relation/spouses_dbpedia
2016-05-22 15:50:19.236116 ##############################################################################
2016-05-22 15:50:19.236188 
2016-05-22 15:50:19.236216 ## data/spouses_dbpedia ######################################################
2016-05-22 15:50:19.236235 # Done: 2016-05-22T12:18:22-0700 (3h 31m 54s ago)
2016-05-22 15:50:19.236253 # no-op
2016-05-22 15:50:19.236272 mark_done data/spouses_dbpedia
2016-05-22 15:50:19.261244 ##############################################################################
2016-05-22 15:50:19.261308 
