2016-05-22 17:07:07.046486 # on eduroam-169-233-210-202.ucsc.edu: deepdive do spouse_candidate
2016-05-22 17:07:07.046812 # run/20160522/170705.533768000/plan.sh
2016-05-22 17:07:07.046842 # execution plan for data/spouse_candidate
2016-05-22 17:07:07.046864 
2016-05-22 17:07:07.046886 : ## process/init/app ##########################################################
2016-05-22 17:07:07.046908 : # Done: 2016-05-22T16:58:31-0700 (8m 34s ago)
2016-05-22 17:07:07.046931 : process/init/app/run.sh
2016-05-22 17:07:07.046950 : mark_done process/init/app
2016-05-22 17:07:07.046987 : ##############################################################################
2016-05-22 17:07:07.047012 
2016-05-22 17:07:07.047032 : ## process/init/relation/articles ############################################
2016-05-22 17:07:07.047053 : # Done: 2016-05-22T17:01:30-0700 (5m 35s ago)
2016-05-22 17:07:07.047074 : process/init/relation/articles/run.sh
2016-05-22 17:07:07.047094 : mark_done process/init/relation/articles
2016-05-22 17:07:07.047115 : ##############################################################################
2016-05-22 17:07:07.047135 
2016-05-22 17:07:07.047155 : ## data/articles #############################################################
2016-05-22 17:07:07.047176 : # Done: 2016-05-22T17:01:30-0700 (5m 35s ago)
2016-05-22 17:07:07.047196 : # no-op
2016-05-22 17:07:07.047217 : mark_done data/articles
2016-05-22 17:07:07.047238 : ##############################################################################
2016-05-22 17:07:07.047258 
2016-05-22 17:07:07.047278 : ## process/ext_sentences_by_nlp_markup #######################################
2016-05-22 17:07:07.047298 : # Done: 2016-05-22T17:03:30-0700 (3m 35s ago)
2016-05-22 17:07:07.047318 : process/ext_sentences_by_nlp_markup/run.sh
2016-05-22 17:07:07.047340 : mark_done process/ext_sentences_by_nlp_markup
2016-05-22 17:07:07.047362 : ##############################################################################
2016-05-22 17:07:07.047380 
2016-05-22 17:07:07.047399 : ## data/sentences ############################################################
2016-05-22 17:07:07.047441 : # Done: 2016-05-22T17:03:30-0700 (3m 35s ago)
2016-05-22 17:07:07.047475 : # no-op
2016-05-22 17:07:07.047495 : mark_done data/sentences
2016-05-22 17:07:07.047514 : ##############################################################################
2016-05-22 17:07:07.047532 
2016-05-22 17:07:07.047551 : ## process/ext_person_mention_by_map_person_mention ##########################
2016-05-22 17:07:07.047568 : # Done: 2016-05-22T17:06:48-0700 (17s ago)
2016-05-22 17:07:07.047586 : process/ext_person_mention_by_map_person_mention/run.sh
2016-05-22 17:07:07.047603 : mark_done process/ext_person_mention_by_map_person_mention
2016-05-22 17:07:07.047620 : ##############################################################################
2016-05-22 17:07:07.047637 
2016-05-22 17:07:07.047655 : ## data/person_mention #######################################################
2016-05-22 17:07:07.047672 : # Done: 2016-05-22T17:06:48-0700 (17s ago)
2016-05-22 17:07:07.047692 : # no-op
2016-05-22 17:07:07.047714 : mark_done data/person_mention
2016-05-22 17:07:07.047734 : ##############################################################################
2016-05-22 17:07:07.047758 
2016-05-22 17:07:07.047780 ## process/ext_num_people ####################################################
2016-05-22 17:07:07.047832 # Done: 2016-05-22T16:59:49-0700 (7m 16s ago)
2016-05-22 17:07:07.047874 process/ext_num_people/run.sh
2016-05-22 17:07:07.047899 ++ dirname process/ext_num_people/run.sh
2016-05-22 17:07:07.047920 + cd process/ext_num_people
2016-05-22 17:07:07.047939 + export DEEPDIVE_CURRENT_PROCESS_NAME=process/ext_num_people
2016-05-22 17:07:07.047960 + DEEPDIVE_CURRENT_PROCESS_NAME=process/ext_num_people
2016-05-22 17:07:07.047982 + deepdive create view num_people as 'SELECT R0.doc_id AS column_0, R0.sentence_index AS column_1, COUNT(R0.mention_id) AS column_2
2016-05-22 17:07:07.048004 FROM person_mention R0
2016-05-22 17:07:07.048023         
2016-05-22 17:07:07.048042         GROUP BY R0.doc_id, R0.sentence_index'
2016-05-22 17:07:07.161621 CREATE VIEW
2016-05-22 17:07:07.162850 mark_done process/ext_num_people
2016-05-22 17:07:07.178418 ##############################################################################
2016-05-22 17:07:07.178489 
2016-05-22 17:07:07.178509 ## data/num_people ###########################################################
2016-05-22 17:07:07.178530 # Done: 2016-05-22T16:59:49-0700 (7m 16s ago)
2016-05-22 17:07:07.178550 # no-op
2016-05-22 17:07:07.178628 mark_done data/num_people
2016-05-22 17:07:07.193795 ##############################################################################
2016-05-22 17:07:07.193851 
2016-05-22 17:07:07.193872 : ## process/ext_team_mention_by_map_team_mention ##############################
2016-05-22 17:07:07.193892 : # Done: 2016-05-22T17:05:38-0700 (1m 27s ago)
2016-05-22 17:07:07.193911 : process/ext_team_mention_by_map_team_mention/run.sh
2016-05-22 17:07:07.193930 : mark_done process/ext_team_mention_by_map_team_mention
2016-05-22 17:07:07.193949 : ##############################################################################
2016-05-22 17:07:07.193971 
2016-05-22 17:07:07.193993 : ## data/team_mention #########################################################
2016-05-22 17:07:07.194012 : # Done: 2016-05-22T17:05:38-0700 (1m 27s ago)
2016-05-22 17:07:07.194031 : # no-op
2016-05-22 17:07:07.194049 : mark_done data/team_mention
2016-05-22 17:07:07.194077 : ##############################################################################
2016-05-22 17:07:07.194110 
2016-05-22 17:07:07.194131 ## process/ext_spouse_candidate ##############################################
2016-05-22 17:07:07.194150 # Done: 2016-05-22T16:59:50-0700 (7m 15s ago)
2016-05-22 17:07:07.194169 process/ext_spouse_candidate/run.sh
2016-05-22 17:07:07.202630 ++ dirname process/ext_spouse_candidate/run.sh
2016-05-22 17:07:07.207404 + cd process/ext_spouse_candidate
2016-05-22 17:07:07.207554 + export DEEPDIVE_CURRENT_PROCESS_NAME=process/ext_spouse_candidate
2016-05-22 17:07:07.207600 + DEEPDIVE_CURRENT_PROCESS_NAME=process/ext_spouse_candidate
2016-05-22 17:07:07.207629 + deepdive create table spouse_candidate
2016-05-22 17:07:07.348781 CREATE TABLE
2016-05-22 17:07:07.349968 + deepdive sql 'INSERT INTO spouse_candidate SELECT R1.mention_id AS "person_mention.R1.mention_id", R1.mention_text AS "person_mention.R1.mention_text", R2.team_id AS "team_mention.R2.team_id", R2.team_text AS "team_mention.R2.team_text"
2016-05-22 17:07:07.350036 FROM num_people R0, person_mention R1, team_mention R2
2016-05-22 17:07:07.350064         WHERE R1.doc_id = R0.column_0  AND R1.sentence_index = R0.column_1  AND R2.doc_id = R0.column_0  AND R2.sentence_index = R0.column_1  AND R0.column_2 < 3'
2016-05-22 17:07:07.433877 INSERT 0 103
2016-05-22 17:07:07.435096 mark_done process/ext_spouse_candidate
2016-05-22 17:07:07.450906 ##############################################################################
2016-05-22 17:07:07.450976 
2016-05-22 17:07:07.450998 ## data/spouse_candidate #####################################################
2016-05-22 17:07:07.451021 # Done: 2016-05-22T16:59:50-0700 (7m 15s ago)
2016-05-22 17:07:07.451042 # no-op
2016-05-22 17:07:07.451094 mark_done data/spouse_candidate
2016-05-22 17:07:07.466355 ##############################################################################
2016-05-22 17:07:07.466430 
