2016-05-22 17:07:53.813597 # on eduroam-169-233-210-202.ucsc.edu: deepdive do spouse_feature
2016-05-22 17:07:53.814244 # run/20160522/170752.478828000/plan.sh
2016-05-22 17:07:53.814285 # execution plan for data/spouse_feature
2016-05-22 17:07:53.814309 
2016-05-22 17:07:53.814331 : ## process/init/app ##########################################################
2016-05-22 17:07:53.814352 : # Done: 2016-05-22T16:58:31-0700 (9m 21s ago)
2016-05-22 17:07:53.814372 : process/init/app/run.sh
2016-05-22 17:07:53.814390 : mark_done process/init/app
2016-05-22 17:07:53.814409 : ##############################################################################
2016-05-22 17:07:53.814429 
2016-05-22 17:07:53.814449 : ## process/init/relation/articles ############################################
2016-05-22 17:07:53.814469 : # Done: 2016-05-22T17:01:30-0700 (6m 22s ago)
2016-05-22 17:07:53.814489 : process/init/relation/articles/run.sh
2016-05-22 17:07:53.814511 : mark_done process/init/relation/articles
2016-05-22 17:07:53.814530 : ##############################################################################
2016-05-22 17:07:53.814551 
2016-05-22 17:07:53.814572 : ## data/articles #############################################################
2016-05-22 17:07:53.814592 : # Done: 2016-05-22T17:01:30-0700 (6m 22s ago)
2016-05-22 17:07:53.814614 : # no-op
2016-05-22 17:07:53.814635 : mark_done data/articles
2016-05-22 17:07:53.814656 : ##############################################################################
2016-05-22 17:07:53.814679 
2016-05-22 17:07:53.814702 : ## process/ext_sentences_by_nlp_markup #######################################
2016-05-22 17:07:53.814724 : # Done: 2016-05-22T17:03:30-0700 (4m 22s ago)
2016-05-22 17:07:53.814744 : process/ext_sentences_by_nlp_markup/run.sh
2016-05-22 17:07:53.814764 : mark_done process/ext_sentences_by_nlp_markup
2016-05-22 17:07:53.814786 : ##############################################################################
2016-05-22 17:07:53.814806 
2016-05-22 17:07:53.814828 : ## data/sentences ############################################################
2016-05-22 17:07:53.814851 : # Done: 2016-05-22T17:03:30-0700 (4m 22s ago)
2016-05-22 17:07:53.814873 : # no-op
2016-05-22 17:07:53.814895 : mark_done data/sentences
2016-05-22 17:07:53.814916 : ##############################################################################
2016-05-22 17:07:53.814937 
2016-05-22 17:07:53.814958 : ## process/ext_person_mention_by_map_person_mention ##########################
2016-05-22 17:07:53.814980 : # Done: 2016-05-22T17:06:48-0700 (1m 4s ago)
2016-05-22 17:07:53.815002 : process/ext_person_mention_by_map_person_mention/run.sh
2016-05-22 17:07:53.815023 : mark_done process/ext_person_mention_by_map_person_mention
2016-05-22 17:07:53.815043 : ##############################################################################
2016-05-22 17:07:53.815063 
2016-05-22 17:07:53.815084 : ## data/person_mention #######################################################
2016-05-22 17:07:53.815106 : # Done: 2016-05-22T17:06:48-0700 (1m 4s ago)
2016-05-22 17:07:53.815127 : # no-op
2016-05-22 17:07:53.815145 : mark_done data/person_mention
2016-05-22 17:07:53.815164 : ##############################################################################
2016-05-22 17:07:53.815182 
2016-05-22 17:07:53.815200 : ## process/ext_team_mention_by_map_team_mention ##############################
2016-05-22 17:07:53.815218 : # Done: 2016-05-22T17:05:38-0700 (2m 14s ago)
2016-05-22 17:07:53.815238 : process/ext_team_mention_by_map_team_mention/run.sh
2016-05-22 17:07:53.815256 : mark_done process/ext_team_mention_by_map_team_mention
2016-05-22 17:07:53.815273 : ##############################################################################
2016-05-22 17:07:53.815290 
2016-05-22 17:07:53.815308 : ## data/team_mention #########################################################
2016-05-22 17:07:53.815327 : # Done: 2016-05-22T17:05:38-0700 (2m 14s ago)
2016-05-22 17:07:53.815346 : # no-op
2016-05-22 17:07:53.815364 : mark_done data/team_mention
2016-05-22 17:07:53.815404 : ##############################################################################
2016-05-22 17:07:53.815424 
2016-05-22 17:07:53.815442 ## process/ext_spouse_feature_by_extract_spouse_features #####################
2016-05-22 17:07:53.815459 # Done: 2016-05-22T12:16:15-0700 (4h 51m 37s ago)
2016-05-22 17:07:53.815477 process/ext_spouse_feature_by_extract_spouse_features/run.sh
2016-05-22 17:07:53.815495 ++ dirname process/ext_spouse_feature_by_extract_spouse_features/run.sh
2016-05-22 17:07:53.815513 + cd process/ext_spouse_feature_by_extract_spouse_features
2016-05-22 17:07:53.815537 + export DEEPDIVE_CURRENT_PROCESS_NAME=process/ext_spouse_feature_by_extract_spouse_features
2016-05-22 17:07:53.815559 + DEEPDIVE_CURRENT_PROCESS_NAME=process/ext_spouse_feature_by_extract_spouse_features
2016-05-22 17:07:53.815597 + export DEEPDIVE_LOAD_FORMAT=tsv
2016-05-22 17:07:53.815624 + DEEPDIVE_LOAD_FORMAT=tsv
2016-05-22 17:07:53.815648 + deepdive compute execute 'input_sql= SELECT R0.mention_id AS "person_mention.R0.mention_id", R1.team_id AS "team_mention.R1.team_id", R0.begin_index AS "person_mention.R0.begin_index", R0.end_index AS "person_mention.R0.end_index", R1.begin_index AS "team_mention.R1.begin_index", R1.end_index AS "team_mention.R1.end_index", R0.doc_id AS "person_mention.R0.doc_id", R0.sentence_index AS "person_mention.R0.sentence_index", R2.tokens AS "sentences.R2.tokens", R2.lemmas AS "sentences.R2.lemmas", R2.pos_tags AS "sentences.R2.pos_tags", R2.ner_tags AS "sentences.R2.ner_tags", R2.dep_types AS "sentences.R2.dep_types", R2.dep_tokens AS "sentences.R2.dep_tokens"
2016-05-22 17:07:53.815671 FROM person_mention R0, team_mention R1, sentences R2
2016-05-22 17:07:53.815693         WHERE R1.doc_id = R0.doc_id  AND R1.sentence_index = R0.sentence_index  AND R2.doc_id = R0.doc_id  AND R2.sentence_index = R0.sentence_index 
2016-05-22 17:07:53.815715           ' 'command="$DEEPDIVE_APP"/udf/extract_spouse_features.py' output_relation=spouse_feature
2016-05-22 17:07:53.863557 Executing with the following configuration:
2016-05-22 17:07:53.863606  DEEPDIVE_NUM_PROCESSES=3
2016-05-22 17:07:53.863623  DEEPDIVE_NUM_PARALLEL_UNLOADS=1
2016-05-22 17:07:53.863643  DEEPDIVE_NUM_PARALLEL_LOADS=1
2016-05-22 17:07:53.863684  output_relation_tmp=dd_tmp_spouse_feature
2016-05-22 17:07:53.863708 
2016-05-22 17:07:54.032644 NOTICE:  table "spouse_feature" does not exist, skipping
2016-05-22 17:07:54.042764 CREATE TABLE
2016-05-22 17:07:54.139805 CREATE TABLE
2016-05-22 17:07:54.298300 unloading to feed_processes-1: ' SELECT R0.mention_id AS "person_mention.R0.mention_id", R1.team_id AS "team_mention.R1.team_id", R0.begin_index AS "person_mention.R0.begin_index", R0.end_index AS "person_mention.R0.end_index", R1.begin_index AS "team_mention.R1.begin_index", R1.end_index AS "team_mention.R1.end_index", R0.doc_id AS "person_mention.R0.doc_id", R0.sentence_index AS "person_mention.R0.sentence_index", R2.tokens AS "sentences.R2.tokens", R2.lemmas AS "sentences.R2.lemmas", R2.pos_tags AS "sentences.R2.pos_tags", R2.ner_tags AS "sentences.R2.ner_tags", R2.dep_types AS "sentences.R2.dep_types", R2.dep_tokens AS "sentences.R2.dep_tokens"
2016-05-22 17:07:54.298364 FROM person_mention R0, team_mention R1, sentences R2
2016-05-22 17:07:54.298388         WHERE R1.doc_id = R0.doc_id  AND R1.sentence_index = R0.sentence_index  AND R2.doc_id = R0.doc_id  AND R2.sentence_index = R0.sentence_index 
2016-05-22 17:07:54.298412           '
2016-05-22 17:07:54.336742 Loading dd_tmp_spouse_feature from output_computed-1 (tsv format)
2016-05-22 17:07:54.617836 COPY 10151
2016-05-22 17:07:54.630386 Replacing spouse_feature with dd_tmp_spouse_feature
2016-05-22 17:07:54.704584 DROP TABLE
2016-05-22 17:07:54.782502 ALTER TABLE
2016-05-22 17:07:54.860157 ALTER TABLE
2016-05-22 17:07:54.941427 DROP TABLE
2016-05-22 17:07:55.010254 ANALYZE
2016-05-22 17:07:55.015881 mark_done process/ext_spouse_feature_by_extract_spouse_features
2016-05-22 17:07:55.032460 ##############################################################################
2016-05-22 17:07:55.032511 
2016-05-22 17:07:55.032529 ## data/spouse_feature #######################################################
2016-05-22 17:07:55.032549 # Done: 2016-05-22T12:16:15-0700 (4h 51m 37s ago)
2016-05-22 17:07:55.032569 # no-op
2016-05-22 17:07:55.032588 mark_done data/spouse_feature
2016-05-22 17:07:55.054579 ##############################################################################
2016-05-22 17:07:55.054653 
