2016-05-30 23:29:42.316791 # on dhcp-169-233-170-85.cruznet.ucsc.edu: deepdive do process/model/inference data/model/weights data/model/probabilities
2016-05-30 23:29:42.317093 # run/20160530/232938.907890000/plan.sh
2016-05-30 23:29:42.317129 # execution plan for process/model/inference data/model/weights data/model/probabilities
2016-05-30 23:29:42.317156 
2016-05-30 23:29:42.317177 : ## process/init/app ##########################################################
2016-05-30 23:29:42.317197 : # Done: 2016-05-22T17:21:25-0700 (8d 6h 8m 14s ago)
2016-05-30 23:29:42.317217 : process/init/app/run.sh
2016-05-30 23:29:42.317270 : mark_done process/init/app
2016-05-30 23:29:42.317296 : ##############################################################################
2016-05-30 23:29:42.317316 
2016-05-30 23:29:42.317335 : ## process/init/relation/articles ############################################
2016-05-30 23:29:42.317353 : # Done: 2016-05-23T12:16:43-0700 (7d 11h 12m 56s ago)
2016-05-30 23:29:42.317372 : process/init/relation/articles/run.sh
2016-05-30 23:29:42.317391 : mark_done process/init/relation/articles
2016-05-30 23:29:42.317464 : ##############################################################################
2016-05-30 23:29:42.317488 
2016-05-30 23:29:42.317509 : ## data/articles #############################################################
2016-05-30 23:29:42.317532 : # Done: 2016-05-23T12:16:43-0700 (7d 11h 12m 56s ago)
2016-05-30 23:29:42.317553 : # no-op
2016-05-30 23:29:42.317573 : mark_done data/articles
2016-05-30 23:29:42.317594 : ##############################################################################
2016-05-30 23:29:42.317616 
2016-05-30 23:29:42.317636 : ## process/ext_sentences_by_nlp_markup #######################################
2016-05-30 23:29:42.317658 : # Done: 2016-05-23T15:05:01-0700 (7d 8h 24m 38s ago)
2016-05-30 23:29:42.317678 : process/ext_sentences_by_nlp_markup/run.sh
2016-05-30 23:29:42.317700 : mark_done process/ext_sentences_by_nlp_markup
2016-05-30 23:29:42.317723 : ##############################################################################
2016-05-30 23:29:42.317744 
2016-05-30 23:29:42.317767 : ## data/sentences ############################################################
2016-05-30 23:29:42.317789 : # Done: 2016-05-23T15:05:01-0700 (7d 8h 24m 38s ago)
2016-05-30 23:29:42.317811 : # no-op
2016-05-30 23:29:42.317832 : mark_done data/sentences
2016-05-30 23:29:42.317853 : ##############################################################################
2016-05-30 23:29:42.317875 
2016-05-30 23:29:42.317897 : ## process/ext_person_mention_by_map_person_mention ##########################
2016-05-30 23:29:42.317918 : # Done: 2016-05-23T15:05:52-0700 (7d 8h 23m 47s ago)
2016-05-30 23:29:42.317941 : process/ext_person_mention_by_map_person_mention/run.sh
2016-05-30 23:29:42.317962 : mark_done process/ext_person_mention_by_map_person_mention
2016-05-30 23:29:42.317984 : ##############################################################################
2016-05-30 23:29:42.318004 
2016-05-30 23:29:42.318027 : ## data/person_mention #######################################################
2016-05-30 23:29:42.318048 : # Done: 2016-05-23T15:05:52-0700 (7d 8h 23m 47s ago)
2016-05-30 23:29:42.318067 : # no-op
2016-05-30 23:29:42.318109 : mark_done data/person_mention
2016-05-30 23:29:42.318131 : ##############################################################################
2016-05-30 23:29:42.318152 
2016-05-30 23:29:42.318173 : ## process/init/relation/spouses_dbpedia #####################################
2016-05-30 23:29:42.318194 : # Done: 2016-05-23T15:08:28-0700 (7d 8h 21m 11s ago)
2016-05-30 23:29:42.318216 : process/init/relation/spouses_dbpedia/run.sh
2016-05-30 23:29:42.318236 : mark_done process/init/relation/spouses_dbpedia
2016-05-30 23:29:42.318267 : ##############################################################################
2016-05-30 23:29:42.318291 
2016-05-30 23:29:42.318314 : ## data/spouses_dbpedia ######################################################
2016-05-30 23:29:42.318335 : # Done: 2016-05-23T15:08:28-0700 (7d 8h 21m 11s ago)
2016-05-30 23:29:42.318355 : # no-op
2016-05-30 23:29:42.318376 : mark_done data/spouses_dbpedia
2016-05-30 23:29:42.318397 : ##############################################################################
2016-05-30 23:29:42.318418 
2016-05-30 23:29:42.318441 : ## process/ext_team_mention_by_map_team_mention ##############################
2016-05-30 23:29:42.318462 : # Done: 2016-05-23T15:06:19-0700 (7d 8h 23m 20s ago)
2016-05-30 23:29:42.318482 : process/ext_team_mention_by_map_team_mention/run.sh
2016-05-30 23:29:42.318503 : mark_done process/ext_team_mention_by_map_team_mention
2016-05-30 23:29:42.318523 : ##############################################################################
2016-05-30 23:29:42.318541 
2016-05-30 23:29:42.318559 : ## data/team_mention #########################################################
2016-05-30 23:29:42.318580 : # Done: 2016-05-23T15:06:19-0700 (7d 8h 23m 20s ago)
2016-05-30 23:29:42.318599 : # no-op
2016-05-30 23:29:42.318620 : mark_done data/team_mention
2016-05-30 23:29:42.318640 : ##############################################################################
2016-05-30 23:29:42.318662 
2016-05-30 23:29:42.318682 : ## process/ext_num_people ####################################################
2016-05-30 23:29:42.318703 : # Done: 2016-05-23T15:06:46-0700 (7d 8h 22m 53s ago)
2016-05-30 23:29:42.318724 : process/ext_num_people/run.sh
2016-05-30 23:29:42.318744 : mark_done process/ext_num_people
2016-05-30 23:29:42.318763 : ##############################################################################
2016-05-30 23:29:42.318782 
2016-05-30 23:29:42.318803 : ## data/num_people ###########################################################
2016-05-30 23:29:42.318822 : # Done: 2016-05-23T15:06:46-0700 (7d 8h 22m 53s ago)
2016-05-30 23:29:42.318840 : # no-op
2016-05-30 23:29:42.318857 : mark_done data/num_people
2016-05-30 23:29:42.318874 : ##############################################################################
2016-05-30 23:29:42.318891 
2016-05-30 23:29:42.318941 : ## process/ext_spouse_candidate ##############################################
2016-05-30 23:29:42.318975 : # Done: 2016-05-23T15:07:38-0700 (7d 8h 22m 1s ago)
2016-05-30 23:29:42.319000 : process/ext_spouse_candidate/run.sh
2016-05-30 23:29:42.319023 : mark_done process/ext_spouse_candidate
2016-05-30 23:29:42.319043 : ##############################################################################
2016-05-30 23:29:42.319088 
2016-05-30 23:29:42.319109 : ## data/spouse_candidate #####################################################
2016-05-30 23:29:42.319126 : # Done: 2016-05-23T15:07:38-0700 (7d 8h 22m 1s ago)
2016-05-30 23:29:42.319142 : # no-op
2016-05-30 23:29:42.319159 : mark_done data/spouse_candidate
2016-05-30 23:29:42.319195 : ##############################################################################
2016-05-30 23:29:42.319214 
2016-05-30 23:29:42.319230 : ## process/ext_spouse_label__0_by_supervise ##################################
2016-05-30 23:29:42.319248 : # Done: 2016-05-23T15:08:48-0700 (7d 8h 20m 51s ago)
2016-05-30 23:29:42.319263 : process/ext_spouse_label__0_by_supervise/run.sh
2016-05-30 23:29:42.319280 : mark_done process/ext_spouse_label__0_by_supervise
2016-05-30 23:29:42.319321 : ##############################################################################
2016-05-30 23:29:42.319351 
2016-05-30 23:29:42.319376 : ## data/spouse_label__0 ######################################################
2016-05-30 23:29:42.319399 : # Done: 2016-05-23T15:08:48-0700 (7d 8h 20m 51s ago)
2016-05-30 23:29:42.319419 : # no-op
2016-05-30 23:29:42.319450 : mark_done data/spouse_label__0
2016-05-30 23:29:42.319491 : ##############################################################################
2016-05-30 23:29:42.319531 
2016-05-30 23:29:42.319554 : ## process/ext_spouse_label ##################################################
2016-05-30 23:29:42.319573 : # Done: 2016-05-23T15:08:50-0700 (7d 8h 20m 49s ago)
2016-05-30 23:29:42.319593 : process/ext_spouse_label/run.sh
2016-05-30 23:29:42.319611 : mark_done process/ext_spouse_label
2016-05-30 23:29:42.319633 : ##############################################################################
2016-05-30 23:29:42.319653 
2016-05-30 23:29:42.319673 : ## data/spouse_label #########################################################
2016-05-30 23:29:42.319692 : # Done: 2016-05-23T15:08:50-0700 (7d 8h 20m 49s ago)
2016-05-30 23:29:42.319710 : # no-op
2016-05-30 23:29:42.319727 : mark_done data/spouse_label
2016-05-30 23:29:42.319748 : ##############################################################################
2016-05-30 23:29:42.319767 
2016-05-30 23:29:42.319786 : ## process/ext_spouse_label_resolved #########################################
2016-05-30 23:29:42.319806 : # Done: 2016-05-23T15:08:50-0700 (7d 8h 20m 49s ago)
2016-05-30 23:29:42.319840 : process/ext_spouse_label_resolved/run.sh
2016-05-30 23:29:42.319875 : mark_done process/ext_spouse_label_resolved
2016-05-30 23:29:42.319900 : ##############################################################################
2016-05-30 23:29:42.319923 
2016-05-30 23:29:42.319946 : ## data/spouse_label_resolved ################################################
2016-05-30 23:29:42.319969 : # Done: 2016-05-23T15:08:50-0700 (7d 8h 20m 49s ago)
2016-05-30 23:29:42.319990 : # no-op
2016-05-30 23:29:42.320013 : mark_done data/spouse_label_resolved
2016-05-30 23:29:42.320034 : ##############################################################################
2016-05-30 23:29:42.320057 
2016-05-30 23:29:42.320079 : ## process/init/relation/spouses_dbpedia_negative ############################
2016-05-30 23:29:42.320102 : # Done: 2016-05-25T12:13:43-0700 (5d 11h 15m 56s ago)
2016-05-30 23:29:42.320125 : process/init/relation/spouses_dbpedia_negative/run.sh
2016-05-30 23:29:42.320144 : mark_done process/init/relation/spouses_dbpedia_negative
2016-05-30 23:29:42.320165 : ##############################################################################
2016-05-30 23:29:42.320187 
2016-05-30 23:29:42.320209 : ## data/spouses_dbpedia_negative #############################################
2016-05-30 23:29:42.320232 : # Done: 2016-05-25T12:13:43-0700 (5d 11h 15m 56s ago)
2016-05-30 23:29:42.320252 : # no-op
2016-05-30 23:29:42.320274 : mark_done data/spouses_dbpedia_negative
2016-05-30 23:29:42.320296 : ##############################################################################
2016-05-30 23:29:42.320318 
2016-05-30 23:29:42.320341 : ## process/ext_has_spouse ####################################################
2016-05-30 23:29:42.320363 : # Done: 2016-05-29T12:10:14-0700 (1d 11h 19m 25s ago)
2016-05-30 23:29:42.320384 : process/ext_has_spouse/run.sh
2016-05-30 23:29:42.320407 : mark_done process/ext_has_spouse
2016-05-30 23:29:42.320429 : ##############################################################################
2016-05-30 23:29:42.320450 
2016-05-30 23:29:42.320472 : ## data/has_spouse ###########################################################
2016-05-30 23:29:42.320494 : # Done: 2016-05-29T12:10:14-0700 (1d 11h 19m 25s ago)
2016-05-30 23:29:42.320516 : # no-op
2016-05-30 23:29:42.320538 : mark_done data/has_spouse
2016-05-30 23:29:42.320558 : ##############################################################################
2016-05-30 23:29:42.320577 
2016-05-30 23:29:42.320597 : ## process/grounding/variable_id_partition ###################################
2016-05-30 23:29:42.320620 : # Done: 2016-05-30T23:28:10-0700 (1m 29s ago)
2016-05-30 23:29:42.320641 : process/grounding/variable_id_partition/run.sh
2016-05-30 23:29:42.320661 : mark_done process/grounding/variable_id_partition
2016-05-30 23:29:42.320683 : ##############################################################################
2016-05-30 23:29:42.320705 
2016-05-30 23:29:42.320727 : ## process/grounding/variable/has_spouse/assign_id ###########################
2016-05-30 23:29:42.320749 : # Done: 2016-05-30T23:28:10-0700 (1m 29s ago)
2016-05-30 23:29:42.320772 : process/grounding/variable/has_spouse/assign_id/run.sh
2016-05-30 23:29:42.320792 : mark_done process/grounding/variable/has_spouse/assign_id
2016-05-30 23:29:42.320815 : ##############################################################################
2016-05-30 23:29:42.320836 
2016-05-30 23:29:42.320858 : ## process/grounding/factor/inf1_istrue_has_spouse/materialize ###############
2016-05-30 23:29:42.320877 : # Done: 2016-05-30T23:28:10-0700 (1m 29s ago)
2016-05-30 23:29:42.320910 : process/grounding/factor/inf1_istrue_has_spouse/materialize/run.sh
2016-05-30 23:29:42.320934 : mark_done process/grounding/factor/inf1_istrue_has_spouse/materialize
2016-05-30 23:29:42.320957 : ##############################################################################
2016-05-30 23:29:42.320978 
2016-05-30 23:29:42.321001 : ## process/grounding/factor/inf_imply_has_spouse_has_spouse/materialize ######
2016-05-30 23:29:42.321023 : # Done: 2016-05-30T23:28:11-0700 (1m 28s ago)
2016-05-30 23:29:42.321046 : process/grounding/factor/inf_imply_has_spouse_has_spouse/materialize/run.sh
2016-05-30 23:29:42.321068 : mark_done process/grounding/factor/inf_imply_has_spouse_has_spouse/materialize
2016-05-30 23:29:42.321091 : ##############################################################################
2016-05-30 23:29:42.321112 
2016-05-30 23:29:42.321159 : ## process/ext_spouse_feature_by_extract_spouse_features #####################
2016-05-30 23:29:42.321187 : # Done: 2016-05-23T15:08:09-0700 (7d 8h 21m 30s ago)
2016-05-30 23:29:42.321210 : process/ext_spouse_feature_by_extract_spouse_features/run.sh
2016-05-30 23:29:42.321230 : mark_done process/ext_spouse_feature_by_extract_spouse_features
2016-05-30 23:29:42.321249 : ##############################################################################
2016-05-30 23:29:42.321270 
2016-05-30 23:29:42.321289 : ## data/spouse_feature #######################################################
2016-05-30 23:29:42.321308 : # Done: 2016-05-23T15:08:09-0700 (7d 8h 21m 30s ago)
2016-05-30 23:29:42.321326 : # no-op
2016-05-30 23:29:42.321346 : mark_done data/spouse_feature
2016-05-30 23:29:42.321366 : ##############################################################################
2016-05-30 23:29:42.321387 
2016-05-30 23:29:42.321407 : ## process/grounding/factor/inf_istrue_has_spouse/materialize ################
2016-05-30 23:29:42.321428 : # Done: 2016-05-30T23:28:12-0700 (1m 27s ago)
2016-05-30 23:29:42.321449 : process/grounding/factor/inf_istrue_has_spouse/materialize/run.sh
2016-05-30 23:29:42.321469 : mark_done process/grounding/factor/inf_istrue_has_spouse/materialize
2016-05-30 23:29:42.321490 : ##############################################################################
2016-05-30 23:29:42.321509 
2016-05-30 23:29:42.321529 : ## process/grounding/weight_id_partition #####################################
2016-05-30 23:29:42.321548 : # Done: 2016-05-30T23:28:12-0700 (1m 27s ago)
2016-05-30 23:29:42.321568 : process/grounding/weight_id_partition/run.sh
2016-05-30 23:29:42.321589 : mark_done process/grounding/weight_id_partition
2016-05-30 23:29:42.321610 : ##############################################################################
2016-05-30 23:29:42.321630 
2016-05-30 23:29:42.321650 : ## process/grounding/factor/inf1_istrue_has_spouse/assign_weight_id ##########
2016-05-30 23:29:42.321671 : # Done: 2016-05-30T23:28:12-0700 (1m 27s ago)
2016-05-30 23:29:42.321692 : process/grounding/factor/inf1_istrue_has_spouse/assign_weight_id/run.sh
2016-05-30 23:29:42.321729 : mark_done process/grounding/factor/inf1_istrue_has_spouse/assign_weight_id
2016-05-30 23:29:42.321764 : ##############################################################################
2016-05-30 23:29:42.321796 
2016-05-30 23:29:42.321820 : ## process/grounding/factor/inf1_istrue_has_spouse/dump ######################
2016-05-30 23:29:42.321844 : # Done: 2016-05-30T23:28:14-0700 (1m 26s ago)
2016-05-30 23:29:42.321867 : process/grounding/factor/inf1_istrue_has_spouse/dump/run.sh
2016-05-30 23:29:42.321890 : mark_done process/grounding/factor/inf1_istrue_has_spouse/dump
2016-05-30 23:29:42.321910 : ##############################################################################
2016-05-30 23:29:42.321932 
2016-05-30 23:29:42.321953 : ## process/grounding/factor/inf1_istrue_has_spouse/dump_weights ##############
2016-05-30 23:29:42.321976 : # Done: 2016-05-30T23:28:14-0700 (1m 26s ago)
2016-05-30 23:29:42.321998 : process/grounding/factor/inf1_istrue_has_spouse/dump_weights/run.sh
2016-05-30 23:29:42.322019 : mark_done process/grounding/factor/inf1_istrue_has_spouse/dump_weights
2016-05-30 23:29:42.322041 : ##############################################################################
2016-05-30 23:29:42.322063 
2016-05-30 23:29:42.322086 : ## process/grounding/factor/inf_imply_has_spouse_has_spouse/assign_weight_id #
2016-05-30 23:29:42.322107 : # Done: 2016-05-30T23:28:14-0700 (1m 26s ago)
2016-05-30 23:29:42.322135 : process/grounding/factor/inf_imply_has_spouse_has_spouse/assign_weight_id/run.sh
2016-05-30 23:29:42.322159 : mark_done process/grounding/factor/inf_imply_has_spouse_has_spouse/assign_weight_id
2016-05-30 23:29:42.322181 : ##############################################################################
2016-05-30 23:29:42.322202 
2016-05-30 23:29:42.322224 : ## process/grounding/factor/inf_imply_has_spouse_has_spouse/dump #############
2016-05-30 23:29:42.322245 : # Done: 2016-05-30T23:28:15-0700 (1m 25s ago)
2016-05-30 23:29:42.322301 : process/grounding/factor/inf_imply_has_spouse_has_spouse/dump/run.sh
2016-05-30 23:29:42.322328 : mark_done process/grounding/factor/inf_imply_has_spouse_has_spouse/dump
2016-05-30 23:29:42.322382 : ##############################################################################
2016-05-30 23:29:42.322411 
2016-05-30 23:29:42.322431 : ## process/grounding/factor/inf_imply_has_spouse_has_spouse/dump_weights #####
2016-05-30 23:29:42.322450 : # Done: 2016-05-30T23:28:15-0700 (1m 25s ago)
2016-05-30 23:29:42.322471 : process/grounding/factor/inf_imply_has_spouse_has_spouse/dump_weights/run.sh
2016-05-30 23:29:42.322492 : mark_done process/grounding/factor/inf_imply_has_spouse_has_spouse/dump_weights
2016-05-30 23:29:42.322511 : ##############################################################################
2016-05-30 23:29:42.322561 
2016-05-30 23:29:42.322583 : ## process/grounding/factor/inf_istrue_has_spouse/assign_weight_id ###########
2016-05-30 23:29:42.322603 : # Done: 2016-05-30T23:28:15-0700 (1m 25s ago)
2016-05-30 23:29:42.322661 : process/grounding/factor/inf_istrue_has_spouse/assign_weight_id/run.sh
2016-05-30 23:29:42.322689 : mark_done process/grounding/factor/inf_istrue_has_spouse/assign_weight_id
2016-05-30 23:29:42.322735 : ##############################################################################
2016-05-30 23:29:42.322757 
2016-05-30 23:29:42.322778 : ## process/grounding/factor/inf_istrue_has_spouse/dump #######################
2016-05-30 23:29:42.322802 : # Done: 2016-05-30T23:28:17-0700 (1m 23s ago)
2016-05-30 23:29:42.322823 : process/grounding/factor/inf_istrue_has_spouse/dump/run.sh
2016-05-30 23:29:42.322842 : mark_done process/grounding/factor/inf_istrue_has_spouse/dump
2016-05-30 23:29:42.322876 : ##############################################################################
2016-05-30 23:29:42.322899 
2016-05-30 23:29:42.322920 : ## process/grounding/factor/inf_istrue_has_spouse/dump_weights ###############
2016-05-30 23:29:42.322941 : # Done: 2016-05-30T23:28:17-0700 (1m 23s ago)
2016-05-30 23:29:42.322962 : process/grounding/factor/inf_istrue_has_spouse/dump_weights/run.sh
2016-05-30 23:29:42.322982 : mark_done process/grounding/factor/inf_istrue_has_spouse/dump_weights
2016-05-30 23:29:42.323021 : ##############################################################################
2016-05-30 23:29:42.323042 
2016-05-30 23:29:42.323060 : ## process/grounding/global_weight_table #####################################
2016-05-30 23:29:42.323079 : # Done: 2016-05-30T23:28:17-0700 (1m 23s ago)
2016-05-30 23:29:42.323199 : process/grounding/global_weight_table/run.sh
2016-05-30 23:29:42.323231 : mark_done process/grounding/global_weight_table
2016-05-30 23:29:42.323255 : ##############################################################################
2016-05-30 23:29:42.323277 
2016-05-30 23:29:42.323298 : ## process/grounding/variable_holdout ########################################
2016-05-30 23:29:42.323318 : # Done: 2016-05-30T23:28:18-0700 (1m 22s ago)
2016-05-30 23:29:42.323338 : process/grounding/variable_holdout/run.sh
2016-05-30 23:29:42.323358 : mark_done process/grounding/variable_holdout
2016-05-30 23:29:42.323377 : ##############################################################################
2016-05-30 23:29:42.323397 
2016-05-30 23:29:42.323416 : ## process/grounding/variable/has_spouse/dump ################################
2016-05-30 23:29:42.323437 : # Done: 2016-05-30T23:28:18-0700 (1m 22s ago)
2016-05-30 23:29:42.323458 : process/grounding/variable/has_spouse/dump/run.sh
2016-05-30 23:29:42.323480 : mark_done process/grounding/variable/has_spouse/dump
2016-05-30 23:29:42.323500 : ##############################################################################
2016-05-30 23:29:42.323519 
2016-05-30 23:29:42.323538 : ## process/grounding/combine_factorgraph #####################################
2016-05-30 23:29:42.323557 : # Done: 2016-05-30T23:28:18-0700 (1m 22s ago)
2016-05-30 23:29:42.323579 : process/grounding/combine_factorgraph/run.sh
2016-05-30 23:29:42.323599 : mark_done process/grounding/combine_factorgraph
2016-05-30 23:29:42.323619 : ##############################################################################
2016-05-30 23:29:42.323638 
2016-05-30 23:29:42.323661 : ## model/factorgraph #########################################################
2016-05-30 23:29:42.323683 : # Done: 2016-05-30T23:28:34-0700 (1m 6s ago)
2016-05-30 23:29:42.323705 : mark_done model/factorgraph
2016-05-30 23:29:42.323726 : ##############################################################################
2016-05-30 23:29:42.323746 
2016-05-30 23:29:42.323766 : ## process/model/learning ####################################################
2016-05-30 23:29:42.323786 : # Done: 2016-05-30T23:28:48-0700 (52s ago)
2016-05-30 23:29:42.323807 : process/model/learning/run.sh
2016-05-30 23:29:42.323826 : mark_done process/model/learning
2016-05-30 23:29:42.323846 : ##############################################################################
2016-05-30 23:29:42.323866 
2016-05-30 23:29:42.323887 : ## model/weights #############################################################
2016-05-30 23:29:42.323907 : # Done: 2016-05-30T23:28:48-0700 (52s ago)
2016-05-30 23:29:42.323927 : mark_done model/weights
2016-05-30 23:29:42.323948 : ##############################################################################
2016-05-30 23:29:42.323969 
2016-05-30 23:29:42.323989 ## process/model/inference ###################################################
2016-05-30 23:29:42.324010 : # Done: 2016-05-30T23:28:49-0700 (51s ago)
2016-05-30 23:29:42.324030 # Done: 2016-05-30T23:28:49-0700 (50s ago)
2016-05-30 23:29:42.324050 process/model/inference/run.sh
2016-05-30 23:29:42.324071 ++ dirname process/model/inference/run.sh
2016-05-30 23:29:42.324091 + cd process/model/inference
2016-05-30 23:29:42.324110 + export DEEPDIVE_CURRENT_PROCESS_NAME=process/model/inference
2016-05-30 23:29:42.324129 + DEEPDIVE_CURRENT_PROCESS_NAME=process/model/inference
2016-05-30 23:29:42.324148 + mkdir -p ../../../model
2016-05-30 23:29:42.324167 + cd ../../../model
2016-05-30 23:29:42.324186 + '[' -d factorgraph ']'
2016-05-30 23:29:42.324207 + [[ factorgraph/weights -nt probabilities/inference_result.out.text ]]
2016-05-30 23:29:42.324227 mark_done process/model/inference
2016-05-30 23:29:42.324247 ##############################################################################
2016-05-30 23:29:42.324265 
2016-05-30 23:29:42.324285 ## process/model/load_weights ################################################
2016-05-30 23:29:42.324305 : # Done: 2016-05-30T23:29:10-0700 (30s ago)
2016-05-30 23:29:42.324324 # Done: 2016-05-30T23:29:10-0700 (29s ago)
2016-05-30 23:29:42.324344 process/model/load_weights/run.sh
2016-05-30 23:29:42.324365 ++ dirname process/model/load_weights/run.sh
2016-05-30 23:29:42.324385 + cd process/model/load_weights
2016-05-30 23:29:42.324404 + export DEEPDIVE_CURRENT_PROCESS_NAME=process/model/load_weights
2016-05-30 23:29:42.324425 + DEEPDIVE_CURRENT_PROCESS_NAME=process/model/load_weights
2016-05-30 23:29:42.324445 + mkdir -p ../../../model
2016-05-30 23:29:42.324466 + cd ../../../model
2016-05-30 23:29:42.324486 + deepdive create table dd_inference_result_weights 'id:BIGINT:PRIMARY KEY' 'weight:DOUBLE PRECISION'
2016-05-30 23:29:42.524211 CREATE TABLE
2016-05-30 23:29:42.526027 + cat weights/inference_result.out.weights.text
2016-05-30 23:29:42.526234 + tr ' ' '\t'
2016-05-30 23:29:42.526371 + DEEPDIVE_LOAD_FORMAT=tsv
2016-05-30 23:29:42.526406 + deepdive load dd_inference_result_weights /dev/stdin
2016-05-30 23:29:42.626429 Loading dd_inference_result_weights from /dev/stdin (tsv format)
2016-05-30 23:29:42.851253 COPY 72263
2016-05-30 23:29:42.860343 + deepdive create view dd_inference_result_weights_mapping as '
2016-05-30 23:29:42.860419                 SELECT dd_graph_weights.*, dd_inference_result_weights.weight FROM
2016-05-30 23:29:42.860459                 dd_graph_weights JOIN dd_inference_result_weights ON dd_graph_weights.id = dd_inference_result_weights.id
2016-05-30 23:29:42.860483                 ORDER BY abs(weight) DESC
2016-05-30 23:29:42.860502             '
2016-05-30 23:29:43.000718 CREATE VIEW
2016-05-30 23:29:43.001608 + deepdive create view dd_inference_result_variables_mapped_weights as '
2016-05-30 23:29:43.001716                 SELECT * FROM dd_inference_result_weights_mapping
2016-05-30 23:29:43.001750                 ORDER BY abs(weight) DESC
2016-05-30 23:29:43.001771             '
2016-05-30 23:29:43.141125 CREATE VIEW
2016-05-30 23:29:43.142564 mark_done process/model/load_weights
2016-05-30 23:29:43.159104 ##############################################################################
2016-05-30 23:29:43.159180 
2016-05-30 23:29:43.159215 ## data/model/weights ########################################################
2016-05-30 23:29:43.159238 : # Done: 2016-05-30T23:29:10-0700 (30s ago)
2016-05-30 23:29:43.159258 # Done: 2016-05-30T23:29:10-0700 (29s ago)
2016-05-30 23:29:43.159279 # no-op
2016-05-30 23:29:43.159300 mark_done data/model/weights
2016-05-30 23:29:43.179323 ##############################################################################
2016-05-30 23:29:43.179402 
2016-05-30 23:29:43.179447 ## model/probabilities #######################################################
2016-05-30 23:29:43.179479 : # Done: 2016-05-30T23:28:49-0700 (51s ago)
2016-05-30 23:29:43.179510 # Done: 2016-05-30T23:28:49-0700 (50s ago)
2016-05-30 23:29:43.179540 mark_done model/probabilities
2016-05-30 23:29:43.200932 ##############################################################################
2016-05-30 23:29:43.200987 
2016-05-30 23:29:43.201006 ## process/model/load_probabilities ##########################################
2016-05-30 23:29:43.201027 : # Done: 2016-05-30T23:28:49-0700 (51s ago)
2016-05-30 23:29:43.201048 # Done: 2016-05-30T23:28:49-0700 (50s ago)
2016-05-30 23:29:43.201099 process/model/load_probabilities/run.sh
2016-05-30 23:29:43.211635 ++ dirname process/model/load_probabilities/run.sh
2016-05-30 23:29:43.214773 + cd process/model/load_probabilities
2016-05-30 23:29:43.214961 + export DEEPDIVE_CURRENT_PROCESS_NAME=process/model/load_probabilities
2016-05-30 23:29:43.214992 + DEEPDIVE_CURRENT_PROCESS_NAME=process/model/load_probabilities
2016-05-30 23:29:43.215012 + mkdir -p ../../../model
2016-05-30 23:29:43.218755 + cd ../../../model
2016-05-30 23:29:43.218869 + deepdive create table dd_inference_result_variables id:BIGINT category:BIGINT 'expectation:DOUBLE PRECISION'
2016-05-30 23:29:43.422588 CREATE TABLE
2016-05-30 23:29:43.424189 + cat probabilities/inference_result.out.text
2016-05-30 23:29:43.424620 + tr ' ' '\t'
2016-05-30 23:29:43.424767 + DEEPDIVE_LOAD_FORMAT=tsv
2016-05-30 23:29:43.424809 + deepdive load dd_inference_result_variables /dev/stdin
2016-05-30 23:29:43.533875 Loading dd_inference_result_variables from /dev/stdin (tsv format)
2016-05-30 23:29:43.580364 COPY 3211
2016-05-30 23:29:43.588842 + deepdive create view has_spouse_label_inference as '
2016-05-30 23:29:43.588953                 SELECT has_spouse.*, mir.category, mir.expectation FROM
2016-05-30 23:29:43.589038                 has_spouse, dd_inference_result_variables mir
2016-05-30 23:29:43.589097                 WHERE has_spouse.id = mir.id
2016-05-30 23:29:43.589172                 ORDER BY mir.expectation DESC
2016-05-30 23:29:43.589198                 '
2016-05-30 23:29:43.732523 CREATE VIEW
2016-05-30 23:29:43.734030 mark_done process/model/load_probabilities
2016-05-30 23:29:43.750979 ##############################################################################
2016-05-30 23:29:43.751048 
2016-05-30 23:29:43.751071 ## data/model/probabilities ##################################################
2016-05-30 23:29:43.751093 : # Done: 2016-05-30T23:28:50-0700 (50s ago)
2016-05-30 23:29:43.751114 # Done: 2016-05-30T23:28:50-0700 (49s ago)
2016-05-30 23:29:43.751135 # no-op
2016-05-30 23:29:43.751154 mark_done data/model/probabilities
2016-05-30 23:29:43.770814 ##############################################################################
2016-05-30 23:29:43.770907 
