2016-06-02 23:30:16.748509 # on dhcp-169-233-187-63.cruznet.ucsc.edu: deepdive do probabilities
2016-06-02 23:30:16.748833 # run/20160602/233014.263679000/plan.sh
2016-06-02 23:30:16.748871 # execution plan for data/model/probabilities
2016-06-02 23:30:16.748895 
2016-06-02 23:30:16.748916 : ## process/init/app ##########################################################
2016-06-02 23:30:16.748953 : # Done: 2016-05-22T17:21:25-0700 (11d 6h 8m 49s ago)
2016-06-02 23:30:16.748990 : process/init/app/run.sh
2016-06-02 23:30:16.749015 : mark_done process/init/app
2016-06-02 23:30:16.749037 : ##############################################################################
2016-06-02 23:30:16.749058 
2016-06-02 23:30:16.749078 : ## process/init/relation/articles ############################################
2016-06-02 23:30:16.749099 : # Done: 2016-05-23T12:16:43-0700 (10d 11h 13m 31s ago)
2016-06-02 23:30:16.749119 : process/init/relation/articles/run.sh
2016-06-02 23:30:16.749140 : mark_done process/init/relation/articles
2016-06-02 23:30:16.749159 : ##############################################################################
2016-06-02 23:30:16.749179 
2016-06-02 23:30:16.749199 : ## data/articles #############################################################
2016-06-02 23:30:16.749219 : # Done: 2016-05-23T12:16:43-0700 (10d 11h 13m 31s ago)
2016-06-02 23:30:16.749238 : # no-op
2016-06-02 23:30:16.749258 : mark_done data/articles
2016-06-02 23:30:16.749277 : ##############################################################################
2016-06-02 23:30:16.749297 
2016-06-02 23:30:16.749316 : ## process/ext_sentences_by_nlp_markup #######################################
2016-06-02 23:30:16.749334 : # Done: 2016-05-23T15:05:01-0700 (10d 8h 25m 13s ago)
2016-06-02 23:30:16.749353 : process/ext_sentences_by_nlp_markup/run.sh
2016-06-02 23:30:16.749372 : mark_done process/ext_sentences_by_nlp_markup
2016-06-02 23:30:16.749391 : ##############################################################################
2016-06-02 23:30:16.749411 
2016-06-02 23:30:16.749429 : ## data/sentences ############################################################
2016-06-02 23:30:16.749449 : # Done: 2016-05-23T15:05:01-0700 (10d 8h 25m 13s ago)
2016-06-02 23:30:16.749467 : # no-op
2016-06-02 23:30:16.749487 : mark_done data/sentences
2016-06-02 23:30:16.749508 : ##############################################################################
2016-06-02 23:30:16.749528 
2016-06-02 23:30:16.749546 : ## process/ext_person_mention_by_map_person_mention ##########################
2016-06-02 23:30:16.749565 : # Done: 2016-05-23T15:05:52-0700 (10d 8h 24m 22s ago)
2016-06-02 23:30:16.749584 : process/ext_person_mention_by_map_person_mention/run.sh
2016-06-02 23:30:16.749604 : mark_done process/ext_person_mention_by_map_person_mention
2016-06-02 23:30:16.749624 : ##############################################################################
2016-06-02 23:30:16.749643 
2016-06-02 23:30:16.749664 : ## data/person_mention #######################################################
2016-06-02 23:30:16.749684 : # Done: 2016-05-23T15:05:52-0700 (10d 8h 24m 22s ago)
2016-06-02 23:30:16.749704 : # no-op
2016-06-02 23:30:16.749724 : mark_done data/person_mention
2016-06-02 23:30:16.749744 : ##############################################################################
2016-06-02 23:30:16.749762 
2016-06-02 23:30:16.749782 : ## process/init/relation/spouses_dbpedia #####################################
2016-06-02 23:30:16.749802 : # Done: 2016-06-02T22:27:40-0700 (1h 2m 34s ago)
2016-06-02 23:30:16.749821 : process/init/relation/spouses_dbpedia/run.sh
2016-06-02 23:30:16.749841 : mark_done process/init/relation/spouses_dbpedia
2016-06-02 23:30:16.749858 : ##############################################################################
2016-06-02 23:30:16.749876 
2016-06-02 23:30:16.749895 : ## data/spouses_dbpedia ######################################################
2016-06-02 23:30:16.749914 : # Done: 2016-06-02T22:27:40-0700 (1h 2m 34s ago)
2016-06-02 23:30:16.749932 : # no-op
2016-06-02 23:30:16.749950 : mark_done data/spouses_dbpedia
2016-06-02 23:30:16.749967 : ##############################################################################
2016-06-02 23:30:16.749985 
2016-06-02 23:30:16.750002 : ## process/ext_team_mention_by_map_team_mention ##############################
2016-06-02 23:30:16.750020 : # Done: 2016-05-23T15:06:19-0700 (10d 8h 23m 55s ago)
2016-06-02 23:30:16.750038 : process/ext_team_mention_by_map_team_mention/run.sh
2016-06-02 23:30:16.750056 : mark_done process/ext_team_mention_by_map_team_mention
2016-06-02 23:30:16.750075 : ##############################################################################
2016-06-02 23:30:16.750094 
2016-06-02 23:30:16.750115 : ## data/team_mention #########################################################
2016-06-02 23:30:16.750135 : # Done: 2016-05-23T15:06:19-0700 (10d 8h 23m 55s ago)
2016-06-02 23:30:16.750155 : # no-op
2016-06-02 23:30:16.750174 : mark_done data/team_mention
2016-06-02 23:30:16.750193 : ##############################################################################
2016-06-02 23:30:16.750212 
2016-06-02 23:30:16.750232 : ## process/ext_num_people ####################################################
2016-06-02 23:30:16.750250 : # Done: 2016-05-23T15:06:46-0700 (10d 8h 23m 28s ago)
2016-06-02 23:30:16.750268 : process/ext_num_people/run.sh
2016-06-02 23:30:16.750284 : mark_done process/ext_num_people
2016-06-02 23:30:16.750300 : ##############################################################################
2016-06-02 23:30:16.750317 
2016-06-02 23:30:16.750333 : ## data/num_people ###########################################################
2016-06-02 23:30:16.750350 : # Done: 2016-05-23T15:06:46-0700 (10d 8h 23m 28s ago)
2016-06-02 23:30:16.750368 : # no-op
2016-06-02 23:30:16.750384 : mark_done data/num_people
2016-06-02 23:30:16.750401 : ##############################################################################
2016-06-02 23:30:16.750418 
2016-06-02 23:30:16.750435 : ## process/ext_spouse_candidate ##############################################
2016-06-02 23:30:16.750451 : # Done: 2016-05-23T15:07:38-0700 (10d 8h 22m 36s ago)
2016-06-02 23:30:16.750468 : process/ext_spouse_candidate/run.sh
2016-06-02 23:30:16.750484 : mark_done process/ext_spouse_candidate
2016-06-02 23:30:16.750501 : ##############################################################################
2016-06-02 23:30:16.750518 
2016-06-02 23:30:16.750535 : ## data/spouse_candidate #####################################################
2016-06-02 23:30:16.750552 : # Done: 2016-05-23T15:07:38-0700 (10d 8h 22m 36s ago)
2016-06-02 23:30:16.750569 : # no-op
2016-06-02 23:30:16.750606 : mark_done data/spouse_candidate
2016-06-02 23:30:16.750633 : ##############################################################################
2016-06-02 23:30:16.750652 
2016-06-02 23:30:16.750670 : ## process/ext_spouse_label__0_by_supervise ##################################
2016-06-02 23:30:16.750689 : # Done: 2016-05-23T15:08:48-0700 (10d 8h 21m 26s ago)
2016-06-02 23:30:16.750707 : process/ext_spouse_label__0_by_supervise/run.sh
2016-06-02 23:30:16.750726 : mark_done process/ext_spouse_label__0_by_supervise
2016-06-02 23:30:16.750744 : ##############################################################################
2016-06-02 23:30:16.750762 
2016-06-02 23:30:16.750781 : ## data/spouse_label__0 ######################################################
2016-06-02 23:30:16.750798 : # Done: 2016-05-23T15:08:48-0700 (10d 8h 21m 26s ago)
2016-06-02 23:30:16.750816 : # no-op
2016-06-02 23:30:16.750833 : mark_done data/spouse_label__0
2016-06-02 23:30:16.750851 : ##############################################################################
2016-06-02 23:30:16.750868 
2016-06-02 23:30:16.750886 : ## process/ext_spouse_label ##################################################
2016-06-02 23:30:16.750906 : # Done: 2016-06-02T22:28:10-0700 (1h 2m 4s ago)
2016-06-02 23:30:16.750929 : process/ext_spouse_label/run.sh
2016-06-02 23:30:16.750951 : mark_done process/ext_spouse_label
2016-06-02 23:30:16.750970 : ##############################################################################
2016-06-02 23:30:16.750988 
2016-06-02 23:30:16.751006 : ## data/spouse_label #########################################################
2016-06-02 23:30:16.751025 : # Done: 2016-06-02T22:28:10-0700 (1h 2m 4s ago)
2016-06-02 23:30:16.751043 : # no-op
2016-06-02 23:30:16.751064 : mark_done data/spouse_label
2016-06-02 23:30:16.751087 : ##############################################################################
2016-06-02 23:30:16.751107 
2016-06-02 23:30:16.751127 : ## process/ext_spouse_label_resolved #########################################
2016-06-02 23:30:16.751149 : # Done: 2016-06-02T22:28:10-0700 (1h 2m 4s ago)
2016-06-02 23:30:16.751169 : process/ext_spouse_label_resolved/run.sh
2016-06-02 23:30:16.751189 : mark_done process/ext_spouse_label_resolved
2016-06-02 23:30:16.751211 : ##############################################################################
2016-06-02 23:30:16.751233 
2016-06-02 23:30:16.751255 : ## data/spouse_label_resolved ################################################
2016-06-02 23:30:16.751276 : # Done: 2016-06-02T22:28:10-0700 (1h 2m 4s ago)
2016-06-02 23:30:16.751298 : # no-op
2016-06-02 23:30:16.751322 : mark_done data/spouse_label_resolved
2016-06-02 23:30:16.751343 : ##############################################################################
2016-06-02 23:30:16.751363 
2016-06-02 23:30:16.751381 : ## process/init/relation/spouses_dbpedia_negative ############################
2016-06-02 23:30:16.751399 : # Done: 2016-05-25T12:13:43-0700 (8d 11h 16m 31s ago)
2016-06-02 23:30:16.751416 : process/init/relation/spouses_dbpedia_negative/run.sh
2016-06-02 23:30:16.751434 : mark_done process/init/relation/spouses_dbpedia_negative
2016-06-02 23:30:16.751452 : ##############################################################################
2016-06-02 23:30:16.751469 
2016-06-02 23:30:16.751489 : ## data/spouses_dbpedia_negative #############################################
2016-06-02 23:30:16.751507 : # Done: 2016-06-02T22:50:00-0700 (40m 15s ago)
2016-06-02 23:30:16.751526 : # no-op
2016-06-02 23:30:16.751546 : mark_done data/spouses_dbpedia_negative
2016-06-02 23:30:16.751565 : ##############################################################################
2016-06-02 23:30:16.751600 
2016-06-02 23:30:16.751624 : ## process/ext_has_spouse ####################################################
2016-06-02 23:30:16.751644 : # Done: 2016-06-02T23:14:20-0700 (15m 55s ago)
2016-06-02 23:30:16.751663 : process/ext_has_spouse/run.sh
2016-06-02 23:30:16.751681 : mark_done process/ext_has_spouse
2016-06-02 23:30:16.751700 : ##############################################################################
2016-06-02 23:30:16.751720 
2016-06-02 23:30:16.751737 : ## data/has_spouse ###########################################################
2016-06-02 23:30:16.751755 : # Done: 2016-06-02T23:14:20-0700 (15m 55s ago)
2016-06-02 23:30:16.751773 : # no-op
2016-06-02 23:30:16.751791 : mark_done data/has_spouse
2016-06-02 23:30:16.751811 : ##############################################################################
2016-06-02 23:30:16.751829 
2016-06-02 23:30:16.751849 : ## process/grounding/variable_id_partition ###################################
2016-06-02 23:30:16.751868 : # Done: 2016-06-02T23:17:45-0700 (12m 30s ago)
2016-06-02 23:30:16.751886 : process/grounding/variable_id_partition/run.sh
2016-06-02 23:30:16.751904 : mark_done process/grounding/variable_id_partition
2016-06-02 23:30:16.751923 : ##############################################################################
2016-06-02 23:30:16.751942 
2016-06-02 23:30:16.751961 : ## process/grounding/variable/has_spouse/assign_id ###########################
2016-06-02 23:30:16.751980 : # Done: 2016-06-02T23:17:45-0700 (12m 30s ago)
2016-06-02 23:30:16.752000 : process/grounding/variable/has_spouse/assign_id/run.sh
2016-06-02 23:30:16.752020 : mark_done process/grounding/variable/has_spouse/assign_id
2016-06-02 23:30:16.752041 : ##############################################################################
2016-06-02 23:30:16.752061 
2016-06-02 23:30:16.752081 : ## process/grounding/factor/inf1_istrue_has_spouse/materialize ###############
2016-06-02 23:30:16.752100 : # Done: 2016-06-02T23:17:46-0700 (12m 29s ago)
2016-06-02 23:30:16.752119 : process/grounding/factor/inf1_istrue_has_spouse/materialize/run.sh
2016-06-02 23:30:16.752139 : mark_done process/grounding/factor/inf1_istrue_has_spouse/materialize
2016-06-02 23:30:16.752165 : ##############################################################################
2016-06-02 23:30:16.752185 
2016-06-02 23:30:16.752204 : ## process/grounding/factor/inf_imply_has_spouse_has_spouse/materialize ######
2016-06-02 23:30:16.752223 : # Done: 2016-06-02T23:23:19-0700 (6m 56s ago)
2016-06-02 23:30:16.752243 : process/grounding/factor/inf_imply_has_spouse_has_spouse/materialize/run.sh
2016-06-02 23:30:16.752309 : mark_done process/grounding/factor/inf_imply_has_spouse_has_spouse/materialize
2016-06-02 23:30:16.752330 : ##############################################################################
2016-06-02 23:30:16.752349 
2016-06-02 23:30:16.752367 : ## process/ext_spouse_feature_by_extract_spouse_features #####################
2016-06-02 23:30:16.752385 : # Done: 2016-05-23T15:08:09-0700 (10d 8h 22m 6s ago)
2016-06-02 23:30:16.752405 : process/ext_spouse_feature_by_extract_spouse_features/run.sh
2016-06-02 23:30:16.752424 : mark_done process/ext_spouse_feature_by_extract_spouse_features
2016-06-02 23:30:16.752442 : ##############################################################################
2016-06-02 23:30:16.752460 
2016-06-02 23:30:16.752480 : ## data/spouse_feature #######################################################
2016-06-02 23:30:16.752499 : # Done: 2016-05-23T15:08:09-0700 (10d 8h 22m 6s ago)
2016-06-02 23:30:16.752518 : # no-op
2016-06-02 23:30:16.752537 : mark_done data/spouse_feature
2016-06-02 23:30:16.752556 : ##############################################################################
2016-06-02 23:30:16.752575 
2016-06-02 23:30:16.752594 : ## process/grounding/factor/inf_istrue_has_spouse/materialize ################
2016-06-02 23:30:16.752613 : # Done: 2016-06-02T23:23:20-0700 (6m 55s ago)
2016-06-02 23:30:16.752632 : process/grounding/factor/inf_istrue_has_spouse/materialize/run.sh
2016-06-02 23:30:16.752651 : mark_done process/grounding/factor/inf_istrue_has_spouse/materialize
2016-06-02 23:30:16.752670 : ##############################################################################
2016-06-02 23:30:16.752689 
2016-06-02 23:30:16.752705 : ## process/grounding/weight_id_partition #####################################
2016-06-02 23:30:16.752723 : # Done: 2016-06-02T23:23:20-0700 (6m 55s ago)
2016-06-02 23:30:16.752743 : process/grounding/weight_id_partition/run.sh
2016-06-02 23:30:16.752761 : mark_done process/grounding/weight_id_partition
2016-06-02 23:30:16.752782 : ##############################################################################
2016-06-02 23:30:16.752801 
2016-06-02 23:30:16.752821 : ## process/grounding/factor/inf1_istrue_has_spouse/assign_weight_id ##########
2016-06-02 23:30:16.752841 : # Done: 2016-06-02T23:23:21-0700 (6m 54s ago)
2016-06-02 23:30:16.752861 : process/grounding/factor/inf1_istrue_has_spouse/assign_weight_id/run.sh
2016-06-02 23:30:16.752882 : mark_done process/grounding/factor/inf1_istrue_has_spouse/assign_weight_id
2016-06-02 23:30:16.752902 : ##############################################################################
2016-06-02 23:30:16.752923 
2016-06-02 23:30:16.752944 : ## process/grounding/factor/inf1_istrue_has_spouse/dump ######################
2016-06-02 23:30:16.752964 : # Done: 2016-06-02T23:23:22-0700 (6m 53s ago)
2016-06-02 23:30:16.752984 : process/grounding/factor/inf1_istrue_has_spouse/dump/run.sh
2016-06-02 23:30:16.753004 : mark_done process/grounding/factor/inf1_istrue_has_spouse/dump
2016-06-02 23:30:16.753025 : ##############################################################################
2016-06-02 23:30:16.753047 
2016-06-02 23:30:16.753068 : ## process/grounding/factor/inf1_istrue_has_spouse/dump_weights ##############
2016-06-02 23:30:16.753088 : # Done: 2016-06-02T23:23:22-0700 (6m 53s ago)
2016-06-02 23:30:16.753109 : process/grounding/factor/inf1_istrue_has_spouse/dump_weights/run.sh
2016-06-02 23:30:16.753129 : mark_done process/grounding/factor/inf1_istrue_has_spouse/dump_weights
2016-06-02 23:30:16.753149 : ##############################################################################
2016-06-02 23:30:16.753170 
2016-06-02 23:30:16.753190 : ## process/grounding/factor/inf_imply_has_spouse_has_spouse/assign_weight_id #
2016-06-02 23:30:16.753210 : # Done: 2016-06-02T23:23:23-0700 (6m 52s ago)
2016-06-02 23:30:16.753230 : process/grounding/factor/inf_imply_has_spouse_has_spouse/assign_weight_id/run.sh
2016-06-02 23:30:16.753250 : mark_done process/grounding/factor/inf_imply_has_spouse_has_spouse/assign_weight_id
2016-06-02 23:30:16.753270 : ##############################################################################
2016-06-02 23:30:16.753290 
2016-06-02 23:30:16.753311 : ## process/grounding/factor/inf_imply_has_spouse_has_spouse/dump #############
2016-06-02 23:30:16.753331 : # Done: 2016-06-02T23:23:23-0700 (6m 52s ago)
2016-06-02 23:30:16.753352 : process/grounding/factor/inf_imply_has_spouse_has_spouse/dump/run.sh
2016-06-02 23:30:16.753372 : mark_done process/grounding/factor/inf_imply_has_spouse_has_spouse/dump
2016-06-02 23:30:16.753393 : ##############################################################################
2016-06-02 23:30:16.753413 
2016-06-02 23:30:16.753433 : ## process/grounding/factor/inf_imply_has_spouse_has_spouse/dump_weights #####
2016-06-02 23:30:16.753453 : # Done: 2016-06-02T23:23:23-0700 (6m 52s ago)
2016-06-02 23:30:16.753474 : process/grounding/factor/inf_imply_has_spouse_has_spouse/dump_weights/run.sh
2016-06-02 23:30:16.753494 : mark_done process/grounding/factor/inf_imply_has_spouse_has_spouse/dump_weights
2016-06-02 23:30:16.753514 : ##############################################################################
2016-06-02 23:30:16.753534 
2016-06-02 23:30:16.753555 : ## process/grounding/factor/inf_istrue_has_spouse/assign_weight_id ###########
2016-06-02 23:30:16.753575 : # Done: 2016-06-02T23:23:24-0700 (6m 51s ago)
2016-06-02 23:30:16.753595 : process/grounding/factor/inf_istrue_has_spouse/assign_weight_id/run.sh
2016-06-02 23:30:16.753615 : mark_done process/grounding/factor/inf_istrue_has_spouse/assign_weight_id
2016-06-02 23:30:16.753635 : ##############################################################################
2016-06-02 23:30:16.753656 
2016-06-02 23:30:16.753676 : ## process/grounding/factor/inf_istrue_has_spouse/dump #######################
2016-06-02 23:30:16.753696 : # Done: 2016-06-02T23:23:25-0700 (6m 50s ago)
2016-06-02 23:30:16.753716 : process/grounding/factor/inf_istrue_has_spouse/dump/run.sh
2016-06-02 23:30:16.753737 : mark_done process/grounding/factor/inf_istrue_has_spouse/dump
2016-06-02 23:30:16.753757 : ##############################################################################
2016-06-02 23:30:16.753778 
2016-06-02 23:30:16.753798 : ## process/grounding/factor/inf_istrue_has_spouse/dump_weights ###############
2016-06-02 23:30:16.753818 : # Done: 2016-06-02T23:23:25-0700 (6m 50s ago)
2016-06-02 23:30:16.753838 : process/grounding/factor/inf_istrue_has_spouse/dump_weights/run.sh
2016-06-02 23:30:16.753859 : mark_done process/grounding/factor/inf_istrue_has_spouse/dump_weights
2016-06-02 23:30:16.753878 : ##############################################################################
2016-06-02 23:30:16.753898 
2016-06-02 23:30:16.753918 : ## process/grounding/global_weight_table #####################################
2016-06-02 23:30:16.753938 : # Done: 2016-06-02T23:23:26-0700 (6m 49s ago)
2016-06-02 23:30:16.753958 : process/grounding/global_weight_table/run.sh
2016-06-02 23:30:16.753979 : mark_done process/grounding/global_weight_table
2016-06-02 23:30:16.753999 : ##############################################################################
2016-06-02 23:30:16.754021 
2016-06-02 23:30:16.754040 : ## process/grounding/variable_holdout ########################################
2016-06-02 23:30:16.754060 : # Done: 2016-06-02T23:23:26-0700 (6m 49s ago)
2016-06-02 23:30:16.754080 : process/grounding/variable_holdout/run.sh
2016-06-02 23:30:16.754100 : mark_done process/grounding/variable_holdout
2016-06-02 23:30:16.754120 : ##############################################################################
2016-06-02 23:30:16.754140 
2016-06-02 23:30:16.754161 : ## process/grounding/variable/has_spouse/dump ################################
2016-06-02 23:30:16.754182 : # Done: 2016-06-02T23:23:27-0700 (6m 48s ago)
2016-06-02 23:30:16.754201 : process/grounding/variable/has_spouse/dump/run.sh
2016-06-02 23:30:16.754222 : mark_done process/grounding/variable/has_spouse/dump
2016-06-02 23:30:16.754242 : ##############################################################################
2016-06-02 23:30:16.754262 
2016-06-02 23:30:16.754282 : ## process/grounding/combine_factorgraph #####################################
2016-06-02 23:30:16.754303 : # Done: 2016-06-02T23:23:27-0700 (6m 48s ago)
2016-06-02 23:30:16.754323 : process/grounding/combine_factorgraph/run.sh
2016-06-02 23:30:16.754343 : mark_done process/grounding/combine_factorgraph
2016-06-02 23:30:16.754363 : ##############################################################################
2016-06-02 23:30:16.754383 
2016-06-02 23:30:16.754404 : ## model/factorgraph #########################################################
2016-06-02 23:30:16.754424 : # Done: 2016-06-02T23:23:27-0700 (6m 48s ago)
2016-06-02 23:30:16.754443 : mark_done model/factorgraph
2016-06-02 23:30:16.754464 : ##############################################################################
2016-06-02 23:30:16.754484 
2016-06-02 23:30:16.754504 : ## process/model/learning ####################################################
2016-06-02 23:30:16.754524 : # Done: 2016-06-02T23:23:40-0700 (6m 35s ago)
2016-06-02 23:30:16.754544 : process/model/learning/run.sh
2016-06-02 23:30:16.754564 : mark_done process/model/learning
2016-06-02 23:30:16.754584 : ##############################################################################
2016-06-02 23:30:16.754605 
2016-06-02 23:30:16.754625 : ## model/weights #############################################################
2016-06-02 23:30:16.754647 : # Done: 2016-06-02T23:23:40-0700 (6m 35s ago)
2016-06-02 23:30:16.754667 : mark_done model/weights
2016-06-02 23:30:16.754688 : ##############################################################################
2016-06-02 23:30:16.754707 
2016-06-02 23:30:16.754728 : ## process/model/inference ###################################################
2016-06-02 23:30:16.754748 : # Done: 2016-06-02T23:23:40-0700 (6m 35s ago)
2016-06-02 23:30:16.754768 : process/model/inference/run.sh
2016-06-02 23:30:16.754789 : mark_done process/model/inference
2016-06-02 23:30:16.754809 : ##############################################################################
2016-06-02 23:30:16.754953 
2016-06-02 23:30:16.754976 : ## model/probabilities #######################################################
2016-06-02 23:30:16.754997 : # Done: 2016-06-02T23:23:40-0700 (6m 35s ago)
2016-06-02 23:30:16.755017 : mark_done model/probabilities
2016-06-02 23:30:16.755037 : ##############################################################################
2016-06-02 23:30:16.755057 
2016-06-02 23:30:16.755077 ## process/model/load_probabilities ##########################################
2016-06-02 23:30:16.755097 : # Done: 2016-06-02T23:30:07-0700 (8s ago)
2016-06-02 23:30:16.755117 # Done: 2016-06-02T23:30:07-0700 (7s ago)
2016-06-02 23:30:16.755137 process/model/load_probabilities/run.sh
2016-06-02 23:30:16.755157 ++ dirname process/model/load_probabilities/run.sh
2016-06-02 23:30:16.755176 + cd process/model/load_probabilities
2016-06-02 23:30:16.755197 + export DEEPDIVE_CURRENT_PROCESS_NAME=process/model/load_probabilities
2016-06-02 23:30:16.755217 + DEEPDIVE_CURRENT_PROCESS_NAME=process/model/load_probabilities
2016-06-02 23:30:16.755237 + mkdir -p ../../../model
2016-06-02 23:30:16.755256 + cd ../../../model
2016-06-02 23:30:16.755276 + deepdive create table dd_inference_result_variables id:BIGINT category:BIGINT 'expectation:DOUBLE PRECISION'
2016-06-02 23:30:16.942452 CREATE TABLE
2016-06-02 23:30:16.944157 + cat probabilities/inference_result.out.text
2016-06-02 23:30:16.944229 + tr ' ' '\t'
2016-06-02 23:30:16.944365 + DEEPDIVE_LOAD_FORMAT=tsv
2016-06-02 23:30:16.944410 + deepdive load dd_inference_result_variables /dev/stdin
2016-06-02 23:30:17.055524 Loading dd_inference_result_variables from /dev/stdin (tsv format)
2016-06-02 23:30:17.102154 COPY 3211
2016-06-02 23:30:17.109825 + deepdive create view has_spouse_label_inference as '
2016-06-02 23:30:17.109882                 SELECT has_spouse.*, mir.category, mir.expectation FROM
2016-06-02 23:30:17.109932                 has_spouse, dd_inference_result_variables mir
2016-06-02 23:30:17.109962                 WHERE has_spouse.id = mir.id
2016-06-02 23:30:17.109984                 ORDER BY mir.expectation DESC
2016-06-02 23:30:17.110004                 '
2016-06-02 23:30:17.264477 CREATE VIEW
2016-06-02 23:30:17.265806 mark_done process/model/load_probabilities
2016-06-02 23:30:17.281473 ##############################################################################
2016-06-02 23:30:17.281537 
2016-06-02 23:30:17.281557 ## data/model/probabilities ##################################################
2016-06-02 23:30:17.281579 : # Done: 2016-06-02T23:30:07-0700 (8s ago)
2016-06-02 23:30:17.281600 # Done: 2016-06-02T23:30:07-0700 (7s ago)
2016-06-02 23:30:17.281646 # no-op
2016-06-02 23:30:17.281678 mark_done data/model/probabilities
2016-06-02 23:30:17.297608 ##############################################################################
2016-06-02 23:30:17.297666 
