2016-05-22 16:48:10.194711 # on eduroam-169-233-210-202.ucsc.edu: deepdive do has_spouse
2016-05-22 16:48:10.195081 # run/20160522/164807.935955000/plan.sh
2016-05-22 16:48:10.195116 # execution plan for data/has_spouse
2016-05-22 16:48:10.195141 
2016-05-22 16:48:10.195163 : ## process/init/app ##########################################################
2016-05-22 16:48:10.195184 : # Done: 2016-05-22T11:25:05-0700 (5h 23m 3s ago)
2016-05-22 16:48:10.195205 : process/init/app/run.sh
2016-05-22 16:48:10.195227 : mark_done process/init/app
2016-05-22 16:48:10.195247 : ##############################################################################
2016-05-22 16:48:10.195269 
2016-05-22 16:48:10.195289 : ## process/init/relation/articles ############################################
2016-05-22 16:48:10.195310 : # Done: 2016-05-22T11:55:52-0700 (4h 52m 16s ago)
2016-05-22 16:48:10.195332 : process/init/relation/articles/run.sh
2016-05-22 16:48:10.195353 : mark_done process/init/relation/articles
2016-05-22 16:48:10.195374 : ##############################################################################
2016-05-22 16:48:10.195395 
2016-05-22 16:48:10.195415 : ## data/articles #############################################################
2016-05-22 16:48:10.195436 : # Done: 2016-05-22T11:55:52-0700 (4h 52m 16s ago)
2016-05-22 16:48:10.195457 : # no-op
2016-05-22 16:48:10.195478 : mark_done data/articles
2016-05-22 16:48:10.195500 : ##############################################################################
2016-05-22 16:48:10.195521 
2016-05-22 16:48:10.195542 : ## process/ext_sentences_by_nlp_markup #######################################
2016-05-22 16:48:10.195564 : # Done: 2016-05-22T11:57:59-0700 (4h 50m 9s ago)
2016-05-22 16:48:10.195586 : process/ext_sentences_by_nlp_markup/run.sh
2016-05-22 16:48:10.195607 : mark_done process/ext_sentences_by_nlp_markup
2016-05-22 16:48:10.195629 : ##############################################################################
2016-05-22 16:48:10.195672 
2016-05-22 16:48:10.195695 : ## data/sentences ############################################################
2016-05-22 16:48:10.195717 : # Done: 2016-05-22T11:57:59-0700 (4h 50m 9s ago)
2016-05-22 16:48:10.195739 : # no-op
2016-05-22 16:48:10.195760 : mark_done data/sentences
2016-05-22 16:48:10.195782 : ##############################################################################
2016-05-22 16:48:10.195803 
2016-05-22 16:48:10.195826 : ## process/ext_person_mention_by_map_person_mention ##########################
2016-05-22 16:48:10.195848 : # Done: 2016-05-22T12:13:47-0700 (4h 34m 21s ago)
2016-05-22 16:48:10.195871 : process/ext_person_mention_by_map_person_mention/run.sh
2016-05-22 16:48:10.195895 : mark_done process/ext_person_mention_by_map_person_mention
2016-05-22 16:48:10.195916 : ##############################################################################
2016-05-22 16:48:10.195937 
2016-05-22 16:48:10.195959 : ## data/person_mention #######################################################
2016-05-22 16:48:10.195982 : # Done: 2016-05-22T12:13:47-0700 (4h 34m 21s ago)
2016-05-22 16:48:10.196004 : # no-op
2016-05-22 16:48:10.196025 : mark_done data/person_mention
2016-05-22 16:48:10.196046 : ##############################################################################
2016-05-22 16:48:10.196069 
2016-05-22 16:48:10.196091 : ## process/ext_num_people ####################################################
2016-05-22 16:48:10.196114 : # Done: 2016-05-22T12:14:33-0700 (4h 33m 35s ago)
2016-05-22 16:48:10.196135 : process/ext_num_people/run.sh
2016-05-22 16:48:10.196156 : mark_done process/ext_num_people
2016-05-22 16:48:10.196178 : ##############################################################################
2016-05-22 16:48:10.196200 
2016-05-22 16:48:10.196222 : ## data/num_people ###########################################################
2016-05-22 16:48:10.196243 : # Done: 2016-05-22T12:14:33-0700 (4h 33m 35s ago)
2016-05-22 16:48:10.196263 : # no-op
2016-05-22 16:48:10.196285 : mark_done data/num_people
2016-05-22 16:48:10.196307 : ##############################################################################
2016-05-22 16:48:10.196329 
2016-05-22 16:48:10.196352 : ## process/ext_team_mention_by_map_team_mention ##############################
2016-05-22 16:48:10.196374 : # Done: 2016-05-22T12:14:14-0700 (4h 33m 54s ago)
2016-05-22 16:48:10.196394 : process/ext_team_mention_by_map_team_mention/run.sh
2016-05-22 16:48:10.196414 : mark_done process/ext_team_mention_by_map_team_mention
2016-05-22 16:48:10.196455 : ##############################################################################
2016-05-22 16:48:10.196489 
2016-05-22 16:48:10.196512 : ## data/team_mention #########################################################
2016-05-22 16:48:10.196533 : # Done: 2016-05-22T12:14:14-0700 (4h 33m 54s ago)
2016-05-22 16:48:10.196554 : # no-op
2016-05-22 16:48:10.196574 : mark_done data/team_mention
2016-05-22 16:48:10.196594 : ##############################################################################
2016-05-22 16:48:10.196614 
2016-05-22 16:48:10.196636 : ## process/ext_spouse_candidate ##############################################
2016-05-22 16:48:10.196663 : # Done: 2016-05-22T12:14:34-0700 (4h 33m 34s ago)
2016-05-22 16:48:10.196685 : process/ext_spouse_candidate/run.sh
2016-05-22 16:48:10.196707 : mark_done process/ext_spouse_candidate
2016-05-22 16:48:10.196728 : ##############################################################################
2016-05-22 16:48:10.196750 
2016-05-22 16:48:10.196773 : ## data/spouse_candidate #####################################################
2016-05-22 16:48:10.196795 : # Done: 2016-05-22T12:14:34-0700 (4h 33m 34s ago)
2016-05-22 16:48:10.196816 : # no-op
2016-05-22 16:48:10.196836 : mark_done data/spouse_candidate
2016-05-22 16:48:10.196857 : ##############################################################################
2016-05-22 16:48:10.196878 
2016-05-22 16:48:10.196900 : ## process/ext_spouse_label__0_by_supervise ##################################
2016-05-22 16:48:10.196922 : # Done: 2016-05-22T12:28:31-0700 (4h 19m 37s ago)
2016-05-22 16:48:10.196945 : process/ext_spouse_label__0_by_supervise/run.sh
2016-05-22 16:48:10.196965 : mark_done process/ext_spouse_label__0_by_supervise
2016-05-22 16:48:10.196985 : ##############################################################################
2016-05-22 16:48:10.197005 
2016-05-22 16:48:10.197024 : ## data/spouse_label__0 ######################################################
2016-05-22 16:48:10.197044 : # Done: 2016-05-22T12:28:31-0700 (4h 19m 37s ago)
2016-05-22 16:48:10.197088 : # no-op
2016-05-22 16:48:10.197118 : mark_done data/spouse_label__0
2016-05-22 16:48:10.197143 : ##############################################################################
2016-05-22 16:48:10.197167 
2016-05-22 16:48:10.197186 : ## process/init/relation/spouses_dbpedia #####################################
2016-05-22 16:48:10.197207 : # Done: 2016-05-22T15:50:19-0700 (57m 49s ago)
2016-05-22 16:48:10.197230 : process/init/relation/spouses_dbpedia/run.sh
2016-05-22 16:48:10.197252 : mark_done process/init/relation/spouses_dbpedia
2016-05-22 16:48:10.197276 : ##############################################################################
2016-05-22 16:48:10.197298 
2016-05-22 16:48:10.197320 : ## data/spouses_dbpedia ######################################################
2016-05-22 16:48:10.197341 : # Done: 2016-05-22T15:50:19-0700 (57m 49s ago)
2016-05-22 16:48:10.197363 : # no-op
2016-05-22 16:48:10.197386 : mark_done data/spouses_dbpedia
2016-05-22 16:48:10.197407 : ##############################################################################
2016-05-22 16:48:10.197427 
2016-05-22 16:48:10.197448 : ## process/ext_spouse_label ##################################################
2016-05-22 16:48:10.197471 : # Done: 2016-05-22T15:50:41-0700 (57m 27s ago)
2016-05-22 16:48:10.197493 : process/ext_spouse_label/run.sh
2016-05-22 16:48:10.197514 : mark_done process/ext_spouse_label
2016-05-22 16:48:10.197535 : ##############################################################################
2016-05-22 16:48:10.197555 
2016-05-22 16:48:10.197577 : ## data/spouse_label #########################################################
2016-05-22 16:48:10.197599 : # Done: 2016-05-22T15:50:41-0700 (57m 27s ago)
2016-05-22 16:48:10.197622 : # no-op
2016-05-22 16:48:10.197643 : mark_done data/spouse_label
2016-05-22 16:48:10.197666 : ##############################################################################
2016-05-22 16:48:10.197687 
2016-05-22 16:48:10.197710 : ## process/ext_spouse_label_resolved #########################################
2016-05-22 16:48:10.197733 : # Done: 2016-05-22T15:50:41-0700 (57m 27s ago)
2016-05-22 16:48:10.197754 : process/ext_spouse_label_resolved/run.sh
2016-05-22 16:48:10.197775 : mark_done process/ext_spouse_label_resolved
2016-05-22 16:48:10.197798 : ##############################################################################
2016-05-22 16:48:10.197820 
2016-05-22 16:48:10.197842 : ## data/spouse_label_resolved ################################################
2016-05-22 16:48:10.197863 : # Done: 2016-05-22T15:50:41-0700 (57m 27s ago)
2016-05-22 16:48:10.197882 : # no-op
2016-05-22 16:48:10.197903 : mark_done data/spouse_label_resolved
2016-05-22 16:48:10.197926 : ##############################################################################
2016-05-22 16:48:10.197948 
2016-05-22 16:48:10.197971 ## process/ext_has_spouse ####################################################
2016-05-22 16:48:10.197991 # Done: 2016-05-22T16:47:20-0700 (48s ago)
2016-05-22 16:48:10.198010 process/ext_has_spouse/run.sh
2016-05-22 16:48:10.198029 ++ dirname process/ext_has_spouse/run.sh
2016-05-22 16:48:10.198049 + cd process/ext_has_spouse
2016-05-22 16:48:10.198071 + export DEEPDIVE_CURRENT_PROCESS_NAME=process/ext_has_spouse
2016-05-22 16:48:10.198093 + DEEPDIVE_CURRENT_PROCESS_NAME=process/ext_has_spouse
2016-05-22 16:48:10.198116 + deepdive create table has_spouse
2016-05-22 16:48:10.304653 CREATE TABLE
2016-05-22 16:48:10.306013 + deepdive sql 'INSERT INTO has_spouse SELECT DISTINCT R0.column_0, R0.column_1, 0 AS id, 
2016-05-22 16:48:10.306078 CASE WHEN R0.column_2 > 0 THEN true
2016-05-22 16:48:10.306104      WHEN R0.column_2 < 0 THEN false
2016-05-22 16:48:10.306124      ELSE NULL
2016-05-22 16:48:10.306145 END AS label
2016-05-22 16:48:10.306167           FROM spouse_label_resolved R0
2016-05-22 16:48:10.306187         
2016-05-22 16:48:10.306207           '
2016-05-22 16:48:10.389878 INSERT 0 103
2016-05-22 16:48:10.391050 mark_done process/ext_has_spouse
2016-05-22 16:48:10.406901 ##############################################################################
2016-05-22 16:48:10.406953 
2016-05-22 16:48:10.406978 ## data/has_spouse ###########################################################
2016-05-22 16:48:10.407000 # Done: 2016-05-22T16:47:20-0700 (48s ago)
2016-05-22 16:48:10.407020 # no-op
2016-05-22 16:48:10.407039 mark_done data/has_spouse
2016-05-22 16:48:10.422955 ##############################################################################
2016-05-22 16:48:10.423030 
