2016-05-22 16:27:33.332118 ‘run/LATEST.COMPILE/162733.264002000’ -> ‘20160522/162733.264002000’
2016-05-22 16:27:33.332440 ‘run/RUNNING.COMPILE’ -> ‘20160522/162733.264002000’
2016-05-22 16:27:33.332464 Parsing DeepDive application (/Users/emerson/Documents/Github/deepdive/examples/coach_nba) to generate:
2016-05-22 16:27:33.332477  run/compiled/schema.json
2016-05-22 16:27:33.332488   from app.ddlog
2016-05-22 16:27:34.175275  run/compiled/deepdive.conf
2016-05-22 16:27:34.175478   from app.ddlog
2016-05-22 16:27:35.252788   from deepdive.conf
2016-05-22 16:27:35.264310  run/compiled/deepdive.conf.json
2016-05-22 16:27:35.652368 Performing sanity checks on run/compiled/deepdive.conf.json:
2016-05-22 16:27:35.709693  checking if input_extractors_well_defined
2016-05-22 16:27:35.709754  checking if input_schema_wellformed
2016-05-22 16:27:35.710060 Normalizing and adding built-in processes to the data flow to compile:
2016-05-22 16:27:35.710494  run/compiled/config-0.00-init_objects.json
2016-05-22 16:27:35.735413  run/compiled/config-0.01-parse_calibration.json
2016-05-22 16:27:35.761418  run/compiled/config-0.01-parse_schema.json
2016-05-22 16:27:35.795044  run/compiled/config-0.51-add_init_app.json
2016-05-22 16:27:35.825794  run/compiled/config-0.52-input_loader.json
2016-05-22 16:27:35.854674  run/compiled/config-1.00-qualified_names.json
2016-05-22 16:27:35.890663  run/compiled/config-1.01-parse_inference_rules.json
2016-05-22 16:27:35.931084  run/compiled/config-2.01-grounding.json
2016-05-22 16:27:36.037799  run/compiled/config-2.02-learning_inference.json
2016-05-22 16:27:36.070194  run/compiled/config-2.03-calibration_plots.json
2016-05-22 16:27:36.109524  run/compiled/config-9.98-ensure_init_app.json
2016-05-22 16:27:36.139618  run/compiled/config-9.99-dependencies.json
2016-05-22 16:27:36.181353  run/compiled/config.json
2016-05-22 16:27:36.185631 Validating run/compiled/config.json:
2016-05-22 16:27:36.325759  checking if compiled_base_relations_have_input_data
2016-05-22 16:27:36.325889  [WARNING] input/init.sh should load all base relations: articles spouses_dbpedia 
2016-05-22 16:27:36.325948  checking if compiled_dependencies_correct
2016-05-22 16:27:36.326184  checking if compiled_input_output_well_defined
2016-05-22 16:27:36.326276  checking if compiled_output_uniquely_defined
2016-05-22 16:27:36.326734 Compiling executable code into:
2016-05-22 16:27:36.327138  run/compiled/code-Makefile.json
2016-05-22 16:27:36.360630  run/compiled/code-cmd_extractor.json
2016-05-22 16:27:36.406076  run/compiled/code-dataflow_dot.json
2016-05-22 16:27:36.452182  run/compiled/code-sql_extractor.json
2016-05-22 16:27:36.481040  run/compiled/code-tsv_extractor.json
2016-05-22 16:27:36.517475 Generating files:
2016-05-22 16:27:36.556359  run/Makefile
2016-05-22 16:27:36.577313  run/process/init/app/run.sh
2016-05-22 16:27:36.604960  run/process/init/relation/articles/run.sh
2016-05-22 16:27:36.630655  run/process/init/relation/spouses_dbpedia/run.sh
2016-05-22 16:27:36.661781  run/process/ext_has_spouse/run.sh
2016-05-22 16:27:36.684153  run/process/ext_num_people/run.sh
2016-05-22 16:27:36.707024  run/process/ext_num_team/run.sh
2016-05-22 16:27:36.731504  run/process/ext_spouse_candidate/run.sh
2016-05-22 16:27:36.756671  run/process/ext_spouse_label/run.sh
2016-05-22 16:27:36.784989  run/process/ext_spouse_label_resolved/run.sh
2016-05-22 16:27:36.815073  run/process/grounding/variable_id_partition/run.sh
2016-05-22 16:27:36.841037  run/process/grounding/variable/has_spouse/assign_id/run.sh
2016-05-22 16:27:36.861551  run/process/grounding/variable_holdout/run.sh
2016-05-22 16:27:36.892028  run/process/grounding/variable/has_spouse/dump/run.sh
2016-05-22 16:27:36.915888  run/process/grounding/factor/inf1_imply_has_spouse_has_spouse/materialize/run.sh
2016-05-22 16:27:36.941314  run/process/grounding/factor/inf_imply_has_spouse_has_spouse/materialize/run.sh
2016-05-22 16:27:36.964039  run/process/grounding/factor/inf_istrue_has_spouse/materialize/run.sh
2016-05-22 16:27:36.989610  run/process/grounding/weight_id_partition/run.sh
2016-05-22 16:27:37.013129  run/process/grounding/global_weight_table/run.sh
2016-05-22 16:27:37.038893  run/process/grounding/factor/inf1_imply_has_spouse_has_spouse/assign_weight_id/run.sh
2016-05-22 16:27:37.062217  run/process/grounding/factor/inf_imply_has_spouse_has_spouse/assign_weight_id/run.sh
2016-05-22 16:27:37.088573  run/process/grounding/factor/inf_istrue_has_spouse/assign_weight_id/run.sh
2016-05-22 16:27:37.119737  run/process/grounding/factor/inf1_imply_has_spouse_has_spouse/dump/run.sh
2016-05-22 16:27:37.156657  run/process/grounding/factor/inf_imply_has_spouse_has_spouse/dump/run.sh
2016-05-22 16:27:37.176362  run/process/grounding/factor/inf_istrue_has_spouse/dump/run.sh
2016-05-22 16:27:37.200625  run/process/grounding/factor/inf1_imply_has_spouse_has_spouse/dump_weights/run.sh
2016-05-22 16:27:37.228123  run/process/grounding/factor/inf_imply_has_spouse_has_spouse/dump_weights/run.sh
2016-05-22 16:27:37.256678  run/process/grounding/factor/inf_istrue_has_spouse/dump_weights/run.sh
2016-05-22 16:27:37.291006  run/process/grounding/combine_factorgraph/run.sh
2016-05-22 16:27:37.342911  run/process/model/learning/run.sh
2016-05-22 16:27:37.366156  run/process/model/inference/run.sh
2016-05-22 16:27:37.400821  run/process/model/load_weights/run.sh
2016-05-22 16:27:37.434539  run/process/model/load_probabilities/run.sh
2016-05-22 16:27:37.466797  run/process/model/calibration/run.sh
2016-05-22 16:27:37.493184  run/dataflow.dot
2016-05-22 16:27:37.516087  run/process/ext_person_mention_by_map_person_mention/run.sh
2016-05-22 16:27:37.544037  run/process/ext_sentences_by_nlp_markup/run.sh
2016-05-22 16:27:37.586719  run/process/ext_spouse_feature_by_extract_spouse_features/run.sh
2016-05-22 16:27:37.611354  run/process/ext_spouse_label__0_by_supervise/run.sh
2016-05-22 16:27:37.637759  run/process/ext_team_mention_by_map_team_mention/run.sh
2016-05-22 16:27:37.696579 Warning: Could not load "/Users/emerson/local/lib/bundled/graphviz/prefix/bin/../lib/graphviz/libgvplugin_pango.6.dylib" - file not found
2016-05-22 16:27:37.710732  run/dataflow.svg
2016-05-22 16:27:37.711759   (file:///Users/emerson/Documents/Github/deepdive/examples/coach_nba/run/dataflow.svg)
2016-05-22 16:27:37.717528 mv: cannot move ‘run/compiled’ to ‘run/compiled~’: Directory not empty
