2016-05-23 15:06:45.810897 # on dhcp-169-233-164-19.cruznet.ucsc.edu: deepdive do spouse_candidate
2016-05-23 15:06:45.811194 # run/20160523/150640.506423000/plan.sh
2016-05-23 15:06:45.811230 # execution plan for data/spouse_candidate
2016-05-23 15:06:45.811256 
2016-05-23 15:06:45.811277 : ## process/init/app ##########################################################
2016-05-23 15:06:45.811297 : # Done: 2016-05-22T17:21:25-0700 (21h 45m 15s ago)
2016-05-23 15:06:45.811316 : process/init/app/run.sh
2016-05-23 15:06:45.811333 : mark_done process/init/app
2016-05-23 15:06:45.811351 : ##############################################################################
2016-05-23 15:06:45.811371 
2016-05-23 15:06:45.811392 : ## process/init/relation/articles ############################################
2016-05-23 15:06:45.811412 : # Done: 2016-05-23T12:16:43-0700 (2h 49m 57s ago)
2016-05-23 15:06:45.811432 : process/init/relation/articles/run.sh
2016-05-23 15:06:45.811451 : mark_done process/init/relation/articles
2016-05-23 15:06:45.811471 : ##############################################################################
2016-05-23 15:06:45.811491 
2016-05-23 15:06:45.811511 : ## data/articles #############################################################
2016-05-23 15:06:45.811535 : # Done: 2016-05-23T12:16:43-0700 (2h 49m 57s ago)
2016-05-23 15:06:45.811556 : # no-op
2016-05-23 15:06:45.811575 : mark_done data/articles
2016-05-23 15:06:45.811596 : ##############################################################################
2016-05-23 15:06:45.811618 
2016-05-23 15:06:45.811640 : ## process/ext_sentences_by_nlp_markup #######################################
2016-05-23 15:06:45.811660 : # Done: 2016-05-23T15:05:01-0700 (1m 39s ago)
2016-05-23 15:06:45.811680 : process/ext_sentences_by_nlp_markup/run.sh
2016-05-23 15:06:45.811701 : mark_done process/ext_sentences_by_nlp_markup
2016-05-23 15:06:45.811722 : ##############################################################################
2016-05-23 15:06:45.811743 
2016-05-23 15:06:45.811763 : ## data/sentences ############################################################
2016-05-23 15:06:45.811783 : # Done: 2016-05-23T15:05:01-0700 (1m 39s ago)
2016-05-23 15:06:45.811804 : # no-op
2016-05-23 15:06:45.811825 : mark_done data/sentences
2016-05-23 15:06:45.811846 : ##############################################################################
2016-05-23 15:06:45.811867 
2016-05-23 15:06:45.811888 : ## process/ext_person_mention_by_map_person_mention ##########################
2016-05-23 15:06:45.811909 : # Done: 2016-05-23T15:05:52-0700 (48s ago)
2016-05-23 15:06:45.811929 : process/ext_person_mention_by_map_person_mention/run.sh
2016-05-23 15:06:45.811950 : mark_done process/ext_person_mention_by_map_person_mention
2016-05-23 15:06:45.811971 : ##############################################################################
2016-05-23 15:06:45.811991 
2016-05-23 15:06:45.812010 : ## data/person_mention #######################################################
2016-05-23 15:06:45.812031 : # Done: 2016-05-23T15:05:52-0700 (48s ago)
2016-05-23 15:06:45.812052 : # no-op
2016-05-23 15:06:45.812072 : mark_done data/person_mention
2016-05-23 15:06:45.812094 : ##############################################################################
2016-05-23 15:06:45.812115 
2016-05-23 15:06:45.812136 ## process/ext_num_people ####################################################
2016-05-23 15:06:45.812156 # Done: 2016-05-22T17:26:40-0700 (21h 40m ago)
2016-05-23 15:06:45.812177 process/ext_num_people/run.sh
2016-05-23 15:06:45.812197 ++ dirname process/ext_num_people/run.sh
2016-05-23 15:06:45.812217 + cd process/ext_num_people
2016-05-23 15:06:45.812239 + export DEEPDIVE_CURRENT_PROCESS_NAME=process/ext_num_people
2016-05-23 15:06:45.812259 + DEEPDIVE_CURRENT_PROCESS_NAME=process/ext_num_people
2016-05-23 15:06:45.812280 + deepdive create view num_people as 'SELECT R0.doc_id AS column_0, R0.sentence_index AS column_1, COUNT(R0.mention_id) AS column_2
2016-05-23 15:06:45.812300 FROM person_mention R0
2016-05-23 15:06:45.812328         
2016-05-23 15:06:45.812349         GROUP BY R0.doc_id, R0.sentence_index'
2016-05-23 15:06:45.995599 CREATE VIEW
2016-05-23 15:06:45.997095 mark_done process/ext_num_people
2016-05-23 15:06:46.020712 ##############################################################################
2016-05-23 15:06:46.020785 
2016-05-23 15:06:46.020817 ## data/num_people ###########################################################
2016-05-23 15:06:46.020839 # Done: 2016-05-22T17:26:40-0700 (21h 40m ago)
2016-05-23 15:06:46.020860 # no-op
2016-05-23 15:06:46.020881 mark_done data/num_people
2016-05-23 15:06:46.053676 ##############################################################################
2016-05-23 15:06:46.053755 
2016-05-23 15:06:46.053791 : ## process/ext_team_mention_by_map_team_mention ##############################
2016-05-23 15:06:46.053821 : # Done: 2016-05-23T15:06:19-0700 (21s ago)
2016-05-23 15:06:46.053863 : process/ext_team_mention_by_map_team_mention/run.sh
2016-05-23 15:06:46.054012 : mark_done process/ext_team_mention_by_map_team_mention
2016-05-23 15:06:46.054150 : ##############################################################################
2016-05-23 15:06:46.054202 
2016-05-23 15:06:46.054388 : ## data/team_mention #########################################################
2016-05-23 15:06:46.054788 : # Done: 2016-05-23T15:06:19-0700 (21s ago)
2016-05-23 15:06:46.054855 : # no-op
2016-05-23 15:06:46.054954 : mark_done data/team_mention
2016-05-23 15:06:46.055024 : ##############################################################################
2016-05-23 15:06:46.055102 
2016-05-23 15:06:46.055155 ## process/ext_spouse_candidate ##############################################
2016-05-23 15:06:46.055189 : # Done: 2016-05-22T17:26:40-0700 (21h 40m 1s ago)
2016-05-23 15:06:46.055241 # Done: 2016-05-22T17:26:40-0700 (21h 40m ago)
2016-05-23 15:06:46.055275 process/ext_spouse_candidate/run.sh
2016-05-23 15:06:46.068663 ++ dirname process/ext_spouse_candidate/run.sh
2016-05-23 15:06:46.073420 + cd process/ext_spouse_candidate
2016-05-23 15:06:46.073596 + export DEEPDIVE_CURRENT_PROCESS_NAME=process/ext_spouse_candidate
2016-05-23 15:06:46.073657 + DEEPDIVE_CURRENT_PROCESS_NAME=process/ext_spouse_candidate
2016-05-23 15:06:46.073747 + deepdive create table spouse_candidate
2016-05-23 15:06:46.260572 CREATE TABLE
2016-05-23 15:06:46.261884 + deepdive sql 'INSERT INTO spouse_candidate SELECT R1.mention_id AS "person_mention.R1.mention_id", R1.mention_text AS "person_mention.R1.mention_text", R2.team_id AS "team_mention.R2.team_id", R2.team_text AS "team_mention.R2.team_text"
2016-05-23 15:06:46.261958 FROM num_people R0, person_mention R1, team_mention R2
2016-05-23 15:06:46.261988         WHERE R1.doc_id = R0.column_0  AND R1.sentence_index = R0.column_1  AND R2.doc_id = R0.column_0  AND R2.sentence_index = R0.column_1  AND R0.column_2 < 3'
2016-05-23 15:06:46.379109 INSERT 0 3211
2016-05-23 15:06:46.380473 mark_done process/ext_spouse_candidate
2016-05-23 15:06:46.397133 ##############################################################################
2016-05-23 15:06:46.397206 
2016-05-23 15:06:46.397230 ## data/spouse_candidate #####################################################
2016-05-23 15:06:46.397252 : # Done: 2016-05-22T17:26:40-0700 (21h 40m 1s ago)
2016-05-23 15:06:46.397273 # Done: 2016-05-22T17:26:40-0700 (21h 40m ago)
2016-05-23 15:06:46.397312 # no-op
2016-05-23 15:06:46.397382 mark_done data/spouse_candidate
2016-05-23 15:06:46.417159 ##############################################################################
2016-05-23 15:06:46.417300 
