2016-05-22 17:08:18.925817 # on eduroam-169-233-210-202.ucsc.edu: deepdive do spouses_dbpedia
2016-05-22 17:08:18.926111 # run/20160522/170817.265362000/plan.sh
2016-05-22 17:08:18.926146 # execution plan for data/spouses_dbpedia
2016-05-22 17:08:18.926172 
2016-05-22 17:08:18.926191 : ## process/init/app ##########################################################
2016-05-22 17:08:18.926210 : # Done: 2016-05-22T16:58:31-0700 (9m 46s ago)
2016-05-22 17:08:18.926229 : process/init/app/run.sh
2016-05-22 17:08:18.926250 : mark_done process/init/app
2016-05-22 17:08:18.926270 : ##############################################################################
2016-05-22 17:08:18.926288 
2016-05-22 17:08:18.926307 ## process/init/relation/spouses_dbpedia #####################################
2016-05-22 17:08:18.926327 # Done: 2016-05-22T17:04:52-0700 (3m 25s ago)
2016-05-22 17:08:18.926347 process/init/relation/spouses_dbpedia/run.sh
2016-05-22 17:08:18.926368 ++ dirname process/init/relation/spouses_dbpedia/run.sh
2016-05-22 17:08:18.926389 + cd process/init/relation/spouses_dbpedia
2016-05-22 17:08:18.926409 + export DEEPDIVE_CURRENT_PROCESS_NAME=process/init/relation/spouses_dbpedia
2016-05-22 17:08:18.926431 + DEEPDIVE_CURRENT_PROCESS_NAME=process/init/relation/spouses_dbpedia
2016-05-22 17:08:18.926450 + deepdive create table spouses_dbpedia
2016-05-22 17:08:19.034515 CREATE TABLE
2016-05-22 17:08:19.035375 + deepdive load spouses_dbpedia
2016-05-22 17:08:19.137187 Loading spouses_dbpedia from input/spouses_dbpedia.csv (csv format)
2016-05-22 17:08:19.176774 COPY 363
2016-05-22 17:08:19.184558 mark_done process/init/relation/spouses_dbpedia
2016-05-22 17:08:19.204075 ##############################################################################
2016-05-22 17:08:19.204127 
2016-05-22 17:08:19.204144 ## data/spouses_dbpedia ######################################################
2016-05-22 17:08:19.204166 # Done: 2016-05-22T17:04:52-0700 (3m 25s ago)
2016-05-22 17:08:19.204227 # no-op
2016-05-22 17:08:19.204287 mark_done data/spouses_dbpedia
2016-05-22 17:08:19.222188 ##############################################################################
2016-05-22 17:08:19.222326 
