2016-05-21 12:09:25.997879 # on dhcp-169-233-138-157.cruznet.ucsc.edu: deepdive do spouses_dbpedia
2016-05-21 12:09:25.998246 # run/20160521/120924.269244000/plan.sh
2016-05-21 12:09:25.998281 # execution plan for data/spouses_dbpedia
2016-05-21 12:09:25.998305 
2016-05-21 12:09:25.998326 : ## process/init/app ##########################################################
2016-05-21 12:09:25.998346 : # Done: 2016-05-20T15:47:44-0700 (20h 21m 40s ago)
2016-05-21 12:09:25.998363 : process/init/app/run.sh
2016-05-21 12:09:25.998403 : mark_done process/init/app
2016-05-21 12:09:25.998426 : ##############################################################################
2016-05-21 12:09:25.998447 
2016-05-21 12:09:25.998468 ## process/init/relation/spouses_dbpedia #####################################
2016-05-21 12:09:25.998488 # Done: 2016-05-20T15:47:44-0700 (20h 21m 40s ago)
2016-05-21 12:09:25.998506 process/init/relation/spouses_dbpedia/run.sh
2016-05-21 12:09:25.998526 ++ dirname process/init/relation/spouses_dbpedia/run.sh
2016-05-21 12:09:25.998545 + cd process/init/relation/spouses_dbpedia
2016-05-21 12:09:25.998565 + export DEEPDIVE_CURRENT_PROCESS_NAME=process/init/relation/spouses_dbpedia
2016-05-21 12:09:25.998585 + DEEPDIVE_CURRENT_PROCESS_NAME=process/init/relation/spouses_dbpedia
2016-05-21 12:09:25.998606 + deepdive create table spouses_dbpedia
2016-05-21 12:09:26.114018 CREATE TABLE
2016-05-21 12:09:26.114979 + deepdive load spouses_dbpedia
2016-05-21 12:09:26.215760 Loading spouses_dbpedia from input/spouses_dbpedia.csv.bz2 (csv format)
2016-05-21 12:09:26.260915 COPY 33
2016-05-21 12:09:26.268206 mark_done process/init/relation/spouses_dbpedia
2016-05-21 12:09:26.287638 ##############################################################################
2016-05-21 12:09:26.287688 
2016-05-21 12:09:26.287707 ## data/spouses_dbpedia ######################################################
2016-05-21 12:09:26.287728 # Done: 2016-05-20T22:17:53-0700 (13h 51m 31s ago)
2016-05-21 12:09:26.287749 # no-op
2016-05-21 12:09:26.287826 mark_done data/spouses_dbpedia
2016-05-21 12:09:26.307256 ##############################################################################
2016-05-21 12:09:26.307336 
