2016-05-25 12:04:28.567539 # on dhcp-169-233-164-19.cruznet.ucsc.edu: deepdive do spouses_dbpedia_negative
2016-05-25 12:04:28.567995 # run/20160525/120426.932501000/plan.sh
2016-05-25 12:04:28.568028 # execution plan for data/spouses_dbpedia_negative
2016-05-25 12:04:28.568050 
2016-05-25 12:04:28.568071 : ## process/init/app ##########################################################
2016-05-25 12:04:28.568092 : # Done: 2016-05-22T17:21:25-0700 (2d 18h 43m 2s ago)
2016-05-25 12:04:28.568110 : process/init/app/run.sh
2016-05-25 12:04:28.568129 : mark_done process/init/app
2016-05-25 12:04:28.568150 : ##############################################################################
2016-05-25 12:04:28.568170 
2016-05-25 12:04:28.568189 ## process/init/relation/spouses_dbpedia_negative ############################
2016-05-25 12:04:28.568208 # Done: N/A
2016-05-25 12:04:28.568227 process/init/relation/spouses_dbpedia_negative/run.sh
2016-05-25 12:04:28.568246 ++ dirname process/init/relation/spouses_dbpedia_negative/run.sh
2016-05-25 12:04:28.568265 + cd process/init/relation/spouses_dbpedia_negative
2016-05-25 12:04:28.568285 + export DEEPDIVE_CURRENT_PROCESS_NAME=process/init/relation/spouses_dbpedia_negative
2016-05-25 12:04:28.568304 + DEEPDIVE_CURRENT_PROCESS_NAME=process/init/relation/spouses_dbpedia_negative
2016-05-25 12:04:28.568323 + deepdive create table spouses_dbpedia_negative
2016-05-25 12:04:28.785579 CREATE TABLE
2016-05-25 12:04:28.786662 + deepdive load spouses_dbpedia_negative
2016-05-25 12:04:28.874986 parse error: Expected value before ',' at line 802, column 4
