2016-05-22 17:28:04.701677 # on eduroam-169-233-210-202.ucsc.edu: deepdive do probabilities
2016-05-22 17:28:04.701973 # run/20160522/172800.227531000/plan.sh
2016-05-22 17:28:04.701993 # execution plan for data/model/probabilities
2016-05-22 17:28:04.702013 
2016-05-22 17:28:04.702033 : ## process/init/app ##########################################################
2016-05-22 17:28:04.702053 : # Done: 2016-05-22T17:21:25-0700 (6m 35s ago)
2016-05-22 17:28:04.702071 : process/init/app/run.sh
2016-05-22 17:28:04.702091 : mark_done process/init/app
2016-05-22 17:28:04.702110 : ##############################################################################
2016-05-22 17:28:04.702128 
2016-05-22 17:28:04.702151 : ## process/init/relation/articles ############################################
2016-05-22 17:28:04.702170 : # Done: 2016-05-22T17:23:58-0700 (4m 2s ago)
2016-05-22 17:28:04.702188 : process/init/relation/articles/run.sh
2016-05-22 17:28:04.702206 : mark_done process/init/relation/articles
2016-05-22 17:28:04.702225 : ##############################################################################
2016-05-22 17:28:04.702244 
2016-05-22 17:28:04.702264 : ## data/articles #############################################################
2016-05-22 17:28:04.702284 : # Done: 2016-05-22T17:23:58-0700 (4m 2s ago)
2016-05-22 17:28:04.702304 : # no-op
2016-05-22 17:28:04.702324 : mark_done data/articles
2016-05-22 17:28:04.702344 : ##############################################################################
2016-05-22 17:28:04.702362 
2016-05-22 17:28:04.702380 : ## process/ext_sentences_by_nlp_markup #######################################
2016-05-22 17:28:04.702401 : # Done: 2016-05-22T17:25:59-0700 (2m 1s ago)
2016-05-22 17:28:04.702420 : process/ext_sentences_by_nlp_markup/run.sh
2016-05-22 17:28:04.702440 : mark_done process/ext_sentences_by_nlp_markup
2016-05-22 17:28:04.702460 : ##############################################################################
2016-05-22 17:28:04.702479 
2016-05-22 17:28:04.702498 : ## data/sentences ############################################################
2016-05-22 17:28:04.702517 : # Done: 2016-05-22T17:26:00-0700 (2m ago)
2016-05-22 17:28:04.702537 : # no-op
2016-05-22 17:28:04.702556 : mark_done data/sentences
2016-05-22 17:28:04.702575 : ##############################################################################
2016-05-22 17:28:04.702595 
2016-05-22 17:28:04.702614 : ## process/ext_person_mention_by_map_person_mention ##########################
2016-05-22 17:28:04.702633 : # Done: 2016-05-22T17:26:11-0700 (1m 49s ago)
2016-05-22 17:28:04.702653 : process/ext_person_mention_by_map_person_mention/run.sh
2016-05-22 17:28:04.702672 : mark_done process/ext_person_mention_by_map_person_mention
2016-05-22 17:28:04.702696 : ##############################################################################
2016-05-22 17:28:04.702718 
2016-05-22 17:28:04.702736 : ## data/person_mention #######################################################
2016-05-22 17:28:04.702758 : # Done: 2016-05-22T17:26:11-0700 (1m 50s ago)
2016-05-22 17:28:04.702779 : # no-op
2016-05-22 17:28:04.702798 : mark_done data/person_mention
2016-05-22 17:28:04.702818 : ##############################################################################
2016-05-22 17:28:04.702838 
2016-05-22 17:28:04.702856 : ## process/ext_num_people ####################################################
2016-05-22 17:28:04.702874 : # Done: 2016-05-22T17:26:40-0700 (1m 21s ago)
2016-05-22 17:28:04.702897 : process/ext_num_people/run.sh
2016-05-22 17:28:04.702917 : mark_done process/ext_num_people
2016-05-22 17:28:04.702937 : ##############################################################################
2016-05-22 17:28:04.702958 
2016-05-22 17:28:04.702976 : ## data/num_people ###########################################################
2016-05-22 17:28:04.702995 : # Done: 2016-05-22T17:26:40-0700 (1m 21s ago)
2016-05-22 17:28:04.703014 : # no-op
2016-05-22 17:28:04.703034 : mark_done data/num_people
2016-05-22 17:28:04.703053 : ##############################################################################
2016-05-22 17:28:04.703073 
2016-05-22 17:28:04.703093 : ## process/ext_team_mention_by_map_team_mention ##############################
2016-05-22 17:28:04.703113 : # Done: 2016-05-22T17:26:26-0700 (1m 35s ago)
2016-05-22 17:28:04.703134 : process/ext_team_mention_by_map_team_mention/run.sh
2016-05-22 17:28:04.703155 : mark_done process/ext_team_mention_by_map_team_mention
2016-05-22 17:28:04.703175 : ##############################################################################
2016-05-22 17:28:04.703201 
2016-05-22 17:28:04.703221 : ## data/team_mention #########################################################
2016-05-22 17:28:04.703241 : # Done: 2016-05-22T17:26:26-0700 (1m 35s ago)
2016-05-22 17:28:04.703261 : # no-op
2016-05-22 17:28:04.703281 : mark_done data/team_mention
2016-05-22 17:28:04.703301 : ##############################################################################
2016-05-22 17:28:04.703319 
2016-05-22 17:28:04.703338 : ## process/ext_spouse_candidate ##############################################
2016-05-22 17:28:04.703359 : # Done: 2016-05-22T17:26:40-0700 (1m 21s ago)
2016-05-22 17:28:04.703380 : process/ext_spouse_candidate/run.sh
2016-05-22 17:28:04.703399 : mark_done process/ext_spouse_candidate
2016-05-22 17:28:04.703420 : ##############################################################################
2016-05-22 17:28:04.703439 
2016-05-22 17:28:04.703458 : ## data/spouse_candidate #####################################################
2016-05-22 17:28:04.703477 : # Done: 2016-05-22T17:26:40-0700 (1m 21s ago)
2016-05-22 17:28:04.703497 : # no-op
2016-05-22 17:28:04.703516 : mark_done data/spouse_candidate
2016-05-22 17:28:04.703537 : ##############################################################################
2016-05-22 17:28:04.703555 
2016-05-22 17:28:04.703578 : ## process/ext_spouse_label__0_by_supervise ##################################
2016-05-22 17:28:04.703598 : # Done: 2016-05-22T17:27:35-0700 (26s ago)
2016-05-22 17:28:04.703618 : process/ext_spouse_label__0_by_supervise/run.sh
2016-05-22 17:28:04.703638 : mark_done process/ext_spouse_label__0_by_supervise
2016-05-22 17:28:04.703657 : ##############################################################################
2016-05-22 17:28:04.703677 
2016-05-22 17:28:04.703698 : ## data/spouse_label__0 ######################################################
2016-05-22 17:28:04.703717 : # Done: 2016-05-22T17:27:35-0700 (26s ago)
2016-05-22 17:28:04.703737 : # no-op
2016-05-22 17:28:04.703755 : mark_done data/spouse_label__0
2016-05-22 17:28:04.703774 : ##############################################################################
2016-05-22 17:28:04.703793 
2016-05-22 17:28:04.703813 : ## process/init/relation/spouses_dbpedia #####################################
2016-05-22 17:28:04.703832 : # Done: 2016-05-22T17:27:17-0700 (44s ago)
2016-05-22 17:28:04.703850 : process/init/relation/spouses_dbpedia/run.sh
2016-05-22 17:28:04.703862 : mark_done process/init/relation/spouses_dbpedia
2016-05-22 17:28:04.703873 : ##############################################################################
2016-05-22 17:28:04.703884 
2016-05-22 17:28:04.703954 : ## data/spouses_dbpedia ######################################################
2016-05-22 17:28:04.703983 : # Done: 2016-05-22T17:27:17-0700 (44s ago)
2016-05-22 17:28:04.704004 : # no-op
2016-05-22 17:28:04.704026 : mark_done data/spouses_dbpedia
2016-05-22 17:28:04.704047 : ##############################################################################
2016-05-22 17:28:04.704067 
2016-05-22 17:28:04.704087 : ## process/ext_spouse_label ##################################################
2016-05-22 17:28:04.704108 : # Done: 2016-05-22T17:27:36-0700 (25s ago)
2016-05-22 17:28:04.704127 : process/ext_spouse_label/run.sh
2016-05-22 17:28:04.704146 : mark_done process/ext_spouse_label
2016-05-22 17:28:04.704167 : ##############################################################################
2016-05-22 17:28:04.704188 
2016-05-22 17:28:04.704208 : ## data/spouse_label #########################################################
2016-05-22 17:28:04.704228 : # Done: 2016-05-22T17:27:36-0700 (25s ago)
2016-05-22 17:28:04.704248 : # no-op
2016-05-22 17:28:04.704285 : mark_done data/spouse_label
2016-05-22 17:28:04.704307 : ##############################################################################
2016-05-22 17:28:04.704326 
2016-05-22 17:28:04.704356 : ## process/ext_spouse_label_resolved #########################################
2016-05-22 17:28:04.704379 : # Done: 2016-05-22T17:27:36-0700 (25s ago)
2016-05-22 17:28:04.704401 : process/ext_spouse_label_resolved/run.sh
2016-05-22 17:28:04.704422 : mark_done process/ext_spouse_label_resolved
2016-05-22 17:28:04.704444 : ##############################################################################
2016-05-22 17:28:04.704464 
2016-05-22 17:28:04.704487 : ## data/spouse_label_resolved ################################################
2016-05-22 17:28:04.704514 : # Done: 2016-05-22T17:27:36-0700 (25s ago)
2016-05-22 17:28:04.704538 : # no-op
2016-05-22 17:28:04.704560 : mark_done data/spouse_label_resolved
2016-05-22 17:28:04.704583 : ##############################################################################
2016-05-22 17:28:04.704605 
2016-05-22 17:28:04.704627 : ## process/ext_has_spouse ####################################################
2016-05-22 17:28:04.704649 : # Done: 2016-05-22T17:27:36-0700 (25s ago)
2016-05-22 17:28:04.704669 : process/ext_has_spouse/run.sh
2016-05-22 17:28:04.704691 : mark_done process/ext_has_spouse
2016-05-22 17:28:04.704712 : ##############################################################################
2016-05-22 17:28:04.704731 
2016-05-22 17:28:04.704752 : ## data/has_spouse ###########################################################
2016-05-22 17:28:04.704774 : # Done: 2016-05-22T17:27:36-0700 (25s ago)
2016-05-22 17:28:04.704796 : # no-op
2016-05-22 17:28:04.704818 : mark_done data/has_spouse
2016-05-22 17:28:04.704840 : ##############################################################################
2016-05-22 17:28:04.704906 
2016-05-22 17:28:04.704935 ## process/grounding/variable_id_partition ###################################
2016-05-22 17:28:04.704956 : # Done: 2016-05-22T17:10:27-0700 (17m 34s ago)
2016-05-22 17:28:04.704997 # Done: 2016-05-22T17:10:27-0700 (17m 33s ago)
2016-05-22 17:28:04.705019 process/grounding/variable_id_partition/run.sh
2016-05-22 17:28:04.705040 ++ dirname process/grounding/variable_id_partition/run.sh
2016-05-22 17:28:04.705060 + cd process/grounding/variable_id_partition
2016-05-22 17:28:04.705082 + export DEEPDIVE_CURRENT_PROCESS_NAME=process/grounding/variable_id_partition
2016-05-22 17:28:04.705101 + DEEPDIVE_CURRENT_PROCESS_NAME=process/grounding/variable_id_partition
2016-05-22 17:28:04.705121 + : /Users/emerson/Documents/Github/deepdive/examples/coach_nba/run/model/grounding
2016-05-22 17:28:04.705141 + RANGE_BEGIN=0
2016-05-22 17:28:04.705161 + partition_id_range has_spouse
2016-05-22 17:28:04.705180 + variableCountTotal=0
2016-05-22 17:28:04.705201 + read table begin excludeEnd
2016-05-22 17:28:04.774376 + varPath=/Users/emerson/Documents/Github/deepdive/examples/coach_nba/run/model/grounding/variable/has_spouse
2016-05-22 17:28:04.774456 + mkdir -p /Users/emerson/Documents/Github/deepdive/examples/coach_nba/run/model/grounding/variable/has_spouse
2016-05-22 17:28:04.778049 + cd /Users/emerson/Documents/Github/deepdive/examples/coach_nba/run/model/grounding/variable/has_spouse
2016-05-22 17:28:04.778106 + echo 0
2016-05-22 17:28:04.779896 + echo 103
2016-05-22 17:28:04.784406 + echo 103
2016-05-22 17:28:04.790432 + variableCountTotal=103
2016-05-22 17:28:04.790520 + read table begin excludeEnd
2016-05-22 17:28:04.790558 + echo 103
2016-05-22 17:28:04.792209 mark_done process/grounding/variable_id_partition
2016-05-22 17:28:04.808370 ##############################################################################
2016-05-22 17:28:04.808441 
2016-05-22 17:28:04.808469 ## process/grounding/variable/has_spouse/assign_id ###########################
2016-05-22 17:28:04.808704 : # Done: 2016-05-22T17:10:27-0700 (17m 34s ago)
2016-05-22 17:28:04.808745 # Done: 2016-05-22T17:10:27-0700 (17m 33s ago)
2016-05-22 17:28:04.808766 process/grounding/variable/has_spouse/assign_id/run.sh
2016-05-22 17:28:04.820129 ++ dirname process/grounding/variable/has_spouse/assign_id/run.sh
2016-05-22 17:28:04.824748 + cd process/grounding/variable/has_spouse/assign_id
2016-05-22 17:28:04.824929 + export DEEPDIVE_CURRENT_PROCESS_NAME=process/grounding/variable/has_spouse/assign_id
2016-05-22 17:28:04.825222 + DEEPDIVE_CURRENT_PROCESS_NAME=process/grounding/variable/has_spouse/assign_id
2016-05-22 17:28:04.825261 + : /Users/emerson/Documents/Github/deepdive/examples/coach_nba/run/model/grounding
2016-05-22 17:28:04.825293 + table=has_spouse
2016-05-22 17:28:04.825315 + cd /Users/emerson/Documents/Github/deepdive/examples/coach_nba/run/model/grounding/variable/has_spouse
2016-05-22 17:28:04.826518 ++ cat id_begin
2016-05-22 17:28:04.833038 + baseId=0
2016-05-22 17:28:04.833141 + deepdive db assign_sequential_id has_spouse id 0
2016-05-22 17:28:04.915058 NOTICE:  sequence "dd_seq_has_spouse_id" does not exist, skipping
2016-05-22 17:28:04.922625 UPDATE 103
2016-05-22 17:28:04.924433 mark_done process/grounding/variable/has_spouse/assign_id
2016-05-22 17:28:04.940254 ##############################################################################
2016-05-22 17:28:04.940307 
2016-05-22 17:28:04.940322 ## process/grounding/factor/inf1_imply_has_spouse_has_spouse/materialize #####
2016-05-22 17:28:04.940342 : # Done: 2016-05-22T17:10:27-0700 (17m 34s ago)
2016-05-22 17:28:04.940365 # Done: 2016-05-22T17:10:27-0700 (17m 33s ago)
2016-05-22 17:28:04.940405 process/grounding/factor/inf1_imply_has_spouse_has_spouse/materialize/run.sh
2016-05-22 17:28:04.946682 ++ dirname process/grounding/factor/inf1_imply_has_spouse_has_spouse/materialize/run.sh
2016-05-22 17:28:04.952516 + cd process/grounding/factor/inf1_imply_has_spouse_has_spouse/materialize
2016-05-22 17:28:04.952713 + export DEEPDIVE_CURRENT_PROCESS_NAME=process/grounding/factor/inf1_imply_has_spouse_has_spouse/materialize
2016-05-22 17:28:04.952790 + DEEPDIVE_CURRENT_PROCESS_NAME=process/grounding/factor/inf1_imply_has_spouse_has_spouse/materialize
2016-05-22 17:28:04.952827 + : /Users/emerson/Documents/Github/deepdive/examples/coach_nba/run/model/grounding
2016-05-22 17:28:04.952896 + deepdive create table dd_factors_inf1_imply_has_spouse_has_spouse as '
2016-05-22 17:28:04.952929           SELECT R0.id AS "has_spouse.R0.id" , R0.id AS "has_spouse.R0.id" 
2016-05-22 17:28:04.952958           FROM has_spouse R0, has_spouse R1, spouse_candidate R2, spouse_candidate R3, spouse_candidate R4
2016-05-22 17:28:04.952986         WHERE R1.p_id = R0.p_id  AND R1.t_id = R0.t_id  AND R2.p_id = R0.p_id  AND R2.t_id = R0.t_id  AND R3.t_id = R0.t_id  AND R4.p_id = R0.p_id '
2016-05-22 17:28:05.147107 ERROR:  column "has_spouse.R0.id" specified more than once
