2016-06-05 14:48:25.001653 # on dhcp-169-233-184-206.cruznet.ucsc.edu: deepdive do calibration-plots
2016-06-05 14:48:25.002711 # run/20160605/144820.352482000/plan.sh
2016-06-05 14:48:25.005565 # execution plan for model/calibration-plots
2016-06-05 14:48:25.005660 
2016-06-05 14:48:25.005705 : ## process/init/app ##########################################################
2016-06-05 14:48:25.005748 : # Done: 2016-05-22T17:21:25-0700 (13d 21h 26m 55s ago)
2016-06-05 14:48:25.005792 : process/init/app/run.sh
2016-06-05 14:48:25.005827 : mark_done process/init/app
2016-06-05 14:48:25.005851 : ##############################################################################
2016-06-05 14:48:25.005871 
2016-06-05 14:48:25.005891 : ## process/init/relation/articles ############################################
2016-06-05 14:48:25.005912 : # Done: 2016-05-23T12:16:43-0700 (13d 2h 31m 37s ago)
2016-06-05 14:48:25.005932 : process/init/relation/articles/run.sh
2016-06-05 14:48:25.005952 : mark_done process/init/relation/articles
2016-06-05 14:48:25.005972 : ##############################################################################
2016-06-05 14:48:25.005992 
2016-06-05 14:48:25.006012 : ## data/articles #############################################################
2016-06-05 14:48:25.006031 : # Done: 2016-05-23T12:16:43-0700 (13d 2h 31m 37s ago)
2016-06-05 14:48:25.006051 : # no-op
2016-06-05 14:48:25.006071 : mark_done data/articles
2016-06-05 14:48:25.006091 : ##############################################################################
2016-06-05 14:48:25.006110 
2016-06-05 14:48:25.006128 : ## process/ext_sentences_by_nlp_markup #######################################
2016-06-05 14:48:25.006146 : # Done: 2016-05-23T15:05:01-0700 (12d 23h 43m 19s ago)
2016-06-05 14:48:25.006166 : process/ext_sentences_by_nlp_markup/run.sh
2016-06-05 14:48:25.006185 : mark_done process/ext_sentences_by_nlp_markup
2016-06-05 14:48:25.006203 : ##############################################################################
2016-06-05 14:48:25.006220 
2016-06-05 14:48:25.006240 : ## data/sentences ############################################################
2016-06-05 14:48:25.006260 : # Done: 2016-05-23T15:05:01-0700 (12d 23h 43m 19s ago)
2016-06-05 14:48:25.006279 : # no-op
2016-06-05 14:48:25.006299 : mark_done data/sentences
2016-06-05 14:48:25.006319 : ##############################################################################
2016-06-05 14:48:25.006339 
2016-06-05 14:48:25.006359 : ## process/ext_person_mention_by_map_person_mention ##########################
2016-06-05 14:48:25.006377 : # Done: 2016-05-23T15:05:52-0700 (12d 23h 42m 28s ago)
2016-06-05 14:48:25.006396 : process/ext_person_mention_by_map_person_mention/run.sh
2016-06-05 14:48:25.006416 : mark_done process/ext_person_mention_by_map_person_mention
2016-06-05 14:48:25.006435 : ##############################################################################
2016-06-05 14:48:25.006470 
2016-06-05 14:48:25.006512 : ## data/person_mention #######################################################
2016-06-05 14:48:25.006537 : # Done: 2016-05-23T15:05:52-0700 (12d 23h 42m 28s ago)
2016-06-05 14:48:25.006561 : # no-op
2016-06-05 14:48:25.006584 : mark_done data/person_mention
2016-06-05 14:48:25.006606 : ##############################################################################
2016-06-05 14:48:25.006628 
2016-06-05 14:48:25.006651 : ## process/init/relation/spouses_dbpedia #####################################
2016-06-05 14:48:25.006673 : # Done: 2016-06-02T22:27:40-0700 (2d 16h 20m 40s ago)
2016-06-05 14:48:25.006697 : process/init/relation/spouses_dbpedia/run.sh
2016-06-05 14:48:25.006720 : mark_done process/init/relation/spouses_dbpedia
2016-06-05 14:48:25.006743 : ##############################################################################
2016-06-05 14:48:25.006765 
2016-06-05 14:48:25.006787 : ## data/spouses_dbpedia ######################################################
2016-06-05 14:48:25.006809 : # Done: 2016-06-02T22:27:40-0700 (2d 16h 20m 40s ago)
2016-06-05 14:48:25.007044 : # no-op
2016-06-05 14:48:25.007118 : mark_done data/spouses_dbpedia
2016-06-05 14:48:25.007166 : ##############################################################################
2016-06-05 14:48:25.007211 
2016-06-05 14:48:25.007253 : ## process/ext_team_mention_by_map_team_mention ##############################
2016-06-05 14:48:25.007296 : # Done: 2016-05-23T15:06:19-0700 (12d 23h 42m 1s ago)
2016-06-05 14:48:25.007338 : process/ext_team_mention_by_map_team_mention/run.sh
2016-06-05 14:48:25.007381 : mark_done process/ext_team_mention_by_map_team_mention
2016-06-05 14:48:25.007448 : ##############################################################################
2016-06-05 14:48:25.007571 
2016-06-05 14:48:25.007619 : ## data/team_mention #########################################################
2016-06-05 14:48:25.007683 : # Done: 2016-05-23T15:06:19-0700 (12d 23h 42m 1s ago)
2016-06-05 14:48:25.007730 : # no-op
2016-06-05 14:48:25.007772 : mark_done data/team_mention
2016-06-05 14:48:25.007814 : ##############################################################################
2016-06-05 14:48:25.007856 
2016-06-05 14:48:25.007898 : ## process/ext_num_people ####################################################
2016-06-05 14:48:25.008488 : # Done: 2016-05-23T15:06:46-0700 (12d 23h 41m 34s ago)
2016-06-05 14:48:25.008562 : process/ext_num_people/run.sh
2016-06-05 14:48:25.008613 : mark_done process/ext_num_people
2016-06-05 14:48:25.008658 : ##############################################################################
2016-06-05 14:48:25.008703 
2016-06-05 14:48:25.008750 : ## data/num_people ###########################################################
2016-06-05 14:48:25.008795 : # Done: 2016-05-23T15:06:46-0700 (12d 23h 41m 34s ago)
2016-06-05 14:48:25.008838 : # no-op
2016-06-05 14:48:25.008881 : mark_done data/num_people
2016-06-05 14:48:25.008925 : ##############################################################################
2016-06-05 14:48:25.008967 
2016-06-05 14:48:25.009008 : ## process/ext_spouse_candidate ##############################################
2016-06-05 14:48:25.009050 : # Done: 2016-05-23T15:07:38-0700 (12d 23h 40m 42s ago)
2016-06-05 14:48:25.009093 : process/ext_spouse_candidate/run.sh
2016-06-05 14:48:25.009136 : mark_done process/ext_spouse_candidate
2016-06-05 14:48:25.009179 : ##############################################################################
2016-06-05 14:48:25.009224 
2016-06-05 14:48:25.009266 : ## data/spouse_candidate #####################################################
2016-06-05 14:48:25.009313 : # Done: 2016-05-23T15:07:38-0700 (12d 23h 40m 42s ago)
2016-06-05 14:48:25.009357 : # no-op
2016-06-05 14:48:25.009401 : mark_done data/spouse_candidate
2016-06-05 14:48:25.009446 : ##############################################################################
2016-06-05 14:48:25.009489 
2016-06-05 14:48:25.009708 : ## process/ext_spouse_label__0_by_supervise ##################################
2016-06-05 14:48:25.009755 : # Done: 2016-05-23T15:08:48-0700 (12d 23h 39m 32s ago)
2016-06-05 14:48:25.009797 : process/ext_spouse_label__0_by_supervise/run.sh
2016-06-05 14:48:25.009839 : mark_done process/ext_spouse_label__0_by_supervise
2016-06-05 14:48:25.009882 : ##############################################################################
2016-06-05 14:48:25.011318 
2016-06-05 14:48:25.011415 : ## data/spouse_label__0 ######################################################
2016-06-05 14:48:25.011469 : # Done: 2016-05-23T15:08:48-0700 (12d 23h 39m 32s ago)
2016-06-05 14:48:25.011515 : # no-op
2016-06-05 14:48:25.011558 : mark_done data/spouse_label__0
2016-06-05 14:48:25.011600 : ##############################################################################
2016-06-05 14:48:25.011642 
2016-06-05 14:48:25.011685 : ## process/ext_spouse_label ##################################################
2016-06-05 14:48:25.011727 : # Done: 2016-06-02T22:28:10-0700 (2d 16h 20m 10s ago)
2016-06-05 14:48:25.011769 : process/ext_spouse_label/run.sh
2016-06-05 14:48:25.011811 : mark_done process/ext_spouse_label
2016-06-05 14:48:25.011870 : ##############################################################################
2016-06-05 14:48:25.011913 
2016-06-05 14:48:25.011955 : ## data/spouse_label #########################################################
2016-06-05 14:48:25.011996 : # Done: 2016-06-02T22:28:10-0700 (2d 16h 20m 10s ago)
2016-06-05 14:48:25.012037 : # no-op
2016-06-05 14:48:25.012078 : mark_done data/spouse_label
2016-06-05 14:48:25.012119 : ##############################################################################
2016-06-05 14:48:25.012161 
2016-06-05 14:48:25.012203 : ## process/ext_spouse_label_resolved #########################################
2016-06-05 14:48:25.012243 : # Done: 2016-06-02T22:28:10-0700 (2d 16h 20m 10s ago)
2016-06-05 14:48:25.012284 : process/ext_spouse_label_resolved/run.sh
2016-06-05 14:48:25.012325 : mark_done process/ext_spouse_label_resolved
2016-06-05 14:48:25.012367 : ##############################################################################
2016-06-05 14:48:25.012409 
2016-06-05 14:48:25.012450 : ## data/spouse_label_resolved ################################################
2016-06-05 14:48:25.012492 : # Done: 2016-06-02T22:28:10-0700 (2d 16h 20m 10s ago)
2016-06-05 14:48:25.012534 : # no-op
2016-06-05 14:48:25.012575 : mark_done data/spouse_label_resolved
2016-06-05 14:48:25.012617 : ##############################################################################
2016-06-05 14:48:25.012658 
2016-06-05 14:48:25.012701 : ## process/ext_has_spouse ####################################################
2016-06-05 14:48:25.012752 : # Done: 2016-06-02T23:14:20-0700 (2d 15h 34m 1s ago)
2016-06-05 14:48:25.012865 : process/ext_has_spouse/run.sh
2016-06-05 14:48:25.012956 : mark_done process/ext_has_spouse
2016-06-05 14:48:25.012982 : ##############################################################################
2016-06-05 14:48:25.013004 
2016-06-05 14:48:25.013024 : ## data/has_spouse ###########################################################
2016-06-05 14:48:25.013044 : # Done: 2016-06-02T23:14:20-0700 (2d 15h 34m 1s ago)
2016-06-05 14:48:25.013063 : # no-op
2016-06-05 14:48:25.013083 : mark_done data/has_spouse
2016-06-05 14:48:25.013101 : ##############################################################################
2016-06-05 14:48:25.013121 
2016-06-05 14:48:25.013139 : ## process/grounding/variable_id_partition ###################################
2016-06-05 14:48:25.013158 : # Done: 2016-06-02T23:17:45-0700 (2d 15h 30m 36s ago)
2016-06-05 14:48:25.013177 : process/grounding/variable_id_partition/run.sh
2016-06-05 14:48:25.013197 : mark_done process/grounding/variable_id_partition
2016-06-05 14:48:25.013217 : ##############################################################################
2016-06-05 14:48:25.013286 
2016-06-05 14:48:25.013309 : ## process/grounding/variable/has_spouse/assign_id ###########################
2016-06-05 14:48:25.013381 : # Done: 2016-06-02T23:17:45-0700 (2d 15h 30m 36s ago)
2016-06-05 14:48:25.013433 : process/grounding/variable/has_spouse/assign_id/run.sh
2016-06-05 14:48:25.013478 : mark_done process/grounding/variable/has_spouse/assign_id
2016-06-05 14:48:25.013501 : ##############################################################################
2016-06-05 14:48:25.013522 
2016-06-05 14:48:25.014104 : ## process/grounding/factor/inf1_istrue_has_spouse/materialize ###############
2016-06-05 14:48:25.014502 : # Done: 2016-06-02T23:17:46-0700 (2d 15h 30m 35s ago)
2016-06-05 14:48:25.014561 : process/grounding/factor/inf1_istrue_has_spouse/materialize/run.sh
2016-06-05 14:48:25.014609 : mark_done process/grounding/factor/inf1_istrue_has_spouse/materialize
2016-06-05 14:48:25.014656 : ##############################################################################
2016-06-05 14:48:25.014701 
2016-06-05 14:48:25.014744 : ## process/init/relation/spouses_dbpedia_negative ############################
2016-06-05 14:48:25.014787 : # Done: 2016-05-25T12:13:43-0700 (11d 2h 34m 38s ago)
2016-06-05 14:48:25.014831 : process/init/relation/spouses_dbpedia_negative/run.sh
2016-06-05 14:48:25.014889 : mark_done process/init/relation/spouses_dbpedia_negative
2016-06-05 14:48:25.014931 : ##############################################################################
2016-06-05 14:48:25.014954 
2016-06-05 14:48:25.014975 : ## data/spouses_dbpedia_negative #############################################
2016-06-05 14:48:25.014996 : # Done: 2016-06-02T22:50:00-0700 (2d 15h 58m 21s ago)
2016-06-05 14:48:25.015017 : # no-op
2016-06-05 14:48:25.015043 : mark_done data/spouses_dbpedia_negative
2016-06-05 14:48:25.015065 : ##############################################################################
2016-06-05 14:48:25.015087 
2016-06-05 14:48:25.015108 : ## process/grounding/factor/inf2_istrue_has_spouse/materialize ###############
2016-06-05 14:48:25.015130 : # Done: 2016-06-05T14:47:21-0700 (1m ago)
2016-06-05 14:48:25.015152 : process/grounding/factor/inf2_istrue_has_spouse/materialize/run.sh
2016-06-05 14:48:25.015173 : mark_done process/grounding/factor/inf2_istrue_has_spouse/materialize
2016-06-05 14:48:25.015196 : ##############################################################################
2016-06-05 14:48:25.015218 
2016-06-05 14:48:25.015239 : ## process/grounding/factor/inf_imply_has_spouse_has_spouse/materialize ######
2016-06-05 14:48:25.015261 : # Done: 2016-06-02T23:23:19-0700 (2d 15h 25m 2s ago)
2016-06-05 14:48:25.015282 : process/grounding/factor/inf_imply_has_spouse_has_spouse/materialize/run.sh
2016-06-05 14:48:25.015305 : mark_done process/grounding/factor/inf_imply_has_spouse_has_spouse/materialize
2016-06-05 14:48:25.015326 : ##############################################################################
2016-06-05 14:48:25.015348 
2016-06-05 14:48:25.015370 : ## process/ext_spouse_feature_by_extract_spouse_features #####################
2016-06-05 14:48:25.015391 : # Done: 2016-05-23T15:08:09-0700 (12d 23h 40m 12s ago)
2016-06-05 14:48:25.015410 : process/ext_spouse_feature_by_extract_spouse_features/run.sh
2016-06-05 14:48:25.015453 : mark_done process/ext_spouse_feature_by_extract_spouse_features
2016-06-05 14:48:25.015501 : ##############################################################################
2016-06-05 14:48:25.015530 
2016-06-05 14:48:25.015552 : ## data/spouse_feature #######################################################
2016-06-05 14:48:25.015574 : # Done: 2016-05-23T15:08:09-0700 (12d 23h 40m 12s ago)
2016-06-05 14:48:25.015596 : # no-op
2016-06-05 14:48:25.015619 : mark_done data/spouse_feature
2016-06-05 14:48:25.015641 : ##############################################################################
2016-06-05 14:48:25.015662 
2016-06-05 14:48:25.015908 : ## process/grounding/factor/inf_istrue_has_spouse/materialize ################
2016-06-05 14:48:25.019763 : # Done: 2016-06-02T23:23:20-0700 (2d 15h 25m 1s ago)
2016-06-05 14:48:25.020024 : process/grounding/factor/inf_istrue_has_spouse/materialize/run.sh
2016-06-05 14:48:25.020978 : mark_done process/grounding/factor/inf_istrue_has_spouse/materialize
2016-06-05 14:48:25.021068 : ##############################################################################
2016-06-05 14:48:25.021121 
2016-06-05 14:48:25.021170 : ## process/grounding/weight_id_partition #####################################
2016-06-05 14:48:25.021221 : # Done: 2016-06-05T14:47:21-0700 (1m ago)
2016-06-05 14:48:25.021271 : process/grounding/weight_id_partition/run.sh
2016-06-05 14:48:25.021317 : mark_done process/grounding/weight_id_partition
2016-06-05 14:48:25.021382 : ##############################################################################
2016-06-05 14:48:25.021453 
2016-06-05 14:48:25.021499 : ## process/grounding/factor/inf1_istrue_has_spouse/assign_weight_id ##########
2016-06-05 14:48:25.021632 : # Done: 2016-06-05T14:47:21-0700 (1m ago)
2016-06-05 14:48:25.021686 : process/grounding/factor/inf1_istrue_has_spouse/assign_weight_id/run.sh
2016-06-05 14:48:25.021734 : mark_done process/grounding/factor/inf1_istrue_has_spouse/assign_weight_id
2016-06-05 14:48:25.021779 : ##############################################################################
2016-06-05 14:48:25.021848 
2016-06-05 14:48:25.021897 : ## process/grounding/factor/inf1_istrue_has_spouse/dump ######################
2016-06-05 14:48:25.021941 : # Done: 2016-06-05T14:47:23-0700 (58s ago)
2016-06-05 14:48:25.022030 : process/grounding/factor/inf1_istrue_has_spouse/dump/run.sh
2016-06-05 14:48:25.023173 : mark_done process/grounding/factor/inf1_istrue_has_spouse/dump
2016-06-05 14:48:25.023362 : ##############################################################################
2016-06-05 14:48:25.023816 
2016-06-05 14:48:25.023983 : ## process/grounding/factor/inf1_istrue_has_spouse/dump_weights ##############
2016-06-05 14:48:25.024040 : # Done: 2016-06-05T14:47:23-0700 (58s ago)
2016-06-05 14:48:25.024087 : process/grounding/factor/inf1_istrue_has_spouse/dump_weights/run.sh
2016-06-05 14:48:25.024132 : mark_done process/grounding/factor/inf1_istrue_has_spouse/dump_weights
2016-06-05 14:48:25.024177 : ##############################################################################
2016-06-05 14:48:25.024220 
2016-06-05 14:48:25.024267 : ## process/grounding/factor/inf2_istrue_has_spouse/assign_weight_id ##########
2016-06-05 14:48:25.024315 : # Done: 2016-06-05T14:47:23-0700 (58s ago)
2016-06-05 14:48:25.024360 : process/grounding/factor/inf2_istrue_has_spouse/assign_weight_id/run.sh
2016-06-05 14:48:25.024405 : mark_done process/grounding/factor/inf2_istrue_has_spouse/assign_weight_id
2016-06-05 14:48:25.024450 : ##############################################################################
2016-06-05 14:48:25.024494 
2016-06-05 14:48:25.024539 : ## process/grounding/factor/inf2_istrue_has_spouse/dump ######################
2016-06-05 14:48:25.024582 : # Done: 2016-06-05T14:47:25-0700 (56s ago)
2016-06-05 14:48:25.024629 : process/grounding/factor/inf2_istrue_has_spouse/dump/run.sh
2016-06-05 14:48:25.024672 : mark_done process/grounding/factor/inf2_istrue_has_spouse/dump
2016-06-05 14:48:25.024714 : ##############################################################################
2016-06-05 14:48:25.024755 
2016-06-05 14:48:25.024797 : ## process/grounding/factor/inf2_istrue_has_spouse/dump_weights ##############
2016-06-05 14:48:25.024839 : # Done: 2016-06-05T14:47:25-0700 (56s ago)
2016-06-05 14:48:25.024883 : process/grounding/factor/inf2_istrue_has_spouse/dump_weights/run.sh
2016-06-05 14:48:25.024927 : mark_done process/grounding/factor/inf2_istrue_has_spouse/dump_weights
2016-06-05 14:48:25.024972 : ##############################################################################
2016-06-05 14:48:25.025013 
2016-06-05 14:48:25.025056 : ## process/grounding/factor/inf_imply_has_spouse_has_spouse/assign_weight_id #
2016-06-05 14:48:25.025100 : # Done: 2016-06-05T14:47:25-0700 (56s ago)
2016-06-05 14:48:25.025146 : process/grounding/factor/inf_imply_has_spouse_has_spouse/assign_weight_id/run.sh
2016-06-05 14:48:25.025189 : mark_done process/grounding/factor/inf_imply_has_spouse_has_spouse/assign_weight_id
2016-06-05 14:48:25.025232 : ##############################################################################
2016-06-05 14:48:25.025275 
2016-06-05 14:48:25.025316 : ## process/grounding/factor/inf_imply_has_spouse_has_spouse/dump #############
2016-06-05 14:48:25.025360 : # Done: 2016-06-05T14:47:25-0700 (56s ago)
2016-06-05 14:48:25.025406 : process/grounding/factor/inf_imply_has_spouse_has_spouse/dump/run.sh
2016-06-05 14:48:25.025453 : mark_done process/grounding/factor/inf_imply_has_spouse_has_spouse/dump
2016-06-05 14:48:25.025498 : ##############################################################################
2016-06-05 14:48:25.025541 
2016-06-05 14:48:25.025585 : ## process/grounding/factor/inf_imply_has_spouse_has_spouse/dump_weights #####
2016-06-05 14:48:25.025628 : # Done: 2016-06-05T14:47:26-0700 (55s ago)
2016-06-05 14:48:25.025670 : process/grounding/factor/inf_imply_has_spouse_has_spouse/dump_weights/run.sh
2016-06-05 14:48:25.025715 : mark_done process/grounding/factor/inf_imply_has_spouse_has_spouse/dump_weights
2016-06-05 14:48:25.025758 : ##############################################################################
2016-06-05 14:48:25.025821 
2016-06-05 14:48:25.025866 : ## process/grounding/factor/inf_istrue_has_spouse/assign_weight_id ###########
2016-06-05 14:48:25.025911 : # Done: 2016-06-05T14:47:26-0700 (55s ago)
2016-06-05 14:48:25.025953 : process/grounding/factor/inf_istrue_has_spouse/assign_weight_id/run.sh
2016-06-05 14:48:25.025997 : mark_done process/grounding/factor/inf_istrue_has_spouse/assign_weight_id
2016-06-05 14:48:25.026041 : ##############################################################################
2016-06-05 14:48:25.026085 
2016-06-05 14:48:25.026128 : ## process/grounding/factor/inf_istrue_has_spouse/dump #######################
2016-06-05 14:48:25.026171 : # Done: 2016-06-05T14:47:27-0700 (54s ago)
2016-06-05 14:48:25.026213 : process/grounding/factor/inf_istrue_has_spouse/dump/run.sh
2016-06-05 14:48:25.026342 : mark_done process/grounding/factor/inf_istrue_has_spouse/dump
2016-06-05 14:48:25.026594 : ##############################################################################
2016-06-05 14:48:25.026643 
2016-06-05 14:48:25.026686 : ## process/grounding/factor/inf_istrue_has_spouse/dump_weights ###############
2016-06-05 14:48:25.026730 : # Done: 2016-06-05T14:47:27-0700 (54s ago)
2016-06-05 14:48:25.026775 : process/grounding/factor/inf_istrue_has_spouse/dump_weights/run.sh
2016-06-05 14:48:25.026818 : mark_done process/grounding/factor/inf_istrue_has_spouse/dump_weights
2016-06-05 14:48:25.026860 : ##############################################################################
2016-06-05 14:48:25.026902 
2016-06-05 14:48:25.026944 : ## process/grounding/global_weight_table #####################################
2016-06-05 14:48:25.026987 : # Done: 2016-06-05T14:47:28-0700 (53s ago)
2016-06-05 14:48:25.027029 : process/grounding/global_weight_table/run.sh
2016-06-05 14:48:25.027072 : mark_done process/grounding/global_weight_table
2016-06-05 14:48:25.027116 : ##############################################################################
2016-06-05 14:48:25.027160 
2016-06-05 14:48:25.027203 : ## process/grounding/variable_holdout ########################################
2016-06-05 14:48:25.027246 : # Done: 2016-06-02T23:23:26-0700 (2d 15h 24m 55s ago)
2016-06-05 14:48:25.027290 : process/grounding/variable_holdout/run.sh
2016-06-05 14:48:25.027332 : mark_done process/grounding/variable_holdout
2016-06-05 14:48:25.027375 : ##############################################################################
2016-06-05 14:48:25.027418 
2016-06-05 14:48:25.027460 : ## process/grounding/variable/has_spouse/dump ################################
2016-06-05 14:48:25.027503 : # Done: 2016-06-02T23:23:27-0700 (2d 15h 24m 54s ago)
2016-06-05 14:48:25.027546 : process/grounding/variable/has_spouse/dump/run.sh
2016-06-05 14:48:25.027589 : mark_done process/grounding/variable/has_spouse/dump
2016-06-05 14:48:25.027632 : ##############################################################################
2016-06-05 14:48:25.027676 
2016-06-05 14:48:25.027718 : ## process/grounding/combine_factorgraph #####################################
2016-06-05 14:48:25.027761 : # Done: 2016-06-05T14:47:28-0700 (53s ago)
2016-06-05 14:48:25.027987 : process/grounding/combine_factorgraph/run.sh
2016-06-05 14:48:25.028054 : mark_done process/grounding/combine_factorgraph
2016-06-05 14:48:25.028106 : ##############################################################################
2016-06-05 14:48:25.028156 
2016-06-05 14:48:25.028204 : ## model/factorgraph #########################################################
2016-06-05 14:48:25.028247 : # Done: 2016-06-05T14:47:28-0700 (53s ago)
2016-06-05 14:48:25.028291 : mark_done model/factorgraph
2016-06-05 14:48:25.028337 : ##############################################################################
2016-06-05 14:48:25.028385 
2016-06-05 14:48:25.028430 : ## process/model/learning ####################################################
2016-06-05 14:48:25.028473 : # Done: 2016-06-05T14:47:36-0700 (45s ago)
2016-06-05 14:48:25.028522 : process/model/learning/run.sh
2016-06-05 14:48:25.028588 : mark_done process/model/learning
2016-06-05 14:48:25.028636 : ##############################################################################
2016-06-05 14:48:25.028685 
2016-06-05 14:48:25.028730 : ## model/weights #############################################################
2016-06-05 14:48:25.028775 : # Done: 2016-06-05T14:47:36-0700 (45s ago)
2016-06-05 14:48:25.028819 : mark_done model/weights
2016-06-05 14:48:25.028866 : ##############################################################################
2016-06-05 14:48:25.028913 
2016-06-05 14:48:25.028958 : ## process/model/inference ###################################################
2016-06-05 14:48:25.029003 : # Done: 2016-06-05T14:47:36-0700 (45s ago)
2016-06-05 14:48:25.029052 : process/model/inference/run.sh
2016-06-05 14:48:25.029097 : mark_done process/model/inference
2016-06-05 14:48:25.029142 : ##############################################################################
2016-06-05 14:48:25.029192 
2016-06-05 14:48:25.029239 : ## model/probabilities #######################################################
2016-06-05 14:48:25.029286 : # Done: 2016-06-05T14:47:36-0700 (45s ago)
2016-06-05 14:48:25.029338 : mark_done model/probabilities
2016-06-05 14:48:25.029382 : ##############################################################################
2016-06-05 14:48:25.029426 
2016-06-05 14:48:25.029472 : ## process/model/load_probabilities ##########################################
2016-06-05 14:48:25.029520 : # Done: 2016-06-05T14:47:37-0700 (44s ago)
2016-06-05 14:48:25.029563 : process/model/load_probabilities/run.sh
2016-06-05 14:48:25.029605 : mark_done process/model/load_probabilities
2016-06-05 14:48:25.029710 : ##############################################################################
2016-06-05 14:48:25.029768 
2016-06-05 14:48:25.029809 : ## data/model/probabilities ##################################################
2016-06-05 14:48:25.029849 : # Done: 2016-06-05T14:47:37-0700 (44s ago)
2016-06-05 14:48:25.029890 : # no-op
2016-06-05 14:48:25.029981 : mark_done data/model/probabilities
2016-06-05 14:48:25.030006 : ##############################################################################
2016-06-05 14:48:25.030040 
2016-06-05 14:48:25.030071 ## process/model/calibration #################################################
2016-06-05 14:48:25.030104 : # Done: 2016-06-04T11:05:39-0700 (1d 3h 42m 42s ago)
2016-06-05 14:48:25.030136 # Done: 2016-06-04T11:05:39-0700 (1d 3h 42m 41s ago)
2016-06-05 14:48:25.030168 process/model/calibration/run.sh
2016-06-05 14:48:25.030200 ++ dirname process/model/calibration/run.sh
2016-06-05 14:48:25.030231 + cd process/model/calibration
2016-06-05 14:48:25.030264 + export DEEPDIVE_CURRENT_PROCESS_NAME=process/model/calibration
2016-06-05 14:48:25.030321 + DEEPDIVE_CURRENT_PROCESS_NAME=process/model/calibration
2016-06-05 14:48:25.030371 + d=../../../model/calibration-plots
2016-06-05 14:48:25.030415 + mkdir -p ../../../model/calibration-plots
2016-06-05 14:48:25.030457 + cd ../../../model/calibration-plots
2016-06-05 14:48:25.030497 + extraOutput=/Users/emerson/Documents/Github/deepdive/examples/coach_nba/run/20160605/144820.352482000/calibration
2016-06-05 14:48:25.030520 + mkdir -p /Users/emerson/Documents/Github/deepdive/examples/coach_nba/run/20160605/144820.352482000/calibration
2016-06-05 14:48:25.030542 + DEEPDIVE_CALIBRATION_NUM_BUCKETS=10
2016-06-05 14:48:25.030564 + deepdive db create_calibration_view has_spouse label
2016-06-05 14:48:25.172447 CREATE VIEW
2016-06-05 14:48:25.173560 + draw_calibration_plot has_spouse label
2016-06-05 14:48:25.575095 + cp -a has_spouse_label.png has_spouse_label.tsv /Users/emerson/Documents/Github/deepdive/examples/coach_nba/run/20160605/144820.352482000/calibration/
2016-06-05 14:48:25.604833 mark_done process/model/calibration
2016-06-05 14:48:25.630797 ##############################################################################
2016-06-05 14:48:25.630959 
2016-06-05 14:48:25.631017 ## model/calibration-plots ###################################################
2016-06-05 14:48:25.631056 : # Done: 2016-06-04T11:05:39-0700 (1d 3h 42m 42s ago)
2016-06-05 14:48:25.631158 # Done: 2016-06-04T11:05:39-0700 (1d 3h 42m 41s ago)
2016-06-05 14:48:25.631201 mark_done model/calibration-plots
2016-06-05 14:48:25.647555 ##############################################################################
2016-06-05 14:48:25.647625 
