2016-05-30 23:33:53.640980 # on dhcp-169-233-170-85.cruznet.ucsc.edu: deepdive do probabilities
2016-05-30 23:33:53.641424 # run/20160530/233350.799789000/plan.sh
2016-05-30 23:33:53.641461 # execution plan for data/model/probabilities
2016-05-30 23:33:53.641486 
2016-05-30 23:33:53.641508 : ## process/init/app ##########################################################
2016-05-30 23:33:53.641531 : # Done: 2016-05-22T17:21:25-0700 (8d 6h 12m 25s ago)
2016-05-30 23:33:53.641552 : process/init/app/run.sh
2016-05-30 23:33:53.641575 : mark_done process/init/app
2016-05-30 23:33:53.641597 : ##############################################################################
2016-05-30 23:33:53.641618 
2016-05-30 23:33:53.641639 : ## process/init/relation/articles ############################################
2016-05-30 23:33:53.641661 : # Done: 2016-05-23T12:16:43-0700 (7d 11h 17m 7s ago)
2016-05-30 23:33:53.641682 : process/init/relation/articles/run.sh
2016-05-30 23:33:53.641703 : mark_done process/init/relation/articles
2016-05-30 23:33:53.641726 : ##############################################################################
2016-05-30 23:33:53.641747 
2016-05-30 23:33:53.641768 : ## data/articles #############################################################
2016-05-30 23:33:53.641789 : # Done: 2016-05-23T12:16:43-0700 (7d 11h 17m 8s ago)
2016-05-30 23:33:53.641810 : # no-op
2016-05-30 23:33:53.641833 : mark_done data/articles
2016-05-30 23:33:53.641854 : ##############################################################################
2016-05-30 23:33:53.641875 
2016-05-30 23:33:53.641896 : ## process/ext_sentences_by_nlp_markup #######################################
2016-05-30 23:33:53.641918 : # Done: 2016-05-23T15:05:01-0700 (7d 8h 28m 50s ago)
2016-05-30 23:33:53.641938 : process/ext_sentences_by_nlp_markup/run.sh
2016-05-30 23:33:53.641959 : mark_done process/ext_sentences_by_nlp_markup
2016-05-30 23:33:53.641980 : ##############################################################################
2016-05-30 23:33:53.642002 
2016-05-30 23:33:53.642023 : ## data/sentences ############################################################
2016-05-30 23:33:53.642043 : # Done: 2016-05-23T15:05:01-0700 (7d 8h 28m 50s ago)
2016-05-30 23:33:53.642065 : # no-op
2016-05-30 23:33:53.642086 : mark_done data/sentences
2016-05-30 23:33:53.642108 : ##############################################################################
2016-05-30 23:33:53.642129 
2016-05-30 23:33:53.642150 : ## process/ext_person_mention_by_map_person_mention ##########################
2016-05-30 23:33:53.642171 : # Done: 2016-05-23T15:05:52-0700 (7d 8h 27m 59s ago)
2016-05-30 23:33:53.642192 : process/ext_person_mention_by_map_person_mention/run.sh
2016-05-30 23:33:53.642214 : mark_done process/ext_person_mention_by_map_person_mention
2016-05-30 23:33:53.642235 : ##############################################################################
2016-05-30 23:33:53.642257 
2016-05-30 23:33:53.642278 : ## data/person_mention #######################################################
2016-05-30 23:33:53.642300 : # Done: 2016-05-23T15:05:52-0700 (7d 8h 27m 59s ago)
2016-05-30 23:33:53.642321 : # no-op
2016-05-30 23:33:53.642342 : mark_done data/person_mention
2016-05-30 23:33:53.642363 : ##############################################################################
2016-05-30 23:33:53.642384 
2016-05-30 23:33:53.642406 : ## process/init/relation/spouses_dbpedia #####################################
2016-05-30 23:33:53.642429 : # Done: 2016-05-23T15:08:28-0700 (7d 8h 25m 23s ago)
2016-05-30 23:33:53.642451 : process/init/relation/spouses_dbpedia/run.sh
2016-05-30 23:33:53.642472 : mark_done process/init/relation/spouses_dbpedia
2016-05-30 23:33:53.642494 : ##############################################################################
2016-05-30 23:33:53.642516 
2016-05-30 23:33:53.642538 : ## data/spouses_dbpedia ######################################################
2016-05-30 23:33:53.642560 : # Done: 2016-05-23T15:08:28-0700 (7d 8h 25m 23s ago)
2016-05-30 23:33:53.642683 : # no-op
2016-05-30 23:33:53.642708 : mark_done data/spouses_dbpedia
2016-05-30 23:33:53.642731 : ##############################################################################
2016-05-30 23:33:53.642753 
2016-05-30 23:33:53.642774 : ## process/ext_team_mention_by_map_team_mention ##############################
2016-05-30 23:33:53.642796 : # Done: 2016-05-23T15:06:19-0700 (7d 8h 27m 32s ago)
2016-05-30 23:33:53.642817 : process/ext_team_mention_by_map_team_mention/run.sh
2016-05-30 23:33:53.642839 : mark_done process/ext_team_mention_by_map_team_mention
2016-05-30 23:33:53.642860 : ##############################################################################
2016-05-30 23:33:53.642881 
2016-05-30 23:33:53.642902 : ## data/team_mention #########################################################
2016-05-30 23:33:53.642924 : # Done: 2016-05-23T15:06:19-0700 (7d 8h 27m 32s ago)
2016-05-30 23:33:53.642946 : # no-op
2016-05-30 23:33:53.642964 : mark_done data/team_mention
2016-05-30 23:33:53.642984 : ##############################################################################
2016-05-30 23:33:53.643005 
2016-05-30 23:33:53.643026 : ## process/ext_num_people ####################################################
2016-05-30 23:33:53.643047 : # Done: 2016-05-23T15:06:46-0700 (7d 8h 27m 5s ago)
2016-05-30 23:33:53.643068 : process/ext_num_people/run.sh
2016-05-30 23:33:53.643089 : mark_done process/ext_num_people
2016-05-30 23:33:53.643112 : ##############################################################################
2016-05-30 23:33:53.643133 
2016-05-30 23:33:53.643152 : ## data/num_people ###########################################################
2016-05-30 23:33:53.643171 : # Done: 2016-05-23T15:06:46-0700 (7d 8h 27m 5s ago)
2016-05-30 23:33:53.643191 : # no-op
2016-05-30 23:33:53.643212 : mark_done data/num_people
2016-05-30 23:33:53.643233 : ##############################################################################
2016-05-30 23:33:53.643254 
2016-05-30 23:33:53.643275 : ## process/ext_spouse_candidate ##############################################
2016-05-30 23:33:53.643295 : # Done: 2016-05-23T15:07:38-0700 (7d 8h 26m 13s ago)
2016-05-30 23:33:53.643315 : process/ext_spouse_candidate/run.sh
2016-05-30 23:33:53.643333 : mark_done process/ext_spouse_candidate
2016-05-30 23:33:53.643353 : ##############################################################################
2016-05-30 23:33:53.643372 
2016-05-30 23:33:53.643393 : ## data/spouse_candidate #####################################################
2016-05-30 23:33:53.643413 : # Done: 2016-05-23T15:07:38-0700 (7d 8h 26m 13s ago)
2016-05-30 23:33:53.643432 : # no-op
2016-05-30 23:33:53.643452 : mark_done data/spouse_candidate
2016-05-30 23:33:53.643470 : ##############################################################################
2016-05-30 23:33:53.643489 
2016-05-30 23:33:53.643510 : ## process/ext_spouse_label__0_by_supervise ##################################
2016-05-30 23:33:53.643530 : # Done: 2016-05-23T15:08:48-0700 (7d 8h 25m 3s ago)
2016-05-30 23:33:53.643549 : process/ext_spouse_label__0_by_supervise/run.sh
2016-05-30 23:33:53.643568 : mark_done process/ext_spouse_label__0_by_supervise
2016-05-30 23:33:53.643619 : ##############################################################################
2016-05-30 23:33:53.643653 
2016-05-30 23:33:53.643677 : ## data/spouse_label__0 ######################################################
2016-05-30 23:33:53.643699 : # Done: 2016-05-23T15:08:48-0700 (7d 8h 25m 3s ago)
2016-05-30 23:33:53.643719 : # no-op
2016-05-30 23:33:53.643739 : mark_done data/spouse_label__0
2016-05-30 23:33:53.643759 : ##############################################################################
2016-05-30 23:33:53.643779 
2016-05-30 23:33:53.643801 : ## process/ext_spouse_label ##################################################
2016-05-30 23:33:53.643823 : # Done: 2016-05-23T15:08:50-0700 (7d 8h 25m 1s ago)
2016-05-30 23:33:53.643845 : process/ext_spouse_label/run.sh
2016-05-30 23:33:53.643868 : mark_done process/ext_spouse_label
2016-05-30 23:33:53.643890 : ##############################################################################
2016-05-30 23:33:53.643912 
2016-05-30 23:33:53.643934 : ## data/spouse_label #########################################################
2016-05-30 23:33:53.643957 : # Done: 2016-05-23T15:08:50-0700 (7d 8h 25m 1s ago)
2016-05-30 23:33:53.643979 : # no-op
2016-05-30 23:33:53.644001 : mark_done data/spouse_label
2016-05-30 23:33:53.644023 : ##############################################################################
2016-05-30 23:33:53.644046 
2016-05-30 23:33:53.644068 : ## process/ext_spouse_label_resolved #########################################
2016-05-30 23:33:53.644090 : # Done: 2016-05-23T15:08:50-0700 (7d 8h 25m 1s ago)
2016-05-30 23:33:53.644112 : process/ext_spouse_label_resolved/run.sh
2016-05-30 23:33:53.644134 : mark_done process/ext_spouse_label_resolved
2016-05-30 23:33:53.644154 : ##############################################################################
2016-05-30 23:33:53.644172 
2016-05-30 23:33:53.644191 : ## data/spouse_label_resolved ################################################
2016-05-30 23:33:53.644211 : # Done: 2016-05-23T15:08:50-0700 (7d 8h 25m 1s ago)
2016-05-30 23:33:53.644231 : # no-op
2016-05-30 23:33:53.644250 : mark_done data/spouse_label_resolved
2016-05-30 23:33:53.644270 : ##############################################################################
2016-05-30 23:33:53.644290 
2016-05-30 23:33:53.644310 : ## process/init/relation/spouses_dbpedia_negative ############################
2016-05-30 23:33:53.644329 : # Done: 2016-05-25T12:13:43-0700 (5d 11h 20m 8s ago)
2016-05-30 23:33:53.644348 : process/init/relation/spouses_dbpedia_negative/run.sh
2016-05-30 23:33:53.644367 : mark_done process/init/relation/spouses_dbpedia_negative
2016-05-30 23:33:53.644385 : ##############################################################################
2016-05-30 23:33:53.644402 
2016-05-30 23:33:53.644420 : ## data/spouses_dbpedia_negative #############################################
2016-05-30 23:33:53.644439 : # Done: 2016-05-25T12:13:43-0700 (5d 11h 20m 8s ago)
2016-05-30 23:33:53.644457 : # no-op
2016-05-30 23:33:53.644475 : mark_done data/spouses_dbpedia_negative
2016-05-30 23:33:53.644492 : ##############################################################################
2016-05-30 23:33:53.644511 
2016-05-30 23:33:53.644530 : ## process/ext_has_spouse ####################################################
2016-05-30 23:33:53.644548 : # Done: 2016-05-29T12:10:14-0700 (1d 11h 23m 37s ago)
2016-05-30 23:33:53.644566 : process/ext_has_spouse/run.sh
2016-05-30 23:33:53.644586 : mark_done process/ext_has_spouse
2016-05-30 23:33:53.644605 : ##############################################################################
2016-05-30 23:33:53.644624 
2016-05-30 23:33:53.644643 : ## data/has_spouse ###########################################################
2016-05-30 23:33:53.644662 : # Done: 2016-05-29T12:10:14-0700 (1d 11h 23m 37s ago)
2016-05-30 23:33:53.644680 : # no-op
2016-05-30 23:33:53.644700 : mark_done data/has_spouse
2016-05-30 23:33:53.644719 : ##############################################################################
2016-05-30 23:33:53.644738 
2016-05-30 23:33:53.644758 : ## process/grounding/variable_id_partition ###################################
2016-05-30 23:33:53.644778 : # Done: 2016-05-30T23:28:10-0700 (5m 41s ago)
2016-05-30 23:33:53.644798 : process/grounding/variable_id_partition/run.sh
2016-05-30 23:33:53.644817 : mark_done process/grounding/variable_id_partition
2016-05-30 23:33:53.644837 : ##############################################################################
2016-05-30 23:33:53.644856 
2016-05-30 23:33:53.644875 : ## process/grounding/variable/has_spouse/assign_id ###########################
2016-05-30 23:33:53.644895 : # Done: 2016-05-30T23:28:10-0700 (5m 41s ago)
2016-05-30 23:33:53.644915 : process/grounding/variable/has_spouse/assign_id/run.sh
2016-05-30 23:33:53.644935 : mark_done process/grounding/variable/has_spouse/assign_id
2016-05-30 23:33:53.644953 : ##############################################################################
2016-05-30 23:33:53.644971 
2016-05-30 23:33:53.644991 : ## process/grounding/factor/inf1_istrue_has_spouse/materialize ###############
2016-05-30 23:33:53.645010 : # Done: 2016-05-30T23:28:10-0700 (5m 41s ago)
2016-05-30 23:33:53.645029 : process/grounding/factor/inf1_istrue_has_spouse/materialize/run.sh
2016-05-30 23:33:53.645049 : mark_done process/grounding/factor/inf1_istrue_has_spouse/materialize
2016-05-30 23:33:53.645075 : ##############################################################################
2016-05-30 23:33:53.645095 
2016-05-30 23:33:53.645114 : ## process/grounding/factor/inf_imply_has_spouse_has_spouse/materialize ######
2016-05-30 23:33:53.645133 : # Done: 2016-05-30T23:28:11-0700 (5m 40s ago)
2016-05-30 23:33:53.645152 : process/grounding/factor/inf_imply_has_spouse_has_spouse/materialize/run.sh
2016-05-30 23:33:53.645172 : mark_done process/grounding/factor/inf_imply_has_spouse_has_spouse/materialize
2016-05-30 23:33:53.645192 : ##############################################################################
2016-05-30 23:33:53.645211 
2016-05-30 23:33:53.645229 : ## process/ext_spouse_feature_by_extract_spouse_features #####################
2016-05-30 23:33:53.645248 : # Done: 2016-05-23T15:08:09-0700 (7d 8h 25m 42s ago)
2016-05-30 23:33:53.645267 : process/ext_spouse_feature_by_extract_spouse_features/run.sh
2016-05-30 23:33:53.645287 : mark_done process/ext_spouse_feature_by_extract_spouse_features
2016-05-30 23:33:53.645308 : ##############################################################################
2016-05-30 23:33:53.645327 
2016-05-30 23:33:53.645345 : ## data/spouse_feature #######################################################
2016-05-30 23:33:53.645365 : # Done: 2016-05-23T15:08:09-0700 (7d 8h 25m 42s ago)
2016-05-30 23:33:53.645383 : # no-op
2016-05-30 23:33:53.645404 : mark_done data/spouse_feature
2016-05-30 23:33:53.645424 : ##############################################################################
2016-05-30 23:33:53.645443 
2016-05-30 23:33:53.645462 : ## process/grounding/factor/inf_istrue_has_spouse/materialize ################
2016-05-30 23:33:53.645483 : # Done: 2016-05-30T23:28:12-0700 (5m 39s ago)
2016-05-30 23:33:53.645503 : process/grounding/factor/inf_istrue_has_spouse/materialize/run.sh
2016-05-30 23:33:53.645522 : mark_done process/grounding/factor/inf_istrue_has_spouse/materialize
2016-05-30 23:33:53.645540 : ##############################################################################
2016-05-30 23:33:53.645558 
2016-05-30 23:33:53.645576 : ## process/grounding/weight_id_partition #####################################
2016-05-30 23:33:53.645594 : # Done: 2016-05-30T23:28:12-0700 (5m 39s ago)
2016-05-30 23:33:53.645612 : process/grounding/weight_id_partition/run.sh
2016-05-30 23:33:53.645630 : mark_done process/grounding/weight_id_partition
2016-05-30 23:33:53.645648 : ##############################################################################
2016-05-30 23:33:53.645666 
2016-05-30 23:33:53.645684 : ## process/grounding/factor/inf1_istrue_has_spouse/assign_weight_id ##########
2016-05-30 23:33:53.645702 : # Done: 2016-05-30T23:28:12-0700 (5m 39s ago)
2016-05-30 23:33:53.645720 : process/grounding/factor/inf1_istrue_has_spouse/assign_weight_id/run.sh
2016-05-30 23:33:53.645739 : mark_done process/grounding/factor/inf1_istrue_has_spouse/assign_weight_id
2016-05-30 23:33:53.645757 : ##############################################################################
2016-05-30 23:33:53.645776 
2016-05-30 23:33:53.645797 : ## process/grounding/factor/inf1_istrue_has_spouse/dump ######################
2016-05-30 23:33:53.645818 : # Done: 2016-05-30T23:28:14-0700 (5m 37s ago)
2016-05-30 23:33:53.645837 : process/grounding/factor/inf1_istrue_has_spouse/dump/run.sh
2016-05-30 23:33:53.645855 : mark_done process/grounding/factor/inf1_istrue_has_spouse/dump
2016-05-30 23:33:53.645873 : ##############################################################################
2016-05-30 23:33:53.645892 
2016-05-30 23:33:53.645912 : ## process/grounding/factor/inf1_istrue_has_spouse/dump_weights ##############
2016-05-30 23:33:53.645932 : # Done: 2016-05-30T23:28:14-0700 (5m 37s ago)
2016-05-30 23:33:53.645953 : process/grounding/factor/inf1_istrue_has_spouse/dump_weights/run.sh
2016-05-30 23:33:53.645974 : mark_done process/grounding/factor/inf1_istrue_has_spouse/dump_weights
2016-05-30 23:33:53.645993 : ##############################################################################
2016-05-30 23:33:53.646014 
2016-05-30 23:33:53.646035 : ## process/grounding/factor/inf_imply_has_spouse_has_spouse/assign_weight_id #
2016-05-30 23:33:53.646054 : # Done: 2016-05-30T23:28:14-0700 (5m 37s ago)
2016-05-30 23:33:53.646073 : process/grounding/factor/inf_imply_has_spouse_has_spouse/assign_weight_id/run.sh
2016-05-30 23:33:53.646091 : mark_done process/grounding/factor/inf_imply_has_spouse_has_spouse/assign_weight_id
2016-05-30 23:33:53.646112 : ##############################################################################
2016-05-30 23:33:53.646134 
2016-05-30 23:33:53.646154 : ## process/grounding/factor/inf_imply_has_spouse_has_spouse/dump #############
2016-05-30 23:33:53.646173 : # Done: 2016-05-30T23:28:15-0700 (5m 36s ago)
2016-05-30 23:33:53.646193 : process/grounding/factor/inf_imply_has_spouse_has_spouse/dump/run.sh
2016-05-30 23:33:53.646211 : mark_done process/grounding/factor/inf_imply_has_spouse_has_spouse/dump
2016-05-30 23:33:53.646266 : ##############################################################################
2016-05-30 23:33:53.646288 
2016-05-30 23:33:53.646308 : ## process/grounding/factor/inf_imply_has_spouse_has_spouse/dump_weights #####
2016-05-30 23:33:53.646328 : # Done: 2016-05-30T23:28:15-0700 (5m 36s ago)
2016-05-30 23:33:53.646347 : process/grounding/factor/inf_imply_has_spouse_has_spouse/dump_weights/run.sh
2016-05-30 23:33:53.646366 : mark_done process/grounding/factor/inf_imply_has_spouse_has_spouse/dump_weights
2016-05-30 23:33:53.646386 : ##############################################################################
2016-05-30 23:33:53.646405 
2016-05-30 23:33:53.646424 : ## process/grounding/factor/inf_istrue_has_spouse/assign_weight_id ###########
2016-05-30 23:33:53.646444 : # Done: 2016-05-30T23:28:15-0700 (5m 36s ago)
2016-05-30 23:33:53.646463 : process/grounding/factor/inf_istrue_has_spouse/assign_weight_id/run.sh
2016-05-30 23:33:53.646483 : mark_done process/grounding/factor/inf_istrue_has_spouse/assign_weight_id
2016-05-30 23:33:53.646503 : ##############################################################################
2016-05-30 23:33:53.646523 
2016-05-30 23:33:53.646544 : ## process/grounding/factor/inf_istrue_has_spouse/dump #######################
2016-05-30 23:33:53.646565 : # Done: 2016-05-30T23:28:17-0700 (5m 34s ago)
2016-05-30 23:33:53.646586 : process/grounding/factor/inf_istrue_has_spouse/dump/run.sh
2016-05-30 23:33:53.646606 : mark_done process/grounding/factor/inf_istrue_has_spouse/dump
2016-05-30 23:33:53.646625 : ##############################################################################
2016-05-30 23:33:53.646646 
2016-05-30 23:33:53.646729 : ## process/grounding/factor/inf_istrue_has_spouse/dump_weights ###############
2016-05-30 23:33:53.646759 : # Done: 2016-05-30T23:28:17-0700 (5m 34s ago)
2016-05-30 23:33:53.646780 : process/grounding/factor/inf_istrue_has_spouse/dump_weights/run.sh
2016-05-30 23:33:53.646799 : mark_done process/grounding/factor/inf_istrue_has_spouse/dump_weights
2016-05-30 23:33:53.646817 : ##############################################################################
2016-05-30 23:33:53.646835 
2016-05-30 23:33:53.646854 : ## process/grounding/global_weight_table #####################################
2016-05-30 23:33:53.646871 : # Done: 2016-05-30T23:28:17-0700 (5m 34s ago)
2016-05-30 23:33:53.646889 : process/grounding/global_weight_table/run.sh
2016-05-30 23:33:53.646907 : mark_done process/grounding/global_weight_table
2016-05-30 23:33:53.646925 : ##############################################################################
2016-05-30 23:33:53.646943 
2016-05-30 23:33:53.646961 : ## process/grounding/variable_holdout ########################################
2016-05-30 23:33:53.646981 : # Done: 2016-05-30T23:28:18-0700 (5m 33s ago)
2016-05-30 23:33:53.646999 : process/grounding/variable_holdout/run.sh
2016-05-30 23:33:53.647018 : mark_done process/grounding/variable_holdout
2016-05-30 23:33:53.647036 : ##############################################################################
2016-05-30 23:33:53.647136 
2016-05-30 23:33:53.647159 : ## process/grounding/variable/has_spouse/dump ################################
2016-05-30 23:33:53.647179 : # Done: 2016-05-30T23:28:18-0700 (5m 33s ago)
2016-05-30 23:33:53.647197 : process/grounding/variable/has_spouse/dump/run.sh
2016-05-30 23:33:53.647215 : mark_done process/grounding/variable/has_spouse/dump
2016-05-30 23:33:53.647233 : ##############################################################################
2016-05-30 23:33:53.647251 
2016-05-30 23:33:53.647269 : ## process/grounding/combine_factorgraph #####################################
2016-05-30 23:33:53.647288 : # Done: 2016-05-30T23:28:18-0700 (5m 33s ago)
2016-05-30 23:33:53.647307 : process/grounding/combine_factorgraph/run.sh
2016-05-30 23:33:53.647325 : mark_done process/grounding/combine_factorgraph
2016-05-30 23:33:53.647343 : ##############################################################################
2016-05-30 23:33:53.647361 
2016-05-30 23:33:53.647379 : ## model/factorgraph #########################################################
2016-05-30 23:33:53.647398 : # Done: 2016-05-30T23:28:34-0700 (5m 17s ago)
2016-05-30 23:33:53.647416 : mark_done model/factorgraph
2016-05-30 23:33:53.647434 : ##############################################################################
2016-05-30 23:33:53.647452 
2016-05-30 23:33:53.647470 : ## process/model/learning ####################################################
2016-05-30 23:33:53.647490 : # Done: 2016-05-30T23:28:48-0700 (5m 4s ago)
2016-05-30 23:33:53.647507 : process/model/learning/run.sh
2016-05-30 23:33:53.647525 : mark_done process/model/learning
2016-05-30 23:33:53.647545 : ##############################################################################
2016-05-30 23:33:53.647563 
2016-05-30 23:33:53.647581 : ## model/weights #############################################################
2016-05-30 23:33:53.647599 : # Done: 2016-05-30T23:28:48-0700 (5m 4s ago)
2016-05-30 23:33:53.647618 : mark_done model/weights
2016-05-30 23:33:53.647636 : ##############################################################################
2016-05-30 23:33:53.647655 
2016-05-30 23:33:53.647674 : ## process/model/inference ###################################################
2016-05-30 23:33:53.647692 : # Done: 2016-05-30T23:29:55-0700 (3m 57s ago)
2016-05-30 23:33:53.647710 : process/model/inference/run.sh
2016-05-30 23:33:53.647730 : mark_done process/model/inference
2016-05-30 23:33:53.647748 : ##############################################################################
2016-05-30 23:33:53.647766 
2016-05-30 23:33:53.647784 : ## model/probabilities #######################################################
2016-05-30 23:33:53.647802 : # Done: 2016-05-30T23:29:55-0700 (3m 57s ago)
2016-05-30 23:33:53.647820 : mark_done model/probabilities
2016-05-30 23:33:53.647837 : ##############################################################################
2016-05-30 23:33:53.647855 
2016-05-30 23:33:53.647873 ## process/model/load_probabilities ##########################################
2016-05-30 23:33:53.647891 : # Done: 2016-05-30T23:29:56-0700 (3m 56s ago)
2016-05-30 23:33:53.647909 # Done: 2016-05-30T23:29:56-0700 (3m 54s ago)
2016-05-30 23:33:53.647926 process/model/load_probabilities/run.sh
2016-05-30 23:33:53.647944 ++ dirname process/model/load_probabilities/run.sh
2016-05-30 23:33:53.647962 + cd process/model/load_probabilities
2016-05-30 23:33:53.647980 + export DEEPDIVE_CURRENT_PROCESS_NAME=process/model/load_probabilities
2016-05-30 23:33:53.647997 + DEEPDIVE_CURRENT_PROCESS_NAME=process/model/load_probabilities
2016-05-30 23:33:53.648015 + mkdir -p ../../../model
2016-05-30 23:33:53.648033 + cd ../../../model
2016-05-30 23:33:53.648051 + deepdive create table dd_inference_result_variables id:BIGINT category:BIGINT 'expectation:DOUBLE PRECISION'
2016-05-30 23:33:53.855380 CREATE TABLE
2016-05-30 23:33:53.857359 + cat probabilities/inference_result.out.text
2016-05-30 23:33:53.857423 + tr ' ' '\t'
2016-05-30 23:33:53.857600 + DEEPDIVE_LOAD_FORMAT=tsv
2016-05-30 23:33:53.857642 + deepdive load dd_inference_result_variables /dev/stdin
2016-05-30 23:33:53.971067 Loading dd_inference_result_variables from /dev/stdin (tsv format)
2016-05-30 23:33:54.018547 COPY 3211
2016-05-30 23:33:54.027694 + deepdive create view has_spouse_label_inference as '
2016-05-30 23:33:54.027747                 SELECT has_spouse.*, mir.category, mir.expectation FROM
2016-05-30 23:33:54.027768                 has_spouse, dd_inference_result_variables mir
2016-05-30 23:33:54.027816                 WHERE has_spouse.id = mir.id
2016-05-30 23:33:54.027846                 ORDER BY mir.expectation DESC
2016-05-30 23:33:54.027869                 '
2016-05-30 23:33:54.178775 CREATE VIEW
2016-05-30 23:33:54.180116 mark_done process/model/load_probabilities
2016-05-30 23:33:54.198008 ##############################################################################
2016-05-30 23:33:54.198057 
2016-05-30 23:33:54.198075 ## data/model/probabilities ##################################################
2016-05-30 23:33:54.198098 : # Done: 2016-05-30T23:29:56-0700 (3m 56s ago)
2016-05-30 23:33:54.198121 # Done: 2016-05-30T23:29:56-0700 (3m 54s ago)
2016-05-30 23:33:54.198158 # no-op
2016-05-30 23:33:54.198233 mark_done data/model/probabilities
2016-05-30 23:33:54.216569 ##############################################################################
2016-05-30 23:33:54.216665 
