2016-05-20 18:17:08.003970 # on dhcp-169-233-138-157.cruznet.ucsc.edu: deepdive do team_mention
2016-05-20 18:17:08.004331 # run/20160520/181706.270988000/plan.sh
2016-05-20 18:17:08.004364 # execution plan for data/team_mention
2016-05-20 18:17:08.004399 
2016-05-20 18:17:08.004423 : ## process/init/app ##########################################################
2016-05-20 18:17:08.004444 : # Done: 2016-05-20T15:47:44-0700 (2h 29m 22s ago)
2016-05-20 18:17:08.004485 : process/init/app/run.sh
2016-05-20 18:17:08.004508 : mark_done process/init/app
2016-05-20 18:17:08.004530 : ##############################################################################
2016-05-20 18:17:08.004553 
2016-05-20 18:17:08.004573 : ## process/init/relation/articles ############################################
2016-05-20 18:17:08.004595 : # Done: 2016-05-20T18:03:05-0700 (14m 1s ago)
2016-05-20 18:17:08.004616 : process/init/relation/articles/run.sh
2016-05-20 18:17:08.004636 : mark_done process/init/relation/articles
2016-05-20 18:17:08.004657 : ##############################################################################
2016-05-20 18:17:08.004676 
2016-05-20 18:17:08.004695 : ## data/articles #############################################################
2016-05-20 18:17:08.004715 : # Done: 2016-05-20T18:03:05-0700 (14m 1s ago)
2016-05-20 18:17:08.004737 : # no-op
2016-05-20 18:17:08.004759 : mark_done data/articles
2016-05-20 18:17:08.004781 : ##############################################################################
2016-05-20 18:17:08.004802 
2016-05-20 18:17:08.004823 : ## process/ext_sentences_by_nlp_markup #######################################
2016-05-20 18:17:08.004846 : # Done: 2016-05-20T18:04:33-0700 (12m 33s ago)
2016-05-20 18:17:08.004872 : process/ext_sentences_by_nlp_markup/run.sh
2016-05-20 18:17:08.004903 : mark_done process/ext_sentences_by_nlp_markup
2016-05-20 18:17:08.004926 : ##############################################################################
2016-05-20 18:17:08.004948 
2016-05-20 18:17:08.004969 : ## data/sentences ############################################################
2016-05-20 18:17:08.004992 : # Done: 2016-05-20T18:04:33-0700 (12m 33s ago)
2016-05-20 18:17:08.005013 : # no-op
2016-05-20 18:17:08.005034 : mark_done data/sentences
2016-05-20 18:17:08.005055 : ##############################################################################
2016-05-20 18:17:08.005077 
2016-05-20 18:17:08.005099 ## process/ext_team_mention_by_map_team_mention ##############################
2016-05-20 18:17:08.005120 # Done: N/A
2016-05-20 18:17:08.005143 process/ext_team_mention_by_map_team_mention/run.sh
2016-05-20 18:17:08.005166 ++ dirname process/ext_team_mention_by_map_team_mention/run.sh
2016-05-20 18:17:08.005188 + cd process/ext_team_mention_by_map_team_mention
2016-05-20 18:17:08.005209 + export DEEPDIVE_CURRENT_PROCESS_NAME=process/ext_team_mention_by_map_team_mention
2016-05-20 18:17:08.005231 + DEEPDIVE_CURRENT_PROCESS_NAME=process/ext_team_mention_by_map_team_mention
2016-05-20 18:17:08.005253 + export DEEPDIVE_LOAD_FORMAT=tsv
2016-05-20 18:17:08.005275 + DEEPDIVE_LOAD_FORMAT=tsv
2016-05-20 18:17:08.005300 + deepdive compute execute 'input_sql= SELECT R0.doc_id AS "sentences.R0.doc_id", R0.sentence_index AS "sentences.R0.sentence_index", R0.tokens AS "sentences.R0.tokens", R0.ner_tags AS "sentences.R0.ner_tags"
2016-05-20 18:17:08.005323 FROM sentences R0
2016-05-20 18:17:08.005344         
2016-05-20 18:17:08.005374           ' 'command="$DEEPDIVE_APP"/udf/map_team_mention.py' output_relation=team_mention
2016-05-20 18:17:08.049660 Executing with the following configuration:
2016-05-20 18:17:08.049734  DEEPDIVE_NUM_PROCESSES=3
2016-05-20 18:17:08.049761  DEEPDIVE_NUM_PARALLEL_UNLOADS=1
2016-05-20 18:17:08.049783  DEEPDIVE_NUM_PARALLEL_LOADS=1
2016-05-20 18:17:08.049911  output_relation_tmp=dd_tmp_team_mention
2016-05-20 18:17:08.049943 
2016-05-20 18:17:08.202181 [ERROR] team_mention: No such table defined in schema
