2016-05-21 14:32:48.235509 # on dhcp-169-233-138-157.cruznet.ucsc.edu: deepdive do has_spouse
2016-05-21 14:32:48.236257 # run/20160521/143244.956604000/plan.sh
2016-05-21 14:32:48.236296 # execution plan for data/has_spouse
2016-05-21 14:32:48.236315 
2016-05-21 14:32:48.236333 : ## process/init/app ##########################################################
2016-05-21 14:32:48.236351 : # Done: 2016-05-20T15:47:44-0700 (22h 45m 1s ago)
2016-05-21 14:32:48.236370 : process/init/app/run.sh
2016-05-21 14:32:48.236389 : mark_done process/init/app
2016-05-21 14:32:48.236409 : ##############################################################################
2016-05-21 14:32:48.236428 
2016-05-21 14:32:48.236447 : ## process/init/relation/articles ############################################
2016-05-21 14:32:48.236466 : # Done: 2016-05-20T19:16:48-0700 (19h 15m 57s ago)
2016-05-21 14:32:48.236484 : process/init/relation/articles/run.sh
2016-05-21 14:32:48.236502 : mark_done process/init/relation/articles
2016-05-21 14:32:48.236520 : ##############################################################################
2016-05-21 14:32:48.236536 
2016-05-21 14:32:48.236552 : ## data/articles #############################################################
2016-05-21 14:32:48.236569 : # Done: 2016-05-20T19:16:48-0700 (19h 15m 57s ago)
2016-05-21 14:32:48.236684 : # no-op
2016-05-21 14:32:48.236924 : mark_done data/articles
2016-05-21 14:32:48.236954 : ##############################################################################
2016-05-21 14:32:48.236974 
2016-05-21 14:32:48.236994 : ## process/ext_sentences_by_nlp_markup #######################################
2016-05-21 14:32:48.237012 : # Done: 2016-05-20T19:20:04-0700 (19h 12m 41s ago)
2016-05-21 14:32:48.237029 : process/ext_sentences_by_nlp_markup/run.sh
2016-05-21 14:32:48.237048 : mark_done process/ext_sentences_by_nlp_markup
2016-05-21 14:32:48.237067 : ##############################################################################
2016-05-21 14:32:48.237084 
2016-05-21 14:32:48.237103 : ## data/sentences ############################################################
2016-05-21 14:32:48.237123 : # Done: 2016-05-20T19:20:04-0700 (19h 12m 41s ago)
2016-05-21 14:32:48.237144 : # no-op
2016-05-21 14:32:48.237162 : mark_done data/sentences
2016-05-21 14:32:48.237182 : ##############################################################################
2016-05-21 14:32:48.237200 
2016-05-21 14:32:48.237218 : ## process/ext_person_mention_by_map_person_mention ##########################
2016-05-21 14:32:48.237234 : # Done: 2016-05-20T20:58:22-0700 (17h 34m 23s ago)
2016-05-21 14:32:48.237252 : process/ext_person_mention_by_map_person_mention/run.sh
2016-05-21 14:32:48.237270 : mark_done process/ext_person_mention_by_map_person_mention
2016-05-21 14:32:48.237289 : ##############################################################################
2016-05-21 14:32:48.237307 
2016-05-21 14:32:48.237326 : ## data/person_mention #######################################################
2016-05-21 14:32:48.237344 : # Done: 2016-05-20T20:58:22-0700 (17h 34m 23s ago)
2016-05-21 14:32:48.237362 : # no-op
2016-05-21 14:32:48.237380 : mark_done data/person_mention
2016-05-21 14:32:48.237396 : ##############################################################################
2016-05-21 14:32:48.237413 
2016-05-21 14:32:48.237432 : ## process/ext_num_people ####################################################
2016-05-21 14:32:48.237451 : # Done: 2016-05-20T21:35:41-0700 (16h 57m 4s ago)
2016-05-21 14:32:48.237469 : process/ext_num_people/run.sh
2016-05-21 14:32:48.237486 : mark_done process/ext_num_people
2016-05-21 14:32:48.237503 : ##############################################################################
2016-05-21 14:32:48.237520 
2016-05-21 14:32:48.237537 : ## data/num_people ###########################################################
2016-05-21 14:32:48.237554 : # Done: 2016-05-20T21:35:41-0700 (16h 57m 4s ago)
2016-05-21 14:32:48.237571 : # no-op
2016-05-21 14:32:48.237587 : mark_done data/num_people
2016-05-21 14:32:48.237605 : ##############################################################################
2016-05-21 14:32:48.237623 
2016-05-21 14:32:48.237640 : ## process/ext_team_mention_by_map_team_mention ##############################
2016-05-21 14:32:48.237657 : # Done: 2016-05-20T21:23:06-0700 (17h 9m 39s ago)
2016-05-21 14:32:48.237677 : process/ext_team_mention_by_map_team_mention/run.sh
2016-05-21 14:32:48.237695 : mark_done process/ext_team_mention_by_map_team_mention
2016-05-21 14:32:48.237712 : ##############################################################################
2016-05-21 14:32:48.237730 
2016-05-21 14:32:48.237747 : ## data/team_mention #########################################################
2016-05-21 14:32:48.237770 : # Done: 2016-05-20T22:05:04-0700 (16h 27m 41s ago)
2016-05-21 14:32:48.237789 : # no-op
2016-05-21 14:32:48.237807 : mark_done data/team_mention
2016-05-21 14:32:48.237825 : ##############################################################################
2016-05-21 14:32:48.237842 
2016-05-21 14:32:48.237859 : ## process/ext_spouse_candidate ##############################################
2016-05-21 14:32:48.237877 : # Done: 2016-05-20T22:17:52-0700 (16h 14m 53s ago)
2016-05-21 14:32:48.237894 : process/ext_spouse_candidate/run.sh
2016-05-21 14:32:48.237912 : mark_done process/ext_spouse_candidate
2016-05-21 14:32:48.237930 : ##############################################################################
2016-05-21 14:32:48.237949 
2016-05-21 14:32:48.237966 : ## data/spouse_candidate #####################################################
2016-05-21 14:32:48.237984 : # Done: 2016-05-20T22:17:52-0700 (16h 14m 53s ago)
2016-05-21 14:32:48.238003 : # no-op
2016-05-21 14:32:48.238023 : mark_done data/spouse_candidate
2016-05-21 14:32:48.238041 : ##############################################################################
2016-05-21 14:32:48.238060 
2016-05-21 14:32:48.238077 : ## process/ext_spouse_label__0_by_supervise ##################################
2016-05-21 14:32:48.238095 : # Done: 2016-05-20T22:17:53-0700 (16h 14m 52s ago)
2016-05-21 14:32:48.238112 : process/ext_spouse_label__0_by_supervise/run.sh
2016-05-21 14:32:48.238129 : mark_done process/ext_spouse_label__0_by_supervise
2016-05-21 14:32:48.238204 : ##############################################################################
2016-05-21 14:32:48.238315 
2016-05-21 14:32:48.238340 : ## data/spouse_label__0 ######################################################
2016-05-21 14:32:48.238366 : # Done: 2016-05-20T22:17:53-0700 (16h 14m 52s ago)
2016-05-21 14:32:48.238426 : # no-op
2016-05-21 14:32:48.238446 : mark_done data/spouse_label__0
2016-05-21 14:32:48.238464 : ##############################################################################
2016-05-21 14:32:48.238482 
2016-05-21 14:32:48.238499 : ## process/init/relation/spouses_dbpedia #####################################
2016-05-21 14:32:48.238516 : # Done: 2016-05-21T12:09:26-0700 (2h 23m 19s ago)
2016-05-21 14:32:48.238533 : process/init/relation/spouses_dbpedia/run.sh
2016-05-21 14:32:48.238553 : mark_done process/init/relation/spouses_dbpedia
2016-05-21 14:32:48.238572 : ##############################################################################
2016-05-21 14:32:48.238590 
2016-05-21 14:32:48.238608 : ## data/spouses_dbpedia ######################################################
2016-05-21 14:32:48.238627 : # Done: 2016-05-21T12:09:26-0700 (2h 23m 19s ago)
2016-05-21 14:32:48.238644 : # no-op
2016-05-21 14:32:48.238664 : mark_done data/spouses_dbpedia
2016-05-21 14:32:48.238685 : ##############################################################################
2016-05-21 14:32:48.238703 
2016-05-21 14:32:48.238720 ## process/ext_spouse_label ##################################################
2016-05-21 14:32:48.238737 # Done: 2016-05-20T22:17:55-0700 (16h 14m 50s ago)
2016-05-21 14:32:48.238755 process/ext_spouse_label/run.sh
2016-05-21 14:32:48.238772 ++ dirname process/ext_spouse_label/run.sh
2016-05-21 14:32:48.238790 + cd process/ext_spouse_label
2016-05-21 14:32:48.238809 + export DEEPDIVE_CURRENT_PROCESS_NAME=process/ext_spouse_label
2016-05-21 14:32:48.238828 + DEEPDIVE_CURRENT_PROCESS_NAME=process/ext_spouse_label
2016-05-21 14:32:48.238847 + deepdive create table spouse_label
2016-05-21 14:32:48.882467 CREATE TABLE
2016-05-21 14:32:48.884135 + deepdive sql 'INSERT INTO spouse_label SELECT R0.p_id AS "spouse_candidate.R0.p_id", R0.t_id AS "spouse_candidate.R0.t_id", 0 AS column_2, NULL AS column_3
2016-05-21 14:32:48.884219 FROM spouse_candidate R0
2016-05-21 14:32:48.884259         
2016-05-21 14:32:48.884295 UNION ALL
2016-05-21 14:32:48.884329 SELECT R0.p_id AS "spouse_candidate.R0.p_id", R0.t_id AS "spouse_candidate.R0.t_id", 1 AS column_2, '\''from_dbpedia'\'' AS column_3
2016-05-21 14:32:48.884387 FROM spouse_candidate R0, spouses_dbpedia R1
2016-05-21 14:32:48.884442         WHERE ((lower(R1.p_name) = lower(R0.p_name) AND lower(R1.t_name) = lower(R0.p_name)) OR (lower(R1.t_name) = lower(R0.t_name) AND lower(R1.p_name) = lower(R0.t_name)))
2016-05-21 14:32:48.884480 UNION ALL
2016-05-21 14:32:48.884516 SELECT R0.p_id AS "spouse_label__0.R0.p_id", R0.t_id AS "spouse_label__0.R0.t_id", R0.label AS "spouse_label__0.R0.label", R0.rule_id AS "spouse_label__0.R0.rule_id"
2016-05-21 14:32:48.884550 FROM spouse_label__0 R0
2016-05-21 14:32:48.884585         '
2016-05-21 14:32:49.040222 ERROR:  column r0.p_id does not exist
2016-05-21 14:32:49.040342 LINE 9: SELECT R0.p_id AS "spouse_label__0.R0.p_id", R0.t_id AS "spo...
2016-05-21 14:32:49.040408                ^
2016-05-21 14:32:49.040458 HINT:  Perhaps you meant to reference the column "r0.p1_id" or the column "r0.p2_id".
