2016-05-23 11:12:31.669692 # on dhcp-169-233-164-19.cruznet.ucsc.edu: deepdive do probabilities
2016-05-23 11:12:31.670141 # run/20160523/111228.670435000/plan.sh
2016-05-23 11:12:31.670181 # execution plan for data/model/probabilities
2016-05-23 11:12:31.670203 
2016-05-23 11:12:31.670226 : ## process/init/app ##########################################################
2016-05-23 11:12:31.670248 : # Done: 2016-05-22T17:21:25-0700 (17h 51m 4s ago)
2016-05-23 11:12:31.670315 : process/init/app/run.sh
2016-05-23 11:12:31.670345 : mark_done process/init/app
2016-05-23 11:12:31.670410 : ##############################################################################
2016-05-23 11:12:31.670433 
2016-05-23 11:12:31.670455 : ## process/init/relation/articles ############################################
2016-05-23 11:12:31.670477 : # Done: 2016-05-22T17:23:58-0700 (17h 48m 31s ago)
2016-05-23 11:12:31.670497 : process/init/relation/articles/run.sh
2016-05-23 11:12:31.670517 : mark_done process/init/relation/articles
2016-05-23 11:12:31.670537 : ##############################################################################
2016-05-23 11:12:31.670555 
2016-05-23 11:12:31.670573 : ## data/articles #############################################################
2016-05-23 11:12:31.670592 : # Done: 2016-05-22T17:23:58-0700 (17h 48m 31s ago)
2016-05-23 11:12:31.670648 : # no-op
2016-05-23 11:12:31.670673 : mark_done data/articles
2016-05-23 11:12:31.670696 : ##############################################################################
2016-05-23 11:12:31.670716 
2016-05-23 11:12:31.670736 : ## process/ext_sentences_by_nlp_markup #######################################
2016-05-23 11:12:31.670753 : # Done: 2016-05-22T17:25:59-0700 (17h 46m 30s ago)
2016-05-23 11:12:31.670772 : process/ext_sentences_by_nlp_markup/run.sh
2016-05-23 11:12:31.670823 : mark_done process/ext_sentences_by_nlp_markup
2016-05-23 11:12:31.670860 : ##############################################################################
2016-05-23 11:12:31.670898 
2016-05-23 11:12:31.670922 : ## data/sentences ############################################################
2016-05-23 11:12:31.670945 : # Done: 2016-05-22T17:26:00-0700 (17h 46m 29s ago)
2016-05-23 11:12:31.670966 : # no-op
2016-05-23 11:12:31.670987 : mark_done data/sentences
2016-05-23 11:12:31.671043 : ##############################################################################
2016-05-23 11:12:31.671067 
2016-05-23 11:12:31.671087 : ## process/ext_person_mention_by_map_person_mention ##########################
2016-05-23 11:12:31.671108 : # Done: 2016-05-22T17:26:11-0700 (17h 46m 18s ago)
2016-05-23 11:12:31.671127 : process/ext_person_mention_by_map_person_mention/run.sh
2016-05-23 11:12:31.671147 : mark_done process/ext_person_mention_by_map_person_mention
2016-05-23 11:12:31.671167 : ##############################################################################
2016-05-23 11:12:31.671186 
2016-05-23 11:12:31.671205 : ## data/person_mention #######################################################
2016-05-23 11:12:31.671356 : # Done: 2016-05-22T17:26:11-0700 (17h 46m 18s ago)
2016-05-23 11:12:31.671389 : # no-op
2016-05-23 11:12:31.671411 : mark_done data/person_mention
2016-05-23 11:12:31.671430 : ##############################################################################
2016-05-23 11:12:31.671448 
2016-05-23 11:12:31.671467 : ## process/init/relation/spouses_dbpedia #####################################
2016-05-23 11:12:31.671488 : # Done: 2016-05-22T17:27:17-0700 (17h 45m 12s ago)
2016-05-23 11:12:31.671508 : process/init/relation/spouses_dbpedia/run.sh
2016-05-23 11:12:31.671529 : mark_done process/init/relation/spouses_dbpedia
2016-05-23 11:12:31.671550 : ##############################################################################
2016-05-23 11:12:31.671571 
2016-05-23 11:12:31.671593 : ## data/spouses_dbpedia ######################################################
2016-05-23 11:12:31.671612 : # Done: 2016-05-22T17:27:17-0700 (17h 45m 12s ago)
2016-05-23 11:12:31.671682 : # no-op
2016-05-23 11:12:31.671709 : mark_done data/spouses_dbpedia
2016-05-23 11:12:31.671754 : ##############################################################################
2016-05-23 11:12:31.671796 
2016-05-23 11:12:31.671821 : ## process/ext_team_mention_by_map_team_mention ##############################
2016-05-23 11:12:31.671867 : # Done: 2016-05-22T17:26:26-0700 (17h 46m 3s ago)
2016-05-23 11:12:31.671900 : process/ext_team_mention_by_map_team_mention/run.sh
2016-05-23 11:12:31.671924 : mark_done process/ext_team_mention_by_map_team_mention
2016-05-23 11:12:31.671943 : ##############################################################################
2016-05-23 11:12:31.671962 
2016-05-23 11:12:31.671983 : ## data/team_mention #########################################################
2016-05-23 11:12:31.672003 : # Done: 2016-05-22T17:26:26-0700 (17h 46m 3s ago)
2016-05-23 11:12:31.672022 : # no-op
2016-05-23 11:12:31.672040 : mark_done data/team_mention
2016-05-23 11:12:31.672091 : ##############################################################################
2016-05-23 11:12:31.672117 
2016-05-23 11:12:31.672138 : ## process/ext_num_people ####################################################
2016-05-23 11:12:31.672158 : # Done: 2016-05-22T17:26:40-0700 (17h 45m 49s ago)
2016-05-23 11:12:31.672178 : process/ext_num_people/run.sh
2016-05-23 11:12:31.672213 : mark_done process/ext_num_people
2016-05-23 11:12:31.672242 : ##############################################################################
2016-05-23 11:12:31.672264 
2016-05-23 11:12:31.672283 : ## data/num_people ###########################################################
2016-05-23 11:12:31.672329 : # Done: 2016-05-22T17:26:40-0700 (17h 45m 49s ago)
2016-05-23 11:12:31.672365 : # no-op
2016-05-23 11:12:31.672391 : mark_done data/num_people
2016-05-23 11:12:31.672411 : ##############################################################################
2016-05-23 11:12:31.672443 
2016-05-23 11:12:31.672478 : ## process/ext_spouse_candidate ##############################################
2016-05-23 11:12:31.672526 : # Done: 2016-05-22T17:26:40-0700 (17h 45m 49s ago)
2016-05-23 11:12:31.672597 : process/ext_spouse_candidate/run.sh
2016-05-23 11:12:31.672622 : mark_done process/ext_spouse_candidate
2016-05-23 11:12:31.672643 : ##############################################################################
2016-05-23 11:12:31.672665 
2016-05-23 11:12:31.672715 : ## data/spouse_candidate #####################################################
2016-05-23 11:12:31.672745 : # Done: 2016-05-22T17:26:40-0700 (17h 45m 49s ago)
2016-05-23 11:12:31.672769 : # no-op
2016-05-23 11:12:31.672792 : mark_done data/spouse_candidate
2016-05-23 11:12:31.672812 : ##############################################################################
2016-05-23 11:12:31.672835 
2016-05-23 11:12:31.672854 : ## process/ext_spouse_label__0_by_supervise ##################################
2016-05-23 11:12:31.672873 : # Done: 2016-05-22T17:27:35-0700 (17h 44m 54s ago)
2016-05-23 11:12:31.672924 : process/ext_spouse_label__0_by_supervise/run.sh
2016-05-23 11:12:31.672953 : mark_done process/ext_spouse_label__0_by_supervise
2016-05-23 11:12:31.672976 : ##############################################################################
2016-05-23 11:12:31.672997 
2016-05-23 11:12:31.673019 : ## data/spouse_label__0 ######################################################
2016-05-23 11:12:31.673039 : # Done: 2016-05-22T17:27:35-0700 (17h 44m 54s ago)
2016-05-23 11:12:31.673059 : # no-op
2016-05-23 11:12:31.673080 : mark_done data/spouse_label__0
2016-05-23 11:12:31.673102 : ##############################################################################
2016-05-23 11:12:31.673123 
2016-05-23 11:12:31.673144 : ## process/ext_spouse_label ##################################################
2016-05-23 11:12:31.673221 : # Done: 2016-05-22T17:27:36-0700 (17h 44m 53s ago)
2016-05-23 11:12:31.673247 : process/ext_spouse_label/run.sh
2016-05-23 11:12:31.673268 : mark_done process/ext_spouse_label
2016-05-23 11:12:31.673288 : ##############################################################################
2016-05-23 11:12:31.673307 
2016-05-23 11:12:31.673359 : ## data/spouse_label #########################################################
2016-05-23 11:12:31.673396 : # Done: 2016-05-22T17:27:36-0700 (17h 44m 53s ago)
2016-05-23 11:12:31.673454 : # no-op
2016-05-23 11:12:31.673481 : mark_done data/spouse_label
2016-05-23 11:12:31.673503 : ##############################################################################
2016-05-23 11:12:31.673522 
2016-05-23 11:12:31.673543 : ## process/ext_spouse_label_resolved #########################################
2016-05-23 11:12:31.673597 : # Done: 2016-05-22T17:27:36-0700 (17h 44m 53s ago)
2016-05-23 11:12:31.673624 : process/ext_spouse_label_resolved/run.sh
2016-05-23 11:12:31.673645 : mark_done process/ext_spouse_label_resolved
2016-05-23 11:12:31.673668 : ##############################################################################
2016-05-23 11:12:31.673690 
2016-05-23 11:12:31.673711 : ## data/spouse_label_resolved ################################################
2016-05-23 11:12:31.673770 : # Done: 2016-05-22T17:27:36-0700 (17h 44m 53s ago)
2016-05-23 11:12:31.673803 : # no-op
2016-05-23 11:12:31.673847 : mark_done data/spouse_label_resolved
2016-05-23 11:12:31.673870 : ##############################################################################
2016-05-23 11:12:31.673892 
2016-05-23 11:12:31.673913 : ## process/ext_has_spouse ####################################################
2016-05-23 11:12:31.673935 : # Done: 2016-05-23T11:11:46-0700 (43s ago)
2016-05-23 11:12:31.673956 : process/ext_has_spouse/run.sh
2016-05-23 11:12:31.673975 : mark_done process/ext_has_spouse
2016-05-23 11:12:31.674027 : ##############################################################################
2016-05-23 11:12:31.674055 
2016-05-23 11:12:31.674079 : ## data/has_spouse ###########################################################
2016-05-23 11:12:31.674101 : # Done: 2016-05-23T11:11:46-0700 (43s ago)
2016-05-23 11:12:31.674122 : # no-op
2016-05-23 11:12:31.674143 : mark_done data/has_spouse
2016-05-23 11:12:31.674166 : ##############################################################################
2016-05-23 11:12:31.674187 
2016-05-23 11:12:31.674207 ## process/grounding/variable_id_partition ###################################
2016-05-23 11:12:31.674226 : # Done: 2016-05-22T17:28:04-0700 (17h 44m 25s ago)
2016-05-23 11:12:31.674245 # Done: 2016-05-22T17:28:04-0700 (17h 44m 24s ago)
2016-05-23 11:12:31.674264 process/grounding/variable_id_partition/run.sh
2016-05-23 11:12:31.674283 ++ dirname process/grounding/variable_id_partition/run.sh
2016-05-23 11:12:31.674304 + cd process/grounding/variable_id_partition
2016-05-23 11:12:31.674325 + export DEEPDIVE_CURRENT_PROCESS_NAME=process/grounding/variable_id_partition
2016-05-23 11:12:31.674346 + DEEPDIVE_CURRENT_PROCESS_NAME=process/grounding/variable_id_partition
2016-05-23 11:12:31.674368 + : /Users/emerson/Documents/Github/deepdive/examples/coach_nba/run/model/grounding
2016-05-23 11:12:31.674389 + RANGE_BEGIN=0
2016-05-23 11:12:31.674411 + partition_id_range has_spouse
2016-05-23 11:12:31.674455 + variableCountTotal=0
2016-05-23 11:12:31.674483 + read table begin excludeEnd
2016-05-23 11:12:31.770205 + varPath=/Users/emerson/Documents/Github/deepdive/examples/coach_nba/run/model/grounding/variable/has_spouse
2016-05-23 11:12:31.770306 + mkdir -p /Users/emerson/Documents/Github/deepdive/examples/coach_nba/run/model/grounding/variable/has_spouse
2016-05-23 11:12:31.776586 + cd /Users/emerson/Documents/Github/deepdive/examples/coach_nba/run/model/grounding/variable/has_spouse
2016-05-23 11:12:31.776731 + echo 0
2016-05-23 11:12:31.779248 + echo 103
2016-05-23 11:12:31.784549 + echo 103
2016-05-23 11:12:31.789912 + variableCountTotal=103
2016-05-23 11:12:31.789980 + read table begin excludeEnd
2016-05-23 11:12:31.790015 + echo 103
2016-05-23 11:12:31.796303 mark_done process/grounding/variable_id_partition
2016-05-23 11:12:31.829302 ##############################################################################
2016-05-23 11:12:31.829397 
2016-05-23 11:12:31.829451 ## process/grounding/variable/has_spouse/assign_id ###########################
2016-05-23 11:12:31.829481 : # Done: 2016-05-22T17:28:04-0700 (17h 44m 25s ago)
2016-05-23 11:12:31.829525 # Done: 2016-05-22T17:28:04-0700 (17h 44m 24s ago)
2016-05-23 11:12:31.829554 process/grounding/variable/has_spouse/assign_id/run.sh
2016-05-23 11:12:31.842435 ++ dirname process/grounding/variable/has_spouse/assign_id/run.sh
2016-05-23 11:12:31.847403 + cd process/grounding/variable/has_spouse/assign_id
2016-05-23 11:12:31.847606 + export DEEPDIVE_CURRENT_PROCESS_NAME=process/grounding/variable/has_spouse/assign_id
2016-05-23 11:12:31.847661 + DEEPDIVE_CURRENT_PROCESS_NAME=process/grounding/variable/has_spouse/assign_id
2016-05-23 11:12:31.847746 + : /Users/emerson/Documents/Github/deepdive/examples/coach_nba/run/model/grounding
2016-05-23 11:12:31.847779 + table=has_spouse
2016-05-23 11:12:31.847801 + cd /Users/emerson/Documents/Github/deepdive/examples/coach_nba/run/model/grounding/variable/has_spouse
2016-05-23 11:12:31.848821 ++ cat id_begin
2016-05-23 11:12:31.854039 + baseId=0
2016-05-23 11:12:31.854112 + deepdive db assign_sequential_id has_spouse id 0
2016-05-23 11:12:31.953504 NOTICE:  sequence "dd_seq_has_spouse_id" does not exist, skipping
2016-05-23 11:12:31.964130 UPDATE 103
2016-05-23 11:12:31.965929 mark_done process/grounding/variable/has_spouse/assign_id
2016-05-23 11:12:31.981512 ##############################################################################
2016-05-23 11:12:31.981585 
2016-05-23 11:12:31.981606 ## process/grounding/factor/inf1_istrue_has_spouse/materialize ###############
2016-05-23 11:12:31.981627 # Done: N/A
2016-05-23 11:12:31.981648 process/grounding/factor/inf1_istrue_has_spouse/materialize/run.sh
2016-05-23 11:12:31.992255 ++ dirname process/grounding/factor/inf1_istrue_has_spouse/materialize/run.sh
2016-05-23 11:12:31.996131 + cd process/grounding/factor/inf1_istrue_has_spouse/materialize
2016-05-23 11:12:31.996286 + export DEEPDIVE_CURRENT_PROCESS_NAME=process/grounding/factor/inf1_istrue_has_spouse/materialize
2016-05-23 11:12:31.996338 + DEEPDIVE_CURRENT_PROCESS_NAME=process/grounding/factor/inf1_istrue_has_spouse/materialize
2016-05-23 11:12:31.996369 + : /Users/emerson/Documents/Github/deepdive/examples/coach_nba/run/model/grounding
2016-05-23 11:12:31.996447 + deepdive create table dd_factors_inf1_istrue_has_spouse as '
2016-05-23 11:12:31.996477           SELECT R0.id AS "has_spouse.R0.id" 
2016-05-23 11:12:31.996498           FROM has_spouse R0, person_mention R1, team_mention R2, spouses_dbpedia R3
2016-05-23 11:12:31.996520         WHERE R1.mention_id = R0.p_id  AND R2.team_id = R0.t_id  AND R3.p_name = R1.mention_text  AND R3.t_name = R2.team_text '
2016-05-23 11:12:32.200239 SELECT 7
2016-05-23 11:12:32.201211 + deepdive create table dd_weights_inf1_istrue_has_spouse as 'SELECT true AS "isfixed"
2016-05-23 11:12:32.201283      , 3 AS "initvalue"
2016-05-23 11:12:32.201317      , -1 AS "id"'
2016-05-23 11:12:32.390391 SELECT 1
2016-05-23 11:12:32.391643 mark_done process/grounding/factor/inf1_istrue_has_spouse/materialize
2016-05-23 11:12:32.407466 ##############################################################################
2016-05-23 11:12:32.407517 
2016-05-23 11:12:32.407539 ## process/grounding/factor/inf_imply_has_spouse_has_spouse/materialize ######
2016-05-23 11:12:32.407560 : # Done: 2016-05-22T17:28:24-0700 (17h 44m 5s ago)
2016-05-23 11:12:32.407581 # Done: 2016-05-22T17:28:24-0700 (17h 44m 4s ago)
2016-05-23 11:12:32.407615 process/grounding/factor/inf_imply_has_spouse_has_spouse/materialize/run.sh
2016-05-23 11:12:32.414746 ++ dirname process/grounding/factor/inf_imply_has_spouse_has_spouse/materialize/run.sh
2016-05-23 11:12:32.417855 + cd process/grounding/factor/inf_imply_has_spouse_has_spouse/materialize
2016-05-23 11:12:32.417961 + export DEEPDIVE_CURRENT_PROCESS_NAME=process/grounding/factor/inf_imply_has_spouse_has_spouse/materialize
2016-05-23 11:12:32.418005 + DEEPDIVE_CURRENT_PROCESS_NAME=process/grounding/factor/inf_imply_has_spouse_has_spouse/materialize
2016-05-23 11:12:32.418092 + : /Users/emerson/Documents/Github/deepdive/examples/coach_nba/run/model/grounding
2016-05-23 11:12:32.418223 + deepdive create table dd_factors_inf_imply_has_spouse_has_spouse as '
2016-05-23 11:12:32.418252           SELECT R0.id AS "has_spouse.R0.id" , R0.id AS "has_spouse.R0.id" 
2016-05-23 11:12:32.418275           FROM has_spouse R0, has_spouse R1, spouse_candidate R2, spouse_candidate R3, spouse_candidate R4
2016-05-23 11:12:32.418298         WHERE R1.p_id = R0.p_id  AND R1.t_id = R0.t_id  AND R2.p_id = R0.p_id  AND R2.t_id = R0.t_id  AND R3.t_id = R0.t_id  AND R4.p_id = R0.p_id '
2016-05-23 11:12:32.613528 ERROR:  column "has_spouse.R0.id" specified more than once
