2016-05-22 16:27:47.890008 # on eduroam-169-233-210-202.ucsc.edu: deepdive do has_spouse
2016-05-22 16:27:47.890322 # run/20160522/162746.213825000/plan.sh
2016-05-22 16:27:47.890350 # execution plan for data/has_spouse
2016-05-22 16:27:47.890371 
2016-05-22 16:27:47.890392 : ## process/init/app ##########################################################
2016-05-22 16:27:47.890412 : # Done: 2016-05-22T11:25:05-0700 (5h 2m 41s ago)
2016-05-22 16:27:47.890431 : process/init/app/run.sh
2016-05-22 16:27:47.890451 : mark_done process/init/app
2016-05-22 16:27:47.890472 : ##############################################################################
2016-05-22 16:27:47.890499 
2016-05-22 16:27:47.890518 : ## process/init/relation/articles ############################################
2016-05-22 16:27:47.890536 : # Done: 2016-05-22T11:55:52-0700 (4h 31m 54s ago)
2016-05-22 16:27:47.890555 : process/init/relation/articles/run.sh
2016-05-22 16:27:47.890574 : mark_done process/init/relation/articles
2016-05-22 16:27:47.890592 : ##############################################################################
2016-05-22 16:27:47.890610 
2016-05-22 16:27:47.890632 : ## data/articles #############################################################
2016-05-22 16:27:47.890652 : # Done: 2016-05-22T11:55:52-0700 (4h 31m 54s ago)
2016-05-22 16:27:47.890676 : # no-op
2016-05-22 16:27:47.890698 : mark_done data/articles
2016-05-22 16:27:47.890720 : ##############################################################################
2016-05-22 16:27:47.890741 
2016-05-22 16:27:47.890760 : ## process/ext_sentences_by_nlp_markup #######################################
2016-05-22 16:27:47.890779 : # Done: 2016-05-22T11:57:59-0700 (4h 29m 47s ago)
2016-05-22 16:27:47.890797 : process/ext_sentences_by_nlp_markup/run.sh
2016-05-22 16:27:47.890816 : mark_done process/ext_sentences_by_nlp_markup
2016-05-22 16:27:47.890836 : ##############################################################################
2016-05-22 16:27:47.890855 
2016-05-22 16:27:47.890874 : ## data/sentences ############################################################
2016-05-22 16:27:47.890896 : # Done: 2016-05-22T11:57:59-0700 (4h 29m 47s ago)
2016-05-22 16:27:47.890914 : # no-op
2016-05-22 16:27:47.890932 : mark_done data/sentences
2016-05-22 16:27:47.890950 : ##############################################################################
2016-05-22 16:27:47.890972 
2016-05-22 16:27:47.890994 : ## process/ext_person_mention_by_map_person_mention ##########################
2016-05-22 16:27:47.891014 : # Done: 2016-05-22T12:13:47-0700 (4h 13m 59s ago)
2016-05-22 16:27:47.891034 : process/ext_person_mention_by_map_person_mention/run.sh
2016-05-22 16:27:47.891052 : mark_done process/ext_person_mention_by_map_person_mention
2016-05-22 16:27:47.891070 : ##############################################################################
2016-05-22 16:27:47.891091 
2016-05-22 16:27:47.891111 : ## data/person_mention #######################################################
2016-05-22 16:27:47.891130 : # Done: 2016-05-22T12:13:47-0700 (4h 13m 59s ago)
2016-05-22 16:27:47.891151 : # no-op
2016-05-22 16:27:47.891169 : mark_done data/person_mention
2016-05-22 16:27:47.891187 : ##############################################################################
2016-05-22 16:27:47.891207 
2016-05-22 16:27:47.891227 : ## process/ext_num_people ####################################################
2016-05-22 16:27:47.891247 : # Done: 2016-05-22T12:14:33-0700 (4h 13m 13s ago)
2016-05-22 16:27:47.891267 : process/ext_num_people/run.sh
2016-05-22 16:27:47.891286 : mark_done process/ext_num_people
2016-05-22 16:27:47.891304 : ##############################################################################
2016-05-22 16:27:47.891325 
2016-05-22 16:27:47.891345 : ## data/num_people ###########################################################
2016-05-22 16:27:47.891365 : # Done: 2016-05-22T12:14:33-0700 (4h 13m 13s ago)
2016-05-22 16:27:47.891385 : # no-op
2016-05-22 16:27:47.891404 : mark_done data/num_people
2016-05-22 16:27:47.891422 : ##############################################################################
2016-05-22 16:27:47.891441 
2016-05-22 16:27:47.891461 : ## process/ext_team_mention_by_map_team_mention ##############################
2016-05-22 16:27:47.891481 : # Done: 2016-05-22T12:14:14-0700 (4h 13m 32s ago)
2016-05-22 16:27:47.891508 : process/ext_team_mention_by_map_team_mention/run.sh
2016-05-22 16:27:47.891526 : mark_done process/ext_team_mention_by_map_team_mention
2016-05-22 16:27:47.891547 : ##############################################################################
2016-05-22 16:27:47.891569 
2016-05-22 16:27:47.891589 : ## data/team_mention #########################################################
2016-05-22 16:27:47.891610 : # Done: 2016-05-22T12:14:14-0700 (4h 13m 32s ago)
2016-05-22 16:27:47.891630 : # no-op
2016-05-22 16:27:47.891649 : mark_done data/team_mention
2016-05-22 16:27:47.891669 : ##############################################################################
2016-05-22 16:27:47.891688 
2016-05-22 16:27:47.891707 : ## process/ext_spouse_candidate ##############################################
2016-05-22 16:27:47.891729 : # Done: 2016-05-22T12:14:34-0700 (4h 13m 12s ago)
2016-05-22 16:27:47.891749 : process/ext_spouse_candidate/run.sh
2016-05-22 16:27:47.891771 : mark_done process/ext_spouse_candidate
2016-05-22 16:27:47.891793 : ##############################################################################
2016-05-22 16:27:47.891813 
2016-05-22 16:27:47.891834 : ## data/spouse_candidate #####################################################
2016-05-22 16:27:47.891851 : # Done: 2016-05-22T12:14:34-0700 (4h 13m 12s ago)
2016-05-22 16:27:47.891870 : # no-op
2016-05-22 16:27:47.891907 : mark_done data/spouse_candidate
2016-05-22 16:27:47.891937 : ##############################################################################
2016-05-22 16:27:47.891958 
2016-05-22 16:27:47.891980 : ## process/ext_spouse_label__0_by_supervise ##################################
2016-05-22 16:27:47.891998 : # Done: 2016-05-22T12:28:31-0700 (3h 59m 15s ago)
2016-05-22 16:27:47.892035 : process/ext_spouse_label__0_by_supervise/run.sh
2016-05-22 16:27:47.892057 : mark_done process/ext_spouse_label__0_by_supervise
2016-05-22 16:27:47.892078 : ##############################################################################
2016-05-22 16:27:47.892100 
2016-05-22 16:27:47.892122 : ## data/spouse_label__0 ######################################################
2016-05-22 16:27:47.892143 : # Done: 2016-05-22T12:28:31-0700 (3h 59m 15s ago)
2016-05-22 16:27:47.892165 : # no-op
2016-05-22 16:27:47.892186 : mark_done data/spouse_label__0
2016-05-22 16:27:47.892208 : ##############################################################################
2016-05-22 16:27:47.892230 
2016-05-22 16:27:47.892252 : ## process/init/relation/spouses_dbpedia #####################################
2016-05-22 16:27:47.892271 : # Done: 2016-05-22T15:50:19-0700 (37m 27s ago)
2016-05-22 16:27:47.892292 : process/init/relation/spouses_dbpedia/run.sh
2016-05-22 16:27:47.892310 : mark_done process/init/relation/spouses_dbpedia
2016-05-22 16:27:47.892327 : ##############################################################################
2016-05-22 16:27:47.892346 
2016-05-22 16:27:47.892366 : ## data/spouses_dbpedia ######################################################
2016-05-22 16:27:47.892387 : # Done: 2016-05-22T15:50:19-0700 (37m 27s ago)
2016-05-22 16:27:47.892408 : # no-op
2016-05-22 16:27:47.892430 : mark_done data/spouses_dbpedia
2016-05-22 16:27:47.892450 : ##############################################################################
2016-05-22 16:27:47.892469 
2016-05-22 16:27:47.892487 : ## process/ext_spouse_label ##################################################
2016-05-22 16:27:47.892506 : # Done: 2016-05-22T15:50:41-0700 (37m 5s ago)
2016-05-22 16:27:47.892524 : process/ext_spouse_label/run.sh
2016-05-22 16:27:47.892543 : mark_done process/ext_spouse_label
2016-05-22 16:27:47.892563 : ##############################################################################
2016-05-22 16:27:47.892583 
2016-05-22 16:27:47.892603 : ## data/spouse_label #########################################################
2016-05-22 16:27:47.892622 : # Done: 2016-05-22T15:50:41-0700 (37m 5s ago)
2016-05-22 16:27:47.892642 : # no-op
2016-05-22 16:27:47.892662 : mark_done data/spouse_label
2016-05-22 16:27:47.892684 : ##############################################################################
2016-05-22 16:27:47.892703 
2016-05-22 16:27:47.892722 : ## process/ext_spouse_label_resolved #########################################
2016-05-22 16:27:47.892740 : # Done: 2016-05-22T15:50:41-0700 (37m 5s ago)
2016-05-22 16:27:47.892759 : process/ext_spouse_label_resolved/run.sh
2016-05-22 16:27:47.892780 : mark_done process/ext_spouse_label_resolved
2016-05-22 16:27:47.892800 : ##############################################################################
2016-05-22 16:27:47.892818 
2016-05-22 16:27:47.892836 : ## data/spouse_label_resolved ################################################
2016-05-22 16:27:47.892892 : # Done: 2016-05-22T15:50:41-0700 (37m 5s ago)
2016-05-22 16:27:47.892913 : # no-op
2016-05-22 16:27:47.892934 : mark_done data/spouse_label_resolved
2016-05-22 16:27:47.892954 : ##############################################################################
2016-05-22 16:27:47.892974 
2016-05-22 16:27:47.892994 ## process/ext_has_spouse ####################################################
2016-05-22 16:27:47.893014 # Done: 2016-05-22T16:26:45-0700 (1m 1s ago)
2016-05-22 16:27:47.893073 process/ext_has_spouse/run.sh
2016-05-22 16:27:47.893116 ++ dirname process/ext_has_spouse/run.sh
2016-05-22 16:27:47.893140 + cd process/ext_has_spouse
2016-05-22 16:27:47.893163 + export DEEPDIVE_CURRENT_PROCESS_NAME=process/ext_has_spouse
2016-05-22 16:27:47.893184 + DEEPDIVE_CURRENT_PROCESS_NAME=process/ext_has_spouse
2016-05-22 16:27:47.893205 + deepdive create table has_spouse
2016-05-22 16:27:48.001112 CREATE TABLE
2016-05-22 16:27:48.002219 + deepdive sql 'INSERT INTO has_spouse SELECT DISTINCT R0.column_0, R0.column_1, 0 AS id, 
2016-05-22 16:27:48.002281 CASE WHEN R0.column_2 > 0 THEN true
2016-05-22 16:27:48.002344      WHEN R0.column_2 < 0 THEN false
2016-05-22 16:27:48.002364      ELSE NULL
2016-05-22 16:27:48.002384 END AS label
2016-05-22 16:27:48.002404           FROM spouse_label_resolved R0
2016-05-22 16:27:48.002440         
2016-05-22 16:27:48.002472           '
2016-05-22 16:27:48.083394 INSERT 0 103
2016-05-22 16:27:48.084605 mark_done process/ext_has_spouse
2016-05-22 16:27:48.100054 ##############################################################################
2016-05-22 16:27:48.100122 
2016-05-22 16:27:48.100142 ## data/has_spouse ###########################################################
2016-05-22 16:27:48.100162 # Done: 2016-05-22T16:26:45-0700 (1m 1s ago)
2016-05-22 16:27:48.100199 # no-op
2016-05-22 16:27:48.100235 mark_done data/has_spouse
2016-05-22 16:27:48.115636 ##############################################################################
2016-05-22 16:27:48.115704 
