2016-05-21 15:25:29.219745 # on dhcp-169-233-138-157.cruznet.ucsc.edu: deepdive do has_spouse
2016-05-21 15:25:29.220038 # run/20160521/152526.054020000/plan.sh
2016-05-21 15:25:29.220071 # execution plan for data/has_spouse
2016-05-21 15:25:29.220096 
2016-05-21 15:25:29.220115 : ## process/init/app ##########################################################
2016-05-21 15:25:29.220135 : # Done: 2016-05-20T15:47:44-0700 (23h 37m 42s ago)
2016-05-21 15:25:29.220153 : process/init/app/run.sh
2016-05-21 15:25:29.220171 : mark_done process/init/app
2016-05-21 15:25:29.220190 : ##############################################################################
2016-05-21 15:25:29.220214 
2016-05-21 15:25:29.220236 : ## process/init/relation/articles ############################################
2016-05-21 15:25:29.220254 : # Done: 2016-05-20T19:16:48-0700 (20h 8m 38s ago)
2016-05-21 15:25:29.220273 : process/init/relation/articles/run.sh
2016-05-21 15:25:29.220292 : mark_done process/init/relation/articles
2016-05-21 15:25:29.220310 : ##############################################################################
2016-05-21 15:25:29.220328 
2016-05-21 15:25:29.220350 : ## data/articles #############################################################
2016-05-21 15:25:29.220377 : # Done: 2016-05-20T19:16:48-0700 (20h 8m 38s ago)
2016-05-21 15:25:29.220399 : # no-op
2016-05-21 15:25:29.220422 : mark_done data/articles
2016-05-21 15:25:29.220444 : ##############################################################################
2016-05-21 15:25:29.220465 
2016-05-21 15:25:29.220487 : ## process/ext_sentences_by_nlp_markup #######################################
2016-05-21 15:25:29.220508 : # Done: 2016-05-20T19:20:04-0700 (20h 5m 22s ago)
2016-05-21 15:25:29.220529 : process/ext_sentences_by_nlp_markup/run.sh
2016-05-21 15:25:29.220551 : mark_done process/ext_sentences_by_nlp_markup
2016-05-21 15:25:29.220573 : ##############################################################################
2016-05-21 15:25:29.220595 
2016-05-21 15:25:29.220614 : ## data/sentences ############################################################
2016-05-21 15:25:29.220633 : # Done: 2016-05-20T19:20:04-0700 (20h 5m 22s ago)
2016-05-21 15:25:29.220651 : # no-op
2016-05-21 15:25:29.220673 : mark_done data/sentences
2016-05-21 15:25:29.220693 : ##############################################################################
2016-05-21 15:25:29.220732 
2016-05-21 15:25:29.220758 : ## process/ext_person_mention_by_map_person_mention ##########################
2016-05-21 15:25:29.220778 : # Done: 2016-05-20T20:58:22-0700 (18h 27m 4s ago)
2016-05-21 15:25:29.220798 : process/ext_person_mention_by_map_person_mention/run.sh
2016-05-21 15:25:29.220817 : mark_done process/ext_person_mention_by_map_person_mention
2016-05-21 15:25:29.220836 : ##############################################################################
2016-05-21 15:25:29.220855 
2016-05-21 15:25:29.220875 : ## data/person_mention #######################################################
2016-05-21 15:25:29.220894 : # Done: 2016-05-20T20:58:22-0700 (18h 27m 4s ago)
2016-05-21 15:25:29.220914 : # no-op
2016-05-21 15:25:29.220933 : mark_done data/person_mention
2016-05-21 15:25:29.220953 : ##############################################################################
2016-05-21 15:25:29.220974 
2016-05-21 15:25:29.220995 : ## process/ext_num_people ####################################################
2016-05-21 15:25:29.221015 : # Done: 2016-05-20T21:35:41-0700 (17h 49m 45s ago)
2016-05-21 15:25:29.221033 : process/ext_num_people/run.sh
2016-05-21 15:25:29.221051 : mark_done process/ext_num_people
2016-05-21 15:25:29.221070 : ##############################################################################
2016-05-21 15:25:29.221089 
2016-05-21 15:25:29.221108 : ## data/num_people ###########################################################
2016-05-21 15:25:29.221126 : # Done: 2016-05-20T21:35:41-0700 (17h 49m 45s ago)
2016-05-21 15:25:29.221146 : # no-op
2016-05-21 15:25:29.221203 : mark_done data/num_people
2016-05-21 15:25:29.221224 : ##############################################################################
2016-05-21 15:25:29.221245 
2016-05-21 15:25:29.221265 : ## process/ext_team_mention_by_map_team_mention ##############################
2016-05-21 15:25:29.221328 : # Done: 2016-05-20T21:23:06-0700 (18h 2m 20s ago)
2016-05-21 15:25:29.221351 : process/ext_team_mention_by_map_team_mention/run.sh
2016-05-21 15:25:29.221371 : mark_done process/ext_team_mention_by_map_team_mention
2016-05-21 15:25:29.221391 : ##############################################################################
2016-05-21 15:25:29.221411 
2016-05-21 15:25:29.221462 : ## data/team_mention #########################################################
2016-05-21 15:25:29.221516 : # Done: 2016-05-20T22:05:04-0700 (17h 20m 22s ago)
2016-05-21 15:25:29.221546 : # no-op
2016-05-21 15:25:29.221572 : mark_done data/team_mention
2016-05-21 15:25:29.221595 : ##############################################################################
2016-05-21 15:25:29.221614 
2016-05-21 15:25:29.221636 : ## process/ext_spouse_candidate ##############################################
2016-05-21 15:25:29.221660 : # Done: 2016-05-20T22:17:52-0700 (17h 7m 34s ago)
2016-05-21 15:25:29.221683 : process/ext_spouse_candidate/run.sh
2016-05-21 15:25:29.221704 : mark_done process/ext_spouse_candidate
2016-05-21 15:25:29.221724 : ##############################################################################
2016-05-21 15:25:29.221745 
2016-05-21 15:25:29.221768 : ## data/spouse_candidate #####################################################
2016-05-21 15:25:29.221790 : # Done: 2016-05-20T22:17:52-0700 (17h 7m 34s ago)
2016-05-21 15:25:29.221814 : # no-op
2016-05-21 15:25:29.221835 : mark_done data/spouse_candidate
2016-05-21 15:25:29.221856 : ##############################################################################
2016-05-21 15:25:29.221877 
2016-05-21 15:25:29.221898 : ## process/ext_spouse_label__0_by_supervise ##################################
2016-05-21 15:25:29.221920 : # Done: 2016-05-20T22:17:53-0700 (17h 7m 33s ago)
2016-05-21 15:25:29.221943 : process/ext_spouse_label__0_by_supervise/run.sh
2016-05-21 15:25:29.221963 : mark_done process/ext_spouse_label__0_by_supervise
2016-05-21 15:25:29.221984 : ##############################################################################
2016-05-21 15:25:29.222007 
2016-05-21 15:25:29.222030 : ## data/spouse_label__0 ######################################################
2016-05-21 15:25:29.222049 : # Done: 2016-05-20T22:17:53-0700 (17h 7m 33s ago)
2016-05-21 15:25:29.222067 : # no-op
2016-05-21 15:25:29.222088 : mark_done data/spouse_label__0
2016-05-21 15:25:29.222109 : ##############################################################################
2016-05-21 15:25:29.222130 
2016-05-21 15:25:29.222151 : ## process/init/relation/spouses_dbpedia #####################################
2016-05-21 15:25:29.222170 : # Done: 2016-05-21T12:09:26-0700 (3h 16m ago)
2016-05-21 15:25:29.222188 : process/init/relation/spouses_dbpedia/run.sh
2016-05-21 15:25:29.222210 : mark_done process/init/relation/spouses_dbpedia
2016-05-21 15:25:29.222230 : ##############################################################################
2016-05-21 15:25:29.222250 
2016-05-21 15:25:29.222271 : ## data/spouses_dbpedia ######################################################
2016-05-21 15:25:29.222291 : # Done: 2016-05-21T12:09:26-0700 (3h 16m ago)
2016-05-21 15:25:29.222311 : # no-op
2016-05-21 15:25:29.222331 : mark_done data/spouses_dbpedia
2016-05-21 15:25:29.222352 : ##############################################################################
2016-05-21 15:25:29.222373 
2016-05-21 15:25:29.222394 ## process/ext_spouse_label ##################################################
2016-05-21 15:25:29.222414 # Done: 2016-05-20T22:17:55-0700 (17h 7m 31s ago)
2016-05-21 15:25:29.222434 process/ext_spouse_label/run.sh
2016-05-21 15:25:29.222454 ++ dirname process/ext_spouse_label/run.sh
2016-05-21 15:25:29.222474 + cd process/ext_spouse_label
2016-05-21 15:25:29.222494 + export DEEPDIVE_CURRENT_PROCESS_NAME=process/ext_spouse_label
2016-05-21 15:25:29.222512 + DEEPDIVE_CURRENT_PROCESS_NAME=process/ext_spouse_label
2016-05-21 15:25:29.222532 + deepdive create table spouse_label
2016-05-21 15:25:29.336413 CREATE TABLE
2016-05-21 15:25:29.337962 + deepdive sql 'INSERT INTO spouse_label SELECT R0.p_id AS "spouse_candidate.R0.p_id", R0.t_id AS "spouse_candidate.R0.t_id", 0 AS column_2, NULL AS column_3
2016-05-21 15:25:29.338044 FROM spouse_candidate R0
2016-05-21 15:25:29.338106         
2016-05-21 15:25:29.338132 UNION ALL
2016-05-21 15:25:29.338155 SELECT R0.p_id AS "spouse_candidate.R0.p_id", R0.t_id AS "spouse_candidate.R0.t_id", 1 AS column_2, '\''from_dbpedia'\'' AS column_3
2016-05-21 15:25:29.338178 FROM spouse_candidate R0, spouses_dbpedia R1
2016-05-21 15:25:29.338200         WHERE ((lower(R1.p) = lower(R0.p_name) AND lower(R1.t) = lower(R0.p_name)) OR (lower(R1.t) = lower(R0.t_name) AND lower(R1.p) = lower(R0.t_name)))
2016-05-21 15:25:29.338223 UNION ALL
2016-05-21 15:25:29.338245 SELECT R0.p_id AS "spouse_label__0.R0.p_id", R0.t_id AS "spouse_label__0.R0.t_id", R0.label AS "spouse_label__0.R0.label", R0.rule_id AS "spouse_label__0.R0.rule_id"
2016-05-21 15:25:29.338269 FROM spouse_label__0 R0
2016-05-21 15:25:29.338293         '
2016-05-21 15:25:29.418381 ERROR:  column r1.p does not exist
2016-05-21 15:25:29.418444 LINE 7:         WHERE ((lower(R1.p) = lower(R0.p_name) AND lower(R1....
2016-05-21 15:25:29.418468                               ^
