2016-05-29 17:26:58.184123 # on dhcp-169-233-170-85.cruznet.ucsc.edu: deepdive do calibration-plots
2016-05-29 17:26:58.184741 # run/20160529/172655.734728000/plan.sh
2016-05-29 17:26:58.184773 # execution plan for model/calibration-plots
2016-05-29 17:26:58.184794 
2016-05-29 17:26:58.184813 : ## process/init/app ##########################################################
2016-05-29 17:26:58.184832 : # Done: 2016-05-22T17:21:25-0700 (7d 5m 30s ago)
2016-05-29 17:26:58.184850 : process/init/app/run.sh
2016-05-29 17:26:58.184870 : mark_done process/init/app
2016-05-29 17:26:58.184890 : ##############################################################################
2016-05-29 17:26:58.184910 
2016-05-29 17:26:58.184930 : ## process/init/relation/articles ############################################
2016-05-29 17:26:58.184951 : # Done: 2016-05-23T12:16:43-0700 (6d 5h 10m 12s ago)
2016-05-29 17:26:58.184972 : process/init/relation/articles/run.sh
2016-05-29 17:26:58.184992 : mark_done process/init/relation/articles
2016-05-29 17:26:58.185013 : ##############################################################################
2016-05-29 17:26:58.185033 
2016-05-29 17:26:58.185052 : ## data/articles #############################################################
2016-05-29 17:26:58.185071 : # Done: 2016-05-23T12:16:43-0700 (6d 5h 10m 12s ago)
2016-05-29 17:26:58.185090 : # no-op
2016-05-29 17:26:58.185108 : mark_done data/articles
2016-05-29 17:26:58.185127 : ##############################################################################
2016-05-29 17:26:58.185146 
2016-05-29 17:26:58.185165 : ## process/ext_sentences_by_nlp_markup #######################################
2016-05-29 17:26:58.185184 : # Done: 2016-05-23T15:05:01-0700 (6d 2h 21m 54s ago)
2016-05-29 17:26:58.185207 : process/ext_sentences_by_nlp_markup/run.sh
2016-05-29 17:26:58.185226 : mark_done process/ext_sentences_by_nlp_markup
2016-05-29 17:26:58.185245 : ##############################################################################
2016-05-29 17:26:58.185263 
2016-05-29 17:26:58.185282 : ## data/sentences ############################################################
2016-05-29 17:26:58.185301 : # Done: 2016-05-23T15:05:01-0700 (6d 2h 21m 54s ago)
2016-05-29 17:26:58.185322 : # no-op
2016-05-29 17:26:58.185341 : mark_done data/sentences
2016-05-29 17:26:58.185361 : ##############################################################################
2016-05-29 17:26:58.185379 
2016-05-29 17:26:58.185399 : ## process/ext_person_mention_by_map_person_mention ##########################
2016-05-29 17:26:58.185416 : # Done: 2016-05-23T15:05:52-0700 (6d 2h 21m 3s ago)
2016-05-29 17:26:58.185434 : process/ext_person_mention_by_map_person_mention/run.sh
2016-05-29 17:26:58.185454 : mark_done process/ext_person_mention_by_map_person_mention
2016-05-29 17:26:58.185475 : ##############################################################################
2016-05-29 17:26:58.185497 
2016-05-29 17:26:58.185517 : ## data/person_mention #######################################################
2016-05-29 17:26:58.185537 : # Done: 2016-05-23T15:05:52-0700 (6d 2h 21m 4s ago)
2016-05-29 17:26:58.185557 : # no-op
2016-05-29 17:26:58.185576 : mark_done data/person_mention
2016-05-29 17:26:58.185596 : ##############################################################################
2016-05-29 17:26:58.185616 
2016-05-29 17:26:58.185636 : ## process/init/relation/spouses_dbpedia #####################################
2016-05-29 17:26:58.185657 : # Done: 2016-05-23T15:08:28-0700 (6d 2h 18m 28s ago)
2016-05-29 17:26:58.185677 : process/init/relation/spouses_dbpedia/run.sh
2016-05-29 17:26:58.185697 : mark_done process/init/relation/spouses_dbpedia
2016-05-29 17:26:58.185718 : ##############################################################################
2016-05-29 17:26:58.185738 
2016-05-29 17:26:58.185758 : ## data/spouses_dbpedia ######################################################
2016-05-29 17:26:58.185778 : # Done: 2016-05-23T15:08:28-0700 (6d 2h 18m 28s ago)
2016-05-29 17:26:58.185798 : # no-op
2016-05-29 17:26:58.185817 : mark_done data/spouses_dbpedia
2016-05-29 17:26:58.185839 : ##############################################################################
2016-05-29 17:26:58.185859 
2016-05-29 17:26:58.185879 : ## process/ext_team_mention_by_map_team_mention ##############################
2016-05-29 17:26:58.185899 : # Done: 2016-05-23T15:06:19-0700 (6d 2h 20m 37s ago)
2016-05-29 17:26:58.185918 : process/ext_team_mention_by_map_team_mention/run.sh
2016-05-29 17:26:58.185939 : mark_done process/ext_team_mention_by_map_team_mention
2016-05-29 17:26:58.185959 : ##############################################################################
2016-05-29 17:26:58.185978 
2016-05-29 17:26:58.185998 : ## data/team_mention #########################################################
2016-05-29 17:26:58.186017 : # Done: 2016-05-23T15:06:19-0700 (6d 2h 20m 37s ago)
2016-05-29 17:26:58.186106 : # no-op
2016-05-29 17:26:58.186139 : mark_done data/team_mention
2016-05-29 17:26:58.186162 : ##############################################################################
2016-05-29 17:26:58.186182 
2016-05-29 17:26:58.186202 : ## process/ext_num_people ####################################################
2016-05-29 17:26:58.186221 : # Done: 2016-05-23T15:06:46-0700 (6d 2h 20m 10s ago)
2016-05-29 17:26:58.186240 : process/ext_num_people/run.sh
2016-05-29 17:26:58.186259 : mark_done process/ext_num_people
2016-05-29 17:26:58.186278 : ##############################################################################
2016-05-29 17:26:58.186297 
2016-05-29 17:26:58.186315 : ## data/num_people ###########################################################
2016-05-29 17:26:58.186334 : # Done: 2016-05-23T15:06:46-0700 (6d 2h 20m 10s ago)
2016-05-29 17:26:58.186352 : # no-op
2016-05-29 17:26:58.186372 : mark_done data/num_people
2016-05-29 17:26:58.186393 : ##############################################################################
2016-05-29 17:26:58.186412 
2016-05-29 17:26:58.186430 : ## process/ext_spouse_candidate ##############################################
2016-05-29 17:26:58.186449 : # Done: 2016-05-23T15:07:38-0700 (6d 2h 19m 18s ago)
2016-05-29 17:26:58.186467 : process/ext_spouse_candidate/run.sh
2016-05-29 17:26:58.186485 : mark_done process/ext_spouse_candidate
2016-05-29 17:26:58.186504 : ##############################################################################
2016-05-29 17:26:58.186524 
2016-05-29 17:26:58.186542 : ## data/spouse_candidate #####################################################
2016-05-29 17:26:58.186560 : # Done: 2016-05-23T15:07:38-0700 (6d 2h 19m 18s ago)
2016-05-29 17:26:58.186580 : # no-op
2016-05-29 17:26:58.186599 : mark_done data/spouse_candidate
2016-05-29 17:26:58.186616 : ##############################################################################
2016-05-29 17:26:58.186636 
2016-05-29 17:26:58.186654 : ## process/ext_spouse_label__0_by_supervise ##################################
2016-05-29 17:26:58.186674 : # Done: 2016-05-23T15:08:48-0700 (6d 2h 18m 8s ago)
2016-05-29 17:26:58.186693 : process/ext_spouse_label__0_by_supervise/run.sh
2016-05-29 17:26:58.186713 : mark_done process/ext_spouse_label__0_by_supervise
2016-05-29 17:26:58.186734 : ##############################################################################
2016-05-29 17:26:58.186753 
2016-05-29 17:26:58.186772 : ## data/spouse_label__0 ######################################################
2016-05-29 17:26:58.186790 : # Done: 2016-05-23T15:08:48-0700 (6d 2h 18m 8s ago)
2016-05-29 17:26:58.186809 : # no-op
2016-05-29 17:26:58.186827 : mark_done data/spouse_label__0
2016-05-29 17:26:58.186846 : ##############################################################################
2016-05-29 17:26:58.186864 
2016-05-29 17:26:58.186883 : ## process/ext_spouse_label ##################################################
2016-05-29 17:26:58.186902 : # Done: 2016-05-23T15:08:50-0700 (6d 2h 18m 6s ago)
2016-05-29 17:26:58.186920 : process/ext_spouse_label/run.sh
2016-05-29 17:26:58.186939 : mark_done process/ext_spouse_label
2016-05-29 17:26:58.186987 : ##############################################################################
2016-05-29 17:26:58.187009 
2016-05-29 17:26:58.187028 : ## data/spouse_label #########################################################
2016-05-29 17:26:58.187047 : # Done: 2016-05-23T15:08:50-0700 (6d 2h 18m 6s ago)
2016-05-29 17:26:58.187066 : # no-op
2016-05-29 17:26:58.187085 : mark_done data/spouse_label
2016-05-29 17:26:58.187103 : ##############################################################################
2016-05-29 17:26:58.187122 
2016-05-29 17:26:58.187140 : ## process/ext_spouse_label_resolved #########################################
2016-05-29 17:26:58.187721 : # Done: 2016-05-23T15:08:50-0700 (6d 2h 18m 6s ago)
2016-05-29 17:26:58.187753 : process/ext_spouse_label_resolved/run.sh
2016-05-29 17:26:58.187773 : mark_done process/ext_spouse_label_resolved
2016-05-29 17:26:58.187792 : ##############################################################################
2016-05-29 17:26:58.187811 
2016-05-29 17:26:58.187830 : ## data/spouse_label_resolved ################################################
2016-05-29 17:26:58.188009 : # Done: 2016-05-23T15:08:50-0700 (6d 2h 18m 6s ago)
2016-05-29 17:26:58.188031 : # no-op
2016-05-29 17:26:58.188051 : mark_done data/spouse_label_resolved
2016-05-29 17:26:58.188072 : ##############################################################################
2016-05-29 17:26:58.188091 
2016-05-29 17:26:58.188111 : ## process/init/relation/spouses_dbpedia_negative ############################
2016-05-29 17:26:58.188131 : # Done: 2016-05-25T12:13:43-0700 (4d 5h 13m 13s ago)
2016-05-29 17:26:58.188151 : process/init/relation/spouses_dbpedia_negative/run.sh
2016-05-29 17:26:58.188172 : mark_done process/init/relation/spouses_dbpedia_negative
2016-05-29 17:26:58.188191 : ##############################################################################
2016-05-29 17:26:58.188212 
2016-05-29 17:26:58.188232 : ## data/spouses_dbpedia_negative #############################################
2016-05-29 17:26:58.188253 : # Done: 2016-05-25T12:13:43-0700 (4d 5h 13m 13s ago)
2016-05-29 17:26:58.188274 : # no-op
2016-05-29 17:26:58.188294 : mark_done data/spouses_dbpedia_negative
2016-05-29 17:26:58.188313 : ##############################################################################
2016-05-29 17:26:58.188333 
2016-05-29 17:26:58.188353 : ## process/ext_has_spouse ####################################################
2016-05-29 17:26:58.188371 : # Done: 2016-05-29T12:10:14-0700 (5h 16m 42s ago)
2016-05-29 17:26:58.188460 : process/ext_has_spouse/run.sh
2016-05-29 17:26:58.188485 : mark_done process/ext_has_spouse
2016-05-29 17:26:58.188505 : ##############################################################################
2016-05-29 17:26:58.188526 
2016-05-29 17:26:58.188546 : ## data/has_spouse ###########################################################
2016-05-29 17:26:58.188565 : # Done: 2016-05-29T12:10:14-0700 (5h 16m 42s ago)
2016-05-29 17:26:58.188584 : # no-op
2016-05-29 17:26:58.188603 : mark_done data/has_spouse
2016-05-29 17:26:58.188623 : ##############################################################################
2016-05-29 17:26:58.188643 
2016-05-29 17:26:58.188663 : ## process/grounding/variable_id_partition ###################################
2016-05-29 17:26:58.188683 : # Done: 2016-05-29T12:20:51-0700 (5h 6m 5s ago)
2016-05-29 17:26:58.188703 : process/grounding/variable_id_partition/run.sh
2016-05-29 17:26:58.188723 : mark_done process/grounding/variable_id_partition
2016-05-29 17:26:58.188742 : ##############################################################################
2016-05-29 17:26:58.188762 
2016-05-29 17:26:58.188782 : ## process/grounding/variable/has_spouse/assign_id ###########################
2016-05-29 17:26:58.188802 : # Done: 2016-05-29T12:20:51-0700 (5h 6m 5s ago)
2016-05-29 17:26:58.188823 : process/grounding/variable/has_spouse/assign_id/run.sh
2016-05-29 17:26:58.188843 : mark_done process/grounding/variable/has_spouse/assign_id
2016-05-29 17:26:58.188862 : ##############################################################################
2016-05-29 17:26:58.188879 
2016-05-29 17:26:58.188898 : ## process/grounding/factor/inf1_istrue_has_spouse/materialize ###############
2016-05-29 17:26:58.188918 : # Done: 2016-05-29T12:20:52-0700 (5h 6m 4s ago)
2016-05-29 17:26:58.188938 : process/grounding/factor/inf1_istrue_has_spouse/materialize/run.sh
2016-05-29 17:26:58.188957 : mark_done process/grounding/factor/inf1_istrue_has_spouse/materialize
2016-05-29 17:26:58.188982 : ##############################################################################
2016-05-29 17:26:58.189004 
2016-05-29 17:26:58.189024 : ## process/grounding/factor/inf_imply_has_spouse_has_spouse/materialize ######
2016-05-29 17:26:58.189043 : # Done: 2016-05-29T12:22:01-0700 (5h 4m 55s ago)
2016-05-29 17:26:58.189063 : process/grounding/factor/inf_imply_has_spouse_has_spouse/materialize/run.sh
2016-05-29 17:26:58.189083 : mark_done process/grounding/factor/inf_imply_has_spouse_has_spouse/materialize
2016-05-29 17:26:58.189102 : ##############################################################################
2016-05-29 17:26:58.189122 
2016-05-29 17:26:58.189142 : ## process/ext_spouse_feature_by_extract_spouse_features #####################
2016-05-29 17:26:58.189162 : # Done: 2016-05-23T15:08:09-0700 (6d 2h 18m 47s ago)
2016-05-29 17:26:58.189182 : process/ext_spouse_feature_by_extract_spouse_features/run.sh
2016-05-29 17:26:58.189202 : mark_done process/ext_spouse_feature_by_extract_spouse_features
2016-05-29 17:26:58.189222 : ##############################################################################
2016-05-29 17:26:58.189242 
2016-05-29 17:26:58.189262 : ## data/spouse_feature #######################################################
2016-05-29 17:26:58.189282 : # Done: 2016-05-23T15:08:09-0700 (6d 2h 18m 47s ago)
2016-05-29 17:26:58.189302 : # no-op
2016-05-29 17:26:58.189323 : mark_done data/spouse_feature
2016-05-29 17:26:58.189342 : ##############################################################################
2016-05-29 17:26:58.189362 
2016-05-29 17:26:58.189381 : ## process/grounding/factor/inf_istrue_has_spouse/materialize ################
2016-05-29 17:26:58.189401 : # Done: 2016-05-29T12:22:02-0700 (5h 4m 54s ago)
2016-05-29 17:26:58.189420 : process/grounding/factor/inf_istrue_has_spouse/materialize/run.sh
2016-05-29 17:26:58.189440 : mark_done process/grounding/factor/inf_istrue_has_spouse/materialize
2016-05-29 17:26:58.189460 : ##############################################################################
2016-05-29 17:26:58.189479 
2016-05-29 17:26:58.189498 : ## process/grounding/weight_id_partition #####################################
2016-05-29 17:26:58.189518 : # Done: 2016-05-29T12:22:02-0700 (5h 4m 54s ago)
2016-05-29 17:26:58.189538 : process/grounding/weight_id_partition/run.sh
2016-05-29 17:26:58.189557 : mark_done process/grounding/weight_id_partition
2016-05-29 17:26:58.189577 : ##############################################################################
2016-05-29 17:26:58.189596 
2016-05-29 17:26:58.189616 : ## process/grounding/factor/inf1_istrue_has_spouse/assign_weight_id ##########
2016-05-29 17:26:58.189636 : # Done: 2016-05-29T12:22:02-0700 (5h 4m 54s ago)
2016-05-29 17:26:58.189655 : process/grounding/factor/inf1_istrue_has_spouse/assign_weight_id/run.sh
2016-05-29 17:26:58.189674 : mark_done process/grounding/factor/inf1_istrue_has_spouse/assign_weight_id
2016-05-29 17:26:58.189694 : ##############################################################################
2016-05-29 17:26:58.189714 
2016-05-29 17:26:58.189733 : ## process/grounding/factor/inf1_istrue_has_spouse/dump ######################
2016-05-29 17:26:58.189754 : # Done: 2016-05-29T12:22:03-0700 (5h 4m 53s ago)
2016-05-29 17:26:58.189774 : process/grounding/factor/inf1_istrue_has_spouse/dump/run.sh
2016-05-29 17:26:58.189794 : mark_done process/grounding/factor/inf1_istrue_has_spouse/dump
2016-05-29 17:26:58.189814 : ##############################################################################
2016-05-29 17:26:58.189834 
2016-05-29 17:26:58.189854 : ## process/grounding/factor/inf1_istrue_has_spouse/dump_weights ##############
2016-05-29 17:26:58.189872 : # Done: 2016-05-29T12:22:04-0700 (5h 4m 52s ago)
2016-05-29 17:26:58.189891 : process/grounding/factor/inf1_istrue_has_spouse/dump_weights/run.sh
2016-05-29 17:26:58.189910 : mark_done process/grounding/factor/inf1_istrue_has_spouse/dump_weights
2016-05-29 17:26:58.189928 : ##############################################################################
2016-05-29 17:26:58.189949 
2016-05-29 17:26:58.189968 : ## process/grounding/factor/inf_imply_has_spouse_has_spouse/assign_weight_id #
2016-05-29 17:26:58.190034 : # Done: 2016-05-29T12:22:06-0700 (5h 4m 50s ago)
2016-05-29 17:26:58.190055 : process/grounding/factor/inf_imply_has_spouse_has_spouse/assign_weight_id/run.sh
2016-05-29 17:26:58.190075 : mark_done process/grounding/factor/inf_imply_has_spouse_has_spouse/assign_weight_id
2016-05-29 17:26:58.190093 : ##############################################################################
2016-05-29 17:26:58.190112 
2016-05-29 17:26:58.190130 : ## process/grounding/factor/inf_imply_has_spouse_has_spouse/dump #############
2016-05-29 17:26:58.190150 : # Done: 2016-05-29T12:22:06-0700 (5h 4m 50s ago)
2016-05-29 17:26:58.190168 : process/grounding/factor/inf_imply_has_spouse_has_spouse/dump/run.sh
2016-05-29 17:26:58.190187 : mark_done process/grounding/factor/inf_imply_has_spouse_has_spouse/dump
2016-05-29 17:26:58.190205 : ##############################################################################
2016-05-29 17:26:58.190223 
2016-05-29 17:26:58.190240 : ## process/grounding/factor/inf_imply_has_spouse_has_spouse/dump_weights #####
2016-05-29 17:26:58.190261 : # Done: 2016-05-29T12:22:06-0700 (5h 4m 50s ago)
2016-05-29 17:26:58.190282 : process/grounding/factor/inf_imply_has_spouse_has_spouse/dump_weights/run.sh
2016-05-29 17:26:58.190303 : mark_done process/grounding/factor/inf_imply_has_spouse_has_spouse/dump_weights
2016-05-29 17:26:58.190324 : ##############################################################################
2016-05-29 17:26:58.190655 
2016-05-29 17:26:58.190700 : ## process/grounding/factor/inf_istrue_has_spouse/assign_weight_id ###########
2016-05-29 17:26:58.190721 : # Done: 2016-05-29T12:22:07-0700 (5h 4m 49s ago)
2016-05-29 17:26:58.190740 : process/grounding/factor/inf_istrue_has_spouse/assign_weight_id/run.sh
2016-05-29 17:26:58.190758 : mark_done process/grounding/factor/inf_istrue_has_spouse/assign_weight_id
2016-05-29 17:26:58.190776 : ##############################################################################
2016-05-29 17:26:58.190794 
2016-05-29 17:26:58.190812 : ## process/grounding/factor/inf_istrue_has_spouse/dump #######################
2016-05-29 17:26:58.190828 : # Done: 2016-05-29T12:22:08-0700 (5h 4m 48s ago)
2016-05-29 17:26:58.190846 : process/grounding/factor/inf_istrue_has_spouse/dump/run.sh
2016-05-29 17:26:58.190864 : mark_done process/grounding/factor/inf_istrue_has_spouse/dump
2016-05-29 17:26:58.190881 : ##############################################################################
2016-05-29 17:26:58.190900 
2016-05-29 17:26:58.190916 : ## process/grounding/factor/inf_istrue_has_spouse/dump_weights ###############
2016-05-29 17:26:58.190932 : # Done: 2016-05-29T12:22:08-0700 (5h 4m 48s ago)
2016-05-29 17:26:58.190948 : process/grounding/factor/inf_istrue_has_spouse/dump_weights/run.sh
2016-05-29 17:26:58.190966 : mark_done process/grounding/factor/inf_istrue_has_spouse/dump_weights
2016-05-29 17:26:58.190983 : ##############################################################################
2016-05-29 17:26:58.190999 
2016-05-29 17:26:58.191017 : ## process/grounding/global_weight_table #####################################
2016-05-29 17:26:58.191034 : # Done: 2016-05-29T12:22:08-0700 (5h 4m 48s ago)
2016-05-29 17:26:58.191052 : process/grounding/global_weight_table/run.sh
2016-05-29 17:26:58.191071 : mark_done process/grounding/global_weight_table
2016-05-29 17:26:58.191089 : ##############################################################################
2016-05-29 17:26:58.191107 
2016-05-29 17:26:58.191125 : ## process/grounding/variable_holdout ########################################
2016-05-29 17:26:58.191143 : # Done: 2016-05-29T12:22:09-0700 (5h 4m 47s ago)
2016-05-29 17:26:58.191161 : process/grounding/variable_holdout/run.sh
2016-05-29 17:26:58.191179 : mark_done process/grounding/variable_holdout
2016-05-29 17:26:58.191197 : ##############################################################################
2016-05-29 17:26:58.191215 
2016-05-29 17:26:58.191233 : ## process/grounding/variable/has_spouse/dump ################################
2016-05-29 17:26:58.191251 : # Done: 2016-05-29T12:22:09-0700 (5h 4m 47s ago)
2016-05-29 17:26:58.191270 : process/grounding/variable/has_spouse/dump/run.sh
2016-05-29 17:26:58.191288 : mark_done process/grounding/variable/has_spouse/dump
2016-05-29 17:26:58.191305 : ##############################################################################
2016-05-29 17:26:58.191323 
2016-05-29 17:26:58.191342 : ## process/grounding/combine_factorgraph #####################################
2016-05-29 17:26:58.191358 : # Done: 2016-05-29T12:22:10-0700 (5h 4m 46s ago)
2016-05-29 17:26:58.191377 : process/grounding/combine_factorgraph/run.sh
2016-05-29 17:26:58.191396 : mark_done process/grounding/combine_factorgraph
2016-05-29 17:26:58.191414 : ##############################################################################
2016-05-29 17:26:58.191431 
2016-05-29 17:26:58.191448 : ## model/factorgraph #########################################################
2016-05-29 17:26:58.191467 : # Done: 2016-05-29T12:22:10-0700 (5h 4m 46s ago)
2016-05-29 17:26:58.191485 : mark_done model/factorgraph
2016-05-29 17:26:58.191502 : ##############################################################################
2016-05-29 17:26:58.191520 
2016-05-29 17:26:58.191538 : ## process/model/learning ####################################################
2016-05-29 17:26:58.191556 : # Done: 2016-05-29T12:22:22-0700 (5h 4m 34s ago)
2016-05-29 17:26:58.191575 : process/model/learning/run.sh
2016-05-29 17:26:58.191593 : mark_done process/model/learning
2016-05-29 17:26:58.191611 : ##############################################################################
2016-05-29 17:26:58.191630 
2016-05-29 17:26:58.191648 : ## model/weights #############################################################
2016-05-29 17:26:58.191666 : # Done: 2016-05-29T12:22:22-0700 (5h 4m 34s ago)
2016-05-29 17:26:58.191684 : mark_done model/weights
2016-05-29 17:26:58.191701 : ##############################################################################
2016-05-29 17:26:58.191719 
2016-05-29 17:26:58.191737 : ## process/model/inference ###################################################
2016-05-29 17:26:58.191756 : # Done: 2016-05-29T12:22:22-0700 (5h 4m 34s ago)
2016-05-29 17:26:58.191774 : process/model/inference/run.sh
2016-05-29 17:26:58.191790 : mark_done process/model/inference
2016-05-29 17:26:58.191808 : ##############################################################################
2016-05-29 17:26:58.191826 
2016-05-29 17:26:58.191844 : ## model/probabilities #######################################################
2016-05-29 17:26:58.191861 : # Done: 2016-05-29T12:22:22-0700 (5h 4m 34s ago)
2016-05-29 17:26:58.191880 : mark_done model/probabilities
2016-05-29 17:26:58.191898 : ##############################################################################
2016-05-29 17:26:58.191916 
2016-05-29 17:26:58.191934 : ## process/model/load_probabilities ##########################################
2016-05-29 17:26:58.191952 : # Done: 2016-05-29T17:26:44-0700 (12s ago)
2016-05-29 17:26:58.191970 : process/model/load_probabilities/run.sh
2016-05-29 17:26:58.191988 : mark_done process/model/load_probabilities
2016-05-29 17:26:58.192006 : ##############################################################################
2016-05-29 17:26:58.192024 
2016-05-29 17:26:58.192042 : ## data/model/probabilities ##################################################
2016-05-29 17:26:58.192061 : # Done: 2016-05-29T17:26:44-0700 (13s ago)
2016-05-29 17:26:58.192079 : # no-op
2016-05-29 17:26:58.192097 : mark_done data/model/probabilities
2016-05-29 17:26:58.192115 : ##############################################################################
2016-05-29 17:26:58.192133 
2016-05-29 17:26:58.192151 ## process/model/calibration #################################################
2016-05-29 17:26:58.192169 : # Done: 2016-05-29T17:07:00-0700 (19m 57s ago)
2016-05-29 17:26:58.192191 # Done: 2016-05-29T17:07:00-0700 (19m 55s ago)
2016-05-29 17:26:58.192210 process/model/calibration/run.sh
2016-05-29 17:26:58.192228 ++ dirname process/model/calibration/run.sh
2016-05-29 17:26:58.192247 + cd process/model/calibration
2016-05-29 17:26:58.192265 + export DEEPDIVE_CURRENT_PROCESS_NAME=process/model/calibration
2016-05-29 17:26:58.192283 + DEEPDIVE_CURRENT_PROCESS_NAME=process/model/calibration
2016-05-29 17:26:58.192301 + d=../../../model/calibration-plots
2016-05-29 17:26:58.192319 + mkdir -p ../../../model/calibration-plots
2016-05-29 17:26:58.192336 + cd ../../../model/calibration-plots
2016-05-29 17:26:58.192354 + extraOutput=/Users/emerson/Documents/Github/deepdive/examples/coach_nba/run/20160529/172655.734728000/calibration
2016-05-29 17:26:58.192373 + mkdir -p /Users/emerson/Documents/Github/deepdive/examples/coach_nba/run/20160529/172655.734728000/calibration
2016-05-29 17:26:58.192390 + DEEPDIVE_CALIBRATION_NUM_BUCKETS=10
2016-05-29 17:26:58.192408 + deepdive db create_calibration_view has_spouse label
2016-05-29 17:26:58.348974 CREATE VIEW
2016-05-29 17:26:58.350443 + draw_calibration_plot has_spouse label
2016-05-29 17:26:58.566376 + cp -a has_spouse_label.png has_spouse_label.tsv /Users/emerson/Documents/Github/deepdive/examples/coach_nba/run/20160529/172655.734728000/calibration/
2016-05-29 17:26:58.574564 mark_done process/model/calibration
2016-05-29 17:26:58.590103 ##############################################################################
2016-05-29 17:26:58.590152 
2016-05-29 17:26:58.590168 ## model/calibration-plots ###################################################
2016-05-29 17:26:58.590188 : # Done: 2016-05-29T17:07:00-0700 (19m 57s ago)
2016-05-29 17:26:58.590209 # Done: 2016-05-29T17:07:00-0700 (19m 55s ago)
2016-05-29 17:26:58.590255 mark_done model/calibration-plots
2016-05-29 17:26:58.611024 ##############################################################################
2016-05-29 17:26:58.611093 
