2016-06-02 23:30:07.256563 # on dhcp-169-233-187-63.cruznet.ucsc.edu: deepdive do probabilities
2016-06-02 23:30:07.256929 # run/20160602/233004.875627000/plan.sh
2016-06-02 23:30:07.256955 # execution plan for data/model/probabilities
2016-06-02 23:30:07.256968 
2016-06-02 23:30:07.256979 : ## process/init/app ##########################################################
2016-06-02 23:30:07.256990 : # Done: 2016-05-22T17:21:25-0700 (11d 6h 8m 40s ago)
2016-06-02 23:30:07.257001 : process/init/app/run.sh
2016-06-02 23:30:07.257012 : mark_done process/init/app
2016-06-02 23:30:07.257023 : ##############################################################################
2016-06-02 23:30:07.257042 
2016-06-02 23:30:07.257072 : ## process/init/relation/articles ############################################
2016-06-02 23:30:07.257091 : # Done: 2016-05-23T12:16:43-0700 (10d 11h 13m 22s ago)
2016-06-02 23:30:07.257111 : process/init/relation/articles/run.sh
2016-06-02 23:30:07.257132 : mark_done process/init/relation/articles
2016-06-02 23:30:07.257151 : ##############################################################################
2016-06-02 23:30:07.257171 
2016-06-02 23:30:07.257190 : ## data/articles #############################################################
2016-06-02 23:30:07.257209 : # Done: 2016-05-23T12:16:43-0700 (10d 11h 13m 22s ago)
2016-06-02 23:30:07.257228 : # no-op
2016-06-02 23:30:07.257250 : mark_done data/articles
2016-06-02 23:30:07.257270 : ##############################################################################
2016-06-02 23:30:07.257288 
2016-06-02 23:30:07.257310 : ## process/ext_sentences_by_nlp_markup #######################################
2016-06-02 23:30:07.257330 : # Done: 2016-05-23T15:05:01-0700 (10d 8h 25m 4s ago)
2016-06-02 23:30:07.257348 : process/ext_sentences_by_nlp_markup/run.sh
2016-06-02 23:30:07.257366 : mark_done process/ext_sentences_by_nlp_markup
2016-06-02 23:30:07.257384 : ##############################################################################
2016-06-02 23:30:07.257405 
2016-06-02 23:30:07.257424 : ## data/sentences ############################################################
2016-06-02 23:30:07.257443 : # Done: 2016-05-23T15:05:01-0700 (10d 8h 25m 4s ago)
2016-06-02 23:30:07.257461 : # no-op
2016-06-02 23:30:07.257481 : mark_done data/sentences
2016-06-02 23:30:07.257499 : ##############################################################################
2016-06-02 23:30:07.257519 
2016-06-02 23:30:07.257537 : ## process/ext_person_mention_by_map_person_mention ##########################
2016-06-02 23:30:07.257555 : # Done: 2016-05-23T15:05:52-0700 (10d 8h 24m 13s ago)
2016-06-02 23:30:07.257577 : process/ext_person_mention_by_map_person_mention/run.sh
2016-06-02 23:30:07.257611 : mark_done process/ext_person_mention_by_map_person_mention
2016-06-02 23:30:07.257635 : ##############################################################################
2016-06-02 23:30:07.257654 
2016-06-02 23:30:07.257673 : ## data/person_mention #######################################################
2016-06-02 23:30:07.257691 : # Done: 2016-05-23T15:05:52-0700 (10d 8h 24m 13s ago)
2016-06-02 23:30:07.257709 : # no-op
2016-06-02 23:30:07.257728 : mark_done data/person_mention
2016-06-02 23:30:07.257749 : ##############################################################################
2016-06-02 23:30:07.257769 
2016-06-02 23:30:07.257789 : ## process/init/relation/spouses_dbpedia #####################################
2016-06-02 23:30:07.257809 : # Done: 2016-06-02T22:27:40-0700 (1h 2m 25s ago)
2016-06-02 23:30:07.257829 : process/init/relation/spouses_dbpedia/run.sh
2016-06-02 23:30:07.257851 : mark_done process/init/relation/spouses_dbpedia
2016-06-02 23:30:07.257882 : ##############################################################################
2016-06-02 23:30:07.257925 
2016-06-02 23:30:07.257958 : ## data/spouses_dbpedia ######################################################
2016-06-02 23:30:07.257982 : # Done: 2016-06-02T22:27:40-0700 (1h 2m 25s ago)
2016-06-02 23:30:07.258004 : # no-op
2016-06-02 23:30:07.258027 : mark_done data/spouses_dbpedia
2016-06-02 23:30:07.258048 : ##############################################################################
2016-06-02 23:30:07.258068 
2016-06-02 23:30:07.258087 : ## process/ext_team_mention_by_map_team_mention ##############################
2016-06-02 23:30:07.258106 : # Done: 2016-05-23T15:06:19-0700 (10d 8h 23m 46s ago)
2016-06-02 23:30:07.258125 : process/ext_team_mention_by_map_team_mention/run.sh
2016-06-02 23:30:07.258144 : mark_done process/ext_team_mention_by_map_team_mention
2016-06-02 23:30:07.258164 : ##############################################################################
2016-06-02 23:30:07.258184 
2016-06-02 23:30:07.258204 : ## data/team_mention #########################################################
2016-06-02 23:30:07.258224 : # Done: 2016-05-23T15:06:19-0700 (10d 8h 23m 46s ago)
2016-06-02 23:30:07.258250 : # no-op
2016-06-02 23:30:07.258272 : mark_done data/team_mention
2016-06-02 23:30:07.258293 : ##############################################################################
2016-06-02 23:30:07.258312 
2016-06-02 23:30:07.258331 : ## process/ext_num_people ####################################################
2016-06-02 23:30:07.258349 : # Done: 2016-05-23T15:06:46-0700 (10d 8h 23m 19s ago)
2016-06-02 23:30:07.258368 : process/ext_num_people/run.sh
2016-06-02 23:30:07.258387 : mark_done process/ext_num_people
2016-06-02 23:30:07.258404 : ##############################################################################
2016-06-02 23:30:07.258422 
2016-06-02 23:30:07.258441 : ## data/num_people ###########################################################
2016-06-02 23:30:07.258460 : # Done: 2016-05-23T15:06:46-0700 (10d 8h 23m 19s ago)
2016-06-02 23:30:07.258479 : # no-op
2016-06-02 23:30:07.258499 : mark_done data/num_people
2016-06-02 23:30:07.258519 : ##############################################################################
2016-06-02 23:30:07.258539 
2016-06-02 23:30:07.258559 : ## process/ext_spouse_candidate ##############################################
2016-06-02 23:30:07.258579 : # Done: 2016-05-23T15:07:38-0700 (10d 8h 22m 27s ago)
2016-06-02 23:30:07.258636 : process/ext_spouse_candidate/run.sh
2016-06-02 23:30:07.258658 : mark_done process/ext_spouse_candidate
2016-06-02 23:30:07.258678 : ##############################################################################
2016-06-02 23:30:07.258698 
2016-06-02 23:30:07.258718 : ## data/spouse_candidate #####################################################
2016-06-02 23:30:07.258737 : # Done: 2016-05-23T15:07:38-0700 (10d 8h 22m 27s ago)
2016-06-02 23:30:07.258783 : # no-op
2016-06-02 23:30:07.258806 : mark_done data/spouse_candidate
2016-06-02 23:30:07.258826 : ##############################################################################
2016-06-02 23:30:07.258846 
2016-06-02 23:30:07.258867 : ## process/ext_spouse_label__0_by_supervise ##################################
2016-06-02 23:30:07.258889 : # Done: 2016-05-23T15:08:48-0700 (10d 8h 21m 17s ago)
2016-06-02 23:30:07.258910 : process/ext_spouse_label__0_by_supervise/run.sh
2016-06-02 23:30:07.258938 : mark_done process/ext_spouse_label__0_by_supervise
2016-06-02 23:30:07.258960 : ##############################################################################
2016-06-02 23:30:07.258981 
2016-06-02 23:30:07.259002 : ## data/spouse_label__0 ######################################################
2016-06-02 23:30:07.259022 : # Done: 2016-05-23T15:08:48-0700 (10d 8h 21m 17s ago)
2016-06-02 23:30:07.259042 : # no-op
2016-06-02 23:30:07.259061 : mark_done data/spouse_label__0
2016-06-02 23:30:07.259081 : ##############################################################################
2016-06-02 23:30:07.259100 
2016-06-02 23:30:07.259121 : ## process/ext_spouse_label ##################################################
2016-06-02 23:30:07.259142 : # Done: 2016-06-02T22:28:10-0700 (1h 1m 55s ago)
2016-06-02 23:30:07.259163 : process/ext_spouse_label/run.sh
2016-06-02 23:30:07.259183 : mark_done process/ext_spouse_label
2016-06-02 23:30:07.259204 : ##############################################################################
2016-06-02 23:30:07.259225 
2016-06-02 23:30:07.259244 : ## data/spouse_label #########################################################
2016-06-02 23:30:07.259264 : # Done: 2016-06-02T22:28:10-0700 (1h 1m 55s ago)
2016-06-02 23:30:07.259286 : # no-op
2016-06-02 23:30:07.259308 : mark_done data/spouse_label
2016-06-02 23:30:07.259329 : ##############################################################################
2016-06-02 23:30:07.259349 
2016-06-02 23:30:07.259369 : ## process/ext_spouse_label_resolved #########################################
2016-06-02 23:30:07.259388 : # Done: 2016-06-02T22:28:10-0700 (1h 1m 55s ago)
2016-06-02 23:30:07.259408 : process/ext_spouse_label_resolved/run.sh
2016-06-02 23:30:07.259427 : mark_done process/ext_spouse_label_resolved
2016-06-02 23:30:07.259448 : ##############################################################################
2016-06-02 23:30:07.259468 
2016-06-02 23:30:07.259489 : ## data/spouse_label_resolved ################################################
2016-06-02 23:30:07.259510 : # Done: 2016-06-02T22:28:10-0700 (1h 1m 55s ago)
2016-06-02 23:30:07.259530 : # no-op
2016-06-02 23:30:07.259550 : mark_done data/spouse_label_resolved
2016-06-02 23:30:07.259570 : ##############################################################################
2016-06-02 23:30:07.259590 
2016-06-02 23:30:07.259612 : ## process/init/relation/spouses_dbpedia_negative ############################
2016-06-02 23:30:07.259632 : # Done: 2016-05-25T12:13:43-0700 (8d 11h 16m 22s ago)
2016-06-02 23:30:07.259652 : process/init/relation/spouses_dbpedia_negative/run.sh
2016-06-02 23:30:07.259673 : mark_done process/init/relation/spouses_dbpedia_negative
2016-06-02 23:30:07.259695 : ##############################################################################
2016-06-02 23:30:07.259716 
2016-06-02 23:30:07.259737 : ## data/spouses_dbpedia_negative #############################################
2016-06-02 23:30:07.259758 : # Done: 2016-06-02T22:50:00-0700 (40m 5s ago)
2016-06-02 23:30:07.259779 : # no-op
2016-06-02 23:30:07.259799 : mark_done data/spouses_dbpedia_negative
2016-06-02 23:30:07.259820 : ##############################################################################
2016-06-02 23:30:07.259841 
2016-06-02 23:30:07.259860 : ## process/ext_has_spouse ####################################################
2016-06-02 23:30:07.259880 : # Done: 2016-06-02T23:14:20-0700 (15m 45s ago)
2016-06-02 23:30:07.259902 : process/ext_has_spouse/run.sh
2016-06-02 23:30:07.259923 : mark_done process/ext_has_spouse
2016-06-02 23:30:07.259944 : ##############################################################################
2016-06-02 23:30:07.259966 
2016-06-02 23:30:07.259986 : ## data/has_spouse ###########################################################
2016-06-02 23:30:07.260007 : # Done: 2016-06-02T23:14:20-0700 (15m 45s ago)
2016-06-02 23:30:07.260046 : # no-op
2016-06-02 23:30:07.260080 : mark_done data/has_spouse
2016-06-02 23:30:07.260107 : ##############################################################################
2016-06-02 23:30:07.260132 
2016-06-02 23:30:07.260153 : ## process/grounding/variable_id_partition ###################################
2016-06-02 23:30:07.260175 : # Done: 2016-06-02T23:17:45-0700 (12m 20s ago)
2016-06-02 23:30:07.260198 : process/grounding/variable_id_partition/run.sh
2016-06-02 23:30:07.260220 : mark_done process/grounding/variable_id_partition
2016-06-02 23:30:07.260242 : ##############################################################################
2016-06-02 23:30:07.260263 
2016-06-02 23:30:07.260284 : ## process/grounding/variable/has_spouse/assign_id ###########################
2016-06-02 23:30:07.260307 : # Done: 2016-06-02T23:17:45-0700 (12m 20s ago)
2016-06-02 23:30:07.260330 : process/grounding/variable/has_spouse/assign_id/run.sh
2016-06-02 23:30:07.260352 : mark_done process/grounding/variable/has_spouse/assign_id
2016-06-02 23:30:07.260372 : ##############################################################################
2016-06-02 23:30:07.260389 
2016-06-02 23:30:07.260409 : ## process/grounding/factor/inf1_istrue_has_spouse/materialize ###############
2016-06-02 23:30:07.260430 : # Done: 2016-06-02T23:17:46-0700 (12m 19s ago)
2016-06-02 23:30:07.260451 : process/grounding/factor/inf1_istrue_has_spouse/materialize/run.sh
2016-06-02 23:30:07.260472 : mark_done process/grounding/factor/inf1_istrue_has_spouse/materialize
2016-06-02 23:30:07.260507 : ##############################################################################
2016-06-02 23:30:07.260530 
2016-06-02 23:30:07.260551 : ## process/grounding/factor/inf_imply_has_spouse_has_spouse/materialize ######
2016-06-02 23:30:07.260570 : # Done: 2016-06-02T23:23:19-0700 (6m 46s ago)
2016-06-02 23:30:07.260611 : process/grounding/factor/inf_imply_has_spouse_has_spouse/materialize/run.sh
2016-06-02 23:30:07.260632 : mark_done process/grounding/factor/inf_imply_has_spouse_has_spouse/materialize
2016-06-02 23:30:07.260653 : ##############################################################################
2016-06-02 23:30:07.260673 
2016-06-02 23:30:07.260695 : ## process/ext_spouse_feature_by_extract_spouse_features #####################
2016-06-02 23:30:07.260716 : # Done: 2016-05-23T15:08:09-0700 (10d 8h 21m 56s ago)
2016-06-02 23:30:07.260736 : process/ext_spouse_feature_by_extract_spouse_features/run.sh
2016-06-02 23:30:07.260755 : mark_done process/ext_spouse_feature_by_extract_spouse_features
2016-06-02 23:30:07.260798 : ##############################################################################
2016-06-02 23:30:07.260827 
2016-06-02 23:30:07.260852 : ## data/spouse_feature #######################################################
2016-06-02 23:30:07.260871 : # Done: 2016-05-23T15:08:09-0700 (10d 8h 21m 56s ago)
2016-06-02 23:30:07.260894 : # no-op
2016-06-02 23:30:07.260920 : mark_done data/spouse_feature
2016-06-02 23:30:07.260942 : ##############################################################################
2016-06-02 23:30:07.260967 
2016-06-02 23:30:07.260988 : ## process/grounding/factor/inf_istrue_has_spouse/materialize ################
2016-06-02 23:30:07.261006 : # Done: 2016-06-02T23:23:20-0700 (6m 45s ago)
2016-06-02 23:30:07.261024 : process/grounding/factor/inf_istrue_has_spouse/materialize/run.sh
2016-06-02 23:30:07.261042 : mark_done process/grounding/factor/inf_istrue_has_spouse/materialize
2016-06-02 23:30:07.261064 : ##############################################################################
2016-06-02 23:30:07.261084 
2016-06-02 23:30:07.261105 : ## process/grounding/weight_id_partition #####################################
2016-06-02 23:30:07.261125 : # Done: 2016-06-02T23:23:20-0700 (6m 45s ago)
2016-06-02 23:30:07.261145 : process/grounding/weight_id_partition/run.sh
2016-06-02 23:30:07.261163 : mark_done process/grounding/weight_id_partition
2016-06-02 23:30:07.261181 : ##############################################################################
2016-06-02 23:30:07.261201 
2016-06-02 23:30:07.261221 : ## process/grounding/factor/inf1_istrue_has_spouse/assign_weight_id ##########
2016-06-02 23:30:07.261241 : # Done: 2016-06-02T23:23:21-0700 (6m 44s ago)
2016-06-02 23:30:07.261261 : process/grounding/factor/inf1_istrue_has_spouse/assign_weight_id/run.sh
2016-06-02 23:30:07.261283 : mark_done process/grounding/factor/inf1_istrue_has_spouse/assign_weight_id
2016-06-02 23:30:07.261306 : ##############################################################################
2016-06-02 23:30:07.261327 
2016-06-02 23:30:07.261348 : ## process/grounding/factor/inf1_istrue_has_spouse/dump ######################
2016-06-02 23:30:07.261369 : # Done: 2016-06-02T23:23:22-0700 (6m 43s ago)
2016-06-02 23:30:07.261390 : process/grounding/factor/inf1_istrue_has_spouse/dump/run.sh
2016-06-02 23:30:07.261410 : mark_done process/grounding/factor/inf1_istrue_has_spouse/dump
2016-06-02 23:30:07.261432 : ##############################################################################
2016-06-02 23:30:07.261450 
2016-06-02 23:30:07.261469 : ## process/grounding/factor/inf1_istrue_has_spouse/dump_weights ##############
2016-06-02 23:30:07.261489 : # Done: 2016-06-02T23:23:22-0700 (6m 43s ago)
2016-06-02 23:30:07.261510 : process/grounding/factor/inf1_istrue_has_spouse/dump_weights/run.sh
2016-06-02 23:30:07.261532 : mark_done process/grounding/factor/inf1_istrue_has_spouse/dump_weights
2016-06-02 23:30:07.261554 : ##############################################################################
2016-06-02 23:30:07.261574 
2016-06-02 23:30:07.261595 : ## process/grounding/factor/inf_imply_has_spouse_has_spouse/assign_weight_id #
2016-06-02 23:30:07.261616 : # Done: 2016-06-02T23:23:23-0700 (6m 42s ago)
2016-06-02 23:30:07.261634 : process/grounding/factor/inf_imply_has_spouse_has_spouse/assign_weight_id/run.sh
2016-06-02 23:30:07.261653 : mark_done process/grounding/factor/inf_imply_has_spouse_has_spouse/assign_weight_id
2016-06-02 23:30:07.261672 : ##############################################################################
2016-06-02 23:30:07.261694 
2016-06-02 23:30:07.261715 : ## process/grounding/factor/inf_imply_has_spouse_has_spouse/dump #############
2016-06-02 23:30:07.261735 : # Done: 2016-06-02T23:23:23-0700 (6m 42s ago)
2016-06-02 23:30:07.261755 : process/grounding/factor/inf_imply_has_spouse_has_spouse/dump/run.sh
2016-06-02 23:30:07.261774 : mark_done process/grounding/factor/inf_imply_has_spouse_has_spouse/dump
2016-06-02 23:30:07.261793 : ##############################################################################
2016-06-02 23:30:07.261813 
2016-06-02 23:30:07.261833 : ## process/grounding/factor/inf_imply_has_spouse_has_spouse/dump_weights #####
2016-06-02 23:30:07.261856 : # Done: 2016-06-02T23:23:23-0700 (6m 42s ago)
2016-06-02 23:30:07.261878 : process/grounding/factor/inf_imply_has_spouse_has_spouse/dump_weights/run.sh
2016-06-02 23:30:07.261897 : mark_done process/grounding/factor/inf_imply_has_spouse_has_spouse/dump_weights
2016-06-02 23:30:07.261915 : ##############################################################################
2016-06-02 23:30:07.261938 
2016-06-02 23:30:07.261959 : ## process/grounding/factor/inf_istrue_has_spouse/assign_weight_id ###########
2016-06-02 23:30:07.261980 : # Done: 2016-06-02T23:23:24-0700 (6m 41s ago)
2016-06-02 23:30:07.262000 : process/grounding/factor/inf_istrue_has_spouse/assign_weight_id/run.sh
2016-06-02 23:30:07.262019 : mark_done process/grounding/factor/inf_istrue_has_spouse/assign_weight_id
2016-06-02 23:30:07.262038 : ##############################################################################
2016-06-02 23:30:07.262060 
2016-06-02 23:30:07.262081 : ## process/grounding/factor/inf_istrue_has_spouse/dump #######################
2016-06-02 23:30:07.262101 : # Done: 2016-06-02T23:23:25-0700 (6m 40s ago)
2016-06-02 23:30:07.262122 : process/grounding/factor/inf_istrue_has_spouse/dump/run.sh
2016-06-02 23:30:07.262140 : mark_done process/grounding/factor/inf_istrue_has_spouse/dump
2016-06-02 23:30:07.262159 : ##############################################################################
2016-06-02 23:30:07.262177 
2016-06-02 23:30:07.262200 : ## process/grounding/factor/inf_istrue_has_spouse/dump_weights ###############
2016-06-02 23:30:07.262220 : # Done: 2016-06-02T23:23:25-0700 (6m 41s ago)
2016-06-02 23:30:07.262241 : process/grounding/factor/inf_istrue_has_spouse/dump_weights/run.sh
2016-06-02 23:30:07.262262 : mark_done process/grounding/factor/inf_istrue_has_spouse/dump_weights
2016-06-02 23:30:07.262281 : ##############################################################################
2016-06-02 23:30:07.262298 
2016-06-02 23:30:07.262320 : ## process/grounding/global_weight_table #####################################
2016-06-02 23:30:07.262341 : # Done: 2016-06-02T23:23:26-0700 (6m 40s ago)
2016-06-02 23:30:07.262362 : process/grounding/global_weight_table/run.sh
2016-06-02 23:30:07.262384 : mark_done process/grounding/global_weight_table
2016-06-02 23:30:07.262403 : ##############################################################################
2016-06-02 23:30:07.262436 
2016-06-02 23:30:07.262465 : ## process/grounding/variable_holdout ########################################
2016-06-02 23:30:07.262486 : # Done: 2016-06-02T23:23:26-0700 (6m 40s ago)
2016-06-02 23:30:07.262506 : process/grounding/variable_holdout/run.sh
2016-06-02 23:30:07.262526 : mark_done process/grounding/variable_holdout
2016-06-02 23:30:07.262546 : ##############################################################################
2016-06-02 23:30:07.262567 
2016-06-02 23:30:07.262589 : ## process/grounding/variable/has_spouse/dump ################################
2016-06-02 23:30:07.262609 : # Done: 2016-06-02T23:23:27-0700 (6m 39s ago)
2016-06-02 23:30:07.262630 : process/grounding/variable/has_spouse/dump/run.sh
2016-06-02 23:30:07.262650 : mark_done process/grounding/variable/has_spouse/dump
2016-06-02 23:30:07.262668 : ##############################################################################
2016-06-02 23:30:07.262689 
2016-06-02 23:30:07.262709 : ## process/grounding/combine_factorgraph #####################################
2016-06-02 23:30:07.262730 : # Done: 2016-06-02T23:23:27-0700 (6m 39s ago)
2016-06-02 23:30:07.262750 : process/grounding/combine_factorgraph/run.sh
2016-06-02 23:30:07.262768 : mark_done process/grounding/combine_factorgraph
2016-06-02 23:30:07.262786 : ##############################################################################
2016-06-02 23:30:07.262807 
2016-06-02 23:30:07.262827 : ## model/factorgraph #########################################################
2016-06-02 23:30:07.262847 : # Done: 2016-06-02T23:23:27-0700 (6m 39s ago)
2016-06-02 23:30:07.262867 : mark_done model/factorgraph
2016-06-02 23:30:07.262886 : ##############################################################################
2016-06-02 23:30:07.262904 
2016-06-02 23:30:07.262925 : ## process/model/learning ####################################################
2016-06-02 23:30:07.262945 : # Done: 2016-06-02T23:23:40-0700 (6m 26s ago)
2016-06-02 23:30:07.262965 : process/model/learning/run.sh
2016-06-02 23:30:07.262985 : mark_done process/model/learning
2016-06-02 23:30:07.263004 : ##############################################################################
2016-06-02 23:30:07.263022 
2016-06-02 23:30:07.263043 : ## model/weights #############################################################
2016-06-02 23:30:07.263063 : # Done: 2016-06-02T23:23:40-0700 (6m 26s ago)
2016-06-02 23:30:07.263083 : mark_done model/weights
2016-06-02 23:30:07.263104 : ##############################################################################
2016-06-02 23:30:07.263125 
2016-06-02 23:30:07.263145 : ## process/model/inference ###################################################
2016-06-02 23:30:07.263166 : # Done: 2016-06-02T23:23:40-0700 (6m 26s ago)
2016-06-02 23:30:07.263188 : process/model/inference/run.sh
2016-06-02 23:30:07.263210 : mark_done process/model/inference
2016-06-02 23:30:07.263231 : ##############################################################################
2016-06-02 23:30:07.263252 
2016-06-02 23:30:07.263271 : ## model/probabilities #######################################################
2016-06-02 23:30:07.263290 : # Done: 2016-06-02T23:23:40-0700 (6m 26s ago)
2016-06-02 23:30:07.263311 : mark_done model/probabilities
2016-06-02 23:30:07.263332 : ##############################################################################
2016-06-02 23:30:07.263354 
2016-06-02 23:30:07.263372 ## process/model/load_probabilities ##########################################
2016-06-02 23:30:07.263393 : # Done: 2016-06-02T23:29:36-0700 (30s ago)
2016-06-02 23:30:07.263414 # Done: 2016-06-02T23:29:36-0700 (28s ago)
2016-06-02 23:30:07.263435 process/model/load_probabilities/run.sh
2016-06-02 23:30:07.263456 ++ dirname process/model/load_probabilities/run.sh
2016-06-02 23:30:07.263475 + cd process/model/load_probabilities
2016-06-02 23:30:07.263494 + export DEEPDIVE_CURRENT_PROCESS_NAME=process/model/load_probabilities
2016-06-02 23:30:07.263514 + DEEPDIVE_CURRENT_PROCESS_NAME=process/model/load_probabilities
2016-06-02 23:30:07.263535 + mkdir -p ../../../model
2016-06-02 23:30:07.263556 + cd ../../../model
2016-06-02 23:30:07.263576 + deepdive create table dd_inference_result_variables id:BIGINT category:BIGINT 'expectation:DOUBLE PRECISION'
2016-06-02 23:30:07.447336 CREATE TABLE
2016-06-02 23:30:07.448961 + cat probabilities/inference_result.out.text
2016-06-02 23:30:07.449079 + tr ' ' '\t'
2016-06-02 23:30:07.449195 + DEEPDIVE_LOAD_FORMAT=tsv
2016-06-02 23:30:07.449246 + deepdive load dd_inference_result_variables /dev/stdin
2016-06-02 23:30:07.552075 Loading dd_inference_result_variables from /dev/stdin (tsv format)
2016-06-02 23:30:07.598065 COPY 3211
2016-06-02 23:30:07.605224 + deepdive create view has_spouse_label_inference as '
2016-06-02 23:30:07.605299                 SELECT has_spouse.*, mir.category, mir.expectation FROM
2016-06-02 23:30:07.605324                 has_spouse, dd_inference_result_variables mir
2016-06-02 23:30:07.605408                 WHERE has_spouse.id = mir.id
2016-06-02 23:30:07.605440                 ORDER BY mir.expectation DESC
2016-06-02 23:30:07.605464                 '
2016-06-02 23:30:07.760870 CREATE VIEW
2016-06-02 23:30:07.762152 mark_done process/model/load_probabilities
2016-06-02 23:30:07.777988 ##############################################################################
2016-06-02 23:30:07.778056 
2016-06-02 23:30:07.778080 ## data/model/probabilities ##################################################
2016-06-02 23:30:07.778102 : # Done: 2016-06-02T23:29:36-0700 (30s ago)
2016-06-02 23:30:07.778124 # Done: 2016-06-02T23:29:36-0700 (28s ago)
2016-06-02 23:30:07.778144 # no-op
2016-06-02 23:30:07.778166 mark_done data/model/probabilities
2016-06-02 23:30:07.793563 ##############################################################################
2016-06-02 23:30:07.793632 
