2016-05-22 17:01:11.873910 # on eduroam-169-233-210-202.ucsc.edu: deepdive do has_spouse
2016-05-22 17:01:11.874435 # run/20160522/170110.047411000/plan.sh
2016-05-22 17:01:11.874472 # execution plan for data/has_spouse
2016-05-22 17:01:11.874496 
2016-05-22 17:01:11.874517 : ## process/init/app ##########################################################
2016-05-22 17:01:11.874538 : # Done: 2016-05-22T16:58:31-0700 (2m 39s ago)
2016-05-22 17:01:11.874558 : process/init/app/run.sh
2016-05-22 17:01:11.874578 : mark_done process/init/app
2016-05-22 17:01:11.874598 : ##############################################################################
2016-05-22 17:01:11.874619 
2016-05-22 17:01:11.874641 : ## process/init/relation/articles ############################################
2016-05-22 17:01:11.874744 : # Done: 2016-05-22T16:58:31-0700 (2m 39s ago)
2016-05-22 17:01:11.874769 : process/init/relation/articles/run.sh
2016-05-22 17:01:11.874790 : mark_done process/init/relation/articles
2016-05-22 17:01:11.874809 : ##############################################################################
2016-05-22 17:01:11.874828 
2016-05-22 17:01:11.874847 : ## data/articles #############################################################
2016-05-22 17:01:11.874866 : # Done: 2016-05-22T16:58:31-0700 (2m 39s ago)
2016-05-22 17:01:11.874884 : # no-op
2016-05-22 17:01:11.874903 : mark_done data/articles
2016-05-22 17:01:11.874923 : ##############################################################################
2016-05-22 17:01:11.874945 
2016-05-22 17:01:11.874965 : ## process/ext_sentences_by_nlp_markup #######################################
2016-05-22 17:01:11.874983 : # Done: 2016-05-22T16:59:47-0700 (1m 23s ago)
2016-05-22 17:01:11.875004 : process/ext_sentences_by_nlp_markup/run.sh
2016-05-22 17:01:11.875024 : mark_done process/ext_sentences_by_nlp_markup
2016-05-22 17:01:11.875043 : ##############################################################################
2016-05-22 17:01:11.875063 
2016-05-22 17:01:11.875083 : ## data/sentences ############################################################
2016-05-22 17:01:11.875103 : # Done: 2016-05-22T16:59:47-0700 (1m 23s ago)
2016-05-22 17:01:11.875121 : # no-op
2016-05-22 17:01:11.875139 : mark_done data/sentences
2016-05-22 17:01:11.875158 : ##############################################################################
2016-05-22 17:01:11.875178 
2016-05-22 17:01:11.875198 : ## process/ext_person_mention_by_map_person_mention ##########################
2016-05-22 17:01:11.875219 : # Done: 2016-05-22T16:59:49-0700 (1m 21s ago)
2016-05-22 17:01:11.875238 : process/ext_person_mention_by_map_person_mention/run.sh
2016-05-22 17:01:11.875258 : mark_done process/ext_person_mention_by_map_person_mention
2016-05-22 17:01:11.875280 : ##############################################################################
2016-05-22 17:01:11.875299 
2016-05-22 17:01:11.875319 : ## data/person_mention #######################################################
2016-05-22 17:01:11.875339 : # Done: 2016-05-22T16:59:49-0700 (1m 21s ago)
2016-05-22 17:01:11.875359 : # no-op
2016-05-22 17:01:11.875380 : mark_done data/person_mention
2016-05-22 17:01:11.875400 : ##############################################################################
2016-05-22 17:01:11.875420 
2016-05-22 17:01:11.875439 : ## process/ext_num_people ####################################################
2016-05-22 17:01:11.875458 : # Done: 2016-05-22T16:59:49-0700 (1m 21s ago)
2016-05-22 17:01:11.875478 : process/ext_num_people/run.sh
2016-05-22 17:01:11.875498 : mark_done process/ext_num_people
2016-05-22 17:01:11.875517 : ##############################################################################
2016-05-22 17:01:11.875536 
2016-05-22 17:01:11.875558 : ## data/num_people ###########################################################
2016-05-22 17:01:11.875578 : # Done: 2016-05-22T16:59:49-0700 (1m 21s ago)
2016-05-22 17:01:11.875599 : # no-op
2016-05-22 17:01:11.875619 : mark_done data/num_people
2016-05-22 17:01:11.875640 : ##############################################################################
2016-05-22 17:01:11.875662 
2016-05-22 17:01:11.875683 : ## process/ext_team_mention_by_map_team_mention ##############################
2016-05-22 17:01:11.875704 : # Done: 2016-05-22T16:59:50-0700 (1m 20s ago)
2016-05-22 17:01:11.875724 : process/ext_team_mention_by_map_team_mention/run.sh
2016-05-22 17:01:11.875743 : mark_done process/ext_team_mention_by_map_team_mention
2016-05-22 17:01:11.875762 : ##############################################################################
2016-05-22 17:01:11.875781 
2016-05-22 17:01:11.875801 : ## data/team_mention #########################################################
2016-05-22 17:01:11.875821 : # Done: 2016-05-22T16:59:50-0700 (1m 20s ago)
2016-05-22 17:01:11.875841 : # no-op
2016-05-22 17:01:11.875861 : mark_done data/team_mention
2016-05-22 17:01:11.875881 : ##############################################################################
2016-05-22 17:01:11.875900 
2016-05-22 17:01:11.875920 : ## process/ext_spouse_candidate ##############################################
2016-05-22 17:01:11.875940 : # Done: 2016-05-22T16:59:50-0700 (1m 20s ago)
2016-05-22 17:01:11.875960 : process/ext_spouse_candidate/run.sh
2016-05-22 17:01:11.875980 : mark_done process/ext_spouse_candidate
2016-05-22 17:01:11.876000 : ##############################################################################
2016-05-22 17:01:11.876020 
2016-05-22 17:01:11.876039 : ## data/spouse_candidate #####################################################
2016-05-22 17:01:11.876058 : # Done: 2016-05-22T16:59:50-0700 (1m 20s ago)
2016-05-22 17:01:11.876077 : # no-op
2016-05-22 17:01:11.876097 : mark_done data/spouse_candidate
2016-05-22 17:01:11.876117 : ##############################################################################
2016-05-22 17:01:11.876137 
2016-05-22 17:01:11.876157 : ## process/ext_spouse_label__0_by_supervise ##################################
2016-05-22 17:01:11.876177 : # Done: 2016-05-22T16:59:51-0700 (1m 19s ago)
2016-05-22 17:01:11.876196 : process/ext_spouse_label__0_by_supervise/run.sh
2016-05-22 17:01:11.876217 : mark_done process/ext_spouse_label__0_by_supervise
2016-05-22 17:01:11.876237 : ##############################################################################
2016-05-22 17:01:11.876256 
2016-05-22 17:01:11.876276 : ## data/spouse_label__0 ######################################################
2016-05-22 17:01:11.876296 : # Done: 2016-05-22T16:59:51-0700 (1m 19s ago)
2016-05-22 17:01:11.876316 : # no-op
2016-05-22 17:01:11.876335 : mark_done data/spouse_label__0
2016-05-22 17:01:11.876354 : ##############################################################################
2016-05-22 17:01:11.876374 
2016-05-22 17:01:11.876396 : ## process/init/relation/spouses_dbpedia #####################################
2016-05-22 17:01:11.876416 : # Done: 2016-05-22T16:59:52-0700 (1m 18s ago)
2016-05-22 17:01:11.876436 : process/init/relation/spouses_dbpedia/run.sh
2016-05-22 17:01:11.876456 : mark_done process/init/relation/spouses_dbpedia
2016-05-22 17:01:11.876475 : ##############################################################################
2016-05-22 17:01:11.876495 
2016-05-22 17:01:11.876515 : ## data/spouses_dbpedia ######################################################
2016-05-22 17:01:11.876535 : # Done: 2016-05-22T16:59:52-0700 (1m 18s ago)
2016-05-22 17:01:11.876554 : # no-op
2016-05-22 17:01:11.876574 : mark_done data/spouses_dbpedia
2016-05-22 17:01:11.876593 : ##############################################################################
2016-05-22 17:01:11.876613 
2016-05-22 17:01:11.876633 : ## process/ext_spouse_label ##################################################
2016-05-22 17:01:11.876652 : # Done: 2016-05-22T16:59:52-0700 (1m 18s ago)
2016-05-22 17:01:11.876673 : process/ext_spouse_label/run.sh
2016-05-22 17:01:11.876693 : mark_done process/ext_spouse_label
2016-05-22 17:01:11.876712 : ##############################################################################
2016-05-22 17:01:11.876731 
2016-05-22 17:01:11.876751 : ## data/spouse_label #########################################################
2016-05-22 17:01:11.876770 : # Done: 2016-05-22T16:59:52-0700 (1m 18s ago)
2016-05-22 17:01:11.876789 : # no-op
2016-05-22 17:01:11.876809 : mark_done data/spouse_label
2016-05-22 17:01:11.876829 : ##############################################################################
2016-05-22 17:01:11.876848 
2016-05-22 17:01:11.876868 ## process/ext_spouse_label_resolved #########################################
2016-05-22 17:01:11.876887 # Done: 2016-05-22T15:50:41-0700 (1h 10m 29s ago)
2016-05-22 17:01:11.876907 process/ext_spouse_label_resolved/run.sh
2016-05-22 17:01:11.876927 ++ dirname process/ext_spouse_label_resolved/run.sh
2016-05-22 17:01:11.876947 + cd process/ext_spouse_label_resolved
2016-05-22 17:01:11.876967 + export DEEPDIVE_CURRENT_PROCESS_NAME=process/ext_spouse_label_resolved
2016-05-22 17:01:11.876986 + DEEPDIVE_CURRENT_PROCESS_NAME=process/ext_spouse_label_resolved
2016-05-22 17:01:11.877007 + deepdive create view spouse_label_resolved as 'SELECT R0.p_id AS column_0, R0.t_id AS column_1, SUM(R0.label) AS column_2
2016-05-22 17:01:11.877027 FROM spouse_label R0
2016-05-22 17:01:11.877046         
2016-05-22 17:01:11.877066         GROUP BY R0.p_id, R0.t_id'
2016-05-22 17:01:12.007371 CREATE VIEW
2016-05-22 17:01:12.009132 mark_done process/ext_spouse_label_resolved
2016-05-22 17:01:12.028762 ##############################################################################
2016-05-22 17:01:12.028838 
2016-05-22 17:01:12.028873 ## data/spouse_label_resolved ################################################
2016-05-22 17:01:12.028898 # Done: 2016-05-22T15:50:41-0700 (1h 10m 29s ago)
2016-05-22 17:01:12.028922 # no-op
2016-05-22 17:01:12.028961 mark_done data/spouse_label_resolved
2016-05-22 17:01:12.051350 ##############################################################################
2016-05-22 17:01:12.051410 
2016-05-22 17:01:12.051440 ## process/ext_has_spouse ####################################################
2016-05-22 17:01:12.051462 # Done: 2016-05-22T16:48:45-0700 (12m 25s ago)
2016-05-22 17:01:12.051484 process/ext_has_spouse/run.sh
2016-05-22 17:01:12.061383 ++ dirname process/ext_has_spouse/run.sh
2016-05-22 17:01:12.064955 + cd process/ext_has_spouse
2016-05-22 17:01:12.065026 + export DEEPDIVE_CURRENT_PROCESS_NAME=process/ext_has_spouse
2016-05-22 17:01:12.065061 + DEEPDIVE_CURRENT_PROCESS_NAME=process/ext_has_spouse
2016-05-22 17:01:12.065087 + deepdive create table has_spouse
2016-05-22 17:01:12.213153 NOTICE:  table "has_spouse" does not exist, skipping
2016-05-22 17:01:12.220066 CREATE TABLE
2016-05-22 17:01:12.221062 + deepdive sql 'INSERT INTO has_spouse SELECT DISTINCT R0.column_0, R0.column_1, 0 AS id, 
2016-05-22 17:01:12.221125 CASE WHEN R0.column_2 > 0 THEN true
2016-05-22 17:01:12.221173      WHEN R0.column_2 < 0 THEN false
2016-05-22 17:01:12.221200      ELSE NULL
2016-05-22 17:01:12.221218 END AS label
2016-05-22 17:01:12.221237           FROM spouse_label_resolved R0
2016-05-22 17:01:12.221257         
2016-05-22 17:01:12.221277           '
2016-05-22 17:01:12.315947 INSERT 0 0
2016-05-22 17:01:12.317340 mark_done process/ext_has_spouse
2016-05-22 17:01:12.336215 ##############################################################################
2016-05-22 17:01:12.336294 
2016-05-22 17:01:12.336328 ## data/has_spouse ###########################################################
2016-05-22 17:01:12.336353 # Done: 2016-05-22T16:48:45-0700 (12m 25s ago)
2016-05-22 17:01:12.336374 # no-op
2016-05-22 17:01:12.336434 mark_done data/has_spouse
2016-05-22 17:01:12.360466 ##############################################################################
2016-05-22 17:01:12.360541 
