2016-05-22 17:26:59.003194 # on eduroam-169-233-210-202.ucsc.edu: deepdive do spouse_feature
2016-05-22 17:26:59.003477 # run/20160522/172657.575307000/plan.sh
2016-05-22 17:26:59.003507 # execution plan for data/spouse_feature
2016-05-22 17:26:59.003531 
2016-05-22 17:26:59.003550 : ## process/init/app ##########################################################
2016-05-22 17:26:59.003570 : # Done: 2016-05-22T17:21:25-0700 (5m 32s ago)
2016-05-22 17:26:59.003591 : process/init/app/run.sh
2016-05-22 17:26:59.003610 : mark_done process/init/app
2016-05-22 17:26:59.003628 : ##############################################################################
2016-05-22 17:26:59.003649 
2016-05-22 17:26:59.003670 : ## process/init/relation/articles ############################################
2016-05-22 17:26:59.003699 : # Done: 2016-05-22T17:23:58-0700 (2m 59s ago)
2016-05-22 17:26:59.003722 : process/init/relation/articles/run.sh
2016-05-22 17:26:59.003743 : mark_done process/init/relation/articles
2016-05-22 17:26:59.003764 : ##############################################################################
2016-05-22 17:26:59.003785 
2016-05-22 17:26:59.003805 : ## data/articles #############################################################
2016-05-22 17:26:59.003824 : # Done: 2016-05-22T17:23:58-0700 (2m 59s ago)
2016-05-22 17:26:59.003844 : # no-op
2016-05-22 17:26:59.003865 : mark_done data/articles
2016-05-22 17:26:59.003886 : ##############################################################################
2016-05-22 17:26:59.003906 
2016-05-22 17:26:59.003927 : ## process/ext_sentences_by_nlp_markup #######################################
2016-05-22 17:26:59.003949 : # Done: 2016-05-22T17:25:59-0700 (58s ago)
2016-05-22 17:26:59.003969 : process/ext_sentences_by_nlp_markup/run.sh
2016-05-22 17:26:59.003990 : mark_done process/ext_sentences_by_nlp_markup
2016-05-22 17:26:59.004010 : ##############################################################################
2016-05-22 17:26:59.004030 
2016-05-22 17:26:59.004051 : ## data/sentences ############################################################
2016-05-22 17:26:59.004072 : # Done: 2016-05-22T17:26:00-0700 (57s ago)
2016-05-22 17:26:59.004093 : # no-op
2016-05-22 17:26:59.004113 : mark_done data/sentences
2016-05-22 17:26:59.004133 : ##############################################################################
2016-05-22 17:26:59.004152 
2016-05-22 17:26:59.004173 : ## process/ext_person_mention_by_map_person_mention ##########################
2016-05-22 17:26:59.004192 : # Done: 2016-05-22T17:26:11-0700 (46s ago)
2016-05-22 17:26:59.004213 : process/ext_person_mention_by_map_person_mention/run.sh
2016-05-22 17:26:59.004234 : mark_done process/ext_person_mention_by_map_person_mention
2016-05-22 17:26:59.004253 : ##############################################################################
2016-05-22 17:26:59.004273 
2016-05-22 17:26:59.004295 : ## data/person_mention #######################################################
2016-05-22 17:26:59.004315 : # Done: 2016-05-22T17:26:11-0700 (46s ago)
2016-05-22 17:26:59.004336 : # no-op
2016-05-22 17:26:59.004363 : mark_done data/person_mention
2016-05-22 17:26:59.004386 : ##############################################################################
2016-05-22 17:26:59.004405 
2016-05-22 17:26:59.004425 : ## process/ext_team_mention_by_map_team_mention ##############################
2016-05-22 17:26:59.004446 : # Done: 2016-05-22T17:26:26-0700 (31s ago)
2016-05-22 17:26:59.004468 : process/ext_team_mention_by_map_team_mention/run.sh
2016-05-22 17:26:59.004488 : mark_done process/ext_team_mention_by_map_team_mention
2016-05-22 17:26:59.004509 : ##############################################################################
2016-05-22 17:26:59.004531 
2016-05-22 17:26:59.004551 : ## data/team_mention #########################################################
2016-05-22 17:26:59.004571 : # Done: 2016-05-22T17:26:26-0700 (31s ago)
2016-05-22 17:26:59.004592 : # no-op
2016-05-22 17:26:59.004613 : mark_done data/team_mention
2016-05-22 17:26:59.004632 : ##############################################################################
2016-05-22 17:26:59.004654 
2016-05-22 17:26:59.004674 ## process/ext_spouse_feature_by_extract_spouse_features #####################
2016-05-22 17:26:59.004696 # Done: 2016-05-22T17:07:55-0700 (19m 2s ago)
2016-05-22 17:26:59.004717 process/ext_spouse_feature_by_extract_spouse_features/run.sh
2016-05-22 17:26:59.004740 ++ dirname process/ext_spouse_feature_by_extract_spouse_features/run.sh
2016-05-22 17:26:59.004761 + cd process/ext_spouse_feature_by_extract_spouse_features
2016-05-22 17:26:59.004782 + export DEEPDIVE_CURRENT_PROCESS_NAME=process/ext_spouse_feature_by_extract_spouse_features
2016-05-22 17:26:59.004804 + DEEPDIVE_CURRENT_PROCESS_NAME=process/ext_spouse_feature_by_extract_spouse_features
2016-05-22 17:26:59.004824 + export DEEPDIVE_LOAD_FORMAT=tsv
2016-05-22 17:26:59.004847 + DEEPDIVE_LOAD_FORMAT=tsv
2016-05-22 17:26:59.004871 + deepdive compute execute 'input_sql= SELECT R0.mention_id AS "person_mention.R0.mention_id", R1.team_id AS "team_mention.R1.team_id", R0.begin_index AS "person_mention.R0.begin_index", R0.end_index AS "person_mention.R0.end_index", R1.begin_index AS "team_mention.R1.begin_index", R1.end_index AS "team_mention.R1.end_index", R0.doc_id AS "person_mention.R0.doc_id", R0.sentence_index AS "person_mention.R0.sentence_index", R2.tokens AS "sentences.R2.tokens", R2.lemmas AS "sentences.R2.lemmas", R2.pos_tags AS "sentences.R2.pos_tags", R2.ner_tags AS "sentences.R2.ner_tags", R2.dep_types AS "sentences.R2.dep_types", R2.dep_tokens AS "sentences.R2.dep_tokens"
2016-05-22 17:26:59.004894 FROM person_mention R0, team_mention R1, sentences R2
2016-05-22 17:26:59.004914         WHERE R1.doc_id = R0.doc_id  AND R1.sentence_index = R0.sentence_index  AND R2.doc_id = R0.doc_id  AND R2.sentence_index = R0.sentence_index 
2016-05-22 17:26:59.004934           ' 'command="$DEEPDIVE_APP"/udf/extract_spouse_features.py' output_relation=spouse_feature
2016-05-22 17:26:59.053126 Executing with the following configuration:
2016-05-22 17:26:59.053274  DEEPDIVE_NUM_PROCESSES=3
2016-05-22 17:26:59.053311  DEEPDIVE_NUM_PARALLEL_UNLOADS=1
2016-05-22 17:26:59.053338  DEEPDIVE_NUM_PARALLEL_LOADS=1
2016-05-22 17:26:59.053362  output_relation_tmp=dd_tmp_spouse_feature
2016-05-22 17:26:59.053412 
2016-05-22 17:26:59.217701 NOTICE:  table "spouse_feature" does not exist, skipping
2016-05-22 17:26:59.223052 CREATE TABLE
2016-05-22 17:26:59.323233 CREATE TABLE
2016-05-22 17:26:59.483686 unloading to feed_processes-1: ' SELECT R0.mention_id AS "person_mention.R0.mention_id", R1.team_id AS "team_mention.R1.team_id", R0.begin_index AS "person_mention.R0.begin_index", R0.end_index AS "person_mention.R0.end_index", R1.begin_index AS "team_mention.R1.begin_index", R1.end_index AS "team_mention.R1.end_index", R0.doc_id AS "person_mention.R0.doc_id", R0.sentence_index AS "person_mention.R0.sentence_index", R2.tokens AS "sentences.R2.tokens", R2.lemmas AS "sentences.R2.lemmas", R2.pos_tags AS "sentences.R2.pos_tags", R2.ner_tags AS "sentences.R2.ner_tags", R2.dep_types AS "sentences.R2.dep_types", R2.dep_tokens AS "sentences.R2.dep_tokens"
2016-05-22 17:26:59.483747 FROM person_mention R0, team_mention R1, sentences R2
2016-05-22 17:26:59.483770         WHERE R1.doc_id = R0.doc_id  AND R1.sentence_index = R0.sentence_index  AND R2.doc_id = R0.doc_id  AND R2.sentence_index = R0.sentence_index 
2016-05-22 17:26:59.483793           '
2016-05-22 17:26:59.543192 Loading dd_tmp_spouse_feature from output_computed-1 (tsv format)
2016-05-22 17:26:59.791828 COPY 10151
2016-05-22 17:26:59.798313 Replacing spouse_feature with dd_tmp_spouse_feature
2016-05-22 17:26:59.869779 DROP TABLE
2016-05-22 17:26:59.944864 ALTER TABLE
2016-05-22 17:27:00.026970 ALTER TABLE
2016-05-22 17:27:00.103676 DROP TABLE
2016-05-22 17:27:00.168410 ANALYZE
2016-05-22 17:27:00.173946 mark_done process/ext_spouse_feature_by_extract_spouse_features
2016-05-22 17:27:00.190703 ##############################################################################
2016-05-22 17:27:00.190761 
2016-05-22 17:27:00.190784 ## data/spouse_feature #######################################################
2016-05-22 17:27:00.190804 # Done: 2016-05-22T17:07:55-0700 (19m 2s ago)
2016-05-22 17:27:00.190825 # no-op
2016-05-22 17:27:00.190845 mark_done data/spouse_feature
2016-05-22 17:27:00.220827 ##############################################################################
2016-05-22 17:27:00.220884 
