2016-05-30 23:35:18.915081 # on dhcp-169-233-170-85.cruznet.ucsc.edu: deepdive do probabilities
2016-05-30 23:35:18.915397 # run/20160530/233515.647543000/plan.sh
2016-05-30 23:35:18.915433 # execution plan for data/model/probabilities
2016-05-30 23:35:18.915460 
2016-05-30 23:35:18.915482 : ## process/init/app ##########################################################
2016-05-30 23:35:18.915501 : # Done: 2016-05-22T17:21:25-0700 (8d 6h 13m 50s ago)
2016-05-30 23:35:18.915521 : process/init/app/run.sh
2016-05-30 23:35:18.915539 : mark_done process/init/app
2016-05-30 23:35:18.915560 : ##############################################################################
2016-05-30 23:35:18.915580 
2016-05-30 23:35:18.915600 : ## process/init/relation/articles ############################################
2016-05-30 23:35:18.915621 : # Done: 2016-05-23T12:16:43-0700 (7d 11h 18m 32s ago)
2016-05-30 23:35:18.915643 : process/init/relation/articles/run.sh
2016-05-30 23:35:18.915664 : mark_done process/init/relation/articles
2016-05-30 23:35:18.915685 : ##############################################################################
2016-05-30 23:35:18.915705 
2016-05-30 23:35:18.915727 : ## data/articles #############################################################
2016-05-30 23:35:18.915747 : # Done: 2016-05-23T12:16:43-0700 (7d 11h 18m 32s ago)
2016-05-30 23:35:18.915770 : # no-op
2016-05-30 23:35:18.915791 : mark_done data/articles
2016-05-30 23:35:18.915812 : ##############################################################################
2016-05-30 23:35:18.915833 
2016-05-30 23:35:18.915853 : ## process/ext_sentences_by_nlp_markup #######################################
2016-05-30 23:35:18.915898 : # Done: 2016-05-23T15:05:01-0700 (7d 8h 30m 14s ago)
2016-05-30 23:35:18.915937 : process/ext_sentences_by_nlp_markup/run.sh
2016-05-30 23:35:18.915961 : mark_done process/ext_sentences_by_nlp_markup
2016-05-30 23:35:18.915984 : ##############################################################################
2016-05-30 23:35:18.916006 
2016-05-30 23:35:18.916028 : ## data/sentences ############################################################
2016-05-30 23:35:18.916050 : # Done: 2016-05-23T15:05:01-0700 (7d 8h 30m 14s ago)
2016-05-30 23:35:18.916072 : # no-op
2016-05-30 23:35:18.916107 : mark_done data/sentences
2016-05-30 23:35:18.916132 : ##############################################################################
2016-05-30 23:35:18.916152 
2016-05-30 23:35:18.916174 : ## process/ext_person_mention_by_map_person_mention ##########################
2016-05-30 23:35:18.916195 : # Done: 2016-05-23T15:05:52-0700 (7d 8h 29m 23s ago)
2016-05-30 23:35:18.916214 : process/ext_person_mention_by_map_person_mention/run.sh
2016-05-30 23:35:18.916233 : mark_done process/ext_person_mention_by_map_person_mention
2016-05-30 23:35:18.916255 : ##############################################################################
2016-05-30 23:35:18.916276 
2016-05-30 23:35:18.916296 : ## data/person_mention #######################################################
2016-05-30 23:35:18.916316 : # Done: 2016-05-23T15:05:52-0700 (7d 8h 29m 23s ago)
2016-05-30 23:35:18.916335 : # no-op
2016-05-30 23:35:18.916357 : mark_done data/person_mention
2016-05-30 23:35:18.916378 : ##############################################################################
2016-05-30 23:35:18.916398 
2016-05-30 23:35:18.916419 : ## process/init/relation/spouses_dbpedia #####################################
2016-05-30 23:35:18.916438 : # Done: 2016-05-23T15:08:28-0700 (7d 8h 26m 47s ago)
2016-05-30 23:35:18.916457 : process/init/relation/spouses_dbpedia/run.sh
2016-05-30 23:35:18.916478 : mark_done process/init/relation/spouses_dbpedia
2016-05-30 23:35:18.916498 : ##############################################################################
2016-05-30 23:35:18.916520 
2016-05-30 23:35:18.916543 : ## data/spouses_dbpedia ######################################################
2016-05-30 23:35:18.916563 : # Done: 2016-05-23T15:08:28-0700 (7d 8h 26m 47s ago)
2016-05-30 23:35:18.916583 : # no-op
2016-05-30 23:35:18.916618 : mark_done data/spouses_dbpedia
2016-05-30 23:35:18.916656 : ##############################################################################
2016-05-30 23:35:18.916683 
2016-05-30 23:35:18.916707 : ## process/ext_team_mention_by_map_team_mention ##############################
2016-05-30 23:35:18.916728 : # Done: 2016-05-23T15:06:19-0700 (7d 8h 28m 56s ago)
2016-05-30 23:35:18.916748 : process/ext_team_mention_by_map_team_mention/run.sh
2016-05-30 23:35:18.916771 : mark_done process/ext_team_mention_by_map_team_mention
2016-05-30 23:35:18.916789 : ##############################################################################
2016-05-30 23:35:18.916809 
2016-05-30 23:35:18.916829 : ## data/team_mention #########################################################
2016-05-30 23:35:18.916849 : # Done: 2016-05-23T15:06:19-0700 (7d 8h 28m 57s ago)
2016-05-30 23:35:18.916869 : # no-op
2016-05-30 23:35:18.916890 : mark_done data/team_mention
2016-05-30 23:35:18.916910 : ##############################################################################
2016-05-30 23:35:18.916928 
2016-05-30 23:35:18.916945 : ## process/ext_num_people ####################################################
2016-05-30 23:35:18.916962 : # Done: 2016-05-23T15:06:46-0700 (7d 8h 28m 30s ago)
2016-05-30 23:35:18.916978 : process/ext_num_people/run.sh
2016-05-30 23:35:18.917032 : mark_done process/ext_num_people
2016-05-30 23:35:18.917064 : ##############################################################################
2016-05-30 23:35:18.917086 
2016-05-30 23:35:18.917107 : ## data/num_people ###########################################################
2016-05-30 23:35:18.917127 : # Done: 2016-05-23T15:06:46-0700 (7d 8h 28m 30s ago)
2016-05-30 23:35:18.917148 : # no-op
2016-05-30 23:35:18.917169 : mark_done data/num_people
2016-05-30 23:35:18.917191 : ##############################################################################
2016-05-30 23:35:18.917211 
2016-05-30 23:35:18.917234 : ## process/ext_spouse_candidate ##############################################
2016-05-30 23:35:18.917253 : # Done: 2016-05-23T15:07:38-0700 (7d 8h 27m 38s ago)
2016-05-30 23:35:18.917272 : process/ext_spouse_candidate/run.sh
2016-05-30 23:35:18.917291 : mark_done process/ext_spouse_candidate
2016-05-30 23:35:18.917311 : ##############################################################################
2016-05-30 23:35:18.917333 
2016-05-30 23:35:18.917358 : ## data/spouse_candidate #####################################################
2016-05-30 23:35:18.917380 : # Done: 2016-05-23T15:07:38-0700 (7d 8h 27m 38s ago)
2016-05-30 23:35:18.917400 : # no-op
2016-05-30 23:35:18.917421 : mark_done data/spouse_candidate
2016-05-30 23:35:18.917443 : ##############################################################################
2016-05-30 23:35:18.917465 
2016-05-30 23:35:18.917486 : ## process/ext_spouse_label__0_by_supervise ##################################
2016-05-30 23:35:18.917508 : # Done: 2016-05-23T15:08:48-0700 (7d 8h 26m 28s ago)
2016-05-30 23:35:18.917529 : process/ext_spouse_label__0_by_supervise/run.sh
2016-05-30 23:35:18.917551 : mark_done process/ext_spouse_label__0_by_supervise
2016-05-30 23:35:18.917574 : ##############################################################################
2016-05-30 23:35:18.917597 
2016-05-30 23:35:18.917618 : ## data/spouse_label__0 ######################################################
2016-05-30 23:35:18.917637 : # Done: 2016-05-23T15:08:48-0700 (7d 8h 26m 28s ago)
2016-05-30 23:35:18.917663 : # no-op
2016-05-30 23:35:18.917685 : mark_done data/spouse_label__0
2016-05-30 23:35:18.917705 : ##############################################################################
2016-05-30 23:35:18.917727 
2016-05-30 23:35:18.917746 : ## process/ext_spouse_label ##################################################
2016-05-30 23:35:18.917764 : # Done: 2016-05-23T15:08:50-0700 (7d 8h 26m 26s ago)
2016-05-30 23:35:18.917783 : process/ext_spouse_label/run.sh
2016-05-30 23:35:18.917803 : mark_done process/ext_spouse_label
2016-05-30 23:35:18.917823 : ##############################################################################
2016-05-30 23:35:18.917845 
2016-05-30 23:35:18.917865 : ## data/spouse_label #########################################################
2016-05-30 23:35:18.917884 : # Done: 2016-05-23T15:08:50-0700 (7d 8h 26m 26s ago)
2016-05-30 23:35:18.917904 : # no-op
2016-05-30 23:35:18.917923 : mark_done data/spouse_label
2016-05-30 23:35:18.917944 : ##############################################################################
2016-05-30 23:35:18.917965 
2016-05-30 23:35:18.917986 : ## process/ext_spouse_label_resolved #########################################
2016-05-30 23:35:18.918005 : # Done: 2016-05-23T15:08:50-0700 (7d 8h 26m 26s ago)
2016-05-30 23:35:18.918024 : process/ext_spouse_label_resolved/run.sh
2016-05-30 23:35:18.918043 : mark_done process/ext_spouse_label_resolved
2016-05-30 23:35:18.918064 : ##############################################################################
2016-05-30 23:35:18.918082 
2016-05-30 23:35:18.918101 : ## data/spouse_label_resolved ################################################
2016-05-30 23:35:18.918120 : # Done: 2016-05-23T15:08:50-0700 (7d 8h 26m 26s ago)
2016-05-30 23:35:18.918140 : # no-op
2016-05-30 23:35:18.918161 : mark_done data/spouse_label_resolved
2016-05-30 23:35:18.918198 : ##############################################################################
2016-05-30 23:35:18.918253 
2016-05-30 23:35:18.918281 : ## process/init/relation/spouses_dbpedia_negative ############################
2016-05-30 23:35:18.918306 : # Done: 2016-05-25T12:13:43-0700 (5d 11h 21m 33s ago)
2016-05-30 23:35:18.918331 : process/init/relation/spouses_dbpedia_negative/run.sh
2016-05-30 23:35:18.918353 : mark_done process/init/relation/spouses_dbpedia_negative
2016-05-30 23:35:18.918375 : ##############################################################################
2016-05-30 23:35:18.918397 
2016-05-30 23:35:18.918420 : ## data/spouses_dbpedia_negative #############################################
2016-05-30 23:35:18.918440 : # Done: 2016-05-25T12:13:43-0700 (5d 11h 21m 33s ago)
2016-05-30 23:35:18.918460 : # no-op
2016-05-30 23:35:18.918480 : mark_done data/spouses_dbpedia_negative
2016-05-30 23:35:18.918503 : ##############################################################################
2016-05-30 23:35:18.918526 
2016-05-30 23:35:18.918546 : ## process/ext_has_spouse ####################################################
2016-05-30 23:35:18.918568 : # Done: 2016-05-29T12:10:14-0700 (1d 11h 25m 2s ago)
2016-05-30 23:35:18.918590 : process/ext_has_spouse/run.sh
2016-05-30 23:35:18.918613 : mark_done process/ext_has_spouse
2016-05-30 23:35:18.918636 : ##############################################################################
2016-05-30 23:35:18.918656 
2016-05-30 23:35:18.918677 : ## data/has_spouse ###########################################################
2016-05-30 23:35:18.918699 : # Done: 2016-05-29T12:10:14-0700 (1d 11h 25m 2s ago)
2016-05-30 23:35:18.918721 : # no-op
2016-05-30 23:35:18.918742 : mark_done data/has_spouse
2016-05-30 23:35:18.918763 : ##############################################################################
2016-05-30 23:35:18.918785 
2016-05-30 23:35:18.918808 : ## process/grounding/variable_id_partition ###################################
2016-05-30 23:35:18.918830 : # Done: 2016-05-30T23:28:10-0700 (7m 6s ago)
2016-05-30 23:35:18.918852 : process/grounding/variable_id_partition/run.sh
2016-05-30 23:35:18.918874 : mark_done process/grounding/variable_id_partition
2016-05-30 23:35:18.918896 : ##############################################################################
2016-05-30 23:35:18.918917 
2016-05-30 23:35:18.918940 : ## process/grounding/variable/has_spouse/assign_id ###########################
2016-05-30 23:35:18.918960 : # Done: 2016-05-30T23:28:10-0700 (7m 6s ago)
2016-05-30 23:35:18.918980 : process/grounding/variable/has_spouse/assign_id/run.sh
2016-05-30 23:35:18.919002 : mark_done process/grounding/variable/has_spouse/assign_id
2016-05-30 23:35:18.919026 : ##############################################################################
2016-05-30 23:35:18.919048 
2016-05-30 23:35:18.919069 : ## process/grounding/factor/inf1_istrue_has_spouse/materialize ###############
2016-05-30 23:35:18.919091 : # Done: 2016-05-30T23:28:10-0700 (7m 6s ago)
2016-05-30 23:35:18.919113 : process/grounding/factor/inf1_istrue_has_spouse/materialize/run.sh
2016-05-30 23:35:18.919134 : mark_done process/grounding/factor/inf1_istrue_has_spouse/materialize
2016-05-30 23:35:18.919160 : ##############################################################################
2016-05-30 23:35:18.919178 
2016-05-30 23:35:18.919198 : ## process/grounding/factor/inf_imply_has_spouse_has_spouse/materialize ######
2016-05-30 23:35:18.919222 : # Done: 2016-05-30T23:28:11-0700 (7m 5s ago)
2016-05-30 23:35:18.919244 : process/grounding/factor/inf_imply_has_spouse_has_spouse/materialize/run.sh
2016-05-30 23:35:18.919267 : mark_done process/grounding/factor/inf_imply_has_spouse_has_spouse/materialize
2016-05-30 23:35:18.919289 : ##############################################################################
2016-05-30 23:35:18.919311 
2016-05-30 23:35:18.919334 : ## process/ext_spouse_feature_by_extract_spouse_features #####################
2016-05-30 23:35:18.919357 : # Done: 2016-05-23T15:08:09-0700 (7d 8h 27m 7s ago)
2016-05-30 23:35:18.919378 : process/ext_spouse_feature_by_extract_spouse_features/run.sh
2016-05-30 23:35:18.919399 : mark_done process/ext_spouse_feature_by_extract_spouse_features
2016-05-30 23:35:18.919422 : ##############################################################################
2016-05-30 23:35:18.919444 
2016-05-30 23:35:18.919466 : ## data/spouse_feature #######################################################
2016-05-30 23:35:18.919487 : # Done: 2016-05-23T15:08:09-0700 (7d 8h 27m 7s ago)
2016-05-30 23:35:18.919508 : # no-op
2016-05-30 23:35:18.919530 : mark_done data/spouse_feature
2016-05-30 23:35:18.919553 : ##############################################################################
2016-05-30 23:35:18.919575 
2016-05-30 23:35:18.919612 : ## process/grounding/factor/inf_istrue_has_spouse/materialize ################
2016-05-30 23:35:18.919648 : # Done: 2016-05-30T23:28:12-0700 (7m 4s ago)
2016-05-30 23:35:18.919673 : process/grounding/factor/inf_istrue_has_spouse/materialize/run.sh
2016-05-30 23:35:18.919695 : mark_done process/grounding/factor/inf_istrue_has_spouse/materialize
2016-05-30 23:35:18.919715 : ##############################################################################
2016-05-30 23:35:18.919746 
2016-05-30 23:35:18.919777 : ## process/grounding/weight_id_partition #####################################
2016-05-30 23:35:18.919800 : # Done: 2016-05-30T23:28:12-0700 (7m 4s ago)
2016-05-30 23:35:18.919824 : process/grounding/weight_id_partition/run.sh
2016-05-30 23:35:18.919848 : mark_done process/grounding/weight_id_partition
2016-05-30 23:35:18.919871 : ##############################################################################
2016-05-30 23:35:18.919892 
2016-05-30 23:35:18.919915 : ## process/grounding/factor/inf1_istrue_has_spouse/assign_weight_id ##########
2016-05-30 23:35:18.919937 : # Done: 2016-05-30T23:28:12-0700 (7m 4s ago)
2016-05-30 23:35:18.919959 : process/grounding/factor/inf1_istrue_has_spouse/assign_weight_id/run.sh
2016-05-30 23:35:18.919981 : mark_done process/grounding/factor/inf1_istrue_has_spouse/assign_weight_id
2016-05-30 23:35:18.920004 : ##############################################################################
2016-05-30 23:35:18.920026 
2016-05-30 23:35:18.920049 : ## process/grounding/factor/inf1_istrue_has_spouse/dump ######################
2016-05-30 23:35:18.920071 : # Done: 2016-05-30T23:28:14-0700 (7m 2s ago)
2016-05-30 23:35:18.920092 : process/grounding/factor/inf1_istrue_has_spouse/dump/run.sh
2016-05-30 23:35:18.920122 : mark_done process/grounding/factor/inf1_istrue_has_spouse/dump
2016-05-30 23:35:18.920146 : ##############################################################################
2016-05-30 23:35:18.920167 
2016-05-30 23:35:18.920188 : ## process/grounding/factor/inf1_istrue_has_spouse/dump_weights ##############
2016-05-30 23:35:18.920209 : # Done: 2016-05-30T23:28:14-0700 (7m 2s ago)
2016-05-30 23:35:18.920229 : process/grounding/factor/inf1_istrue_has_spouse/dump_weights/run.sh
2016-05-30 23:35:18.920251 : mark_done process/grounding/factor/inf1_istrue_has_spouse/dump_weights
2016-05-30 23:35:18.920272 : ##############################################################################
2016-05-30 23:35:18.920292 
2016-05-30 23:35:18.920312 : ## process/grounding/factor/inf_imply_has_spouse_has_spouse/assign_weight_id #
2016-05-30 23:35:18.920331 : # Done: 2016-05-30T23:28:14-0700 (7m 2s ago)
2016-05-30 23:35:18.920350 : process/grounding/factor/inf_imply_has_spouse_has_spouse/assign_weight_id/run.sh
2016-05-30 23:35:18.920370 : mark_done process/grounding/factor/inf_imply_has_spouse_has_spouse/assign_weight_id
2016-05-30 23:35:18.920390 : ##############################################################################
2016-05-30 23:35:18.920412 
2016-05-30 23:35:18.920432 : ## process/grounding/factor/inf_imply_has_spouse_has_spouse/dump #############
2016-05-30 23:35:18.920452 : # Done: 2016-05-30T23:28:15-0700 (7m 1s ago)
2016-05-30 23:35:18.920472 : process/grounding/factor/inf_imply_has_spouse_has_spouse/dump/run.sh
2016-05-30 23:35:18.920492 : mark_done process/grounding/factor/inf_imply_has_spouse_has_spouse/dump
2016-05-30 23:35:18.920511 : ##############################################################################
2016-05-30 23:35:18.920532 
2016-05-30 23:35:18.920552 : ## process/grounding/factor/inf_imply_has_spouse_has_spouse/dump_weights #####
2016-05-30 23:35:18.920573 : # Done: 2016-05-30T23:28:15-0700 (7m 1s ago)
2016-05-30 23:35:18.920593 : process/grounding/factor/inf_imply_has_spouse_has_spouse/dump_weights/run.sh
2016-05-30 23:35:18.920613 : mark_done process/grounding/factor/inf_imply_has_spouse_has_spouse/dump_weights
2016-05-30 23:35:18.920634 : ##############################################################################
2016-05-30 23:35:18.920654 
2016-05-30 23:35:18.920676 : ## process/grounding/factor/inf_istrue_has_spouse/assign_weight_id ###########
2016-05-30 23:35:18.920696 : # Done: 2016-05-30T23:28:15-0700 (7m 1s ago)
2016-05-30 23:35:18.920716 : process/grounding/factor/inf_istrue_has_spouse/assign_weight_id/run.sh
2016-05-30 23:35:18.920739 : mark_done process/grounding/factor/inf_istrue_has_spouse/assign_weight_id
2016-05-30 23:35:18.920758 : ##############################################################################
2016-05-30 23:35:18.920779 
2016-05-30 23:35:18.920800 : ## process/grounding/factor/inf_istrue_has_spouse/dump #######################
2016-05-30 23:35:18.920821 : # Done: 2016-05-30T23:28:17-0700 (6m 59s ago)
2016-05-30 23:35:18.920839 : process/grounding/factor/inf_istrue_has_spouse/dump/run.sh
2016-05-30 23:35:18.920858 : mark_done process/grounding/factor/inf_istrue_has_spouse/dump
2016-05-30 23:35:18.920877 : ##############################################################################
2016-05-30 23:35:18.920920 
2016-05-30 23:35:18.920966 : ## process/grounding/factor/inf_istrue_has_spouse/dump_weights ###############
2016-05-30 23:35:18.920993 : # Done: 2016-05-30T23:28:17-0700 (6m 59s ago)
2016-05-30 23:35:18.921019 : process/grounding/factor/inf_istrue_has_spouse/dump_weights/run.sh
2016-05-30 23:35:18.921041 : mark_done process/grounding/factor/inf_istrue_has_spouse/dump_weights
2016-05-30 23:35:18.921061 : ##############################################################################
2016-05-30 23:35:18.921119 
2016-05-30 23:35:18.921147 : ## process/grounding/global_weight_table #####################################
2016-05-30 23:35:18.921166 : # Done: 2016-05-30T23:28:17-0700 (6m 59s ago)
2016-05-30 23:35:18.921182 : process/grounding/global_weight_table/run.sh
2016-05-30 23:35:18.921200 : mark_done process/grounding/global_weight_table
2016-05-30 23:35:18.921217 : ##############################################################################
2016-05-30 23:35:18.921234 
2016-05-30 23:35:18.921249 : ## process/grounding/variable_holdout ########################################
2016-05-30 23:35:18.921267 : # Done: 2016-05-30T23:28:18-0700 (6m 58s ago)
2016-05-30 23:35:18.921283 : process/grounding/variable_holdout/run.sh
2016-05-30 23:35:18.921299 : mark_done process/grounding/variable_holdout
2016-05-30 23:35:18.921316 : ##############################################################################
2016-05-30 23:35:18.921334 
2016-05-30 23:35:18.921351 : ## process/grounding/variable/has_spouse/dump ################################
2016-05-30 23:35:18.921367 : # Done: 2016-05-30T23:28:18-0700 (6m 58s ago)
2016-05-30 23:35:18.921385 : process/grounding/variable/has_spouse/dump/run.sh
2016-05-30 23:35:18.921403 : mark_done process/grounding/variable/has_spouse/dump
2016-05-30 23:35:18.921420 : ##############################################################################
2016-05-30 23:35:18.921436 
2016-05-30 23:35:18.921451 : ## process/grounding/combine_factorgraph #####################################
2016-05-30 23:35:18.921467 : # Done: 2016-05-30T23:28:18-0700 (6m 58s ago)
2016-05-30 23:35:18.921501 : process/grounding/combine_factorgraph/run.sh
2016-05-30 23:35:18.921611 : mark_done process/grounding/combine_factorgraph
2016-05-30 23:35:18.921637 : ##############################################################################
2016-05-30 23:35:18.921655 
2016-05-30 23:35:18.921674 : ## model/factorgraph #########################################################
2016-05-30 23:35:18.921810 : # Done: 2016-05-30T23:28:34-0700 (6m 42s ago)
2016-05-30 23:35:18.921870 : mark_done model/factorgraph
2016-05-30 23:35:18.921894 : ##############################################################################
2016-05-30 23:35:18.921916 
2016-05-30 23:35:18.921937 : ## process/model/learning ####################################################
2016-05-30 23:35:18.921957 : # Done: 2016-05-30T23:28:48-0700 (6m 28s ago)
2016-05-30 23:35:18.921978 : process/model/learning/run.sh
2016-05-30 23:35:18.921999 : mark_done process/model/learning
2016-05-30 23:35:18.922018 : ##############################################################################
2016-05-30 23:35:18.922036 
2016-05-30 23:35:18.922055 : ## model/weights #############################################################
2016-05-30 23:35:18.922075 : # Done: 2016-05-30T23:28:48-0700 (6m 28s ago)
2016-05-30 23:35:18.922094 : mark_done model/weights
2016-05-30 23:35:18.922114 : ##############################################################################
2016-05-30 23:35:18.922137 
2016-05-30 23:35:18.922157 : ## process/model/inference ###################################################
2016-05-30 23:35:18.922177 : # Done: 2016-05-30T23:29:55-0700 (5m 21s ago)
2016-05-30 23:35:18.922218 : process/model/inference/run.sh
2016-05-30 23:35:18.922245 : mark_done process/model/inference
2016-05-30 23:35:18.922267 : ##############################################################################
2016-05-30 23:35:18.922289 
2016-05-30 23:35:18.922308 : ## model/probabilities #######################################################
2016-05-30 23:35:18.922330 : # Done: 2016-05-30T23:29:55-0700 (5m 21s ago)
2016-05-30 23:35:18.922351 : mark_done model/probabilities
2016-05-30 23:35:18.922372 : ##############################################################################
2016-05-30 23:35:18.922393 
2016-05-30 23:35:18.922414 ## process/model/load_probabilities ##########################################
2016-05-30 23:35:18.922433 : # Done: 2016-05-30T23:33:54-0700 (1m 22s ago)
2016-05-30 23:35:18.922453 # Done: 2016-05-30T23:33:54-0700 (1m 21s ago)
2016-05-30 23:35:18.922474 process/model/load_probabilities/run.sh
2016-05-30 23:35:18.922497 ++ dirname process/model/load_probabilities/run.sh
2016-05-30 23:35:18.922517 + cd process/model/load_probabilities
2016-05-30 23:35:18.922537 + export DEEPDIVE_CURRENT_PROCESS_NAME=process/model/load_probabilities
2016-05-30 23:35:18.922555 + DEEPDIVE_CURRENT_PROCESS_NAME=process/model/load_probabilities
2016-05-30 23:35:18.922572 + mkdir -p ../../../model
2016-05-30 23:35:18.922591 + cd ../../../model
2016-05-30 23:35:18.922611 + deepdive create table dd_inference_result_variables id:BIGINT category:BIGINT 'expectation:DOUBLE PRECISION'
2016-05-30 23:35:19.114191 CREATE TABLE
2016-05-30 23:35:19.115857 + cat probabilities/inference_result.out.text
2016-05-30 23:35:19.116057 + tr ' ' '\t'
2016-05-30 23:35:19.116404 + DEEPDIVE_LOAD_FORMAT=tsv
2016-05-30 23:35:19.116454 + deepdive load dd_inference_result_variables /dev/stdin
2016-05-30 23:35:19.216788 Loading dd_inference_result_variables from /dev/stdin (tsv format)
2016-05-30 23:35:19.261190 COPY 3211
2016-05-30 23:35:19.270230 + deepdive create view has_spouse_label_inference as '
2016-05-30 23:35:19.270305                 SELECT has_spouse.*, mir.category, mir.expectation FROM
2016-05-30 23:35:19.270338                 has_spouse, dd_inference_result_variables mir
2016-05-30 23:35:19.270365                 WHERE has_spouse.id = mir.id
2016-05-30 23:35:19.270612                 ORDER BY mir.expectation DESC
2016-05-30 23:35:19.270661                 '
2016-05-30 23:35:19.417852 CREATE VIEW
2016-05-30 23:35:19.419528 mark_done process/model/load_probabilities
2016-05-30 23:35:19.435953 ##############################################################################
2016-05-30 23:35:19.436004 
2016-05-30 23:35:19.436020 ## data/model/probabilities ##################################################
2016-05-30 23:35:19.436040 : # Done: 2016-05-30T23:33:54-0700 (1m 22s ago)
2016-05-30 23:35:19.436061 # Done: 2016-05-30T23:33:54-0700 (1m 21s ago)
2016-05-30 23:35:19.436080 # no-op
2016-05-30 23:35:19.436126 mark_done data/model/probabilities
2016-05-30 23:35:19.451854 ##############################################################################
2016-05-30 23:35:19.451937 
