2016-06-02 22:27:46.545574 # on dhcp-169-233-187-63.cruznet.ucsc.edu: deepdive do spouses_dbpedia_negative
2016-06-02 22:27:46.545892 # run/20160602/222745.375476000/plan.sh
2016-06-02 22:27:46.545914 # execution plan for data/spouses_dbpedia_negative
2016-06-02 22:27:46.545928 
2016-06-02 22:27:46.545940 : ## process/init/app ##########################################################
2016-06-02 22:27:46.545951 : # Done: 2016-05-22T17:21:25-0700 (11d 5h 6m 20s ago)
2016-06-02 22:27:46.545963 : process/init/app/run.sh
2016-06-02 22:27:46.545975 : mark_done process/init/app
2016-06-02 22:27:46.545986 : ##############################################################################
2016-06-02 22:27:46.545998 
2016-06-02 22:27:46.546010 : ## process/init/relation/spouses_dbpedia_negative ############################
2016-06-02 22:27:46.546021 : # Done: 2016-05-25T12:13:43-0700 (8d 10h 14m 2s ago)
2016-06-02 22:27:46.546069 : process/init/relation/spouses_dbpedia_negative/run.sh
2016-06-02 22:27:46.546098 : mark_done process/init/relation/spouses_dbpedia_negative
2016-06-02 22:27:46.546119 : ##############################################################################
2016-06-02 22:27:46.546138 
2016-06-02 22:27:46.546156 ## data/spouses_dbpedia_negative #############################################
2016-06-02 22:27:46.546175 # Done: 2016-05-25T12:13:43-0700 (8d 10h 14m 2s ago)
2016-06-02 22:27:46.546193 # no-op
2016-06-02 22:27:46.546211 mark_done data/spouses_dbpedia_negative
2016-06-02 22:27:46.546229 ##############################################################################
2016-06-02 22:27:46.546248 
