2016-05-21 15:40:27.457283 # on dhcp-169-233-138-157.cruznet.ucsc.edu: deepdive do has_spouse
2016-05-21 15:40:27.457587 # run/20160521/154025.395991000/plan.sh
2016-05-21 15:40:27.457616 # execution plan for data/has_spouse
2016-05-21 15:40:27.457637 
2016-05-21 15:40:27.457658 : ## process/init/app ##########################################################
2016-05-21 15:40:27.457678 : # Done: 2016-05-20T15:47:44-0700 (23h 52m 41s ago)
2016-05-21 15:40:27.457697 : process/init/app/run.sh
2016-05-21 15:40:27.457732 : mark_done process/init/app
2016-05-21 15:40:27.457762 : ##############################################################################
2016-05-21 15:40:27.457784 
2016-05-21 15:40:27.457804 : ## process/init/relation/articles ############################################
2016-05-21 15:40:27.457825 : # Done: 2016-05-20T19:16:48-0700 (20h 23m 37s ago)
2016-05-21 15:40:27.457846 : process/init/relation/articles/run.sh
2016-05-21 15:40:27.457866 : mark_done process/init/relation/articles
2016-05-21 15:40:27.457887 : ##############################################################################
2016-05-21 15:40:27.457909 
2016-05-21 15:40:27.457928 : ## data/articles #############################################################
2016-05-21 15:40:27.457948 : # Done: 2016-05-20T19:16:48-0700 (20h 23m 37s ago)
2016-05-21 15:40:27.457970 : # no-op
2016-05-21 15:40:27.457992 : mark_done data/articles
2016-05-21 15:40:27.458014 : ##############################################################################
2016-05-21 15:40:27.458035 
2016-05-21 15:40:27.458056 : ## process/ext_sentences_by_nlp_markup #######################################
2016-05-21 15:40:27.458078 : # Done: 2016-05-20T19:20:04-0700 (20h 20m 21s ago)
2016-05-21 15:40:27.458100 : process/ext_sentences_by_nlp_markup/run.sh
2016-05-21 15:40:27.458122 : mark_done process/ext_sentences_by_nlp_markup
2016-05-21 15:40:27.458144 : ##############################################################################
2016-05-21 15:40:27.458167 
2016-05-21 15:40:27.458188 : ## data/sentences ############################################################
2016-05-21 15:40:27.458210 : # Done: 2016-05-20T19:20:04-0700 (20h 20m 21s ago)
2016-05-21 15:40:27.458230 : # no-op
2016-05-21 15:40:27.458264 : mark_done data/sentences
2016-05-21 15:40:27.458306 : ##############################################################################
2016-05-21 15:40:27.458334 
2016-05-21 15:40:27.458356 : ## process/ext_person_mention_by_map_person_mention ##########################
2016-05-21 15:40:27.458377 : # Done: 2016-05-20T20:58:22-0700 (18h 42m 3s ago)
2016-05-21 15:40:27.458401 : process/ext_person_mention_by_map_person_mention/run.sh
2016-05-21 15:40:27.458424 : mark_done process/ext_person_mention_by_map_person_mention
2016-05-21 15:40:27.458447 : ##############################################################################
2016-05-21 15:40:27.458469 
2016-05-21 15:40:27.458491 : ## data/person_mention #######################################################
2016-05-21 15:40:27.458514 : # Done: 2016-05-20T20:58:22-0700 (18h 42m 3s ago)
2016-05-21 15:40:27.458536 : # no-op
2016-05-21 15:40:27.458561 : mark_done data/person_mention
2016-05-21 15:40:27.458584 : ##############################################################################
2016-05-21 15:40:27.458606 
2016-05-21 15:40:27.458629 : ## process/ext_num_people ####################################################
2016-05-21 15:40:27.458651 : # Done: 2016-05-20T21:35:41-0700 (18h 4m 44s ago)
2016-05-21 15:40:27.458681 : process/ext_num_people/run.sh
2016-05-21 15:40:27.458702 : mark_done process/ext_num_people
2016-05-21 15:40:27.458720 : ##############################################################################
2016-05-21 15:40:27.458741 
2016-05-21 15:40:27.458763 : ## data/num_people ###########################################################
2016-05-21 15:40:27.458785 : # Done: 2016-05-20T21:35:41-0700 (18h 4m 44s ago)
2016-05-21 15:40:27.458808 : # no-op
2016-05-21 15:40:27.458828 : mark_done data/num_people
2016-05-21 15:40:27.458858 : ##############################################################################
2016-05-21 15:40:27.458883 
2016-05-21 15:40:27.458904 : ## process/ext_team_mention_by_map_team_mention ##############################
2016-05-21 15:40:27.458927 : # Done: 2016-05-20T21:23:06-0700 (18h 17m 19s ago)
2016-05-21 15:40:27.458948 : process/ext_team_mention_by_map_team_mention/run.sh
2016-05-21 15:40:27.458966 : mark_done process/ext_team_mention_by_map_team_mention
2016-05-21 15:40:27.458987 : ##############################################################################
2016-05-21 15:40:27.459010 
2016-05-21 15:40:27.459032 : ## data/team_mention #########################################################
2016-05-21 15:40:27.459054 : # Done: 2016-05-20T22:05:04-0700 (17h 35m 21s ago)
2016-05-21 15:40:27.459073 : # no-op
2016-05-21 15:40:27.459094 : mark_done data/team_mention
2016-05-21 15:40:27.459116 : ##############################################################################
2016-05-21 15:40:27.459138 
2016-05-21 15:40:27.459162 : ## process/ext_spouse_candidate ##############################################
2016-05-21 15:40:27.459182 : # Done: 2016-05-20T22:17:52-0700 (17h 22m 33s ago)
2016-05-21 15:40:27.459203 : process/ext_spouse_candidate/run.sh
2016-05-21 15:40:27.459224 : mark_done process/ext_spouse_candidate
2016-05-21 15:40:27.459245 : ##############################################################################
2016-05-21 15:40:27.459269 
2016-05-21 15:40:27.459289 : ## data/spouse_candidate #####################################################
2016-05-21 15:40:27.459309 : # Done: 2016-05-20T22:17:52-0700 (17h 22m 33s ago)
2016-05-21 15:40:27.459330 : # no-op
2016-05-21 15:40:27.459353 : mark_done data/spouse_candidate
2016-05-21 15:40:27.459376 : ##############################################################################
2016-05-21 15:40:27.459398 
2016-05-21 15:40:27.459433 : ## process/ext_spouse_label__0_by_supervise ##################################
2016-05-21 15:40:27.459455 : # Done: 2016-05-20T22:17:53-0700 (17h 22m 32s ago)
2016-05-21 15:40:27.459477 : process/ext_spouse_label__0_by_supervise/run.sh
2016-05-21 15:40:27.459499 : mark_done process/ext_spouse_label__0_by_supervise
2016-05-21 15:40:27.459518 : ##############################################################################
2016-05-21 15:40:27.459588 
2016-05-21 15:40:27.459620 : ## data/spouse_label__0 ######################################################
2016-05-21 15:40:27.459657 : # Done: 2016-05-20T22:17:53-0700 (17h 22m 32s ago)
2016-05-21 15:40:27.459686 : # no-op
2016-05-21 15:40:27.459710 : mark_done data/spouse_label__0
2016-05-21 15:40:27.459734 : ##############################################################################
2016-05-21 15:40:27.459757 
2016-05-21 15:40:27.459779 : ## process/init/relation/spouses_dbpedia #####################################
2016-05-21 15:40:27.459802 : # Done: 2016-05-21T12:09:26-0700 (3h 30m 59s ago)
2016-05-21 15:40:27.459824 : process/init/relation/spouses_dbpedia/run.sh
2016-05-21 15:40:27.459848 : mark_done process/init/relation/spouses_dbpedia
2016-05-21 15:40:27.459869 : ##############################################################################
2016-05-21 15:40:27.459890 
2016-05-21 15:40:27.459913 : ## data/spouses_dbpedia ######################################################
2016-05-21 15:40:27.459935 : # Done: 2016-05-21T12:09:26-0700 (3h 30m 59s ago)
2016-05-21 15:40:27.459957 : # no-op
2016-05-21 15:40:27.459978 : mark_done data/spouses_dbpedia
2016-05-21 15:40:27.459998 : ##############################################################################
2016-05-21 15:40:27.460019 
2016-05-21 15:40:27.460042 : ## process/ext_spouse_label ##################################################
2016-05-21 15:40:27.460063 : # Done: 2016-05-21T15:28:40-0700 (11m 45s ago)
2016-05-21 15:40:27.460086 : process/ext_spouse_label/run.sh
2016-05-21 15:40:27.460107 : mark_done process/ext_spouse_label
2016-05-21 15:40:27.460129 : ##############################################################################
2016-05-21 15:40:27.460152 
2016-05-21 15:40:27.460174 : ## data/spouse_label #########################################################
2016-05-21 15:40:27.460197 : # Done: 2016-05-21T15:28:40-0700 (11m 45s ago)
2016-05-21 15:40:27.460219 : # no-op
2016-05-21 15:40:27.460240 : mark_done data/spouse_label
2016-05-21 15:40:27.460262 : ##############################################################################
2016-05-21 15:40:27.460283 
2016-05-21 15:40:27.460302 : ## process/ext_spouse_label_resolved #########################################
2016-05-21 15:40:27.460320 : # Done: 2016-05-21T15:28:41-0700 (11m 44s ago)
2016-05-21 15:40:27.460342 : process/ext_spouse_label_resolved/run.sh
2016-05-21 15:40:27.460363 : mark_done process/ext_spouse_label_resolved
2016-05-21 15:40:27.460383 : ##############################################################################
2016-05-21 15:40:27.460404 
2016-05-21 15:40:27.460424 : ## data/spouse_label_resolved ################################################
2016-05-21 15:40:27.460443 : # Done: 2016-05-21T15:28:41-0700 (11m 44s ago)
2016-05-21 15:40:27.460461 : # no-op
2016-05-21 15:40:27.460482 : mark_done data/spouse_label_resolved
2016-05-21 15:40:27.460502 : ##############################################################################
2016-05-21 15:40:27.460520 
2016-05-21 15:40:27.460538 ## process/ext_has_spouse ####################################################
2016-05-21 15:40:27.460579 # Done: 2016-05-21T15:37:32-0700 (2m 53s ago)
2016-05-21 15:40:27.460619 process/ext_has_spouse/run.sh
2016-05-21 15:40:27.460646 ++ dirname process/ext_has_spouse/run.sh
2016-05-21 15:40:27.460669 + cd process/ext_has_spouse
2016-05-21 15:40:27.460690 + export DEEPDIVE_CURRENT_PROCESS_NAME=process/ext_has_spouse
2016-05-21 15:40:27.460711 + DEEPDIVE_CURRENT_PROCESS_NAME=process/ext_has_spouse
2016-05-21 15:40:27.460755 + deepdive create table has_spouse
2016-05-21 15:40:27.565533 CREATE TABLE
2016-05-21 15:40:27.566483 + deepdive sql 'INSERT INTO has_spouse SELECT DISTINCT R0.column_0, R0.column_1, 0 AS id, 
2016-05-21 15:40:27.566541 CASE WHEN R0.column_2 > 0 THEN true
2016-05-21 15:40:27.566560      WHEN R0.column_2 < 0 THEN false
2016-05-21 15:40:27.566577      ELSE NULL
2016-05-21 15:40:27.566596 END AS label
2016-05-21 15:40:27.566614           FROM spouse_label_resolved R0
2016-05-21 15:40:27.566634         
2016-05-21 15:40:27.566655           '
2016-05-21 15:40:27.647768 INSERT 0 103
2016-05-21 15:40:27.648937 mark_done process/ext_has_spouse
2016-05-21 15:40:27.664312 ##############################################################################
2016-05-21 15:40:27.664385 
2016-05-21 15:40:27.664407 ## data/has_spouse ###########################################################
2016-05-21 15:40:27.664428 : # Done: 2016-05-21T15:37:32-0700 (2m 54s ago)
2016-05-21 15:40:27.664449 # Done: 2016-05-21T15:37:32-0700 (2m 53s ago)
2016-05-21 15:40:27.664503 # no-op
2016-05-21 15:40:27.664529 mark_done data/has_spouse
2016-05-21 15:40:27.681301 ##############################################################################
2016-05-21 15:40:27.681354 
