2016-05-22 12:14:13.566722 # on eduroam-169-233-210-202.ucsc.edu: deepdive do team_mention
2016-05-22 12:14:13.567001 # run/20160522/121412.115906000/plan.sh
2016-05-22 12:14:13.567029 # execution plan for data/team_mention
2016-05-22 12:14:13.567049 
2016-05-22 12:14:13.567070 : ## process/init/app ##########################################################
2016-05-22 12:14:13.567092 : # Done: 2016-05-22T11:25:05-0700 (49m 7s ago)
2016-05-22 12:14:13.567110 : process/init/app/run.sh
2016-05-22 12:14:13.567129 : mark_done process/init/app
2016-05-22 12:14:13.567163 : ##############################################################################
2016-05-22 12:14:13.567188 
2016-05-22 12:14:13.567209 : ## process/init/relation/articles ############################################
2016-05-22 12:14:13.567230 : # Done: 2016-05-22T11:55:52-0700 (18m 20s ago)
2016-05-22 12:14:13.567251 : process/init/relation/articles/run.sh
2016-05-22 12:14:13.567272 : mark_done process/init/relation/articles
2016-05-22 12:14:13.567293 : ##############################################################################
2016-05-22 12:14:13.567313 
2016-05-22 12:14:13.567334 : ## data/articles #############################################################
2016-05-22 12:14:13.567361 : # Done: 2016-05-22T11:55:52-0700 (18m 20s ago)
2016-05-22 12:14:13.567381 : # no-op
2016-05-22 12:14:13.567402 : mark_done data/articles
2016-05-22 12:14:13.567425 : ##############################################################################
2016-05-22 12:14:13.567447 
2016-05-22 12:14:13.567470 : ## process/ext_sentences_by_nlp_markup #######################################
2016-05-22 12:14:13.567492 : # Done: 2016-05-22T11:57:59-0700 (16m 13s ago)
2016-05-22 12:14:13.567514 : process/ext_sentences_by_nlp_markup/run.sh
2016-05-22 12:14:13.567533 : mark_done process/ext_sentences_by_nlp_markup
2016-05-22 12:14:13.567552 : ##############################################################################
2016-05-22 12:14:13.567608 
2016-05-22 12:14:13.567631 : ## data/sentences ############################################################
2016-05-22 12:14:13.567689 : # Done: 2016-05-22T11:57:59-0700 (16m 13s ago)
2016-05-22 12:14:13.567728 : # no-op
2016-05-22 12:14:13.567748 : mark_done data/sentences
2016-05-22 12:14:13.567766 : ##############################################################################
2016-05-22 12:14:13.567783 
2016-05-22 12:14:13.567800 ## process/ext_team_mention_by_map_team_mention ##############################
2016-05-22 12:14:13.567818 # Done: 2016-05-22T11:26:27-0700 (47m 45s ago)
2016-05-22 12:14:13.567836 process/ext_team_mention_by_map_team_mention/run.sh
2016-05-22 12:14:13.567853 ++ dirname process/ext_team_mention_by_map_team_mention/run.sh
2016-05-22 12:14:13.567869 + cd process/ext_team_mention_by_map_team_mention
2016-05-22 12:14:13.567887 + export DEEPDIVE_CURRENT_PROCESS_NAME=process/ext_team_mention_by_map_team_mention
2016-05-22 12:14:13.567903 + DEEPDIVE_CURRENT_PROCESS_NAME=process/ext_team_mention_by_map_team_mention
2016-05-22 12:14:13.567919 + export DEEPDIVE_LOAD_FORMAT=tsv
2016-05-22 12:14:13.567935 + DEEPDIVE_LOAD_FORMAT=tsv
2016-05-22 12:14:13.567952 + deepdive compute execute 'input_sql= SELECT R0.doc_id AS "sentences.R0.doc_id", R0.sentence_index AS "sentences.R0.sentence_index", R0.tokens AS "sentences.R0.tokens", R0.ner_tags AS "sentences.R0.ner_tags"
2016-05-22 12:14:13.567971 FROM sentences R0
2016-05-22 12:14:13.567988         
2016-05-22 12:14:13.568005           ' 'command="$DEEPDIVE_APP"/udf/map_team_mention.py' output_relation=team_mention
2016-05-22 12:14:13.614347 Executing with the following configuration:
2016-05-22 12:14:13.614410  DEEPDIVE_NUM_PROCESSES=3
2016-05-22 12:14:13.614435  DEEPDIVE_NUM_PARALLEL_UNLOADS=1
2016-05-22 12:14:13.614454  DEEPDIVE_NUM_PARALLEL_LOADS=1
2016-05-22 12:14:13.614564  output_relation_tmp=dd_tmp_team_mention
2016-05-22 12:14:13.614594 
2016-05-22 12:14:13.813253 CREATE TABLE
2016-05-22 12:14:13.914273 CREATE TABLE
2016-05-22 12:14:14.089201 unloading to feed_processes-1: ' SELECT R0.doc_id AS "sentences.R0.doc_id", R0.sentence_index AS "sentences.R0.sentence_index", R0.tokens AS "sentences.R0.tokens", R0.ner_tags AS "sentences.R0.ner_tags"
2016-05-22 12:14:14.089281 FROM sentences R0
2016-05-22 12:14:14.089319         
2016-05-22 12:14:14.089350           '
2016-05-22 12:14:14.130935 Loading dd_tmp_team_mention from output_computed-1 (tsv format)
2016-05-22 12:14:14.303449 COPY 113
2016-05-22 12:14:14.309042 Replacing team_mention with dd_tmp_team_mention
2016-05-22 12:14:14.382866 DROP TABLE
2016-05-22 12:14:14.461822 ALTER TABLE
2016-05-22 12:14:14.538297 ALTER TABLE
2016-05-22 12:14:14.620139 DROP TABLE
2016-05-22 12:14:14.653466 ANALYZE
2016-05-22 12:14:14.663618 mark_done process/ext_team_mention_by_map_team_mention
2016-05-22 12:14:14.684811 ##############################################################################
2016-05-22 12:14:14.684872 
2016-05-22 12:14:14.684892 ## data/team_mention #########################################################
2016-05-22 12:14:14.684912 # Done: 2016-05-22T11:26:27-0700 (47m 45s ago)
2016-05-22 12:14:14.684931 # no-op
2016-05-22 12:14:14.684969 mark_done data/team_mention
2016-05-22 12:14:14.701169 ##############################################################################
2016-05-22 12:14:14.701221 
