2016-05-21 15:23:06.682779 # on dhcp-169-233-138-157.cruznet.ucsc.edu: deepdive do has_spouse
2016-05-21 15:23:06.683065 # run/20160521/152304.630866000/plan.sh
2016-05-21 15:23:06.683087 # execution plan for data/has_spouse
2016-05-21 15:23:06.683100 
2016-05-21 15:23:06.683111 : ## process/init/app ##########################################################
2016-05-21 15:23:06.683121 : # Done: 2016-05-20T15:47:44-0700 (23h 35m 20s ago)
2016-05-21 15:23:06.683131 : process/init/app/run.sh
2016-05-21 15:23:06.683142 : mark_done process/init/app
2016-05-21 15:23:06.683152 : ##############################################################################
2016-05-21 15:23:06.683163 
2016-05-21 15:23:06.683173 : ## process/init/relation/articles ############################################
2016-05-21 15:23:06.683183 : # Done: 2016-05-20T19:16:48-0700 (20h 6m 16s ago)
2016-05-21 15:23:06.683193 : process/init/relation/articles/run.sh
2016-05-21 15:23:06.683203 : mark_done process/init/relation/articles
2016-05-21 15:23:06.683212 : ##############################################################################
2016-05-21 15:23:06.683223 
2016-05-21 15:23:06.683233 : ## data/articles #############################################################
2016-05-21 15:23:06.683243 : # Done: 2016-05-20T19:16:48-0700 (20h 6m 16s ago)
2016-05-21 15:23:06.683253 : # no-op
2016-05-21 15:23:06.683263 : mark_done data/articles
2016-05-21 15:23:06.683273 : ##############################################################################
2016-05-21 15:23:06.683282 
2016-05-21 15:23:06.683292 : ## process/ext_sentences_by_nlp_markup #######################################
2016-05-21 15:23:06.683302 : # Done: 2016-05-20T19:20:04-0700 (20h 3m ago)
2016-05-21 15:23:06.683312 : process/ext_sentences_by_nlp_markup/run.sh
2016-05-21 15:23:06.683321 : mark_done process/ext_sentences_by_nlp_markup
2016-05-21 15:23:06.683331 : ##############################################################################
2016-05-21 15:23:06.683341 
2016-05-21 15:23:06.683351 : ## data/sentences ############################################################
2016-05-21 15:23:06.683361 : # Done: 2016-05-20T19:20:04-0700 (20h 3m ago)
2016-05-21 15:23:06.683371 : # no-op
2016-05-21 15:23:06.683381 : mark_done data/sentences
2016-05-21 15:23:06.683391 : ##############################################################################
2016-05-21 15:23:06.683401 
2016-05-21 15:23:06.683411 : ## process/ext_person_mention_by_map_person_mention ##########################
2016-05-21 15:23:06.683421 : # Done: 2016-05-20T20:58:22-0700 (18h 24m 42s ago)
2016-05-21 15:23:06.683430 : process/ext_person_mention_by_map_person_mention/run.sh
2016-05-21 15:23:06.683440 : mark_done process/ext_person_mention_by_map_person_mention
2016-05-21 15:23:06.683450 : ##############################################################################
2016-05-21 15:23:06.683460 
2016-05-21 15:23:06.683475 : ## data/person_mention #######################################################
2016-05-21 15:23:06.683493 : # Done: 2016-05-20T20:58:22-0700 (18h 24m 42s ago)
2016-05-21 15:23:06.683513 : # no-op
2016-05-21 15:23:06.683532 : mark_done data/person_mention
2016-05-21 15:23:06.683550 : ##############################################################################
2016-05-21 15:23:06.683566 
2016-05-21 15:23:06.683585 : ## process/ext_num_people ####################################################
2016-05-21 15:23:06.683632 : # Done: 2016-05-20T21:35:41-0700 (17h 47m 24s ago)
2016-05-21 15:23:06.683661 : process/ext_num_people/run.sh
2016-05-21 15:23:06.683682 : mark_done process/ext_num_people
2016-05-21 15:23:06.683702 : ##############################################################################
2016-05-21 15:23:06.683723 
2016-05-21 15:23:06.683742 : ## data/num_people ###########################################################
2016-05-21 15:23:06.683761 : # Done: 2016-05-20T21:35:41-0700 (17h 47m 24s ago)
2016-05-21 15:23:06.683780 : # no-op
2016-05-21 15:23:06.683799 : mark_done data/num_people
2016-05-21 15:23:06.683817 : ##############################################################################
2016-05-21 15:23:06.683838 
2016-05-21 15:23:06.683856 : ## process/ext_team_mention_by_map_team_mention ##############################
2016-05-21 15:23:06.683893 : # Done: 2016-05-20T21:23:06-0700 (17h 59m 59s ago)
2016-05-21 15:23:06.683922 : process/ext_team_mention_by_map_team_mention/run.sh
2016-05-21 15:23:06.683942 : mark_done process/ext_team_mention_by_map_team_mention
2016-05-21 15:23:06.683961 : ##############################################################################
2016-05-21 15:23:06.683979 
2016-05-21 15:23:06.683997 : ## data/team_mention #########################################################
2016-05-21 15:23:06.684018 : # Done: 2016-05-20T22:05:04-0700 (17h 18m 1s ago)
2016-05-21 15:23:06.684040 : # no-op
2016-05-21 15:23:06.684062 : mark_done data/team_mention
2016-05-21 15:23:06.684083 : ##############################################################################
2016-05-21 15:23:06.684103 
2016-05-21 15:23:06.684125 : ## process/ext_spouse_candidate ##############################################
2016-05-21 15:23:06.684145 : # Done: 2016-05-20T22:17:52-0700 (17h 5m 13s ago)
2016-05-21 15:23:06.684165 : process/ext_spouse_candidate/run.sh
2016-05-21 15:23:06.684183 : mark_done process/ext_spouse_candidate
2016-05-21 15:23:06.684202 : ##############################################################################
2016-05-21 15:23:06.684223 
2016-05-21 15:23:06.684245 : ## data/spouse_candidate #####################################################
2016-05-21 15:23:06.684274 : # Done: 2016-05-20T22:17:52-0700 (17h 5m 13s ago)
2016-05-21 15:23:06.684296 : # no-op
2016-05-21 15:23:06.684331 : mark_done data/spouse_candidate
2016-05-21 15:23:06.684362 : ##############################################################################
2016-05-21 15:23:06.684384 
2016-05-21 15:23:06.684404 : ## process/ext_spouse_label__0_by_supervise ##################################
2016-05-21 15:23:06.684422 : # Done: 2016-05-20T22:17:53-0700 (17h 5m 12s ago)
2016-05-21 15:23:06.684441 : process/ext_spouse_label__0_by_supervise/run.sh
2016-05-21 15:23:06.684462 : mark_done process/ext_spouse_label__0_by_supervise
2016-05-21 15:23:06.684483 : ##############################################################################
2016-05-21 15:23:06.684503 
2016-05-21 15:23:06.684524 : ## data/spouse_label__0 ######################################################
2016-05-21 15:23:06.684544 : # Done: 2016-05-20T22:17:53-0700 (17h 5m 12s ago)
2016-05-21 15:23:06.684564 : # no-op
2016-05-21 15:23:06.684583 : mark_done data/spouse_label__0
2016-05-21 15:23:06.684602 : ##############################################################################
2016-05-21 15:23:06.684619 
2016-05-21 15:23:06.684635 : ## process/init/relation/spouses_dbpedia #####################################
2016-05-21 15:23:06.684651 : # Done: 2016-05-21T12:09:26-0700 (3h 13m 39s ago)
2016-05-21 15:23:06.684668 : process/init/relation/spouses_dbpedia/run.sh
2016-05-21 15:23:06.684688 : mark_done process/init/relation/spouses_dbpedia
2016-05-21 15:23:06.684708 : ##############################################################################
2016-05-21 15:23:06.684727 
2016-05-21 15:23:06.684747 : ## data/spouses_dbpedia ######################################################
2016-05-21 15:23:06.684767 : # Done: 2016-05-21T12:09:26-0700 (3h 13m 39s ago)
2016-05-21 15:23:06.684787 : # no-op
2016-05-21 15:23:06.684806 : mark_done data/spouses_dbpedia
2016-05-21 15:23:06.684829 : ##############################################################################
2016-05-21 15:23:06.684850 
2016-05-21 15:23:06.684871 ## process/ext_spouse_label ##################################################
2016-05-21 15:23:06.684891 : # Done: 2016-05-20T22:17:55-0700 (17h 5m 10s ago)
2016-05-21 15:23:06.684914 # Done: 2016-05-20T22:17:55-0700 (17h 5m 9s ago)
2016-05-21 15:23:06.684936 process/ext_spouse_label/run.sh
2016-05-21 15:23:06.684956 ++ dirname process/ext_spouse_label/run.sh
2016-05-21 15:23:06.684976 + cd process/ext_spouse_label
2016-05-21 15:23:06.684996 + export DEEPDIVE_CURRENT_PROCESS_NAME=process/ext_spouse_label
2016-05-21 15:23:06.685017 + DEEPDIVE_CURRENT_PROCESS_NAME=process/ext_spouse_label
2016-05-21 15:23:06.685037 + deepdive create table spouse_label
2016-05-21 15:23:06.807028 CREATE TABLE
2016-05-21 15:23:06.808172 + deepdive sql 'INSERT INTO spouse_label SELECT R0.p_id AS "spouse_candidate.R0.p_id", R0.t_id AS "spouse_candidate.R0.t_id", 0 AS column_2, NULL AS column_3
2016-05-21 15:23:06.808224 FROM spouse_candidate R0
2016-05-21 15:23:06.808248         
2016-05-21 15:23:06.808270 UNION ALL
2016-05-21 15:23:06.808292 SELECT R0.p_id AS "spouse_candidate.R0.p_id", R0.t_id AS "spouse_candidate.R0.t_id", 1 AS column_2, '\''from_dbpedia'\'' AS column_3
2016-05-21 15:23:06.808312 FROM spouse_candidate R0, spouses_dbpedia R1
2016-05-21 15:23:06.808334         WHERE ((lower(R1.p) = lower(R0.p_name) AND lower(R1.t) = lower(R0.p_name)) OR (lower(R1.t) = lower(R0.t_name) AND lower(R1.p) = lower(R0.t_name)))
2016-05-21 15:23:06.808353 UNION ALL
2016-05-21 15:23:06.808374 SELECT R0.p_id AS "spouse_label__0.R0.p_id", R0.t_id AS "spouse_label__0.R0.t_id", R0.label AS "spouse_label__0.R0.label", R0.rule_id AS "spouse_label__0.R0.rule_id"
2016-05-21 15:23:06.808429 FROM spouse_label__0 R0
2016-05-21 15:23:06.808459         '
2016-05-21 15:23:06.889299 ERROR:  column r1.p does not exist
2016-05-21 15:23:06.889369 LINE 7:         WHERE ((lower(R1.p) = lower(R0.p_name) AND lower(R1....
2016-05-21 15:23:06.889431                               ^
