2016-06-02 23:23:54.579717 # on dhcp-169-233-187-63.cruznet.ucsc.edu: deepdive do calibration-plots
2016-06-02 23:23:54.580032 # run/20160602/232350.851457000/plan.sh
2016-06-02 23:23:54.580064 # execution plan for model/calibration-plots
2016-06-02 23:23:54.580091 
2016-06-02 23:23:54.580111 : ## process/init/app ##########################################################
2016-06-02 23:23:54.580132 : # Done: 2016-05-22T17:21:25-0700 (11d 6h 2m 25s ago)
2016-06-02 23:23:54.580152 : process/init/app/run.sh
2016-06-02 23:23:54.580174 : mark_done process/init/app
2016-06-02 23:23:54.580195 : ##############################################################################
2016-06-02 23:23:54.580214 
2016-06-02 23:23:54.580233 : ## process/init/relation/articles ############################################
2016-06-02 23:23:54.580252 : # Done: 2016-05-23T12:16:43-0700 (10d 11h 7m 8s ago)
2016-06-02 23:23:54.580270 : process/init/relation/articles/run.sh
2016-06-02 23:23:54.580289 : mark_done process/init/relation/articles
2016-06-02 23:23:54.580308 : ##############################################################################
2016-06-02 23:23:54.580327 
2016-06-02 23:23:54.580346 : ## data/articles #############################################################
2016-06-02 23:23:54.580364 : # Done: 2016-05-23T12:16:43-0700 (10d 11h 7m 8s ago)
2016-06-02 23:23:54.580382 : # no-op
2016-06-02 23:23:54.580401 : mark_done data/articles
2016-06-02 23:23:54.580420 : ##############################################################################
2016-06-02 23:23:54.580439 
2016-06-02 23:23:54.580458 : ## process/ext_sentences_by_nlp_markup #######################################
2016-06-02 23:23:54.580476 : # Done: 2016-05-23T15:05:01-0700 (10d 8h 18m 50s ago)
2016-06-02 23:23:54.580495 : process/ext_sentences_by_nlp_markup/run.sh
2016-06-02 23:23:54.580513 : mark_done process/ext_sentences_by_nlp_markup
2016-06-02 23:23:54.580531 : ##############################################################################
2016-06-02 23:23:54.580550 
2016-06-02 23:23:54.580568 : ## data/sentences ############################################################
2016-06-02 23:23:54.580586 : # Done: 2016-05-23T15:05:01-0700 (10d 8h 18m 50s ago)
2016-06-02 23:23:54.580604 : # no-op
2016-06-02 23:23:54.580622 : mark_done data/sentences
2016-06-02 23:23:54.580641 : ##############################################################################
2016-06-02 23:23:54.580659 
2016-06-02 23:23:54.580677 : ## process/ext_person_mention_by_map_person_mention ##########################
2016-06-02 23:23:54.580697 : # Done: 2016-05-23T15:05:52-0700 (10d 8h 17m 59s ago)
2016-06-02 23:23:54.580715 : process/ext_person_mention_by_map_person_mention/run.sh
2016-06-02 23:23:54.580734 : mark_done process/ext_person_mention_by_map_person_mention
2016-06-02 23:23:54.580752 : ##############################################################################
2016-06-02 23:23:54.580770 
2016-06-02 23:23:54.580789 : ## data/person_mention #######################################################
2016-06-02 23:23:54.580807 : # Done: 2016-05-23T15:05:52-0700 (10d 8h 17m 59s ago)
2016-06-02 23:23:54.580825 : # no-op
2016-06-02 23:23:54.580844 : mark_done data/person_mention
2016-06-02 23:23:54.580862 : ##############################################################################
2016-06-02 23:23:54.580880 
2016-06-02 23:23:54.580898 : ## process/init/relation/spouses_dbpedia #####################################
2016-06-02 23:23:54.580916 : # Done: 2016-06-02T22:27:40-0700 (56m 11s ago)
2016-06-02 23:23:54.580935 : process/init/relation/spouses_dbpedia/run.sh
2016-06-02 23:23:54.580953 : mark_done process/init/relation/spouses_dbpedia
2016-06-02 23:23:54.580971 : ##############################################################################
2016-06-02 23:23:54.580989 
2016-06-02 23:23:54.581007 : ## data/spouses_dbpedia ######################################################
2016-06-02 23:23:54.581025 : # Done: 2016-06-02T22:27:40-0700 (56m 11s ago)
2016-06-02 23:23:54.581044 : # no-op
2016-06-02 23:23:54.581062 : mark_done data/spouses_dbpedia
2016-06-02 23:23:54.581080 : ##############################################################################
2016-06-02 23:23:54.581098 
2016-06-02 23:23:54.581116 : ## process/ext_team_mention_by_map_team_mention ##############################
2016-06-02 23:23:54.581135 : # Done: 2016-05-23T15:06:19-0700 (10d 8h 17m 32s ago)
2016-06-02 23:23:54.581152 : process/ext_team_mention_by_map_team_mention/run.sh
2016-06-02 23:23:54.581172 : mark_done process/ext_team_mention_by_map_team_mention
2016-06-02 23:23:54.581190 : ##############################################################################
2016-06-02 23:23:54.581209 
2016-06-02 23:23:54.581227 : ## data/team_mention #########################################################
2016-06-02 23:23:54.581246 : # Done: 2016-05-23T15:06:19-0700 (10d 8h 17m 32s ago)
2016-06-02 23:23:54.581265 : # no-op
2016-06-02 23:23:54.581283 : mark_done data/team_mention
2016-06-02 23:23:54.581301 : ##############################################################################
2016-06-02 23:23:54.581319 
2016-06-02 23:23:54.581338 : ## process/ext_num_people ####################################################
2016-06-02 23:23:54.581356 : # Done: 2016-05-23T15:06:46-0700 (10d 8h 17m 5s ago)
2016-06-02 23:23:54.581374 : process/ext_num_people/run.sh
2016-06-02 23:23:54.581392 : mark_done process/ext_num_people
2016-06-02 23:23:54.581413 : ##############################################################################
2016-06-02 23:23:54.581432 
2016-06-02 23:23:54.581450 : ## data/num_people ###########################################################
2016-06-02 23:23:54.581469 : # Done: 2016-05-23T15:06:46-0700 (10d 8h 17m 5s ago)
2016-06-02 23:23:54.581487 : # no-op
2016-06-02 23:23:54.581505 : mark_done data/num_people
2016-06-02 23:23:54.581523 : ##############################################################################
2016-06-02 23:23:54.581542 
2016-06-02 23:23:54.581560 : ## process/ext_spouse_candidate ##############################################
2016-06-02 23:23:54.581579 : # Done: 2016-05-23T15:07:38-0700 (10d 8h 16m 13s ago)
2016-06-02 23:23:54.581597 : process/ext_spouse_candidate/run.sh
2016-06-02 23:23:54.581615 : mark_done process/ext_spouse_candidate
2016-06-02 23:23:54.581633 : ##############################################################################
2016-06-02 23:23:54.581652 
2016-06-02 23:23:54.581670 : ## data/spouse_candidate #####################################################
2016-06-02 23:23:54.581688 : # Done: 2016-05-23T15:07:38-0700 (10d 8h 16m 13s ago)
2016-06-02 23:23:54.581706 : # no-op
2016-06-02 23:23:54.581724 : mark_done data/spouse_candidate
2016-06-02 23:23:54.581742 : ##############################################################################
2016-06-02 23:23:54.581760 
2016-06-02 23:23:54.581779 : ## process/ext_spouse_label__0_by_supervise ##################################
2016-06-02 23:23:54.581797 : # Done: 2016-05-23T15:08:48-0700 (10d 8h 15m 3s ago)
2016-06-02 23:23:54.581816 : process/ext_spouse_label__0_by_supervise/run.sh
2016-06-02 23:23:54.581834 : mark_done process/ext_spouse_label__0_by_supervise
2016-06-02 23:23:54.581852 : ##############################################################################
2016-06-02 23:23:54.581871 
2016-06-02 23:23:54.581889 : ## data/spouse_label__0 ######################################################
2016-06-02 23:23:54.581908 : # Done: 2016-05-23T15:08:48-0700 (10d 8h 15m 3s ago)
2016-06-02 23:23:54.581926 : # no-op
2016-06-02 23:23:54.581944 : mark_done data/spouse_label__0
2016-06-02 23:23:54.581963 : ##############################################################################
2016-06-02 23:23:54.581981 
2016-06-02 23:23:54.581999 : ## process/ext_spouse_label ##################################################
2016-06-02 23:23:54.582018 : # Done: 2016-06-02T22:28:10-0700 (55m 41s ago)
2016-06-02 23:23:54.582035 : process/ext_spouse_label/run.sh
2016-06-02 23:23:54.582054 : mark_done process/ext_spouse_label
2016-06-02 23:23:54.582072 : ##############################################################################
2016-06-02 23:23:54.582090 
2016-06-02 23:23:54.582108 : ## data/spouse_label #########################################################
2016-06-02 23:23:54.582127 : # Done: 2016-06-02T22:28:10-0700 (55m 41s ago)
2016-06-02 23:23:54.582145 : # no-op
2016-06-02 23:23:54.582164 : mark_done data/spouse_label
2016-06-02 23:23:54.582182 : ##############################################################################
2016-06-02 23:23:54.582323 
2016-06-02 23:23:54.582345 : ## process/ext_spouse_label_resolved #########################################
2016-06-02 23:23:54.582364 : # Done: 2016-06-02T22:28:10-0700 (55m 41s ago)
2016-06-02 23:23:54.582383 : process/ext_spouse_label_resolved/run.sh
2016-06-02 23:23:54.582401 : mark_done process/ext_spouse_label_resolved
2016-06-02 23:23:54.582420 : ##############################################################################
2016-06-02 23:23:54.582438 
2016-06-02 23:23:54.582456 : ## data/spouse_label_resolved ################################################
2016-06-02 23:23:54.582475 : # Done: 2016-06-02T22:28:10-0700 (55m 41s ago)
2016-06-02 23:23:54.582493 : # no-op
2016-06-02 23:23:54.582511 : mark_done data/spouse_label_resolved
2016-06-02 23:23:54.582530 : ##############################################################################
2016-06-02 23:23:54.582548 
2016-06-02 23:23:54.582567 : ## process/init/relation/spouses_dbpedia_negative ############################
2016-06-02 23:23:54.582585 : # Done: 2016-05-25T12:13:43-0700 (8d 11h 10m 8s ago)
2016-06-02 23:23:54.582603 : process/init/relation/spouses_dbpedia_negative/run.sh
2016-06-02 23:23:54.582621 : mark_done process/init/relation/spouses_dbpedia_negative
2016-06-02 23:23:54.582641 : ##############################################################################
2016-06-02 23:23:54.582660 
2016-06-02 23:23:54.582678 : ## data/spouses_dbpedia_negative #############################################
2016-06-02 23:23:54.582697 : # Done: 2016-06-02T22:50:00-0700 (33m 51s ago)
2016-06-02 23:23:54.582715 : # no-op
2016-06-02 23:23:54.582734 : mark_done data/spouses_dbpedia_negative
2016-06-02 23:23:54.582752 : ##############################################################################
2016-06-02 23:23:54.582771 
2016-06-02 23:23:54.582789 : ## process/ext_has_spouse ####################################################
2016-06-02 23:23:54.582808 : # Done: 2016-06-02T23:14:20-0700 (9m 31s ago)
2016-06-02 23:23:54.582826 : process/ext_has_spouse/run.sh
2016-06-02 23:23:54.582844 : mark_done process/ext_has_spouse
2016-06-02 23:23:54.582862 : ##############################################################################
2016-06-02 23:23:54.582881 
2016-06-02 23:23:54.582899 : ## data/has_spouse ###########################################################
2016-06-02 23:23:54.582917 : # Done: 2016-06-02T23:14:20-0700 (9m 31s ago)
2016-06-02 23:23:54.582935 : # no-op
2016-06-02 23:23:54.582953 : mark_done data/has_spouse
2016-06-02 23:23:54.582971 : ##############################################################################
2016-06-02 23:23:54.582990 
2016-06-02 23:23:54.583008 : ## process/grounding/variable_id_partition ###################################
2016-06-02 23:23:54.583026 : # Done: 2016-06-02T23:17:45-0700 (6m 6s ago)
2016-06-02 23:23:54.583044 : process/grounding/variable_id_partition/run.sh
2016-06-02 23:23:54.583063 : mark_done process/grounding/variable_id_partition
2016-06-02 23:23:54.583081 : ##############################################################################
2016-06-02 23:23:54.583100 
2016-06-02 23:23:54.583118 : ## process/grounding/variable/has_spouse/assign_id ###########################
2016-06-02 23:23:54.583137 : # Done: 2016-06-02T23:17:45-0700 (6m 6s ago)
2016-06-02 23:23:54.583156 : process/grounding/variable/has_spouse/assign_id/run.sh
2016-06-02 23:23:54.583174 : mark_done process/grounding/variable/has_spouse/assign_id
2016-06-02 23:23:54.583193 : ##############################################################################
2016-06-02 23:23:54.583211 
2016-06-02 23:23:54.583229 : ## process/grounding/factor/inf1_istrue_has_spouse/materialize ###############
2016-06-02 23:23:54.583248 : # Done: 2016-06-02T23:17:46-0700 (6m 5s ago)
2016-06-02 23:23:54.583267 : process/grounding/factor/inf1_istrue_has_spouse/materialize/run.sh
2016-06-02 23:23:54.583285 : mark_done process/grounding/factor/inf1_istrue_has_spouse/materialize
2016-06-02 23:23:54.583314 : ##############################################################################
2016-06-02 23:23:54.583334 
2016-06-02 23:23:54.583353 : ## process/grounding/factor/inf_imply_has_spouse_has_spouse/materialize ######
2016-06-02 23:23:54.583372 : # Done: 2016-06-02T23:23:19-0700 (32s ago)
2016-06-02 23:23:54.583390 : process/grounding/factor/inf_imply_has_spouse_has_spouse/materialize/run.sh
2016-06-02 23:23:54.583409 : mark_done process/grounding/factor/inf_imply_has_spouse_has_spouse/materialize
2016-06-02 23:23:54.583427 : ##############################################################################
2016-06-02 23:23:54.583446 
2016-06-02 23:23:54.583465 : ## process/ext_spouse_feature_by_extract_spouse_features #####################
2016-06-02 23:23:54.583483 : # Done: 2016-05-23T15:08:09-0700 (10d 8h 15m 42s ago)
2016-06-02 23:23:54.583502 : process/ext_spouse_feature_by_extract_spouse_features/run.sh
2016-06-02 23:23:54.583521 : mark_done process/ext_spouse_feature_by_extract_spouse_features
2016-06-02 23:23:54.583540 : ##############################################################################
2016-06-02 23:23:54.583558 
2016-06-02 23:23:54.583577 : ## data/spouse_feature #######################################################
2016-06-02 23:23:54.583595 : # Done: 2016-05-23T15:08:09-0700 (10d 8h 15m 42s ago)
2016-06-02 23:23:54.583613 : # no-op
2016-06-02 23:23:54.583632 : mark_done data/spouse_feature
2016-06-02 23:23:54.583650 : ##############################################################################
2016-06-02 23:23:54.583669 
2016-06-02 23:23:54.583687 : ## process/grounding/factor/inf_istrue_has_spouse/materialize ################
2016-06-02 23:23:54.583705 : # Done: 2016-06-02T23:23:20-0700 (31s ago)
2016-06-02 23:23:54.583724 : process/grounding/factor/inf_istrue_has_spouse/materialize/run.sh
2016-06-02 23:23:54.583742 : mark_done process/grounding/factor/inf_istrue_has_spouse/materialize
2016-06-02 23:23:54.583761 : ##############################################################################
2016-06-02 23:23:54.583779 
2016-06-02 23:23:54.583797 : ## process/grounding/weight_id_partition #####################################
2016-06-02 23:23:54.583815 : # Done: 2016-06-02T23:23:20-0700 (31s ago)
2016-06-02 23:23:54.583833 : process/grounding/weight_id_partition/run.sh
2016-06-02 23:23:54.583852 : mark_done process/grounding/weight_id_partition
2016-06-02 23:23:54.583870 : ##############################################################################
2016-06-02 23:23:54.583888 
2016-06-02 23:23:54.583906 : ## process/grounding/factor/inf1_istrue_has_spouse/assign_weight_id ##########
2016-06-02 23:23:54.583924 : # Done: 2016-06-02T23:23:21-0700 (30s ago)
2016-06-02 23:23:54.583942 : process/grounding/factor/inf1_istrue_has_spouse/assign_weight_id/run.sh
2016-06-02 23:23:54.583961 : mark_done process/grounding/factor/inf1_istrue_has_spouse/assign_weight_id
2016-06-02 23:23:54.583980 : ##############################################################################
2016-06-02 23:23:54.583999 
2016-06-02 23:23:54.584018 : ## process/grounding/factor/inf1_istrue_has_spouse/dump ######################
2016-06-02 23:23:54.584037 : # Done: 2016-06-02T23:23:22-0700 (29s ago)
2016-06-02 23:23:54.584055 : process/grounding/factor/inf1_istrue_has_spouse/dump/run.sh
2016-06-02 23:23:54.584074 : mark_done process/grounding/factor/inf1_istrue_has_spouse/dump
2016-06-02 23:23:54.584092 : ##############################################################################
2016-06-02 23:23:54.584111 
2016-06-02 23:23:54.584129 : ## process/grounding/factor/inf1_istrue_has_spouse/dump_weights ##############
2016-06-02 23:23:54.584147 : # Done: 2016-06-02T23:23:22-0700 (29s ago)
2016-06-02 23:23:54.584165 : process/grounding/factor/inf1_istrue_has_spouse/dump_weights/run.sh
2016-06-02 23:23:54.584183 : mark_done process/grounding/factor/inf1_istrue_has_spouse/dump_weights
2016-06-02 23:23:54.584202 : ##############################################################################
2016-06-02 23:23:54.584219 
2016-06-02 23:23:54.584238 : ## process/grounding/factor/inf_imply_has_spouse_has_spouse/assign_weight_id #
2016-06-02 23:23:54.584257 : # Done: 2016-06-02T23:23:23-0700 (28s ago)
2016-06-02 23:23:54.584276 : process/grounding/factor/inf_imply_has_spouse_has_spouse/assign_weight_id/run.sh
2016-06-02 23:23:54.584295 : mark_done process/grounding/factor/inf_imply_has_spouse_has_spouse/assign_weight_id
2016-06-02 23:23:54.584314 : ##############################################################################
2016-06-02 23:23:54.584333 
2016-06-02 23:23:54.584352 : ## process/grounding/factor/inf_imply_has_spouse_has_spouse/dump #############
2016-06-02 23:23:54.584371 : # Done: 2016-06-02T23:23:23-0700 (28s ago)
2016-06-02 23:23:54.584389 : process/grounding/factor/inf_imply_has_spouse_has_spouse/dump/run.sh
2016-06-02 23:23:54.584408 : mark_done process/grounding/factor/inf_imply_has_spouse_has_spouse/dump
2016-06-02 23:23:54.584426 : ##############################################################################
2016-06-02 23:23:54.584444 
2016-06-02 23:23:54.584462 : ## process/grounding/factor/inf_imply_has_spouse_has_spouse/dump_weights #####
2016-06-02 23:23:54.584481 : # Done: 2016-06-02T23:23:23-0700 (28s ago)
2016-06-02 23:23:54.584499 : process/grounding/factor/inf_imply_has_spouse_has_spouse/dump_weights/run.sh
2016-06-02 23:23:54.584518 : mark_done process/grounding/factor/inf_imply_has_spouse_has_spouse/dump_weights
2016-06-02 23:23:54.584536 : ##############################################################################
2016-06-02 23:23:54.584554 
2016-06-02 23:23:54.584572 : ## process/grounding/factor/inf_istrue_has_spouse/assign_weight_id ###########
2016-06-02 23:23:54.584590 : # Done: 2016-06-02T23:23:24-0700 (27s ago)
2016-06-02 23:23:54.584608 : process/grounding/factor/inf_istrue_has_spouse/assign_weight_id/run.sh
2016-06-02 23:23:54.584627 : mark_done process/grounding/factor/inf_istrue_has_spouse/assign_weight_id
2016-06-02 23:23:54.584645 : ##############################################################################
2016-06-02 23:23:54.584663 
2016-06-02 23:23:54.584681 : ## process/grounding/factor/inf_istrue_has_spouse/dump #######################
2016-06-02 23:23:54.584700 : # Done: 2016-06-02T23:23:25-0700 (26s ago)
2016-06-02 23:23:54.584718 : process/grounding/factor/inf_istrue_has_spouse/dump/run.sh
2016-06-02 23:23:54.584736 : mark_done process/grounding/factor/inf_istrue_has_spouse/dump
2016-06-02 23:23:54.584755 : ##############################################################################
2016-06-02 23:23:54.584773 
2016-06-02 23:23:54.584791 : ## process/grounding/factor/inf_istrue_has_spouse/dump_weights ###############
2016-06-02 23:23:54.584809 : # Done: 2016-06-02T23:23:25-0700 (27s ago)
2016-06-02 23:23:54.584828 : process/grounding/factor/inf_istrue_has_spouse/dump_weights/run.sh
2016-06-02 23:23:54.584846 : mark_done process/grounding/factor/inf_istrue_has_spouse/dump_weights
2016-06-02 23:23:54.584864 : ##############################################################################
2016-06-02 23:23:54.584883 
2016-06-02 23:23:54.584901 : ## process/grounding/global_weight_table #####################################
2016-06-02 23:23:54.584920 : # Done: 2016-06-02T23:23:26-0700 (26s ago)
2016-06-02 23:23:54.584938 : process/grounding/global_weight_table/run.sh
2016-06-02 23:23:54.584956 : mark_done process/grounding/global_weight_table
2016-06-02 23:23:54.584975 : ##############################################################################
2016-06-02 23:23:54.584994 
2016-06-02 23:23:54.585013 : ## process/grounding/variable_holdout ########################################
2016-06-02 23:23:54.585031 : # Done: 2016-06-02T23:23:26-0700 (26s ago)
2016-06-02 23:23:54.585050 : process/grounding/variable_holdout/run.sh
2016-06-02 23:23:54.585069 : mark_done process/grounding/variable_holdout
2016-06-02 23:23:54.585088 : ##############################################################################
2016-06-02 23:23:54.585105 
2016-06-02 23:23:54.585123 : ## process/grounding/variable/has_spouse/dump ################################
2016-06-02 23:23:54.585142 : # Done: 2016-06-02T23:23:27-0700 (25s ago)
2016-06-02 23:23:54.585160 : process/grounding/variable/has_spouse/dump/run.sh
2016-06-02 23:23:54.585178 : mark_done process/grounding/variable/has_spouse/dump
2016-06-02 23:23:54.585196 : ##############################################################################
2016-06-02 23:23:54.585213 
2016-06-02 23:23:54.585232 : ## process/grounding/combine_factorgraph #####################################
2016-06-02 23:23:54.585250 : # Done: 2016-06-02T23:23:27-0700 (25s ago)
2016-06-02 23:23:54.585268 : process/grounding/combine_factorgraph/run.sh
2016-06-02 23:23:54.585286 : mark_done process/grounding/combine_factorgraph
2016-06-02 23:23:54.585303 : ##############################################################################
2016-06-02 23:23:54.585322 
2016-06-02 23:23:54.585341 : ## model/factorgraph #########################################################
2016-06-02 23:23:54.585360 : # Done: 2016-06-02T23:23:27-0700 (25s ago)
2016-06-02 23:23:54.585380 : mark_done model/factorgraph
2016-06-02 23:23:54.585398 : ##############################################################################
2016-06-02 23:23:54.585417 
2016-06-02 23:23:54.585435 : ## process/model/learning ####################################################
2016-06-02 23:23:54.585454 : # Done: 2016-06-02T23:23:40-0700 (12s ago)
2016-06-02 23:23:54.585473 : process/model/learning/run.sh
2016-06-02 23:23:54.585492 : mark_done process/model/learning
2016-06-02 23:23:54.585512 : ##############################################################################
2016-06-02 23:23:54.585532 
2016-06-02 23:23:54.585551 : ## model/weights #############################################################
2016-06-02 23:23:54.585569 : # Done: 2016-06-02T23:23:40-0700 (12s ago)
2016-06-02 23:23:54.585586 : mark_done model/weights
2016-06-02 23:23:54.585604 : ##############################################################################
2016-06-02 23:23:54.585621 
2016-06-02 23:23:54.585640 : ## process/model/inference ###################################################
2016-06-02 23:23:54.585659 : # Done: 2016-06-02T23:23:40-0700 (12s ago)
2016-06-02 23:23:54.585677 : process/model/inference/run.sh
2016-06-02 23:23:54.585695 : mark_done process/model/inference
2016-06-02 23:23:54.585713 : ##############################################################################
2016-06-02 23:23:54.585733 
2016-06-02 23:23:54.585753 : ## model/probabilities #######################################################
2016-06-02 23:23:54.585772 : # Done: 2016-06-02T23:23:40-0700 (12s ago)
2016-06-02 23:23:54.585790 : mark_done model/probabilities
2016-06-02 23:23:54.585809 : ##############################################################################
2016-06-02 23:23:54.585827 
2016-06-02 23:23:54.585846 : ## process/model/load_probabilities ##########################################
2016-06-02 23:23:54.585864 : # Done: 2016-06-02T23:23:41-0700 (11s ago)
2016-06-02 23:23:54.585882 : process/model/load_probabilities/run.sh
2016-06-02 23:23:54.586109 : mark_done process/model/load_probabilities
2016-06-02 23:23:54.586138 : ##############################################################################
2016-06-02 23:23:54.586158 
2016-06-02 23:23:54.586177 : ## data/model/probabilities ##################################################
2016-06-02 23:23:54.586196 : # Done: 2016-06-02T23:23:41-0700 (11s ago)
2016-06-02 23:23:54.586214 : # no-op
2016-06-02 23:23:54.586233 : mark_done data/model/probabilities
2016-06-02 23:23:54.586251 : ##############################################################################
2016-06-02 23:23:54.586270 
2016-06-02 23:23:54.586288 ## process/model/calibration #################################################
2016-06-02 23:23:54.586307 : # Done: 2016-06-02T22:19:18-0700 (1h 4m 34s ago)
2016-06-02 23:23:54.586326 # Done: 2016-06-02T22:19:18-0700 (1h 4m 32s ago)
2016-06-02 23:23:54.586344 process/model/calibration/run.sh
2016-06-02 23:23:54.586362 ++ dirname process/model/calibration/run.sh
2016-06-02 23:23:54.586381 + cd process/model/calibration
2016-06-02 23:23:54.586402 + export DEEPDIVE_CURRENT_PROCESS_NAME=process/model/calibration
2016-06-02 23:23:54.586422 + DEEPDIVE_CURRENT_PROCESS_NAME=process/model/calibration
2016-06-02 23:23:54.586440 + d=../../../model/calibration-plots
2016-06-02 23:23:54.586459 + mkdir -p ../../../model/calibration-plots
2016-06-02 23:23:54.586477 + cd ../../../model/calibration-plots
2016-06-02 23:23:54.586496 + extraOutput=/Users/emerson/Documents/Github/deepdive/examples/coach_nba/run/20160602/232350.851457000/calibration
2016-06-02 23:23:54.586515 + mkdir -p /Users/emerson/Documents/Github/deepdive/examples/coach_nba/run/20160602/232350.851457000/calibration
2016-06-02 23:23:54.586534 + DEEPDIVE_CALIBRATION_NUM_BUCKETS=10
2016-06-02 23:23:54.586553 + deepdive db create_calibration_view has_spouse label
2016-06-02 23:23:54.822603 CREATE VIEW
2016-06-02 23:23:54.824412 + draw_calibration_plot has_spouse label
2016-06-02 23:23:55.270581 + cp -a has_spouse_label.png has_spouse_label.tsv /Users/emerson/Documents/Github/deepdive/examples/coach_nba/run/20160602/232350.851457000/calibration/
2016-06-02 23:23:55.300214 mark_done process/model/calibration
2016-06-02 23:23:55.327514 ##############################################################################
2016-06-02 23:23:55.327589 
2016-06-02 23:23:55.327621 ## model/calibration-plots ###################################################
2016-06-02 23:23:55.327647 : # Done: 2016-06-02T22:19:18-0700 (1h 4m 34s ago)
2016-06-02 23:23:55.327674 # Done: 2016-06-02T22:19:18-0700 (1h 4m 32s ago)
2016-06-02 23:23:55.327698 mark_done model/calibration-plots
2016-06-02 23:23:55.349966 ##############################################################################
2016-06-02 23:23:55.350042 
