2016-05-21 14:33:00.616596 ‘run/LATEST.COMPILE/143300.380433000’ -> ‘20160521/143300.380433000’
2016-05-21 14:33:00.617094 ‘run/RUNNING.COMPILE’ -> ‘20160521/143300.380433000’
2016-05-21 14:33:00.617128 Parsing DeepDive application (/Users/emerson/Documents/Github/deepdive/examples/Coach_NBA) to generate:
2016-05-21 14:33:00.617149  run/compiled/schema.json
2016-05-21 14:33:00.617168   from app.ddlog
2016-05-21 14:33:02.147680  run/compiled/deepdive.conf
2016-05-21 14:33:02.148076   from app.ddlog
2016-05-21 14:33:04.330368   from deepdive.conf
2016-05-21 14:33:04.361836  run/compiled/deepdive.conf.json
2016-05-21 14:33:05.012021 Performing sanity checks on run/compiled/deepdive.conf.json:
2016-05-21 14:33:05.130937  checking if input_extractors_well_defined
2016-05-21 14:33:05.131003  checking if input_schema_wellformed
2016-05-21 14:33:05.131347 Normalizing and adding built-in processes to the data flow to compile:
2016-05-21 14:33:05.131988  run/compiled/config-0.00-init_objects.json
2016-05-21 14:33:05.180326  run/compiled/config-0.01-parse_calibration.json
2016-05-21 14:33:05.219366  run/compiled/config-0.01-parse_schema.json
2016-05-21 14:33:05.286334  run/compiled/config-0.51-add_init_app.json
2016-05-21 14:33:05.341123  run/compiled/config-0.52-input_loader.json
2016-05-21 14:33:05.419730  run/compiled/config-1.00-qualified_names.json
2016-05-21 14:33:05.467082  run/compiled/config-1.01-parse_inference_rules.json
2016-05-21 14:33:05.545457  run/compiled/config-2.01-grounding.json
2016-05-21 14:33:05.793703  run/compiled/config-2.02-learning_inference.json
2016-05-21 14:33:05.861064  run/compiled/config-2.03-calibration_plots.json
2016-05-21 14:33:05.926174  run/compiled/config-9.98-ensure_init_app.json
2016-05-21 14:33:05.980043  run/compiled/config-9.99-dependencies.json
2016-05-21 14:33:06.033646  run/compiled/config.json
2016-05-21 14:33:06.042142 Validating run/compiled/config.json:
2016-05-21 14:33:06.244792  checking if compiled_base_relations_have_input_data
2016-05-21 14:33:06.244899  [WARNING] input/init.sh should load all base relations: articles spouses_dbpedia 
2016-05-21 14:33:06.244931  checking if compiled_dependencies_correct
2016-05-21 14:33:06.244953  checking if compiled_input_output_well_defined
2016-05-21 14:33:06.244974  checking if compiled_output_uniquely_defined
2016-05-21 14:33:06.245292 Compiling executable code into:
2016-05-21 14:33:06.245746  run/compiled/code-Makefile.json
2016-05-21 14:33:06.303309  run/compiled/code-cmd_extractor.json
2016-05-21 14:33:06.375613  run/compiled/code-dataflow_dot.json
2016-05-21 14:33:06.430620  run/compiled/code-sql_extractor.json
2016-05-21 14:33:06.471530  run/compiled/code-tsv_extractor.json
2016-05-21 14:33:06.531966 Generating files:
2016-05-21 14:33:06.580616  run/Makefile
2016-05-21 14:33:06.619682  run/process/init/app/run.sh
2016-05-21 14:33:06.657587  run/process/init/relation/articles/run.sh
2016-05-21 14:33:06.680679  run/process/init/relation/spouses_dbpedia/run.sh
2016-05-21 14:33:06.707968  run/process/ext_has_spouse/run.sh
2016-05-21 14:33:06.734757  run/process/ext_num_people/run.sh
2016-05-21 14:33:06.763649  run/process/ext_num_team/run.sh
2016-05-21 14:33:06.807813  run/process/ext_spouse_candidate/run.sh
2016-05-21 14:33:06.848887  run/process/ext_spouse_label/run.sh
2016-05-21 14:33:06.885891  run/process/ext_spouse_label_resolved/run.sh
2016-05-21 14:33:06.937493  run/process/grounding/variable_id_partition/run.sh
2016-05-21 14:33:06.972176  run/process/grounding/variable/has_spouse/assign_id/run.sh
2016-05-21 14:33:07.007286  run/process/grounding/variable_holdout/run.sh
2016-05-21 14:33:07.052161  run/process/grounding/variable/has_spouse/dump/run.sh
2016-05-21 14:33:07.093965  run/process/grounding/factor/inf1_imply_has_spouse_has_spouse/materialize/run.sh
2016-05-21 14:33:07.122981  run/process/grounding/factor/inf_imply_has_spouse_has_spouse/materialize/run.sh
2016-05-21 14:33:07.157156  run/process/grounding/factor/inf_istrue_has_spouse/materialize/run.sh
2016-05-21 14:33:07.183251  run/process/grounding/weight_id_partition/run.sh
2016-05-21 14:33:07.213363  run/process/grounding/global_weight_table/run.sh
2016-05-21 14:33:07.264947  run/process/grounding/factor/inf1_imply_has_spouse_has_spouse/assign_weight_id/run.sh
2016-05-21 14:33:07.295436  run/process/grounding/factor/inf_imply_has_spouse_has_spouse/assign_weight_id/run.sh
2016-05-21 14:33:07.332417  run/process/grounding/factor/inf_istrue_has_spouse/assign_weight_id/run.sh
2016-05-21 14:33:07.370024  run/process/grounding/factor/inf1_imply_has_spouse_has_spouse/dump/run.sh
2016-05-21 14:33:07.415825  run/process/grounding/factor/inf_imply_has_spouse_has_spouse/dump/run.sh
2016-05-21 14:33:07.437793  run/process/grounding/factor/inf_istrue_has_spouse/dump/run.sh
2016-05-21 14:33:07.481172  run/process/grounding/factor/inf1_imply_has_spouse_has_spouse/dump_weights/run.sh
2016-05-21 14:33:07.542835  run/process/grounding/factor/inf_imply_has_spouse_has_spouse/dump_weights/run.sh
2016-05-21 14:33:07.593206  run/process/grounding/factor/inf_istrue_has_spouse/dump_weights/run.sh
2016-05-21 14:33:07.647525  run/process/grounding/combine_factorgraph/run.sh
2016-05-21 14:33:07.716337  run/process/model/learning/run.sh
2016-05-21 14:33:07.756281  run/process/model/inference/run.sh
2016-05-21 14:33:07.794261  run/process/model/load_weights/run.sh
2016-05-21 14:33:07.834442  run/process/model/load_probabilities/run.sh
2016-05-21 14:33:07.874196  run/process/model/calibration/run.sh
2016-05-21 14:33:07.915090  run/dataflow.dot
2016-05-21 14:33:07.942903  run/process/ext_person_mention_by_map_person_mention/run.sh
2016-05-21 14:33:07.982770  run/process/ext_sentences_by_nlp_markup/run.sh
2016-05-21 14:33:08.019803  run/process/ext_spouse_feature_by_extract_spouse_features/run.sh
2016-05-21 14:33:08.055636  run/process/ext_spouse_label__0_by_supervise/run.sh
2016-05-21 14:33:08.086538  run/process/ext_team_mention_by_map_team_mention/run.sh
2016-05-21 14:33:08.352079 Warning: Could not load "/Users/emerson/local/lib/bundled/graphviz/prefix/bin/../lib/graphviz/libgvplugin_pango.6.dylib" - file not found
2016-05-21 14:33:08.422592  run/dataflow.svg
2016-05-21 14:33:08.423929   (file:///Users/emerson/Documents/Github/deepdive/examples/Coach_NBA/run/dataflow.svg)
2016-05-21 14:33:08.427854 mv: cannot move ‘run/compiled’ to ‘run/compiled~’: Directory not empty
