2016-05-21 14:52:32.707839 # on dhcp-169-233-138-157.cruznet.ucsc.edu: deepdive do has_spouse
2016-05-21 14:52:32.708177 # run/20160521/145230.679469000/plan.sh
2016-05-21 14:52:32.708208 # execution plan for data/has_spouse
2016-05-21 14:52:32.708229 
2016-05-21 14:52:32.708249 : ## process/init/app ##########################################################
2016-05-21 14:52:32.708268 : # Done: 2016-05-20T15:47:44-0700 (23h 4m 46s ago)
2016-05-21 14:52:32.708286 : process/init/app/run.sh
2016-05-21 14:52:32.708304 : mark_done process/init/app
2016-05-21 14:52:32.708324 : ##############################################################################
2016-05-21 14:52:32.708343 
2016-05-21 14:52:32.708369 : ## process/init/relation/articles ############################################
2016-05-21 14:52:32.708390 : # Done: 2016-05-20T19:16:48-0700 (19h 35m 42s ago)
2016-05-21 14:52:32.708408 : process/init/relation/articles/run.sh
2016-05-21 14:52:32.708426 : mark_done process/init/relation/articles
2016-05-21 14:52:32.708444 : ##############################################################################
2016-05-21 14:52:32.708462 
2016-05-21 14:52:32.708480 : ## data/articles #############################################################
2016-05-21 14:52:32.708502 : # Done: 2016-05-20T19:16:48-0700 (19h 35m 42s ago)
2016-05-21 14:52:32.708521 : # no-op
2016-05-21 14:52:32.708540 : mark_done data/articles
2016-05-21 14:52:32.708575 : ##############################################################################
2016-05-21 14:52:32.708599 
2016-05-21 14:52:32.708618 : ## process/ext_sentences_by_nlp_markup #######################################
2016-05-21 14:52:32.708638 : # Done: 2016-05-20T19:20:04-0700 (19h 32m 26s ago)
2016-05-21 14:52:32.708657 : process/ext_sentences_by_nlp_markup/run.sh
2016-05-21 14:52:32.708676 : mark_done process/ext_sentences_by_nlp_markup
2016-05-21 14:52:32.708695 : ##############################################################################
2016-05-21 14:52:32.708716 
2016-05-21 14:52:32.708734 : ## data/sentences ############################################################
2016-05-21 14:52:32.708752 : # Done: 2016-05-20T19:20:04-0700 (19h 32m 26s ago)
2016-05-21 14:52:32.708772 : # no-op
2016-05-21 14:52:32.708791 : mark_done data/sentences
2016-05-21 14:52:32.708809 : ##############################################################################
2016-05-21 14:52:32.708827 
2016-05-21 14:52:32.708846 : ## process/ext_person_mention_by_map_person_mention ##########################
2016-05-21 14:52:32.708865 : # Done: 2016-05-20T20:58:22-0700 (17h 54m 9s ago)
2016-05-21 14:52:32.708883 : process/ext_person_mention_by_map_person_mention/run.sh
2016-05-21 14:52:32.708902 : mark_done process/ext_person_mention_by_map_person_mention
2016-05-21 14:52:32.708920 : ##############################################################################
2016-05-21 14:52:32.708939 
2016-05-21 14:52:32.708960 : ## data/person_mention #######################################################
2016-05-21 14:52:32.708981 : # Done: 2016-05-20T20:58:22-0700 (17h 54m 9s ago)
2016-05-21 14:52:32.709003 : # no-op
2016-05-21 14:52:32.709025 : mark_done data/person_mention
2016-05-21 14:52:32.709046 : ##############################################################################
2016-05-21 14:52:32.709067 
2016-05-21 14:52:32.709087 : ## process/ext_num_people ####################################################
2016-05-21 14:52:32.709108 : # Done: 2016-05-20T21:35:41-0700 (17h 16m 50s ago)
2016-05-21 14:52:32.709131 : process/ext_num_people/run.sh
2016-05-21 14:52:32.709151 : mark_done process/ext_num_people
2016-05-21 14:52:32.709172 : ##############################################################################
2016-05-21 14:52:32.709194 
2016-05-21 14:52:32.709215 : ## data/num_people ###########################################################
2016-05-21 14:52:32.709235 : # Done: 2016-05-20T21:35:41-0700 (17h 16m 50s ago)
2016-05-21 14:52:32.709257 : # no-op
2016-05-21 14:52:32.709278 : mark_done data/num_people
2016-05-21 14:52:32.709300 : ##############################################################################
2016-05-21 14:52:32.709320 
2016-05-21 14:52:32.709340 : ## process/ext_team_mention_by_map_team_mention ##############################
2016-05-21 14:52:32.709361 : # Done: 2016-05-20T21:23:06-0700 (17h 29m 25s ago)
2016-05-21 14:52:32.709383 : process/ext_team_mention_by_map_team_mention/run.sh
2016-05-21 14:52:32.709405 : mark_done process/ext_team_mention_by_map_team_mention
2016-05-21 14:52:32.709425 : ##############################################################################
2016-05-21 14:52:32.709443 
2016-05-21 14:52:32.709464 : ## data/team_mention #########################################################
2016-05-21 14:52:32.709487 : # Done: 2016-05-20T22:05:04-0700 (16h 47m 27s ago)
2016-05-21 14:52:32.709508 : # no-op
2016-05-21 14:52:32.709529 : mark_done data/team_mention
2016-05-21 14:52:32.709549 : ##############################################################################
2016-05-21 14:52:32.709572 
2016-05-21 14:52:32.709594 : ## process/ext_spouse_candidate ##############################################
2016-05-21 14:52:32.709616 : # Done: 2016-05-20T22:17:52-0700 (16h 34m 39s ago)
2016-05-21 14:52:32.709639 : process/ext_spouse_candidate/run.sh
2016-05-21 14:52:32.709660 : mark_done process/ext_spouse_candidate
2016-05-21 14:52:32.709681 : ##############################################################################
2016-05-21 14:52:32.709703 
2016-05-21 14:52:32.709725 : ## data/spouse_candidate #####################################################
2016-05-21 14:52:32.709746 : # Done: 2016-05-20T22:17:52-0700 (16h 34m 39s ago)
2016-05-21 14:52:32.709767 : # no-op
2016-05-21 14:52:32.709790 : mark_done data/spouse_candidate
2016-05-21 14:52:32.709811 : ##############################################################################
2016-05-21 14:52:32.709832 
2016-05-21 14:52:32.709851 : ## process/ext_spouse_label__0_by_supervise ##################################
2016-05-21 14:52:32.709871 : # Done: 2016-05-20T22:17:53-0700 (16h 34m 38s ago)
2016-05-21 14:52:32.709892 : process/ext_spouse_label__0_by_supervise/run.sh
2016-05-21 14:52:32.709913 : mark_done process/ext_spouse_label__0_by_supervise
2016-05-21 14:52:32.709934 : ##############################################################################
2016-05-21 14:52:32.709954 
2016-05-21 14:52:32.709972 : ## data/spouse_label__0 ######################################################
2016-05-21 14:52:32.710014 : # Done: 2016-05-20T22:17:53-0700 (16h 34m 38s ago)
2016-05-21 14:52:32.710036 : # no-op
2016-05-21 14:52:32.710055 : mark_done data/spouse_label__0
2016-05-21 14:52:32.710077 : ##############################################################################
2016-05-21 14:52:32.710098 
2016-05-21 14:52:32.710117 : ## process/init/relation/spouses_dbpedia #####################################
2016-05-21 14:52:32.710165 : # Done: 2016-05-21T12:09:26-0700 (2h 43m 5s ago)
2016-05-21 14:52:32.710192 : process/init/relation/spouses_dbpedia/run.sh
2016-05-21 14:52:32.710213 : mark_done process/init/relation/spouses_dbpedia
2016-05-21 14:52:32.710234 : ##############################################################################
2016-05-21 14:52:32.710253 
2016-05-21 14:52:32.710272 : ## data/spouses_dbpedia ######################################################
2016-05-21 14:52:32.710336 : # Done: 2016-05-21T12:09:26-0700 (2h 43m 5s ago)
2016-05-21 14:52:32.710363 : # no-op
2016-05-21 14:52:32.710385 : mark_done data/spouses_dbpedia
2016-05-21 14:52:32.710407 : ##############################################################################
2016-05-21 14:52:32.710426 
2016-05-21 14:52:32.710447 ## process/ext_spouse_label ##################################################
2016-05-21 14:52:32.710467 : # Done: 2016-05-20T22:17:55-0700 (16h 34m 36s ago)
2016-05-21 14:52:32.710486 # Done: 2016-05-20T22:17:55-0700 (16h 34m 35s ago)
2016-05-21 14:52:32.710507 process/ext_spouse_label/run.sh
2016-05-21 14:52:32.710527 ++ dirname process/ext_spouse_label/run.sh
2016-05-21 14:52:32.710548 + cd process/ext_spouse_label
2016-05-21 14:52:32.710567 + export DEEPDIVE_CURRENT_PROCESS_NAME=process/ext_spouse_label
2016-05-21 14:52:32.710588 + DEEPDIVE_CURRENT_PROCESS_NAME=process/ext_spouse_label
2016-05-21 14:52:32.710608 + deepdive create table spouse_label
2016-05-21 14:52:32.822239 CREATE TABLE
2016-05-21 14:52:32.823407 + deepdive sql 'INSERT INTO spouse_label SELECT R0.p_id AS "spouse_candidate.R0.p_id", R0.t_id AS "spouse_candidate.R0.t_id", 0 AS column_2, NULL AS column_3
2016-05-21 14:52:32.823466 FROM spouse_candidate R0
2016-05-21 14:52:32.823591         
2016-05-21 14:52:32.823653 UNION ALL
2016-05-21 14:52:32.823699 SELECT R0.p_id AS "spouse_candidate.R0.p_id", R0.t_id AS "spouse_candidate.R0.t_id", 1 AS column_2, '\''from_dbpedia'\'' AS column_3
2016-05-21 14:52:32.823749 FROM spouse_candidate R0, spouses_dbpedia R1
2016-05-21 14:52:32.823779         WHERE ((lower(R1.p_name) = lower(R0.p_name) AND lower(R1.t_name) = lower(R0.p_name)) OR (lower(R1.t_name) = lower(R0.t_name) AND lower(R1.p_name) = lower(R0.t_name)))
2016-05-21 14:52:32.823803 UNION ALL
2016-05-21 14:52:32.823846 SELECT R0.p_id AS "spouse_label__0.R0.p_id", R0.t_id AS "spouse_label__0.R0.t_id", R0.label AS "spouse_label__0.R0.label", R0.rule_id AS "spouse_label__0.R0.rule_id"
2016-05-21 14:52:32.823917 FROM spouse_label__0 R0
2016-05-21 14:52:32.823946         '
2016-05-21 14:52:32.901596 ERROR:  column r0.p_id does not exist
2016-05-21 14:52:32.901766 LINE 9: SELECT R0.p_id AS "spouse_label__0.R0.p_id", R0.t_id AS "spo...
2016-05-21 14:52:32.901850                ^
2016-05-21 14:52:32.901952 HINT:  Perhaps you meant to reference the column "r0.p1_id" or the column "r0.p2_id".
