2016-05-21 12:36:16.004791 # on dhcp-169-233-138-157.cruznet.ucsc.edu: deepdive do has_spouse
2016-05-21 12:36:16.005097 # run/20160521/123613.761708000/plan.sh
2016-05-21 12:36:16.005117 # execution plan for data/has_spouse
2016-05-21 12:36:16.005129 
2016-05-21 12:36:16.005140 : ## process/init/app ##########################################################
2016-05-21 12:36:16.005150 : # Done: 2016-05-20T15:47:44-0700 (20h 48m 29s ago)
2016-05-21 12:36:16.005160 : process/init/app/run.sh
2016-05-21 12:36:16.005170 : mark_done process/init/app
2016-05-21 12:36:16.005181 : ##############################################################################
2016-05-21 12:36:16.005191 
2016-05-21 12:36:16.005200 : ## process/init/relation/articles ############################################
2016-05-21 12:36:16.005210 : # Done: 2016-05-20T19:16:48-0700 (17h 19m 26s ago)
2016-05-21 12:36:16.005220 : process/init/relation/articles/run.sh
2016-05-21 12:36:16.005230 : mark_done process/init/relation/articles
2016-05-21 12:36:16.005239 : ##############################################################################
2016-05-21 12:36:16.005250 
2016-05-21 12:36:16.005264 : ## data/articles #############################################################
2016-05-21 12:36:16.005281 : # Done: 2016-05-20T19:16:48-0700 (17h 19m 26s ago)
2016-05-21 12:36:16.005298 : # no-op
2016-05-21 12:36:16.005315 : mark_done data/articles
2016-05-21 12:36:16.005332 : ##############################################################################
2016-05-21 12:36:16.005348 
2016-05-21 12:36:16.005366 : ## process/ext_sentences_by_nlp_markup #######################################
2016-05-21 12:36:16.005385 : # Done: 2016-05-20T19:20:04-0700 (17h 16m 10s ago)
2016-05-21 12:36:16.005405 : process/ext_sentences_by_nlp_markup/run.sh
2016-05-21 12:36:16.005424 : mark_done process/ext_sentences_by_nlp_markup
2016-05-21 12:36:16.005442 : ##############################################################################
2016-05-21 12:36:16.005459 
2016-05-21 12:36:16.005477 : ## data/sentences ############################################################
2016-05-21 12:36:16.005495 : # Done: 2016-05-20T19:20:04-0700 (17h 16m 10s ago)
2016-05-21 12:36:16.005509 : # no-op
2016-05-21 12:36:16.005519 : mark_done data/sentences
2016-05-21 12:36:16.005529 : ##############################################################################
2016-05-21 12:36:16.005546 
2016-05-21 12:36:16.005566 : ## process/ext_person_mention_by_map_person_mention ##########################
2016-05-21 12:36:16.005584 : # Done: 2016-05-20T20:58:22-0700 (15h 37m 52s ago)
2016-05-21 12:36:16.005602 : process/ext_person_mention_by_map_person_mention/run.sh
2016-05-21 12:36:16.005623 : mark_done process/ext_person_mention_by_map_person_mention
2016-05-21 12:36:16.005643 : ##############################################################################
2016-05-21 12:36:16.005664 
2016-05-21 12:36:16.005683 : ## data/person_mention #######################################################
2016-05-21 12:36:16.005703 : # Done: 2016-05-20T20:58:22-0700 (15h 37m 52s ago)
2016-05-21 12:36:16.005723 : # no-op
2016-05-21 12:36:16.005745 : mark_done data/person_mention
2016-05-21 12:36:16.005765 : ##############################################################################
2016-05-21 12:36:16.005784 
2016-05-21 12:36:16.005823 : ## process/ext_num_people ####################################################
2016-05-21 12:36:16.005848 : # Done: 2016-05-20T21:35:41-0700 (15h 33s ago)
2016-05-21 12:36:16.005869 : process/ext_num_people/run.sh
2016-05-21 12:36:16.005891 : mark_done process/ext_num_people
2016-05-21 12:36:16.005912 : ##############################################################################
2016-05-21 12:36:16.005933 
2016-05-21 12:36:16.005954 : ## data/num_people ###########################################################
2016-05-21 12:36:16.005976 : # Done: 2016-05-20T21:35:41-0700 (15h 33s ago)
2016-05-21 12:36:16.005998 : # no-op
2016-05-21 12:36:16.006019 : mark_done data/num_people
2016-05-21 12:36:16.006039 : ##############################################################################
2016-05-21 12:36:16.006059 
2016-05-21 12:36:16.006079 : ## process/ext_team_mention_by_map_team_mention ##############################
2016-05-21 12:36:16.006100 : # Done: 2016-05-20T21:23:06-0700 (15h 13m 8s ago)
2016-05-21 12:36:16.006122 : process/ext_team_mention_by_map_team_mention/run.sh
2016-05-21 12:36:16.006143 : mark_done process/ext_team_mention_by_map_team_mention
2016-05-21 12:36:16.006162 : ##############################################################################
2016-05-21 12:36:16.006180 
2016-05-21 12:36:16.006220 : ## data/team_mention #########################################################
2016-05-21 12:36:16.006255 : # Done: 2016-05-20T22:05:04-0700 (14h 31m 10s ago)
2016-05-21 12:36:16.006280 : # no-op
2016-05-21 12:36:16.006302 : mark_done data/team_mention
2016-05-21 12:36:16.006323 : ##############################################################################
2016-05-21 12:36:16.006343 
2016-05-21 12:36:16.006363 : ## process/ext_spouse_candidate ##############################################
2016-05-21 12:36:16.006381 : # Done: 2016-05-20T22:17:52-0700 (14h 18m 22s ago)
2016-05-21 12:36:16.006402 : process/ext_spouse_candidate/run.sh
2016-05-21 12:36:16.006422 : mark_done process/ext_spouse_candidate
2016-05-21 12:36:16.006442 : ##############################################################################
2016-05-21 12:36:16.006462 
2016-05-21 12:36:16.006480 : ## data/spouse_candidate #####################################################
2016-05-21 12:36:16.006498 : # Done: 2016-05-20T22:17:52-0700 (14h 18m 22s ago)
2016-05-21 12:36:16.006518 : # no-op
2016-05-21 12:36:16.006537 : mark_done data/spouse_candidate
2016-05-21 12:36:16.006557 : ##############################################################################
2016-05-21 12:36:16.006578 
2016-05-21 12:36:16.006615 : ## process/ext_spouse_label__0_by_supervise ##################################
2016-05-21 12:36:16.006644 : # Done: 2016-05-20T22:17:53-0700 (14h 18m 21s ago)
2016-05-21 12:36:16.006669 : process/ext_spouse_label__0_by_supervise/run.sh
2016-05-21 12:36:16.006692 : mark_done process/ext_spouse_label__0_by_supervise
2016-05-21 12:36:16.006715 : ##############################################################################
2016-05-21 12:36:16.006737 
2016-05-21 12:36:16.006755 : ## data/spouse_label__0 ######################################################
2016-05-21 12:36:16.006775 : # Done: 2016-05-20T22:17:53-0700 (14h 18m 21s ago)
2016-05-21 12:36:16.006797 : # no-op
2016-05-21 12:36:16.006819 : mark_done data/spouse_label__0
2016-05-21 12:36:16.006841 : ##############################################################################
2016-05-21 12:36:16.006861 
2016-05-21 12:36:16.006881 : ## process/init/relation/spouses_dbpedia #####################################
2016-05-21 12:36:16.006904 : # Done: 2016-05-21T12:09:26-0700 (26m 48s ago)
2016-05-21 12:36:16.006925 : process/init/relation/spouses_dbpedia/run.sh
2016-05-21 12:36:16.006948 : mark_done process/init/relation/spouses_dbpedia
2016-05-21 12:36:16.006968 : ##############################################################################
2016-05-21 12:36:16.006987 
2016-05-21 12:36:16.007007 : ## data/spouses_dbpedia ######################################################
2016-05-21 12:36:16.007029 : # Done: 2016-05-21T12:09:26-0700 (26m 48s ago)
2016-05-21 12:36:16.007050 : # no-op
2016-05-21 12:36:16.007071 : mark_done data/spouses_dbpedia
2016-05-21 12:36:16.007092 : ##############################################################################
2016-05-21 12:36:16.007113 
2016-05-21 12:36:16.007135 ## process/ext_spouse_label ##################################################
2016-05-21 12:36:16.007157 : # Done: 2016-05-20T22:17:55-0700 (14h 18m 19s ago)
2016-05-21 12:36:16.007179 # Done: 2016-05-20T22:17:55-0700 (14h 18m 18s ago)
2016-05-21 12:36:16.007199 process/ext_spouse_label/run.sh
2016-05-21 12:36:16.007221 ++ dirname process/ext_spouse_label/run.sh
2016-05-21 12:36:16.007241 + cd process/ext_spouse_label
2016-05-21 12:36:16.007262 + export DEEPDIVE_CURRENT_PROCESS_NAME=process/ext_spouse_label
2016-05-21 12:36:16.007283 + DEEPDIVE_CURRENT_PROCESS_NAME=process/ext_spouse_label
2016-05-21 12:36:16.007301 + deepdive create table spouse_label
2016-05-21 12:36:16.122581 CREATE TABLE
2016-05-21 12:36:16.123792 + deepdive sql 'INSERT INTO spouse_label SELECT R0.p_id AS "spouse_candidate.R0.p_id", R0.t_id AS "spouse_candidate.R0.t_id", 0 AS column_2, NULL AS column_3
2016-05-21 12:36:16.123871 FROM spouse_candidate R0
2016-05-21 12:36:16.123904         
2016-05-21 12:36:16.123983 UNION ALL
2016-05-21 12:36:16.124018 SELECT R0.p_id AS "spouse_candidate.R0.p_id", R0.t_id AS "spouse_candidate.R0.t_id", 1 AS column_2, '\''from_dbpedia'\'' AS column_3
2016-05-21 12:36:16.124040 FROM spouse_candidate R0, spouses_dbpedia R1
2016-05-21 12:36:16.124063         WHERE ((lower(R1.p) = lower(R0.p_name) AND lower(R1.t) = lower(R0.p_name)) OR (lower(R1.t) = lower(R0.t_name) AND lower(R1.p) = lower(R0.t_name)))
2016-05-21 12:36:16.124082 UNION ALL
2016-05-21 12:36:16.124101 SELECT R0.p_id AS "spouse_label__0.R0.p_id", R0.t_id AS "spouse_label__0.R0.t_id", R0.label AS "spouse_label__0.R0.label", R0.rule_id AS "spouse_label__0.R0.rule_id"
2016-05-21 12:36:16.124124 FROM spouse_label__0 R0
2016-05-21 12:36:16.124147         '
2016-05-21 12:36:16.201516 ERROR:  column r1.p does not exist
2016-05-21 12:36:16.201582 LINE 7:         WHERE ((lower(R1.p) = lower(R0.p_name) AND lower(R1....
2016-05-21 12:36:16.201606                               ^
