2016-06-04 11:04:57.246667 # on dhcp-169-233-187-63.cruznet.ucsc.edu: deepdive do probabilities
2016-06-04 11:04:57.247047 # run/20160604/110454.716867000/plan.sh
2016-06-04 11:04:57.247078 # execution plan for data/model/probabilities
2016-06-04 11:04:57.247100 
2016-06-04 11:04:57.247122 : ## process/init/app ##########################################################
2016-06-04 11:04:57.247144 : # Done: 2016-05-22T17:21:25-0700 (12d 17h 43m 29s ago)
2016-06-04 11:04:57.247164 : process/init/app/run.sh
2016-06-04 11:04:57.247182 : mark_done process/init/app
2016-06-04 11:04:57.247201 : ##############################################################################
2016-06-04 11:04:57.247218 
2016-06-04 11:04:57.247236 : ## process/init/relation/articles ############################################
2016-06-04 11:04:57.247258 : # Done: 2016-05-23T12:16:43-0700 (11d 22h 48m 11s ago)
2016-06-04 11:04:57.247279 : process/init/relation/articles/run.sh
2016-06-04 11:04:57.247298 : mark_done process/init/relation/articles
2016-06-04 11:04:57.247318 : ##############################################################################
2016-06-04 11:04:57.247337 
2016-06-04 11:04:57.247357 : ## data/articles #############################################################
2016-06-04 11:04:57.247378 : # Done: 2016-05-23T12:16:43-0700 (11d 22h 48m 11s ago)
2016-06-04 11:04:57.247397 : # no-op
2016-06-04 11:04:57.247417 : mark_done data/articles
2016-06-04 11:04:57.247437 : ##############################################################################
2016-06-04 11:04:57.247458 
2016-06-04 11:04:57.247478 : ## process/ext_sentences_by_nlp_markup #######################################
2016-06-04 11:04:57.247523 : # Done: 2016-05-23T15:05:01-0700 (11d 19h 59m 53s ago)
2016-06-04 11:04:57.247565 : process/ext_sentences_by_nlp_markup/run.sh
2016-06-04 11:04:57.247598 : mark_done process/ext_sentences_by_nlp_markup
2016-06-04 11:04:57.247625 : ##############################################################################
2016-06-04 11:04:57.247652 
2016-06-04 11:04:57.247680 : ## data/sentences ############################################################
2016-06-04 11:04:57.247705 : # Done: 2016-05-23T15:05:01-0700 (11d 19h 59m 53s ago)
2016-06-04 11:04:57.247731 : # no-op
2016-06-04 11:04:57.247758 : mark_done data/sentences
2016-06-04 11:04:57.247782 : ##############################################################################
2016-06-04 11:04:57.247809 
2016-06-04 11:04:57.247830 : ## process/ext_person_mention_by_map_person_mention ##########################
2016-06-04 11:04:57.247857 : # Done: 2016-05-23T15:05:52-0700 (11d 19h 59m 2s ago)
2016-06-04 11:04:57.247885 : process/ext_person_mention_by_map_person_mention/run.sh
2016-06-04 11:04:57.247906 : mark_done process/ext_person_mention_by_map_person_mention
2016-06-04 11:04:57.247929 : ##############################################################################
2016-06-04 11:04:57.247956 
2016-06-04 11:04:57.247978 : ## data/person_mention #######################################################
2016-06-04 11:04:57.248003 : # Done: 2016-05-23T15:05:52-0700 (11d 19h 59m 2s ago)
2016-06-04 11:04:57.248026 : # no-op
2016-06-04 11:04:57.248044 : mark_done data/person_mention
2016-06-04 11:04:57.248082 : ##############################################################################
2016-06-04 11:04:57.248112 
2016-06-04 11:04:57.248139 : ## process/init/relation/spouses_dbpedia #####################################
2016-06-04 11:04:57.248168 : # Done: 2016-06-02T22:27:40-0700 (1d 12h 37m 15s ago)
2016-06-04 11:04:57.248194 : process/init/relation/spouses_dbpedia/run.sh
2016-06-04 11:04:57.248219 : mark_done process/init/relation/spouses_dbpedia
2016-06-04 11:04:57.248246 : ##############################################################################
2016-06-04 11:04:57.248274 
2016-06-04 11:04:57.248303 : ## data/spouses_dbpedia ######################################################
2016-06-04 11:04:57.248333 : # Done: 2016-06-02T22:27:40-0700 (1d 12h 37m 15s ago)
2016-06-04 11:04:57.248362 : # no-op
2016-06-04 11:04:57.248388 : mark_done data/spouses_dbpedia
2016-06-04 11:04:57.248411 : ##############################################################################
2016-06-04 11:04:57.248433 
2016-06-04 11:04:57.248472 : ## process/ext_team_mention_by_map_team_mention ##############################
2016-06-04 11:04:57.248511 : # Done: 2016-05-23T15:06:19-0700 (11d 19h 58m 36s ago)
2016-06-04 11:04:57.248550 : process/ext_team_mention_by_map_team_mention/run.sh
2016-06-04 11:04:57.248586 : mark_done process/ext_team_mention_by_map_team_mention
2016-06-04 11:04:57.248619 : ##############################################################################
2016-06-04 11:04:57.248641 
2016-06-04 11:04:57.248661 : ## data/team_mention #########################################################
2016-06-04 11:04:57.248686 : # Done: 2016-05-23T15:06:19-0700 (11d 19h 58m 36s ago)
2016-06-04 11:04:57.248710 : # no-op
2016-06-04 11:04:57.248733 : mark_done data/team_mention
2016-06-04 11:04:57.248757 : ##############################################################################
2016-06-04 11:04:57.248781 
2016-06-04 11:04:57.248810 : ## process/ext_num_people ####################################################
2016-06-04 11:04:57.248837 : # Done: 2016-05-23T15:06:46-0700 (11d 19h 58m 9s ago)
2016-06-04 11:04:57.248865 : process/ext_num_people/run.sh
2016-06-04 11:04:57.248894 : mark_done process/ext_num_people
2016-06-04 11:04:57.248949 : ##############################################################################
2016-06-04 11:04:57.248980 
2016-06-04 11:04:57.249006 : ## data/num_people ###########################################################
2016-06-04 11:04:57.249032 : # Done: 2016-05-23T15:06:46-0700 (11d 19h 58m 9s ago)
2016-06-04 11:04:57.249054 : # no-op
2016-06-04 11:04:57.249075 : mark_done data/num_people
2016-06-04 11:04:57.249096 : ##############################################################################
2016-06-04 11:04:57.249115 
2016-06-04 11:04:57.249136 : ## process/ext_spouse_candidate ##############################################
2016-06-04 11:04:57.249156 : # Done: 2016-05-23T15:07:38-0700 (11d 19h 57m 17s ago)
2016-06-04 11:04:57.249176 : process/ext_spouse_candidate/run.sh
2016-06-04 11:04:57.249195 : mark_done process/ext_spouse_candidate
2016-06-04 11:04:57.249215 : ##############################################################################
2016-06-04 11:04:57.249236 
2016-06-04 11:04:57.249256 : ## data/spouse_candidate #####################################################
2016-06-04 11:04:57.249276 : # Done: 2016-05-23T15:07:38-0700 (11d 19h 57m 17s ago)
2016-06-04 11:04:57.249296 : # no-op
2016-06-04 11:04:57.249315 : mark_done data/spouse_candidate
2016-06-04 11:04:57.249333 : ##############################################################################
2016-06-04 11:04:57.249353 
2016-06-04 11:04:57.249395 : ## process/ext_spouse_label__0_by_supervise ##################################
2016-06-04 11:04:57.249419 : # Done: 2016-05-23T15:08:48-0700 (11d 19h 56m 7s ago)
2016-06-04 11:04:57.249437 : process/ext_spouse_label__0_by_supervise/run.sh
2016-06-04 11:04:57.249456 : mark_done process/ext_spouse_label__0_by_supervise
2016-06-04 11:04:57.249477 : ##############################################################################
2016-06-04 11:04:57.249496 
2016-06-04 11:04:57.249517 : ## data/spouse_label__0 ######################################################
2016-06-04 11:04:57.249537 : # Done: 2016-05-23T15:08:48-0700 (11d 19h 56m 7s ago)
2016-06-04 11:04:57.249557 : # no-op
2016-06-04 11:04:57.249578 : mark_done data/spouse_label__0
2016-06-04 11:04:57.249598 : ##############################################################################
2016-06-04 11:04:57.249616 
2016-06-04 11:04:57.249785 : ## process/ext_spouse_label ##################################################
2016-06-04 11:04:57.249822 : # Done: 2016-06-02T22:28:10-0700 (1d 12h 36m 45s ago)
2016-06-04 11:04:57.249854 : process/ext_spouse_label/run.sh
2016-06-04 11:04:57.249880 : mark_done process/ext_spouse_label
2016-06-04 11:04:57.249909 : ##############################################################################
2016-06-04 11:04:57.249935 
2016-06-04 11:04:57.249961 : ## data/spouse_label #########################################################
2016-06-04 11:04:57.249979 : # Done: 2016-06-02T22:28:10-0700 (1d 12h 36m 45s ago)
2016-06-04 11:04:57.249999 : # no-op
2016-06-04 11:04:57.250022 : mark_done data/spouse_label
2016-06-04 11:04:57.250048 : ##############################################################################
2016-06-04 11:04:57.250074 
2016-06-04 11:04:57.250100 : ## process/ext_spouse_label_resolved #########################################
2016-06-04 11:04:57.250126 : # Done: 2016-06-02T22:28:10-0700 (1d 12h 36m 45s ago)
2016-06-04 11:04:57.250152 : process/ext_spouse_label_resolved/run.sh
2016-06-04 11:04:57.250178 : mark_done process/ext_spouse_label_resolved
2016-06-04 11:04:57.250204 : ##############################################################################
2016-06-04 11:04:57.250230 
2016-06-04 11:04:57.250256 : ## data/spouse_label_resolved ################################################
2016-06-04 11:04:57.250282 : # Done: 2016-06-02T22:28:10-0700 (1d 12h 36m 45s ago)
2016-06-04 11:04:57.250309 : # no-op
2016-06-04 11:04:57.250335 : mark_done data/spouse_label_resolved
2016-06-04 11:04:57.250361 : ##############################################################################
2016-06-04 11:04:57.250392 
2016-06-04 11:04:57.250524 : ## process/init/relation/spouses_dbpedia_negative ############################
2016-06-04 11:04:57.250555 : # Done: 2016-05-25T12:13:43-0700 (9d 22h 51m 12s ago)
2016-06-04 11:04:57.250581 : process/init/relation/spouses_dbpedia_negative/run.sh
2016-06-04 11:04:57.250600 : mark_done process/init/relation/spouses_dbpedia_negative
2016-06-04 11:04:57.250618 : ##############################################################################
2016-06-04 11:04:57.250650 
2016-06-04 11:04:57.250673 : ## data/spouses_dbpedia_negative #############################################
2016-06-04 11:04:57.250702 : # Done: 2016-06-02T22:50:00-0700 (1d 12h 14m 55s ago)
2016-06-04 11:04:57.250728 : # no-op
2016-06-04 11:04:57.250756 : mark_done data/spouses_dbpedia_negative
2016-06-04 11:04:57.250779 : ##############################################################################
2016-06-04 11:04:57.250796 
2016-06-04 11:04:57.250820 : ## process/ext_has_spouse ####################################################
2016-06-04 11:04:57.250848 : # Done: 2016-06-02T23:14:20-0700 (1d 11h 50m 35s ago)
2016-06-04 11:04:57.250874 : process/ext_has_spouse/run.sh
2016-06-04 11:04:57.250893 : mark_done process/ext_has_spouse
2016-06-04 11:04:57.250912 : ##############################################################################
2016-06-04 11:04:57.250934 
2016-06-04 11:04:57.250963 : ## data/has_spouse ###########################################################
2016-06-04 11:04:57.250976 : # Done: 2016-06-02T23:14:20-0700 (1d 11h 50m 35s ago)
2016-06-04 11:04:57.251016 : # no-op
2016-06-04 11:04:57.251040 : mark_done data/has_spouse
2016-06-04 11:04:57.251064 : ##############################################################################
2016-06-04 11:04:57.251089 
2016-06-04 11:04:57.251109 : ## process/grounding/variable_id_partition ###################################
2016-06-04 11:04:57.251140 : # Done: 2016-06-02T23:17:45-0700 (1d 11h 47m 10s ago)
2016-06-04 11:04:57.251164 : process/grounding/variable_id_partition/run.sh
2016-06-04 11:04:57.251184 : mark_done process/grounding/variable_id_partition
2016-06-04 11:04:57.251210 : ##############################################################################
2016-06-04 11:04:57.251235 
2016-06-04 11:04:57.251256 : ## process/grounding/variable/has_spouse/assign_id ###########################
2016-06-04 11:04:57.251275 : # Done: 2016-06-02T23:17:45-0700 (1d 11h 47m 10s ago)
2016-06-04 11:04:57.251299 : process/grounding/variable/has_spouse/assign_id/run.sh
2016-06-04 11:04:57.251329 : mark_done process/grounding/variable/has_spouse/assign_id
2016-06-04 11:04:57.251358 : ##############################################################################
2016-06-04 11:04:57.251385 
2016-06-04 11:04:57.251407 : ## process/grounding/factor/inf1_istrue_has_spouse/materialize ###############
2016-06-04 11:04:57.251433 : # Done: 2016-06-02T23:17:46-0700 (1d 11h 47m 9s ago)
2016-06-04 11:04:57.251472 : process/grounding/factor/inf1_istrue_has_spouse/materialize/run.sh
2016-06-04 11:04:57.251515 : mark_done process/grounding/factor/inf1_istrue_has_spouse/materialize
2016-06-04 11:04:57.251541 : ##############################################################################
2016-06-04 11:04:57.251563 
2016-06-04 11:04:57.251584 : ## process/grounding/factor/inf_imply_has_spouse_has_spouse/materialize ######
2016-06-04 11:04:57.251611 : # Done: 2016-06-02T23:23:19-0700 (1d 11h 41m 36s ago)
2016-06-04 11:04:57.251643 : process/grounding/factor/inf_imply_has_spouse_has_spouse/materialize/run.sh
2016-06-04 11:04:57.251672 : mark_done process/grounding/factor/inf_imply_has_spouse_has_spouse/materialize
2016-06-04 11:04:57.251701 : ##############################################################################
2016-06-04 11:04:57.251731 
2016-06-04 11:04:57.251758 : ## process/ext_spouse_feature_by_extract_spouse_features #####################
2016-06-04 11:04:57.251778 : # Done: 2016-05-23T15:08:09-0700 (11d 19h 56m 46s ago)
2016-06-04 11:04:57.251796 : process/ext_spouse_feature_by_extract_spouse_features/run.sh
2016-06-04 11:04:57.251815 : mark_done process/ext_spouse_feature_by_extract_spouse_features
2016-06-04 11:04:57.251839 : ##############################################################################
2016-06-04 11:04:57.251889 
2016-06-04 11:04:57.251910 : ## data/spouse_feature #######################################################
2016-06-04 11:04:57.251936 : # Done: 2016-05-23T15:08:09-0700 (11d 19h 56m 46s ago)
2016-06-04 11:04:57.251961 : # no-op
2016-06-04 11:04:57.251987 : mark_done data/spouse_feature
2016-06-04 11:04:57.252010 : ##############################################################################
2016-06-04 11:04:57.252035 
2016-06-04 11:04:57.252055 : ## process/grounding/factor/inf_istrue_has_spouse/materialize ################
2016-06-04 11:04:57.252078 : # Done: 2016-06-02T23:23:20-0700 (1d 11h 41m 35s ago)
2016-06-04 11:04:57.252131 : process/grounding/factor/inf_istrue_has_spouse/materialize/run.sh
2016-06-04 11:04:57.252158 : mark_done process/grounding/factor/inf_istrue_has_spouse/materialize
2016-06-04 11:04:57.252184 : ##############################################################################
2016-06-04 11:04:57.252211 
2016-06-04 11:04:57.252232 : ## process/grounding/weight_id_partition #####################################
2016-06-04 11:04:57.252253 : # Done: 2016-06-02T23:23:20-0700 (1d 11h 41m 35s ago)
2016-06-04 11:04:57.252277 : process/grounding/weight_id_partition/run.sh
2016-06-04 11:04:57.252299 : mark_done process/grounding/weight_id_partition
2016-06-04 11:04:57.252454 : ##############################################################################
2016-06-04 11:04:57.252700 
2016-06-04 11:04:57.253015 : ## process/grounding/factor/inf1_istrue_has_spouse/assign_weight_id ##########
2016-06-04 11:04:57.253065 : # Done: 2016-06-02T23:23:21-0700 (1d 11h 41m 34s ago)
2016-06-04 11:04:57.253187 : process/grounding/factor/inf1_istrue_has_spouse/assign_weight_id/run.sh
2016-06-04 11:04:57.253212 : mark_done process/grounding/factor/inf1_istrue_has_spouse/assign_weight_id
2016-06-04 11:04:57.253243 : ##############################################################################
2016-06-04 11:04:57.253276 
2016-06-04 11:04:57.253365 : ## process/grounding/factor/inf1_istrue_has_spouse/dump ######################
2016-06-04 11:04:57.253413 : # Done: 2016-06-02T23:23:22-0700 (1d 11h 41m 33s ago)
2016-06-04 11:04:57.253440 : process/grounding/factor/inf1_istrue_has_spouse/dump/run.sh
2016-06-04 11:04:57.253466 : mark_done process/grounding/factor/inf1_istrue_has_spouse/dump
2016-06-04 11:04:57.253493 : ##############################################################################
2016-06-04 11:04:57.253527 
2016-06-04 11:04:57.253555 : ## process/grounding/factor/inf1_istrue_has_spouse/dump_weights ##############
2016-06-04 11:04:57.253577 : # Done: 2016-06-02T23:23:22-0700 (1d 11h 41m 33s ago)
2016-06-04 11:04:57.253598 : process/grounding/factor/inf1_istrue_has_spouse/dump_weights/run.sh
2016-06-04 11:04:57.253618 : mark_done process/grounding/factor/inf1_istrue_has_spouse/dump_weights
2016-06-04 11:04:57.253637 : ##############################################################################
2016-06-04 11:04:57.253658 
2016-06-04 11:04:57.253680 : ## process/grounding/factor/inf_imply_has_spouse_has_spouse/assign_weight_id #
2016-06-04 11:04:57.253700 : # Done: 2016-06-02T23:23:23-0700 (1d 11h 41m 32s ago)
2016-06-04 11:04:57.253728 : process/grounding/factor/inf_imply_has_spouse_has_spouse/assign_weight_id/run.sh
2016-06-04 11:04:57.253747 : mark_done process/grounding/factor/inf_imply_has_spouse_has_spouse/assign_weight_id
2016-06-04 11:04:57.253770 : ##############################################################################
2016-06-04 11:04:57.253799 
2016-06-04 11:04:57.253824 : ## process/grounding/factor/inf_imply_has_spouse_has_spouse/dump #############
2016-06-04 11:04:57.253847 : # Done: 2016-06-02T23:23:23-0700 (1d 11h 41m 32s ago)
2016-06-04 11:04:57.253868 : process/grounding/factor/inf_imply_has_spouse_has_spouse/dump/run.sh
2016-06-04 11:04:57.253888 : mark_done process/grounding/factor/inf_imply_has_spouse_has_spouse/dump
2016-06-04 11:04:57.253909 : ##############################################################################
2016-06-04 11:04:57.253930 
2016-06-04 11:04:57.253949 : ## process/grounding/factor/inf_imply_has_spouse_has_spouse/dump_weights #####
2016-06-04 11:04:57.253974 : # Done: 2016-06-02T23:23:23-0700 (1d 11h 41m 32s ago)
2016-06-04 11:04:57.253993 : process/grounding/factor/inf_imply_has_spouse_has_spouse/dump_weights/run.sh
2016-06-04 11:04:57.254015 : mark_done process/grounding/factor/inf_imply_has_spouse_has_spouse/dump_weights
2016-06-04 11:04:57.254044 : ##############################################################################
2016-06-04 11:04:57.254066 
2016-06-04 11:04:57.254165 : ## process/grounding/factor/inf_istrue_has_spouse/assign_weight_id ###########
2016-06-04 11:04:57.254195 : # Done: 2016-06-02T23:23:24-0700 (1d 11h 41m 31s ago)
2016-06-04 11:04:57.254235 : process/grounding/factor/inf_istrue_has_spouse/assign_weight_id/run.sh
2016-06-04 11:04:57.254269 : mark_done process/grounding/factor/inf_istrue_has_spouse/assign_weight_id
2016-06-04 11:04:57.254292 : ##############################################################################
2016-06-04 11:04:57.254312 
2016-06-04 11:04:57.254331 : ## process/grounding/factor/inf_istrue_has_spouse/dump #######################
2016-06-04 11:04:57.254368 : # Done: 2016-06-02T23:23:25-0700 (1d 11h 41m 30s ago)
2016-06-04 11:04:57.254398 : process/grounding/factor/inf_istrue_has_spouse/dump/run.sh
2016-06-04 11:04:57.254420 : mark_done process/grounding/factor/inf_istrue_has_spouse/dump
2016-06-04 11:04:57.254455 : ##############################################################################
2016-06-04 11:04:57.254482 
2016-06-04 11:04:57.254500 : ## process/grounding/factor/inf_istrue_has_spouse/dump_weights ###############
2016-06-04 11:04:57.254520 : # Done: 2016-06-02T23:23:25-0700 (1d 11h 41m 30s ago)
2016-06-04 11:04:57.254540 : process/grounding/factor/inf_istrue_has_spouse/dump_weights/run.sh
2016-06-04 11:04:57.254566 : mark_done process/grounding/factor/inf_istrue_has_spouse/dump_weights
2016-06-04 11:04:57.254634 : ##############################################################################
2016-06-04 11:04:57.254719 
2016-06-04 11:04:57.254749 : ## process/grounding/global_weight_table #####################################
2016-06-04 11:04:57.254780 : # Done: 2016-06-02T23:23:26-0700 (1d 11h 41m 29s ago)
2016-06-04 11:04:57.254808 : process/grounding/global_weight_table/run.sh
2016-06-04 11:04:57.254838 : mark_done process/grounding/global_weight_table
2016-06-04 11:04:57.254861 : ##############################################################################
2016-06-04 11:04:57.254881 
2016-06-04 11:04:57.254992 : ## process/grounding/variable_holdout ########################################
2016-06-04 11:04:57.255100 : # Done: 2016-06-02T23:23:26-0700 (1d 11h 41m 29s ago)
2016-06-04 11:04:57.255149 : process/grounding/variable_holdout/run.sh
2016-06-04 11:04:57.255249 : mark_done process/grounding/variable_holdout
2016-06-04 11:04:57.255360 : ##############################################################################
2016-06-04 11:04:57.255444 
2016-06-04 11:04:57.255476 : ## process/grounding/variable/has_spouse/dump ################################
2016-06-04 11:04:57.255503 : # Done: 2016-06-02T23:23:27-0700 (1d 11h 41m 28s ago)
2016-06-04 11:04:57.255528 : process/grounding/variable/has_spouse/dump/run.sh
2016-06-04 11:04:57.255557 : mark_done process/grounding/variable/has_spouse/dump
2016-06-04 11:04:57.255584 : ##############################################################################
2016-06-04 11:04:57.255728 
2016-06-04 11:04:57.255770 : ## process/grounding/combine_factorgraph #####################################
2016-06-04 11:04:57.255884 : # Done: 2016-06-02T23:23:27-0700 (1d 11h 41m 28s ago)
2016-06-04 11:04:57.256033 : process/grounding/combine_factorgraph/run.sh
2016-06-04 11:04:57.256099 : mark_done process/grounding/combine_factorgraph
2016-06-04 11:04:57.256149 : ##############################################################################
2016-06-04 11:04:57.256180 
2016-06-04 11:04:57.256237 : ## model/factorgraph #########################################################
2016-06-04 11:04:57.256265 : # Done: 2016-06-02T23:23:27-0700 (1d 11h 41m 28s ago)
2016-06-04 11:04:57.256294 : mark_done model/factorgraph
2016-06-04 11:04:57.256316 : ##############################################################################
2016-06-04 11:04:57.256358 
2016-06-04 11:04:57.256391 : ## process/model/learning ####################################################
2016-06-04 11:04:57.256432 : # Done: 2016-06-02T23:23:40-0700 (1d 11h 41m 15s ago)
2016-06-04 11:04:57.256488 : process/model/learning/run.sh
2016-06-04 11:04:57.256527 : mark_done process/model/learning
2016-06-04 11:04:57.256605 : ##############################################################################
2016-06-04 11:04:57.256651 
2016-06-04 11:04:57.256687 : ## model/weights #############################################################
2016-06-04 11:04:57.256716 : # Done: 2016-06-02T23:23:40-0700 (1d 11h 41m 15s ago)
2016-06-04 11:04:57.256743 : mark_done model/weights
2016-06-04 11:04:57.256766 : ##############################################################################
2016-06-04 11:04:57.256790 
2016-06-04 11:04:57.256815 : ## process/model/inference ###################################################
2016-06-04 11:04:57.256842 : # Done: 2016-06-02T23:23:40-0700 (1d 11h 41m 15s ago)
2016-06-04 11:04:57.256866 : process/model/inference/run.sh
2016-06-04 11:04:57.256887 : mark_done process/model/inference
2016-06-04 11:04:57.256907 : ##############################################################################
2016-06-04 11:04:57.256929 
2016-06-04 11:04:57.256954 : ## model/probabilities #######################################################
2016-06-04 11:04:57.256975 : # Done: 2016-06-02T23:23:40-0700 (1d 11h 41m 15s ago)
2016-06-04 11:04:57.257001 : mark_done model/probabilities
2016-06-04 11:04:57.257033 : ##############################################################################
2016-06-04 11:04:57.257054 
2016-06-04 11:04:57.257090 ## process/model/load_probabilities ##########################################
2016-06-04 11:04:57.257134 : # Done: 2016-06-02T23:30:17-0700 (1d 11h 34m 38s ago)
2016-06-04 11:04:57.257158 # Done: 2016-06-02T23:30:17-0700 (1d 11h 34m 37s ago)
2016-06-04 11:04:57.257184 process/model/load_probabilities/run.sh
2016-06-04 11:04:57.257216 ++ dirname process/model/load_probabilities/run.sh
2016-06-04 11:04:57.257241 + cd process/model/load_probabilities
2016-06-04 11:04:57.257262 + export DEEPDIVE_CURRENT_PROCESS_NAME=process/model/load_probabilities
2016-06-04 11:04:57.257307 + DEEPDIVE_CURRENT_PROCESS_NAME=process/model/load_probabilities
2016-06-04 11:04:57.257332 + mkdir -p ../../../model
2016-06-04 11:04:57.257356 + cd ../../../model
2016-06-04 11:04:57.257392 + deepdive create table dd_inference_result_variables id:BIGINT category:BIGINT 'expectation:DOUBLE PRECISION'
2016-06-04 11:04:57.803843 CREATE TABLE
2016-06-04 11:04:57.805549 + cat probabilities/inference_result.out.text
2016-06-04 11:04:57.805630 + tr ' ' '\t'
2016-06-04 11:04:57.806016 + DEEPDIVE_LOAD_FORMAT=tsv
2016-06-04 11:04:57.806071 + deepdive load dd_inference_result_variables /dev/stdin
2016-06-04 11:04:57.922489 Loading dd_inference_result_variables from /dev/stdin (tsv format)
2016-06-04 11:04:57.978532 COPY 3211
2016-06-04 11:04:58.016450 + deepdive create view has_spouse_label_inference as '
2016-06-04 11:04:58.016519                 SELECT has_spouse.*, mir.category, mir.expectation FROM
2016-06-04 11:04:58.016551                 has_spouse, dd_inference_result_variables mir
2016-06-04 11:04:58.016577                 WHERE has_spouse.id = mir.id
2016-06-04 11:04:58.016598                 ORDER BY mir.expectation DESC
2016-06-04 11:04:58.016617                 '
2016-06-04 11:04:58.232811 CREATE VIEW
2016-06-04 11:04:58.234049 mark_done process/model/load_probabilities
2016-06-04 11:04:58.257566 ##############################################################################
2016-06-04 11:04:58.257637 
2016-06-04 11:04:58.257659 ## data/model/probabilities ##################################################
2016-06-04 11:04:58.257680 : # Done: 2016-06-02T23:30:17-0700 (1d 11h 34m 38s ago)
2016-06-04 11:04:58.257701 # Done: 2016-06-02T23:30:17-0700 (1d 11h 34m 37s ago)
2016-06-04 11:04:58.257745 # no-op
2016-06-04 11:04:58.257775 mark_done data/model/probabilities
2016-06-04 11:04:58.279715 ##############################################################################
2016-06-04 11:04:58.279787 
