2016-05-20 21:49:21.683605 # on dhcp-169-233-138-157.cruznet.ucsc.edu: deepdive do spouse_candidate
2016-05-20 21:49:21.683881 # run/20160520/214919.836175000/plan.sh
2016-05-20 21:49:21.683914 # execution plan for data/spouse_candidate
2016-05-20 21:49:21.683941 
2016-05-20 21:49:21.683961 : ## process/init/app ##########################################################
2016-05-20 21:49:21.683985 : # Done: 2016-05-20T15:47:44-0700 (6h 1m 35s ago)
2016-05-20 21:49:21.684008 : process/init/app/run.sh
2016-05-20 21:49:21.684029 : mark_done process/init/app
2016-05-20 21:49:21.684052 : ##############################################################################
2016-05-20 21:49:21.684074 
2016-05-20 21:49:21.684096 : ## process/init/relation/articles ############################################
2016-05-20 21:49:21.684117 : # Done: 2016-05-20T19:16:48-0700 (2h 32m 31s ago)
2016-05-20 21:49:21.684137 : process/init/relation/articles/run.sh
2016-05-20 21:49:21.684158 : mark_done process/init/relation/articles
2016-05-20 21:49:21.684179 : ##############################################################################
2016-05-20 21:49:21.684199 
2016-05-20 21:49:21.684221 : ## data/articles #############################################################
2016-05-20 21:49:21.684241 : # Done: 2016-05-20T19:16:48-0700 (2h 32m 32s ago)
2016-05-20 21:49:21.684262 : # no-op
2016-05-20 21:49:21.684283 : mark_done data/articles
2016-05-20 21:49:21.684305 : ##############################################################################
2016-05-20 21:49:21.684326 
2016-05-20 21:49:21.684348 : ## process/ext_sentences_by_nlp_markup #######################################
2016-05-20 21:49:21.684369 : # Done: 2016-05-20T19:20:04-0700 (2h 29m 16s ago)
2016-05-20 21:49:21.684390 : process/ext_sentences_by_nlp_markup/run.sh
2016-05-20 21:49:21.684410 : mark_done process/ext_sentences_by_nlp_markup
2016-05-20 21:49:21.684433 : ##############################################################################
2016-05-20 21:49:21.684468 
2016-05-20 21:49:21.684507 : ## data/sentences ############################################################
2016-05-20 21:49:21.684535 : # Done: 2016-05-20T19:20:04-0700 (2h 29m 16s ago)
2016-05-20 21:49:21.684557 : # no-op
2016-05-20 21:49:21.684579 : mark_done data/sentences
2016-05-20 21:49:21.684599 : ##############################################################################
2016-05-20 21:49:21.684620 
2016-05-20 21:49:21.684641 : ## process/ext_person_mention_by_map_person_mention ##########################
2016-05-20 21:49:21.684661 : # Done: 2016-05-20T20:58:22-0700 (50m 58s ago)
2016-05-20 21:49:21.684683 : process/ext_person_mention_by_map_person_mention/run.sh
2016-05-20 21:49:21.684704 : mark_done process/ext_person_mention_by_map_person_mention
2016-05-20 21:49:21.684726 : ##############################################################################
2016-05-20 21:49:21.684748 
2016-05-20 21:49:21.684769 : ## data/person_mention #######################################################
2016-05-20 21:49:21.684791 : # Done: 2016-05-20T20:58:22-0700 (50m 58s ago)
2016-05-20 21:49:21.684812 : # no-op
2016-05-20 21:49:21.684834 : mark_done data/person_mention
2016-05-20 21:49:21.684856 : ##############################################################################
2016-05-20 21:49:21.684878 
2016-05-20 21:49:21.684899 : ## process/ext_num_people ####################################################
2016-05-20 21:49:21.684919 : # Done: 2016-05-20T21:35:41-0700 (13m 39s ago)
2016-05-20 21:49:21.684940 : process/ext_num_people/run.sh
2016-05-20 21:49:21.684960 : mark_done process/ext_num_people
2016-05-20 21:49:21.684980 : ##############################################################################
2016-05-20 21:49:21.685000 
2016-05-20 21:49:21.685021 : ## data/num_people ###########################################################
2016-05-20 21:49:21.685041 : # Done: 2016-05-20T21:35:41-0700 (13m 39s ago)
2016-05-20 21:49:21.685061 : # no-op
2016-05-20 21:49:21.685081 : mark_done data/num_people
2016-05-20 21:49:21.685101 : ##############################################################################
2016-05-20 21:49:21.685123 
2016-05-20 21:49:21.685142 : ## process/ext_team_mention_by_map_team_mention ##############################
2016-05-20 21:49:21.685164 : # Done: 2016-05-20T21:23:06-0700 (26m 14s ago)
2016-05-20 21:49:21.685185 : process/ext_team_mention_by_map_team_mention/run.sh
2016-05-20 21:49:21.685207 : mark_done process/ext_team_mention_by_map_team_mention
2016-05-20 21:49:21.685229 : ##############################################################################
2016-05-20 21:49:21.685252 
2016-05-20 21:49:21.685273 : ## data/team_mention #########################################################
2016-05-20 21:49:21.685296 : # Done: 2016-05-20T21:23:06-0700 (26m 14s ago)
2016-05-20 21:49:21.685318 : # no-op
2016-05-20 21:49:21.685339 : mark_done data/team_mention
2016-05-20 21:49:21.685360 : ##############################################################################
2016-05-20 21:49:21.685384 
2016-05-20 21:49:21.685404 ## process/ext_spouse_candidate ##############################################
2016-05-20 21:49:21.685425 : # Done: 2016-05-20T21:35:41-0700 (13m 39s ago)
2016-05-20 21:49:21.685445 # Done: 2016-05-20T21:35:41-0700 (13m 38s ago)
2016-05-20 21:49:21.685467 process/ext_spouse_candidate/run.sh
2016-05-20 21:49:21.685488 ++ dirname process/ext_spouse_candidate/run.sh
2016-05-20 21:49:21.685506 + cd process/ext_spouse_candidate
2016-05-20 21:49:21.685530 + export DEEPDIVE_CURRENT_PROCESS_NAME=process/ext_spouse_candidate
2016-05-20 21:49:21.685551 + DEEPDIVE_CURRENT_PROCESS_NAME=process/ext_spouse_candidate
2016-05-20 21:49:21.685572 + deepdive create table spouse_candidate
2016-05-20 21:49:21.795750 CREATE TABLE
2016-05-20 21:49:21.796870 + deepdive sql 'INSERT INTO spouse_candidate SELECT R1.mention_id AS "person_mention.R1.mention_id", R1.mention_text AS "person_mention.R1.mention_text", R2.team_id AS "team_mention.R2.team_id", R2.team_text AS "team_mention.R2.team_text"
2016-05-20 21:49:21.796933 FROM num_people R0, person_mention R1, team_mention R2
2016-05-20 21:49:21.796958         WHERE R1.doc_id = R0.column_0  AND R1.sentence_index = R0.column_1  AND R2.doc_id = R0.column_0  AND R2.sentence_index = R0.column_1  AND R0.column_2 < 3'
2016-05-20 21:49:21.880801 INSERT 0 103
2016-05-20 21:49:21.882168 mark_done process/ext_spouse_candidate
2016-05-20 21:49:21.897374 ##############################################################################
2016-05-20 21:49:21.897449 
2016-05-20 21:49:21.897469 ## data/spouse_candidate #####################################################
2016-05-20 21:49:21.897490 : # Done: 2016-05-20T21:35:41-0700 (13m 39s ago)
2016-05-20 21:49:21.897512 # Done: 2016-05-20T21:35:41-0700 (13m 38s ago)
2016-05-20 21:49:21.897582 # no-op
2016-05-20 21:49:21.897608 mark_done data/spouse_candidate
2016-05-20 21:49:21.912391 ##############################################################################
2016-05-20 21:49:21.912461 
