2016-05-22 15:51:14.669915 # on eduroam-169-233-210-202.ucsc.edu: deepdive do probabilities
2016-05-22 15:51:14.670309 # run/20160522/155110.628263000/plan.sh
2016-05-22 15:51:14.670343 # execution plan for data/model/probabilities
2016-05-22 15:51:14.670367 
2016-05-22 15:51:14.670389 : ## process/init/app ##########################################################
2016-05-22 15:51:14.670413 : # Done: 2016-05-22T11:25:05-0700 (4h 26m 6s ago)
2016-05-22 15:51:14.670434 : process/init/app/run.sh
2016-05-22 15:51:14.670456 : mark_done process/init/app
2016-05-22 15:51:14.670477 : ##############################################################################
2016-05-22 15:51:14.670498 
2016-05-22 15:51:14.670519 : ## process/init/relation/articles ############################################
2016-05-22 15:51:14.670541 : # Done: 2016-05-22T11:55:52-0700 (3h 55m 19s ago)
2016-05-22 15:51:14.670562 : process/init/relation/articles/run.sh
2016-05-22 15:51:14.670583 : mark_done process/init/relation/articles
2016-05-22 15:51:14.670604 : ##############################################################################
2016-05-22 15:51:14.670623 
2016-05-22 15:51:14.670643 : ## data/articles #############################################################
2016-05-22 15:51:14.670664 : # Done: 2016-05-22T11:55:52-0700 (3h 55m 19s ago)
2016-05-22 15:51:14.670685 : # no-op
2016-05-22 15:51:14.670708 : mark_done data/articles
2016-05-22 15:51:14.670731 : ##############################################################################
2016-05-22 15:51:14.670753 
2016-05-22 15:51:14.670776 : ## process/ext_sentences_by_nlp_markup #######################################
2016-05-22 15:51:14.670797 : # Done: 2016-05-22T11:57:59-0700 (3h 53m 12s ago)
2016-05-22 15:51:14.670817 : process/ext_sentences_by_nlp_markup/run.sh
2016-05-22 15:51:14.670838 : mark_done process/ext_sentences_by_nlp_markup
2016-05-22 15:51:14.670861 : ##############################################################################
2016-05-22 15:51:14.670883 
2016-05-22 15:51:14.670905 : ## data/sentences ############################################################
2016-05-22 15:51:14.670925 : # Done: 2016-05-22T11:57:59-0700 (3h 53m 12s ago)
2016-05-22 15:51:14.670946 : # no-op
2016-05-22 15:51:14.670965 : mark_done data/sentences
2016-05-22 15:51:14.670987 : ##############################################################################
2016-05-22 15:51:14.671009 
2016-05-22 15:51:14.671032 : ## process/ext_person_mention_by_map_person_mention ##########################
2016-05-22 15:51:14.671054 : # Done: 2016-05-22T12:13:47-0700 (3h 37m 24s ago)
2016-05-22 15:51:14.671074 : process/ext_person_mention_by_map_person_mention/run.sh
2016-05-22 15:51:14.671094 : mark_done process/ext_person_mention_by_map_person_mention
2016-05-22 15:51:14.671116 : ##############################################################################
2016-05-22 15:51:14.671136 
2016-05-22 15:51:14.671170 : ## data/person_mention #######################################################
2016-05-22 15:51:14.671200 : # Done: 2016-05-22T12:13:47-0700 (3h 37m 24s ago)
2016-05-22 15:51:14.671221 : # no-op
2016-05-22 15:51:14.671242 : mark_done data/person_mention
2016-05-22 15:51:14.671263 : ##############################################################################
2016-05-22 15:51:14.671285 
2016-05-22 15:51:14.671307 : ## process/ext_num_people ####################################################
2016-05-22 15:51:14.671328 : # Done: 2016-05-22T12:14:33-0700 (3h 36m 38s ago)
2016-05-22 15:51:14.671348 : process/ext_num_people/run.sh
2016-05-22 15:51:14.671370 : mark_done process/ext_num_people
2016-05-22 15:51:14.671392 : ##############################################################################
2016-05-22 15:51:14.671414 
2016-05-22 15:51:14.671437 : ## data/num_people ###########################################################
2016-05-22 15:51:14.671457 : # Done: 2016-05-22T12:14:33-0700 (3h 36m 38s ago)
2016-05-22 15:51:14.671478 : # no-op
2016-05-22 15:51:14.671501 : mark_done data/num_people
2016-05-22 15:51:14.671523 : ##############################################################################
2016-05-22 15:51:14.671542 
2016-05-22 15:51:14.671561 : ## process/ext_team_mention_by_map_team_mention ##############################
2016-05-22 15:51:14.671581 : # Done: 2016-05-22T12:14:14-0700 (3h 36m 57s ago)
2016-05-22 15:51:14.671603 : process/ext_team_mention_by_map_team_mention/run.sh
2016-05-22 15:51:14.671625 : mark_done process/ext_team_mention_by_map_team_mention
2016-05-22 15:51:14.671647 : ##############################################################################
2016-05-22 15:51:14.671668 
2016-05-22 15:51:14.671687 : ## data/team_mention #########################################################
2016-05-22 15:51:14.671709 : # Done: 2016-05-22T12:14:14-0700 (3h 36m 57s ago)
2016-05-22 15:51:14.671732 : # no-op
2016-05-22 15:51:14.671753 : mark_done data/team_mention
2016-05-22 15:51:14.671773 : ##############################################################################
2016-05-22 15:51:14.671793 
2016-05-22 15:51:14.671813 : ## process/ext_spouse_candidate ##############################################
2016-05-22 15:51:14.671835 : # Done: 2016-05-22T12:14:34-0700 (3h 36m 37s ago)
2016-05-22 15:51:14.671857 : process/ext_spouse_candidate/run.sh
2016-05-22 15:51:14.671877 : mark_done process/ext_spouse_candidate
2016-05-22 15:51:14.671896 : ##############################################################################
2016-05-22 15:51:14.671917 
2016-05-22 15:51:14.671939 : ## data/spouse_candidate #####################################################
2016-05-22 15:51:14.671961 : # Done: 2016-05-22T12:14:34-0700 (3h 36m 37s ago)
2016-05-22 15:51:14.671981 : # no-op
2016-05-22 15:51:14.672001 : mark_done data/spouse_candidate
2016-05-22 15:51:14.672021 : ##############################################################################
2016-05-22 15:51:14.672043 
2016-05-22 15:51:14.672065 : ## process/ext_spouse_label__0_by_supervise ##################################
2016-05-22 15:51:14.672085 : # Done: 2016-05-22T12:28:31-0700 (3h 22m 40s ago)
2016-05-22 15:51:14.672105 : process/ext_spouse_label__0_by_supervise/run.sh
2016-05-22 15:51:14.672125 : mark_done process/ext_spouse_label__0_by_supervise
2016-05-22 15:51:14.672146 : ##############################################################################
2016-05-22 15:51:14.672169 
2016-05-22 15:51:14.672189 : ## data/spouse_label__0 ######################################################
2016-05-22 15:51:14.672209 : # Done: 2016-05-22T12:28:31-0700 (3h 22m 40s ago)
2016-05-22 15:51:14.672229 : # no-op
2016-05-22 15:51:14.672251 : mark_done data/spouse_label__0
2016-05-22 15:51:14.672273 : ##############################################################################
2016-05-22 15:51:14.672295 
2016-05-22 15:51:14.672315 : ## process/init/relation/spouses_dbpedia #####################################
2016-05-22 15:51:14.672336 : # Done: 2016-05-22T15:50:19-0700 (52s ago)
2016-05-22 15:51:14.672358 : process/init/relation/spouses_dbpedia/run.sh
2016-05-22 15:51:14.672380 : mark_done process/init/relation/spouses_dbpedia
2016-05-22 15:51:14.672402 : ##############################################################################
2016-05-22 15:51:14.672422 
2016-05-22 15:51:14.672442 : ## data/spouses_dbpedia ######################################################
2016-05-22 15:51:14.672463 : # Done: 2016-05-22T15:50:19-0700 (52s ago)
2016-05-22 15:51:14.672485 : # no-op
2016-05-22 15:51:14.672507 : mark_done data/spouses_dbpedia
2016-05-22 15:51:14.672527 : ##############################################################################
2016-05-22 15:51:14.672547 
2016-05-22 15:51:14.672568 : ## process/ext_spouse_label ##################################################
2016-05-22 15:51:14.672590 : # Done: 2016-05-22T15:50:41-0700 (30s ago)
2016-05-22 15:51:14.672611 : process/ext_spouse_label/run.sh
2016-05-22 15:51:14.672632 : mark_done process/ext_spouse_label
2016-05-22 15:51:14.672651 : ##############################################################################
2016-05-22 15:51:14.672671 
2016-05-22 15:51:14.672692 : ## data/spouse_label #########################################################
2016-05-22 15:51:14.672714 : # Done: 2016-05-22T15:50:41-0700 (30s ago)
2016-05-22 15:51:14.672741 : # no-op
2016-05-22 15:51:14.672762 : mark_done data/spouse_label
2016-05-22 15:51:14.672784 : ##############################################################################
2016-05-22 15:51:14.672806 
2016-05-22 15:51:14.672828 : ## process/ext_spouse_label_resolved #########################################
2016-05-22 15:51:14.672848 : # Done: 2016-05-22T15:50:41-0700 (30s ago)
2016-05-22 15:51:14.672868 : process/ext_spouse_label_resolved/run.sh
2016-05-22 15:51:14.672890 : mark_done process/ext_spouse_label_resolved
2016-05-22 15:51:14.672913 : ##############################################################################
2016-05-22 15:51:14.672934 
2016-05-22 15:51:14.672955 : ## data/spouse_label_resolved ################################################
2016-05-22 15:51:14.672975 : # Done: 2016-05-22T15:50:41-0700 (30s ago)
2016-05-22 15:51:14.672997 : # no-op
2016-05-22 15:51:14.673019 : mark_done data/spouse_label_resolved
2016-05-22 15:51:14.673040 : ##############################################################################
2016-05-22 15:51:14.673062 
2016-05-22 15:51:14.673084 : ## process/ext_has_spouse ####################################################
2016-05-22 15:51:14.673106 : # Done: 2016-05-22T15:50:41-0700 (30s ago)
2016-05-22 15:51:14.673127 : process/ext_has_spouse/run.sh
2016-05-22 15:51:14.673149 : mark_done process/ext_has_spouse
2016-05-22 15:51:14.673171 : ##############################################################################
2016-05-22 15:51:14.673193 
2016-05-22 15:51:14.673213 : ## data/has_spouse ###########################################################
2016-05-22 15:51:14.673236 : # Done: 2016-05-22T15:50:41-0700 (30s ago)
2016-05-22 15:51:14.673257 : # no-op
2016-05-22 15:51:14.673279 : mark_done data/has_spouse
2016-05-22 15:51:14.673301 : ##############################################################################
2016-05-22 15:51:14.673324 
2016-05-22 15:51:14.673346 ## process/grounding/variable_id_partition ###################################
2016-05-22 15:51:14.673369 : # Done: 2016-05-22T12:37:24-0700 (3h 13m 47s ago)
2016-05-22 15:51:14.673391 # Done: 2016-05-22T12:37:24-0700 (3h 13m 46s ago)
2016-05-22 15:51:14.673413 process/grounding/variable_id_partition/run.sh
2016-05-22 15:51:14.673435 ++ dirname process/grounding/variable_id_partition/run.sh
2016-05-22 15:51:14.673457 + cd process/grounding/variable_id_partition
2016-05-22 15:51:14.673479 + export DEEPDIVE_CURRENT_PROCESS_NAME=process/grounding/variable_id_partition
2016-05-22 15:51:14.673502 + DEEPDIVE_CURRENT_PROCESS_NAME=process/grounding/variable_id_partition
2016-05-22 15:51:14.673525 + : /Users/emerson/Documents/Github/deepdive/examples/coach_nba/run/model/grounding
2016-05-22 15:51:14.673548 + RANGE_BEGIN=0
2016-05-22 15:51:14.673570 + partition_id_range has_spouse
2016-05-22 15:51:14.673593 + variableCountTotal=0
2016-05-22 15:51:14.673615 + read table begin excludeEnd
2016-05-22 15:51:14.743130 + varPath=/Users/emerson/Documents/Github/deepdive/examples/coach_nba/run/model/grounding/variable/has_spouse
2016-05-22 15:51:14.744447 + mkdir -p /Users/emerson/Documents/Github/deepdive/examples/coach_nba/run/model/grounding/variable/has_spouse
2016-05-22 15:51:14.749103 + cd /Users/emerson/Documents/Github/deepdive/examples/coach_nba/run/model/grounding/variable/has_spouse
2016-05-22 15:51:14.749214 + echo 0
2016-05-22 15:51:14.752646 + echo 103
2016-05-22 15:51:14.756655 + echo 103
2016-05-22 15:51:14.762778 + variableCountTotal=103
2016-05-22 15:51:14.762881 + read table begin excludeEnd
2016-05-22 15:51:14.762921 + echo 103
2016-05-22 15:51:14.769262 mark_done process/grounding/variable_id_partition
2016-05-22 15:51:14.790501 ##############################################################################
2016-05-22 15:51:14.790567 
2016-05-22 15:51:14.790591 ## process/grounding/variable/has_spouse/assign_id ###########################
2016-05-22 15:51:14.790613 : # Done: 2016-05-22T12:37:25-0700 (3h 13m 46s ago)
2016-05-22 15:51:14.790631 # Done: 2016-05-22T12:37:25-0700 (3h 13m 45s ago)
2016-05-22 15:51:14.790649 process/grounding/variable/has_spouse/assign_id/run.sh
2016-05-22 15:51:14.803174 ++ dirname process/grounding/variable/has_spouse/assign_id/run.sh
2016-05-22 15:51:14.806203 + cd process/grounding/variable/has_spouse/assign_id
2016-05-22 15:51:14.806296 + export DEEPDIVE_CURRENT_PROCESS_NAME=process/grounding/variable/has_spouse/assign_id
2016-05-22 15:51:14.806318 + DEEPDIVE_CURRENT_PROCESS_NAME=process/grounding/variable/has_spouse/assign_id
2016-05-22 15:51:14.806387 + : /Users/emerson/Documents/Github/deepdive/examples/coach_nba/run/model/grounding
2016-05-22 15:51:14.806432 + table=has_spouse
2016-05-22 15:51:14.806459 + cd /Users/emerson/Documents/Github/deepdive/examples/coach_nba/run/model/grounding/variable/has_spouse
2016-05-22 15:51:14.807065 ++ cat id_begin
2016-05-22 15:51:14.810580 + baseId=0
2016-05-22 15:51:14.810637 + deepdive db assign_sequential_id has_spouse id 0
2016-05-22 15:51:14.895569 NOTICE:  sequence "dd_seq_has_spouse_id" does not exist, skipping
2016-05-22 15:51:14.900569 UPDATE 103
2016-05-22 15:51:14.902628 mark_done process/grounding/variable/has_spouse/assign_id
2016-05-22 15:51:14.921380 ##############################################################################
2016-05-22 15:51:14.921433 
2016-05-22 15:51:14.921461 ## process/grounding/factor/inf1_imply_has_spouse_has_spouse/materialize #####
2016-05-22 15:51:14.921488 : # Done: 2016-05-22T12:37:25-0700 (3h 13m 46s ago)
2016-05-22 15:51:14.921513 # Done: 2016-05-22T12:37:25-0700 (3h 13m 45s ago)
2016-05-22 15:51:14.921534 process/grounding/factor/inf1_imply_has_spouse_has_spouse/materialize/run.sh
2016-05-22 15:51:14.933058 ++ dirname process/grounding/factor/inf1_imply_has_spouse_has_spouse/materialize/run.sh
2016-05-22 15:51:14.937488 + cd process/grounding/factor/inf1_imply_has_spouse_has_spouse/materialize
2016-05-22 15:51:14.937643 + export DEEPDIVE_CURRENT_PROCESS_NAME=process/grounding/factor/inf1_imply_has_spouse_has_spouse/materialize
2016-05-22 15:51:14.937679 + DEEPDIVE_CURRENT_PROCESS_NAME=process/grounding/factor/inf1_imply_has_spouse_has_spouse/materialize
2016-05-22 15:51:14.937736 + : /Users/emerson/Documents/Github/deepdive/examples/coach_nba/run/model/grounding
2016-05-22 15:51:14.937816 + deepdive create table dd_factors_inf1_imply_has_spouse_has_spouse as '
2016-05-22 15:51:14.937843           SELECT R0.id AS "has_spouse.R0.id" , R0.id AS "has_spouse.R0.id" 
2016-05-22 15:51:14.937864           FROM has_spouse R0, has_spouse R1, spouse_candidate R2, spouse_candidate R3, spouse_candidate R4
2016-05-22 15:51:14.937884         WHERE R1.p_id = R0.p_id  AND R1.t_id = R0.t_id  AND R2.p_id = R0.p_id  AND R2.t_id = R0.t_id  AND R3.t_id = R0.t_id  AND R4.p_id = R0.p_id '
2016-05-22 15:51:15.141324 ERROR:  column "has_spouse.R0.id" specified more than once
