2016-06-02 22:40:58.290299 # on dhcp-169-233-187-63.cruznet.ucsc.edu: deepdive do has_spouse
2016-06-02 22:40:58.291182 # run/20160602/224056.676909000/plan.sh
2016-06-02 22:40:58.291229 # execution plan for data/has_spouse
2016-06-02 22:40:58.291255 
2016-06-02 22:40:58.291279 : ## process/init/app ##########################################################
2016-06-02 22:40:58.291303 : # Done: 2016-05-22T17:21:25-0700 (11d 5h 19m 31s ago)
2016-06-02 22:40:58.291324 : process/init/app/run.sh
2016-06-02 22:40:58.291346 : mark_done process/init/app
2016-06-02 22:40:58.291369 : ##############################################################################
2016-06-02 22:40:58.291390 
2016-06-02 22:40:58.291411 : ## process/init/relation/articles ############################################
2016-06-02 22:40:58.291432 : # Done: 2016-05-23T12:16:43-0700 (10d 10h 24m 13s ago)
2016-06-02 22:40:58.291453 : process/init/relation/articles/run.sh
2016-06-02 22:40:58.291473 : mark_done process/init/relation/articles
2016-06-02 22:40:58.291494 : ##############################################################################
2016-06-02 22:40:58.291517 
2016-06-02 22:40:58.291538 : ## data/articles #############################################################
2016-06-02 22:40:58.291559 : # Done: 2016-05-23T12:16:43-0700 (10d 10h 24m 13s ago)
2016-06-02 22:40:58.291581 : # no-op
2016-06-02 22:40:58.291602 : mark_done data/articles
2016-06-02 22:40:58.291624 : ##############################################################################
2016-06-02 22:40:58.291645 
2016-06-02 22:40:58.291666 : ## process/ext_sentences_by_nlp_markup #######################################
2016-06-02 22:40:58.291686 : # Done: 2016-05-23T15:05:01-0700 (10d 7h 35m 55s ago)
2016-06-02 22:40:58.291707 : process/ext_sentences_by_nlp_markup/run.sh
2016-06-02 22:40:58.291728 : mark_done process/ext_sentences_by_nlp_markup
2016-06-02 22:40:58.291750 : ##############################################################################
2016-06-02 22:40:58.291771 
2016-06-02 22:40:58.291792 : ## data/sentences ############################################################
2016-06-02 22:40:58.291815 : # Done: 2016-05-23T15:05:01-0700 (10d 7h 35m 55s ago)
2016-06-02 22:40:58.291846 : # no-op
2016-06-02 22:40:58.291869 : mark_done data/sentences
2016-06-02 22:40:58.291892 : ##############################################################################
2016-06-02 22:40:58.291914 
2016-06-02 22:40:58.291935 : ## process/ext_person_mention_by_map_person_mention ##########################
2016-06-02 22:40:58.291956 : # Done: 2016-05-23T15:05:52-0700 (10d 7h 35m 4s ago)
2016-06-02 22:40:58.291977 : process/ext_person_mention_by_map_person_mention/run.sh
2016-06-02 22:40:58.291998 : mark_done process/ext_person_mention_by_map_person_mention
2016-06-02 22:40:58.292019 : ##############################################################################
2016-06-02 22:40:58.292040 
2016-06-02 22:40:58.292060 : ## data/person_mention #######################################################
2016-06-02 22:40:58.292081 : # Done: 2016-05-23T15:05:52-0700 (10d 7h 35m 4s ago)
2016-06-02 22:40:58.292102 : # no-op
2016-06-02 22:40:58.292123 : mark_done data/person_mention
2016-06-02 22:40:58.292144 : ##############################################################################
2016-06-02 22:40:58.292165 
2016-06-02 22:40:58.292185 : ## process/ext_num_people ####################################################
2016-06-02 22:40:58.292205 : # Done: 2016-05-23T15:06:46-0700 (10d 7h 34m 11s ago)
2016-06-02 22:40:58.292226 : process/ext_num_people/run.sh
2016-06-02 22:40:58.292247 : mark_done process/ext_num_people
2016-06-02 22:40:58.292268 : ##############################################################################
2016-06-02 22:40:58.292289 
2016-06-02 22:40:58.292310 : ## data/num_people ###########################################################
2016-06-02 22:40:58.292333 : # Done: 2016-05-23T15:06:46-0700 (10d 7h 34m 11s ago)
2016-06-02 22:40:58.292353 : # no-op
2016-06-02 22:40:58.292375 : mark_done data/num_people
2016-06-02 22:40:58.292396 : ##############################################################################
2016-06-02 22:40:58.292418 
2016-06-02 22:40:58.292438 : ## process/ext_team_mention_by_map_team_mention ##############################
2016-06-02 22:40:58.292460 : # Done: 2016-05-23T15:06:19-0700 (10d 7h 34m 38s ago)
2016-06-02 22:40:58.292481 : process/ext_team_mention_by_map_team_mention/run.sh
2016-06-02 22:40:58.292506 : mark_done process/ext_team_mention_by_map_team_mention
2016-06-02 22:40:58.292531 : ##############################################################################
2016-06-02 22:40:58.292553 
2016-06-02 22:40:58.292574 : ## data/team_mention #########################################################
2016-06-02 22:40:58.292599 : # Done: 2016-05-23T15:06:19-0700 (10d 7h 34m 38s ago)
2016-06-02 22:40:58.292623 : # no-op
2016-06-02 22:40:58.292646 : mark_done data/team_mention
2016-06-02 22:40:58.292668 : ##############################################################################
2016-06-02 22:40:58.292691 
2016-06-02 22:40:58.292712 : ## process/ext_spouse_candidate ##############################################
2016-06-02 22:40:58.292734 : # Done: 2016-05-23T15:07:38-0700 (10d 7h 33m 19s ago)
2016-06-02 22:40:58.292755 : process/ext_spouse_candidate/run.sh
2016-06-02 22:40:58.292776 : mark_done process/ext_spouse_candidate
2016-06-02 22:40:58.292797 : ##############################################################################
2016-06-02 22:40:58.292818 
2016-06-02 22:40:58.292839 : ## data/spouse_candidate #####################################################
2016-06-02 22:40:58.292860 : # Done: 2016-05-23T15:07:38-0700 (10d 7h 33m 19s ago)
2016-06-02 22:40:58.292881 : # no-op
2016-06-02 22:40:58.292902 : mark_done data/spouse_candidate
2016-06-02 22:40:58.292923 : ##############################################################################
2016-06-02 22:40:58.292945 
2016-06-02 22:40:58.292966 : ## process/ext_spouse_label__0_by_supervise ##################################
2016-06-02 22:40:58.292987 : # Done: 2016-05-23T15:08:48-0700 (10d 7h 32m 9s ago)
2016-06-02 22:40:58.293008 : process/ext_spouse_label__0_by_supervise/run.sh
2016-06-02 22:40:58.293030 : mark_done process/ext_spouse_label__0_by_supervise
2016-06-02 22:40:58.293051 : ##############################################################################
2016-06-02 22:40:58.293072 
2016-06-02 22:40:58.293094 : ## data/spouse_label__0 ######################################################
2016-06-02 22:40:58.293116 : # Done: 2016-05-23T15:08:48-0700 (10d 7h 32m 9s ago)
2016-06-02 22:40:58.293137 : # no-op
2016-06-02 22:40:58.293158 : mark_done data/spouse_label__0
2016-06-02 22:40:58.293179 : ##############################################################################
2016-06-02 22:40:58.293223 
2016-06-02 22:40:58.293245 : ## process/init/relation/spouses_dbpedia #####################################
2016-06-02 22:40:58.293267 : # Done: 2016-06-02T22:27:40-0700 (13m 17s ago)
2016-06-02 22:40:58.293288 : process/init/relation/spouses_dbpedia/run.sh
2016-06-02 22:40:58.293309 : mark_done process/init/relation/spouses_dbpedia
2016-06-02 22:40:58.293329 : ##############################################################################
2016-06-02 22:40:58.293350 
2016-06-02 22:40:58.293371 : ## data/spouses_dbpedia ######################################################
2016-06-02 22:40:58.293391 : # Done: 2016-06-02T22:27:40-0700 (13m 17s ago)
2016-06-02 22:40:58.293411 : # no-op
2016-06-02 22:40:58.293432 : mark_done data/spouses_dbpedia
2016-06-02 22:40:58.293454 : ##############################################################################
2016-06-02 22:40:58.293475 
2016-06-02 22:40:58.293496 : ## process/ext_spouse_label ##################################################
2016-06-02 22:40:58.293517 : # Done: 2016-06-02T22:28:10-0700 (12m 47s ago)
2016-06-02 22:40:58.293538 : process/ext_spouse_label/run.sh
2016-06-02 22:40:58.293559 : mark_done process/ext_spouse_label
2016-06-02 22:40:58.293584 : ##############################################################################
2016-06-02 22:40:58.293607 
2016-06-02 22:40:58.293628 : ## data/spouse_label #########################################################
2016-06-02 22:40:58.293652 : # Done: 2016-06-02T22:28:10-0700 (12m 47s ago)
2016-06-02 22:40:58.293677 : # no-op
2016-06-02 22:40:58.293699 : mark_done data/spouse_label
2016-06-02 22:40:58.293720 : ##############################################################################
2016-06-02 22:40:58.293741 
2016-06-02 22:40:58.293761 : ## process/ext_spouse_label_resolved #########################################
2016-06-02 22:40:58.293782 : # Done: 2016-06-02T22:28:10-0700 (12m 47s ago)
2016-06-02 22:40:58.293804 : process/ext_spouse_label_resolved/run.sh
2016-06-02 22:40:58.293824 : mark_done process/ext_spouse_label_resolved
2016-06-02 22:40:58.293845 : ##############################################################################
2016-06-02 22:40:58.293866 
2016-06-02 22:40:58.293887 : ## data/spouse_label_resolved ################################################
2016-06-02 22:40:58.293909 : # Done: 2016-06-02T22:28:10-0700 (12m 47s ago)
2016-06-02 22:40:58.293930 : # no-op
2016-06-02 22:40:58.293951 : mark_done data/spouse_label_resolved
2016-06-02 22:40:58.293972 : ##############################################################################
2016-06-02 22:40:58.293993 
2016-06-02 22:40:58.294015 : ## process/init/relation/spouses_dbpedia_negative ############################
2016-06-02 22:40:58.294036 : # Done: 2016-05-25T12:13:43-0700 (8d 10h 27m 14s ago)
2016-06-02 22:40:58.294056 : process/init/relation/spouses_dbpedia_negative/run.sh
2016-06-02 22:40:58.294078 : mark_done process/init/relation/spouses_dbpedia_negative
2016-06-02 22:40:58.294099 : ##############################################################################
2016-06-02 22:40:58.294121 
2016-06-02 22:40:58.294144 : ## data/spouses_dbpedia_negative #############################################
2016-06-02 22:40:58.294165 : # Done: 2016-06-02T22:27:46-0700 (13m 11s ago)
2016-06-02 22:40:58.294363 : # no-op
2016-06-02 22:40:58.294389 : mark_done data/spouses_dbpedia_negative
2016-06-02 22:40:58.294410 : ##############################################################################
2016-06-02 22:40:58.294431 
2016-06-02 22:40:58.294452 ## process/ext_has_spouse ####################################################
2016-06-02 22:40:58.294473 : # Done: 2016-05-29T12:10:14-0700 (4d 10h 30m 43s ago)
2016-06-02 22:40:58.294495 # Done: 2016-05-29T12:10:14-0700 (4d 10h 30m 42s ago)
2016-06-02 22:40:58.294515 process/ext_has_spouse/run.sh
2016-06-02 22:40:58.294536 ++ dirname process/ext_has_spouse/run.sh
2016-06-02 22:40:58.294558 + cd process/ext_has_spouse
2016-06-02 22:40:58.294579 + export DEEPDIVE_CURRENT_PROCESS_NAME=process/ext_has_spouse
2016-06-02 22:40:58.294600 + DEEPDIVE_CURRENT_PROCESS_NAME=process/ext_has_spouse
2016-06-02 22:40:58.294621 + deepdive create table has_spouse
2016-06-02 22:40:58.441997 CREATE TABLE
2016-06-02 22:40:58.443353 + deepdive sql 'INSERT INTO has_spouse SELECT DISTINCT R0.column_0, R0.column_1, 0 AS id, 
2016-06-02 22:40:58.443467 CASE WHEN R0.column_2 > 0 THEN true
2016-06-02 22:40:58.443541      WHEN R0.column_2 < 0 THEN false
2016-06-02 22:40:58.443573      ELSE NULL
2016-06-02 22:40:58.443600 END AS label
2016-06-02 22:40:58.443725           FROM spouse_label_resolved R0
2016-06-02 22:40:58.443818         
2016-06-02 22:40:58.443863           
2016-06-02 22:40:58.443888 UNION ALL
2016-06-02 22:40:58.443931 SELECT R0.mention_id AS "person_mention.R0.mention_id", R1.team_id AS "team_mention.R1.team_id", 0 AS id, 0 AS label
2016-06-02 22:40:58.443963 FROM person_mention R0, team_mention R1, spouses_dbpedia_negative R2
2016-06-02 22:40:58.444001         WHERE R2.p_name = R0.mention_text  AND R2.t_name = R1.team_text '
2016-06-02 22:40:58.546812 ERROR:  UNION types boolean and integer cannot be matched
2016-06-02 22:40:58.546876 LINE 10: ...R1.team_id AS "team_mention.R1.team_id", 0 AS id, 0 AS label
2016-06-02 22:40:58.546951                                                               ^
