2016-05-22 16:37:59.931400 # on eduroam-169-233-210-202.ucsc.edu: deepdive do probabilities
2016-05-22 16:37:59.931711 # run/20160522/163757.087532000/plan.sh
2016-05-22 16:37:59.931734 # execution plan for data/model/probabilities
2016-05-22 16:37:59.931752 
2016-05-22 16:37:59.931774 : ## process/init/app ##########################################################
2016-05-22 16:37:59.931795 : # Done: 2016-05-22T11:25:05-0700 (5h 12m 52s ago)
2016-05-22 16:37:59.931814 : process/init/app/run.sh
2016-05-22 16:37:59.931833 : mark_done process/init/app
2016-05-22 16:37:59.931852 : ##############################################################################
2016-05-22 16:37:59.931871 
2016-05-22 16:37:59.931889 : ## process/init/relation/articles ############################################
2016-05-22 16:37:59.931912 : # Done: 2016-05-22T11:55:52-0700 (4h 42m 5s ago)
2016-05-22 16:37:59.931931 : process/init/relation/articles/run.sh
2016-05-22 16:37:59.931950 : mark_done process/init/relation/articles
2016-05-22 16:37:59.931968 : ##############################################################################
2016-05-22 16:37:59.931986 
2016-05-22 16:37:59.932005 : ## data/articles #############################################################
2016-05-22 16:37:59.932023 : # Done: 2016-05-22T11:55:52-0700 (4h 42m 5s ago)
2016-05-22 16:37:59.932046 : # no-op
2016-05-22 16:37:59.932066 : mark_done data/articles
2016-05-22 16:37:59.932087 : ##############################################################################
2016-05-22 16:37:59.932121 
2016-05-22 16:37:59.932147 : ## process/ext_sentences_by_nlp_markup #######################################
2016-05-22 16:37:59.932170 : # Done: 2016-05-22T11:57:59-0700 (4h 39m 58s ago)
2016-05-22 16:37:59.932191 : process/ext_sentences_by_nlp_markup/run.sh
2016-05-22 16:37:59.932213 : mark_done process/ext_sentences_by_nlp_markup
2016-05-22 16:37:59.932236 : ##############################################################################
2016-05-22 16:37:59.932257 
2016-05-22 16:37:59.932276 : ## data/sentences ############################################################
2016-05-22 16:37:59.932297 : # Done: 2016-05-22T11:57:59-0700 (4h 39m 58s ago)
2016-05-22 16:37:59.932320 : # no-op
2016-05-22 16:37:59.932343 : mark_done data/sentences
2016-05-22 16:37:59.932365 : ##############################################################################
2016-05-22 16:37:59.932387 
2016-05-22 16:37:59.932405 : ## process/ext_person_mention_by_map_person_mention ##########################
2016-05-22 16:37:59.932426 : # Done: 2016-05-22T12:13:47-0700 (4h 24m 10s ago)
2016-05-22 16:37:59.932448 : process/ext_person_mention_by_map_person_mention/run.sh
2016-05-22 16:37:59.932470 : mark_done process/ext_person_mention_by_map_person_mention
2016-05-22 16:37:59.932493 : ##############################################################################
2016-05-22 16:37:59.932515 
2016-05-22 16:37:59.932536 : ## data/person_mention #######################################################
2016-05-22 16:37:59.932558 : # Done: 2016-05-22T12:13:47-0700 (4h 24m 10s ago)
2016-05-22 16:37:59.932588 : # no-op
2016-05-22 16:37:59.932613 : mark_done data/person_mention
2016-05-22 16:37:59.932636 : ##############################################################################
2016-05-22 16:37:59.932659 
2016-05-22 16:37:59.932681 : ## process/ext_num_people ####################################################
2016-05-22 16:37:59.932702 : # Done: 2016-05-22T12:14:33-0700 (4h 23m 24s ago)
2016-05-22 16:37:59.932724 : process/ext_num_people/run.sh
2016-05-22 16:37:59.932747 : mark_done process/ext_num_people
2016-05-22 16:37:59.932768 : ##############################################################################
2016-05-22 16:37:59.932788 
2016-05-22 16:37:59.932808 : ## data/num_people ###########################################################
2016-05-22 16:37:59.932831 : # Done: 2016-05-22T12:14:33-0700 (4h 23m 24s ago)
2016-05-22 16:37:59.932853 : # no-op
2016-05-22 16:37:59.932876 : mark_done data/num_people
2016-05-22 16:37:59.932897 : ##############################################################################
2016-05-22 16:37:59.932919 
2016-05-22 16:37:59.932941 : ## process/ext_team_mention_by_map_team_mention ##############################
2016-05-22 16:37:59.932964 : # Done: 2016-05-22T12:14:14-0700 (4h 23m 43s ago)
2016-05-22 16:37:59.932987 : process/ext_team_mention_by_map_team_mention/run.sh
2016-05-22 16:37:59.933010 : mark_done process/ext_team_mention_by_map_team_mention
2016-05-22 16:37:59.933031 : ##############################################################################
2016-05-22 16:37:59.933054 
2016-05-22 16:37:59.933076 : ## data/team_mention #########################################################
2016-05-22 16:37:59.933099 : # Done: 2016-05-22T12:14:14-0700 (4h 23m 44s ago)
2016-05-22 16:37:59.933121 : # no-op
2016-05-22 16:37:59.933142 : mark_done data/team_mention
2016-05-22 16:37:59.933163 : ##############################################################################
2016-05-22 16:37:59.933184 
2016-05-22 16:37:59.933205 : ## process/ext_spouse_candidate ##############################################
2016-05-22 16:37:59.933228 : # Done: 2016-05-22T12:14:34-0700 (4h 23m 24s ago)
2016-05-22 16:37:59.933250 : process/ext_spouse_candidate/run.sh
2016-05-22 16:37:59.933272 : mark_done process/ext_spouse_candidate
2016-05-22 16:37:59.933300 : ##############################################################################
2016-05-22 16:37:59.933320 
2016-05-22 16:37:59.933342 : ## data/spouse_candidate #####################################################
2016-05-22 16:37:59.933364 : # Done: 2016-05-22T12:14:34-0700 (4h 23m 24s ago)
2016-05-22 16:37:59.933386 : # no-op
2016-05-22 16:37:59.933408 : mark_done data/spouse_candidate
2016-05-22 16:37:59.933429 : ##############################################################################
2016-05-22 16:37:59.933450 
2016-05-22 16:37:59.933471 : ## process/ext_spouse_label__0_by_supervise ##################################
2016-05-22 16:37:59.933494 : # Done: 2016-05-22T12:28:31-0700 (4h 9m 27s ago)
2016-05-22 16:37:59.933516 : process/ext_spouse_label__0_by_supervise/run.sh
2016-05-22 16:37:59.933537 : mark_done process/ext_spouse_label__0_by_supervise
2016-05-22 16:37:59.933556 : ##############################################################################
2016-05-22 16:37:59.933577 
2016-05-22 16:37:59.933599 : ## data/spouse_label__0 ######################################################
2016-05-22 16:37:59.933621 : # Done: 2016-05-22T12:28:31-0700 (4h 9m 27s ago)
2016-05-22 16:37:59.933644 : # no-op
2016-05-22 16:37:59.933664 : mark_done data/spouse_label__0
2016-05-22 16:37:59.933685 : ##############################################################################
2016-05-22 16:37:59.933708 
2016-05-22 16:37:59.933730 : ## process/init/relation/spouses_dbpedia #####################################
2016-05-22 16:37:59.933752 : # Done: 2016-05-22T15:50:19-0700 (47m 39s ago)
2016-05-22 16:37:59.933775 : process/init/relation/spouses_dbpedia/run.sh
2016-05-22 16:37:59.933796 : mark_done process/init/relation/spouses_dbpedia
2016-05-22 16:37:59.933817 : ##############################################################################
2016-05-22 16:37:59.933840 
2016-05-22 16:37:59.933862 : ## data/spouses_dbpedia ######################################################
2016-05-22 16:37:59.933883 : # Done: 2016-05-22T15:50:19-0700 (47m 39s ago)
2016-05-22 16:37:59.933901 : # no-op
2016-05-22 16:37:59.933922 : mark_done data/spouses_dbpedia
2016-05-22 16:37:59.933944 : ##############################################################################
2016-05-22 16:37:59.933967 
2016-05-22 16:37:59.933990 : ## process/ext_spouse_label ##################################################
2016-05-22 16:37:59.934010 : # Done: 2016-05-22T15:50:41-0700 (47m 17s ago)
2016-05-22 16:37:59.934031 : process/ext_spouse_label/run.sh
2016-05-22 16:37:59.934054 : mark_done process/ext_spouse_label
2016-05-22 16:37:59.934077 : ##############################################################################
2016-05-22 16:37:59.934100 
2016-05-22 16:37:59.934122 : ## data/spouse_label #########################################################
2016-05-22 16:37:59.934144 : # Done: 2016-05-22T15:50:41-0700 (47m 17s ago)
2016-05-22 16:37:59.934167 : # no-op
2016-05-22 16:37:59.934189 : mark_done data/spouse_label
2016-05-22 16:37:59.934213 : ##############################################################################
2016-05-22 16:37:59.934235 
2016-05-22 16:37:59.934257 : ## process/ext_spouse_label_resolved #########################################
2016-05-22 16:37:59.934278 : # Done: 2016-05-22T15:50:41-0700 (47m 17s ago)
2016-05-22 16:37:59.934322 : process/ext_spouse_label_resolved/run.sh
2016-05-22 16:37:59.934373 : mark_done process/ext_spouse_label_resolved
2016-05-22 16:37:59.934393 : ##############################################################################
2016-05-22 16:37:59.934430 
2016-05-22 16:37:59.934454 : ## data/spouse_label_resolved ################################################
2016-05-22 16:37:59.934473 : # Done: 2016-05-22T15:50:41-0700 (47m 17s ago)
2016-05-22 16:37:59.934492 : # no-op
2016-05-22 16:37:59.934512 : mark_done data/spouse_label_resolved
2016-05-22 16:37:59.934532 : ##############################################################################
2016-05-22 16:37:59.934552 
2016-05-22 16:37:59.934573 : ## process/ext_has_spouse ####################################################
2016-05-22 16:37:59.934591 : # Done: 2016-05-22T16:27:48-0700 (10m 10s ago)
2016-05-22 16:37:59.934609 : process/ext_has_spouse/run.sh
2016-05-22 16:37:59.934630 : mark_done process/ext_has_spouse
2016-05-22 16:37:59.934652 : ##############################################################################
2016-05-22 16:37:59.934672 
2016-05-22 16:37:59.934692 : ## data/has_spouse ###########################################################
2016-05-22 16:37:59.934712 : # Done: 2016-05-22T16:27:48-0700 (10m 10s ago)
2016-05-22 16:37:59.934731 : # no-op
2016-05-22 16:37:59.934752 : mark_done data/has_spouse
2016-05-22 16:37:59.934773 : ##############################################################################
2016-05-22 16:37:59.934792 
2016-05-22 16:37:59.934812 ## process/grounding/variable_id_partition ###################################
2016-05-22 16:37:59.934832 : # Done: 2016-05-22T16:25:08-0700 (12m 50s ago)
2016-05-22 16:37:59.934849 # Done: 2016-05-22T16:25:08-0700 (12m 49s ago)
2016-05-22 16:37:59.934871 process/grounding/variable_id_partition/run.sh
2016-05-22 16:37:59.934891 ++ dirname process/grounding/variable_id_partition/run.sh
2016-05-22 16:37:59.934911 + cd process/grounding/variable_id_partition
2016-05-22 16:37:59.934933 + export DEEPDIVE_CURRENT_PROCESS_NAME=process/grounding/variable_id_partition
2016-05-22 16:37:59.934952 + DEEPDIVE_CURRENT_PROCESS_NAME=process/grounding/variable_id_partition
2016-05-22 16:37:59.934970 + : /Users/emerson/Documents/Github/deepdive/examples/coach_nba/run/model/grounding
2016-05-22 16:37:59.934992 + RANGE_BEGIN=0
2016-05-22 16:37:59.935013 + partition_id_range has_spouse
2016-05-22 16:37:59.935033 + variableCountTotal=0
2016-05-22 16:37:59.935054 + read table begin excludeEnd
2016-05-22 16:38:00.021019 + varPath=/Users/emerson/Documents/Github/deepdive/examples/coach_nba/run/model/grounding/variable/has_spouse
2016-05-22 16:38:00.021102 + mkdir -p /Users/emerson/Documents/Github/deepdive/examples/coach_nba/run/model/grounding/variable/has_spouse
2016-05-22 16:38:00.027272 + cd /Users/emerson/Documents/Github/deepdive/examples/coach_nba/run/model/grounding/variable/has_spouse
2016-05-22 16:38:00.027390 + echo 0
2016-05-22 16:38:00.029187 + echo 103
2016-05-22 16:38:00.033707 + echo 103
2016-05-22 16:38:00.039473 + variableCountTotal=103
2016-05-22 16:38:00.039550 + read table begin excludeEnd
2016-05-22 16:38:00.039580 + echo 103
2016-05-22 16:38:00.040542 mark_done process/grounding/variable_id_partition
2016-05-22 16:38:00.061044 ##############################################################################
2016-05-22 16:38:00.061135 
2016-05-22 16:38:00.061161 ## process/grounding/variable/has_spouse/assign_id ###########################
2016-05-22 16:38:00.061182 : # Done: 2016-05-22T16:25:08-0700 (12m 50s ago)
2016-05-22 16:38:00.061199 # Done: 2016-05-22T16:25:08-0700 (12m 49s ago)
2016-05-22 16:38:00.061215 process/grounding/variable/has_spouse/assign_id/run.sh
2016-05-22 16:38:00.069869 ++ dirname process/grounding/variable/has_spouse/assign_id/run.sh
2016-05-22 16:38:00.076219 + cd process/grounding/variable/has_spouse/assign_id
2016-05-22 16:38:00.076586 + export DEEPDIVE_CURRENT_PROCESS_NAME=process/grounding/variable/has_spouse/assign_id
2016-05-22 16:38:00.076698 + DEEPDIVE_CURRENT_PROCESS_NAME=process/grounding/variable/has_spouse/assign_id
2016-05-22 16:38:00.076852 + : /Users/emerson/Documents/Github/deepdive/examples/coach_nba/run/model/grounding
2016-05-22 16:38:00.076896 + table=has_spouse
2016-05-22 16:38:00.076984 + cd /Users/emerson/Documents/Github/deepdive/examples/coach_nba/run/model/grounding/variable/has_spouse
2016-05-22 16:38:00.078028 ++ cat id_begin
2016-05-22 16:38:00.081569 + baseId=0
2016-05-22 16:38:00.081655 + deepdive db assign_sequential_id has_spouse id 0
2016-05-22 16:38:00.166125 NOTICE:  sequence "dd_seq_has_spouse_id" does not exist, skipping
2016-05-22 16:38:00.174734 UPDATE 103
2016-05-22 16:38:00.176342 mark_done process/grounding/variable/has_spouse/assign_id
2016-05-22 16:38:00.192435 ##############################################################################
2016-05-22 16:38:00.192484 
2016-05-22 16:38:00.192499 ## process/grounding/factor/inf1_imply_has_spouse_has_spouse/materialize #####
2016-05-22 16:38:00.192518 : # Done: 2016-05-22T16:25:09-0700 (12m 49s ago)
2016-05-22 16:38:00.192540 # Done: 2016-05-22T16:25:09-0700 (12m 48s ago)
2016-05-22 16:38:00.192560 process/grounding/factor/inf1_imply_has_spouse_has_spouse/materialize/run.sh
2016-05-22 16:38:00.198738 ++ dirname process/grounding/factor/inf1_imply_has_spouse_has_spouse/materialize/run.sh
2016-05-22 16:38:00.205079 + cd process/grounding/factor/inf1_imply_has_spouse_has_spouse/materialize
2016-05-22 16:38:00.205238 + export DEEPDIVE_CURRENT_PROCESS_NAME=process/grounding/factor/inf1_imply_has_spouse_has_spouse/materialize
2016-05-22 16:38:00.205287 + DEEPDIVE_CURRENT_PROCESS_NAME=process/grounding/factor/inf1_imply_has_spouse_has_spouse/materialize
2016-05-22 16:38:00.205334 + : /Users/emerson/Documents/Github/deepdive/examples/coach_nba/run/model/grounding
2016-05-22 16:38:00.205417 + deepdive create table dd_factors_inf1_imply_has_spouse_has_spouse as '
2016-05-22 16:38:00.205453           SELECT R0.id AS "has_spouse.R0.id" , R0.id AS "has_spouse.R0.id" 
2016-05-22 16:38:00.205480           FROM has_spouse R0, has_spouse R1, spouse_candidate R2, spouse_candidate R3, spouse_candidate R4
2016-05-22 16:38:00.205516         WHERE R1.p_id = R0.p_id  AND R1.t_id = R0.t_id  AND R2.p_id = R0.p_id  AND R2.t_id = R0.t_id  AND R3.t_id = R0.t_id  AND R4.p_id = R0.p_id '
2016-05-22 16:38:00.406094 ERROR:  column "has_spouse.R0.id" specified more than once
