2016-06-02 22:39:42.047902 # on dhcp-169-233-187-63.cruznet.ucsc.edu: deepdive do has_spouse
2016-06-02 22:39:42.048391 # run/20160602/223940.248742000/plan.sh
2016-06-02 22:39:42.048431 # execution plan for data/has_spouse
2016-06-02 22:39:42.048454 
2016-06-02 22:39:42.048475 : ## process/init/app ##########################################################
2016-06-02 22:39:42.048495 : # Done: 2016-05-22T17:21:25-0700 (11d 5h 18m 15s ago)
2016-06-02 22:39:42.048514 : process/init/app/run.sh
2016-06-02 22:39:42.048532 : mark_done process/init/app
2016-06-02 22:39:42.048553 : ##############################################################################
2016-06-02 22:39:42.048574 
2016-06-02 22:39:42.048593 : ## process/init/relation/articles ############################################
2016-06-02 22:39:42.048612 : # Done: 2016-05-23T12:16:43-0700 (10d 10h 22m 57s ago)
2016-06-02 22:39:42.048630 : process/init/relation/articles/run.sh
2016-06-02 22:39:42.048648 : mark_done process/init/relation/articles
2016-06-02 22:39:42.048668 : ##############################################################################
2016-06-02 22:39:42.048690 
2016-06-02 22:39:42.048712 : ## data/articles #############################################################
2016-06-02 22:39:42.048731 : # Done: 2016-05-23T12:16:43-0700 (10d 10h 22m 57s ago)
2016-06-02 22:39:42.048750 : # no-op
2016-06-02 22:39:42.048769 : mark_done data/articles
2016-06-02 22:39:42.048789 : ##############################################################################
2016-06-02 22:39:42.048809 
2016-06-02 22:39:42.048829 : ## process/ext_sentences_by_nlp_markup #######################################
2016-06-02 22:39:42.048850 : # Done: 2016-05-23T15:05:01-0700 (10d 7h 34m 39s ago)
2016-06-02 22:39:42.048871 : process/ext_sentences_by_nlp_markup/run.sh
2016-06-02 22:39:42.048891 : mark_done process/ext_sentences_by_nlp_markup
2016-06-02 22:39:42.048911 : ##############################################################################
2016-06-02 22:39:42.048932 
2016-06-02 22:39:42.048952 : ## data/sentences ############################################################
2016-06-02 22:39:42.048972 : # Done: 2016-05-23T15:05:01-0700 (10d 7h 34m 39s ago)
2016-06-02 22:39:42.048992 : # no-op
2016-06-02 22:39:42.049009 : mark_done data/sentences
2016-06-02 22:39:42.049028 : ##############################################################################
2016-06-02 22:39:42.049047 
2016-06-02 22:39:42.049066 : ## process/ext_person_mention_by_map_person_mention ##########################
2016-06-02 22:39:42.049084 : # Done: 2016-05-23T15:05:52-0700 (10d 7h 33m 48s ago)
2016-06-02 22:39:42.049104 : process/ext_person_mention_by_map_person_mention/run.sh
2016-06-02 22:39:42.049122 : mark_done process/ext_person_mention_by_map_person_mention
2016-06-02 22:39:42.049144 : ##############################################################################
2016-06-02 22:39:42.049163 
2016-06-02 22:39:42.049183 : ## data/person_mention #######################################################
2016-06-02 22:39:42.049203 : # Done: 2016-05-23T15:05:52-0700 (10d 7h 33m 48s ago)
2016-06-02 22:39:42.049222 : # no-op
2016-06-02 22:39:42.049241 : mark_done data/person_mention
2016-06-02 22:39:42.049258 : ##############################################################################
2016-06-02 22:39:42.049277 
2016-06-02 22:39:42.049295 : ## process/ext_num_people ####################################################
2016-06-02 22:39:42.049316 : # Done: 2016-05-23T15:06:46-0700 (10d 7h 32m 54s ago)
2016-06-02 22:39:42.049335 : process/ext_num_people/run.sh
2016-06-02 22:39:42.049355 : mark_done process/ext_num_people
2016-06-02 22:39:42.049374 : ##############################################################################
2016-06-02 22:39:42.049391 
2016-06-02 22:39:42.049408 : ## data/num_people ###########################################################
2016-06-02 22:39:42.049426 : # Done: 2016-05-23T15:06:46-0700 (10d 7h 32m 54s ago)
2016-06-02 22:39:42.049444 : # no-op
2016-06-02 22:39:42.049463 : mark_done data/num_people
2016-06-02 22:39:42.049481 : ##############################################################################
2016-06-02 22:39:42.049500 
2016-06-02 22:39:42.049518 : ## process/ext_team_mention_by_map_team_mention ##############################
2016-06-02 22:39:42.049536 : # Done: 2016-05-23T15:06:19-0700 (10d 7h 33m 21s ago)
2016-06-02 22:39:42.049554 : process/ext_team_mention_by_map_team_mention/run.sh
2016-06-02 22:39:42.049572 : mark_done process/ext_team_mention_by_map_team_mention
2016-06-02 22:39:42.049590 : ##############################################################################
2016-06-02 22:39:42.049610 
2016-06-02 22:39:42.049628 : ## data/team_mention #########################################################
2016-06-02 22:39:42.049647 : # Done: 2016-05-23T15:06:19-0700 (10d 7h 33m 21s ago)
2016-06-02 22:39:42.049666 : # no-op
2016-06-02 22:39:42.049685 : mark_done data/team_mention
2016-06-02 22:39:42.049704 : ##############################################################################
2016-06-02 22:39:42.049723 
2016-06-02 22:39:42.049743 : ## process/ext_spouse_candidate ##############################################
2016-06-02 22:39:42.049763 : # Done: 2016-05-23T15:07:38-0700 (10d 7h 32m 2s ago)
2016-06-02 22:39:42.049782 : process/ext_spouse_candidate/run.sh
2016-06-02 22:39:42.049800 : mark_done process/ext_spouse_candidate
2016-06-02 22:39:42.049820 : ##############################################################################
2016-06-02 22:39:42.049838 
2016-06-02 22:39:42.049858 : ## data/spouse_candidate #####################################################
2016-06-02 22:39:42.049877 : # Done: 2016-05-23T15:07:38-0700 (10d 7h 32m 2s ago)
2016-06-02 22:39:42.049897 : # no-op
2016-06-02 22:39:42.049916 : mark_done data/spouse_candidate
2016-06-02 22:39:42.049935 : ##############################################################################
2016-06-02 22:39:42.049954 
2016-06-02 22:39:42.049974 : ## process/ext_spouse_label__0_by_supervise ##################################
2016-06-02 22:39:42.049994 : # Done: 2016-05-23T15:08:48-0700 (10d 7h 30m 52s ago)
2016-06-02 22:39:42.050012 : process/ext_spouse_label__0_by_supervise/run.sh
2016-06-02 22:39:42.050031 : mark_done process/ext_spouse_label__0_by_supervise
2016-06-02 22:39:42.050050 : ##############################################################################
2016-06-02 22:39:42.050068 
2016-06-02 22:39:42.050086 : ## data/spouse_label__0 ######################################################
2016-06-02 22:39:42.050105 : # Done: 2016-05-23T15:08:48-0700 (10d 7h 30m 52s ago)
2016-06-02 22:39:42.050126 : # no-op
2016-06-02 22:39:42.050145 : mark_done data/spouse_label__0
2016-06-02 22:39:42.050164 : ##############################################################################
2016-06-02 22:39:42.050183 
2016-06-02 22:39:42.050203 : ## process/init/relation/spouses_dbpedia #####################################
2016-06-02 22:39:42.050221 : # Done: 2016-06-02T22:27:40-0700 (12m ago)
2016-06-02 22:39:42.050239 : process/init/relation/spouses_dbpedia/run.sh
2016-06-02 22:39:42.050258 : mark_done process/init/relation/spouses_dbpedia
2016-06-02 22:39:42.050278 : ##############################################################################
2016-06-02 22:39:42.050296 
2016-06-02 22:39:42.050315 : ## data/spouses_dbpedia ######################################################
2016-06-02 22:39:42.050334 : # Done: 2016-06-02T22:27:40-0700 (12m ago)
2016-06-02 22:39:42.050354 : # no-op
2016-06-02 22:39:42.050372 : mark_done data/spouses_dbpedia
2016-06-02 22:39:42.050392 : ##############################################################################
2016-06-02 22:39:42.050411 
2016-06-02 22:39:42.050430 : ## process/ext_spouse_label ##################################################
2016-06-02 22:39:42.050449 : # Done: 2016-06-02T22:28:10-0700 (11m 30s ago)
2016-06-02 22:39:42.050467 : process/ext_spouse_label/run.sh
2016-06-02 22:39:42.050485 : mark_done process/ext_spouse_label
2016-06-02 22:39:42.050504 : ##############################################################################
2016-06-02 22:39:42.050523 
2016-06-02 22:39:42.050542 : ## data/spouse_label #########################################################
2016-06-02 22:39:42.050561 : # Done: 2016-06-02T22:28:10-0700 (11m 30s ago)
2016-06-02 22:39:42.050580 : # no-op
2016-06-02 22:39:42.050600 : mark_done data/spouse_label
2016-06-02 22:39:42.050619 : ##############################################################################
2016-06-02 22:39:42.050637 
2016-06-02 22:39:42.050655 : ## process/ext_spouse_label_resolved #########################################
2016-06-02 22:39:42.050672 : # Done: 2016-06-02T22:28:10-0700 (11m 30s ago)
2016-06-02 22:39:42.050690 : process/ext_spouse_label_resolved/run.sh
2016-06-02 22:39:42.050708 : mark_done process/ext_spouse_label_resolved
2016-06-02 22:39:42.050726 : ##############################################################################
2016-06-02 22:39:42.050745 
2016-06-02 22:39:42.050764 : ## data/spouse_label_resolved ################################################
2016-06-02 22:39:42.050783 : # Done: 2016-06-02T22:28:10-0700 (11m 30s ago)
2016-06-02 22:39:42.050802 : # no-op
2016-06-02 22:39:42.050821 : mark_done data/spouse_label_resolved
2016-06-02 22:39:42.050840 : ##############################################################################
2016-06-02 22:39:42.050859 
2016-06-02 22:39:42.050878 : ## process/init/relation/spouses_dbpedia_negative ############################
2016-06-02 22:39:42.050898 : # Done: 2016-05-25T12:13:43-0700 (8d 10h 25m 57s ago)
2016-06-02 22:39:42.050917 : process/init/relation/spouses_dbpedia_negative/run.sh
2016-06-02 22:39:42.050935 : mark_done process/init/relation/spouses_dbpedia_negative
2016-06-02 22:39:42.050952 : ##############################################################################
2016-06-02 22:39:42.050970 
2016-06-02 22:39:42.050989 : ## data/spouses_dbpedia_negative #############################################
2016-06-02 22:39:42.051009 : # Done: 2016-06-02T22:27:46-0700 (11m 54s ago)
2016-06-02 22:39:42.051029 : # no-op
2016-06-02 22:39:42.051049 : mark_done data/spouses_dbpedia_negative
2016-06-02 22:39:42.051068 : ##############################################################################
2016-06-02 22:39:42.051087 
2016-06-02 22:39:42.051107 ## process/ext_has_spouse ####################################################
2016-06-02 22:39:42.051125 # Done: 2016-05-29T12:10:14-0700 (4d 10h 29m 26s ago)
2016-06-02 22:39:42.051145 process/ext_has_spouse/run.sh
2016-06-02 22:39:42.051165 ++ dirname process/ext_has_spouse/run.sh
2016-06-02 22:39:42.051224 + cd process/ext_has_spouse
2016-06-02 22:39:42.051247 + export DEEPDIVE_CURRENT_PROCESS_NAME=process/ext_has_spouse
2016-06-02 22:39:42.051266 + DEEPDIVE_CURRENT_PROCESS_NAME=process/ext_has_spouse
2016-06-02 22:39:42.051284 + deepdive create table has_spouse
2016-06-02 22:39:42.219273 CREATE TABLE
2016-06-02 22:39:42.220384 + deepdive sql 'INSERT INTO has_spouse SELECT DISTINCT R0.column_0, R0.column_1, 0 AS id, 
2016-06-02 22:39:42.220446 CASE WHEN R0.column_2 > 0 THEN true
2016-06-02 22:39:42.220469      WHEN R0.column_2 < 0 THEN false
2016-06-02 22:39:42.220487      ELSE NULL
2016-06-02 22:39:42.220506 END AS label
2016-06-02 22:39:42.220525           FROM spouse_label_resolved R0
2016-06-02 22:39:42.220548         
2016-06-02 22:39:42.220594           
2016-06-02 22:39:42.220641 UNION ALL
2016-06-02 22:39:42.220694 SELECT R0.mention_id AS "person_mention.R0.mention_id", R1.team_id AS "team_mention.R1.team_id", 0 as id, "depedia_negative" as label
2016-06-02 22:39:42.220728 FROM person_mention R0, team_mention R1, spouses_dbpedia_negative R2
2016-06-02 22:39:42.220752         WHERE R2.p_name = R0.mention_text  AND R2.t_name = R1.team_text '
2016-06-02 22:39:42.308941 ERROR:  column "depedia_negative" does not exist
2016-06-02 22:39:42.309004 LINE 10: ...R1.team_id AS "team_mention.R1.team_id", 0 as id, "depedia_n...
2016-06-02 22:39:42.309069                                                               ^
