2016-05-20 22:05:04.227090 # on dhcp-169-233-138-157.cruznet.ucsc.edu: deepdive do team_mention
2016-05-20 22:05:04.227378 # run/20160520/220502.416347000/plan.sh
2016-05-20 22:05:04.227407 # execution plan for data/team_mention
2016-05-20 22:05:04.227431 
2016-05-20 22:05:04.227451 : ## process/init/app ##########################################################
2016-05-20 22:05:04.227471 : # Done: 2016-05-20T15:47:44-0700 (6h 17m 18s ago)
2016-05-20 22:05:04.227491 : process/init/app/run.sh
2016-05-20 22:05:04.227530 : mark_done process/init/app
2016-05-20 22:05:04.227552 : ##############################################################################
2016-05-20 22:05:04.227574 
2016-05-20 22:05:04.227595 : ## process/init/relation/articles ############################################
2016-05-20 22:05:04.227616 : # Done: 2016-05-20T19:16:48-0700 (2h 48m 14s ago)
2016-05-20 22:05:04.227638 : process/init/relation/articles/run.sh
2016-05-20 22:05:04.227658 : mark_done process/init/relation/articles
2016-05-20 22:05:04.227680 : ##############################################################################
2016-05-20 22:05:04.227726 
2016-05-20 22:05:04.227790 : ## data/articles #############################################################
2016-05-20 22:05:04.227827 : # Done: 2016-05-20T19:16:48-0700 (2h 48m 14s ago)
2016-05-20 22:05:04.227855 : # no-op
2016-05-20 22:05:04.227878 : mark_done data/articles
2016-05-20 22:05:04.227899 : ##############################################################################
2016-05-20 22:05:04.227918 
2016-05-20 22:05:04.227956 : ## process/ext_sentences_by_nlp_markup #######################################
2016-05-20 22:05:04.227981 : # Done: 2016-05-20T19:20:04-0700 (2h 44m 58s ago)
2016-05-20 22:05:04.228001 : process/ext_sentences_by_nlp_markup/run.sh
2016-05-20 22:05:04.228046 : mark_done process/ext_sentences_by_nlp_markup
2016-05-20 22:05:04.228069 : ##############################################################################
2016-05-20 22:05:04.228089 
2016-05-20 22:05:04.228102 : ## data/sentences ############################################################
2016-05-20 22:05:04.228114 : # Done: 2016-05-20T19:20:04-0700 (2h 44m 58s ago)
2016-05-20 22:05:04.228125 : # no-op
2016-05-20 22:05:04.228142 : mark_done data/sentences
2016-05-20 22:05:04.228163 : ##############################################################################
2016-05-20 22:05:04.228185 
2016-05-20 22:05:04.228206 : ## process/ext_team_mention_by_map_team_mention ##############################
2016-05-20 22:05:04.228226 : # Done: 2016-05-20T21:23:06-0700 (41m 56s ago)
2016-05-20 22:05:04.228246 : process/ext_team_mention_by_map_team_mention/run.sh
2016-05-20 22:05:04.228262 : mark_done process/ext_team_mention_by_map_team_mention
2016-05-20 22:05:04.228275 : ##############################################################################
2016-05-20 22:05:04.228287 
2016-05-20 22:05:04.228308 ## data/team_mention #########################################################
2016-05-20 22:05:04.228321 # Done: 2016-05-20T21:23:06-0700 (41m 56s ago)
2016-05-20 22:05:04.228340 # no-op
2016-05-20 22:05:04.228357 mark_done data/team_mention
2016-05-20 22:05:04.228369 ##############################################################################
2016-05-20 22:05:04.228421 
