2016-06-02 23:29:35.788433 # on dhcp-169-233-187-63.cruznet.ucsc.edu: deepdive do probabilities
2016-06-02 23:29:35.788763 # run/20160602/232933.334869000/plan.sh
2016-06-02 23:29:35.788799 # execution plan for data/model/probabilities
2016-06-02 23:29:35.788825 
2016-06-02 23:29:35.788848 : ## process/init/app ##########################################################
2016-06-02 23:29:35.788880 : # Done: 2016-05-22T17:21:25-0700 (11d 6h 8m 8s ago)
2016-06-02 23:29:35.788901 : process/init/app/run.sh
2016-06-02 23:29:35.788921 : mark_done process/init/app
2016-06-02 23:29:35.788941 : ##############################################################################
2016-06-02 23:29:35.788962 
2016-06-02 23:29:35.788984 : ## process/init/relation/articles ############################################
2016-06-02 23:29:35.789005 : # Done: 2016-05-23T12:16:43-0700 (10d 11h 12m 50s ago)
2016-06-02 23:29:35.789026 : process/init/relation/articles/run.sh
2016-06-02 23:29:35.789055 : mark_done process/init/relation/articles
2016-06-02 23:29:35.789079 : ##############################################################################
2016-06-02 23:29:35.789099 
2016-06-02 23:29:35.789120 : ## data/articles #############################################################
2016-06-02 23:29:35.789140 : # Done: 2016-05-23T12:16:43-0700 (10d 11h 12m 50s ago)
2016-06-02 23:29:35.789161 : # no-op
2016-06-02 23:29:35.789184 : mark_done data/articles
2016-06-02 23:29:35.789205 : ##############################################################################
2016-06-02 23:29:35.789227 
2016-06-02 23:29:35.789246 : ## process/ext_sentences_by_nlp_markup #######################################
2016-06-02 23:29:35.789265 : # Done: 2016-05-23T15:05:01-0700 (10d 8h 24m 32s ago)
2016-06-02 23:29:35.789284 : process/ext_sentences_by_nlp_markup/run.sh
2016-06-02 23:29:35.789305 : mark_done process/ext_sentences_by_nlp_markup
2016-06-02 23:29:35.789324 : ##############################################################################
2016-06-02 23:29:35.789343 
2016-06-02 23:29:35.789360 : ## data/sentences ############################################################
2016-06-02 23:29:35.789377 : # Done: 2016-05-23T15:05:01-0700 (10d 8h 24m 32s ago)
2016-06-02 23:29:35.789394 : # no-op
2016-06-02 23:29:35.789411 : mark_done data/sentences
2016-06-02 23:29:35.789428 : ##############################################################################
2016-06-02 23:29:35.789447 
2016-06-02 23:29:35.789466 : ## process/ext_person_mention_by_map_person_mention ##########################
2016-06-02 23:29:35.789484 : # Done: 2016-05-23T15:05:52-0700 (10d 8h 23m 41s ago)
2016-06-02 23:29:35.789502 : process/ext_person_mention_by_map_person_mention/run.sh
2016-06-02 23:29:35.789519 : mark_done process/ext_person_mention_by_map_person_mention
2016-06-02 23:29:35.789536 : ##############################################################################
2016-06-02 23:29:35.789555 
2016-06-02 23:29:35.789573 : ## data/person_mention #######################################################
2016-06-02 23:29:35.789590 : # Done: 2016-05-23T15:05:52-0700 (10d 8h 23m 41s ago)
2016-06-02 23:29:35.789607 : # no-op
2016-06-02 23:29:35.789625 : mark_done data/person_mention
2016-06-02 23:29:35.789644 : ##############################################################################
2016-06-02 23:29:35.789662 
2016-06-02 23:29:35.789680 : ## process/init/relation/spouses_dbpedia #####################################
2016-06-02 23:29:35.789698 : # Done: 2016-06-02T22:27:40-0700 (1h 1m 53s ago)
2016-06-02 23:29:35.789716 : process/init/relation/spouses_dbpedia/run.sh
2016-06-02 23:29:35.789733 : mark_done process/init/relation/spouses_dbpedia
2016-06-02 23:29:35.789751 : ##############################################################################
2016-06-02 23:29:35.789768 
2016-06-02 23:29:35.789786 : ## data/spouses_dbpedia ######################################################
2016-06-02 23:29:35.789841 : # Done: 2016-06-02T22:27:40-0700 (1h 1m 53s ago)
2016-06-02 23:29:35.789887 : # no-op
2016-06-02 23:29:35.789912 : mark_done data/spouses_dbpedia
2016-06-02 23:29:35.789934 : ##############################################################################
2016-06-02 23:29:35.789955 
2016-06-02 23:29:35.789976 : ## process/ext_team_mention_by_map_team_mention ##############################
2016-06-02 23:29:35.789995 : # Done: 2016-05-23T15:06:19-0700 (10d 8h 23m 14s ago)
2016-06-02 23:29:35.790017 : process/ext_team_mention_by_map_team_mention/run.sh
2016-06-02 23:29:35.790039 : mark_done process/ext_team_mention_by_map_team_mention
2016-06-02 23:29:35.790060 : ##############################################################################
2016-06-02 23:29:35.790080 
2016-06-02 23:29:35.790099 : ## data/team_mention #########################################################
2016-06-02 23:29:35.790120 : # Done: 2016-05-23T15:06:19-0700 (10d 8h 23m 14s ago)
2016-06-02 23:29:35.790140 : # no-op
2016-06-02 23:29:35.790161 : mark_done data/team_mention
2016-06-02 23:29:35.790182 : ##############################################################################
2016-06-02 23:29:35.790203 
2016-06-02 23:29:35.790223 : ## process/ext_num_people ####################################################
2016-06-02 23:29:35.790246 : # Done: 2016-05-23T15:06:46-0700 (10d 8h 22m 47s ago)
2016-06-02 23:29:35.790267 : process/ext_num_people/run.sh
2016-06-02 23:29:35.790285 : mark_done process/ext_num_people
2016-06-02 23:29:35.790304 : ##############################################################################
2016-06-02 23:29:35.790323 
2016-06-02 23:29:35.790345 : ## data/num_people ###########################################################
2016-06-02 23:29:35.790366 : # Done: 2016-05-23T15:06:46-0700 (10d 8h 22m 47s ago)
2016-06-02 23:29:35.790386 : # no-op
2016-06-02 23:29:35.790408 : mark_done data/num_people
2016-06-02 23:29:35.790427 : ##############################################################################
2016-06-02 23:29:35.790446 
2016-06-02 23:29:35.790464 : ## process/ext_spouse_candidate ##############################################
2016-06-02 23:29:35.790484 : # Done: 2016-05-23T15:07:38-0700 (10d 8h 21m 55s ago)
2016-06-02 23:29:35.790504 : process/ext_spouse_candidate/run.sh
2016-06-02 23:29:35.790525 : mark_done process/ext_spouse_candidate
2016-06-02 23:29:35.790545 : ##############################################################################
2016-06-02 23:29:35.790566 
2016-06-02 23:29:35.790585 : ## data/spouse_candidate #####################################################
2016-06-02 23:29:35.790603 : # Done: 2016-05-23T15:07:38-0700 (10d 8h 21m 55s ago)
2016-06-02 23:29:35.790625 : # no-op
2016-06-02 23:29:35.790646 : mark_done data/spouse_candidate
2016-06-02 23:29:35.790667 : ##############################################################################
2016-06-02 23:29:35.790696 
2016-06-02 23:29:35.790715 : ## process/ext_spouse_label__0_by_supervise ##################################
2016-06-02 23:29:35.790733 : # Done: 2016-05-23T15:08:48-0700 (10d 8h 20m 45s ago)
2016-06-02 23:29:35.790752 : process/ext_spouse_label__0_by_supervise/run.sh
2016-06-02 23:29:35.790773 : mark_done process/ext_spouse_label__0_by_supervise
2016-06-02 23:29:35.790794 : ##############################################################################
2016-06-02 23:29:35.790815 
2016-06-02 23:29:35.790835 : ## data/spouse_label__0 ######################################################
2016-06-02 23:29:35.790855 : # Done: 2016-05-23T15:08:48-0700 (10d 8h 20m 45s ago)
2016-06-02 23:29:35.790873 : # no-op
2016-06-02 23:29:35.790892 : mark_done data/spouse_label__0
2016-06-02 23:29:35.790914 : ##############################################################################
2016-06-02 23:29:35.790935 
2016-06-02 23:29:35.790955 : ## process/ext_spouse_label ##################################################
2016-06-02 23:29:35.790977 : # Done: 2016-06-02T22:28:10-0700 (1h 1m 23s ago)
2016-06-02 23:29:35.790995 : process/ext_spouse_label/run.sh
2016-06-02 23:29:35.791016 : mark_done process/ext_spouse_label
2016-06-02 23:29:35.791036 : ##############################################################################
2016-06-02 23:29:35.791057 
2016-06-02 23:29:35.791078 : ## data/spouse_label #########################################################
2016-06-02 23:29:35.791099 : # Done: 2016-06-02T22:28:10-0700 (1h 1m 23s ago)
2016-06-02 23:29:35.791120 : # no-op
2016-06-02 23:29:35.791140 : mark_done data/spouse_label
2016-06-02 23:29:35.791161 : ##############################################################################
2016-06-02 23:29:35.791183 
2016-06-02 23:29:35.791204 : ## process/ext_spouse_label_resolved #########################################
2016-06-02 23:29:35.791225 : # Done: 2016-06-02T22:28:10-0700 (1h 1m 24s ago)
2016-06-02 23:29:35.791245 : process/ext_spouse_label_resolved/run.sh
2016-06-02 23:29:35.791265 : mark_done process/ext_spouse_label_resolved
2016-06-02 23:29:35.791285 : ##############################################################################
2016-06-02 23:29:35.791304 
2016-06-02 23:29:35.791323 : ## data/spouse_label_resolved ################################################
2016-06-02 23:29:35.791343 : # Done: 2016-06-02T22:28:10-0700 (1h 1m 24s ago)
2016-06-02 23:29:35.791361 : # no-op
2016-06-02 23:29:35.791379 : mark_done data/spouse_label_resolved
2016-06-02 23:29:35.791399 : ##############################################################################
2016-06-02 23:29:35.791419 
2016-06-02 23:29:35.791439 : ## process/init/relation/spouses_dbpedia_negative ############################
2016-06-02 23:29:35.791460 : # Done: 2016-05-25T12:13:43-0700 (8d 11h 15m 51s ago)
2016-06-02 23:29:35.791480 : process/init/relation/spouses_dbpedia_negative/run.sh
2016-06-02 23:29:35.791500 : mark_done process/init/relation/spouses_dbpedia_negative
2016-06-02 23:29:35.791519 : ##############################################################################
2016-06-02 23:29:35.791536 
2016-06-02 23:29:35.791554 : ## data/spouses_dbpedia_negative #############################################
2016-06-02 23:29:35.791572 : # Done: 2016-06-02T22:50:00-0700 (39m 34s ago)
2016-06-02 23:29:35.791589 : # no-op
2016-06-02 23:29:35.791631 : mark_done data/spouses_dbpedia_negative
2016-06-02 23:29:35.791651 : ##############################################################################
2016-06-02 23:29:35.791668 
2016-06-02 23:29:35.791718 : ## process/ext_has_spouse ####################################################
2016-06-02 23:29:35.791767 : # Done: 2016-06-02T23:14:20-0700 (15m 14s ago)
2016-06-02 23:29:35.791799 : process/ext_has_spouse/run.sh
2016-06-02 23:29:35.791822 : mark_done process/ext_has_spouse
2016-06-02 23:29:35.791845 : ##############################################################################
2016-06-02 23:29:35.791868 
2016-06-02 23:29:35.791890 : ## data/has_spouse ###########################################################
2016-06-02 23:29:35.791909 : # Done: 2016-06-02T23:14:20-0700 (15m 14s ago)
2016-06-02 23:29:35.791929 : # no-op
2016-06-02 23:29:35.791950 : mark_done data/has_spouse
2016-06-02 23:29:35.791973 : ##############################################################################
2016-06-02 23:29:35.791993 
2016-06-02 23:29:35.792013 : ## process/grounding/variable_id_partition ###################################
2016-06-02 23:29:35.792034 : # Done: 2016-06-02T23:17:45-0700 (11m 49s ago)
2016-06-02 23:29:35.792059 : process/grounding/variable_id_partition/run.sh
2016-06-02 23:29:35.792080 : mark_done process/grounding/variable_id_partition
2016-06-02 23:29:35.792102 : ##############################################################################
2016-06-02 23:29:35.792122 
2016-06-02 23:29:35.792144 : ## process/grounding/variable/has_spouse/assign_id ###########################
2016-06-02 23:29:35.792163 : # Done: 2016-06-02T23:17:45-0700 (11m 49s ago)
2016-06-02 23:29:35.792181 : process/grounding/variable/has_spouse/assign_id/run.sh
2016-06-02 23:29:35.792200 : mark_done process/grounding/variable/has_spouse/assign_id
2016-06-02 23:29:35.792221 : ##############################################################################
2016-06-02 23:29:35.792241 
2016-06-02 23:29:35.792260 : ## process/grounding/factor/inf1_istrue_has_spouse/materialize ###############
2016-06-02 23:29:35.792280 : # Done: 2016-06-02T23:17:46-0700 (11m 48s ago)
2016-06-02 23:29:35.792301 : process/grounding/factor/inf1_istrue_has_spouse/materialize/run.sh
2016-06-02 23:29:35.792320 : mark_done process/grounding/factor/inf1_istrue_has_spouse/materialize
2016-06-02 23:29:35.792346 : ##############################################################################
2016-06-02 23:29:35.792367 
2016-06-02 23:29:35.792387 : ## process/grounding/factor/inf_imply_has_spouse_has_spouse/materialize ######
2016-06-02 23:29:35.792407 : # Done: 2016-06-02T23:23:19-0700 (6m 15s ago)
2016-06-02 23:29:35.792427 : process/grounding/factor/inf_imply_has_spouse_has_spouse/materialize/run.sh
2016-06-02 23:29:35.792447 : mark_done process/grounding/factor/inf_imply_has_spouse_has_spouse/materialize
2016-06-02 23:29:35.792465 : ##############################################################################
2016-06-02 23:29:35.792483 
2016-06-02 23:29:35.792504 : ## process/ext_spouse_feature_by_extract_spouse_features #####################
2016-06-02 23:29:35.792526 : # Done: 2016-05-23T15:08:09-0700 (10d 8h 21m 25s ago)
2016-06-02 23:29:35.792546 : process/ext_spouse_feature_by_extract_spouse_features/run.sh
2016-06-02 23:29:35.792566 : mark_done process/ext_spouse_feature_by_extract_spouse_features
2016-06-02 23:29:35.792586 : ##############################################################################
2016-06-02 23:29:35.792605 
2016-06-02 23:29:35.792625 : ## data/spouse_feature #######################################################
2016-06-02 23:29:35.792646 : # Done: 2016-05-23T15:08:09-0700 (10d 8h 21m 25s ago)
2016-06-02 23:29:35.792665 : # no-op
2016-06-02 23:29:35.792685 : mark_done data/spouse_feature
2016-06-02 23:29:35.792704 : ##############################################################################
2016-06-02 23:29:35.792722 
2016-06-02 23:29:35.792781 : ## process/grounding/factor/inf_istrue_has_spouse/materialize ################
2016-06-02 23:29:35.792810 : # Done: 2016-06-02T23:23:20-0700 (6m 14s ago)
2016-06-02 23:29:35.792833 : process/grounding/factor/inf_istrue_has_spouse/materialize/run.sh
2016-06-02 23:29:35.792855 : mark_done process/grounding/factor/inf_istrue_has_spouse/materialize
2016-06-02 23:29:35.792886 : ##############################################################################
2016-06-02 23:29:35.792910 
2016-06-02 23:29:35.792931 : ## process/grounding/weight_id_partition #####################################
2016-06-02 23:29:35.792980 : # Done: 2016-06-02T23:23:20-0700 (6m 14s ago)
2016-06-02 23:29:35.793009 : process/grounding/weight_id_partition/run.sh
2016-06-02 23:29:35.793032 : mark_done process/grounding/weight_id_partition
2016-06-02 23:29:35.793053 : ##############################################################################
2016-06-02 23:29:35.793076 
2016-06-02 23:29:35.793096 : ## process/grounding/factor/inf1_istrue_has_spouse/assign_weight_id ##########
2016-06-02 23:29:35.793117 : # Done: 2016-06-02T23:23:21-0700 (6m 13s ago)
2016-06-02 23:29:35.793137 : process/grounding/factor/inf1_istrue_has_spouse/assign_weight_id/run.sh
2016-06-02 23:29:35.793157 : mark_done process/grounding/factor/inf1_istrue_has_spouse/assign_weight_id
2016-06-02 23:29:35.793178 : ##############################################################################
2016-06-02 23:29:35.793200 
2016-06-02 23:29:35.793218 : ## process/grounding/factor/inf1_istrue_has_spouse/dump ######################
2016-06-02 23:29:35.793236 : # Done: 2016-06-02T23:23:22-0700 (6m 12s ago)
2016-06-02 23:29:35.793258 : process/grounding/factor/inf1_istrue_has_spouse/dump/run.sh
2016-06-02 23:29:35.793278 : mark_done process/grounding/factor/inf1_istrue_has_spouse/dump
2016-06-02 23:29:35.793297 : ##############################################################################
2016-06-02 23:29:35.793317 
2016-06-02 23:29:35.793336 : ## process/grounding/factor/inf1_istrue_has_spouse/dump_weights ##############
2016-06-02 23:29:35.793354 : # Done: 2016-06-02T23:23:22-0700 (6m 12s ago)
2016-06-02 23:29:35.793374 : process/grounding/factor/inf1_istrue_has_spouse/dump_weights/run.sh
2016-06-02 23:29:35.793397 : mark_done process/grounding/factor/inf1_istrue_has_spouse/dump_weights
2016-06-02 23:29:35.793418 : ##############################################################################
2016-06-02 23:29:35.793438 
2016-06-02 23:29:35.793459 : ## process/grounding/factor/inf_imply_has_spouse_has_spouse/assign_weight_id #
2016-06-02 23:29:35.793477 : # Done: 2016-06-02T23:23:23-0700 (6m 11s ago)
2016-06-02 23:29:35.793496 : process/grounding/factor/inf_imply_has_spouse_has_spouse/assign_weight_id/run.sh
2016-06-02 23:29:35.793519 : mark_done process/grounding/factor/inf_imply_has_spouse_has_spouse/assign_weight_id
2016-06-02 23:29:35.793540 : ##############################################################################
2016-06-02 23:29:35.793560 
2016-06-02 23:29:35.793587 : ## process/grounding/factor/inf_imply_has_spouse_has_spouse/dump #############
2016-06-02 23:29:35.793607 : # Done: 2016-06-02T23:23:23-0700 (6m 11s ago)
2016-06-02 23:29:35.793626 : process/grounding/factor/inf_imply_has_spouse_has_spouse/dump/run.sh
2016-06-02 23:29:35.793646 : mark_done process/grounding/factor/inf_imply_has_spouse_has_spouse/dump
2016-06-02 23:29:35.793666 : ##############################################################################
2016-06-02 23:29:35.793688 
2016-06-02 23:29:35.793711 : ## process/grounding/factor/inf_imply_has_spouse_has_spouse/dump_weights #####
2016-06-02 23:29:35.793731 : # Done: 2016-06-02T23:23:23-0700 (6m 11s ago)
2016-06-02 23:29:35.793753 : process/grounding/factor/inf_imply_has_spouse_has_spouse/dump_weights/run.sh
2016-06-02 23:29:35.793774 : mark_done process/grounding/factor/inf_imply_has_spouse_has_spouse/dump_weights
2016-06-02 23:29:35.793794 : ##############################################################################
2016-06-02 23:29:35.793814 
2016-06-02 23:29:35.793834 : ## process/grounding/factor/inf_istrue_has_spouse/assign_weight_id ###########
2016-06-02 23:29:35.793852 : # Done: 2016-06-02T23:23:24-0700 (6m 10s ago)
2016-06-02 23:29:35.793872 : process/grounding/factor/inf_istrue_has_spouse/assign_weight_id/run.sh
2016-06-02 23:29:35.793891 : mark_done process/grounding/factor/inf_istrue_has_spouse/assign_weight_id
2016-06-02 23:29:35.793911 : ##############################################################################
2016-06-02 23:29:35.793931 
2016-06-02 23:29:35.793953 : ## process/grounding/factor/inf_istrue_has_spouse/dump #######################
2016-06-02 23:29:35.793971 : # Done: 2016-06-02T23:23:25-0700 (6m 9s ago)
2016-06-02 23:29:35.793993 : process/grounding/factor/inf_istrue_has_spouse/dump/run.sh
2016-06-02 23:29:35.794014 : mark_done process/grounding/factor/inf_istrue_has_spouse/dump
2016-06-02 23:29:35.794034 : ##############################################################################
2016-06-02 23:29:35.794055 
2016-06-02 23:29:35.794074 : ## process/grounding/factor/inf_istrue_has_spouse/dump_weights ###############
2016-06-02 23:29:35.794092 : # Done: 2016-06-02T23:23:25-0700 (6m 9s ago)
2016-06-02 23:29:35.794115 : process/grounding/factor/inf_istrue_has_spouse/dump_weights/run.sh
2016-06-02 23:29:35.794135 : mark_done process/grounding/factor/inf_istrue_has_spouse/dump_weights
2016-06-02 23:29:35.794155 : ##############################################################################
2016-06-02 23:29:35.794175 
2016-06-02 23:29:35.794193 : ## process/grounding/global_weight_table #####################################
2016-06-02 23:29:35.794212 : # Done: 2016-06-02T23:23:26-0700 (6m 8s ago)
2016-06-02 23:29:35.794233 : process/grounding/global_weight_table/run.sh
2016-06-02 23:29:35.794253 : mark_done process/grounding/global_weight_table
2016-06-02 23:29:35.794273 : ##############################################################################
2016-06-02 23:29:35.794293 
2016-06-02 23:29:35.794313 : ## process/grounding/variable_holdout ########################################
2016-06-02 23:29:35.794331 : # Done: 2016-06-02T23:23:26-0700 (6m 8s ago)
2016-06-02 23:29:35.794352 : process/grounding/variable_holdout/run.sh
2016-06-02 23:29:35.794370 : mark_done process/grounding/variable_holdout
2016-06-02 23:29:35.794389 : ##############################################################################
2016-06-02 23:29:35.794407 
2016-06-02 23:29:35.794429 : ## process/grounding/variable/has_spouse/dump ################################
2016-06-02 23:29:35.794451 : # Done: 2016-06-02T23:23:27-0700 (6m 7s ago)
2016-06-02 23:29:35.794472 : process/grounding/variable/has_spouse/dump/run.sh
2016-06-02 23:29:35.794491 : mark_done process/grounding/variable/has_spouse/dump
2016-06-02 23:29:35.794512 : ##############################################################################
2016-06-02 23:29:35.794532 
2016-06-02 23:29:35.794553 : ## process/grounding/combine_factorgraph #####################################
2016-06-02 23:29:35.794572 : # Done: 2016-06-02T23:23:27-0700 (6m 7s ago)
2016-06-02 23:29:35.794594 : process/grounding/combine_factorgraph/run.sh
2016-06-02 23:29:35.794612 : mark_done process/grounding/combine_factorgraph
2016-06-02 23:29:35.794631 : ##############################################################################
2016-06-02 23:29:35.794654 
2016-06-02 23:29:35.794673 : ## model/factorgraph #########################################################
2016-06-02 23:29:35.794693 : # Done: 2016-06-02T23:23:27-0700 (6m 7s ago)
2016-06-02 23:29:35.794713 : mark_done model/factorgraph
2016-06-02 23:29:35.794731 : ##############################################################################
2016-06-02 23:29:35.794750 
2016-06-02 23:29:35.794773 : ## process/model/learning ####################################################
2016-06-02 23:29:35.794793 : # Done: 2016-06-02T23:23:40-0700 (5m 54s ago)
2016-06-02 23:29:35.794814 : process/model/learning/run.sh
2016-06-02 23:29:35.794833 : mark_done process/model/learning
2016-06-02 23:29:35.794854 : ##############################################################################
2016-06-02 23:29:35.794893 
2016-06-02 23:29:35.794919 : ## model/weights #############################################################
2016-06-02 23:29:35.794939 : # Done: 2016-06-02T23:23:40-0700 (5m 54s ago)
2016-06-02 23:29:35.794960 : mark_done model/weights
2016-06-02 23:29:35.794982 : ##############################################################################
2016-06-02 23:29:35.795004 
2016-06-02 23:29:35.795027 : ## process/model/inference ###################################################
2016-06-02 23:29:35.795047 : # Done: 2016-06-02T23:23:40-0700 (5m 54s ago)
2016-06-02 23:29:35.795091 : process/model/inference/run.sh
2016-06-02 23:29:35.795123 : mark_done process/model/inference
2016-06-02 23:29:35.795149 : ##############################################################################
2016-06-02 23:29:35.795172 
2016-06-02 23:29:35.795196 : ## model/probabilities #######################################################
2016-06-02 23:29:35.795220 : # Done: 2016-06-02T23:23:40-0700 (5m 54s ago)
2016-06-02 23:29:35.795243 : mark_done model/probabilities
2016-06-02 23:29:35.795266 : ##############################################################################
2016-06-02 23:29:35.795289 
2016-06-02 23:29:35.795320 ## process/model/load_probabilities ##########################################
2016-06-02 23:29:35.795352 : # Done: 2016-06-02T23:23:41-0700 (5m 53s ago)
2016-06-02 23:29:35.795376 # Done: 2016-06-02T23:23:41-0700 (5m 52s ago)
2016-06-02 23:29:35.795399 process/model/load_probabilities/run.sh
2016-06-02 23:29:35.795421 ++ dirname process/model/load_probabilities/run.sh
2016-06-02 23:29:35.795444 + cd process/model/load_probabilities
2016-06-02 23:29:35.795467 + export DEEPDIVE_CURRENT_PROCESS_NAME=process/model/load_probabilities
2016-06-02 23:29:35.795489 + DEEPDIVE_CURRENT_PROCESS_NAME=process/model/load_probabilities
2016-06-02 23:29:35.795512 + mkdir -p ../../../model
2016-06-02 23:29:35.795535 + cd ../../../model
2016-06-02 23:29:35.795557 + deepdive create table dd_inference_result_variables id:BIGINT category:BIGINT 'expectation:DOUBLE PRECISION'
2016-06-02 23:29:36.034786 CREATE TABLE
2016-06-02 23:29:36.036889 + cat probabilities/inference_result.out.text
2016-06-02 23:29:36.036986 + tr ' ' '\t'
2016-06-02 23:29:36.037068 + DEEPDIVE_LOAD_FORMAT=tsv
2016-06-02 23:29:36.037099 + deepdive load dd_inference_result_variables /dev/stdin
2016-06-02 23:29:36.144020 Loading dd_inference_result_variables from /dev/stdin (tsv format)
2016-06-02 23:29:36.196673 COPY 3211
2016-06-02 23:29:36.208767 + deepdive create view has_spouse_label_inference as '
2016-06-02 23:29:36.208824                 SELECT has_spouse.*, mir.category, mir.expectation FROM
2016-06-02 23:29:36.208888                 has_spouse, dd_inference_result_variables mir
2016-06-02 23:29:36.208926                 WHERE has_spouse.id = mir.id
2016-06-02 23:29:36.208956                 ORDER BY mir.expectation DESC
2016-06-02 23:29:36.208978                 '
2016-06-02 23:29:36.357686 CREATE VIEW
2016-06-02 23:29:36.359017 mark_done process/model/load_probabilities
2016-06-02 23:29:36.375671 ##############################################################################
2016-06-02 23:29:36.375748 
2016-06-02 23:29:36.375779 ## data/model/probabilities ##################################################
2016-06-02 23:29:36.375803 : # Done: 2016-06-02T23:23:41-0700 (5m 53s ago)
2016-06-02 23:29:36.375825 # Done: 2016-06-02T23:23:41-0700 (5m 52s ago)
2016-06-02 23:29:36.375864 # no-op
2016-06-02 23:29:36.375896 mark_done data/model/probabilities
2016-06-02 23:29:36.396078 ##############################################################################
2016-06-02 23:29:36.396164 
