2016-05-22 12:30:53.988120 # on eduroam-169-233-210-202.ucsc.edu: deepdive do has_spouse
2016-05-22 12:30:53.988433 # run/20160522/123052.270724000/plan.sh
2016-05-22 12:30:53.988457 # execution plan for data/has_spouse
2016-05-22 12:30:53.988477 
2016-05-22 12:30:53.988498 : ## process/init/app ##########################################################
2016-05-22 12:30:53.988519 : # Done: 2016-05-22T11:25:05-0700 (1h 5m 47s ago)
2016-05-22 12:30:53.988538 : process/init/app/run.sh
2016-05-22 12:30:53.988556 : mark_done process/init/app
2016-05-22 12:30:53.988574 : ##############################################################################
2016-05-22 12:30:53.988592 
2016-05-22 12:30:53.988611 : ## process/init/relation/articles ############################################
2016-05-22 12:30:53.988645 : # Done: 2016-05-22T11:55:52-0700 (35m ago)
2016-05-22 12:30:53.988677 : process/init/relation/articles/run.sh
2016-05-22 12:30:53.988730 : mark_done process/init/relation/articles
2016-05-22 12:30:53.988755 : ##############################################################################
2016-05-22 12:30:53.988776 
2016-05-22 12:30:53.988794 : ## data/articles #############################################################
2016-05-22 12:30:53.988814 : # Done: 2016-05-22T11:55:52-0700 (35m ago)
2016-05-22 12:30:53.988833 : # no-op
2016-05-22 12:30:53.988852 : mark_done data/articles
2016-05-22 12:30:53.988873 : ##############################################################################
2016-05-22 12:30:53.988893 
2016-05-22 12:30:53.988915 : ## process/ext_sentences_by_nlp_markup #######################################
2016-05-22 12:30:53.988934 : # Done: 2016-05-22T11:57:59-0700 (32m 53s ago)
2016-05-22 12:30:53.988954 : process/ext_sentences_by_nlp_markup/run.sh
2016-05-22 12:30:53.988974 : mark_done process/ext_sentences_by_nlp_markup
2016-05-22 12:30:53.988993 : ##############################################################################
2016-05-22 12:30:53.989013 
2016-05-22 12:30:53.989033 : ## data/sentences ############################################################
2016-05-22 12:30:53.989051 : # Done: 2016-05-22T11:57:59-0700 (32m 53s ago)
2016-05-22 12:30:53.989078 : # no-op
2016-05-22 12:30:53.989100 : mark_done data/sentences
2016-05-22 12:30:53.989121 : ##############################################################################
2016-05-22 12:30:53.989141 
2016-05-22 12:30:53.989163 : ## process/ext_person_mention_by_map_person_mention ##########################
2016-05-22 12:30:53.989185 : # Done: 2016-05-22T12:13:47-0700 (17m 5s ago)
2016-05-22 12:30:53.989206 : process/ext_person_mention_by_map_person_mention/run.sh
2016-05-22 12:30:53.989228 : mark_done process/ext_person_mention_by_map_person_mention
2016-05-22 12:30:53.989250 : ##############################################################################
2016-05-22 12:30:53.989290 
2016-05-22 12:30:53.989318 : ## data/person_mention #######################################################
2016-05-22 12:30:53.989341 : # Done: 2016-05-22T12:13:47-0700 (17m 5s ago)
2016-05-22 12:30:53.989363 : # no-op
2016-05-22 12:30:53.989385 : mark_done data/person_mention
2016-05-22 12:30:53.989408 : ##############################################################################
2016-05-22 12:30:53.989429 
2016-05-22 12:30:53.989452 : ## process/ext_num_people ####################################################
2016-05-22 12:30:53.989474 : # Done: 2016-05-22T12:14:33-0700 (16m 19s ago)
2016-05-22 12:30:53.989497 : process/ext_num_people/run.sh
2016-05-22 12:30:53.989519 : mark_done process/ext_num_people
2016-05-22 12:30:53.989542 : ##############################################################################
2016-05-22 12:30:53.989562 
2016-05-22 12:30:53.989584 : ## data/num_people ###########################################################
2016-05-22 12:30:53.989605 : # Done: 2016-05-22T12:14:33-0700 (16m 19s ago)
2016-05-22 12:30:53.989625 : # no-op
2016-05-22 12:30:53.989646 : mark_done data/num_people
2016-05-22 12:30:53.989670 : ##############################################################################
2016-05-22 12:30:53.989691 
2016-05-22 12:30:53.989711 : ## process/ext_team_mention_by_map_team_mention ##############################
2016-05-22 12:30:53.989732 : # Done: 2016-05-22T12:14:14-0700 (16m 38s ago)
2016-05-22 12:30:53.989753 : process/ext_team_mention_by_map_team_mention/run.sh
2016-05-22 12:30:53.989774 : mark_done process/ext_team_mention_by_map_team_mention
2016-05-22 12:30:53.989795 : ##############################################################################
2016-05-22 12:30:53.989818 
2016-05-22 12:30:53.989839 : ## data/team_mention #########################################################
2016-05-22 12:30:53.989858 : # Done: 2016-05-22T12:14:14-0700 (16m 38s ago)
2016-05-22 12:30:53.989902 : # no-op
2016-05-22 12:30:53.989925 : mark_done data/team_mention
2016-05-22 12:30:53.989946 : ##############################################################################
2016-05-22 12:30:53.989968 
2016-05-22 12:30:53.989990 : ## process/ext_spouse_candidate ##############################################
2016-05-22 12:30:53.990010 : # Done: 2016-05-22T12:14:34-0700 (16m 18s ago)
2016-05-22 12:30:53.990028 : process/ext_spouse_candidate/run.sh
2016-05-22 12:30:53.990072 : mark_done process/ext_spouse_candidate
2016-05-22 12:30:53.990095 : ##############################################################################
2016-05-22 12:30:53.990117 
2016-05-22 12:30:53.990139 : ## data/spouse_candidate #####################################################
2016-05-22 12:30:53.990159 : # Done: 2016-05-22T12:14:34-0700 (16m 18s ago)
2016-05-22 12:30:53.990178 : # no-op
2016-05-22 12:30:53.990226 : mark_done data/spouse_candidate
2016-05-22 12:30:53.990251 : ##############################################################################
2016-05-22 12:30:53.990275 
2016-05-22 12:30:53.990298 : ## process/ext_spouse_label__0_by_supervise ##################################
2016-05-22 12:30:53.990321 : # Done: 2016-05-22T12:28:31-0700 (2m 21s ago)
2016-05-22 12:30:53.990342 : process/ext_spouse_label__0_by_supervise/run.sh
2016-05-22 12:30:53.990362 : mark_done process/ext_spouse_label__0_by_supervise
2016-05-22 12:30:53.990411 : ##############################################################################
2016-05-22 12:30:53.990438 
2016-05-22 12:30:53.990461 : ## data/spouse_label__0 ######################################################
2016-05-22 12:30:53.990483 : # Done: 2016-05-22T12:28:31-0700 (2m 21s ago)
2016-05-22 12:30:53.990504 : # no-op
2016-05-22 12:30:53.990525 : mark_done data/spouse_label__0
2016-05-22 12:30:53.990546 : ##############################################################################
2016-05-22 12:30:53.990568 
2016-05-22 12:30:53.990589 : ## process/init/relation/spouses_dbpedia #####################################
2016-05-22 12:30:53.990609 : # Done: 2016-05-22T12:18:22-0700 (12m 30s ago)
2016-05-22 12:30:53.990629 : process/init/relation/spouses_dbpedia/run.sh
2016-05-22 12:30:53.990649 : mark_done process/init/relation/spouses_dbpedia
2016-05-22 12:30:53.990670 : ##############################################################################
2016-05-22 12:30:53.990690 
2016-05-22 12:30:53.990710 : ## data/spouses_dbpedia ######################################################
2016-05-22 12:30:53.990731 : # Done: 2016-05-22T12:18:22-0700 (12m 30s ago)
2016-05-22 12:30:53.990751 : # no-op
2016-05-22 12:30:53.990772 : mark_done data/spouses_dbpedia
2016-05-22 12:30:53.990792 : ##############################################################################
2016-05-22 12:30:53.990812 
2016-05-22 12:30:53.990832 ## process/ext_spouse_label ##################################################
2016-05-22 12:30:53.990852 # Done: 2016-05-21T15:28:40-0700 (21h 2m 12s ago)
2016-05-22 12:30:53.990870 process/ext_spouse_label/run.sh
2016-05-22 12:30:53.990890 ++ dirname process/ext_spouse_label/run.sh
2016-05-22 12:30:53.990910 + cd process/ext_spouse_label
2016-05-22 12:30:53.990931 + export DEEPDIVE_CURRENT_PROCESS_NAME=process/ext_spouse_label
2016-05-22 12:30:53.990952 + DEEPDIVE_CURRENT_PROCESS_NAME=process/ext_spouse_label
2016-05-22 12:30:53.990973 + deepdive create table spouse_label
2016-05-22 12:30:54.100857 CREATE TABLE
2016-05-22 12:30:54.102012 + deepdive sql 'INSERT INTO spouse_label SELECT R0.p_id AS "spouse_candidate.R0.p_id", R0.t_id AS "spouse_candidate.R0.t_id", 0 AS column_2, NULL AS column_3
2016-05-22 12:30:54.102075 FROM spouse_candidate R0
2016-05-22 12:30:54.102098         
2016-05-22 12:30:54.102119 UNION ALL
2016-05-22 12:30:54.102194 SELECT R0.p_id AS "spouse_candidate.R0.p_id", R0.t_id AS "spouse_candidate.R0.t_id", 1 AS column_2, '\''from_dbpedia'\'' AS column_3
2016-05-22 12:30:54.102227 FROM spouse_candidate R0, spouses_dbpedia R1
2016-05-22 12:30:54.102248         WHERE ((lower(R1.p_name) = lower(R0.p_name) AND lower(R1.t_name) = lower(R0.p_name)) OR (lower(R1.t_name) = lower(R0.t_name) AND lower(R1.p_name) = lower(R0.t_name)))
2016-05-22 12:30:54.102270 UNION ALL
2016-05-22 12:30:54.102291 SELECT R0.p_id AS "spouse_label__0.R0.p_id", R0.t_id AS "spouse_label__0.R0.t_id", R0.label AS "spouse_label__0.R0.label", R0.rule_id AS "spouse_label__0.R0.rule_id"
2016-05-22 12:30:54.102310 FROM spouse_label__0 R0
2016-05-22 12:30:54.102330         '
2016-05-22 12:30:54.191510 INSERT 0 131
2016-05-22 12:30:54.192762 mark_done process/ext_spouse_label
2016-05-22 12:30:54.208317 ##############################################################################
2016-05-22 12:30:54.208392 
2016-05-22 12:30:54.208414 ## data/spouse_label #########################################################
2016-05-22 12:30:54.208436 # Done: 2016-05-21T15:28:40-0700 (21h 2m 12s ago)
2016-05-22 12:30:54.208493 # no-op
2016-05-22 12:30:54.208562 mark_done data/spouse_label
2016-05-22 12:30:54.223664 ##############################################################################
2016-05-22 12:30:54.223740 
2016-05-22 12:30:54.223765 ## process/ext_spouse_label_resolved #########################################
2016-05-22 12:30:54.223787 # Done: 2016-05-21T15:28:41-0700 (21h 2m 11s ago)
2016-05-22 12:30:54.223843 process/ext_spouse_label_resolved/run.sh
2016-05-22 12:30:54.234533 ++ dirname process/ext_spouse_label_resolved/run.sh
2016-05-22 12:30:54.239758 + cd process/ext_spouse_label_resolved
2016-05-22 12:30:54.239928 + export DEEPDIVE_CURRENT_PROCESS_NAME=process/ext_spouse_label_resolved
2016-05-22 12:30:54.239992 + DEEPDIVE_CURRENT_PROCESS_NAME=process/ext_spouse_label_resolved
2016-05-22 12:30:54.240024 + deepdive create view spouse_label_resolved as 'SELECT R0.p_id AS column_0, R0.t_id AS column_1, SUM(R0.label) AS column_2
2016-05-22 12:30:54.240048 FROM spouse_label R0
2016-05-22 12:30:54.240071         
2016-05-22 12:30:54.240089         GROUP BY R0.p_id, R0.t_id'
2016-05-22 12:30:54.399308 CREATE VIEW
2016-05-22 12:30:54.400660 mark_done process/ext_spouse_label_resolved
2016-05-22 12:30:54.417796 ##############################################################################
2016-05-22 12:30:54.417862 
2016-05-22 12:30:54.417887 ## data/spouse_label_resolved ################################################
2016-05-22 12:30:54.417906 # Done: 2016-05-21T15:28:41-0700 (21h 2m 11s ago)
2016-05-22 12:30:54.417925 # no-op
2016-05-22 12:30:54.417945 mark_done data/spouse_label_resolved
2016-05-22 12:30:54.443808 ##############################################################################
2016-05-22 12:30:54.443881 
2016-05-22 12:30:54.443913 ## process/ext_has_spouse ####################################################
2016-05-22 12:30:54.443934 # Done: 2016-05-21T15:40:27-0700 (20h 50m 25s ago)
2016-05-22 12:30:54.443954 process/ext_has_spouse/run.sh
2016-05-22 12:30:54.456797 ++ dirname process/ext_has_spouse/run.sh
2016-05-22 12:30:54.463201 + cd process/ext_has_spouse
2016-05-22 12:30:54.463308 + export DEEPDIVE_CURRENT_PROCESS_NAME=process/ext_has_spouse
2016-05-22 12:30:54.463361 + DEEPDIVE_CURRENT_PROCESS_NAME=process/ext_has_spouse
2016-05-22 12:30:54.463387 + deepdive create table has_spouse
2016-05-22 12:30:54.594141 NOTICE:  table "has_spouse" does not exist, skipping
2016-05-22 12:30:54.599083 CREATE TABLE
2016-05-22 12:30:54.600061 + deepdive sql 'INSERT INTO has_spouse SELECT DISTINCT R0.column_0, R0.column_1, 0 AS id, 
2016-05-22 12:30:54.600132 CASE WHEN R0.column_2 > 0 THEN true
2016-05-22 12:30:54.600159      WHEN R0.column_2 < 0 THEN false
2016-05-22 12:30:54.600182      ELSE NULL
2016-05-22 12:30:54.600205 END AS label
2016-05-22 12:30:54.600226           FROM spouse_label_resolved R0
2016-05-22 12:30:54.600246         
2016-05-22 12:30:54.600264           '
2016-05-22 12:30:54.692341 INSERT 0 103
2016-05-22 12:30:54.693625 mark_done process/ext_has_spouse
2016-05-22 12:30:54.711405 ##############################################################################
2016-05-22 12:30:54.711482 
2016-05-22 12:30:54.711509 ## data/has_spouse ###########################################################
2016-05-22 12:30:54.711532 # Done: 2016-05-21T15:40:27-0700 (20h 50m 25s ago)
2016-05-22 12:30:54.711581 # no-op
2016-05-22 12:30:54.711602 mark_done data/has_spouse
2016-05-22 12:30:54.735200 ##############################################################################
2016-05-22 12:30:54.735258 
