2016-05-22 17:20:20.172690 # on eduroam-169-233-210-202.ucsc.edu: deepdive do has_spouse
2016-05-22 17:20:20.172987 # run/20160522/172017.604030000/plan.sh
2016-05-22 17:20:20.173007 # execution plan for data/has_spouse
2016-05-22 17:20:20.173026 
2016-05-22 17:20:20.173046 : ## process/init/app ##########################################################
2016-05-22 17:20:20.173066 : # Done: 2016-05-22T16:58:31-0700 (21m 46s ago)
2016-05-22 17:20:20.173085 : process/init/app/run.sh
2016-05-22 17:20:20.173104 : mark_done process/init/app
2016-05-22 17:20:20.173122 : ##############################################################################
2016-05-22 17:20:20.173141 
2016-05-22 17:20:20.173159 : ## process/init/relation/articles ############################################
2016-05-22 17:20:20.173181 : # Done: 2016-05-22T17:01:30-0700 (18m 47s ago)
2016-05-22 17:20:20.173200 : process/init/relation/articles/run.sh
2016-05-22 17:20:20.173219 : mark_done process/init/relation/articles
2016-05-22 17:20:20.173236 : ##############################################################################
2016-05-22 17:20:20.173254 
2016-05-22 17:20:20.173273 : ## data/articles #############################################################
2016-05-22 17:20:20.173305 : # Done: 2016-05-22T17:01:30-0700 (18m 47s ago)
2016-05-22 17:20:20.173335 : # no-op
2016-05-22 17:20:20.173356 : mark_done data/articles
2016-05-22 17:20:20.173377 : ##############################################################################
2016-05-22 17:20:20.173395 
2016-05-22 17:20:20.173414 : ## process/ext_sentences_by_nlp_markup #######################################
2016-05-22 17:20:20.173432 : # Done: 2016-05-22T17:03:30-0700 (16m 47s ago)
2016-05-22 17:20:20.173454 : process/ext_sentences_by_nlp_markup/run.sh
2016-05-22 17:20:20.173474 : mark_done process/ext_sentences_by_nlp_markup
2016-05-22 17:20:20.173494 : ##############################################################################
2016-05-22 17:20:20.173514 
2016-05-22 17:20:20.173533 : ## data/sentences ############################################################
2016-05-22 17:20:20.173551 : # Done: 2016-05-22T17:03:30-0700 (16m 47s ago)
2016-05-22 17:20:20.173573 : # no-op
2016-05-22 17:20:20.173594 : mark_done data/sentences
2016-05-22 17:20:20.173613 : ##############################################################################
2016-05-22 17:20:20.173633 
2016-05-22 17:20:20.173651 : ## process/ext_person_mention_by_map_person_mention ##########################
2016-05-22 17:20:20.173669 : # Done: 2016-05-22T17:06:48-0700 (13m 29s ago)
2016-05-22 17:20:20.173690 : process/ext_person_mention_by_map_person_mention/run.sh
2016-05-22 17:20:20.173710 : mark_done process/ext_person_mention_by_map_person_mention
2016-05-22 17:20:20.173729 : ##############################################################################
2016-05-22 17:20:20.173749 
2016-05-22 17:20:20.173770 : ## data/person_mention #######################################################
2016-05-22 17:20:20.173788 : # Done: 2016-05-22T17:06:48-0700 (13m 29s ago)
2016-05-22 17:20:20.173808 : # no-op
2016-05-22 17:20:20.173828 : mark_done data/person_mention
2016-05-22 17:20:20.173848 : ##############################################################################
2016-05-22 17:20:20.173868 
2016-05-22 17:20:20.173890 : ## process/ext_num_people ####################################################
2016-05-22 17:20:20.173911 : # Done: 2016-05-22T17:07:07-0700 (13m 10s ago)
2016-05-22 17:20:20.173931 : process/ext_num_people/run.sh
2016-05-22 17:20:20.173951 : mark_done process/ext_num_people
2016-05-22 17:20:20.173972 : ##############################################################################
2016-05-22 17:20:20.173991 
2016-05-22 17:20:20.174011 : ## data/num_people ###########################################################
2016-05-22 17:20:20.174031 : # Done: 2016-05-22T17:07:07-0700 (13m 10s ago)
2016-05-22 17:20:20.174052 : # no-op
2016-05-22 17:20:20.174073 : mark_done data/num_people
2016-05-22 17:20:20.174093 : ##############################################################################
2016-05-22 17:20:20.174112 
2016-05-22 17:20:20.174130 : ## process/ext_team_mention_by_map_team_mention ##############################
2016-05-22 17:20:20.174150 : # Done: 2016-05-22T17:05:38-0700 (14m 39s ago)
2016-05-22 17:20:20.174170 : process/ext_team_mention_by_map_team_mention/run.sh
2016-05-22 17:20:20.174190 : mark_done process/ext_team_mention_by_map_team_mention
2016-05-22 17:20:20.174210 : ##############################################################################
2016-05-22 17:20:20.174229 
2016-05-22 17:20:20.174250 : ## data/team_mention #########################################################
2016-05-22 17:20:20.174271 : # Done: 2016-05-22T17:05:38-0700 (14m 39s ago)
2016-05-22 17:20:20.174292 : # no-op
2016-05-22 17:20:20.174313 : mark_done data/team_mention
2016-05-22 17:20:20.174335 : ##############################################################################
2016-05-22 17:20:20.174355 
2016-05-22 17:20:20.174377 : ## process/ext_spouse_candidate ##############################################
2016-05-22 17:20:20.174399 : # Done: 2016-05-22T17:07:07-0700 (13m 10s ago)
2016-05-22 17:20:20.174421 : process/ext_spouse_candidate/run.sh
2016-05-22 17:20:20.174443 : mark_done process/ext_spouse_candidate
2016-05-22 17:20:20.174463 : ##############################################################################
2016-05-22 17:20:20.174484 
2016-05-22 17:20:20.174523 : ## data/spouse_candidate #####################################################
2016-05-22 17:20:20.174546 : # Done: 2016-05-22T17:07:07-0700 (13m 10s ago)
2016-05-22 17:20:20.174567 : # no-op
2016-05-22 17:20:20.174590 : mark_done data/spouse_candidate
2016-05-22 17:20:20.174637 : ##############################################################################
2016-05-22 17:20:20.174663 
2016-05-22 17:20:20.174684 : ## process/ext_spouse_label__0_by_supervise ##################################
2016-05-22 17:20:20.174702 : # Done: 2016-05-22T17:08:48-0700 (11m 30s ago)
2016-05-22 17:20:20.174722 : process/ext_spouse_label__0_by_supervise/run.sh
2016-05-22 17:20:20.174741 : mark_done process/ext_spouse_label__0_by_supervise
2016-05-22 17:20:20.174760 : ##############################################################################
2016-05-22 17:20:20.174778 
2016-05-22 17:20:20.174799 : ## data/spouse_label__0 ######################################################
2016-05-22 17:20:20.174819 : # Done: 2016-05-22T17:08:48-0700 (11m 30s ago)
2016-05-22 17:20:20.174838 : # no-op
2016-05-22 17:20:20.174858 : mark_done data/spouse_label__0
2016-05-22 17:20:20.174878 : ##############################################################################
2016-05-22 17:20:20.174899 
2016-05-22 17:20:20.174920 : ## process/init/relation/spouses_dbpedia #####################################
2016-05-22 17:20:20.174940 : # Done: 2016-05-22T17:08:19-0700 (11m 59s ago)
2016-05-22 17:20:20.174961 : process/init/relation/spouses_dbpedia/run.sh
2016-05-22 17:20:20.174980 : mark_done process/init/relation/spouses_dbpedia
2016-05-22 17:20:20.175001 : ##############################################################################
2016-05-22 17:20:20.175022 
2016-05-22 17:20:20.175044 : ## data/spouses_dbpedia ######################################################
2016-05-22 17:20:20.175065 : # Done: 2016-05-22T17:08:19-0700 (11m 59s ago)
2016-05-22 17:20:20.175084 : # no-op
2016-05-22 17:20:20.175105 : mark_done data/spouses_dbpedia
2016-05-22 17:20:20.175127 : ##############################################################################
2016-05-22 17:20:20.175146 
2016-05-22 17:20:20.175166 : ## process/ext_spouse_label ##################################################
2016-05-22 17:20:20.175186 : # Done: 2016-05-22T17:08:48-0700 (11m 30s ago)
2016-05-22 17:20:20.175206 : process/ext_spouse_label/run.sh
2016-05-22 17:20:20.175234 : mark_done process/ext_spouse_label
2016-05-22 17:20:20.175252 : ##############################################################################
2016-05-22 17:20:20.175271 
2016-05-22 17:20:20.175292 : ## data/spouse_label #########################################################
2016-05-22 17:20:20.175313 : # Done: 2016-05-22T17:08:48-0700 (11m 30s ago)
2016-05-22 17:20:20.175332 : # no-op
2016-05-22 17:20:20.175351 : mark_done data/spouse_label
2016-05-22 17:20:20.175371 : ##############################################################################
2016-05-22 17:20:20.175390 
2016-05-22 17:20:20.175409 : ## process/ext_spouse_label_resolved #########################################
2016-05-22 17:20:20.175428 : # Done: 2016-05-22T17:08:49-0700 (11m 29s ago)
2016-05-22 17:20:20.175448 : process/ext_spouse_label_resolved/run.sh
2016-05-22 17:20:20.175467 : mark_done process/ext_spouse_label_resolved
2016-05-22 17:20:20.175487 : ##############################################################################
2016-05-22 17:20:20.175505 
2016-05-22 17:20:20.175523 : ## data/spouse_label_resolved ################################################
2016-05-22 17:20:20.175545 : # Done: 2016-05-22T17:08:49-0700 (11m 29s ago)
2016-05-22 17:20:20.175566 : # no-op
2016-05-22 17:20:20.175586 : mark_done data/spouse_label_resolved
2016-05-22 17:20:20.175607 : ##############################################################################
2016-05-22 17:20:20.175625 
2016-05-22 17:20:20.175644 ## process/ext_has_spouse ####################################################
2016-05-22 17:20:20.175664 : # Done: 2016-05-22T17:09:54-0700 (10m 24s ago)
2016-05-22 17:20:20.175684 # Done: 2016-05-22T17:09:54-0700 (10m 23s ago)
2016-05-22 17:20:20.175704 process/ext_has_spouse/run.sh
2016-05-22 17:20:20.175726 ++ dirname process/ext_has_spouse/run.sh
2016-05-22 17:20:20.175748 + cd process/ext_has_spouse
2016-05-22 17:20:20.175769 + export DEEPDIVE_CURRENT_PROCESS_NAME=process/ext_has_spouse
2016-05-22 17:20:20.175791 + DEEPDIVE_CURRENT_PROCESS_NAME=process/ext_has_spouse
2016-05-22 17:20:20.175810 + deepdive create table has_spouse
2016-05-22 17:20:20.274473 NOTICE:  drop cascades to view has_spouse_label_inference
2016-05-22 17:20:20.288050 CREATE TABLE
2016-05-22 17:20:20.289165 + deepdive sql 'INSERT INTO has_spouse SELECT DISTINCT R0.column_0, R0.column_1, 0 AS id, 
2016-05-22 17:20:20.289234 CASE WHEN R0.column_2 > 0 THEN true
2016-05-22 17:20:20.289259      WHEN R0.column_2 < 0 THEN false
2016-05-22 17:20:20.289282      ELSE NULL
2016-05-22 17:20:20.289303 END AS label
2016-05-22 17:20:20.289323           FROM spouse_label_resolved R0
2016-05-22 17:20:20.289340         
2016-05-22 17:20:20.289357           '
2016-05-22 17:20:20.371903 INSERT 0 103
2016-05-22 17:20:20.373239 mark_done process/ext_has_spouse
2016-05-22 17:20:20.388711 ##############################################################################
2016-05-22 17:20:20.388787 
2016-05-22 17:20:20.388807 ## data/has_spouse ###########################################################
2016-05-22 17:20:20.388827 : # Done: 2016-05-22T17:09:54-0700 (10m 24s ago)
2016-05-22 17:20:20.388855 # Done: 2016-05-22T17:09:54-0700 (10m 23s ago)
2016-05-22 17:20:20.388892 # no-op
2016-05-22 17:20:20.388966 mark_done data/has_spouse
2016-05-22 17:20:20.403972 ##############################################################################
2016-05-22 17:20:20.404049 
