2016-05-20 18:25:44.252976 # on dhcp-169-233-138-157.cruznet.ucsc.edu: deepdive do team_mention
2016-05-20 18:25:44.253300 # run/20160520/182525.651813000/plan.sh
2016-05-20 18:25:44.253335 # execution plan for data/team_mention
2016-05-20 18:25:44.253360 
2016-05-20 18:25:44.253383 : ## process/init/app ##########################################################
2016-05-20 18:25:44.253406 : # Done: 2016-05-20T15:47:44-0700 (2h 37m 41s ago)
2016-05-20 18:25:44.253440 : process/init/app/run.sh
2016-05-20 18:25:44.253467 : mark_done process/init/app
2016-05-20 18:25:44.253488 : ##############################################################################
2016-05-20 18:25:44.253508 
2016-05-20 18:25:44.253528 : ## process/init/relation/articles ############################################
2016-05-20 18:25:44.253548 : # Done: 2016-05-20T18:03:05-0700 (22m 20s ago)
2016-05-20 18:25:44.253569 : process/init/relation/articles/run.sh
2016-05-20 18:25:44.253588 : mark_done process/init/relation/articles
2016-05-20 18:25:44.253608 : ##############################################################################
2016-05-20 18:25:44.253629 
2016-05-20 18:25:44.253648 : ## data/articles #############################################################
2016-05-20 18:25:44.253670 : # Done: 2016-05-20T18:03:05-0700 (22m 20s ago)
2016-05-20 18:25:44.253689 : # no-op
2016-05-20 18:25:44.253708 : mark_done data/articles
2016-05-20 18:25:44.253728 : ##############################################################################
2016-05-20 18:25:44.253748 
2016-05-20 18:25:44.253766 : ## process/ext_sentences_by_nlp_markup #######################################
2016-05-20 18:25:44.253786 : # Done: 2016-05-20T18:04:33-0700 (20m 52s ago)
2016-05-20 18:25:44.253806 : process/ext_sentences_by_nlp_markup/run.sh
2016-05-20 18:25:44.253825 : mark_done process/ext_sentences_by_nlp_markup
2016-05-20 18:25:44.253844 : ##############################################################################
2016-05-20 18:25:44.253863 
2016-05-20 18:25:44.253880 : ## data/sentences ############################################################
2016-05-20 18:25:44.253901 : # Done: 2016-05-20T18:04:33-0700 (20m 52s ago)
2016-05-20 18:25:44.253922 : # no-op
2016-05-20 18:25:44.253940 : mark_done data/sentences
2016-05-20 18:25:44.253960 : ##############################################################################
2016-05-20 18:25:44.253978 
2016-05-20 18:25:44.253997 ## process/ext_team_mention_by_map_team_mention ##############################
2016-05-20 18:25:44.254016 # Done: N/A
2016-05-20 18:25:44.254036 process/ext_team_mention_by_map_team_mention/run.sh
2016-05-20 18:25:44.254056 ++ dirname process/ext_team_mention_by_map_team_mention/run.sh
2016-05-20 18:25:44.254075 + cd process/ext_team_mention_by_map_team_mention
2016-05-20 18:25:44.254093 + export DEEPDIVE_CURRENT_PROCESS_NAME=process/ext_team_mention_by_map_team_mention
2016-05-20 18:25:44.254113 + DEEPDIVE_CURRENT_PROCESS_NAME=process/ext_team_mention_by_map_team_mention
2016-05-20 18:25:44.254133 + export DEEPDIVE_LOAD_FORMAT=tsv
2016-05-20 18:25:44.254153 + DEEPDIVE_LOAD_FORMAT=tsv
2016-05-20 18:25:44.254173 + deepdive compute execute 'input_sql= SELECT R0.doc_id AS "sentences.R0.doc_id", R0.sentence_index AS "sentences.R0.sentence_index", R0.tokens AS "sentences.R0.tokens", R0.ner_tags AS "sentences.R0.ner_tags"
2016-05-20 18:25:44.254193 FROM sentences R0
2016-05-20 18:25:44.254212         
2016-05-20 18:25:44.254235           ' 'command="$DEEPDIVE_APP"/udf/map_team_mention.py' output_relation=team_mention
2016-05-20 18:25:44.297804 Executing with the following configuration:
2016-05-20 18:25:44.298258  DEEPDIVE_NUM_PROCESSES=3
2016-05-20 18:25:44.298382  DEEPDIVE_NUM_PARALLEL_UNLOADS=1
2016-05-20 18:25:44.298423  DEEPDIVE_NUM_PARALLEL_LOADS=1
2016-05-20 18:25:44.298445  output_relation_tmp=dd_tmp_team_mention
2016-05-20 18:25:44.298472 
2016-05-20 18:25:44.456021 [ERROR] team_mention: No such table defined in schema
