2016-05-21 15:28:40.742890 # on dhcp-169-233-138-157.cruznet.ucsc.edu: deepdive do has_spouse
2016-05-21 15:28:40.743193 # run/20160521/152838.784816000/plan.sh
2016-05-21 15:28:40.743227 # execution plan for data/has_spouse
2016-05-21 15:28:40.743250 
2016-05-21 15:28:40.743269 : ## process/init/app ##########################################################
2016-05-21 15:28:40.743288 : # Done: 2016-05-20T15:47:44-0700 (23h 40m 55s ago)
2016-05-21 15:28:40.743306 : process/init/app/run.sh
2016-05-21 15:28:40.743325 : mark_done process/init/app
2016-05-21 15:28:40.743344 : ##############################################################################
2016-05-21 15:28:40.743362 
2016-05-21 15:28:40.743380 : ## process/init/relation/articles ############################################
2016-05-21 15:28:40.743399 : # Done: 2016-05-20T19:16:48-0700 (20h 11m 51s ago)
2016-05-21 15:28:40.743419 : process/init/relation/articles/run.sh
2016-05-21 15:28:40.743438 : mark_done process/init/relation/articles
2016-05-21 15:28:40.743459 : ##############################################################################
2016-05-21 15:28:40.743478 
2016-05-21 15:28:40.743498 : ## data/articles #############################################################
2016-05-21 15:28:40.743518 : # Done: 2016-05-20T19:16:48-0700 (20h 11m 51s ago)
2016-05-21 15:28:40.743537 : # no-op
2016-05-21 15:28:40.743555 : mark_done data/articles
2016-05-21 15:28:40.743573 : ##############################################################################
2016-05-21 15:28:40.743591 
2016-05-21 15:28:40.743615 : ## process/ext_sentences_by_nlp_markup #######################################
2016-05-21 15:28:40.743633 : # Done: 2016-05-20T19:20:04-0700 (20h 8m 35s ago)
2016-05-21 15:28:40.743653 : process/ext_sentences_by_nlp_markup/run.sh
2016-05-21 15:28:40.743672 : mark_done process/ext_sentences_by_nlp_markup
2016-05-21 15:28:40.743691 : ##############################################################################
2016-05-21 15:28:40.743710 
2016-05-21 15:28:40.743732 : ## data/sentences ############################################################
2016-05-21 15:28:40.743751 : # Done: 2016-05-20T19:20:04-0700 (20h 8m 35s ago)
2016-05-21 15:28:40.743769 : # no-op
2016-05-21 15:28:40.743787 : mark_done data/sentences
2016-05-21 15:28:40.743806 : ##############################################################################
2016-05-21 15:28:40.743825 
2016-05-21 15:28:40.743844 : ## process/ext_person_mention_by_map_person_mention ##########################
2016-05-21 15:28:40.743866 : # Done: 2016-05-20T20:58:22-0700 (18h 30m 17s ago)
2016-05-21 15:28:40.743886 : process/ext_person_mention_by_map_person_mention/run.sh
2016-05-21 15:28:40.743905 : mark_done process/ext_person_mention_by_map_person_mention
2016-05-21 15:28:40.743924 : ##############################################################################
2016-05-21 15:28:40.743943 
2016-05-21 15:28:40.743963 : ## data/person_mention #######################################################
2016-05-21 15:28:40.743985 : # Done: 2016-05-20T20:58:22-0700 (18h 30m 17s ago)
2016-05-21 15:28:40.744005 : # no-op
2016-05-21 15:28:40.744027 : mark_done data/person_mention
2016-05-21 15:28:40.744048 : ##############################################################################
2016-05-21 15:28:40.744071 
2016-05-21 15:28:40.744093 : ## process/ext_num_people ####################################################
2016-05-21 15:28:40.744143 : # Done: 2016-05-20T21:35:41-0700 (17h 52m 58s ago)
2016-05-21 15:28:40.744178 : process/ext_num_people/run.sh
2016-05-21 15:28:40.744202 : mark_done process/ext_num_people
2016-05-21 15:28:40.744222 : ##############################################################################
2016-05-21 15:28:40.744242 
2016-05-21 15:28:40.744262 : ## data/num_people ###########################################################
2016-05-21 15:28:40.744287 : # Done: 2016-05-20T21:35:41-0700 (17h 52m 58s ago)
2016-05-21 15:28:40.744309 : # no-op
2016-05-21 15:28:40.744328 : mark_done data/num_people
2016-05-21 15:28:40.744348 : ##############################################################################
2016-05-21 15:28:40.744367 
2016-05-21 15:28:40.744386 : ## process/ext_team_mention_by_map_team_mention ##############################
2016-05-21 15:28:40.744407 : # Done: 2016-05-20T21:23:06-0700 (18h 5m 33s ago)
2016-05-21 15:28:40.744427 : process/ext_team_mention_by_map_team_mention/run.sh
2016-05-21 15:28:40.744446 : mark_done process/ext_team_mention_by_map_team_mention
2016-05-21 15:28:40.744467 : ##############################################################################
2016-05-21 15:28:40.744488 
2016-05-21 15:28:40.744508 : ## data/team_mention #########################################################
2016-05-21 15:28:40.744529 : # Done: 2016-05-20T22:05:04-0700 (17h 23m 35s ago)
2016-05-21 15:28:40.744549 : # no-op
2016-05-21 15:28:40.744569 : mark_done data/team_mention
2016-05-21 15:28:40.744589 : ##############################################################################
2016-05-21 15:28:40.744609 
2016-05-21 15:28:40.744629 : ## process/ext_spouse_candidate ##############################################
2016-05-21 15:28:40.744649 : # Done: 2016-05-20T22:17:52-0700 (17h 10m 47s ago)
2016-05-21 15:28:40.744670 : process/ext_spouse_candidate/run.sh
2016-05-21 15:28:40.744689 : mark_done process/ext_spouse_candidate
2016-05-21 15:28:40.744710 : ##############################################################################
2016-05-21 15:28:40.744730 
2016-05-21 15:28:40.744751 : ## data/spouse_candidate #####################################################
2016-05-21 15:28:40.744771 : # Done: 2016-05-20T22:17:52-0700 (17h 10m 47s ago)
2016-05-21 15:28:40.744792 : # no-op
2016-05-21 15:28:40.744810 : mark_done data/spouse_candidate
2016-05-21 15:28:40.744830 : ##############################################################################
2016-05-21 15:28:40.744849 
2016-05-21 15:28:40.744868 : ## process/ext_spouse_label__0_by_supervise ##################################
2016-05-21 15:28:40.744886 : # Done: 2016-05-20T22:17:53-0700 (17h 10m 46s ago)
2016-05-21 15:28:40.744905 : process/ext_spouse_label__0_by_supervise/run.sh
2016-05-21 15:28:40.744924 : mark_done process/ext_spouse_label__0_by_supervise
2016-05-21 15:28:40.744944 : ##############################################################################
2016-05-21 15:28:40.744965 
2016-05-21 15:28:40.744986 : ## data/spouse_label__0 ######################################################
2016-05-21 15:28:40.745007 : # Done: 2016-05-20T22:17:53-0700 (17h 10m 46s ago)
2016-05-21 15:28:40.745028 : # no-op
2016-05-21 15:28:40.745048 : mark_done data/spouse_label__0
2016-05-21 15:28:40.745069 : ##############################################################################
2016-05-21 15:28:40.745089 
2016-05-21 15:28:40.745119 : ## process/init/relation/spouses_dbpedia #####################################
2016-05-21 15:28:40.745140 : # Done: 2016-05-21T12:09:26-0700 (3h 19m 13s ago)
2016-05-21 15:28:40.745161 : process/init/relation/spouses_dbpedia/run.sh
2016-05-21 15:28:40.745182 : mark_done process/init/relation/spouses_dbpedia
2016-05-21 15:28:40.745203 : ##############################################################################
2016-05-21 15:28:40.745224 
2016-05-21 15:28:40.745245 : ## data/spouses_dbpedia ######################################################
2016-05-21 15:28:40.745265 : # Done: 2016-05-21T12:09:26-0700 (3h 19m 13s ago)
2016-05-21 15:28:40.745284 : # no-op
2016-05-21 15:28:40.745305 : mark_done data/spouses_dbpedia
2016-05-21 15:28:40.745326 : ##############################################################################
2016-05-21 15:28:40.745345 
2016-05-21 15:28:40.745366 ## process/ext_spouse_label ##################################################
2016-05-21 15:28:40.745387 : # Done: 2016-05-20T22:17:55-0700 (17h 10m 44s ago)
2016-05-21 15:28:40.745408 # Done: 2016-05-20T22:17:55-0700 (17h 10m 43s ago)
2016-05-21 15:28:40.745429 process/ext_spouse_label/run.sh
2016-05-21 15:28:40.745450 ++ dirname process/ext_spouse_label/run.sh
2016-05-21 15:28:40.745471 + cd process/ext_spouse_label
2016-05-21 15:28:40.745490 + export DEEPDIVE_CURRENT_PROCESS_NAME=process/ext_spouse_label
2016-05-21 15:28:40.745512 + DEEPDIVE_CURRENT_PROCESS_NAME=process/ext_spouse_label
2016-05-21 15:28:40.745533 + deepdive create table spouse_label
2016-05-21 15:28:40.853837 CREATE TABLE
2016-05-21 15:28:40.854910 + deepdive sql 'INSERT INTO spouse_label SELECT R0.p_id AS "spouse_candidate.R0.p_id", R0.t_id AS "spouse_candidate.R0.t_id", 0 AS column_2, NULL AS column_3
2016-05-21 15:28:40.854962 FROM spouse_candidate R0
2016-05-21 15:28:40.854987         
2016-05-21 15:28:40.855010 UNION ALL
2016-05-21 15:28:40.855057 SELECT R0.p_id AS "spouse_candidate.R0.p_id", R0.t_id AS "spouse_candidate.R0.t_id", 1 AS column_2, '\''from_dbpedia'\'' AS column_3
2016-05-21 15:28:40.855092 FROM spouse_candidate R0, spouses_dbpedia R1
2016-05-21 15:28:40.855119         WHERE ((lower(R1.p_name) = lower(R0.p_name) AND lower(R1.t_name) = lower(R0.p_name)) OR (lower(R1.t_name) = lower(R0.t_name) AND lower(R1.p_name) = lower(R0.t_name)))
2016-05-21 15:28:40.855142 UNION ALL
2016-05-21 15:28:40.855168 SELECT R0.p_id AS "spouse_label__0.R0.p_id", R0.t_id AS "spouse_label__0.R0.t_id", R0.label AS "spouse_label__0.R0.label", R0.rule_id AS "spouse_label__0.R0.rule_id"
2016-05-21 15:28:40.855191 FROM spouse_label__0 R0
2016-05-21 15:28:40.855212         '
2016-05-21 15:28:40.941397 INSERT 0 103
2016-05-21 15:28:40.942770 mark_done process/ext_spouse_label
2016-05-21 15:28:40.961753 ##############################################################################
2016-05-21 15:28:40.961829 
2016-05-21 15:28:40.961851 ## data/spouse_label #########################################################
2016-05-21 15:28:40.961872 : # Done: 2016-05-20T22:17:55-0700 (17h 10m 44s ago)
2016-05-21 15:28:40.961892 # Done: 2016-05-20T22:17:55-0700 (17h 10m 43s ago)
2016-05-21 15:28:40.961930 # no-op
2016-05-21 15:28:40.962001 mark_done data/spouse_label
2016-05-21 15:28:40.980362 ##############################################################################
2016-05-21 15:28:40.980489 
2016-05-21 15:28:40.980536 ## process/ext_spouse_label_resolved #########################################
2016-05-21 15:28:40.980572 : # Done: 2016-05-20T22:17:55-0700 (17h 10m 44s ago)
2016-05-21 15:28:40.980607 # Done: 2016-05-20T22:17:55-0700 (17h 10m 43s ago)
2016-05-21 15:28:40.980642 process/ext_spouse_label_resolved/run.sh
2016-05-21 15:28:40.991999 ++ dirname process/ext_spouse_label_resolved/run.sh
2016-05-21 15:28:40.998051 + cd process/ext_spouse_label_resolved
2016-05-21 15:28:40.998301 + export DEEPDIVE_CURRENT_PROCESS_NAME=process/ext_spouse_label_resolved
2016-05-21 15:28:40.998345 + DEEPDIVE_CURRENT_PROCESS_NAME=process/ext_spouse_label_resolved
2016-05-21 15:28:40.998497 + deepdive create view spouse_label_resolved as 'SELECT R0.p_id AS column_0, R0.t_id AS column_1, SUM(R0.label) AS column_2
2016-05-21 15:28:40.998569 FROM spouse_label R0
2016-05-21 15:28:40.998605         
2016-05-21 15:28:40.998706         GROUP BY R0.p_id, R0.t_id'
2016-05-21 15:28:41.185852 CREATE VIEW
2016-05-21 15:28:41.186990 mark_done process/ext_spouse_label_resolved
2016-05-21 15:28:41.203459 ##############################################################################
2016-05-21 15:28:41.203537 
2016-05-21 15:28:41.203563 ## data/spouse_label_resolved ################################################
2016-05-21 15:28:41.203584 # Done: 2016-05-20T22:17:55-0700 (17h 10m 44s ago)
2016-05-21 15:28:41.203645 # no-op
2016-05-21 15:28:41.203699 mark_done data/spouse_label_resolved
2016-05-21 15:28:41.223888 ##############################################################################
2016-05-21 15:28:41.223998 
2016-05-21 15:28:41.224040 ## process/ext_has_spouse ####################################################
2016-05-21 15:28:41.224097 # Done: 2016-05-20T22:17:55-0700 (17h 10m 44s ago)
2016-05-21 15:28:41.224137 process/ext_has_spouse/run.sh
2016-05-21 15:28:41.232659 ++ dirname process/ext_has_spouse/run.sh
2016-05-21 15:28:41.237102 + cd process/ext_has_spouse
2016-05-21 15:28:41.237185 + export DEEPDIVE_CURRENT_PROCESS_NAME=process/ext_has_spouse
2016-05-21 15:28:41.237238 + DEEPDIVE_CURRENT_PROCESS_NAME=process/ext_has_spouse
2016-05-21 15:28:41.237266 + deepdive create table has_spouse
2016-05-21 15:28:41.383371 CREATE TABLE
2016-05-21 15:28:41.384436 + deepdive sql 'INSERT INTO has_spouse SELECT DISTINCT R0.column_0, R0.column_1, 0 AS id, 
2016-05-21 15:28:41.384513 CASE WHEN R0.column_2 > 0 THEN true
2016-05-21 15:28:41.384546      WHEN R0.column_2 < 0 THEN false
2016-05-21 15:28:41.384572      ELSE NULL
2016-05-21 15:28:41.384597 END AS label
2016-05-21 15:28:41.384623           FROM spouse_label_resolved R0
2016-05-21 15:28:41.384649         
2016-05-21 15:28:41.384673           
2016-05-21 15:28:41.384697 UNION ALL
2016-05-21 15:28:41.384720 SELECT DISTINCT R0.p_id, R0.t_id, 0 AS id, NULL AS label
2016-05-21 15:28:41.384744           FROM spouse_candidate R0
2016-05-21 15:28:41.384769         
2016-05-21 15:28:41.384793           '
2016-05-21 15:28:41.469130 ERROR:  UNION types boolean and text cannot be matched
2016-05-21 15:28:41.469207 LINE 10: SELECT DISTINCT R0.p_id, R0.t_id, 0 AS id, NULL AS label
2016-05-21 15:28:41.469236                                                     ^
