2016-05-20 21:23:05.518314 # on dhcp-169-233-138-157.cruznet.ucsc.edu: deepdive do team_mention
2016-05-20 21:23:05.518626 # run/20160520/212303.414095000/plan.sh
2016-05-20 21:23:05.518647 # execution plan for data/team_mention
2016-05-20 21:23:05.518660 
2016-05-20 21:23:05.518670 : ## process/init/app ##########################################################
2016-05-20 21:23:05.518681 : # Done: 2016-05-20T15:47:44-0700 (5h 35m 19s ago)
2016-05-20 21:23:05.518692 : process/init/app/run.sh
2016-05-20 21:23:05.518702 : mark_done process/init/app
2016-05-20 21:23:05.518713 : ##############################################################################
2016-05-20 21:23:05.518724 
2016-05-20 21:23:05.518734 : ## process/init/relation/articles ############################################
2016-05-20 21:23:05.518744 : # Done: 2016-05-20T19:16:48-0700 (2h 6m 15s ago)
2016-05-20 21:23:05.518755 : process/init/relation/articles/run.sh
2016-05-20 21:23:05.518765 : mark_done process/init/relation/articles
2016-05-20 21:23:05.518775 : ##############################################################################
2016-05-20 21:23:05.518786 
2016-05-20 21:23:05.518796 : ## data/articles #############################################################
2016-05-20 21:23:05.518807 : # Done: 2016-05-20T19:16:48-0700 (2h 6m 15s ago)
2016-05-20 21:23:05.518817 : # no-op
2016-05-20 21:23:05.518827 : mark_done data/articles
2016-05-20 21:23:05.518837 : ##############################################################################
2016-05-20 21:23:05.518847 
2016-05-20 21:23:05.518858 : ## process/ext_sentences_by_nlp_markup #######################################
2016-05-20 21:23:05.518868 : # Done: 2016-05-20T19:20:04-0700 (2h 2m 59s ago)
2016-05-20 21:23:05.518878 : process/ext_sentences_by_nlp_markup/run.sh
2016-05-20 21:23:05.518888 : mark_done process/ext_sentences_by_nlp_markup
2016-05-20 21:23:05.518899 : ##############################################################################
2016-05-20 21:23:05.518909 
2016-05-20 21:23:05.518919 : ## data/sentences ############################################################
2016-05-20 21:23:05.518930 : # Done: 2016-05-20T19:20:04-0700 (2h 2m 59s ago)
2016-05-20 21:23:05.518940 : # no-op
2016-05-20 21:23:05.518951 : mark_done data/sentences
2016-05-20 21:23:05.518961 : ##############################################################################
2016-05-20 21:23:05.518971 
2016-05-20 21:23:05.518981 ## process/ext_team_mention_by_map_team_mention ##############################
2016-05-20 21:23:05.518991 # Done: 2016-05-20T19:14:11-0700 (2h 8m 52s ago)
2016-05-20 21:23:05.519002 process/ext_team_mention_by_map_team_mention/run.sh
2016-05-20 21:23:05.519012 ++ dirname process/ext_team_mention_by_map_team_mention/run.sh
2016-05-20 21:23:05.519023 + cd process/ext_team_mention_by_map_team_mention
2016-05-20 21:23:05.519033 + export DEEPDIVE_CURRENT_PROCESS_NAME=process/ext_team_mention_by_map_team_mention
2016-05-20 21:23:05.519043 + DEEPDIVE_CURRENT_PROCESS_NAME=process/ext_team_mention_by_map_team_mention
2016-05-20 21:23:05.519053 + export DEEPDIVE_LOAD_FORMAT=tsv
2016-05-20 21:23:05.519066 + DEEPDIVE_LOAD_FORMAT=tsv
2016-05-20 21:23:05.519085 + deepdive compute execute 'input_sql= SELECT R0.doc_id AS "sentences.R0.doc_id", R0.sentence_index AS "sentences.R0.sentence_index", R0.tokens AS "sentences.R0.tokens", R0.ner_tags AS "sentences.R0.ner_tags"
2016-05-20 21:23:05.519105 FROM sentences R0
2016-05-20 21:23:05.519123         
2016-05-20 21:23:05.519141           ' 'command="$DEEPDIVE_APP"/udf/map_team_mention.py' output_relation=team_mention
2016-05-20 21:23:05.571568 Executing with the following configuration:
2016-05-20 21:23:05.571643  DEEPDIVE_NUM_PROCESSES=3
2016-05-20 21:23:05.571672  DEEPDIVE_NUM_PARALLEL_UNLOADS=1
2016-05-20 21:23:05.571697  DEEPDIVE_NUM_PARALLEL_LOADS=1
2016-05-20 21:23:05.571765  output_relation_tmp=dd_tmp_team_mention
2016-05-20 21:23:05.571797 
2016-05-20 21:23:05.765170 CREATE TABLE
2016-05-20 21:23:05.877690 CREATE TABLE
2016-05-20 21:23:06.048259 unloading to feed_processes-1: ' SELECT R0.doc_id AS "sentences.R0.doc_id", R0.sentence_index AS "sentences.R0.sentence_index", R0.tokens AS "sentences.R0.tokens", R0.ner_tags AS "sentences.R0.ner_tags"
2016-05-20 21:23:06.048319 FROM sentences R0
2016-05-20 21:23:06.048341         
2016-05-20 21:23:06.048364           '
2016-05-20 21:23:06.079890 Loading dd_tmp_team_mention from output_computed-1 (tsv format)
2016-05-20 21:23:06.258075 COPY 113
2016-05-20 21:23:06.264313 Replacing team_mention with dd_tmp_team_mention
2016-05-20 21:23:06.346445 DROP TABLE
2016-05-20 21:23:06.430203 ALTER TABLE
2016-05-20 21:23:06.519627 ALTER TABLE
2016-05-20 21:23:06.610392 DROP TABLE
2016-05-20 21:23:06.653091 ANALYZE
2016-05-20 21:23:06.660036 mark_done process/ext_team_mention_by_map_team_mention
2016-05-20 21:23:06.682706 ##############################################################################
2016-05-20 21:23:06.682757 
2016-05-20 21:23:06.682775 ## data/team_mention #########################################################
2016-05-20 21:23:06.682796 # Done: 2016-05-20T19:14:11-0700 (2h 8m 52s ago)
2016-05-20 21:23:06.682817 # no-op
2016-05-20 21:23:06.682837 mark_done data/team_mention
2016-05-20 21:23:06.702606 ##############################################################################
2016-05-20 21:23:06.702676 
