2016-05-25 11:54:20.959175 # on dhcp-169-233-164-19.cruznet.ucsc.edu: deepdive do spouses_dbpedia_negative
2016-05-25 11:54:20.959463 # run/20160525/115414.950110000/plan.sh
2016-05-25 11:54:20.959484 # execution plan for data/spouses_dbpedia_negative
2016-05-25 11:54:20.959496 
2016-05-25 11:54:20.959506 : ## process/init/app ##########################################################
2016-05-25 11:54:20.959516 : # Done: 2016-05-22T17:21:25-0700 (2d 18h 32m 50s ago)
2016-05-25 11:54:20.959526 : process/init/app/run.sh
2016-05-25 11:54:20.959535 : mark_done process/init/app
2016-05-25 11:54:20.959546 : ##############################################################################
2016-05-25 11:54:20.959556 
2016-05-25 11:54:20.959566 ## process/init/relation/spouses_dbpedia_negative ############################
2016-05-25 11:54:20.959576 # Done: N/A
2016-05-25 11:54:20.959586 process/init/relation/spouses_dbpedia_negative/run.sh
2016-05-25 11:54:20.959595 ++ dirname process/init/relation/spouses_dbpedia_negative/run.sh
2016-05-25 11:54:20.959605 + cd process/init/relation/spouses_dbpedia_negative
2016-05-25 11:54:20.959615 + export DEEPDIVE_CURRENT_PROCESS_NAME=process/init/relation/spouses_dbpedia_negative
2016-05-25 11:54:20.959625 + DEEPDIVE_CURRENT_PROCESS_NAME=process/init/relation/spouses_dbpedia_negative
2016-05-25 11:54:20.959635 + deepdive create table spouses_dbpedia_negative
2016-05-25 11:54:21.327567 NOTICE:  table "spouses_dbpedia_negative" does not exist, skipping
2016-05-25 11:54:21.532711 CREATE TABLE
2016-05-25 11:54:21.534105 + deepdive load spouses_dbpedia_negative
2016-05-25 11:54:21.629838 parse error: Expected value before ',' at line 802, column 4
