2016-05-30 23:32:35.079589 # on dhcp-169-233-170-85.cruznet.ucsc.edu: deepdive do calibration-plots
2016-05-30 23:32:35.080006 # run/20160530/233232.060383000/plan.sh
2016-05-30 23:32:35.080044 # execution plan for model/calibration-plots
2016-05-30 23:32:35.080069 
2016-05-30 23:32:35.080093 : ## process/init/app ##########################################################
2016-05-30 23:32:35.080115 : # Done: 2016-05-22T17:21:25-0700 (8d 6h 11m 7s ago)
2016-05-30 23:32:35.080136 : process/init/app/run.sh
2016-05-30 23:32:35.080157 : mark_done process/init/app
2016-05-30 23:32:35.080178 : ##############################################################################
2016-05-30 23:32:35.080196 
2016-05-30 23:32:35.080216 : ## process/init/relation/articles ############################################
2016-05-30 23:32:35.080235 : # Done: 2016-05-23T12:16:43-0700 (7d 11h 15m 49s ago)
2016-05-30 23:32:35.080255 : process/init/relation/articles/run.sh
2016-05-30 23:32:35.080274 : mark_done process/init/relation/articles
2016-05-30 23:32:35.080296 : ##############################################################################
2016-05-30 23:32:35.080315 
2016-05-30 23:32:35.080333 : ## data/articles #############################################################
2016-05-30 23:32:35.080351 : # Done: 2016-05-23T12:16:43-0700 (7d 11h 15m 49s ago)
2016-05-30 23:32:35.080371 : # no-op
2016-05-30 23:32:35.080390 : mark_done data/articles
2016-05-30 23:32:35.080410 : ##############################################################################
2016-05-30 23:32:35.080429 
2016-05-30 23:32:35.080448 : ## process/ext_sentences_by_nlp_markup #######################################
2016-05-30 23:32:35.080467 : # Done: 2016-05-23T15:05:01-0700 (7d 8h 27m 31s ago)
2016-05-30 23:32:35.080485 : process/ext_sentences_by_nlp_markup/run.sh
2016-05-30 23:32:35.080504 : mark_done process/ext_sentences_by_nlp_markup
2016-05-30 23:32:35.080525 : ##############################################################################
2016-05-30 23:32:35.080545 
2016-05-30 23:32:35.080565 : ## data/sentences ############################################################
2016-05-30 23:32:35.080585 : # Done: 2016-05-23T15:05:01-0700 (7d 8h 27m 31s ago)
2016-05-30 23:32:35.080603 : # no-op
2016-05-30 23:32:35.080623 : mark_done data/sentences
2016-05-30 23:32:35.080641 : ##############################################################################
2016-05-30 23:32:35.080661 
2016-05-30 23:32:35.080681 : ## process/ext_person_mention_by_map_person_mention ##########################
2016-05-30 23:32:35.080701 : # Done: 2016-05-23T15:05:52-0700 (7d 8h 26m 40s ago)
2016-05-30 23:32:35.080721 : process/ext_person_mention_by_map_person_mention/run.sh
2016-05-30 23:32:35.080741 : mark_done process/ext_person_mention_by_map_person_mention
2016-05-30 23:32:35.080762 : ##############################################################################
2016-05-30 23:32:35.080780 
2016-05-30 23:32:35.080799 : ## data/person_mention #######################################################
2016-05-30 23:32:35.080818 : # Done: 2016-05-23T15:05:52-0700 (7d 8h 26m 40s ago)
2016-05-30 23:32:35.080836 : # no-op
2016-05-30 23:32:35.080853 : mark_done data/person_mention
2016-05-30 23:32:35.080870 : ##############################################################################
2016-05-30 23:32:35.080887 
2016-05-30 23:32:35.080904 : ## process/init/relation/spouses_dbpedia #####################################
2016-05-30 23:32:35.080923 : # Done: 2016-05-23T15:08:28-0700 (7d 8h 24m 4s ago)
2016-05-30 23:32:35.080944 : process/init/relation/spouses_dbpedia/run.sh
2016-05-30 23:32:35.080994 : mark_done process/init/relation/spouses_dbpedia
2016-05-30 23:32:35.081014 : ##############################################################################
2016-05-30 23:32:35.081032 
2016-05-30 23:32:35.081052 : ## data/spouses_dbpedia ######################################################
2016-05-30 23:32:35.081071 : # Done: 2016-05-23T15:08:28-0700 (7d 8h 24m 4s ago)
2016-05-30 23:32:35.081091 : # no-op
2016-05-30 23:32:35.081111 : mark_done data/spouses_dbpedia
2016-05-30 23:32:35.081130 : ##############################################################################
2016-05-30 23:32:35.081149 
2016-05-30 23:32:35.081168 : ## process/ext_team_mention_by_map_team_mention ##############################
2016-05-30 23:32:35.081189 : # Done: 2016-05-23T15:06:19-0700 (7d 8h 26m 13s ago)
2016-05-30 23:32:35.081208 : process/ext_team_mention_by_map_team_mention/run.sh
2016-05-30 23:32:35.081227 : mark_done process/ext_team_mention_by_map_team_mention
2016-05-30 23:32:35.081246 : ##############################################################################
2016-05-30 23:32:35.081265 
2016-05-30 23:32:35.081283 : ## data/team_mention #########################################################
2016-05-30 23:32:35.081303 : # Done: 2016-05-23T15:06:19-0700 (7d 8h 26m 13s ago)
2016-05-30 23:32:35.081321 : # no-op
2016-05-30 23:32:35.081340 : mark_done data/team_mention
2016-05-30 23:32:35.081359 : ##############################################################################
2016-05-30 23:32:35.081379 
2016-05-30 23:32:35.081398 : ## process/ext_num_people ####################################################
2016-05-30 23:32:35.081417 : # Done: 2016-05-23T15:06:46-0700 (7d 8h 25m 46s ago)
2016-05-30 23:32:35.081436 : process/ext_num_people/run.sh
2016-05-30 23:32:35.081454 : mark_done process/ext_num_people
2016-05-30 23:32:35.081474 : ##############################################################################
2016-05-30 23:32:35.081493 
2016-05-30 23:32:35.081511 : ## data/num_people ###########################################################
2016-05-30 23:32:35.081530 : # Done: 2016-05-23T15:06:46-0700 (7d 8h 25m 46s ago)
2016-05-30 23:32:35.081552 : # no-op
2016-05-30 23:32:35.081571 : mark_done data/num_people
2016-05-30 23:32:35.081590 : ##############################################################################
2016-05-30 23:32:35.081611 
2016-05-30 23:32:35.081630 : ## process/ext_spouse_candidate ##############################################
2016-05-30 23:32:35.081651 : # Done: 2016-05-23T15:07:38-0700 (7d 8h 24m 54s ago)
2016-05-30 23:32:35.081671 : process/ext_spouse_candidate/run.sh
2016-05-30 23:32:35.081692 : mark_done process/ext_spouse_candidate
2016-05-30 23:32:35.081712 : ##############################################################################
2016-05-30 23:32:35.081731 
2016-05-30 23:32:35.081751 : ## data/spouse_candidate #####################################################
2016-05-30 23:32:35.081769 : # Done: 2016-05-23T15:07:38-0700 (7d 8h 24m 54s ago)
2016-05-30 23:32:35.081786 : # no-op
2016-05-30 23:32:35.081806 : mark_done data/spouse_candidate
2016-05-30 23:32:35.081826 : ##############################################################################
2016-05-30 23:32:35.081846 
2016-05-30 23:32:35.081865 : ## process/ext_spouse_label__0_by_supervise ##################################
2016-05-30 23:32:35.081886 : # Done: 2016-05-23T15:08:48-0700 (7d 8h 23m 44s ago)
2016-05-30 23:32:35.081907 : process/ext_spouse_label__0_by_supervise/run.sh
2016-05-30 23:32:35.081928 : mark_done process/ext_spouse_label__0_by_supervise
2016-05-30 23:32:35.081947 : ##############################################################################
2016-05-30 23:32:35.081967 
2016-05-30 23:32:35.081986 : ## data/spouse_label__0 ######################################################
2016-05-30 23:32:35.082004 : # Done: 2016-05-23T15:08:48-0700 (7d 8h 23m 44s ago)
2016-05-30 23:32:35.082023 : # no-op
2016-05-30 23:32:35.082042 : mark_done data/spouse_label__0
2016-05-30 23:32:35.082061 : ##############################################################################
2016-05-30 23:32:35.082080 
2016-05-30 23:32:35.082099 : ## process/ext_spouse_label ##################################################
2016-05-30 23:32:35.082119 : # Done: 2016-05-23T15:08:50-0700 (7d 8h 23m 42s ago)
2016-05-30 23:32:35.082138 : process/ext_spouse_label/run.sh
2016-05-30 23:32:35.082158 : mark_done process/ext_spouse_label
2016-05-30 23:32:35.082177 : ##############################################################################
2016-05-30 23:32:35.082196 
2016-05-30 23:32:35.082216 : ## data/spouse_label #########################################################
2016-05-30 23:32:35.082234 : # Done: 2016-05-23T15:08:50-0700 (7d 8h 23m 42s ago)
2016-05-30 23:32:35.082253 : # no-op
2016-05-30 23:32:35.082272 : mark_done data/spouse_label
2016-05-30 23:32:35.082292 : ##############################################################################
2016-05-30 23:32:35.082312 
2016-05-30 23:32:35.082332 : ## process/ext_spouse_label_resolved #########################################
2016-05-30 23:32:35.082352 : # Done: 2016-05-23T15:08:50-0700 (7d 8h 23m 42s ago)
2016-05-30 23:32:35.082372 : process/ext_spouse_label_resolved/run.sh
2016-05-30 23:32:35.082392 : mark_done process/ext_spouse_label_resolved
2016-05-30 23:32:35.082412 : ##############################################################################
2016-05-30 23:32:35.082432 
2016-05-30 23:32:35.082452 : ## data/spouse_label_resolved ################################################
2016-05-30 23:32:35.082473 : # Done: 2016-05-23T15:08:50-0700 (7d 8h 23m 42s ago)
2016-05-30 23:32:35.082493 : # no-op
2016-05-30 23:32:35.082513 : mark_done data/spouse_label_resolved
2016-05-30 23:32:35.082534 : ##############################################################################
2016-05-30 23:32:35.082554 
2016-05-30 23:32:35.082574 : ## process/init/relation/spouses_dbpedia_negative ############################
2016-05-30 23:32:35.082596 : # Done: 2016-05-25T12:13:43-0700 (5d 11h 18m 49s ago)
2016-05-30 23:32:35.082616 : process/init/relation/spouses_dbpedia_negative/run.sh
2016-05-30 23:32:35.082636 : mark_done process/init/relation/spouses_dbpedia_negative
2016-05-30 23:32:35.082655 : ##############################################################################
2016-05-30 23:32:35.082675 
2016-05-30 23:32:35.082694 : ## data/spouses_dbpedia_negative #############################################
2016-05-30 23:32:35.082714 : # Done: 2016-05-25T12:13:43-0700 (5d 11h 18m 49s ago)
2016-05-30 23:32:35.082731 : # no-op
2016-05-30 23:32:35.082752 : mark_done data/spouses_dbpedia_negative
2016-05-30 23:32:35.082772 : ##############################################################################
2016-05-30 23:32:35.082792 
2016-05-30 23:32:35.082812 : ## process/ext_has_spouse ####################################################
2016-05-30 23:32:35.082832 : # Done: 2016-05-29T12:10:14-0700 (1d 11h 22m 18s ago)
2016-05-30 23:32:35.082852 : process/ext_has_spouse/run.sh
2016-05-30 23:32:35.082870 : mark_done process/ext_has_spouse
2016-05-30 23:32:35.082890 : ##############################################################################
2016-05-30 23:32:35.082910 
2016-05-30 23:32:35.082930 : ## data/has_spouse ###########################################################
2016-05-30 23:32:35.082950 : # Done: 2016-05-29T12:10:14-0700 (1d 11h 22m 18s ago)
2016-05-30 23:32:35.082970 : # no-op
2016-05-30 23:32:35.082990 : mark_done data/has_spouse
2016-05-30 23:32:35.083009 : ##############################################################################
2016-05-30 23:32:35.083029 
2016-05-30 23:32:35.083049 : ## process/grounding/variable_id_partition ###################################
2016-05-30 23:32:35.083069 : # Done: 2016-05-30T23:28:10-0700 (4m 22s ago)
2016-05-30 23:32:35.083089 : process/grounding/variable_id_partition/run.sh
2016-05-30 23:32:35.083109 : mark_done process/grounding/variable_id_partition
2016-05-30 23:32:35.083129 : ##############################################################################
2016-05-30 23:32:35.083149 
2016-05-30 23:32:35.083168 : ## process/grounding/variable/has_spouse/assign_id ###########################
2016-05-30 23:32:35.083187 : # Done: 2016-05-30T23:28:10-0700 (4m 22s ago)
2016-05-30 23:32:35.083206 : process/grounding/variable/has_spouse/assign_id/run.sh
2016-05-30 23:32:35.083225 : mark_done process/grounding/variable/has_spouse/assign_id
2016-05-30 23:32:35.083243 : ##############################################################################
2016-05-30 23:32:35.083262 
2016-05-30 23:32:35.083281 : ## process/grounding/factor/inf1_istrue_has_spouse/materialize ###############
2016-05-30 23:32:35.083301 : # Done: 2016-05-30T23:28:10-0700 (4m 22s ago)
2016-05-30 23:32:35.083321 : process/grounding/factor/inf1_istrue_has_spouse/materialize/run.sh
2016-05-30 23:32:35.083341 : mark_done process/grounding/factor/inf1_istrue_has_spouse/materialize
2016-05-30 23:32:35.083367 : ##############################################################################
2016-05-30 23:32:35.083387 
2016-05-30 23:32:35.083406 : ## process/grounding/factor/inf_imply_has_spouse_has_spouse/materialize ######
2016-05-30 23:32:35.083427 : # Done: 2016-05-30T23:28:11-0700 (4m 21s ago)
2016-05-30 23:32:35.083446 : process/grounding/factor/inf_imply_has_spouse_has_spouse/materialize/run.sh
2016-05-30 23:32:35.083464 : mark_done process/grounding/factor/inf_imply_has_spouse_has_spouse/materialize
2016-05-30 23:32:35.083483 : ##############################################################################
2016-05-30 23:32:35.083503 
2016-05-30 23:32:35.083523 : ## process/ext_spouse_feature_by_extract_spouse_features #####################
2016-05-30 23:32:35.083543 : # Done: 2016-05-23T15:08:09-0700 (7d 8h 24m 23s ago)
2016-05-30 23:32:35.083563 : process/ext_spouse_feature_by_extract_spouse_features/run.sh
2016-05-30 23:32:35.083584 : mark_done process/ext_spouse_feature_by_extract_spouse_features
2016-05-30 23:32:35.083657 : ##############################################################################
2016-05-30 23:32:35.083679 
2016-05-30 23:32:35.083697 : ## data/spouse_feature #######################################################
2016-05-30 23:32:35.083716 : # Done: 2016-05-23T15:08:09-0700 (7d 8h 24m 23s ago)
2016-05-30 23:32:35.083736 : # no-op
2016-05-30 23:32:35.083754 : mark_done data/spouse_feature
2016-05-30 23:32:35.083773 : ##############################################################################
2016-05-30 23:32:35.083790 
2016-05-30 23:32:35.083808 : ## process/grounding/factor/inf_istrue_has_spouse/materialize ################
2016-05-30 23:32:35.083826 : # Done: 2016-05-30T23:28:12-0700 (4m 20s ago)
2016-05-30 23:32:35.083845 : process/grounding/factor/inf_istrue_has_spouse/materialize/run.sh
2016-05-30 23:32:35.083863 : mark_done process/grounding/factor/inf_istrue_has_spouse/materialize
2016-05-30 23:32:35.083881 : ##############################################################################
2016-05-30 23:32:35.083898 
2016-05-30 23:32:35.083916 : ## process/grounding/weight_id_partition #####################################
2016-05-30 23:32:35.083934 : # Done: 2016-05-30T23:28:12-0700 (4m 20s ago)
2016-05-30 23:32:35.083952 : process/grounding/weight_id_partition/run.sh
2016-05-30 23:32:35.083970 : mark_done process/grounding/weight_id_partition
2016-05-30 23:32:35.083988 : ##############################################################################
2016-05-30 23:32:35.084006 
2016-05-30 23:32:35.084025 : ## process/grounding/factor/inf1_istrue_has_spouse/assign_weight_id ##########
2016-05-30 23:32:35.084043 : # Done: 2016-05-30T23:28:12-0700 (4m 20s ago)
2016-05-30 23:32:35.084061 : process/grounding/factor/inf1_istrue_has_spouse/assign_weight_id/run.sh
2016-05-30 23:32:35.084079 : mark_done process/grounding/factor/inf1_istrue_has_spouse/assign_weight_id
2016-05-30 23:32:35.084098 : ##############################################################################
2016-05-30 23:32:35.084117 
2016-05-30 23:32:35.084140 : ## process/grounding/factor/inf1_istrue_has_spouse/dump ######################
2016-05-30 23:32:35.084162 : # Done: 2016-05-30T23:28:14-0700 (4m 18s ago)
2016-05-30 23:32:35.084182 : process/grounding/factor/inf1_istrue_has_spouse/dump/run.sh
2016-05-30 23:32:35.084202 : mark_done process/grounding/factor/inf1_istrue_has_spouse/dump
2016-05-30 23:32:35.084221 : ##############################################################################
2016-05-30 23:32:35.084242 
2016-05-30 23:32:35.084261 : ## process/grounding/factor/inf1_istrue_has_spouse/dump_weights ##############
2016-05-30 23:32:35.084281 : # Done: 2016-05-30T23:28:14-0700 (4m 18s ago)
2016-05-30 23:32:35.084301 : process/grounding/factor/inf1_istrue_has_spouse/dump_weights/run.sh
2016-05-30 23:32:35.084321 : mark_done process/grounding/factor/inf1_istrue_has_spouse/dump_weights
2016-05-30 23:32:35.084342 : ##############################################################################
2016-05-30 23:32:35.084362 
2016-05-30 23:32:35.084383 : ## process/grounding/factor/inf_imply_has_spouse_has_spouse/assign_weight_id #
2016-05-30 23:32:35.084403 : # Done: 2016-05-30T23:28:14-0700 (4m 18s ago)
2016-05-30 23:32:35.084422 : process/grounding/factor/inf_imply_has_spouse_has_spouse/assign_weight_id/run.sh
2016-05-30 23:32:35.084442 : mark_done process/grounding/factor/inf_imply_has_spouse_has_spouse/assign_weight_id
2016-05-30 23:32:35.084461 : ##############################################################################
2016-05-30 23:32:35.084481 
2016-05-30 23:32:35.084499 : ## process/grounding/factor/inf_imply_has_spouse_has_spouse/dump #############
2016-05-30 23:32:35.084518 : # Done: 2016-05-30T23:28:15-0700 (4m 18s ago)
2016-05-30 23:32:35.084537 : process/grounding/factor/inf_imply_has_spouse_has_spouse/dump/run.sh
2016-05-30 23:32:35.084557 : mark_done process/grounding/factor/inf_imply_has_spouse_has_spouse/dump
2016-05-30 23:32:35.084577 : ##############################################################################
2016-05-30 23:32:35.084598 
2016-05-30 23:32:35.084617 : ## process/grounding/factor/inf_imply_has_spouse_has_spouse/dump_weights #####
2016-05-30 23:32:35.084637 : # Done: 2016-05-30T23:28:15-0700 (4m 18s ago)
2016-05-30 23:32:35.084659 : process/grounding/factor/inf_imply_has_spouse_has_spouse/dump_weights/run.sh
2016-05-30 23:32:35.084679 : mark_done process/grounding/factor/inf_imply_has_spouse_has_spouse/dump_weights
2016-05-30 23:32:35.084700 : ##############################################################################
2016-05-30 23:32:35.084721 
2016-05-30 23:32:35.084741 : ## process/grounding/factor/inf_istrue_has_spouse/assign_weight_id ###########
2016-05-30 23:32:35.084762 : # Done: 2016-05-30T23:28:15-0700 (4m 18s ago)
2016-05-30 23:32:35.084784 : process/grounding/factor/inf_istrue_has_spouse/assign_weight_id/run.sh
2016-05-30 23:32:35.084804 : mark_done process/grounding/factor/inf_istrue_has_spouse/assign_weight_id
2016-05-30 23:32:35.084826 : ##############################################################################
2016-05-30 23:32:35.084846 
2016-05-30 23:32:35.084867 : ## process/grounding/factor/inf_istrue_has_spouse/dump #######################
2016-05-30 23:32:35.084888 : # Done: 2016-05-30T23:28:17-0700 (4m 16s ago)
2016-05-30 23:32:35.084908 : process/grounding/factor/inf_istrue_has_spouse/dump/run.sh
2016-05-30 23:32:35.084930 : mark_done process/grounding/factor/inf_istrue_has_spouse/dump
2016-05-30 23:32:35.084950 : ##############################################################################
2016-05-30 23:32:35.084971 
2016-05-30 23:32:35.084991 : ## process/grounding/factor/inf_istrue_has_spouse/dump_weights ###############
2016-05-30 23:32:35.085011 : # Done: 2016-05-30T23:28:17-0700 (4m 16s ago)
2016-05-30 23:32:35.085029 : process/grounding/factor/inf_istrue_has_spouse/dump_weights/run.sh
2016-05-30 23:32:35.085047 : mark_done process/grounding/factor/inf_istrue_has_spouse/dump_weights
2016-05-30 23:32:35.085065 : ##############################################################################
2016-05-30 23:32:35.085085 
2016-05-30 23:32:35.085104 : ## process/grounding/global_weight_table #####################################
2016-05-30 23:32:35.085124 : # Done: 2016-05-30T23:28:17-0700 (4m 16s ago)
2016-05-30 23:32:35.085143 : process/grounding/global_weight_table/run.sh
2016-05-30 23:32:35.085163 : mark_done process/grounding/global_weight_table
2016-05-30 23:32:35.085181 : ##############################################################################
2016-05-30 23:32:35.085201 
2016-05-30 23:32:35.085220 : ## process/grounding/variable_holdout ########################################
2016-05-30 23:32:35.085241 : # Done: 2016-05-30T23:28:18-0700 (4m 15s ago)
2016-05-30 23:32:35.085262 : process/grounding/variable_holdout/run.sh
2016-05-30 23:32:35.085282 : mark_done process/grounding/variable_holdout
2016-05-30 23:32:35.085302 : ##############################################################################
2016-05-30 23:32:35.085321 
2016-05-30 23:32:35.085341 : ## process/grounding/variable/has_spouse/dump ################################
2016-05-30 23:32:35.085359 : # Done: 2016-05-30T23:28:18-0700 (4m 15s ago)
2016-05-30 23:32:35.085378 : process/grounding/variable/has_spouse/dump/run.sh
2016-05-30 23:32:35.085397 : mark_done process/grounding/variable/has_spouse/dump
2016-05-30 23:32:35.085435 : ##############################################################################
2016-05-30 23:32:35.085477 
2016-05-30 23:32:35.085499 : ## process/grounding/combine_factorgraph #####################################
2016-05-30 23:32:35.085520 : # Done: 2016-05-30T23:28:18-0700 (4m 15s ago)
2016-05-30 23:32:35.085539 : process/grounding/combine_factorgraph/run.sh
2016-05-30 23:32:35.085558 : mark_done process/grounding/combine_factorgraph
2016-05-30 23:32:35.085577 : ##############################################################################
2016-05-30 23:32:35.085596 
2016-05-30 23:32:35.085614 : ## model/factorgraph #########################################################
2016-05-30 23:32:35.085634 : # Done: 2016-05-30T23:28:34-0700 (3m 59s ago)
2016-05-30 23:32:35.085653 : mark_done model/factorgraph
2016-05-30 23:32:35.085673 : ##############################################################################
2016-05-30 23:32:35.085693 
2016-05-30 23:32:35.085713 : ## process/model/learning ####################################################
2016-05-30 23:32:35.085732 : # Done: 2016-05-30T23:28:48-0700 (3m 45s ago)
2016-05-30 23:32:35.085751 : process/model/learning/run.sh
2016-05-30 23:32:35.085771 : mark_done process/model/learning
2016-05-30 23:32:35.085791 : ##############################################################################
2016-05-30 23:32:35.085810 
2016-05-30 23:32:35.085830 : ## model/weights #############################################################
2016-05-30 23:32:35.085849 : # Done: 2016-05-30T23:28:48-0700 (3m 45s ago)
2016-05-30 23:32:35.085868 : mark_done model/weights
2016-05-30 23:32:35.085887 : ##############################################################################
2016-05-30 23:32:35.085906 
2016-05-30 23:32:35.085925 : ## process/model/inference ###################################################
2016-05-30 23:32:35.085943 : # Done: 2016-05-30T23:29:55-0700 (2m 38s ago)
2016-05-30 23:32:35.085962 : process/model/inference/run.sh
2016-05-30 23:32:35.085986 : mark_done process/model/inference
2016-05-30 23:32:35.086006 : ##############################################################################
2016-05-30 23:32:35.086024 
2016-05-30 23:32:35.086043 : ## model/probabilities #######################################################
2016-05-30 23:32:35.086062 : # Done: 2016-05-30T23:29:55-0700 (2m 38s ago)
2016-05-30 23:32:35.086082 : mark_done model/probabilities
2016-05-30 23:32:35.086101 : ##############################################################################
2016-05-30 23:32:35.086120 
2016-05-30 23:32:35.086140 : ## process/model/load_probabilities ##########################################
2016-05-30 23:32:35.086161 : # Done: 2016-05-30T23:29:56-0700 (2m 37s ago)
2016-05-30 23:32:35.086181 : process/model/load_probabilities/run.sh
2016-05-30 23:32:35.086200 : mark_done process/model/load_probabilities
2016-05-30 23:32:35.086220 : ##############################################################################
2016-05-30 23:32:35.086240 
2016-05-30 23:32:35.086260 : ## data/model/probabilities ##################################################
2016-05-30 23:32:35.086279 : # Done: 2016-05-30T23:29:56-0700 (2m 37s ago)
2016-05-30 23:32:35.086297 : # no-op
2016-05-30 23:32:35.086314 : mark_done data/model/probabilities
2016-05-30 23:32:35.086332 : ##############################################################################
2016-05-30 23:32:35.086352 
2016-05-30 23:32:35.086373 ## process/model/calibration #################################################
2016-05-30 23:32:35.086393 : # Done: 2016-05-30T14:50:51-0700 (8h 41m 42s ago)
2016-05-30 23:32:35.086414 # Done: 2016-05-30T14:50:51-0700 (8h 41m 41s ago)
2016-05-30 23:32:35.086437 process/model/calibration/run.sh
2016-05-30 23:32:35.086456 ++ dirname process/model/calibration/run.sh
2016-05-30 23:32:35.086474 + cd process/model/calibration
2016-05-30 23:32:35.086493 + export DEEPDIVE_CURRENT_PROCESS_NAME=process/model/calibration
2016-05-30 23:32:35.086511 + DEEPDIVE_CURRENT_PROCESS_NAME=process/model/calibration
2016-05-30 23:32:35.086529 + d=../../../model/calibration-plots
2016-05-30 23:32:35.086546 + mkdir -p ../../../model/calibration-plots
2016-05-30 23:32:35.086564 + cd ../../../model/calibration-plots
2016-05-30 23:32:35.086581 + extraOutput=/Users/emerson/Documents/Github/deepdive/examples/coach_nba/run/20160530/233232.060383000/calibration
2016-05-30 23:32:35.086601 + mkdir -p /Users/emerson/Documents/Github/deepdive/examples/coach_nba/run/20160530/233232.060383000/calibration
2016-05-30 23:32:35.086619 + DEEPDIVE_CALIBRATION_NUM_BUCKETS=10
2016-05-30 23:32:35.086637 + deepdive db create_calibration_view has_spouse label
2016-05-30 23:32:35.245193 CREATE VIEW
2016-05-30 23:32:35.246604 + draw_calibration_plot has_spouse label
2016-05-30 23:32:35.673129 + cp -a has_spouse_label.png has_spouse_label.tsv /Users/emerson/Documents/Github/deepdive/examples/coach_nba/run/20160530/233232.060383000/calibration/
2016-05-30 23:32:35.704318 mark_done process/model/calibration
2016-05-30 23:32:35.738764 ##############################################################################
2016-05-30 23:32:35.738816 
2016-05-30 23:32:35.738836 ## model/calibration-plots ###################################################
2016-05-30 23:32:35.738858 : # Done: 2016-05-30T14:50:51-0700 (8h 41m 42s ago)
2016-05-30 23:32:35.738880 # Done: 2016-05-30T14:50:51-0700 (8h 41m 41s ago)
2016-05-30 23:32:35.738900 mark_done model/calibration-plots
2016-05-30 23:32:35.754832 ##############################################################################
2016-05-30 23:32:35.754900 
