2016-05-20 19:18:22.872706 # on dhcp-169-233-138-157.cruznet.ucsc.edu: deepdive do sentences
2016-05-20 19:18:22.872999 # run/20160520/191821.468431000/plan.sh
2016-05-20 19:18:22.873034 # execution plan for data/sentences
2016-05-20 19:18:22.873061 
2016-05-20 19:18:22.873081 : ## process/init/app ##########################################################
2016-05-20 19:18:22.873100 : # Done: 2016-05-20T15:47:44-0700 (3h 30m 37s ago)
2016-05-20 19:18:22.873119 : process/init/app/run.sh
2016-05-20 19:18:22.873140 : mark_done process/init/app
2016-05-20 19:18:22.873158 : ##############################################################################
2016-05-20 19:18:22.873177 
2016-05-20 19:18:22.873194 : ## process/init/relation/articles ############################################
2016-05-20 19:18:22.873213 : # Done: 2016-05-20T19:16:48-0700 (1m 33s ago)
2016-05-20 19:18:22.873233 : process/init/relation/articles/run.sh
2016-05-20 19:18:22.873254 : mark_done process/init/relation/articles
2016-05-20 19:18:22.873274 : ##############################################################################
2016-05-20 19:18:22.873294 
2016-05-20 19:18:22.873312 : ## data/articles #############################################################
2016-05-20 19:18:22.873330 : # Done: 2016-05-20T19:16:48-0700 (1m 33s ago)
2016-05-20 19:18:22.873349 : # no-op
2016-05-20 19:18:22.873369 : mark_done data/articles
2016-05-20 19:18:22.873389 : ##############################################################################
2016-05-20 19:18:22.873410 
2016-05-20 19:18:22.873429 ## process/ext_sentences_by_nlp_markup #######################################
2016-05-20 19:18:22.873446 # Done: 2016-05-20T18:04:33-0700 (1h 13m 48s ago)
2016-05-20 19:18:22.873505 process/ext_sentences_by_nlp_markup/run.sh
2016-05-20 19:18:22.873528 ++ dirname process/ext_sentences_by_nlp_markup/run.sh
2016-05-20 19:18:22.873548 + cd process/ext_sentences_by_nlp_markup
2016-05-20 19:18:22.873569 + export DEEPDIVE_CURRENT_PROCESS_NAME=process/ext_sentences_by_nlp_markup
2016-05-20 19:18:22.873591 + DEEPDIVE_CURRENT_PROCESS_NAME=process/ext_sentences_by_nlp_markup
2016-05-20 19:18:22.873611 + export DEEPDIVE_LOAD_FORMAT=tsv
2016-05-20 19:18:22.873630 + DEEPDIVE_LOAD_FORMAT=tsv
2016-05-20 19:18:22.873650 + deepdive compute execute 'input_sql= SELECT R0.id AS "articles.R0.id", R0.content AS "articles.R0.content"
2016-05-20 19:18:22.873711 FROM articles R0
2016-05-20 19:18:22.873734         
2016-05-20 19:18:22.873756           ' 'command="$DEEPDIVE_APP"/udf/nlp_markup.sh' output_relation=sentences
2016-05-20 19:18:22.917554 Executing with the following configuration:
2016-05-20 19:18:22.917615  DEEPDIVE_NUM_PROCESSES=3
2016-05-20 19:18:22.917641  DEEPDIVE_NUM_PARALLEL_UNLOADS=1
2016-05-20 19:18:22.917663  DEEPDIVE_NUM_PARALLEL_LOADS=1
2016-05-20 19:18:22.917748  output_relation_tmp=dd_tmp_sentences
2016-05-20 19:18:22.917778 
2016-05-20 19:18:23.105408 CREATE TABLE
2016-05-20 19:18:23.201370 CREATE TABLE
2016-05-20 19:18:23.380551 unloading to feed_processes-1: ' SELECT R0.id AS "articles.R0.id", R0.content AS "articles.R0.content"
2016-05-20 19:18:23.380611 FROM articles R0
2016-05-20 19:18:23.380633         
2016-05-20 19:18:23.380653           '
2016-05-20 19:18:23.428892 Loading dd_tmp_sentences from output_computed-1 (tsv format)
2016-05-20 19:18:24.762085 Parsing with max_len=100
2016-05-20 19:18:24.763751 Parsing with max_len=100
2016-05-20 19:18:24.765350 Parsing with max_len=100
2016-05-20 19:18:24.978548 Adding annotator tokenize
2016-05-20 19:18:24.985779 TokenizerAnnotator: No tokenizer type provided. Defaulting to PTBTokenizer.
2016-05-20 19:18:24.992098 Adding annotator cleanxml
2016-05-20 19:18:25.007176 Adding annotator tokenize
2016-05-20 19:18:25.012342 TokenizerAnnotator: No tokenizer type provided. Defaulting to PTBTokenizer.
2016-05-20 19:18:25.075878 Adding annotator tokenize
2016-05-20 19:18:25.078899 Adding annotator ssplit
2016-05-20 19:18:25.079386 Adding annotator cleanxml
2016-05-20 19:18:25.081655 TokenizerAnnotator: No tokenizer type provided. Defaulting to PTBTokenizer.
2016-05-20 19:18:25.094765 Adding annotator pos
2016-05-20 19:18:25.095752 Adding annotator cleanxml
2016-05-20 19:18:25.155601 Adding annotator ssplit
2016-05-20 19:18:25.155779 Adding annotator ssplit
2016-05-20 19:18:25.158263 Adding annotator pos
2016-05-20 19:18:25.159282 Adding annotator pos
2016-05-20 19:18:27.958489 Reading POS tagger model from edu/stanford/nlp/models/pos-tagger/english-left3words/english-left3words-distsim.tagger ... Reading POS tagger model from edu/stanford/nlp/models/pos-tagger/english-left3words/english-left3words-distsim.tagger ... Reading POS tagger model from edu/stanford/nlp/models/pos-tagger/english-left3words/english-left3words-distsim.tagger ... done [2.7 sec].
2016-05-20 19:18:27.959136 Adding annotator lemma
2016-05-20 19:18:27.960673 Adding annotator ner
2016-05-20 19:18:28.631118 Loading classifier from edu/stanford/nlp/models/ner/english.all.3class.distsim.crf.ser.gz ... done [3.4 sec].
2016-05-20 19:18:28.631350 Adding annotator lemma
2016-05-20 19:18:28.632417 Adding annotator ner
2016-05-20 19:18:28.679050 done [3.5 sec].
2016-05-20 19:18:28.679873 Adding annotator lemma
2016-05-20 19:18:28.681125 Adding annotator ner
2016-05-20 19:18:37.216394 Loading classifier from edu/stanford/nlp/models/ner/english.all.3class.distsim.crf.ser.gz ... Loading classifier from edu/stanford/nlp/models/ner/english.all.3class.distsim.crf.ser.gz ... done [9.0 sec].
2016-05-20 19:18:37.781116 Loading classifier from edu/stanford/nlp/models/ner/english.muc.7class.distsim.crf.ser.gz ... done [8.9 sec].
2016-05-20 19:18:37.883831 Loading classifier from edu/stanford/nlp/models/ner/english.muc.7class.distsim.crf.ser.gz ... done [9.0 sec].
2016-05-20 19:18:41.931641 Loading classifier from edu/stanford/nlp/models/ner/english.muc.7class.distsim.crf.ser.gz ... done [4.1 sec].
2016-05-20 19:18:43.793476 Loading classifier from edu/stanford/nlp/models/ner/english.conll.4class.distsim.crf.ser.gz ... done [6.6 sec].
2016-05-20 19:18:45.005464 Loading classifier from edu/stanford/nlp/models/ner/english.conll.4class.distsim.crf.ser.gz ... done [7.1 sec].
2016-05-20 19:18:49.224524 Loading classifier from edu/stanford/nlp/models/ner/english.conll.4class.distsim.crf.ser.gz ... done [5.4 sec].
2016-05-20 19:18:49.228040 sutime.binder.1.
2016-05-20 19:18:49.228113 Initializing JollyDayHoliday for sutime with classpath:edu/stanford/nlp/models/sutime/jollyday/Holidays_sutime.xml
2016-05-20 19:18:49.648165 done [7.7 sec].
2016-05-20 19:18:49.656719 sutime.binder.1.
2016-05-20 19:18:49.656807 Initializing JollyDayHoliday for sutime with classpath:edu/stanford/nlp/models/sutime/jollyday/Holidays_sutime.xml
2016-05-20 19:18:50.644269 Reading TokensRegex rules from edu/stanford/nlp/models/sutime/defs.sutime.txt
2016-05-20 19:18:50.696150 done [5.7 sec].
2016-05-20 19:18:50.700033 sutime.binder.1.
2016-05-20 19:18:50.700504 Initializing JollyDayHoliday for sutime with classpath:edu/stanford/nlp/models/sutime/jollyday/Holidays_sutime.xml
2016-05-20 19:18:51.028727 Reading TokensRegex rules from edu/stanford/nlp/models/sutime/defs.sutime.txt
2016-05-20 19:18:51.034080 Reading TokensRegex rules from edu/stanford/nlp/models/sutime/english.sutime.txt
2016-05-20 19:18:51.208812 Reading TokensRegex rules from edu/stanford/nlp/models/sutime/english.sutime.txt
2016-05-20 19:18:51.766659 May 20, 2016 7:18:51 PM edu.stanford.nlp.ling.tokensregex.CoreMapExpressionExtractor appendRules
2016-05-20 19:18:51.766748 信息: Ignoring inactive rule: null
2016-05-20 19:18:51.768343 May 20, 2016 7:18:51 PM edu.stanford.nlp.ling.tokensregex.CoreMapExpressionExtractor appendRules
2016-05-20 19:18:51.768418 信息: Ignoring inactive rule: temporal-composite-8:ranges
2016-05-20 19:18:51.769131 Reading TokensRegex rules from edu/stanford/nlp/models/sutime/english.holidays.sutime.txt
2016-05-20 19:18:51.781315 Adding annotator parse
2016-05-20 19:18:52.073840 Loading parser from serialized file edu/stanford/nlp/models/srparser/englishSR.ser.gz ...Reading TokensRegex rules from edu/stanford/nlp/models/sutime/defs.sutime.txt
2016-05-20 19:18:52.125707 May 20, 2016 7:18:52 PM edu.stanford.nlp.ling.tokensregex.CoreMapExpressionExtractor appendRules
2016-05-20 19:18:52.125787 信息: Ignoring inactive rule: null
2016-05-20 19:18:52.153500 May 20, 2016 7:18:52 PM edu.stanford.nlp.ling.tokensregex.CoreMapExpressionExtractor appendRules
2016-05-20 19:18:52.153576 信息: Ignoring inactive rule: temporal-composite-8:ranges
2016-05-20 19:18:52.154740 Reading TokensRegex rules from edu/stanford/nlp/models/sutime/english.holidays.sutime.txt
2016-05-20 19:18:52.166495 Adding annotator parse
2016-05-20 19:18:52.210080 Reading TokensRegex rules from edu/stanford/nlp/models/sutime/english.sutime.txt
2016-05-20 19:18:53.809995 Loading parser from serialized file edu/stanford/nlp/models/srparser/englishSR.ser.gz ...May 20, 2016 7:18:53 PM edu.stanford.nlp.ling.tokensregex.CoreMapExpressionExtractor appendRules
2016-05-20 19:18:53.810072 信息: Ignoring inactive rule: null
2016-05-20 19:18:53.811078 May 20, 2016 7:18:53 PM edu.stanford.nlp.ling.tokensregex.CoreMapExpressionExtractor appendRules
2016-05-20 19:18:53.811142 信息: Ignoring inactive rule: temporal-composite-8:ranges
2016-05-20 19:18:53.811368 Reading TokensRegex rules from edu/stanford/nlp/models/sutime/english.holidays.sutime.txt
2016-05-20 19:18:53.870088 Adding annotator parse
2016-05-20 19:19:40.489195 Loading parser from serialized file edu/stanford/nlp/models/srparser/englishSR.ser.gz ...done [46.6 sec].
2016-05-20 19:19:41.123335 Parsing document a19677ca-abb4-4744-b835-31696d3527cf...
2016-05-20 19:19:41.198779 done [49.0 sec].
2016-05-20 19:19:41.739625 Parsing document 00c3e9df-0d9d-4dc6-b98b-f88dfae8d81e...
2016-05-20 19:19:42.516291 done [50.7 sec].
2016-05-20 19:19:43.396967 Parsing document 10a055fb-3a26-4b7e-9c8a-3879ec8ad03a...
2016-05-20 19:19:52.040998 Parsing document ecdf95ec-4879-4efd-9c59-4bfe743ea806...
2016-05-20 19:19:55.571416 Parsing document 1d725fcb-ec9c-4477-87c5-2229925b4310...
2016-05-20 19:19:56.674850 Parsing document 75b1f2e3-4bce-439e-86fa-dc1397c840c6...
2016-05-20 19:19:57.712390 Parsing document 9fb1a267-bd4d-4c29-a1f3-5959a2c1ac64...
2016-05-20 19:19:58.457339 Parsing document eab5bdb2-547f-454e-ae21-5733df4da94c...
2016-05-20 19:19:59.278444 Parsing document 42f3c183-261e-4ee3-bd96-cf3c3da4aebf...
2016-05-20 19:20:00.500641 Parsing document 7ed7c59c-c0c7-4fe9-844d-f14d6c1a24f9...
2016-05-20 19:20:01.496694 Parsing document 2ee9d06d-5a57-4ad4-8966-4d111b18226f...
2016-05-20 19:20:01.559908 Parsing document 46e785cd-6c8f-4f9c-b303-84e1bbb325df...
2016-05-20 19:20:01.787937 Parsing document bfaaae58-88df-424f-b6cf-929fdaa9210b...
2016-05-20 19:20:01.921854 Parsing document c6579a17-7d65-443f-87c0-8e13bb0c256f...
2016-05-20 19:20:02.569564 Parsing document 3a01b85d-cf65-490e-8838-597dc4eeebcd...
2016-05-20 19:20:03.004303 Parsing document a0243e9e-3e4f-4290-bc2f-ecfa7a0f5690...
2016-05-20 19:20:04.080732 COPY 193
2016-05-20 19:20:04.095454 Replacing sentences with dd_tmp_sentences
2016-05-20 19:20:04.193724 DROP TABLE
2016-05-20 19:20:04.271356 ALTER TABLE
2016-05-20 19:20:04.353086 ALTER TABLE
2016-05-20 19:20:04.453156 DROP TABLE
2016-05-20 19:20:04.588273 ANALYZE
2016-05-20 19:20:04.598547 mark_done process/ext_sentences_by_nlp_markup
2016-05-20 19:20:04.619763 ##############################################################################
2016-05-20 19:20:04.619833 
2016-05-20 19:20:04.619904 ## data/sentences ############################################################
2016-05-20 19:20:04.619929 # Done: 2016-05-20T18:04:33-0700 (1h 13m 48s ago)
2016-05-20 19:20:04.619947 # no-op
2016-05-20 19:20:04.619966 mark_done data/sentences
2016-05-20 19:20:04.650498 ##############################################################################
2016-05-20 19:20:04.650548 
