2016-06-04 11:04:05.778559 ‘run/LATEST.COMPILE/110405.283975000’ -> ‘20160604/110405.283975000’
2016-06-04 11:04:05.779178 ‘run/RUNNING.COMPILE’ -> ‘20160604/110405.283975000’
2016-06-04 11:04:05.779219 Parsing DeepDive application (/Users/emerson/Documents/Github/deepdive/examples/coach_nba) to generate:
2016-06-04 11:04:05.779242  run/compiled/schema.json
2016-06-04 11:04:05.779263   from app.ddlog
2016-06-04 11:04:07.367060  run/compiled/deepdive.conf
2016-06-04 11:04:07.367340   from app.ddlog
2016-06-04 11:04:08.354295   from deepdive.conf
2016-06-04 11:04:08.363912  run/compiled/deepdive.conf.json
2016-06-04 11:04:08.823451 Performing sanity checks on run/compiled/deepdive.conf.json:
2016-06-04 11:04:08.906803  checking if input_extractors_well_defined
2016-06-04 11:04:08.906861  checking if input_schema_wellformed
2016-06-04 11:04:08.907177 Normalizing and adding built-in processes to the data flow to compile:
2016-06-04 11:04:08.907691  run/compiled/config-0.00-init_objects.json
2016-06-04 11:04:08.938368  run/compiled/config-0.01-parse_calibration.json
2016-06-04 11:04:08.966605  run/compiled/config-0.01-parse_schema.json
2016-06-04 11:04:09.011809  run/compiled/config-0.51-add_init_app.json
2016-06-04 11:04:09.042833  run/compiled/config-0.52-input_loader.json
2016-06-04 11:04:09.077190  run/compiled/config-1.00-qualified_names.json
2016-06-04 11:04:09.112751  run/compiled/config-1.01-parse_inference_rules.json
2016-06-04 11:04:09.156174  run/compiled/config-2.01-grounding.json
2016-06-04 11:04:09.258621  run/compiled/config-2.02-learning_inference.json
2016-06-04 11:04:09.292263  run/compiled/config-2.03-calibration_plots.json
2016-06-04 11:04:09.327535  run/compiled/config-9.98-ensure_init_app.json
2016-06-04 11:04:09.361221  run/compiled/config-9.99-dependencies.json
2016-06-04 11:04:09.395557  run/compiled/config.json
2016-06-04 11:04:09.399205 Validating run/compiled/config.json:
2016-06-04 11:04:09.523354  checking if compiled_base_relations_have_input_data
2016-06-04 11:04:09.523418  [WARNING] input/init.sh should load all base relations: articles spouses_dbpedia spouses_dbpedia_negative 
2016-06-04 11:04:09.523454  checking if compiled_dependencies_correct
2016-06-04 11:04:09.523477  checking if compiled_input_output_well_defined
2016-06-04 11:04:09.523498  checking if compiled_output_uniquely_defined
2016-06-04 11:04:09.523728 Compiling executable code into:
2016-06-04 11:04:09.524039  run/compiled/code-Makefile.json
2016-06-04 11:04:09.558335  run/compiled/code-cmd_extractor.json
2016-06-04 11:04:09.604371  run/compiled/code-dataflow_dot.json
2016-06-04 11:04:09.643591  run/compiled/code-sql_extractor.json
2016-06-04 11:04:09.677170  run/compiled/code-tsv_extractor.json
2016-06-04 11:04:09.737776 Generating files:
2016-06-04 11:04:09.779637  run/Makefile
2016-06-04 11:04:09.823674  run/process/init/app/run.sh
2016-06-04 11:04:09.844742  run/process/init/relation/articles/run.sh
2016-06-04 11:04:09.867175  run/process/init/relation/spouses_dbpedia/run.sh
2016-06-04 11:04:09.888064  run/process/init/relation/spouses_dbpedia_negative/run.sh
2016-06-04 11:04:09.922245  run/process/ext_has_spouse/run.sh
2016-06-04 11:04:09.943800  run/process/ext_num_people/run.sh
2016-06-04 11:04:09.970714  run/process/ext_num_team/run.sh
2016-06-04 11:04:09.996171  run/process/ext_spouse_candidate/run.sh
2016-06-04 11:04:10.021888  run/process/ext_spouse_label/run.sh
2016-06-04 11:04:10.050188  run/process/ext_spouse_label_resolved/run.sh
2016-06-04 11:04:10.086262  run/process/grounding/variable_id_partition/run.sh
2016-06-04 11:04:10.111854  run/process/grounding/variable/has_spouse/assign_id/run.sh
2016-06-04 11:04:10.142547  run/process/grounding/variable_holdout/run.sh
2016-06-04 11:04:10.165227  run/process/grounding/variable/has_spouse/dump/run.sh
2016-06-04 11:04:10.190003  run/process/grounding/factor/inf1_istrue_has_spouse/materialize/run.sh
2016-06-04 11:04:10.215927  run/process/grounding/factor/inf_imply_has_spouse_has_spouse/materialize/run.sh
2016-06-04 11:04:10.253010  run/process/grounding/factor/inf_istrue_has_spouse/materialize/run.sh
2016-06-04 11:04:10.277546  run/process/grounding/weight_id_partition/run.sh
2016-06-04 11:04:10.303482  run/process/grounding/global_weight_table/run.sh
2016-06-04 11:04:10.329176  run/process/grounding/factor/inf1_istrue_has_spouse/assign_weight_id/run.sh
2016-06-04 11:04:10.362244  run/process/grounding/factor/inf_imply_has_spouse_has_spouse/assign_weight_id/run.sh
2016-06-04 11:04:10.391427  run/process/grounding/factor/inf_istrue_has_spouse/assign_weight_id/run.sh
2016-06-04 11:04:10.418770  run/process/grounding/factor/inf1_istrue_has_spouse/dump/run.sh
2016-06-04 11:04:10.449497  run/process/grounding/factor/inf_imply_has_spouse_has_spouse/dump/run.sh
2016-06-04 11:04:10.476858  run/process/grounding/factor/inf_istrue_has_spouse/dump/run.sh
2016-06-04 11:04:10.503878  run/process/grounding/factor/inf1_istrue_has_spouse/dump_weights/run.sh
2016-06-04 11:04:10.537768  run/process/grounding/factor/inf_imply_has_spouse_has_spouse/dump_weights/run.sh
2016-06-04 11:04:10.562827  run/process/grounding/factor/inf_istrue_has_spouse/dump_weights/run.sh
2016-06-04 11:04:10.590712  run/process/grounding/combine_factorgraph/run.sh
2016-06-04 11:04:10.617439  run/process/model/learning/run.sh
2016-06-04 11:04:10.650132  run/process/model/inference/run.sh
2016-06-04 11:04:10.683561  run/process/model/load_weights/run.sh
2016-06-04 11:04:10.715640  run/process/model/load_probabilities/run.sh
2016-06-04 11:04:10.751415  run/process/model/calibration/run.sh
2016-06-04 11:04:10.777649  run/dataflow.dot
2016-06-04 11:04:10.802112  run/process/ext_person_mention_by_map_person_mention/run.sh
2016-06-04 11:04:10.827184  run/process/ext_sentences_by_nlp_markup/run.sh
2016-06-04 11:04:10.852528  run/process/ext_spouse_feature_by_extract_spouse_features/run.sh
2016-06-04 11:04:10.891071  run/process/ext_spouse_label__0_by_supervise/run.sh
2016-06-04 11:04:10.914336  run/process/ext_team_mention_by_map_team_mention/run.sh
2016-06-04 11:04:11.087566 Warning: Could not load "/Users/emerson/local/lib/bundled/graphviz/prefix/bin/../lib/graphviz/libgvplugin_pango.6.dylib" - file not found
2016-06-04 11:04:11.167342  run/dataflow.svg
2016-06-04 11:04:11.168312   (file:///Users/emerson/Documents/Github/deepdive/examples/coach_nba/run/dataflow.svg)
2016-06-04 11:04:11.171821 mv: cannot move ‘run/compiled’ to ‘run/compiled~’: Directory not empty
