2016-05-21 12:54:23.058878 # on dhcp-169-233-138-157.cruznet.ucsc.edu: deepdive do has_spouse
2016-05-21 12:54:23.059207 # run/20160521/125419.958370000/plan.sh
2016-05-21 12:54:23.059237 # execution plan for data/has_spouse
2016-05-21 12:54:23.059258 
2016-05-21 12:54:23.059279 : ## process/init/app ##########################################################
2016-05-21 12:54:23.059297 : # Done: 2016-05-20T15:47:44-0700 (21h 6m 36s ago)
2016-05-21 12:54:23.059314 : process/init/app/run.sh
2016-05-21 12:54:23.059334 : mark_done process/init/app
2016-05-21 12:54:23.059355 : ##############################################################################
2016-05-21 12:54:23.059374 
2016-05-21 12:54:23.059391 : ## process/init/relation/articles ############################################
2016-05-21 12:54:23.059409 : # Done: 2016-05-20T19:16:48-0700 (17h 37m 32s ago)
2016-05-21 12:54:23.059426 : process/init/relation/articles/run.sh
2016-05-21 12:54:23.059446 : mark_done process/init/relation/articles
2016-05-21 12:54:23.059464 : ##############################################################################
2016-05-21 12:54:23.059482 
2016-05-21 12:54:23.059499 : ## data/articles #############################################################
2016-05-21 12:54:23.059518 : # Done: 2016-05-20T19:16:48-0700 (17h 37m 32s ago)
2016-05-21 12:54:23.059536 : # no-op
2016-05-21 12:54:23.059554 : mark_done data/articles
2016-05-21 12:54:23.059572 : ##############################################################################
2016-05-21 12:54:23.059589 
2016-05-21 12:54:23.059607 : ## process/ext_sentences_by_nlp_markup #######################################
2016-05-21 12:54:23.059624 : # Done: 2016-05-20T19:20:04-0700 (17h 34m 16s ago)
2016-05-21 12:54:23.059641 : process/ext_sentences_by_nlp_markup/run.sh
2016-05-21 12:54:23.059661 : mark_done process/ext_sentences_by_nlp_markup
2016-05-21 12:54:23.059680 : ##############################################################################
2016-05-21 12:54:23.059699 
2016-05-21 12:54:23.059718 : ## data/sentences ############################################################
2016-05-21 12:54:23.059737 : # Done: 2016-05-20T19:20:04-0700 (17h 34m 16s ago)
2016-05-21 12:54:23.059756 : # no-op
2016-05-21 12:54:23.059775 : mark_done data/sentences
2016-05-21 12:54:23.059795 : ##############################################################################
2016-05-21 12:54:23.059814 
2016-05-21 12:54:23.059833 : ## process/ext_person_mention_by_map_person_mention ##########################
2016-05-21 12:54:23.059852 : # Done: 2016-05-20T20:58:22-0700 (15h 55m 58s ago)
2016-05-21 12:54:23.059871 : process/ext_person_mention_by_map_person_mention/run.sh
2016-05-21 12:54:23.059890 : mark_done process/ext_person_mention_by_map_person_mention
2016-05-21 12:54:23.059909 : ##############################################################################
2016-05-21 12:54:23.059928 
2016-05-21 12:54:23.059948 : ## data/person_mention #######################################################
2016-05-21 12:54:23.059971 : # Done: 2016-05-20T20:58:22-0700 (15h 55m 58s ago)
2016-05-21 12:54:23.059992 : # no-op
2016-05-21 12:54:23.060014 : mark_done data/person_mention
2016-05-21 12:54:23.060035 : ##############################################################################
2016-05-21 12:54:23.060058 
2016-05-21 12:54:23.060082 : ## process/ext_num_people ####################################################
2016-05-21 12:54:23.060105 : # Done: 2016-05-20T21:35:41-0700 (15h 18m 39s ago)
2016-05-21 12:54:23.060129 : process/ext_num_people/run.sh
2016-05-21 12:54:23.060150 : mark_done process/ext_num_people
2016-05-21 12:54:23.060173 : ##############################################################################
2016-05-21 12:54:23.060197 
2016-05-21 12:54:23.060221 : ## data/num_people ###########################################################
2016-05-21 12:54:23.060246 : # Done: 2016-05-20T21:35:41-0700 (15h 18m 39s ago)
2016-05-21 12:54:23.060270 : # no-op
2016-05-21 12:54:23.060293 : mark_done data/num_people
2016-05-21 12:54:23.060314 : ##############################################################################
2016-05-21 12:54:23.060333 
2016-05-21 12:54:23.060353 : ## process/ext_team_mention_by_map_team_mention ##############################
2016-05-21 12:54:23.060373 : # Done: 2016-05-20T21:23:06-0700 (15h 31m 14s ago)
2016-05-21 12:54:23.060393 : process/ext_team_mention_by_map_team_mention/run.sh
2016-05-21 12:54:23.060411 : mark_done process/ext_team_mention_by_map_team_mention
2016-05-21 12:54:23.060431 : ##############################################################################
2016-05-21 12:54:23.060451 
2016-05-21 12:54:23.060469 : ## data/team_mention #########################################################
2016-05-21 12:54:23.060488 : # Done: 2016-05-20T22:05:04-0700 (14h 49m 16s ago)
2016-05-21 12:54:23.060506 : # no-op
2016-05-21 12:54:23.060525 : mark_done data/team_mention
2016-05-21 12:54:23.060544 : ##############################################################################
2016-05-21 12:54:23.060564 
2016-05-21 12:54:23.060584 : ## process/ext_spouse_candidate ##############################################
2016-05-21 12:54:23.060604 : # Done: 2016-05-20T22:17:52-0700 (14h 36m 28s ago)
2016-05-21 12:54:23.060623 : process/ext_spouse_candidate/run.sh
2016-05-21 12:54:23.060642 : mark_done process/ext_spouse_candidate
2016-05-21 12:54:23.060661 : ##############################################################################
2016-05-21 12:54:23.060680 
2016-05-21 12:54:23.060699 : ## data/spouse_candidate #####################################################
2016-05-21 12:54:23.060717 : # Done: 2016-05-20T22:17:52-0700 (14h 36m 29s ago)
2016-05-21 12:54:23.060737 : # no-op
2016-05-21 12:54:23.060756 : mark_done data/spouse_candidate
2016-05-21 12:54:23.060775 : ##############################################################################
2016-05-21 12:54:23.060794 
2016-05-21 12:54:23.060814 : ## process/ext_spouse_label__0_by_supervise ##################################
2016-05-21 12:54:23.060873 : # Done: 2016-05-20T22:17:53-0700 (14h 36m 28s ago)
2016-05-21 12:54:23.060906 : process/ext_spouse_label__0_by_supervise/run.sh
2016-05-21 12:54:23.060927 : mark_done process/ext_spouse_label__0_by_supervise
2016-05-21 12:54:23.060946 : ##############################################################################
2016-05-21 12:54:23.060965 
2016-05-21 12:54:23.060984 : ## data/spouse_label__0 ######################################################
2016-05-21 12:54:23.061005 : # Done: 2016-05-20T22:17:53-0700 (14h 36m 28s ago)
2016-05-21 12:54:23.061026 : # no-op
2016-05-21 12:54:23.061048 : mark_done data/spouse_label__0
2016-05-21 12:54:23.061071 : ##############################################################################
2016-05-21 12:54:23.061094 
2016-05-21 12:54:23.061115 : ## process/init/relation/spouses_dbpedia #####################################
2016-05-21 12:54:23.061147 : # Done: 2016-05-21T12:09:26-0700 (44m 55s ago)
2016-05-21 12:54:23.061178 : process/init/relation/spouses_dbpedia/run.sh
2016-05-21 12:54:23.061201 : mark_done process/init/relation/spouses_dbpedia
2016-05-21 12:54:23.061221 : ##############################################################################
2016-05-21 12:54:23.061243 
2016-05-21 12:54:23.061264 : ## data/spouses_dbpedia ######################################################
2016-05-21 12:54:23.061287 : # Done: 2016-05-21T12:09:26-0700 (44m 55s ago)
2016-05-21 12:54:23.061309 : # no-op
2016-05-21 12:54:23.061329 : mark_done data/spouses_dbpedia
2016-05-21 12:54:23.061350 : ##############################################################################
2016-05-21 12:54:23.061371 
2016-05-21 12:54:23.061392 ## process/ext_spouse_label ##################################################
2016-05-21 12:54:23.061415 : # Done: 2016-05-20T22:17:55-0700 (14h 36m 26s ago)
2016-05-21 12:54:23.061437 # Done: 2016-05-20T22:17:55-0700 (14h 36m 25s ago)
2016-05-21 12:54:23.061460 process/ext_spouse_label/run.sh
2016-05-21 12:54:23.061485 ++ dirname process/ext_spouse_label/run.sh
2016-05-21 12:54:23.061507 + cd process/ext_spouse_label
2016-05-21 12:54:23.061527 + export DEEPDIVE_CURRENT_PROCESS_NAME=process/ext_spouse_label
2016-05-21 12:54:23.061547 + DEEPDIVE_CURRENT_PROCESS_NAME=process/ext_spouse_label
2016-05-21 12:54:23.061567 + deepdive create table spouse_label
2016-05-21 12:54:23.220489 CREATE TABLE
2016-05-21 12:54:23.221958 + deepdive sql 'INSERT INTO spouse_label SELECT R0.p_id AS "spouse_candidate.R0.p_id", R0.t_id AS "spouse_candidate.R0.t_id", 0 AS column_2, NULL AS column_3
2016-05-21 12:54:23.222012 FROM spouse_candidate R0
2016-05-21 12:54:23.222036         
2016-05-21 12:54:23.222057 UNION ALL
2016-05-21 12:54:23.222080 SELECT R0.p_id AS "spouse_candidate.R0.p_id", R0.t_id AS "spouse_candidate.R0.t_id", 1 AS column_2, '\''from_dbpedia'\'' AS column_3
2016-05-21 12:54:23.222127 FROM spouse_candidate R0, spouses_dbpedia R1
2016-05-21 12:54:23.222153         WHERE ((lower(R1.p) = lower(R0.p_name) AND lower(R1.t) = lower(R0.p_name)) OR (lower(R1.t) = lower(R0.t_name) AND lower(R1.p) = lower(R0.t_name)))
2016-05-21 12:54:23.222173 UNION ALL
2016-05-21 12:54:23.222194 SELECT R0.p_id AS "spouse_label__0.R0.p_id", R0.t_id AS "spouse_label__0.R0.t_id", R0.label AS "spouse_label__0.R0.label", R0.rule_id AS "spouse_label__0.R0.rule_id"
2016-05-21 12:54:23.222215 FROM spouse_label__0 R0
2016-05-21 12:54:23.222234         '
2016-05-21 12:54:23.316861 ERROR:  column r1.p does not exist
2016-05-21 12:54:23.316947 LINE 7:         WHERE ((lower(R1.p) = lower(R0.p_name) AND lower(R1....
2016-05-21 12:54:23.316978                               ^
