2016-05-20 21:35:40.303649 # on dhcp-169-233-138-157.cruznet.ucsc.edu: deepdive do spouse_candidate
2016-05-20 21:35:40.304061 # run/20160520/213536.914771000/plan.sh
2016-05-20 21:35:40.304096 # execution plan for data/spouse_candidate
2016-05-20 21:35:40.304120 
2016-05-20 21:35:40.304162 : ## process/init/app ##########################################################
2016-05-20 21:35:40.304183 : # Done: 2016-05-20T15:47:44-0700 (5h 47m 53s ago)
2016-05-20 21:35:40.304203 : process/init/app/run.sh
2016-05-20 21:35:40.304311 : mark_done process/init/app
2016-05-20 21:35:40.304347 : ##############################################################################
2016-05-20 21:35:40.304371 
2016-05-20 21:35:40.304393 : ## process/init/relation/articles ############################################
2016-05-20 21:35:40.304414 : # Done: 2016-05-20T19:16:48-0700 (2h 18m 49s ago)
2016-05-20 21:35:40.304458 : process/init/relation/articles/run.sh
2016-05-20 21:35:40.304501 : mark_done process/init/relation/articles
2016-05-20 21:35:40.304571 : ##############################################################################
2016-05-20 21:35:40.304594 
2016-05-20 21:35:40.304614 : ## data/articles #############################################################
2016-05-20 21:35:40.304632 : # Done: 2016-05-20T19:16:48-0700 (2h 18m 49s ago)
2016-05-20 21:35:40.305434 : # no-op
2016-05-20 21:35:40.305503 : mark_done data/articles
2016-05-20 21:35:40.305534 : ##############################################################################
2016-05-20 21:35:40.305556 
2016-05-20 21:35:40.305578 : ## process/ext_sentences_by_nlp_markup #######################################
2016-05-20 21:35:40.305599 : # Done: 2016-05-20T19:20:04-0700 (2h 15m 33s ago)
2016-05-20 21:35:40.305620 : process/ext_sentences_by_nlp_markup/run.sh
2016-05-20 21:35:40.305640 : mark_done process/ext_sentences_by_nlp_markup
2016-05-20 21:35:40.305662 : ##############################################################################
2016-05-20 21:35:40.305682 
2016-05-20 21:35:40.305703 : ## data/sentences ############################################################
2016-05-20 21:35:40.305724 : # Done: 2016-05-20T19:20:04-0700 (2h 15m 33s ago)
2016-05-20 21:35:40.305745 : # no-op
2016-05-20 21:35:40.305765 : mark_done data/sentences
2016-05-20 21:35:40.305786 : ##############################################################################
2016-05-20 21:35:40.305807 
2016-05-20 21:35:40.305827 : ## process/ext_person_mention_by_map_person_mention ##########################
2016-05-20 21:35:40.305848 : # Done: 2016-05-20T20:58:22-0700 (37m 15s ago)
2016-05-20 21:35:40.305869 : process/ext_person_mention_by_map_person_mention/run.sh
2016-05-20 21:35:40.305889 : mark_done process/ext_person_mention_by_map_person_mention
2016-05-20 21:35:40.305909 : ##############################################################################
2016-05-20 21:35:40.305931 
2016-05-20 21:35:40.305951 : ## data/person_mention #######################################################
2016-05-20 21:35:40.305972 : # Done: 2016-05-20T20:58:22-0700 (37m 15s ago)
2016-05-20 21:35:40.305992 : # no-op
2016-05-20 21:35:40.306013 : mark_done data/person_mention
2016-05-20 21:35:40.306033 : ##############################################################################
2016-05-20 21:35:40.306054 
2016-05-20 21:35:40.306074 ## process/ext_num_people ####################################################
2016-05-20 21:35:40.306095 : # Done: 2016-05-20T15:54:01-0700 (5h 41m 36s ago)
2016-05-20 21:35:40.306116 # Done: 2016-05-20T15:54:01-0700 (5h 41m 35s ago)
2016-05-20 21:35:40.306136 process/ext_num_people/run.sh
2016-05-20 21:35:40.306157 ++ dirname process/ext_num_people/run.sh
2016-05-20 21:35:40.306177 + cd process/ext_num_people
2016-05-20 21:35:40.306197 + export DEEPDIVE_CURRENT_PROCESS_NAME=process/ext_num_people
2016-05-20 21:35:40.306218 + DEEPDIVE_CURRENT_PROCESS_NAME=process/ext_num_people
2016-05-20 21:35:40.306239 + deepdive create view num_people as 'SELECT R0.doc_id AS column_0, R0.sentence_index AS column_1, COUNT(R0.mention_id) AS column_2
2016-05-20 21:35:40.306261 FROM person_mention R0
2016-05-20 21:35:40.306281         
2016-05-20 21:35:40.306301         GROUP BY R0.doc_id, R0.sentence_index'
2016-05-20 21:35:41.474153 CREATE VIEW
2016-05-20 21:35:41.475469 mark_done process/ext_num_people
2016-05-20 21:35:41.491980 ##############################################################################
2016-05-20 21:35:41.492038 
2016-05-20 21:35:41.492058 ## data/num_people ###########################################################
2016-05-20 21:35:41.492079 # Done: 2016-05-20T15:54:01-0700 (5h 41m 36s ago)
2016-05-20 21:35:41.492099 # no-op
2016-05-20 21:35:41.492138 mark_done data/num_people
2016-05-20 21:35:41.507630 ##############################################################################
2016-05-20 21:35:41.507687 
2016-05-20 21:35:41.507708 : ## process/ext_team_mention_by_map_team_mention ##############################
2016-05-20 21:35:41.507729 : # Done: 2016-05-20T21:23:06-0700 (12m 31s ago)
2016-05-20 21:35:41.507750 : process/ext_team_mention_by_map_team_mention/run.sh
2016-05-20 21:35:41.507770 : mark_done process/ext_team_mention_by_map_team_mention
2016-05-20 21:35:41.507790 : ##############################################################################
2016-05-20 21:35:41.507813 
2016-05-20 21:35:41.507834 : ## data/team_mention #########################################################
2016-05-20 21:35:41.507854 : # Done: 2016-05-20T21:23:06-0700 (12m 31s ago)
2016-05-20 21:35:41.507872 : # no-op
2016-05-20 21:35:41.507891 : mark_done data/team_mention
2016-05-20 21:35:41.507937 : ##############################################################################
2016-05-20 21:35:41.507961 
2016-05-20 21:35:41.507982 ## process/ext_spouse_candidate ##############################################
2016-05-20 21:35:41.508002 # Done: 2016-05-20T15:54:01-0700 (5h 41m 36s ago)
2016-05-20 21:35:41.508021 process/ext_spouse_candidate/run.sh
2016-05-20 21:35:41.518398 ++ dirname process/ext_spouse_candidate/run.sh
2016-05-20 21:35:41.522984 + cd process/ext_spouse_candidate
2016-05-20 21:35:41.523076 + export DEEPDIVE_CURRENT_PROCESS_NAME=process/ext_spouse_candidate
2016-05-20 21:35:41.523107 + DEEPDIVE_CURRENT_PROCESS_NAME=process/ext_spouse_candidate
2016-05-20 21:35:41.523128 + deepdive create table spouse_candidate
2016-05-20 21:35:41.691827 CREATE TABLE
2016-05-20 21:35:41.693360 + deepdive sql 'INSERT INTO spouse_candidate SELECT R1.mention_id AS "person_mention.R1.mention_id", R1.mention_text AS "person_mention.R1.mention_text", R2.team_id AS "team_mention.R2.team_id", R2.team_text AS "team_mention.R2.team_text"
2016-05-20 21:35:41.693468 FROM num_people R0, person_mention R1, team_mention R2
2016-05-20 21:35:41.693549         WHERE R1.doc_id = R0.column_0  AND R1.sentence_index = R0.column_1  AND R2.doc_id = R0.column_0  AND R2.sentence_index = R0.column_1  AND R0.column_2 < 3'
2016-05-20 21:35:41.807633 INSERT 0 103
2016-05-20 21:35:41.809390 mark_done process/ext_spouse_candidate
2016-05-20 21:35:41.825900 ##############################################################################
2016-05-20 21:35:41.825962 
2016-05-20 21:35:41.825983 ## data/spouse_candidate #####################################################
2016-05-20 21:35:41.826004 # Done: 2016-05-20T15:54:01-0700 (5h 41m 36s ago)
2016-05-20 21:35:41.826024 # no-op
2016-05-20 21:35:41.826072 mark_done data/spouse_candidate
2016-05-20 21:35:41.841317 ##############################################################################
2016-05-20 21:35:41.841394 
