2016-06-02 22:40:35.527390 # on dhcp-169-233-187-63.cruznet.ucsc.edu: deepdive do has_spouse
2016-06-02 22:40:35.528167 # run/20160602/224033.607668000/plan.sh
2016-06-02 22:40:35.528213 # execution plan for data/has_spouse
2016-06-02 22:40:35.528235 
2016-06-02 22:40:35.528283 : ## process/init/app ##########################################################
2016-06-02 22:40:35.528329 : # Done: 2016-05-22T17:21:25-0700 (11d 5h 19m 8s ago)
2016-06-02 22:40:35.528392 : process/init/app/run.sh
2016-06-02 22:40:35.528584 : mark_done process/init/app
2016-06-02 22:40:35.528730 : ##############################################################################
2016-06-02 22:40:35.528791 
2016-06-02 22:40:35.528853 : ## process/init/relation/articles ############################################
2016-06-02 22:40:35.528896 : # Done: 2016-05-23T12:16:43-0700 (10d 10h 23m 50s ago)
2016-06-02 22:40:35.528937 : process/init/relation/articles/run.sh
2016-06-02 22:40:35.528982 : mark_done process/init/relation/articles
2016-06-02 22:40:35.529038 : ##############################################################################
2016-06-02 22:40:35.529087 
2016-06-02 22:40:35.529134 : ## data/articles #############################################################
2016-06-02 22:40:35.529167 : # Done: 2016-05-23T12:16:43-0700 (10d 10h 23m 50s ago)
2016-06-02 22:40:35.529198 : # no-op
2016-06-02 22:40:35.529244 : mark_done data/articles
2016-06-02 22:40:35.529271 : ##############################################################################
2016-06-02 22:40:35.529309 
2016-06-02 22:40:35.529331 : ## process/ext_sentences_by_nlp_markup #######################################
2016-06-02 22:40:35.529360 : # Done: 2016-05-23T15:05:01-0700 (10d 7h 35m 32s ago)
2016-06-02 22:40:35.529387 : process/ext_sentences_by_nlp_markup/run.sh
2016-06-02 22:40:35.529425 : mark_done process/ext_sentences_by_nlp_markup
2016-06-02 22:40:35.529479 : ##############################################################################
2016-06-02 22:40:35.529508 
2016-06-02 22:40:35.529553 : ## data/sentences ############################################################
2016-06-02 22:40:35.529601 : # Done: 2016-05-23T15:05:01-0700 (10d 7h 35m 32s ago)
2016-06-02 22:40:35.529649 : # no-op
2016-06-02 22:40:35.529695 : mark_done data/sentences
2016-06-02 22:40:35.529718 : ##############################################################################
2016-06-02 22:40:35.529756 
2016-06-02 22:40:35.529803 : ## process/ext_person_mention_by_map_person_mention ##########################
2016-06-02 22:40:35.529892 : # Done: 2016-05-23T15:05:52-0700 (10d 7h 34m 41s ago)
2016-06-02 22:40:35.530078 : process/ext_person_mention_by_map_person_mention/run.sh
2016-06-02 22:40:35.530198 : mark_done process/ext_person_mention_by_map_person_mention
2016-06-02 22:40:35.530359 : ##############################################################################
2016-06-02 22:40:35.530475 
2016-06-02 22:40:35.530625 : ## data/person_mention #######################################################
2016-06-02 22:40:35.530690 : # Done: 2016-05-23T15:05:52-0700 (10d 7h 34m 41s ago)
2016-06-02 22:40:35.530736 : # no-op
2016-06-02 22:40:35.530823 : mark_done data/person_mention
2016-06-02 22:40:35.530921 : ##############################################################################
2016-06-02 22:40:35.531020 
2016-06-02 22:40:35.531108 : ## process/ext_num_people ####################################################
2016-06-02 22:40:35.531200 : # Done: 2016-05-23T15:06:46-0700 (10d 7h 33m 47s ago)
2016-06-02 22:40:35.531285 : process/ext_num_people/run.sh
2016-06-02 22:40:35.531380 : mark_done process/ext_num_people
2016-06-02 22:40:35.531507 : ##############################################################################
2016-06-02 22:40:35.531618 
2016-06-02 22:40:35.531708 : ## data/num_people ###########################################################
2016-06-02 22:40:35.531795 : # Done: 2016-05-23T15:06:46-0700 (10d 7h 33m 47s ago)
2016-06-02 22:40:35.531888 : # no-op
2016-06-02 22:40:35.531995 : mark_done data/num_people
2016-06-02 22:40:35.532106 : ##############################################################################
2016-06-02 22:40:35.532230 
2016-06-02 22:40:35.532824 : ## process/ext_team_mention_by_map_team_mention ##############################
2016-06-02 22:40:35.533583 : # Done: 2016-05-23T15:06:19-0700 (10d 7h 34m 14s ago)
2016-06-02 22:40:35.533927 : process/ext_team_mention_by_map_team_mention/run.sh
2016-06-02 22:40:35.534110 : mark_done process/ext_team_mention_by_map_team_mention
2016-06-02 22:40:35.534306 : ##############################################################################
2016-06-02 22:40:35.534536 
2016-06-02 22:40:35.534829 : ## data/team_mention #########################################################
2016-06-02 22:40:35.534948 : # Done: 2016-05-23T15:06:19-0700 (10d 7h 34m 15s ago)
2016-06-02 22:40:35.535157 : # no-op
2016-06-02 22:40:35.535350 : mark_done data/team_mention
2016-06-02 22:40:35.535482 : ##############################################################################
2016-06-02 22:40:35.535736 
2016-06-02 22:40:35.535840 : ## process/ext_spouse_candidate ##############################################
2016-06-02 22:40:35.535927 : # Done: 2016-05-23T15:07:38-0700 (10d 7h 32m 56s ago)
2016-06-02 22:40:35.536083 : process/ext_spouse_candidate/run.sh
2016-06-02 22:40:35.536148 : mark_done process/ext_spouse_candidate
2016-06-02 22:40:35.536257 : ##############################################################################
2016-06-02 22:40:35.536322 
2016-06-02 22:40:35.536416 : ## data/spouse_candidate #####################################################
2016-06-02 22:40:35.536502 : # Done: 2016-05-23T15:07:38-0700 (10d 7h 32m 56s ago)
2016-06-02 22:40:35.536596 : # no-op
2016-06-02 22:40:35.536677 : mark_done data/spouse_candidate
2016-06-02 22:40:35.536797 : ##############################################################################
2016-06-02 22:40:35.536984 
2016-06-02 22:40:35.537088 : ## process/ext_spouse_label__0_by_supervise ##################################
2016-06-02 22:40:35.537248 : # Done: 2016-05-23T15:08:48-0700 (10d 7h 31m 46s ago)
2016-06-02 22:40:35.537371 : process/ext_spouse_label__0_by_supervise/run.sh
2016-06-02 22:40:35.537463 : mark_done process/ext_spouse_label__0_by_supervise
2016-06-02 22:40:35.537550 : ##############################################################################
2016-06-02 22:40:35.537684 
2016-06-02 22:40:35.537784 : ## data/spouse_label__0 ######################################################
2016-06-02 22:40:35.537915 : # Done: 2016-05-23T15:08:48-0700 (10d 7h 31m 46s ago)
2016-06-02 22:40:35.538021 : # no-op
2016-06-02 22:40:35.538104 : mark_done data/spouse_label__0
2016-06-02 22:40:35.538227 : ##############################################################################
2016-06-02 22:40:35.538295 
2016-06-02 22:40:35.538341 : ## process/init/relation/spouses_dbpedia #####################################
2016-06-02 22:40:35.538374 : # Done: 2016-06-02T22:27:40-0700 (12m 54s ago)
2016-06-02 22:40:35.538411 : process/init/relation/spouses_dbpedia/run.sh
2016-06-02 22:40:35.538477 : mark_done process/init/relation/spouses_dbpedia
2016-06-02 22:40:35.538938 : ##############################################################################
2016-06-02 22:40:35.538987 
2016-06-02 22:40:35.539076 : ## data/spouses_dbpedia ######################################################
2016-06-02 22:40:35.539152 : # Done: 2016-06-02T22:27:40-0700 (12m 54s ago)
2016-06-02 22:40:35.539194 : # no-op
2016-06-02 22:40:35.539234 : mark_done data/spouses_dbpedia
2016-06-02 22:40:35.539266 : ##############################################################################
2016-06-02 22:40:35.539307 
2016-06-02 22:40:35.539333 : ## process/ext_spouse_label ##################################################
2016-06-02 22:40:35.539357 : # Done: 2016-06-02T22:28:10-0700 (12m 24s ago)
2016-06-02 22:40:35.539380 : process/ext_spouse_label/run.sh
2016-06-02 22:40:35.539414 : mark_done process/ext_spouse_label
2016-06-02 22:40:35.539438 : ##############################################################################
2016-06-02 22:40:35.539475 
2016-06-02 22:40:35.539500 : ## data/spouse_label #########################################################
2016-06-02 22:40:35.539534 : # Done: 2016-06-02T22:28:10-0700 (12m 24s ago)
2016-06-02 22:40:35.539557 : # no-op
2016-06-02 22:40:35.539597 : mark_done data/spouse_label
2016-06-02 22:40:35.539725 : ##############################################################################
2016-06-02 22:40:35.539836 
2016-06-02 22:40:35.539866 : ## process/ext_spouse_label_resolved #########################################
2016-06-02 22:40:35.539889 : # Done: 2016-06-02T22:28:10-0700 (12m 24s ago)
2016-06-02 22:40:35.539912 : process/ext_spouse_label_resolved/run.sh
2016-06-02 22:40:35.539933 : mark_done process/ext_spouse_label_resolved
2016-06-02 22:40:35.539954 : ##############################################################################
2016-06-02 22:40:35.540003 
2016-06-02 22:40:35.540029 : ## data/spouse_label_resolved ################################################
2016-06-02 22:40:35.540051 : # Done: 2016-06-02T22:28:10-0700 (12m 24s ago)
2016-06-02 22:40:35.540072 : # no-op
2016-06-02 22:40:35.540093 : mark_done data/spouse_label_resolved
2016-06-02 22:40:35.540115 : ##############################################################################
2016-06-02 22:40:35.540163 
2016-06-02 22:40:35.540197 : ## process/init/relation/spouses_dbpedia_negative ############################
2016-06-02 22:40:35.540219 : # Done: 2016-05-25T12:13:43-0700 (8d 10h 26m 51s ago)
2016-06-02 22:40:35.540257 : process/init/relation/spouses_dbpedia_negative/run.sh
2016-06-02 22:40:35.540283 : mark_done process/init/relation/spouses_dbpedia_negative
2016-06-02 22:40:35.540322 : ##############################################################################
2016-06-02 22:40:35.540365 
2016-06-02 22:40:35.540401 : ## data/spouses_dbpedia_negative #############################################
2016-06-02 22:40:35.540430 : # Done: 2016-06-02T22:27:46-0700 (12m 48s ago)
2016-06-02 22:40:35.540463 : # no-op
2016-06-02 22:40:35.540496 : mark_done data/spouses_dbpedia_negative
2016-06-02 22:40:35.540549 : ##############################################################################
2016-06-02 22:40:35.540589 
2016-06-02 22:40:35.540623 ## process/ext_has_spouse ####################################################
2016-06-02 22:40:35.540655 : # Done: 2016-05-29T12:10:14-0700 (4d 10h 30m 20s ago)
2016-06-02 22:40:35.540679 # Done: 2016-05-29T12:10:14-0700 (4d 10h 30m 19s ago)
2016-06-02 22:40:35.540718 process/ext_has_spouse/run.sh
2016-06-02 22:40:35.540755 ++ dirname process/ext_has_spouse/run.sh
2016-06-02 22:40:35.540780 + cd process/ext_has_spouse
2016-06-02 22:40:35.540819 + export DEEPDIVE_CURRENT_PROCESS_NAME=process/ext_has_spouse
2016-06-02 22:40:35.540869 + DEEPDIVE_CURRENT_PROCESS_NAME=process/ext_has_spouse
2016-06-02 22:40:35.540899 + deepdive create table has_spouse
2016-06-02 22:40:35.680265 CREATE TABLE
2016-06-02 22:40:35.681923 + deepdive sql 'INSERT INTO has_spouse SELECT DISTINCT R0.column_0, R0.column_1, 0 AS id, 
2016-06-02 22:40:35.682213 CASE WHEN R0.column_2 > 0 THEN true
2016-06-02 22:40:35.682258      WHEN R0.column_2 < 0 THEN false
2016-06-02 22:40:35.682330      ELSE NULL
2016-06-02 22:40:35.682386 END AS label
2016-06-02 22:40:35.682413           FROM spouse_label_resolved R0
2016-06-02 22:40:35.682453         
2016-06-02 22:40:35.682495           
2016-06-02 22:40:35.682580 UNION ALL
2016-06-02 22:40:35.682789 SELECT R0.mention_id AS "person_mention.R0.mention_id", R1.team_id AS "team_mention.R1.team_id", 0 as id, "depedia_negative" AS label
2016-06-02 22:40:35.682883 FROM person_mention R0, team_mention R1, spouses_dbpedia_negative R2
2016-06-02 22:40:35.682930         WHERE R2.p_name = R0.mention_text  AND R2.t_name = R1.team_text '
2016-06-02 22:40:35.775888 ERROR:  column "depedia_negative" does not exist
2016-06-02 22:40:35.775990 LINE 10: ...R1.team_id AS "team_mention.R1.team_id", 0 as id, "depedia_n...
2016-06-02 22:40:35.776062                                                               ^
