2016-05-20 18:23:57.167272 ‘run/LATEST.COMPILE/182357.098212000’ -> ‘20160520/182357.098212000’
2016-05-20 18:23:57.167589 ‘run/RUNNING.COMPILE’ -> ‘20160520/182357.098212000’
2016-05-20 18:23:57.167620 Parsing DeepDive application (/Users/emerson/Documents/Github/deepdive/examples/Coach_NBA) to generate:
2016-05-20 18:23:57.167643  run/compiled/schema.json
2016-05-20 18:23:57.167665   from app.ddlog
2016-05-20 18:23:58.041821  run/compiled/deepdive.conf
2016-05-20 18:23:58.042017   from app.ddlog
2016-05-20 18:23:59.040602   from deepdive.conf
2016-05-20 18:23:59.048620  run/compiled/deepdive.conf.json
2016-05-20 18:23:59.463764 Performing sanity checks on run/compiled/deepdive.conf.json:
2016-05-20 18:23:59.523988  checking if input_extractors_well_defined
2016-05-20 18:23:59.524077  checking if input_schema_wellformed
2016-05-20 18:23:59.524561 Normalizing and adding built-in processes to the data flow to compile:
2016-05-20 18:23:59.525032  run/compiled/config-0.00-init_objects.json
2016-05-20 18:23:59.545485  run/compiled/config-0.01-parse_calibration.json
2016-05-20 18:23:59.575910  run/compiled/config-0.01-parse_schema.json
2016-05-20 18:23:59.613576  run/compiled/config-0.51-add_init_app.json
2016-05-20 18:23:59.639814  run/compiled/config-0.52-input_loader.json
2016-05-20 18:23:59.677702  run/compiled/config-1.00-qualified_names.json
2016-05-20 18:23:59.705409  run/compiled/config-1.01-parse_inference_rules.json
2016-05-20 18:23:59.751216  run/compiled/config-2.01-grounding.json
2016-05-20 18:23:59.859711  run/compiled/config-2.02-learning_inference.json
2016-05-20 18:23:59.891535  run/compiled/config-2.03-calibration_plots.json
2016-05-20 18:23:59.933215  run/compiled/config-9.98-ensure_init_app.json
2016-05-20 18:23:59.963005  run/compiled/config-9.99-dependencies.json
2016-05-20 18:24:00.002245  run/compiled/config.json
2016-05-20 18:24:00.006911 Validating run/compiled/config.json:
2016-05-20 18:24:00.135475  checking if compiled_base_relations_have_input_data
2016-05-20 18:24:00.135545  [WARNING] input/init.sh should load all base relations: articles spouses_dbpedia 
2016-05-20 18:24:00.135567  checking if compiled_dependencies_correct
2016-05-20 18:24:00.135586  checking if compiled_input_output_well_defined
2016-05-20 18:24:00.135605  checking if compiled_output_uniquely_defined
2016-05-20 18:24:00.135883 Compiling executable code into:
2016-05-20 18:24:00.136384  run/compiled/code-Makefile.json
2016-05-20 18:24:00.175710  run/compiled/code-cmd_extractor.json
2016-05-20 18:24:00.209155  run/compiled/code-dataflow_dot.json
2016-05-20 18:24:00.248174  run/compiled/code-sql_extractor.json
2016-05-20 18:24:00.284382  run/compiled/code-tsv_extractor.json
2016-05-20 18:24:00.329456 Generating files:
2016-05-20 18:24:00.367486  run/Makefile
2016-05-20 18:24:00.394720  run/process/init/app/run.sh
2016-05-20 18:24:00.414983  run/process/init/relation/articles/run.sh
2016-05-20 18:24:00.434243  run/process/init/relation/spouses_dbpedia/run.sh
2016-05-20 18:24:00.454535  run/process/ext_has_spouse/run.sh
2016-05-20 18:24:00.475254  run/process/ext_num_people/run.sh
2016-05-20 18:24:00.512742  run/process/ext_spouse_candidate/run.sh
2016-05-20 18:24:00.531757  run/process/ext_spouse_label/run.sh
2016-05-20 18:24:00.558318  run/process/ext_spouse_label_resolved/run.sh
2016-05-20 18:24:00.581704  run/process/grounding/variable_id_partition/run.sh
2016-05-20 18:24:00.606969  run/process/grounding/variable/has_spouse/assign_id/run.sh
2016-05-20 18:24:00.636778  run/process/grounding/variable_holdout/run.sh
2016-05-20 18:24:00.670773  run/process/grounding/variable/has_spouse/dump/run.sh
2016-05-20 18:24:00.693308  run/process/grounding/factor/inf1_imply_has_spouse_has_spouse/materialize/run.sh
2016-05-20 18:24:00.719446  run/process/grounding/factor/inf_imply_has_spouse_has_spouse/materialize/run.sh
2016-05-20 18:24:00.742787  run/process/grounding/factor/inf_istrue_has_spouse/materialize/run.sh
2016-05-20 18:24:00.769913  run/process/grounding/weight_id_partition/run.sh
2016-05-20 18:24:00.795636  run/process/grounding/global_weight_table/run.sh
2016-05-20 18:24:00.820249  run/process/grounding/factor/inf1_imply_has_spouse_has_spouse/assign_weight_id/run.sh
2016-05-20 18:24:00.851914  run/process/grounding/factor/inf_imply_has_spouse_has_spouse/assign_weight_id/run.sh
2016-05-20 18:24:00.876655  run/process/grounding/factor/inf_istrue_has_spouse/assign_weight_id/run.sh
2016-05-20 18:24:00.901816  run/process/grounding/factor/inf1_imply_has_spouse_has_spouse/dump/run.sh
2016-05-20 18:24:00.926933  run/process/grounding/factor/inf_imply_has_spouse_has_spouse/dump/run.sh
2016-05-20 18:24:00.949162  run/process/grounding/factor/inf_istrue_has_spouse/dump/run.sh
2016-05-20 18:24:00.981964  run/process/grounding/factor/inf1_imply_has_spouse_has_spouse/dump_weights/run.sh
2016-05-20 18:24:01.009497  run/process/grounding/factor/inf_imply_has_spouse_has_spouse/dump_weights/run.sh
2016-05-20 18:24:01.038665  run/process/grounding/factor/inf_istrue_has_spouse/dump_weights/run.sh
2016-05-20 18:24:01.060488  run/process/grounding/combine_factorgraph/run.sh
2016-05-20 18:24:01.088489  run/process/model/learning/run.sh
2016-05-20 18:24:01.114211  run/process/model/inference/run.sh
2016-05-20 18:24:01.141775  run/process/model/load_weights/run.sh
2016-05-20 18:24:01.169862  run/process/model/load_probabilities/run.sh
2016-05-20 18:24:01.197086  run/process/model/calibration/run.sh
2016-05-20 18:24:01.224265  run/dataflow.dot
2016-05-20 18:24:01.248804  run/process/ext_person_mention_by_map_person_mention/run.sh
2016-05-20 18:24:01.275486  run/process/ext_sentences_by_nlp_markup/run.sh
2016-05-20 18:24:01.301178  run/process/ext_spouse_feature_by_extract_spouse_features/run.sh
2016-05-20 18:24:01.329181  run/process/ext_spouse_label__0_by_supervise/run.sh
2016-05-20 18:24:01.357729  run/process/ext_team_mention_by_map_team_mention/run.sh
2016-05-20 18:24:01.417990 Warning: Could not load "/Users/emerson/local/lib/bundled/graphviz/prefix/bin/../lib/graphviz/libgvplugin_pango.6.dylib" - file not found
2016-05-20 18:24:01.430395  run/dataflow.svg
2016-05-20 18:24:01.431377   (file:///Users/emerson/Documents/Github/deepdive/examples/Coach_NBA/run/dataflow.svg)
2016-05-20 18:24:01.435104 mv: cannot move ‘run/compiled’ to ‘run/compiled~’: Directory not empty
