2016-05-22 17:21:00.355135 ‘run/LATEST.COMPILE/172100.288651000’ -> ‘20160522/172100.288651000’
2016-05-22 17:21:00.355470 ‘run/RUNNING.COMPILE’ -> ‘20160522/172100.288651000’
2016-05-22 17:21:00.355509 Parsing DeepDive application (/Users/emerson/Documents/Github/deepdive/examples/coach_nba) to generate:
2016-05-22 17:21:00.355532  run/compiled/schema.json
2016-05-22 17:21:00.355553   from app.ddlog
2016-05-22 17:21:01.193577  run/compiled/deepdive.conf
2016-05-22 17:21:01.193783   from app.ddlog
2016-05-22 17:21:02.183082   from deepdive.conf
2016-05-22 17:21:02.192095  run/compiled/deepdive.conf.json
2016-05-22 17:21:02.563955 Performing sanity checks on run/compiled/deepdive.conf.json:
2016-05-22 17:21:02.625425  checking if input_extractors_well_defined
2016-05-22 17:21:02.625574  checking if input_schema_wellformed
2016-05-22 17:21:02.626327 Normalizing and adding built-in processes to the data flow to compile:
2016-05-22 17:21:02.627287  run/compiled/config-0.00-init_objects.json
2016-05-22 17:21:02.648185  run/compiled/config-0.01-parse_calibration.json
2016-05-22 17:21:02.674975  run/compiled/config-0.01-parse_schema.json
2016-05-22 17:21:02.711930  run/compiled/config-0.51-add_init_app.json
2016-05-22 17:21:02.738411  run/compiled/config-0.52-input_loader.json
2016-05-22 17:21:02.764829  run/compiled/config-1.00-qualified_names.json
2016-05-22 17:21:02.798567  run/compiled/config-1.01-parse_inference_rules.json
2016-05-22 17:21:02.844931  run/compiled/config-2.01-grounding.json
2016-05-22 17:21:02.947506  run/compiled/config-2.02-learning_inference.json
2016-05-22 17:21:02.981012  run/compiled/config-2.03-calibration_plots.json
2016-05-22 17:21:03.026420  run/compiled/config-9.98-ensure_init_app.json
2016-05-22 17:21:03.056591  run/compiled/config-9.99-dependencies.json
2016-05-22 17:21:03.096849  run/compiled/config.json
2016-05-22 17:21:03.100380 Validating run/compiled/config.json:
2016-05-22 17:21:03.233277  checking if compiled_base_relations_have_input_data
2016-05-22 17:21:03.233350  [WARNING] input/init.sh should load all base relations: articles spouses_dbpedia 
2016-05-22 17:21:03.233396  checking if compiled_dependencies_correct
2016-05-22 17:21:03.233417  checking if compiled_input_output_well_defined
2016-05-22 17:21:03.233436  checking if compiled_output_uniquely_defined
2016-05-22 17:21:03.233681 Compiling executable code into:
2016-05-22 17:21:03.234033  run/compiled/code-Makefile.json
2016-05-22 17:21:03.266231  run/compiled/code-cmd_extractor.json
2016-05-22 17:21:03.313160  run/compiled/code-dataflow_dot.json
2016-05-22 17:21:03.351651  run/compiled/code-sql_extractor.json
2016-05-22 17:21:03.381884  run/compiled/code-tsv_extractor.json
2016-05-22 17:21:03.420412 Generating files:
2016-05-22 17:21:03.459680  run/Makefile
2016-05-22 17:21:03.484909  run/process/init/app/run.sh
2016-05-22 17:21:03.507279  run/process/init/relation/articles/run.sh
2016-05-22 17:21:03.528597  run/process/init/relation/spouses_dbpedia/run.sh
2016-05-22 17:21:03.557993  run/process/ext_has_spouse/run.sh
2016-05-22 17:21:03.584415  run/process/ext_num_people/run.sh
2016-05-22 17:21:03.606479  run/process/ext_num_team/run.sh
2016-05-22 17:21:03.633359  run/process/ext_spouse_candidate/run.sh
2016-05-22 17:21:03.660906  run/process/ext_spouse_label/run.sh
2016-05-22 17:21:03.688421  run/process/ext_spouse_label_resolved/run.sh
2016-05-22 17:21:03.718064  run/process/grounding/variable_id_partition/run.sh
2016-05-22 17:21:03.742076  run/process/grounding/variable/has_spouse/assign_id/run.sh
2016-05-22 17:21:03.772024  run/process/grounding/variable_holdout/run.sh
2016-05-22 17:21:03.798228  run/process/grounding/variable/has_spouse/dump/run.sh
2016-05-22 17:21:03.829490  run/process/grounding/factor/inf1_imply_has_spouse_has_spouse/materialize/run.sh
2016-05-22 17:21:03.848782  run/process/grounding/factor/inf_imply_has_spouse_has_spouse/materialize/run.sh
2016-05-22 17:21:03.870598  run/process/grounding/factor/inf_istrue_has_spouse/materialize/run.sh
2016-05-22 17:21:03.896897  run/process/grounding/weight_id_partition/run.sh
2016-05-22 17:21:03.921867  run/process/grounding/global_weight_table/run.sh
2016-05-22 17:21:03.946686  run/process/grounding/factor/inf1_imply_has_spouse_has_spouse/assign_weight_id/run.sh
2016-05-22 17:21:03.980637  run/process/grounding/factor/inf_imply_has_spouse_has_spouse/assign_weight_id/run.sh
2016-05-22 17:21:04.005937  run/process/grounding/factor/inf_istrue_has_spouse/assign_weight_id/run.sh
2016-05-22 17:21:04.040009  run/process/grounding/factor/inf1_imply_has_spouse_has_spouse/dump/run.sh
2016-05-22 17:21:04.070812  run/process/grounding/factor/inf_imply_has_spouse_has_spouse/dump/run.sh
2016-05-22 17:21:04.095653  run/process/grounding/factor/inf_istrue_has_spouse/dump/run.sh
2016-05-22 17:21:04.120417  run/process/grounding/factor/inf1_imply_has_spouse_has_spouse/dump_weights/run.sh
2016-05-22 17:21:04.141464  run/process/grounding/factor/inf_imply_has_spouse_has_spouse/dump_weights/run.sh
2016-05-22 17:21:04.175473  run/process/grounding/factor/inf_istrue_has_spouse/dump_weights/run.sh
2016-05-22 17:21:04.198141  run/process/grounding/combine_factorgraph/run.sh
2016-05-22 17:21:04.225732  run/process/model/learning/run.sh
2016-05-22 17:21:04.249657  run/process/model/inference/run.sh
2016-05-22 17:21:04.278243  run/process/model/load_weights/run.sh
2016-05-22 17:21:04.310404  run/process/model/load_probabilities/run.sh
2016-05-22 17:21:04.350288  run/process/model/calibration/run.sh
2016-05-22 17:21:04.369319  run/dataflow.dot
2016-05-22 17:21:04.390707  run/process/ext_person_mention_by_map_person_mention/run.sh
2016-05-22 17:21:04.416527  run/process/ext_sentences_by_nlp_markup/run.sh
2016-05-22 17:21:04.445274  run/process/ext_spouse_feature_by_extract_spouse_features/run.sh
2016-05-22 17:21:04.478407  run/process/ext_spouse_label__0_by_supervise/run.sh
2016-05-22 17:21:04.512007  run/process/ext_team_mention_by_map_team_mention/run.sh
2016-05-22 17:21:04.595153 Warning: Could not load "/Users/emerson/local/lib/bundled/graphviz/prefix/bin/../lib/graphviz/libgvplugin_pango.6.dylib" - file not found
2016-05-22 17:21:04.612952  run/dataflow.svg
2016-05-22 17:21:04.613966   (file:///Users/emerson/Documents/Github/deepdive/examples/coach_nba/run/dataflow.svg)
2016-05-22 17:21:04.617503 mv: cannot move ‘run/compiled’ to ‘run/compiled~’: Directory not empty
