2016-05-20 17:35:00.720504 # on dhcp-169-233-138-157.cruznet.ucsc.edu: deepdive do team_mention
2016-05-20 17:35:00.720809 # run/20160520/173458.018492000/plan.sh
2016-05-20 17:35:00.720834 # execution plan for data/team_mention
2016-05-20 17:35:00.720857 
2016-05-20 17:35:00.720880 : ## process/init/app ##########################################################
2016-05-20 17:35:00.720902 : # Done: 2016-05-20T15:47:44-0700 (1h 47m 14s ago)
2016-05-20 17:35:00.720922 : process/init/app/run.sh
2016-05-20 17:35:00.720944 : mark_done process/init/app
2016-05-20 17:35:00.720965 : ##############################################################################
2016-05-20 17:35:00.720984 
2016-05-20 17:35:00.721006 : ## process/init/relation/articles ############################################
2016-05-20 17:35:00.721024 : # Done: 2016-05-20T15:47:44-0700 (1h 47m 14s ago)
2016-05-20 17:35:00.721045 : process/init/relation/articles/run.sh
2016-05-20 17:35:00.721065 : mark_done process/init/relation/articles
2016-05-20 17:35:00.721085 : ##############################################################################
2016-05-20 17:35:00.721103 
2016-05-20 17:35:00.721122 : ## data/articles #############################################################
2016-05-20 17:35:00.721142 : # Done: 2016-05-20T15:49:44-0700 (1h 45m 14s ago)
2016-05-20 17:35:00.721162 : # no-op
2016-05-20 17:35:00.721181 : mark_done data/articles
2016-05-20 17:35:00.721198 : ##############################################################################
2016-05-20 17:35:00.721219 
2016-05-20 17:35:00.721239 : ## process/ext_sentences_by_nlp_markup #######################################
2016-05-20 17:35:00.721258 : # Done: 2016-05-20T15:53:58-0700 (1h 41m ago)
2016-05-20 17:35:00.721278 : process/ext_sentences_by_nlp_markup/run.sh
2016-05-20 17:35:00.721298 : mark_done process/ext_sentences_by_nlp_markup
2016-05-20 17:35:00.721318 : ##############################################################################
2016-05-20 17:35:00.721339 
2016-05-20 17:35:00.721359 : ## data/sentences ############################################################
2016-05-20 17:35:00.721377 : # Done: 2016-05-20T15:53:59-0700 (1h 40m 59s ago)
2016-05-20 17:35:00.721397 : # no-op
2016-05-20 17:35:00.721415 : mark_done data/sentences
2016-05-20 17:35:00.721434 : ##############################################################################
2016-05-20 17:35:00.721454 
2016-05-20 17:35:00.721474 ## process/ext_team_mention_by_map_team_mention ##############################
2016-05-20 17:35:00.721494 # Done: N/A
2016-05-20 17:35:00.721516 process/ext_team_mention_by_map_team_mention/run.sh
2016-05-20 17:35:00.721537 ++ dirname process/ext_team_mention_by_map_team_mention/run.sh
2016-05-20 17:35:00.721557 + cd process/ext_team_mention_by_map_team_mention
2016-05-20 17:35:00.721599 + export DEEPDIVE_CURRENT_PROCESS_NAME=process/ext_team_mention_by_map_team_mention
2016-05-20 17:35:00.721629 + DEEPDIVE_CURRENT_PROCESS_NAME=process/ext_team_mention_by_map_team_mention
2016-05-20 17:35:00.721653 + export DEEPDIVE_LOAD_FORMAT=tsv
2016-05-20 17:35:00.721674 + DEEPDIVE_LOAD_FORMAT=tsv
2016-05-20 17:35:00.721696 + deepdive compute execute 'input_sql= SELECT R0.doc_id AS "sentences.R0.doc_id", R0.sentence_index AS "sentences.R0.sentence_index", R0.tokens AS "sentences.R0.tokens", R0.ner_tags AS "sentences.R0.ner_tags"
2016-05-20 17:35:00.721718 FROM sentences R0
2016-05-20 17:35:00.721738         
2016-05-20 17:35:00.721757           ' 'command="$DEEPDIVE_APP"/udf/map_team_mention.py' output_relation=team_mention
2016-05-20 17:35:00.783420 Executing with the following configuration:
2016-05-20 17:35:00.783591  DEEPDIVE_NUM_PROCESSES=3
2016-05-20 17:35:00.783649  DEEPDIVE_NUM_PARALLEL_UNLOADS=1
2016-05-20 17:35:00.783691  DEEPDIVE_NUM_PARALLEL_LOADS=1
2016-05-20 17:35:00.783730  output_relation_tmp=dd_tmp_team_mention
2016-05-20 17:35:00.783754 
2016-05-20 17:35:01.010176 [ERROR] team_mention: No such table defined in schema
