2016-06-04 11:05:38.561039 # on dhcp-169-233-187-63.cruznet.ucsc.edu: deepdive do calibration-plots
2016-06-04 11:05:38.561409 # run/20160604/110535.823952000/plan.sh
2016-06-04 11:05:38.561446 # execution plan for model/calibration-plots
2016-06-04 11:05:38.561471 
2016-06-04 11:05:38.561493 : ## process/init/app ##########################################################
2016-06-04 11:05:38.561514 : # Done: 2016-05-22T17:21:25-0700 (12d 17h 44m 10s ago)
2016-06-04 11:05:38.561533 : process/init/app/run.sh
2016-06-04 11:05:38.561552 : mark_done process/init/app
2016-06-04 11:05:38.561572 : ##############################################################################
2016-06-04 11:05:38.561590 
2016-06-04 11:05:38.561609 : ## process/init/relation/articles ############################################
2016-06-04 11:05:38.561629 : # Done: 2016-05-23T12:16:43-0700 (11d 22h 48m 52s ago)
2016-06-04 11:05:38.561649 : process/init/relation/articles/run.sh
2016-06-04 11:05:38.561668 : mark_done process/init/relation/articles
2016-06-04 11:05:38.561688 : ##############################################################################
2016-06-04 11:05:38.561707 
2016-06-04 11:05:38.561728 : ## data/articles #############################################################
2016-06-04 11:05:38.561751 : # Done: 2016-05-23T12:16:43-0700 (11d 22h 48m 53s ago)
2016-06-04 11:05:38.561771 : # no-op
2016-06-04 11:05:38.561790 : mark_done data/articles
2016-06-04 11:05:38.561832 : ##############################################################################
2016-06-04 11:05:38.561854 
2016-06-04 11:05:38.561875 : ## process/ext_sentences_by_nlp_markup #######################################
2016-06-04 11:05:38.561894 : # Done: 2016-05-23T15:05:01-0700 (11d 20h 35s ago)
2016-06-04 11:05:38.561915 : process/ext_sentences_by_nlp_markup/run.sh
2016-06-04 11:05:38.561938 : mark_done process/ext_sentences_by_nlp_markup
2016-06-04 11:05:38.561959 : ##############################################################################
2016-06-04 11:05:38.561978 
2016-06-04 11:05:38.561997 : ## data/sentences ############################################################
2016-06-04 11:05:38.562018 : # Done: 2016-05-23T15:05:01-0700 (11d 20h 35s ago)
2016-06-04 11:05:38.562038 : # no-op
2016-06-04 11:05:38.562058 : mark_done data/sentences
2016-06-04 11:05:38.562079 : ##############################################################################
2016-06-04 11:05:38.562102 
2016-06-04 11:05:38.562122 : ## process/ext_person_mention_by_map_person_mention ##########################
2016-06-04 11:05:38.562141 : # Done: 2016-05-23T15:05:52-0700 (11d 19h 59m 44s ago)
2016-06-04 11:05:38.562183 : process/ext_person_mention_by_map_person_mention/run.sh
2016-06-04 11:05:38.562205 : mark_done process/ext_person_mention_by_map_person_mention
2016-06-04 11:05:38.562226 : ##############################################################################
2016-06-04 11:05:38.562249 
2016-06-04 11:05:38.562271 : ## data/person_mention #######################################################
2016-06-04 11:05:38.562289 : # Done: 2016-05-23T15:05:52-0700 (11d 19h 59m 44s ago)
2016-06-04 11:05:38.562310 : # no-op
2016-06-04 11:05:38.562331 : mark_done data/person_mention
2016-06-04 11:05:38.562351 : ##############################################################################
2016-06-04 11:05:38.562372 
2016-06-04 11:05:38.562395 : ## process/init/relation/spouses_dbpedia #####################################
2016-06-04 11:05:38.562415 : # Done: 2016-06-02T22:27:40-0700 (1d 12h 37m 56s ago)
2016-06-04 11:05:38.562434 : process/init/relation/spouses_dbpedia/run.sh
2016-06-04 11:05:38.562455 : mark_done process/init/relation/spouses_dbpedia
2016-06-04 11:05:38.562476 : ##############################################################################
2016-06-04 11:05:38.562496 
2016-06-04 11:05:38.562547 : ## data/spouses_dbpedia ######################################################
2016-06-04 11:05:38.562601 : # Done: 2016-06-02T22:27:40-0700 (1d 12h 37m 56s ago)
2016-06-04 11:05:38.562625 : # no-op
2016-06-04 11:05:38.562646 : mark_done data/spouses_dbpedia
2016-06-04 11:05:38.562668 : ##############################################################################
2016-06-04 11:05:38.562701 
2016-06-04 11:05:38.562727 : ## process/ext_team_mention_by_map_team_mention ##############################
2016-06-04 11:05:38.562761 : # Done: 2016-05-23T15:06:19-0700 (11d 19h 59m 17s ago)
2016-06-04 11:05:38.562783 : process/ext_team_mention_by_map_team_mention/run.sh
2016-06-04 11:05:38.562805 : mark_done process/ext_team_mention_by_map_team_mention
2016-06-04 11:05:38.562827 : ##############################################################################
2016-06-04 11:05:38.562847 
2016-06-04 11:05:38.562867 : ## data/team_mention #########################################################
2016-06-04 11:05:38.562888 : # Done: 2016-05-23T15:06:19-0700 (11d 19h 59m 17s ago)
2016-06-04 11:05:38.562910 : # no-op
2016-06-04 11:05:38.562933 : mark_done data/team_mention
2016-06-04 11:05:38.562954 : ##############################################################################
2016-06-04 11:05:38.562975 
2016-06-04 11:05:38.562995 : ## process/ext_num_people ####################################################
2016-06-04 11:05:38.563023 : # Done: 2016-05-23T15:06:46-0700 (11d 19h 58m 50s ago)
2016-06-04 11:05:38.563076 : process/ext_num_people/run.sh
2016-06-04 11:05:38.563107 : mark_done process/ext_num_people
2016-06-04 11:05:38.563140 : ##############################################################################
2016-06-04 11:05:38.563178 
2016-06-04 11:05:38.563204 : ## data/num_people ###########################################################
2016-06-04 11:05:38.563223 : # Done: 2016-05-23T15:06:46-0700 (11d 19h 58m 50s ago)
2016-06-04 11:05:38.563263 : # no-op
2016-06-04 11:05:38.563287 : mark_done data/num_people
2016-06-04 11:05:38.563329 : ##############################################################################
2016-06-04 11:05:38.563352 
2016-06-04 11:05:38.563372 : ## process/ext_spouse_candidate ##############################################
2016-06-04 11:05:38.563391 : # Done: 2016-05-23T15:07:38-0700 (11d 19h 57m 58s ago)
2016-06-04 11:05:38.563411 : process/ext_spouse_candidate/run.sh
2016-06-04 11:05:38.563429 : mark_done process/ext_spouse_candidate
2016-06-04 11:05:38.563448 : ##############################################################################
2016-06-04 11:05:38.563467 
2016-06-04 11:05:38.563487 : ## data/spouse_candidate #####################################################
2016-06-04 11:05:38.563506 : # Done: 2016-05-23T15:07:38-0700 (11d 19h 57m 58s ago)
2016-06-04 11:05:38.563525 : # no-op
2016-06-04 11:05:38.563547 : mark_done data/spouse_candidate
2016-06-04 11:05:38.563566 : ##############################################################################
2016-06-04 11:05:38.563584 
2016-06-04 11:05:38.563603 : ## process/ext_spouse_label__0_by_supervise ##################################
2016-06-04 11:05:38.563622 : # Done: 2016-05-23T15:08:48-0700 (11d 19h 56m 48s ago)
2016-06-04 11:05:38.563641 : process/ext_spouse_label__0_by_supervise/run.sh
2016-06-04 11:05:38.563662 : mark_done process/ext_spouse_label__0_by_supervise
2016-06-04 11:05:38.563683 : ##############################################################################
2016-06-04 11:05:38.563704 
2016-06-04 11:05:38.563741 : ## data/spouse_label__0 ######################################################
2016-06-04 11:05:38.563777 : # Done: 2016-05-23T15:08:48-0700 (11d 19h 56m 48s ago)
2016-06-04 11:05:38.563801 : # no-op
2016-06-04 11:05:38.563824 : mark_done data/spouse_label__0
2016-06-04 11:05:38.563844 : ##############################################################################
2016-06-04 11:05:38.563866 
2016-06-04 11:05:38.563889 : ## process/ext_spouse_label ##################################################
2016-06-04 11:05:38.563910 : # Done: 2016-06-02T22:28:10-0700 (1d 12h 37m 26s ago)
2016-06-04 11:05:38.563931 : process/ext_spouse_label/run.sh
2016-06-04 11:05:38.563953 : mark_done process/ext_spouse_label
2016-06-04 11:05:38.563974 : ##############################################################################
2016-06-04 11:05:38.564037 
2016-06-04 11:05:38.564063 : ## data/spouse_label #########################################################
2016-06-04 11:05:38.564085 : # Done: 2016-06-02T22:28:10-0700 (1d 12h 37m 26s ago)
2016-06-04 11:05:38.564106 : # no-op
2016-06-04 11:05:38.564137 : mark_done data/spouse_label
2016-06-04 11:05:38.564161 : ##############################################################################
2016-06-04 11:05:38.564182 
2016-06-04 11:05:38.564206 : ## process/ext_spouse_label_resolved #########################################
2016-06-04 11:05:38.564227 : # Done: 2016-06-02T22:28:10-0700 (1d 12h 37m 26s ago)
2016-06-04 11:05:38.564247 : process/ext_spouse_label_resolved/run.sh
2016-06-04 11:05:38.564268 : mark_done process/ext_spouse_label_resolved
2016-06-04 11:05:38.564289 : ##############################################################################
2016-06-04 11:05:38.564307 
2016-06-04 11:05:38.564325 : ## data/spouse_label_resolved ################################################
2016-06-04 11:05:38.564343 : # Done: 2016-06-02T22:28:10-0700 (1d 12h 37m 26s ago)
2016-06-04 11:05:38.564362 : # no-op
2016-06-04 11:05:38.564381 : mark_done data/spouse_label_resolved
2016-06-04 11:05:38.564399 : ##############################################################################
2016-06-04 11:05:38.564417 
2016-06-04 11:05:38.564435 : ## process/init/relation/spouses_dbpedia_negative ############################
2016-06-04 11:05:38.564454 : # Done: 2016-05-25T12:13:43-0700 (9d 22h 51m 53s ago)
2016-06-04 11:05:38.564472 : process/init/relation/spouses_dbpedia_negative/run.sh
2016-06-04 11:05:38.564490 : mark_done process/init/relation/spouses_dbpedia_negative
2016-06-04 11:05:38.564508 : ##############################################################################
2016-06-04 11:05:38.564526 
2016-06-04 11:05:38.564544 : ## data/spouses_dbpedia_negative #############################################
2016-06-04 11:05:38.564564 : # Done: 2016-06-02T22:50:00-0700 (1d 12h 15m 36s ago)
2016-06-04 11:05:38.564582 : # no-op
2016-06-04 11:05:38.564621 : mark_done data/spouses_dbpedia_negative
2016-06-04 11:05:38.564642 : ##############################################################################
2016-06-04 11:05:38.564661 
2016-06-04 11:05:38.564678 : ## process/ext_has_spouse ####################################################
2016-06-04 11:05:38.564697 : # Done: 2016-06-02T23:14:20-0700 (1d 11h 51m 16s ago)
2016-06-04 11:05:38.564716 : process/ext_has_spouse/run.sh
2016-06-04 11:05:38.564735 : mark_done process/ext_has_spouse
2016-06-04 11:05:38.564772 : ##############################################################################
2016-06-04 11:05:38.564796 
2016-06-04 11:05:38.564817 : ## data/has_spouse ###########################################################
2016-06-04 11:05:38.564840 : # Done: 2016-06-02T23:14:20-0700 (1d 11h 51m 16s ago)
2016-06-04 11:05:38.564859 : # no-op
2016-06-04 11:05:38.564878 : mark_done data/has_spouse
2016-06-04 11:05:38.564898 : ##############################################################################
2016-06-04 11:05:38.564917 
2016-06-04 11:05:38.564936 : ## process/grounding/variable_id_partition ###################################
2016-06-04 11:05:38.564956 : # Done: 2016-06-02T23:17:45-0700 (1d 11h 47m 51s ago)
2016-06-04 11:05:38.564976 : process/grounding/variable_id_partition/run.sh
2016-06-04 11:05:38.564997 : mark_done process/grounding/variable_id_partition
2016-06-04 11:05:38.565017 : ##############################################################################
2016-06-04 11:05:38.565039 
2016-06-04 11:05:38.565061 : ## process/grounding/variable/has_spouse/assign_id ###########################
2016-06-04 11:05:38.565081 : # Done: 2016-06-02T23:17:45-0700 (1d 11h 47m 51s ago)
2016-06-04 11:05:38.565101 : process/grounding/variable/has_spouse/assign_id/run.sh
2016-06-04 11:05:38.565122 : mark_done process/grounding/variable/has_spouse/assign_id
2016-06-04 11:05:38.565143 : ##############################################################################
2016-06-04 11:05:38.565163 
2016-06-04 11:05:38.565183 : ## process/grounding/factor/inf1_istrue_has_spouse/materialize ###############
2016-06-04 11:05:38.565202 : # Done: 2016-06-02T23:17:46-0700 (1d 11h 47m 50s ago)
2016-06-04 11:05:38.565233 : process/grounding/factor/inf1_istrue_has_spouse/materialize/run.sh
2016-06-04 11:05:38.565263 : mark_done process/grounding/factor/inf1_istrue_has_spouse/materialize
2016-06-04 11:05:38.565284 : ##############################################################################
2016-06-04 11:05:38.565305 
2016-06-04 11:05:38.565327 : ## process/grounding/factor/inf_imply_has_spouse_has_spouse/materialize ######
2016-06-04 11:05:38.565347 : # Done: 2016-06-02T23:23:19-0700 (1d 11h 42m 17s ago)
2016-06-04 11:05:38.565368 : process/grounding/factor/inf_imply_has_spouse_has_spouse/materialize/run.sh
2016-06-04 11:05:38.565386 : mark_done process/grounding/factor/inf_imply_has_spouse_has_spouse/materialize
2016-06-04 11:05:38.565408 : ##############################################################################
2016-06-04 11:05:38.565429 
2016-06-04 11:05:38.565450 : ## process/ext_spouse_feature_by_extract_spouse_features #####################
2016-06-04 11:05:38.565471 : # Done: 2016-05-23T15:08:09-0700 (11d 19h 57m 27s ago)
2016-06-04 11:05:38.565493 : process/ext_spouse_feature_by_extract_spouse_features/run.sh
2016-06-04 11:05:38.565516 : mark_done process/ext_spouse_feature_by_extract_spouse_features
2016-06-04 11:05:38.565537 : ##############################################################################
2016-06-04 11:05:38.565560 
2016-06-04 11:05:38.565582 : ## data/spouse_feature #######################################################
2016-06-04 11:05:38.565602 : # Done: 2016-05-23T15:08:09-0700 (11d 19h 57m 27s ago)
2016-06-04 11:05:38.565622 : # no-op
2016-06-04 11:05:38.565642 : mark_done data/spouse_feature
2016-06-04 11:05:38.565664 : ##############################################################################
2016-06-04 11:05:38.565684 
2016-06-04 11:05:38.565704 : ## process/grounding/factor/inf_istrue_has_spouse/materialize ################
2016-06-04 11:05:38.565724 : # Done: 2016-06-02T23:23:20-0700 (1d 11h 42m 16s ago)
2016-06-04 11:05:38.565745 : process/grounding/factor/inf_istrue_has_spouse/materialize/run.sh
2016-06-04 11:05:38.565766 : mark_done process/grounding/factor/inf_istrue_has_spouse/materialize
2016-06-04 11:05:38.565785 : ##############################################################################
2016-06-04 11:05:38.565806 
2016-06-04 11:05:38.565828 : ## process/grounding/weight_id_partition #####################################
2016-06-04 11:05:38.565847 : # Done: 2016-06-02T23:23:20-0700 (1d 11h 42m 16s ago)
2016-06-04 11:05:38.565865 : process/grounding/weight_id_partition/run.sh
2016-06-04 11:05:38.565883 : mark_done process/grounding/weight_id_partition
2016-06-04 11:05:38.565904 : ##############################################################################
2016-06-04 11:05:38.565923 
2016-06-04 11:05:38.565941 : ## process/grounding/factor/inf1_istrue_has_spouse/assign_weight_id ##########
2016-06-04 11:05:38.565961 : # Done: 2016-06-02T23:23:21-0700 (1d 11h 42m 15s ago)
2016-06-04 11:05:38.565983 : process/grounding/factor/inf1_istrue_has_spouse/assign_weight_id/run.sh
2016-06-04 11:05:38.566013 : mark_done process/grounding/factor/inf1_istrue_has_spouse/assign_weight_id
2016-06-04 11:05:38.566034 : ##############################################################################
2016-06-04 11:05:38.566054 
2016-06-04 11:05:38.566076 : ## process/grounding/factor/inf1_istrue_has_spouse/dump ######################
2016-06-04 11:05:38.566097 : # Done: 2016-06-02T23:23:22-0700 (1d 11h 42m 14s ago)
2016-06-04 11:05:38.566118 : process/grounding/factor/inf1_istrue_has_spouse/dump/run.sh
2016-06-04 11:05:38.566139 : mark_done process/grounding/factor/inf1_istrue_has_spouse/dump
2016-06-04 11:05:38.566159 : ##############################################################################
2016-06-04 11:05:38.566180 
2016-06-04 11:05:38.566200 : ## process/grounding/factor/inf1_istrue_has_spouse/dump_weights ##############
2016-06-04 11:05:38.566221 : # Done: 2016-06-02T23:23:22-0700 (1d 11h 42m 14s ago)
2016-06-04 11:05:38.566241 : process/grounding/factor/inf1_istrue_has_spouse/dump_weights/run.sh
2016-06-04 11:05:38.566261 : mark_done process/grounding/factor/inf1_istrue_has_spouse/dump_weights
2016-06-04 11:05:38.566291 : ##############################################################################
2016-06-04 11:05:38.566310 
2016-06-04 11:05:38.566332 : ## process/grounding/factor/inf_imply_has_spouse_has_spouse/assign_weight_id #
2016-06-04 11:05:38.566352 : # Done: 2016-06-02T23:23:23-0700 (1d 11h 42m 13s ago)
2016-06-04 11:05:38.566372 : process/grounding/factor/inf_imply_has_spouse_has_spouse/assign_weight_id/run.sh
2016-06-04 11:05:38.566393 : mark_done process/grounding/factor/inf_imply_has_spouse_has_spouse/assign_weight_id
2016-06-04 11:05:38.566412 : ##############################################################################
2016-06-04 11:05:38.566434 
2016-06-04 11:05:38.566455 : ## process/grounding/factor/inf_imply_has_spouse_has_spouse/dump #############
2016-06-04 11:05:38.566475 : # Done: 2016-06-02T23:23:23-0700 (1d 11h 42m 13s ago)
2016-06-04 11:05:38.566497 : process/grounding/factor/inf_imply_has_spouse_has_spouse/dump/run.sh
2016-06-04 11:05:38.566516 : mark_done process/grounding/factor/inf_imply_has_spouse_has_spouse/dump
2016-06-04 11:05:38.566535 : ##############################################################################
2016-06-04 11:05:38.566555 
2016-06-04 11:05:38.566575 : ## process/grounding/factor/inf_imply_has_spouse_has_spouse/dump_weights #####
2016-06-04 11:05:38.566594 : # Done: 2016-06-02T23:23:23-0700 (1d 11h 42m 13s ago)
2016-06-04 11:05:38.566616 : process/grounding/factor/inf_imply_has_spouse_has_spouse/dump_weights/run.sh
2016-06-04 11:05:38.566635 : mark_done process/grounding/factor/inf_imply_has_spouse_has_spouse/dump_weights
2016-06-04 11:05:38.566656 : ##############################################################################
2016-06-04 11:05:38.566675 
2016-06-04 11:05:38.566695 : ## process/grounding/factor/inf_istrue_has_spouse/assign_weight_id ###########
2016-06-04 11:05:38.566713 : # Done: 2016-06-02T23:23:24-0700 (1d 11h 42m 12s ago)
2016-06-04 11:05:38.566733 : process/grounding/factor/inf_istrue_has_spouse/assign_weight_id/run.sh
2016-06-04 11:05:38.566753 : mark_done process/grounding/factor/inf_istrue_has_spouse/assign_weight_id
2016-06-04 11:05:38.566772 : ##############################################################################
2016-06-04 11:05:38.566792 
2016-06-04 11:05:38.566811 : ## process/grounding/factor/inf_istrue_has_spouse/dump #######################
2016-06-04 11:05:38.566831 : # Done: 2016-06-02T23:23:25-0700 (1d 11h 42m 11s ago)
2016-06-04 11:05:38.566850 : process/grounding/factor/inf_istrue_has_spouse/dump/run.sh
2016-06-04 11:05:38.566875 : mark_done process/grounding/factor/inf_istrue_has_spouse/dump
2016-06-04 11:05:38.566895 : ##############################################################################
2016-06-04 11:05:38.566917 
2016-06-04 11:05:38.566937 : ## process/grounding/factor/inf_istrue_has_spouse/dump_weights ###############
2016-06-04 11:05:38.566957 : # Done: 2016-06-02T23:23:25-0700 (1d 11h 42m 11s ago)
2016-06-04 11:05:38.566979 : process/grounding/factor/inf_istrue_has_spouse/dump_weights/run.sh
2016-06-04 11:05:38.566998 : mark_done process/grounding/factor/inf_istrue_has_spouse/dump_weights
2016-06-04 11:05:38.567017 : ##############################################################################
2016-06-04 11:05:38.567037 
2016-06-04 11:05:38.567056 : ## process/grounding/global_weight_table #####################################
2016-06-04 11:05:38.567075 : # Done: 2016-06-02T23:23:26-0700 (1d 11h 42m 10s ago)
2016-06-04 11:05:38.567096 : process/grounding/global_weight_table/run.sh
2016-06-04 11:05:38.567116 : mark_done process/grounding/global_weight_table
2016-06-04 11:05:38.567136 : ##############################################################################
2016-06-04 11:05:38.567155 
2016-06-04 11:05:38.567175 : ## process/grounding/variable_holdout ########################################
2016-06-04 11:05:38.567194 : # Done: 2016-06-02T23:23:26-0700 (1d 11h 42m 10s ago)
2016-06-04 11:05:38.567213 : process/grounding/variable_holdout/run.sh
2016-06-04 11:05:38.567233 : mark_done process/grounding/variable_holdout
2016-06-04 11:05:38.567253 : ##############################################################################
2016-06-04 11:05:38.567272 
2016-06-04 11:05:38.567290 : ## process/grounding/variable/has_spouse/dump ################################
2016-06-04 11:05:38.567310 : # Done: 2016-06-02T23:23:27-0700 (1d 11h 42m 9s ago)
2016-06-04 11:05:38.567330 : process/grounding/variable/has_spouse/dump/run.sh
2016-06-04 11:05:38.567350 : mark_done process/grounding/variable/has_spouse/dump
2016-06-04 11:05:38.567369 : ##############################################################################
2016-06-04 11:05:38.567389 
2016-06-04 11:05:38.567409 : ## process/grounding/combine_factorgraph #####################################
2016-06-04 11:05:38.567429 : # Done: 2016-06-02T23:23:27-0700 (1d 11h 42m 9s ago)
2016-06-04 11:05:38.567449 : process/grounding/combine_factorgraph/run.sh
2016-06-04 11:05:38.567467 : mark_done process/grounding/combine_factorgraph
2016-06-04 11:05:38.567488 : ##############################################################################
2016-06-04 11:05:38.567508 
2016-06-04 11:05:38.567528 : ## model/factorgraph #########################################################
2016-06-04 11:05:38.567548 : # Done: 2016-06-02T23:23:27-0700 (1d 11h 42m 9s ago)
2016-06-04 11:05:38.567566 : mark_done model/factorgraph
2016-06-04 11:05:38.567587 : ##############################################################################
2016-06-04 11:05:38.567607 
2016-06-04 11:05:38.567627 : ## process/model/learning ####################################################
2016-06-04 11:05:38.567646 : # Done: 2016-06-02T23:23:40-0700 (1d 11h 41m 56s ago)
2016-06-04 11:05:38.567664 : process/model/learning/run.sh
2016-06-04 11:05:38.567684 : mark_done process/model/learning
2016-06-04 11:05:38.567704 : ##############################################################################
2016-06-04 11:05:38.567724 
2016-06-04 11:05:38.567743 : ## model/weights #############################################################
2016-06-04 11:05:38.567762 : # Done: 2016-06-02T23:23:40-0700 (1d 11h 41m 56s ago)
2016-06-04 11:05:38.567782 : mark_done model/weights
2016-06-04 11:05:38.567802 : ##############################################################################
2016-06-04 11:05:38.567821 
2016-06-04 11:05:38.567840 : ## process/model/inference ###################################################
2016-06-04 11:05:38.567859 : # Done: 2016-06-02T23:23:40-0700 (1d 11h 41m 57s ago)
2016-06-04 11:05:38.567880 : process/model/inference/run.sh
2016-06-04 11:05:38.567901 : mark_done process/model/inference
2016-06-04 11:05:38.567921 : ##############################################################################
2016-06-04 11:05:38.567940 
2016-06-04 11:05:38.567958 : ## model/probabilities #######################################################
2016-06-04 11:05:38.567981 : # Done: 2016-06-02T23:23:40-0700 (1d 11h 41m 57s ago)
2016-06-04 11:05:38.568001 : mark_done model/probabilities
2016-06-04 11:05:38.568021 : ##############################################################################
2016-06-04 11:05:38.568042 
2016-06-04 11:05:38.568061 : ## process/model/load_probabilities ##########################################
2016-06-04 11:05:38.568081 : # Done: 2016-06-04T11:04:58-0700 (39s ago)
2016-06-04 11:05:38.568100 : process/model/load_probabilities/run.sh
2016-06-04 11:05:38.568119 : mark_done process/model/load_probabilities
2016-06-04 11:05:38.568139 : ##############################################################################
2016-06-04 11:05:38.568157 
2016-06-04 11:05:38.568180 : ## data/model/probabilities ##################################################
2016-06-04 11:05:38.568198 : # Done: 2016-06-04T11:04:58-0700 (39s ago)
2016-06-04 11:05:38.568218 : # no-op
2016-06-04 11:05:38.568239 : mark_done data/model/probabilities
2016-06-04 11:05:38.568260 : ##############################################################################
2016-06-04 11:05:38.568281 
2016-06-04 11:05:38.568301 ## process/model/calibration #################################################
2016-06-04 11:05:38.568321 : # Done: 2016-06-02T23:23:55-0700 (1d 11h 41m 42s ago)
2016-06-04 11:05:38.568342 # Done: 2016-06-02T23:23:55-0700 (1d 11h 41m 40s ago)
2016-06-04 11:05:38.568361 process/model/calibration/run.sh
2016-06-04 11:05:38.568382 ++ dirname process/model/calibration/run.sh
2016-06-04 11:05:38.568402 + cd process/model/calibration
2016-06-04 11:05:38.568421 + export DEEPDIVE_CURRENT_PROCESS_NAME=process/model/calibration
2016-06-04 11:05:38.568439 + DEEPDIVE_CURRENT_PROCESS_NAME=process/model/calibration
2016-06-04 11:05:38.568450 + d=../../../model/calibration-plots
2016-06-04 11:05:38.568460 + mkdir -p ../../../model/calibration-plots
2016-06-04 11:05:38.568476 + cd ../../../model/calibration-plots
2016-06-04 11:05:38.568494 + extraOutput=/Users/emerson/Documents/Github/deepdive/examples/coach_nba/run/20160604/110535.823952000/calibration
2016-06-04 11:05:38.568518 + mkdir -p /Users/emerson/Documents/Github/deepdive/examples/coach_nba/run/20160604/110535.823952000/calibration
2016-06-04 11:05:38.568549 + DEEPDIVE_CALIBRATION_NUM_BUCKETS=10
2016-06-04 11:05:38.568578 + deepdive db create_calibration_view has_spouse label
2016-06-04 11:05:38.775376 CREATE VIEW
2016-06-04 11:05:38.776738 + draw_calibration_plot has_spouse label
2016-06-04 11:05:39.230736 + cp -a has_spouse_label.png has_spouse_label.tsv /Users/emerson/Documents/Github/deepdive/examples/coach_nba/run/20160604/110535.823952000/calibration/
2016-06-04 11:05:39.261973 mark_done process/model/calibration
2016-06-04 11:05:39.285535 ##############################################################################
2016-06-04 11:05:39.285610 
2016-06-04 11:05:39.285636 ## model/calibration-plots ###################################################
2016-06-04 11:05:39.285658 : # Done: 2016-06-02T23:23:55-0700 (1d 11h 41m 42s ago)
2016-06-04 11:05:39.285697 # Done: 2016-06-02T23:23:55-0700 (1d 11h 41m 40s ago)
2016-06-04 11:05:39.285761 mark_done model/calibration-plots
2016-06-04 11:05:39.304428 ##############################################################################
2016-06-04 11:05:39.304485 
