2016-05-29 12:10:13.111241 # on dhcp-169-233-170-85.cruznet.ucsc.edu: deepdive do has_spouse
2016-05-29 12:10:13.111591 # run/20160529/121011.263834000/plan.sh
2016-05-29 12:10:13.111614 # execution plan for data/has_spouse
2016-05-29 12:10:13.111627 
2016-05-29 12:10:13.111639 : ## process/init/app ##########################################################
2016-05-29 12:10:13.111658 : # Done: 2016-05-22T17:21:25-0700 (6d 18h 48m 46s ago)
2016-05-29 12:10:13.111678 : process/init/app/run.sh
2016-05-29 12:10:13.111696 : mark_done process/init/app
2016-05-29 12:10:13.111715 : ##############################################################################
2016-05-29 12:10:13.111746 
2016-05-29 12:10:13.111772 : ## process/init/relation/articles ############################################
2016-05-29 12:10:13.111793 : # Done: 2016-05-23T12:16:43-0700 (5d 23h 53m 28s ago)
2016-05-29 12:10:13.111814 : process/init/relation/articles/run.sh
2016-05-29 12:10:13.111835 : mark_done process/init/relation/articles
2016-05-29 12:10:13.111856 : ##############################################################################
2016-05-29 12:10:13.111876 
2016-05-29 12:10:13.111896 : ## data/articles #############################################################
2016-05-29 12:10:13.111917 : # Done: 2016-05-23T12:16:43-0700 (5d 23h 53m 28s ago)
2016-05-29 12:10:13.111936 : # no-op
2016-05-29 12:10:13.111958 : mark_done data/articles
2016-05-29 12:10:13.111979 : ##############################################################################
2016-05-29 12:10:13.112001 
2016-05-29 12:10:13.112023 : ## process/ext_sentences_by_nlp_markup #######################################
2016-05-29 12:10:13.112044 : # Done: 2016-05-23T15:05:01-0700 (5d 21h 5m 10s ago)
2016-05-29 12:10:13.112066 : process/ext_sentences_by_nlp_markup/run.sh
2016-05-29 12:10:13.112088 : mark_done process/ext_sentences_by_nlp_markup
2016-05-29 12:10:13.112110 : ##############################################################################
2016-05-29 12:10:13.112139 
2016-05-29 12:10:13.112163 : ## data/sentences ############################################################
2016-05-29 12:10:13.112186 : # Done: 2016-05-23T15:05:01-0700 (5d 21h 5m 10s ago)
2016-05-29 12:10:13.112207 : # no-op
2016-05-29 12:10:13.112228 : mark_done data/sentences
2016-05-29 12:10:13.112249 : ##############################################################################
2016-05-29 12:10:13.112271 
2016-05-29 12:10:13.112293 : ## process/ext_person_mention_by_map_person_mention ##########################
2016-05-29 12:10:13.112314 : # Done: 2016-05-23T15:05:52-0700 (5d 21h 4m 19s ago)
2016-05-29 12:10:13.112334 : process/ext_person_mention_by_map_person_mention/run.sh
2016-05-29 12:10:13.112354 : mark_done process/ext_person_mention_by_map_person_mention
2016-05-29 12:10:13.112377 : ##############################################################################
2016-05-29 12:10:13.112399 
2016-05-29 12:10:13.112422 : ## data/person_mention #######################################################
2016-05-29 12:10:13.112443 : # Done: 2016-05-23T15:05:52-0700 (5d 21h 4m 19s ago)
2016-05-29 12:10:13.112465 : # no-op
2016-05-29 12:10:13.112486 : mark_done data/person_mention
2016-05-29 12:10:13.112508 : ##############################################################################
2016-05-29 12:10:13.112529 
2016-05-29 12:10:13.112550 : ## process/ext_num_people ####################################################
2016-05-29 12:10:13.112570 : # Done: 2016-05-23T15:06:46-0700 (5d 21h 3m 25s ago)
2016-05-29 12:10:13.112612 : process/ext_num_people/run.sh
2016-05-29 12:10:13.112633 : mark_done process/ext_num_people
2016-05-29 12:10:13.112652 : ##############################################################################
2016-05-29 12:10:13.112692 
2016-05-29 12:10:13.112717 : ## data/num_people ###########################################################
2016-05-29 12:10:13.112737 : # Done: 2016-05-23T15:06:46-0700 (5d 21h 3m 25s ago)
2016-05-29 12:10:13.112758 : # no-op
2016-05-29 12:10:13.112778 : mark_done data/num_people
2016-05-29 12:10:13.112819 : ##############################################################################
2016-05-29 12:10:13.112852 
2016-05-29 12:10:13.112874 : ## process/ext_team_mention_by_map_team_mention ##############################
2016-05-29 12:10:13.112894 : # Done: 2016-05-23T15:06:19-0700 (5d 21h 3m 52s ago)
2016-05-29 12:10:13.112914 : process/ext_team_mention_by_map_team_mention/run.sh
2016-05-29 12:10:13.112935 : mark_done process/ext_team_mention_by_map_team_mention
2016-05-29 12:10:13.112955 : ##############################################################################
2016-05-29 12:10:13.112974 
2016-05-29 12:10:13.112994 : ## data/team_mention #########################################################
2016-05-29 12:10:13.113014 : # Done: 2016-05-23T15:06:19-0700 (5d 21h 3m 52s ago)
2016-05-29 12:10:13.113036 : # no-op
2016-05-29 12:10:13.113056 : mark_done data/team_mention
2016-05-29 12:10:13.113076 : ##############################################################################
2016-05-29 12:10:13.113097 
2016-05-29 12:10:13.113118 : ## process/ext_spouse_candidate ##############################################
2016-05-29 12:10:13.113138 : # Done: 2016-05-23T15:07:38-0700 (5d 21h 2m 33s ago)
2016-05-29 12:10:13.113158 : process/ext_spouse_candidate/run.sh
2016-05-29 12:10:13.113178 : mark_done process/ext_spouse_candidate
2016-05-29 12:10:13.113199 : ##############################################################################
2016-05-29 12:10:13.113218 
2016-05-29 12:10:13.113238 : ## data/spouse_candidate #####################################################
2016-05-29 12:10:13.113258 : # Done: 2016-05-23T15:07:38-0700 (5d 21h 2m 33s ago)
2016-05-29 12:10:13.113323 : # no-op
2016-05-29 12:10:13.113346 : mark_done data/spouse_candidate
2016-05-29 12:10:13.113368 : ##############################################################################
2016-05-29 12:10:13.113387 
2016-05-29 12:10:13.113406 : ## process/ext_spouse_label__0_by_supervise ##################################
2016-05-29 12:10:13.113424 : # Done: 2016-05-23T15:08:48-0700 (5d 21h 1m 23s ago)
2016-05-29 12:10:13.113444 : process/ext_spouse_label__0_by_supervise/run.sh
2016-05-29 12:10:13.113463 : mark_done process/ext_spouse_label__0_by_supervise
2016-05-29 12:10:13.113481 : ##############################################################################
2016-05-29 12:10:13.113502 
2016-05-29 12:10:13.113522 : ## data/spouse_label__0 ######################################################
2016-05-29 12:10:13.113566 : # Done: 2016-05-23T15:08:48-0700 (5d 21h 1m 23s ago)
2016-05-29 12:10:13.113610 : # no-op
2016-05-29 12:10:13.113634 : mark_done data/spouse_label__0
2016-05-29 12:10:13.113655 : ##############################################################################
2016-05-29 12:10:13.113713 
2016-05-29 12:10:13.113750 : ## process/init/relation/spouses_dbpedia #####################################
2016-05-29 12:10:13.113775 : # Done: 2016-05-23T15:08:28-0700 (5d 21h 1m 43s ago)
2016-05-29 12:10:13.113796 : process/init/relation/spouses_dbpedia/run.sh
2016-05-29 12:10:13.113818 : mark_done process/init/relation/spouses_dbpedia
2016-05-29 12:10:13.113841 : ##############################################################################
2016-05-29 12:10:13.113861 
2016-05-29 12:10:13.113880 : ## data/spouses_dbpedia ######################################################
2016-05-29 12:10:13.113924 : # Done: 2016-05-23T15:08:28-0700 (5d 21h 1m 43s ago)
2016-05-29 12:10:13.113952 : # no-op
2016-05-29 12:10:13.113975 : mark_done data/spouses_dbpedia
2016-05-29 12:10:13.113997 : ##############################################################################
2016-05-29 12:10:13.114017 
2016-05-29 12:10:13.114035 : ## process/ext_spouse_label ##################################################
2016-05-29 12:10:13.114056 : # Done: 2016-05-23T15:08:50-0700 (5d 21h 1m 21s ago)
2016-05-29 12:10:13.114078 : process/ext_spouse_label/run.sh
2016-05-29 12:10:13.114098 : mark_done process/ext_spouse_label
2016-05-29 12:10:13.114119 : ##############################################################################
2016-05-29 12:10:13.114139 
2016-05-29 12:10:13.114160 : ## data/spouse_label #########################################################
2016-05-29 12:10:13.114179 : # Done: 2016-05-23T15:08:50-0700 (5d 21h 1m 21s ago)
2016-05-29 12:10:13.114199 : # no-op
2016-05-29 12:10:13.114273 : mark_done data/spouse_label
2016-05-29 12:10:13.114301 : ##############################################################################
2016-05-29 12:10:13.114323 
2016-05-29 12:10:13.114343 : ## process/ext_spouse_label_resolved #########################################
2016-05-29 12:10:13.114393 : # Done: 2016-05-23T15:08:50-0700 (5d 21h 1m 21s ago)
2016-05-29 12:10:13.114414 : process/ext_spouse_label_resolved/run.sh
2016-05-29 12:10:13.114433 : mark_done process/ext_spouse_label_resolved
2016-05-29 12:10:13.114452 : ##############################################################################
2016-05-29 12:10:13.114470 
2016-05-29 12:10:13.114489 : ## data/spouse_label_resolved ################################################
2016-05-29 12:10:13.114509 : # Done: 2016-05-23T15:08:50-0700 (5d 21h 1m 21s ago)
2016-05-29 12:10:13.114528 : # no-op
2016-05-29 12:10:13.114547 : mark_done data/spouse_label_resolved
2016-05-29 12:10:13.114566 : ##############################################################################
2016-05-29 12:10:13.114584 
2016-05-29 12:10:13.114603 ## process/ext_has_spouse ####################################################
2016-05-29 12:10:13.114648 # Done: 2016-05-25T12:14:54-0700 (3d 23h 55m 17s ago)
2016-05-29 12:10:13.114675 process/ext_has_spouse/run.sh
2016-05-29 12:10:13.114698 ++ dirname process/ext_has_spouse/run.sh
2016-05-29 12:10:13.114720 + cd process/ext_has_spouse
2016-05-29 12:10:13.114741 + export DEEPDIVE_CURRENT_PROCESS_NAME=process/ext_has_spouse
2016-05-29 12:10:13.114761 + DEEPDIVE_CURRENT_PROCESS_NAME=process/ext_has_spouse
2016-05-29 12:10:13.114783 + deepdive create table has_spouse
2016-05-29 12:10:13.703015 NOTICE:  drop cascades to view has_spouse_label_inference
2016-05-29 12:10:13.898792 CREATE TABLE
2016-05-29 12:10:13.899776 + deepdive sql 'INSERT INTO has_spouse SELECT DISTINCT R0.column_0, R0.column_1, 0 AS id, 
2016-05-29 12:10:13.899838 CASE WHEN R0.column_2 > 0 THEN true
2016-05-29 12:10:13.899861      WHEN R0.column_2 < 0 THEN false
2016-05-29 12:10:13.899881      ELSE NULL
2016-05-29 12:10:13.899901 END AS label
2016-05-29 12:10:13.899923           FROM spouse_label_resolved R0
2016-05-29 12:10:13.899947         
2016-05-29 12:10:13.900032           '
2016-05-29 12:10:14.010943 INSERT 0 3211
2016-05-29 12:10:14.012237 mark_done process/ext_has_spouse
2016-05-29 12:10:14.033603 ##############################################################################
2016-05-29 12:10:14.033672 
2016-05-29 12:10:14.033694 ## data/has_spouse ###########################################################
2016-05-29 12:10:14.033715 # Done: 2016-05-25T12:14:54-0700 (3d 23h 55m 17s ago)
2016-05-29 12:10:14.033736 # no-op
2016-05-29 12:10:14.033758 mark_done data/has_spouse
2016-05-29 12:10:14.053024 ##############################################################################
2016-05-29 12:10:14.053093 
