2016-05-20 18:02:15.832623 ‘run/LATEST.COMPILE/180215.763996000’ -> ‘20160520/180215.763996000’
2016-05-20 18:02:15.832967 ‘run/RUNNING.COMPILE’ -> ‘20160520/180215.763996000’
2016-05-20 18:02:15.833027 Parsing DeepDive application (/Users/emerson/Documents/Github/deepdive/examples/Coach_NBA) to generate:
2016-05-20 18:02:15.833103  run/compiled/schema.json
2016-05-20 18:02:15.833137   from app.ddlog
2016-05-20 18:02:16.667310  run/compiled/deepdive.conf
2016-05-20 18:02:16.667504   from app.ddlog
2016-05-20 18:02:17.691260   from deepdive.conf
2016-05-20 18:02:17.700763  run/compiled/deepdive.conf.json
2016-05-20 18:02:18.124122 Performing sanity checks on run/compiled/deepdive.conf.json:
2016-05-20 18:02:18.181270  checking if input_extractors_well_defined
2016-05-20 18:02:18.181335  checking if input_schema_wellformed
2016-05-20 18:02:18.181626 Normalizing and adding built-in processes to the data flow to compile:
2016-05-20 18:02:18.182061  run/compiled/config-0.00-init_objects.json
2016-05-20 18:02:18.207134  run/compiled/config-0.01-parse_calibration.json
2016-05-20 18:02:18.239250  run/compiled/config-0.01-parse_schema.json
2016-05-20 18:02:18.282156  run/compiled/config-0.51-add_init_app.json
2016-05-20 18:02:18.310432  run/compiled/config-0.52-input_loader.json
2016-05-20 18:02:18.335405  run/compiled/config-1.00-qualified_names.json
2016-05-20 18:02:18.364789  run/compiled/config-1.01-parse_inference_rules.json
2016-05-20 18:02:18.414150  run/compiled/config-2.01-grounding.json
2016-05-20 18:02:18.511172  run/compiled/config-2.02-learning_inference.json
2016-05-20 18:02:18.550047  run/compiled/config-2.03-calibration_plots.json
2016-05-20 18:02:18.593879  run/compiled/config-9.98-ensure_init_app.json
2016-05-20 18:02:18.628939  run/compiled/config-9.99-dependencies.json
2016-05-20 18:02:18.673127  run/compiled/config.json
2016-05-20 18:02:18.677410 Validating run/compiled/config.json:
2016-05-20 18:02:18.811128  checking if compiled_base_relations_have_input_data
2016-05-20 18:02:18.811190  [WARNING] input/init.sh should load all base relations: articles spouses_dbpedia 
2016-05-20 18:02:18.811223  checking if compiled_dependencies_correct
2016-05-20 18:02:18.811245  checking if compiled_input_output_well_defined
2016-05-20 18:02:18.811266  checking if compiled_output_uniquely_defined
2016-05-20 18:02:18.811569 Compiling executable code into:
2016-05-20 18:02:18.811887  run/compiled/code-Makefile.json
2016-05-20 18:02:18.851188  run/compiled/code-cmd_extractor.json
2016-05-20 18:02:18.885250  run/compiled/code-dataflow_dot.json
2016-05-20 18:02:18.924693  run/compiled/code-sql_extractor.json
2016-05-20 18:02:18.954571  run/compiled/code-tsv_extractor.json
2016-05-20 18:02:18.993221 Generating files:
2016-05-20 18:02:19.032088  run/Makefile
2016-05-20 18:02:19.057324  run/process/init/app/run.sh
2016-05-20 18:02:19.092303  run/process/init/relation/articles/run.sh
2016-05-20 18:02:19.115436  run/process/init/relation/spouses_dbpedia/run.sh
2016-05-20 18:02:19.142154  run/process/ext_has_spouse/run.sh
2016-05-20 18:02:19.165316  run/process/ext_num_people/run.sh
2016-05-20 18:02:19.193044  run/process/ext_spouse_candidate/run.sh
2016-05-20 18:02:19.223257  run/process/ext_spouse_label/run.sh
2016-05-20 18:02:19.249135  run/process/ext_spouse_label_resolved/run.sh
2016-05-20 18:02:19.276001  run/process/grounding/variable_id_partition/run.sh
2016-05-20 18:02:19.302638  run/process/grounding/variable/has_spouse/assign_id/run.sh
2016-05-20 18:02:19.326228  run/process/grounding/variable_holdout/run.sh
2016-05-20 18:02:19.353461  run/process/grounding/variable/has_spouse/dump/run.sh
2016-05-20 18:02:19.377765  run/process/grounding/factor/inf1_imply_has_spouse_has_spouse/materialize/run.sh
2016-05-20 18:02:19.404602  run/process/grounding/factor/inf_imply_has_spouse_has_spouse/materialize/run.sh
2016-05-20 18:02:19.428153  run/process/grounding/factor/inf_istrue_has_spouse/materialize/run.sh
2016-05-20 18:02:19.455870  run/process/grounding/weight_id_partition/run.sh
2016-05-20 18:02:19.479567  run/process/grounding/global_weight_table/run.sh
2016-05-20 18:02:19.506946  run/process/grounding/factor/inf1_imply_has_spouse_has_spouse/assign_weight_id/run.sh
2016-05-20 18:02:19.530561  run/process/grounding/factor/inf_imply_has_spouse_has_spouse/assign_weight_id/run.sh
2016-05-20 18:02:19.563899  run/process/grounding/factor/inf_istrue_has_spouse/assign_weight_id/run.sh
2016-05-20 18:02:19.601328  run/process/grounding/factor/inf1_imply_has_spouse_has_spouse/dump/run.sh
2016-05-20 18:02:19.633283  run/process/grounding/factor/inf_imply_has_spouse_has_spouse/dump/run.sh
2016-05-20 18:02:19.666668  run/process/grounding/factor/inf_istrue_has_spouse/dump/run.sh
2016-05-20 18:02:19.689913  run/process/grounding/factor/inf1_imply_has_spouse_has_spouse/dump_weights/run.sh
2016-05-20 18:02:19.716577  run/process/grounding/factor/inf_imply_has_spouse_has_spouse/dump_weights/run.sh
2016-05-20 18:02:19.742447  run/process/grounding/factor/inf_istrue_has_spouse/dump_weights/run.sh
2016-05-20 18:02:19.773635  run/process/grounding/combine_factorgraph/run.sh
2016-05-20 18:02:19.800676  run/process/model/learning/run.sh
2016-05-20 18:02:19.827438  run/process/model/inference/run.sh
2016-05-20 18:02:19.855361  run/process/model/load_weights/run.sh
2016-05-20 18:02:19.883187  run/process/model/load_probabilities/run.sh
2016-05-20 18:02:19.911840  run/process/model/calibration/run.sh
2016-05-20 18:02:19.939741  run/dataflow.dot
2016-05-20 18:02:19.964545  run/process/ext_person_mention_by_map_person_mention/run.sh
2016-05-20 18:02:19.992994  run/process/ext_sentences_by_nlp_markup/run.sh
2016-05-20 18:02:20.018252  run/process/ext_spouse_feature_by_extract_spouse_features/run.sh
2016-05-20 18:02:20.053951  run/process/ext_spouse_label__0_by_supervise/run.sh
2016-05-20 18:02:20.090581  run/process/ext_team_mention_by_map_team_mention/run.sh
2016-05-20 18:02:20.154244 Warning: Could not load "/Users/emerson/local/lib/bundled/graphviz/prefix/bin/../lib/graphviz/libgvplugin_pango.6.dylib" - file not found
2016-05-20 18:02:20.162447  run/dataflow.svg
2016-05-20 18:02:20.163980   (file:///Users/emerson/Documents/Github/deepdive/examples/Coach_NBA/run/dataflow.svg)
2016-05-20 18:02:20.172541 mv: cannot move ‘run/compiled’ to ‘run/compiled~’: Directory not empty
