2016-06-02 22:50:00.149802 # on dhcp-169-233-187-63.cruznet.ucsc.edu: deepdive do spouses_dbpedia_negative
2016-06-02 22:50:00.150213 # run/20160602/224957.783566000/plan.sh
2016-06-02 22:50:00.150238 # execution plan for data/spouses_dbpedia_negative
2016-06-02 22:50:00.150250 
2016-06-02 22:50:00.150260 : ## process/init/app ##########################################################
2016-06-02 22:50:00.150270 : # Done: 2016-05-22T17:21:25-0700 (11d 5h 28m 32s ago)
2016-06-02 22:50:00.150280 : process/init/app/run.sh
2016-06-02 22:50:00.150289 : mark_done process/init/app
2016-06-02 22:50:00.150300 : ##############################################################################
2016-06-02 22:50:00.150311 
2016-06-02 22:50:00.150321 : ## process/init/relation/spouses_dbpedia_negative ############################
2016-06-02 22:50:00.150330 : # Done: 2016-05-25T12:13:43-0700 (8d 10h 36m 14s ago)
2016-06-02 22:50:00.150340 : process/init/relation/spouses_dbpedia_negative/run.sh
2016-06-02 22:50:00.150349 : mark_done process/init/relation/spouses_dbpedia_negative
2016-06-02 22:50:00.150360 : ##############################################################################
2016-06-02 22:50:00.150370 
2016-06-02 22:50:00.150379 ## data/spouses_dbpedia_negative #############################################
2016-06-02 22:50:00.150389 # Done: 2016-06-02T22:46:10-0700 (3m 47s ago)
2016-06-02 22:50:00.150398 # no-op
2016-06-02 22:50:00.150408 mark_done data/spouses_dbpedia_negative
2016-06-02 22:50:00.150417 ##############################################################################
2016-06-02 22:50:00.150426 
