2016-06-02 22:41:44.695891 # on dhcp-169-233-187-63.cruznet.ucsc.edu: deepdive do has_spouse
2016-06-02 22:41:44.696282 # run/20160602/224142.860925000/plan.sh
2016-06-02 22:41:44.696318 # execution plan for data/has_spouse
2016-06-02 22:41:44.696340 
2016-06-02 22:41:44.696359 : ## process/init/app ##########################################################
2016-06-02 22:41:44.696378 : # Done: 2016-05-22T17:21:25-0700 (11d 5h 20m 18s ago)
2016-06-02 22:41:44.696397 : process/init/app/run.sh
2016-06-02 22:41:44.696414 : mark_done process/init/app
2016-06-02 22:41:44.696434 : ##############################################################################
2016-06-02 22:41:44.696453 
2016-06-02 22:41:44.696470 : ## process/init/relation/articles ############################################
2016-06-02 22:41:44.696487 : # Done: 2016-05-23T12:16:43-0700 (10d 10h 25m ago)
2016-06-02 22:41:44.696504 : process/init/relation/articles/run.sh
2016-06-02 22:41:44.696521 : mark_done process/init/relation/articles
2016-06-02 22:41:44.696538 : ##############################################################################
2016-06-02 22:41:44.696555 
2016-06-02 22:41:44.696571 : ## data/articles #############################################################
2016-06-02 22:41:44.696588 : # Done: 2016-05-23T12:16:43-0700 (10d 10h 25m ago)
2016-06-02 22:41:44.696606 : # no-op
2016-06-02 22:41:44.696624 : mark_done data/articles
2016-06-02 22:41:44.696642 : ##############################################################################
2016-06-02 22:41:44.696661 
2016-06-02 22:41:44.696680 : ## process/ext_sentences_by_nlp_markup #######################################
2016-06-02 22:41:44.696698 : # Done: 2016-05-23T15:05:01-0700 (10d 7h 36m 42s ago)
2016-06-02 22:41:44.696717 : process/ext_sentences_by_nlp_markup/run.sh
2016-06-02 22:41:44.696736 : mark_done process/ext_sentences_by_nlp_markup
2016-06-02 22:41:44.696756 : ##############################################################################
2016-06-02 22:41:44.696775 
2016-06-02 22:41:44.696794 : ## data/sentences ############################################################
2016-06-02 22:41:44.696812 : # Done: 2016-05-23T15:05:01-0700 (10d 7h 36m 42s ago)
2016-06-02 22:41:44.696832 : # no-op
2016-06-02 22:41:44.696850 : mark_done data/sentences
2016-06-02 22:41:44.696868 : ##############################################################################
2016-06-02 22:41:44.696886 
2016-06-02 22:41:44.696906 : ## process/ext_person_mention_by_map_person_mention ##########################
2016-06-02 22:41:44.696925 : # Done: 2016-05-23T15:05:52-0700 (10d 7h 35m 51s ago)
2016-06-02 22:41:44.696943 : process/ext_person_mention_by_map_person_mention/run.sh
2016-06-02 22:41:44.696961 : mark_done process/ext_person_mention_by_map_person_mention
2016-06-02 22:41:44.696980 : ##############################################################################
2016-06-02 22:41:44.696999 
2016-06-02 22:41:44.697018 : ## data/person_mention #######################################################
2016-06-02 22:41:44.697038 : # Done: 2016-05-23T15:05:52-0700 (10d 7h 35m 51s ago)
2016-06-02 22:41:44.697057 : # no-op
2016-06-02 22:41:44.697076 : mark_done data/person_mention
2016-06-02 22:41:44.697095 : ##############################################################################
2016-06-02 22:41:44.697116 
2016-06-02 22:41:44.697135 : ## process/ext_num_people ####################################################
2016-06-02 22:41:44.697155 : # Done: 2016-05-23T15:06:46-0700 (10d 7h 34m 57s ago)
2016-06-02 22:41:44.697175 : process/ext_num_people/run.sh
2016-06-02 22:41:44.697195 : mark_done process/ext_num_people
2016-06-02 22:41:44.697214 : ##############################################################################
2016-06-02 22:41:44.697232 
2016-06-02 22:41:44.697251 : ## data/num_people ###########################################################
2016-06-02 22:41:44.697269 : # Done: 2016-05-23T15:06:46-0700 (10d 7h 34m 57s ago)
2016-06-02 22:41:44.697288 : # no-op
2016-06-02 22:41:44.697306 : mark_done data/num_people
2016-06-02 22:41:44.697327 : ##############################################################################
2016-06-02 22:41:44.697349 
2016-06-02 22:41:44.697368 : ## process/ext_team_mention_by_map_team_mention ##############################
2016-06-02 22:41:44.697390 : # Done: 2016-05-23T15:06:19-0700 (10d 7h 35m 24s ago)
2016-06-02 22:41:44.697413 : process/ext_team_mention_by_map_team_mention/run.sh
2016-06-02 22:41:44.697436 : mark_done process/ext_team_mention_by_map_team_mention
2016-06-02 22:41:44.697458 : ##############################################################################
2016-06-02 22:41:44.697479 
2016-06-02 22:41:44.697501 : ## data/team_mention #########################################################
2016-06-02 22:41:44.697524 : # Done: 2016-05-23T15:06:19-0700 (10d 7h 35m 24s ago)
2016-06-02 22:41:44.697545 : # no-op
2016-06-02 22:41:44.697568 : mark_done data/team_mention
2016-06-02 22:41:44.697591 : ##############################################################################
2016-06-02 22:41:44.697613 
2016-06-02 22:41:44.697634 : ## process/ext_spouse_candidate ##############################################
2016-06-02 22:41:44.697654 : # Done: 2016-05-23T15:07:38-0700 (10d 7h 34m 5s ago)
2016-06-02 22:41:44.697673 : process/ext_spouse_candidate/run.sh
2016-06-02 22:41:44.697692 : mark_done process/ext_spouse_candidate
2016-06-02 22:41:44.697712 : ##############################################################################
2016-06-02 22:41:44.697732 
2016-06-02 22:41:44.697752 : ## data/spouse_candidate #####################################################
2016-06-02 22:41:44.697772 : # Done: 2016-05-23T15:07:38-0700 (10d 7h 34m 5s ago)
2016-06-02 22:41:44.697791 : # no-op
2016-06-02 22:41:44.697810 : mark_done data/spouse_candidate
2016-06-02 22:41:44.697829 : ##############################################################################
2016-06-02 22:41:44.697849 
2016-06-02 22:41:44.697869 : ## process/ext_spouse_label__0_by_supervise ##################################
2016-06-02 22:41:44.697888 : # Done: 2016-05-23T15:08:48-0700 (10d 7h 32m 55s ago)
2016-06-02 22:41:44.697906 : process/ext_spouse_label__0_by_supervise/run.sh
2016-06-02 22:41:44.697924 : mark_done process/ext_spouse_label__0_by_supervise
2016-06-02 22:41:44.697941 : ##############################################################################
2016-06-02 22:41:44.697959 
2016-06-02 22:41:44.697978 : ## data/spouse_label__0 ######################################################
2016-06-02 22:41:44.697996 : # Done: 2016-05-23T15:08:48-0700 (10d 7h 32m 55s ago)
2016-06-02 22:41:44.698013 : # no-op
2016-06-02 22:41:44.698034 : mark_done data/spouse_label__0
2016-06-02 22:41:44.698054 : ##############################################################################
2016-06-02 22:41:44.698071 
2016-06-02 22:41:44.698090 : ## process/init/relation/spouses_dbpedia #####################################
2016-06-02 22:41:44.698108 : # Done: 2016-06-02T22:27:40-0700 (14m 3s ago)
2016-06-02 22:41:44.698126 : process/init/relation/spouses_dbpedia/run.sh
2016-06-02 22:41:44.698143 : mark_done process/init/relation/spouses_dbpedia
2016-06-02 22:41:44.698162 : ##############################################################################
2016-06-02 22:41:44.698180 
2016-06-02 22:41:44.698198 : ## data/spouses_dbpedia ######################################################
2016-06-02 22:41:44.698239 : # Done: 2016-06-02T22:27:40-0700 (14m 3s ago)
2016-06-02 22:41:44.698337 : # no-op
2016-06-02 22:41:44.698367 : mark_done data/spouses_dbpedia
2016-06-02 22:41:44.698388 : ##############################################################################
2016-06-02 22:41:44.698406 
2016-06-02 22:41:44.698448 : ## process/ext_spouse_label ##################################################
2016-06-02 22:41:44.698468 : # Done: 2016-06-02T22:28:10-0700 (13m 33s ago)
2016-06-02 22:41:44.698522 : process/ext_spouse_label/run.sh
2016-06-02 22:41:44.698550 : mark_done process/ext_spouse_label
2016-06-02 22:41:44.698571 : ##############################################################################
2016-06-02 22:41:44.698592 
2016-06-02 22:41:44.698611 : ## data/spouse_label #########################################################
2016-06-02 22:41:44.698631 : # Done: 2016-06-02T22:28:10-0700 (13m 33s ago)
2016-06-02 22:41:44.698650 : # no-op
2016-06-02 22:41:44.698670 : mark_done data/spouse_label
2016-06-02 22:41:44.698688 : ##############################################################################
2016-06-02 22:41:44.698707 
2016-06-02 22:41:44.698727 : ## process/ext_spouse_label_resolved #########################################
2016-06-02 22:41:44.698744 : # Done: 2016-06-02T22:28:10-0700 (13m 33s ago)
2016-06-02 22:41:44.698763 : process/ext_spouse_label_resolved/run.sh
2016-06-02 22:41:44.698782 : mark_done process/ext_spouse_label_resolved
2016-06-02 22:41:44.698801 : ##############################################################################
2016-06-02 22:41:44.698819 
2016-06-02 22:41:44.698837 : ## data/spouse_label_resolved ################################################
2016-06-02 22:41:44.698855 : # Done: 2016-06-02T22:28:10-0700 (13m 33s ago)
2016-06-02 22:41:44.698873 : # no-op
2016-06-02 22:41:44.698893 : mark_done data/spouse_label_resolved
2016-06-02 22:41:44.698913 : ##############################################################################
2016-06-02 22:41:44.698933 
2016-06-02 22:41:44.698951 : ## process/init/relation/spouses_dbpedia_negative ############################
2016-06-02 22:41:44.698969 : # Done: 2016-05-25T12:13:43-0700 (8d 10h 28m ago)
2016-06-02 22:41:44.698988 : process/init/relation/spouses_dbpedia_negative/run.sh
2016-06-02 22:41:44.699007 : mark_done process/init/relation/spouses_dbpedia_negative
2016-06-02 22:41:44.699028 : ##############################################################################
2016-06-02 22:41:44.699054 
2016-06-02 22:41:44.699083 : ## data/spouses_dbpedia_negative #############################################
2016-06-02 22:41:44.699104 : # Done: 2016-06-02T22:27:46-0700 (13m 57s ago)
2016-06-02 22:41:44.699125 : # no-op
2016-06-02 22:41:44.699145 : mark_done data/spouses_dbpedia_negative
2016-06-02 22:41:44.699166 : ##############################################################################
2016-06-02 22:41:44.699186 
2016-06-02 22:41:44.699207 ## process/ext_has_spouse ####################################################
2016-06-02 22:41:44.699228 : # Done: 2016-05-29T12:10:14-0700 (4d 10h 31m 29s ago)
2016-06-02 22:41:44.699249 # Done: 2016-05-29T12:10:14-0700 (4d 10h 31m 28s ago)
2016-06-02 22:41:44.699269 process/ext_has_spouse/run.sh
2016-06-02 22:41:44.699290 ++ dirname process/ext_has_spouse/run.sh
2016-06-02 22:41:44.699310 + cd process/ext_has_spouse
2016-06-02 22:41:44.699331 + export DEEPDIVE_CURRENT_PROCESS_NAME=process/ext_has_spouse
2016-06-02 22:41:44.699351 + DEEPDIVE_CURRENT_PROCESS_NAME=process/ext_has_spouse
2016-06-02 22:41:44.699372 + deepdive create table has_spouse
2016-06-02 22:41:44.833736 CREATE TABLE
2016-06-02 22:41:44.834819 + deepdive sql 'INSERT INTO has_spouse SELECT DISTINCT R0.column_0, R0.column_1, 0 AS id, 
2016-06-02 22:41:44.834884 CASE WHEN R0.column_2 > 0 THEN true
2016-06-02 22:41:44.834907      WHEN R0.column_2 < 0 THEN false
2016-06-02 22:41:44.834924      ELSE NULL
2016-06-02 22:41:44.834941 END AS label
2016-06-02 22:41:44.834959           FROM spouse_label_resolved R0
2016-06-02 22:41:44.834975         
2016-06-02 22:41:44.834991           
2016-06-02 22:41:44.835009 UNION ALL
2016-06-02 22:41:44.835028 SELECT R0.mention_id AS "person_mention.R0.mention_id", R1.team_id AS "team_mention.R1.team_id", 0 AS id, false AS label
2016-06-02 22:41:44.835049 FROM person_mention R0, team_mention R1, spouses_dbpedia_negative R2
2016-06-02 22:41:44.835102         WHERE R2.p_name = R0.mention_text  AND R2.t_name = R1.team_text '
2016-06-02 22:41:48.628214 INSERT 0 1031504
2016-06-02 22:41:48.630197 mark_done process/ext_has_spouse
2016-06-02 22:41:48.671263 ##############################################################################
2016-06-02 22:41:48.671362 
2016-06-02 22:41:48.671402 ## data/has_spouse ###########################################################
2016-06-02 22:41:48.671422 : # Done: 2016-05-29T12:10:14-0700 (4d 10h 31m 29s ago)
2016-06-02 22:41:48.671443 # Done: 2016-05-29T12:10:14-0700 (4d 10h 31m 28s ago)
2016-06-02 22:41:48.671464 # no-op
2016-06-02 22:41:48.671508 mark_done data/has_spouse
2016-06-02 22:41:48.695881 ##############################################################################
2016-06-02 22:41:48.695957 
