2016-06-02 23:01:09.164411 # on dhcp-169-233-187-63.cruznet.ucsc.edu: deepdive do has_spouse
2016-06-02 23:01:09.166305 # run/20160602/225432.511517000/plan.sh
2016-06-02 23:01:09.166380 # execution plan for data/has_spouse
2016-06-02 23:01:09.166409 
2016-06-02 23:01:09.166451 : ## process/init/app ##########################################################
2016-06-02 23:01:09.166482 : # Done: 2016-05-22T17:21:25-0700 (11d 5h 33m 7s ago)
2016-06-02 23:01:09.166504 : process/init/app/run.sh
2016-06-02 23:01:09.166523 : mark_done process/init/app
2016-06-02 23:01:09.166556 : ##############################################################################
2016-06-02 23:01:09.166585 
2016-06-02 23:01:09.166601 : ## process/init/relation/articles ############################################
2016-06-02 23:01:09.166624 : # Done: 2016-05-23T12:16:43-0700 (10d 10h 37m 49s ago)
2016-06-02 23:01:09.166644 : process/init/relation/articles/run.sh
2016-06-02 23:01:09.166664 : mark_done process/init/relation/articles
2016-06-02 23:01:09.166694 : ##############################################################################
2016-06-02 23:01:09.166724 
2016-06-02 23:01:09.166740 : ## data/articles #############################################################
2016-06-02 23:01:09.166762 : # Done: 2016-05-23T12:16:43-0700 (10d 10h 37m 49s ago)
2016-06-02 23:01:09.166814 : # no-op
2016-06-02 23:01:09.166845 : mark_done data/articles
2016-06-02 23:01:09.166868 : ##############################################################################
2016-06-02 23:01:09.166901 
2016-06-02 23:01:09.166924 : ## process/ext_sentences_by_nlp_markup #######################################
2016-06-02 23:01:09.166946 : # Done: 2016-05-23T15:05:01-0700 (10d 7h 49m 31s ago)
2016-06-02 23:01:09.166990 : process/ext_sentences_by_nlp_markup/run.sh
2016-06-02 23:01:09.167012 : mark_done process/ext_sentences_by_nlp_markup
2016-06-02 23:01:09.167045 : ##############################################################################
2016-06-02 23:01:09.167070 
2016-06-02 23:01:09.167112 : ## data/sentences ############################################################
2016-06-02 23:01:09.167154 : # Done: 2016-05-23T15:05:01-0700 (10d 7h 49m 31s ago)
2016-06-02 23:01:09.167198 : # no-op
2016-06-02 23:01:09.167224 : mark_done data/sentences
2016-06-02 23:01:09.167241 : ##############################################################################
2016-06-02 23:01:09.167280 
2016-06-02 23:01:09.167316 : ## process/ext_person_mention_by_map_person_mention ##########################
2016-06-02 23:01:09.167347 : # Done: 2016-05-23T15:05:52-0700 (10d 7h 48m 40s ago)
2016-06-02 23:01:09.167404 : process/ext_person_mention_by_map_person_mention/run.sh
2016-06-02 23:01:09.167454 : mark_done process/ext_person_mention_by_map_person_mention
2016-06-02 23:01:09.167480 : ##############################################################################
2016-06-02 23:01:09.167535 
2016-06-02 23:01:09.167589 : ## data/person_mention #######################################################
2016-06-02 23:01:09.167612 : # Done: 2016-05-23T15:05:52-0700 (10d 7h 48m 40s ago)
2016-06-02 23:01:09.167632 : # no-op
2016-06-02 23:01:09.167684 : mark_done data/person_mention
2016-06-02 23:01:09.167705 : ##############################################################################
2016-06-02 23:01:09.167722 
2016-06-02 23:01:09.167765 : ## process/ext_num_people ####################################################
2016-06-02 23:01:09.167795 : # Done: 2016-05-23T15:06:46-0700 (10d 7h 47m 46s ago)
2016-06-02 23:01:09.167808 : process/ext_num_people/run.sh
2016-06-02 23:01:09.167820 : mark_done process/ext_num_people
2016-06-02 23:01:09.167852 : ##############################################################################
2016-06-02 23:01:09.167904 
2016-06-02 23:01:09.167927 : ## data/num_people ###########################################################
2016-06-02 23:01:09.167941 : # Done: 2016-05-23T15:06:46-0700 (10d 7h 47m 46s ago)
2016-06-02 23:01:09.167979 : # no-op
2016-06-02 23:01:09.168011 : mark_done data/num_people
2016-06-02 23:01:09.168036 : ##############################################################################
2016-06-02 23:01:09.168056 
2016-06-02 23:01:09.168092 : ## process/ext_team_mention_by_map_team_mention ##############################
2016-06-02 23:01:09.168136 : # Done: 2016-05-23T15:06:19-0700 (10d 7h 48m 13s ago)
2016-06-02 23:01:09.168187 : process/ext_team_mention_by_map_team_mention/run.sh
2016-06-02 23:01:09.168246 : mark_done process/ext_team_mention_by_map_team_mention
2016-06-02 23:01:09.168271 : ##############################################################################
2016-06-02 23:01:09.168292 
2016-06-02 23:01:09.168311 : ## data/team_mention #########################################################
2016-06-02 23:01:09.168331 : # Done: 2016-05-23T15:06:19-0700 (10d 7h 48m 13s ago)
2016-06-02 23:01:09.168363 : # no-op
2016-06-02 23:01:09.168386 : mark_done data/team_mention
2016-06-02 23:01:09.168420 : ##############################################################################
2016-06-02 23:01:09.168442 
2016-06-02 23:01:09.168474 : ## process/ext_spouse_candidate ##############################################
2016-06-02 23:01:09.168494 : # Done: 2016-05-23T15:07:38-0700 (10d 7h 46m 54s ago)
2016-06-02 23:01:09.168529 : process/ext_spouse_candidate/run.sh
2016-06-02 23:01:09.168564 : mark_done process/ext_spouse_candidate
2016-06-02 23:01:09.168587 : ##############################################################################
2016-06-02 23:01:09.168609 
2016-06-02 23:01:09.168686 : ## data/spouse_candidate #####################################################
2016-06-02 23:01:09.168733 : # Done: 2016-05-23T15:07:38-0700 (10d 7h 46m 54s ago)
2016-06-02 23:01:09.168770 : # no-op
2016-06-02 23:01:09.168807 : mark_done data/spouse_candidate
2016-06-02 23:01:09.168843 : ##############################################################################
2016-06-02 23:01:09.168863 
2016-06-02 23:01:09.168893 : ## process/ext_spouse_label__0_by_supervise ##################################
2016-06-02 23:01:09.168918 : # Done: 2016-05-23T15:08:48-0700 (10d 7h 45m 44s ago)
2016-06-02 23:01:09.168935 : process/ext_spouse_label__0_by_supervise/run.sh
2016-06-02 23:01:09.168974 : mark_done process/ext_spouse_label__0_by_supervise
2016-06-02 23:01:09.169009 : ##############################################################################
2016-06-02 23:01:09.169058 
2016-06-02 23:01:09.169096 : ## data/spouse_label__0 ######################################################
2016-06-02 23:01:09.169116 : # Done: 2016-05-23T15:08:48-0700 (10d 7h 45m 45s ago)
2016-06-02 23:01:09.169131 : # no-op
2016-06-02 23:01:09.169165 : mark_done data/spouse_label__0
2016-06-02 23:01:09.169187 : ##############################################################################
2016-06-02 23:01:09.169262 
2016-06-02 23:01:09.169285 : ## process/init/relation/spouses_dbpedia #####################################
2016-06-02 23:01:09.169363 : # Done: 2016-06-02T22:27:40-0700 (26m 53s ago)
2016-06-02 23:01:09.169399 : process/init/relation/spouses_dbpedia/run.sh
2016-06-02 23:01:09.169544 : mark_done process/init/relation/spouses_dbpedia
2016-06-02 23:01:09.169575 : ##############################################################################
2016-06-02 23:01:09.169646 
2016-06-02 23:01:09.169698 : ## data/spouses_dbpedia ######################################################
2016-06-02 23:01:09.169727 : # Done: 2016-06-02T22:27:40-0700 (26m 53s ago)
2016-06-02 23:01:09.169749 : # no-op
2016-06-02 23:01:09.169772 : mark_done data/spouses_dbpedia
2016-06-02 23:01:09.169795 : ##############################################################################
2016-06-02 23:01:09.169834 
2016-06-02 23:01:09.169902 : ## process/ext_spouse_label ##################################################
2016-06-02 23:01:09.169966 : # Done: 2016-06-02T22:28:10-0700 (26m 23s ago)
2016-06-02 23:01:09.169996 : process/ext_spouse_label/run.sh
2016-06-02 23:01:09.170050 : mark_done process/ext_spouse_label
2016-06-02 23:01:09.170075 : ##############################################################################
2016-06-02 23:01:09.170114 
2016-06-02 23:01:09.170136 : ## data/spouse_label #########################################################
2016-06-02 23:01:09.170180 : # Done: 2016-06-02T22:28:10-0700 (26m 23s ago)
2016-06-02 23:01:09.170205 : # no-op
2016-06-02 23:01:09.170246 : mark_done data/spouse_label
2016-06-02 23:01:09.170273 : ##############################################################################
2016-06-02 23:01:09.170294 
2016-06-02 23:01:09.170340 : ## process/ext_spouse_label_resolved #########################################
2016-06-02 23:01:09.170383 : # Done: 2016-06-02T22:28:10-0700 (26m 23s ago)
2016-06-02 23:01:09.170410 : process/ext_spouse_label_resolved/run.sh
2016-06-02 23:01:09.170444 : mark_done process/ext_spouse_label_resolved
2016-06-02 23:01:09.170466 : ##############################################################################
2016-06-02 23:01:09.170507 
2016-06-02 23:01:09.170544 : ## data/spouse_label_resolved ################################################
2016-06-02 23:01:09.170569 : # Done: 2016-06-02T22:28:10-0700 (26m 23s ago)
2016-06-02 23:01:09.170591 : # no-op
2016-06-02 23:01:09.170613 : mark_done data/spouse_label_resolved
2016-06-02 23:01:09.170634 : ##############################################################################
2016-06-02 23:01:09.170654 
2016-06-02 23:01:09.170677 : ## process/init/relation/spouses_dbpedia_negative ############################
2016-06-02 23:01:09.170699 : # Done: 2016-05-25T12:13:43-0700 (8d 10h 40m 50s ago)
2016-06-02 23:01:09.170721 : process/init/relation/spouses_dbpedia_negative/run.sh
2016-06-02 23:01:09.170743 : mark_done process/init/relation/spouses_dbpedia_negative
2016-06-02 23:01:09.170763 : ##############################################################################
2016-06-02 23:01:09.170784 
2016-06-02 23:01:09.170806 : ## data/spouses_dbpedia_negative #############################################
2016-06-02 23:01:09.170828 : # Done: 2016-06-02T22:50:00-0700 (4m 33s ago)
2016-06-02 23:01:09.170850 : # no-op
2016-06-02 23:01:09.170872 : mark_done data/spouses_dbpedia_negative
2016-06-02 23:01:09.170892 : ##############################################################################
2016-06-02 23:01:09.170914 
2016-06-02 23:01:09.170935 ## process/ext_has_spouse ####################################################
2016-06-02 23:01:09.170958 : # Done: 2016-06-02T22:41:48-0700 (12m 45s ago)
2016-06-02 23:01:09.170979 # Done: 2016-06-02T22:41:48-0700 (12m 44s ago)
2016-06-02 23:01:09.171000 process/ext_has_spouse/run.sh
2016-06-02 23:01:09.171022 ++ dirname process/ext_has_spouse/run.sh
2016-06-02 23:01:09.171045 + cd process/ext_has_spouse
2016-06-02 23:01:09.171068 + export DEEPDIVE_CURRENT_PROCESS_NAME=process/ext_has_spouse
2016-06-02 23:01:09.171090 + DEEPDIVE_CURRENT_PROCESS_NAME=process/ext_has_spouse
2016-06-02 23:01:09.171112 + deepdive create table has_spouse
2016-06-02 23:01:09.819426 CREATE TABLE
2016-06-02 23:01:09.820772 + deepdive sql 'INSERT INTO has_spouse SELECT DISTINCT R0.column_0, R0.column_1, 0 AS id, 
2016-06-02 23:01:09.820833 CASE WHEN R0.column_2 > 0 THEN true
2016-06-02 23:01:09.820857      WHEN R0.column_2 < 0 THEN false
2016-06-02 23:01:09.820919      ELSE NULL
2016-06-02 23:01:09.820961 END AS label
2016-06-02 23:01:09.820988           FROM spouse_label_resolved R0
2016-06-02 23:01:09.821015         
2016-06-02 23:01:09.821038           
2016-06-02 23:01:09.821106 UNION ALL
2016-06-02 23:01:09.821130 SELECT R0.mention_id AS "person_mention.R0.mention_id", R1.team_id AS "team_mention.R1.team_id", 0 AS id, false AS label
2016-06-02 23:01:09.821155 FROM person_mention R0, team_mention R1, spouses_dbpedia_negative R2
2016-06-02 23:01:09.821180         WHERE R2.p_name = R0.mention_text  AND R2.t_name = R1.team_text '
2016-06-02 23:01:15.636798 INSERT 0 2059797
2016-06-02 23:01:15.639300 mark_done process/ext_has_spouse
2016-06-02 23:01:15.689133 ##############################################################################
2016-06-02 23:01:15.689213 
2016-06-02 23:01:15.689245 ## data/has_spouse ###########################################################
2016-06-02 23:01:15.689267 : # Done: 2016-06-02T22:41:48-0700 (12m 45s ago)
2016-06-02 23:01:15.689289 # Done: 2016-06-02T22:41:48-0700 (12m 44s ago)
2016-06-02 23:01:15.689387 # no-op
2016-06-02 23:01:15.689415 mark_done data/has_spouse
2016-06-02 23:01:15.711120 ##############################################################################
2016-06-02 23:01:15.711209 
