2016-05-25 12:11:57.393657 # on dhcp-169-233-164-19.cruznet.ucsc.edu: deepdive do spouses_dbpedia_negative
2016-05-25 12:11:57.393971 # run/20160525/121156.270714000/plan.sh
2016-05-25 12:11:57.394003 # execution plan for data/spouses_dbpedia_negative
2016-05-25 12:11:57.394027 
2016-05-25 12:11:57.394046 : ## process/init/app ##########################################################
2016-05-25 12:11:57.394064 : # Done: 2016-05-22T17:21:25-0700 (2d 18h 50m 31s ago)
2016-05-25 12:11:57.394083 : process/init/app/run.sh
2016-05-25 12:11:57.394101 : mark_done process/init/app
2016-05-25 12:11:57.394120 : ##############################################################################
2016-05-25 12:11:57.394140 
2016-05-25 12:11:57.394159 ## process/init/relation/spouses_dbpedia_negative ############################
2016-05-25 12:11:57.394177 # Done: N/A
2016-05-25 12:11:57.394195 process/init/relation/spouses_dbpedia_negative/run.sh
2016-05-25 12:11:57.394214 ++ dirname process/init/relation/spouses_dbpedia_negative/run.sh
2016-05-25 12:11:57.394234 + cd process/init/relation/spouses_dbpedia_negative
2016-05-25 12:11:57.394252 + export DEEPDIVE_CURRENT_PROCESS_NAME=process/init/relation/spouses_dbpedia_negative
2016-05-25 12:11:57.394271 + DEEPDIVE_CURRENT_PROCESS_NAME=process/init/relation/spouses_dbpedia_negative
2016-05-25 12:11:57.394291 + deepdive create table spouses_dbpedia_negative
2016-05-25 12:11:57.520504 CREATE TABLE
2016-05-25 12:11:57.521962 + deepdive load spouses_dbpedia_negative
2016-05-25 12:11:57.618374 parse error: Expected separator between values at line 2206, column 38
