2016-05-22 17:23:58.482560 # on eduroam-169-233-210-202.ucsc.edu: deepdive do articles
2016-05-22 17:23:58.482919 # run/20160522/172356.683488000/plan.sh
2016-05-22 17:23:58.482947 # execution plan for data/articles
2016-05-22 17:23:58.482966 
2016-05-22 17:23:58.482985 : ## process/init/app ##########################################################
2016-05-22 17:23:58.483003 : # Done: 2016-05-22T17:21:25-0700 (2m 31s ago)
2016-05-22 17:23:58.483020 : process/init/app/run.sh
2016-05-22 17:23:58.483038 : mark_done process/init/app
2016-05-22 17:23:58.483055 : ##############################################################################
2016-05-22 17:23:58.483072 
2016-05-22 17:23:58.483090 ## process/init/relation/articles ############################################
2016-05-22 17:23:58.483134 # Done: 2016-05-22T17:21:25-0700 (2m 31s ago)
2016-05-22 17:23:58.483157 process/init/relation/articles/run.sh
2016-05-22 17:23:58.483177 ++ dirname process/init/relation/articles/run.sh
2016-05-22 17:23:58.483197 + cd process/init/relation/articles
2016-05-22 17:23:58.483216 + export DEEPDIVE_CURRENT_PROCESS_NAME=process/init/relation/articles
2016-05-22 17:23:58.483236 + DEEPDIVE_CURRENT_PROCESS_NAME=process/init/relation/articles
2016-05-22 17:23:58.483257 + deepdive create table articles
2016-05-22 17:23:58.604608 CREATE TABLE
2016-05-22 17:23:58.605515 + deepdive load articles
2016-05-22 17:23:58.705250 Loading articles from input/articles.tsv.sh (tsv format)
2016-05-22 17:23:58.714102 ERROR: Missing /Users/emerson/Documents/Github/deepdive/examples/coach_nba/input/signalmedia/signalmedia-1m.jsonl
2016-05-22 17:23:58.714166 # Please Download it from http://research.signalmedia.co/newsir16/signal-dataset.html
2016-05-22 17:23:58.714191 
2016-05-22 17:23:58.714212 # Alternatively, use our sampled data by running:
2016-05-22 17:23:58.714232 deepdive load articles input/articles-100.tsv.bz2
2016-05-22 17:23:58.714251 
2016-05-22 17:23:58.714272 # Or, skipping all NLP markup processes by running:
2016-05-22 17:23:58.714289 deepdive create table sentences
2016-05-22 17:23:58.714305 deepdive load sentences
2016-05-22 17:23:58.714321 deepdive mark done sentences
2016-05-22 17:23:58.748953 COPY 0
2016-05-22 17:23:58.756143 mark_done process/init/relation/articles
2016-05-22 17:23:58.777716 ##############################################################################
2016-05-22 17:23:58.777785 
2016-05-22 17:23:58.777808 ## data/articles #############################################################
2016-05-22 17:23:58.777829 # Done: 2016-05-22T17:21:25-0700 (2m 31s ago)
2016-05-22 17:23:58.777932 # no-op
2016-05-22 17:23:58.777957 mark_done data/articles
2016-05-22 17:23:58.797382 ##############################################################################
2016-05-22 17:23:58.797454 
