2016-05-19 21:54:37.138924 ‘run/LATEST.COMPILE’ -> ‘20160519/215437.067902000’
2016-05-19 21:54:37.139266 ‘run/RUNNING.COMPILE’ -> ‘20160519/215437.067902000’
2016-05-19 21:54:37.139303 Parsing DeepDive application (/Users/emerson/Documents/Github/deepdive/examples/spouse) to generate:
2016-05-19 21:54:37.139330  run/compiled/schema.json
2016-05-19 21:54:37.139353   from app.ddlog
2016-05-19 21:54:38.279470  run/compiled/deepdive.conf
2016-05-19 21:54:38.279791   from app.ddlog
2016-05-19 21:54:39.490872   from deepdive.conf
2016-05-19 21:54:39.501609  run/compiled/deepdive.conf.json
2016-05-19 21:54:39.947858 Performing sanity checks on run/compiled/deepdive.conf.json:
2016-05-19 21:54:40.014783  checking if input_extractors_well_defined
2016-05-19 21:54:40.014857  checking if input_schema_wellformed
2016-05-19 21:54:40.015352 Normalizing and adding built-in processes to the data flow to compile:
2016-05-19 21:54:40.016530  run/compiled/config-0.00-init_objects.json
2016-05-19 21:54:40.041282  run/compiled/config-0.01-parse_calibration.json
2016-05-19 21:54:40.067886  run/compiled/config-0.01-parse_schema.json
2016-05-19 21:54:40.104222  run/compiled/config-0.51-add_init_app.json
2016-05-19 21:54:40.139565  run/compiled/config-0.52-input_loader.json
2016-05-19 21:54:40.167115  run/compiled/config-1.00-qualified_names.json
2016-05-19 21:54:40.211381  run/compiled/config-1.01-parse_inference_rules.json
2016-05-19 21:54:40.255675  run/compiled/config-2.01-grounding.json
2016-05-19 21:54:40.371248  run/compiled/config-2.02-learning_inference.json
2016-05-19 21:54:40.402306  run/compiled/config-2.03-calibration_plots.json
2016-05-19 21:54:40.438900  run/compiled/config-9.98-ensure_init_app.json
2016-05-19 21:54:40.466838  run/compiled/config-9.99-dependencies.json
2016-05-19 21:54:40.504038  run/compiled/config.json
2016-05-19 21:54:40.508433 Validating run/compiled/config.json:
2016-05-19 21:54:40.640543  checking if compiled_base_relations_have_input_data
2016-05-19 21:54:40.640593  [WARNING] input/init.sh should load all base relations: articles spouses_dbpedia 
2016-05-19 21:54:40.640608  checking if compiled_dependencies_correct
2016-05-19 21:54:40.640634  checking if compiled_input_output_well_defined
2016-05-19 21:54:40.640656  checking if compiled_output_uniquely_defined
2016-05-19 21:54:40.640919 Compiling executable code into:
2016-05-19 21:54:40.641237  run/compiled/code-Makefile.json
2016-05-19 21:54:40.671988  run/compiled/code-cmd_extractor.json
2016-05-19 21:54:40.710920  run/compiled/code-dataflow_dot.json
2016-05-19 21:54:40.750373  run/compiled/code-sql_extractor.json
2016-05-19 21:54:40.781991  run/compiled/code-tsv_extractor.json
2016-05-19 21:54:40.831827 Generating files:
2016-05-19 21:54:40.862418  run/Makefile
2016-05-19 21:54:40.880560  run/process/init/app/run.sh
2016-05-19 21:54:40.894056  run/process/init/relation/articles/run.sh
2016-05-19 21:54:40.909683  run/process/init/relation/spouses_dbpedia/run.sh
2016-05-19 21:54:40.921989  run/process/ext_has_spouse/run.sh
2016-05-19 21:54:40.935314  run/process/ext_num_people/run.sh
2016-05-19 21:54:40.951322  run/process/ext_spouse_candidate/run.sh
2016-05-19 21:54:40.965624  run/process/ext_spouse_label/run.sh
2016-05-19 21:54:40.986215  run/process/ext_spouse_label_resolved/run.sh
2016-05-19 21:54:41.007105  run/process/grounding/variable_id_partition/run.sh
2016-05-19 21:54:41.020439  run/process/grounding/variable/has_spouse/assign_id/run.sh
2016-05-19 21:54:41.036827  run/process/grounding/variable_holdout/run.sh
2016-05-19 21:54:41.055183  run/process/grounding/variable/has_spouse/dump/run.sh
2016-05-19 21:54:41.068509  run/process/grounding/factor/inf1_imply_has_spouse_has_spouse/materialize/run.sh
2016-05-19 21:54:41.088546  run/process/grounding/factor/inf_imply_has_spouse_has_spouse/materialize/run.sh
2016-05-19 21:54:41.104058  run/process/grounding/factor/inf_istrue_has_spouse/materialize/run.sh
2016-05-19 21:54:41.119500  run/process/grounding/weight_id_partition/run.sh
2016-05-19 21:54:41.138984  run/process/grounding/global_weight_table/run.sh
2016-05-19 21:54:41.154061  run/process/grounding/factor/inf1_imply_has_spouse_has_spouse/assign_weight_id/run.sh
2016-05-19 21:54:41.167437  run/process/grounding/factor/inf_imply_has_spouse_has_spouse/assign_weight_id/run.sh
2016-05-19 21:54:41.186581  run/process/grounding/factor/inf_istrue_has_spouse/assign_weight_id/run.sh
2016-05-19 21:54:41.202120  run/process/grounding/factor/inf1_imply_has_spouse_has_spouse/dump/run.sh
2016-05-19 21:54:41.218648  run/process/grounding/factor/inf_imply_has_spouse_has_spouse/dump/run.sh
2016-05-19 21:54:41.233410  run/process/grounding/factor/inf_istrue_has_spouse/dump/run.sh
2016-05-19 21:54:41.247990  run/process/grounding/factor/inf1_imply_has_spouse_has_spouse/dump_weights/run.sh
2016-05-19 21:54:41.261997  run/process/grounding/factor/inf_imply_has_spouse_has_spouse/dump_weights/run.sh
2016-05-19 21:54:41.282154  run/process/grounding/factor/inf_istrue_has_spouse/dump_weights/run.sh
2016-05-19 21:54:41.307536  run/process/grounding/combine_factorgraph/run.sh
2016-05-19 21:54:41.320427  run/process/model/learning/run.sh
2016-05-19 21:54:41.336915  run/process/model/inference/run.sh
2016-05-19 21:54:41.355484  run/process/model/load_weights/run.sh
2016-05-19 21:54:41.368524  run/process/model/load_probabilities/run.sh
2016-05-19 21:54:41.386087  run/process/model/calibration/run.sh
2016-05-19 21:54:41.400221  run/dataflow.dot
2016-05-19 21:54:41.413916  run/process/ext_person_mention_by_map_person_mention/run.sh
2016-05-19 21:54:41.430574  run/process/ext_sentences_by_nlp_markup/run.sh
2016-05-19 21:54:41.445356  run/process/ext_spouse_feature_by_extract_spouse_features/run.sh
2016-05-19 21:54:41.461306  run/process/ext_spouse_label__0_by_supervise/run.sh
2016-05-19 21:54:41.513563 Warning: Could not load "/Users/emerson/local/lib/bundled/graphviz/prefix/bin/../lib/graphviz/libgvplugin_pango.6.dylib" - file not found
2016-05-19 21:54:41.526963  run/dataflow.svg
2016-05-19 21:54:41.528210   (file:///Users/emerson/Documents/Github/deepdive/examples/spouse/run/dataflow.svg)
2016-05-19 21:54:41.531805 ‘run/compiled’ -> ‘20160519/215437.067902000’
