2016-05-21 12:54:11.263652 ‘run/LATEST.COMPILE/125411.194330000’ -> ‘20160521/125411.194330000’
2016-05-21 12:54:11.264018 ‘run/RUNNING.COMPILE’ -> ‘20160521/125411.194330000’
2016-05-21 12:54:11.264055 Parsing DeepDive application (/Users/emerson/Documents/Github/deepdive/examples/Coach_NBA) to generate:
2016-05-21 12:54:11.264085  run/compiled/schema.json
2016-05-21 12:54:11.264107   from app.ddlog
2016-05-21 12:54:12.212686  run/compiled/deepdive.conf
2016-05-21 12:54:12.213063   from app.ddlog
2016-05-21 12:54:13.255140   from deepdive.conf
2016-05-21 12:54:13.267065  run/compiled/deepdive.conf.json
2016-05-21 12:54:13.665551 Performing sanity checks on run/compiled/deepdive.conf.json:
2016-05-21 12:54:13.723461  checking if input_extractors_well_defined
2016-05-21 12:54:13.723526  checking if input_schema_wellformed
2016-05-21 12:54:13.723913 Normalizing and adding built-in processes to the data flow to compile:
2016-05-21 12:54:13.724352  run/compiled/config-0.00-init_objects.json
2016-05-21 12:54:13.751314  run/compiled/config-0.01-parse_calibration.json
2016-05-21 12:54:13.778810  run/compiled/config-0.01-parse_schema.json
2016-05-21 12:54:13.810911  run/compiled/config-0.51-add_init_app.json
2016-05-21 12:54:13.843750  run/compiled/config-0.52-input_loader.json
2016-05-21 12:54:13.872352  run/compiled/config-1.00-qualified_names.json
2016-05-21 12:54:13.903034  run/compiled/config-1.01-parse_inference_rules.json
2016-05-21 12:54:13.947493  run/compiled/config-2.01-grounding.json
2016-05-21 12:54:14.053790  run/compiled/config-2.02-learning_inference.json
2016-05-21 12:54:14.092207  run/compiled/config-2.03-calibration_plots.json
2016-05-21 12:54:14.137112  run/compiled/config-9.98-ensure_init_app.json
2016-05-21 12:54:14.168056  run/compiled/config-9.99-dependencies.json
2016-05-21 12:54:14.210792  run/compiled/config.json
2016-05-21 12:54:14.214727 Validating run/compiled/config.json:
2016-05-21 12:54:14.351547  checking if compiled_base_relations_have_input_data
2016-05-21 12:54:14.351606  [WARNING] input/init.sh should load all base relations: articles spouses_dbpedia 
2016-05-21 12:54:14.351638  checking if compiled_dependencies_correct
2016-05-21 12:54:14.351662  checking if compiled_input_output_well_defined
2016-05-21 12:54:14.351684  checking if compiled_output_uniquely_defined
2016-05-21 12:54:14.352015 Compiling executable code into:
2016-05-21 12:54:14.352301  run/compiled/code-Makefile.json
2016-05-21 12:54:14.386519  run/compiled/code-cmd_extractor.json
2016-05-21 12:54:14.434615  run/compiled/code-dataflow_dot.json
2016-05-21 12:54:14.467063  run/compiled/code-sql_extractor.json
2016-05-21 12:54:14.499249  run/compiled/code-tsv_extractor.json
2016-05-21 12:54:14.532647 Generating files:
2016-05-21 12:54:14.577403  run/Makefile
2016-05-21 12:54:14.597865  run/process/init/app/run.sh
2016-05-21 12:54:14.623586  run/process/init/relation/articles/run.sh
2016-05-21 12:54:14.650276  run/process/init/relation/spouses_dbpedia/run.sh
2016-05-21 12:54:14.682133  run/process/ext_has_spouse/run.sh
2016-05-21 12:54:14.704448  run/process/ext_num_people/run.sh
2016-05-21 12:54:14.728982  run/process/ext_num_team/run.sh
2016-05-21 12:54:14.756095  run/process/ext_spouse_candidate/run.sh
2016-05-21 12:54:14.779227  run/process/ext_spouse_label/run.sh
2016-05-21 12:54:14.800423  run/process/ext_spouse_label_resolved/run.sh
2016-05-21 12:54:14.830403  run/process/grounding/variable_id_partition/run.sh
2016-05-21 12:54:14.861548  run/process/grounding/variable/has_spouse/assign_id/run.sh
2016-05-21 12:54:14.889251  run/process/grounding/variable_holdout/run.sh
2016-05-21 12:54:14.913612  run/process/grounding/variable/has_spouse/dump/run.sh
2016-05-21 12:54:14.939847  run/process/grounding/factor/inf1_imply_has_spouse_has_spouse/materialize/run.sh
2016-05-21 12:54:14.967083  run/process/grounding/factor/inf_imply_has_spouse_has_spouse/materialize/run.sh
2016-05-21 12:54:14.990687  run/process/grounding/factor/inf_istrue_has_spouse/materialize/run.sh
2016-05-21 12:54:15.023668  run/process/grounding/weight_id_partition/run.sh
2016-05-21 12:54:15.047474  run/process/grounding/global_weight_table/run.sh
2016-05-21 12:54:15.074709  run/process/grounding/factor/inf1_imply_has_spouse_has_spouse/assign_weight_id/run.sh
2016-05-21 12:54:15.102407  run/process/grounding/factor/inf_imply_has_spouse_has_spouse/assign_weight_id/run.sh
2016-05-21 12:54:15.129102  run/process/grounding/factor/inf_istrue_has_spouse/assign_weight_id/run.sh
2016-05-21 12:54:15.155415  run/process/grounding/factor/inf1_imply_has_spouse_has_spouse/dump/run.sh
2016-05-21 12:54:15.177703  run/process/grounding/factor/inf_imply_has_spouse_has_spouse/dump/run.sh
2016-05-21 12:54:15.216772  run/process/grounding/factor/inf_istrue_has_spouse/dump/run.sh
2016-05-21 12:54:15.239336  run/process/grounding/factor/inf1_imply_has_spouse_has_spouse/dump_weights/run.sh
2016-05-21 12:54:15.265292  run/process/grounding/factor/inf_imply_has_spouse_has_spouse/dump_weights/run.sh
2016-05-21 12:54:15.291335  run/process/grounding/factor/inf_istrue_has_spouse/dump_weights/run.sh
2016-05-21 12:54:15.319201  run/process/grounding/combine_factorgraph/run.sh
2016-05-21 12:54:15.343208  run/process/model/learning/run.sh
2016-05-21 12:54:15.377851  run/process/model/inference/run.sh
2016-05-21 12:54:15.413732  run/process/model/load_weights/run.sh
2016-05-21 12:54:15.448300  run/process/model/load_probabilities/run.sh
2016-05-21 12:54:15.471446  run/process/model/calibration/run.sh
2016-05-21 12:54:15.495127  run/dataflow.dot
2016-05-21 12:54:15.518068  run/process/ext_person_mention_by_map_person_mention/run.sh
2016-05-21 12:54:15.545152  run/process/ext_sentences_by_nlp_markup/run.sh
2016-05-21 12:54:15.576917  run/process/ext_spouse_feature_by_extract_spouse_features/run.sh
2016-05-21 12:54:15.612279  run/process/ext_spouse_label__0_by_supervise/run.sh
2016-05-21 12:54:15.634736  run/process/ext_team_mention_by_map_team_mention/run.sh
2016-05-21 12:54:15.690246 Warning: Could not load "/Users/emerson/local/lib/bundled/graphviz/prefix/bin/../lib/graphviz/libgvplugin_pango.6.dylib" - file not found
2016-05-21 12:54:15.698997  run/dataflow.svg
2016-05-21 12:54:15.700015   (file:///Users/emerson/Documents/Github/deepdive/examples/Coach_NBA/run/dataflow.svg)
2016-05-21 12:54:15.703633 mv: cannot move ‘run/compiled’ to ‘run/compiled~’: Directory not empty
