2016-05-29 17:26:44.185722 # on dhcp-169-233-170-85.cruznet.ucsc.edu: deepdive do probabilities
2016-05-29 17:26:44.186233 # run/20160529/172641.932682000/plan.sh
2016-05-29 17:26:44.186290 # execution plan for data/model/probabilities
2016-05-29 17:26:44.186320 
2016-05-29 17:26:44.186346 : ## process/init/app ##########################################################
2016-05-29 17:26:44.186373 : # Done: 2016-05-22T17:21:25-0700 (7d 5m 17s ago)
2016-05-29 17:26:44.186401 : process/init/app/run.sh
2016-05-29 17:26:44.186427 : mark_done process/init/app
2016-05-29 17:26:44.186456 : ##############################################################################
2016-05-29 17:26:44.186485 
2016-05-29 17:26:44.186511 : ## process/init/relation/articles ############################################
2016-05-29 17:26:44.186538 : # Done: 2016-05-23T12:16:43-0700 (6d 5h 9m 59s ago)
2016-05-29 17:26:44.186564 : process/init/relation/articles/run.sh
2016-05-29 17:26:44.186590 : mark_done process/init/relation/articles
2016-05-29 17:26:44.186616 : ##############################################################################
2016-05-29 17:26:44.186642 
2016-05-29 17:26:44.186668 : ## data/articles #############################################################
2016-05-29 17:26:44.186695 : # Done: 2016-05-23T12:16:43-0700 (6d 5h 9m 59s ago)
2016-05-29 17:26:44.186720 : # no-op
2016-05-29 17:26:44.186737 : mark_done data/articles
2016-05-29 17:26:44.186755 : ##############################################################################
2016-05-29 17:26:44.186781 
2016-05-29 17:26:44.186810 : ## process/ext_sentences_by_nlp_markup #######################################
2016-05-29 17:26:44.186836 : # Done: 2016-05-23T15:05:01-0700 (6d 2h 21m 41s ago)
2016-05-29 17:26:44.186862 : process/ext_sentences_by_nlp_markup/run.sh
2016-05-29 17:26:44.186892 : mark_done process/ext_sentences_by_nlp_markup
2016-05-29 17:26:44.186921 : ##############################################################################
2016-05-29 17:26:44.186947 
2016-05-29 17:26:44.186974 : ## data/sentences ############################################################
2016-05-29 17:26:44.187000 : # Done: 2016-05-23T15:05:01-0700 (6d 2h 21m 41s ago)
2016-05-29 17:26:44.187026 : # no-op
2016-05-29 17:26:44.187052 : mark_done data/sentences
2016-05-29 17:26:44.187078 : ##############################################################################
2016-05-29 17:26:44.187105 
2016-05-29 17:26:44.187131 : ## process/ext_person_mention_by_map_person_mention ##########################
2016-05-29 17:26:44.187154 : # Done: 2016-05-23T15:05:52-0700 (6d 2h 20m 50s ago)
2016-05-29 17:26:44.187185 : process/ext_person_mention_by_map_person_mention/run.sh
2016-05-29 17:26:44.187214 : mark_done process/ext_person_mention_by_map_person_mention
2016-05-29 17:26:44.187254 : ##############################################################################
2016-05-29 17:26:44.187283 
2016-05-29 17:26:44.187307 : ## data/person_mention #######################################################
2016-05-29 17:26:44.187339 : # Done: 2016-05-23T15:05:52-0700 (6d 2h 20m 50s ago)
2016-05-29 17:26:44.187363 : # no-op
2016-05-29 17:26:44.187383 : mark_done data/person_mention
2016-05-29 17:26:44.187406 : ##############################################################################
2016-05-29 17:26:44.187428 
2016-05-29 17:26:44.187451 : ## process/init/relation/spouses_dbpedia #####################################
2016-05-29 17:26:44.187477 : # Done: 2016-05-23T15:08:28-0700 (6d 2h 18m 14s ago)
2016-05-29 17:26:44.187503 : process/init/relation/spouses_dbpedia/run.sh
2016-05-29 17:26:44.187531 : mark_done process/init/relation/spouses_dbpedia
2016-05-29 17:26:44.187557 : ##############################################################################
2016-05-29 17:26:44.187573 
2016-05-29 17:26:44.187594 : ## data/spouses_dbpedia ######################################################
2016-05-29 17:26:44.187611 : # Done: 2016-05-23T15:08:28-0700 (6d 2h 18m 14s ago)
2016-05-29 17:26:44.187629 : # no-op
2016-05-29 17:26:44.187654 : mark_done data/spouses_dbpedia
2016-05-29 17:26:44.187681 : ##############################################################################
2016-05-29 17:26:44.187709 
2016-05-29 17:26:44.187729 : ## process/ext_team_mention_by_map_team_mention ##############################
2016-05-29 17:26:44.187751 : # Done: 2016-05-23T15:06:19-0700 (6d 2h 20m 23s ago)
2016-05-29 17:26:44.187778 : process/ext_team_mention_by_map_team_mention/run.sh
2016-05-29 17:26:44.187803 : mark_done process/ext_team_mention_by_map_team_mention
2016-05-29 17:26:44.187821 : ##############################################################################
2016-05-29 17:26:44.187838 
2016-05-29 17:26:44.187856 : ## data/team_mention #########################################################
2016-05-29 17:26:44.187874 : # Done: 2016-05-23T15:06:19-0700 (6d 2h 20m 23s ago)
2016-05-29 17:26:44.187892 : # no-op
2016-05-29 17:26:44.187910 : mark_done data/team_mention
2016-05-29 17:26:44.187928 : ##############################################################################
2016-05-29 17:26:44.187945 
2016-05-29 17:26:44.187963 : ## process/ext_num_people ####################################################
2016-05-29 17:26:44.187980 : # Done: 2016-05-23T15:06:46-0700 (6d 2h 19m 56s ago)
2016-05-29 17:26:44.187998 : process/ext_num_people/run.sh
2016-05-29 17:26:44.188016 : mark_done process/ext_num_people
2016-05-29 17:26:44.188033 : ##############################################################################
2016-05-29 17:26:44.188050 
2016-05-29 17:26:44.188067 : ## data/num_people ###########################################################
2016-05-29 17:26:44.188084 : # Done: 2016-05-23T15:06:46-0700 (6d 2h 19m 56s ago)
2016-05-29 17:26:44.188102 : # no-op
2016-05-29 17:26:44.188119 : mark_done data/num_people
2016-05-29 17:26:44.188137 : ##############################################################################
2016-05-29 17:26:44.188154 
2016-05-29 17:26:44.188171 : ## process/ext_spouse_candidate ##############################################
2016-05-29 17:26:44.188191 : # Done: 2016-05-23T15:07:38-0700 (6d 2h 19m 4s ago)
2016-05-29 17:26:44.188256 : process/ext_spouse_candidate/run.sh
2016-05-29 17:26:44.188277 : mark_done process/ext_spouse_candidate
2016-05-29 17:26:44.188296 : ##############################################################################
2016-05-29 17:26:44.188341 
2016-05-29 17:26:44.188382 : ## data/spouse_candidate #####################################################
2016-05-29 17:26:44.188417 : # Done: 2016-05-23T15:07:38-0700 (6d 2h 19m 4s ago)
2016-05-29 17:26:44.188437 : # no-op
2016-05-29 17:26:44.188456 : mark_done data/spouse_candidate
2016-05-29 17:26:44.188477 : ##############################################################################
2016-05-29 17:26:44.188496 
2016-05-29 17:26:44.188514 : ## process/ext_spouse_label__0_by_supervise ##################################
2016-05-29 17:26:44.188610 : # Done: 2016-05-23T15:08:48-0700 (6d 2h 17m 54s ago)
2016-05-29 17:26:44.188628 : process/ext_spouse_label__0_by_supervise/run.sh
2016-05-29 17:26:44.188646 : mark_done process/ext_spouse_label__0_by_supervise
2016-05-29 17:26:44.188664 : ##############################################################################
2016-05-29 17:26:44.188681 
2016-05-29 17:26:44.188699 : ## data/spouse_label__0 ######################################################
2016-05-29 17:26:44.188716 : # Done: 2016-05-23T15:08:48-0700 (6d 2h 17m 54s ago)
2016-05-29 17:26:44.188734 : # no-op
2016-05-29 17:26:44.188751 : mark_done data/spouse_label__0
2016-05-29 17:26:44.188810 : ##############################################################################
2016-05-29 17:26:44.188839 
2016-05-29 17:26:44.188860 : ## process/ext_spouse_label ##################################################
2016-05-29 17:26:44.188880 : # Done: 2016-05-23T15:08:50-0700 (6d 2h 17m 52s ago)
2016-05-29 17:26:44.188899 : process/ext_spouse_label/run.sh
2016-05-29 17:26:44.188918 : mark_done process/ext_spouse_label
2016-05-29 17:26:44.188937 : ##############################################################################
2016-05-29 17:26:44.188957 
2016-05-29 17:26:44.188976 : ## data/spouse_label #########################################################
2016-05-29 17:26:44.188994 : # Done: 2016-05-23T15:08:50-0700 (6d 2h 17m 52s ago)
2016-05-29 17:26:44.189012 : # no-op
2016-05-29 17:26:44.189032 : mark_done data/spouse_label
2016-05-29 17:26:44.189049 : ##############################################################################
2016-05-29 17:26:44.189069 
2016-05-29 17:26:44.189087 : ## process/ext_spouse_label_resolved #########################################
2016-05-29 17:26:44.189105 : # Done: 2016-05-23T15:08:50-0700 (6d 2h 17m 52s ago)
2016-05-29 17:26:44.189122 : process/ext_spouse_label_resolved/run.sh
2016-05-29 17:26:44.189140 : mark_done process/ext_spouse_label_resolved
2016-05-29 17:26:44.189159 : ##############################################################################
2016-05-29 17:26:44.189178 
2016-05-29 17:26:44.189197 : ## data/spouse_label_resolved ################################################
2016-05-29 17:26:44.189234 : # Done: 2016-05-23T15:08:50-0700 (6d 2h 17m 52s ago)
2016-05-29 17:26:44.189260 : # no-op
2016-05-29 17:26:44.189280 : mark_done data/spouse_label_resolved
2016-05-29 17:26:44.189300 : ##############################################################################
2016-05-29 17:26:44.189319 
2016-05-29 17:26:44.189338 : ## process/init/relation/spouses_dbpedia_negative ############################
2016-05-29 17:26:44.189358 : # Done: 2016-05-25T12:13:43-0700 (4d 5h 12m 59s ago)
2016-05-29 17:26:44.189379 : process/init/relation/spouses_dbpedia_negative/run.sh
2016-05-29 17:26:44.189398 : mark_done process/init/relation/spouses_dbpedia_negative
2016-05-29 17:26:44.189416 : ##############################################################################
2016-05-29 17:26:44.189434 
2016-05-29 17:26:44.189451 : ## data/spouses_dbpedia_negative #############################################
2016-05-29 17:26:44.189469 : # Done: 2016-05-25T12:13:43-0700 (4d 5h 12m 59s ago)
2016-05-29 17:26:44.189487 : # no-op
2016-05-29 17:26:44.189505 : mark_done data/spouses_dbpedia_negative
2016-05-29 17:26:44.189523 : ##############################################################################
2016-05-29 17:26:44.189540 
2016-05-29 17:26:44.189559 : ## process/ext_has_spouse ####################################################
2016-05-29 17:26:44.189578 : # Done: 2016-05-29T12:10:14-0700 (5h 16m 28s ago)
2016-05-29 17:26:44.189596 : process/ext_has_spouse/run.sh
2016-05-29 17:26:44.189615 : mark_done process/ext_has_spouse
2016-05-29 17:26:44.189634 : ##############################################################################
2016-05-29 17:26:44.189654 
2016-05-29 17:26:44.189674 : ## data/has_spouse ###########################################################
2016-05-29 17:26:44.189691 : # Done: 2016-05-29T12:10:14-0700 (5h 16m 28s ago)
2016-05-29 17:26:44.189708 : # no-op
2016-05-29 17:26:44.189724 : mark_done data/has_spouse
2016-05-29 17:26:44.189741 : ##############################################################################
2016-05-29 17:26:44.189758 
2016-05-29 17:26:44.189776 : ## process/grounding/variable_id_partition ###################################
2016-05-29 17:26:44.189793 : # Done: 2016-05-29T12:20:51-0700 (5h 5m 51s ago)
2016-05-29 17:26:44.189811 : process/grounding/variable_id_partition/run.sh
2016-05-29 17:26:44.189828 : mark_done process/grounding/variable_id_partition
2016-05-29 17:26:44.189846 : ##############################################################################
2016-05-29 17:26:44.189863 
2016-05-29 17:26:44.189880 : ## process/grounding/variable/has_spouse/assign_id ###########################
2016-05-29 17:26:44.189897 : # Done: 2016-05-29T12:20:51-0700 (5h 5m 51s ago)
2016-05-29 17:26:44.189915 : process/grounding/variable/has_spouse/assign_id/run.sh
2016-05-29 17:26:44.189932 : mark_done process/grounding/variable/has_spouse/assign_id
2016-05-29 17:26:44.189950 : ##############################################################################
2016-05-29 17:26:44.189968 
2016-05-29 17:26:44.189985 : ## process/grounding/factor/inf1_istrue_has_spouse/materialize ###############
2016-05-29 17:26:44.190002 : # Done: 2016-05-29T12:20:52-0700 (5h 5m 50s ago)
2016-05-29 17:26:44.190019 : process/grounding/factor/inf1_istrue_has_spouse/materialize/run.sh
2016-05-29 17:26:44.190037 : mark_done process/grounding/factor/inf1_istrue_has_spouse/materialize
2016-05-29 17:26:44.190083 : ##############################################################################
2016-05-29 17:26:44.190111 
2016-05-29 17:26:44.190132 : ## process/grounding/factor/inf_imply_has_spouse_has_spouse/materialize ######
2016-05-29 17:26:44.190150 : # Done: 2016-05-29T12:22:01-0700 (5h 4m 41s ago)
2016-05-29 17:26:44.190168 : process/grounding/factor/inf_imply_has_spouse_has_spouse/materialize/run.sh
2016-05-29 17:26:44.190185 : mark_done process/grounding/factor/inf_imply_has_spouse_has_spouse/materialize
2016-05-29 17:26:44.190203 : ##############################################################################
2016-05-29 17:26:44.190357 
2016-05-29 17:26:44.190376 : ## process/ext_spouse_feature_by_extract_spouse_features #####################
2016-05-29 17:26:44.190394 : # Done: 2016-05-23T15:08:09-0700 (6d 2h 18m 33s ago)
2016-05-29 17:26:44.190411 : process/ext_spouse_feature_by_extract_spouse_features/run.sh
2016-05-29 17:26:44.190428 : mark_done process/ext_spouse_feature_by_extract_spouse_features
2016-05-29 17:26:44.190449 : ##############################################################################
2016-05-29 17:26:44.190468 
2016-05-29 17:26:44.190485 : ## data/spouse_feature #######################################################
2016-05-29 17:26:44.190503 : # Done: 2016-05-23T15:08:09-0700 (6d 2h 18m 33s ago)
2016-05-29 17:26:44.190520 : # no-op
2016-05-29 17:26:44.190537 : mark_done data/spouse_feature
2016-05-29 17:26:44.190555 : ##############################################################################
2016-05-29 17:26:44.190572 
2016-05-29 17:26:44.190589 : ## process/grounding/factor/inf_istrue_has_spouse/materialize ################
2016-05-29 17:26:44.190607 : # Done: 2016-05-29T12:22:02-0700 (5h 4m 40s ago)
2016-05-29 17:26:44.190624 : process/grounding/factor/inf_istrue_has_spouse/materialize/run.sh
2016-05-29 17:26:44.190642 : mark_done process/grounding/factor/inf_istrue_has_spouse/materialize
2016-05-29 17:26:44.190659 : ##############################################################################
2016-05-29 17:26:44.190676 
2016-05-29 17:26:44.190694 : ## process/grounding/weight_id_partition #####################################
2016-05-29 17:26:44.190711 : # Done: 2016-05-29T12:22:02-0700 (5h 4m 40s ago)
2016-05-29 17:26:44.190729 : process/grounding/weight_id_partition/run.sh
2016-05-29 17:26:44.190746 : mark_done process/grounding/weight_id_partition
2016-05-29 17:26:44.190764 : ##############################################################################
2016-05-29 17:26:44.190781 
2016-05-29 17:26:44.190798 : ## process/grounding/factor/inf1_istrue_has_spouse/assign_weight_id ##########
2016-05-29 17:26:44.190815 : # Done: 2016-05-29T12:22:02-0700 (5h 4m 40s ago)
2016-05-29 17:26:44.190833 : process/grounding/factor/inf1_istrue_has_spouse/assign_weight_id/run.sh
2016-05-29 17:26:44.190850 : mark_done process/grounding/factor/inf1_istrue_has_spouse/assign_weight_id
2016-05-29 17:26:44.190868 : ##############################################################################
2016-05-29 17:26:44.190885 
2016-05-29 17:26:44.190902 : ## process/grounding/factor/inf1_istrue_has_spouse/dump ######################
2016-05-29 17:26:44.190920 : # Done: 2016-05-29T12:22:03-0700 (5h 4m 39s ago)
2016-05-29 17:26:44.190937 : process/grounding/factor/inf1_istrue_has_spouse/dump/run.sh
2016-05-29 17:26:44.190954 : mark_done process/grounding/factor/inf1_istrue_has_spouse/dump
2016-05-29 17:26:44.190972 : ##############################################################################
2016-05-29 17:26:44.190989 
2016-05-29 17:26:44.191006 : ## process/grounding/factor/inf1_istrue_has_spouse/dump_weights ##############
2016-05-29 17:26:44.191024 : # Done: 2016-05-29T12:22:04-0700 (5h 4m 38s ago)
2016-05-29 17:26:44.191041 : process/grounding/factor/inf1_istrue_has_spouse/dump_weights/run.sh
2016-05-29 17:26:44.191058 : mark_done process/grounding/factor/inf1_istrue_has_spouse/dump_weights
2016-05-29 17:26:44.191076 : ##############################################################################
2016-05-29 17:26:44.191093 
2016-05-29 17:26:44.191110 : ## process/grounding/factor/inf_imply_has_spouse_has_spouse/assign_weight_id #
2016-05-29 17:26:44.191128 : # Done: 2016-05-29T12:22:06-0700 (5h 4m 36s ago)
2016-05-29 17:26:44.191145 : process/grounding/factor/inf_imply_has_spouse_has_spouse/assign_weight_id/run.sh
2016-05-29 17:26:44.191162 : mark_done process/grounding/factor/inf_imply_has_spouse_has_spouse/assign_weight_id
2016-05-29 17:26:44.191179 : ##############################################################################
2016-05-29 17:26:44.191197 
2016-05-29 17:26:44.191214 : ## process/grounding/factor/inf_imply_has_spouse_has_spouse/dump #############
2016-05-29 17:26:44.191231 : # Done: 2016-05-29T12:22:06-0700 (5h 4m 36s ago)
2016-05-29 17:26:44.191249 : process/grounding/factor/inf_imply_has_spouse_has_spouse/dump/run.sh
2016-05-29 17:26:44.191266 : mark_done process/grounding/factor/inf_imply_has_spouse_has_spouse/dump
2016-05-29 17:26:44.191283 : ##############################################################################
2016-05-29 17:26:44.191300 
2016-05-29 17:26:44.191318 : ## process/grounding/factor/inf_imply_has_spouse_has_spouse/dump_weights #####
2016-05-29 17:26:44.191335 : # Done: 2016-05-29T12:22:06-0700 (5h 4m 36s ago)
2016-05-29 17:26:44.191353 : process/grounding/factor/inf_imply_has_spouse_has_spouse/dump_weights/run.sh
2016-05-29 17:26:44.191370 : mark_done process/grounding/factor/inf_imply_has_spouse_has_spouse/dump_weights
2016-05-29 17:26:44.191389 : ##############################################################################
2016-05-29 17:26:44.191407 
2016-05-29 17:26:44.191424 : ## process/grounding/factor/inf_istrue_has_spouse/assign_weight_id ###########
2016-05-29 17:26:44.191442 : # Done: 2016-05-29T12:22:07-0700 (5h 4m 35s ago)
2016-05-29 17:26:44.191459 : process/grounding/factor/inf_istrue_has_spouse/assign_weight_id/run.sh
2016-05-29 17:26:44.191476 : mark_done process/grounding/factor/inf_istrue_has_spouse/assign_weight_id
2016-05-29 17:26:44.191494 : ##############################################################################
2016-05-29 17:26:44.191511 
2016-05-29 17:26:44.191528 : ## process/grounding/factor/inf_istrue_has_spouse/dump #######################
2016-05-29 17:26:44.191546 : # Done: 2016-05-29T12:22:08-0700 (5h 4m 34s ago)
2016-05-29 17:26:44.191563 : process/grounding/factor/inf_istrue_has_spouse/dump/run.sh
2016-05-29 17:26:44.191580 : mark_done process/grounding/factor/inf_istrue_has_spouse/dump
2016-05-29 17:26:44.191597 : ##############################################################################
2016-05-29 17:26:44.191615 
2016-05-29 17:26:44.191632 : ## process/grounding/factor/inf_istrue_has_spouse/dump_weights ###############
2016-05-29 17:26:44.191649 : # Done: 2016-05-29T12:22:08-0700 (5h 4m 34s ago)
2016-05-29 17:26:44.191667 : process/grounding/factor/inf_istrue_has_spouse/dump_weights/run.sh
2016-05-29 17:26:44.191684 : mark_done process/grounding/factor/inf_istrue_has_spouse/dump_weights
2016-05-29 17:26:44.191702 : ##############################################################################
2016-05-29 17:26:44.191719 
2016-05-29 17:26:44.191737 : ## process/grounding/global_weight_table #####################################
2016-05-29 17:26:44.191754 : # Done: 2016-05-29T12:22:08-0700 (5h 4m 34s ago)
2016-05-29 17:26:44.191771 : process/grounding/global_weight_table/run.sh
2016-05-29 17:26:44.191789 : mark_done process/grounding/global_weight_table
2016-05-29 17:26:44.191806 : ##############################################################################
2016-05-29 17:26:44.191823 
2016-05-29 17:26:44.191841 : ## process/grounding/variable_holdout ########################################
2016-05-29 17:26:44.191858 : # Done: 2016-05-29T12:22:09-0700 (5h 4m 34s ago)
2016-05-29 17:26:44.191875 : process/grounding/variable_holdout/run.sh
2016-05-29 17:26:44.191893 : mark_done process/grounding/variable_holdout
2016-05-29 17:26:44.191910 : ##############################################################################
2016-05-29 17:26:44.191927 
2016-05-29 17:26:44.191945 : ## process/grounding/variable/has_spouse/dump ################################
2016-05-29 17:26:44.191962 : # Done: 2016-05-29T12:22:09-0700 (5h 4m 34s ago)
2016-05-29 17:26:44.191979 : process/grounding/variable/has_spouse/dump/run.sh
2016-05-29 17:26:44.191996 : mark_done process/grounding/variable/has_spouse/dump
2016-05-29 17:26:44.192014 : ##############################################################################
2016-05-29 17:26:44.192031 
2016-05-29 17:26:44.192048 : ## process/grounding/combine_factorgraph #####################################
2016-05-29 17:26:44.192066 : # Done: 2016-05-29T12:22:10-0700 (5h 4m 33s ago)
2016-05-29 17:26:44.192083 : process/grounding/combine_factorgraph/run.sh
2016-05-29 17:26:44.192100 : mark_done process/grounding/combine_factorgraph
2016-05-29 17:26:44.192118 : ##############################################################################
2016-05-29 17:26:44.192135 
2016-05-29 17:26:44.192152 : ## model/factorgraph #########################################################
2016-05-29 17:26:44.192170 : # Done: 2016-05-29T12:22:10-0700 (5h 4m 33s ago)
2016-05-29 17:26:44.192187 : mark_done model/factorgraph
2016-05-29 17:26:44.192204 : ##############################################################################
2016-05-29 17:26:44.192222 
2016-05-29 17:26:44.192240 : ## process/model/learning ####################################################
2016-05-29 17:26:44.192257 : # Done: 2016-05-29T12:22:22-0700 (5h 4m 21s ago)
2016-05-29 17:26:44.192274 : process/model/learning/run.sh
2016-05-29 17:26:44.192479 : mark_done process/model/learning
2016-05-29 17:26:44.192504 : ##############################################################################
2016-05-29 17:26:44.192522 
2016-05-29 17:26:44.192540 : ## model/weights #############################################################
2016-05-29 17:26:44.192557 : # Done: 2016-05-29T12:22:22-0700 (5h 4m 21s ago)
2016-05-29 17:26:44.192575 : mark_done model/weights
2016-05-29 17:26:44.192592 : ##############################################################################
2016-05-29 17:26:44.192609 
2016-05-29 17:26:44.192627 : ## process/model/inference ###################################################
2016-05-29 17:26:44.192644 : # Done: 2016-05-29T12:22:22-0700 (5h 4m 21s ago)
2016-05-29 17:26:44.192662 : process/model/inference/run.sh
2016-05-29 17:26:44.192679 : mark_done process/model/inference
2016-05-29 17:26:44.192696 : ##############################################################################
2016-05-29 17:26:44.192713 
2016-05-29 17:26:44.192730 : ## model/probabilities #######################################################
2016-05-29 17:26:44.192748 : # Done: 2016-05-29T12:22:22-0700 (5h 4m 21s ago)
2016-05-29 17:26:44.192765 : mark_done model/probabilities
2016-05-29 17:26:44.192782 : ##############################################################################
2016-05-29 17:26:44.192799 
2016-05-29 17:26:44.192816 ## process/model/load_probabilities ##########################################
2016-05-29 17:26:44.192833 : # Done: 2016-05-29T16:55:37-0700 (31m 6s ago)
2016-05-29 17:26:44.192850 # Done: 2016-05-29T16:55:37-0700 (31m 5s ago)
2016-05-29 17:26:44.192868 process/model/load_probabilities/run.sh
2016-05-29 17:26:44.192885 ++ dirname process/model/load_probabilities/run.sh
2016-05-29 17:26:44.192902 + cd process/model/load_probabilities
2016-05-29 17:26:44.192919 + export DEEPDIVE_CURRENT_PROCESS_NAME=process/model/load_probabilities
2016-05-29 17:26:44.192937 + DEEPDIVE_CURRENT_PROCESS_NAME=process/model/load_probabilities
2016-05-29 17:26:44.192954 + mkdir -p ../../../model
2016-05-29 17:26:44.192971 + cd ../../../model
2016-05-29 17:26:44.192989 + deepdive create table dd_inference_result_variables id:BIGINT category:BIGINT 'expectation:DOUBLE PRECISION'
2016-05-29 17:26:44.481868 CREATE TABLE
2016-05-29 17:26:44.483609 + cat probabilities/inference_result.out.text
2016-05-29 17:26:44.483694 + tr ' ' '\t'
2016-05-29 17:26:44.483892 + DEEPDIVE_LOAD_FORMAT=tsv
2016-05-29 17:26:44.483933 + deepdive load dd_inference_result_variables /dev/stdin
2016-05-29 17:26:44.609876 Loading dd_inference_result_variables from /dev/stdin (tsv format)
2016-05-29 17:26:44.666261 COPY 3211
2016-05-29 17:26:44.698383 + deepdive create view has_spouse_label_inference as '
2016-05-29 17:26:44.698484                 SELECT has_spouse.*, mir.category, mir.expectation FROM
2016-05-29 17:26:44.698533                 has_spouse, dd_inference_result_variables mir
2016-05-29 17:26:44.698559                 WHERE has_spouse.id = mir.id
2016-05-29 17:26:44.698582                 ORDER BY mir.expectation DESC
2016-05-29 17:26:44.698604                 '
2016-05-29 17:26:44.876755 CREATE VIEW
2016-05-29 17:26:44.878796 mark_done process/model/load_probabilities
2016-05-29 17:26:44.895442 ##############################################################################
2016-05-29 17:26:44.895522 
2016-05-29 17:26:44.895543 ## data/model/probabilities ##################################################
2016-05-29 17:26:44.895564 : # Done: 2016-05-29T16:55:37-0700 (31m 6s ago)
2016-05-29 17:26:44.895585 # Done: 2016-05-29T16:55:37-0700 (31m 5s ago)
2016-05-29 17:26:44.895631 # no-op
2016-05-29 17:26:44.895660 mark_done data/model/probabilities
2016-05-29 17:26:44.911552 ##############################################################################
2016-05-29 17:26:44.911646 
