2016-05-21 12:33:25.865605 # on dhcp-169-233-138-157.cruznet.ucsc.edu: deepdive do has_spouse
2016-05-21 12:33:25.865995 # run/20160521/123323.344553000/plan.sh
2016-05-21 12:33:25.866031 # execution plan for data/has_spouse
2016-05-21 12:33:25.866056 
2016-05-21 12:33:25.866079 : ## process/init/app ##########################################################
2016-05-21 12:33:25.866103 : # Done: 2016-05-20T15:47:44-0700 (20h 45m 39s ago)
2016-05-21 12:33:25.866126 : process/init/app/run.sh
2016-05-21 12:33:25.866146 : mark_done process/init/app
2016-05-21 12:33:25.866165 : ##############################################################################
2016-05-21 12:33:25.866226 
2016-05-21 12:33:25.866254 : ## process/init/relation/articles ############################################
2016-05-21 12:33:25.866275 : # Done: 2016-05-20T19:16:48-0700 (17h 16m 35s ago)
2016-05-21 12:33:25.866297 : process/init/relation/articles/run.sh
2016-05-21 12:33:25.866317 : mark_done process/init/relation/articles
2016-05-21 12:33:25.866338 : ##############################################################################
2016-05-21 12:33:25.866358 
2016-05-21 12:33:25.866378 : ## data/articles #############################################################
2016-05-21 12:33:25.866399 : # Done: 2016-05-20T19:16:48-0700 (17h 16m 35s ago)
2016-05-21 12:33:25.866422 : # no-op
2016-05-21 12:33:25.866445 : mark_done data/articles
2016-05-21 12:33:25.866482 : ##############################################################################
2016-05-21 12:33:25.866503 
2016-05-21 12:33:25.866522 : ## process/ext_sentences_by_nlp_markup #######################################
2016-05-21 12:33:25.866566 : # Done: 2016-05-20T19:20:04-0700 (17h 13m 19s ago)
2016-05-21 12:33:25.866608 : process/ext_sentences_by_nlp_markup/run.sh
2016-05-21 12:33:25.866633 : mark_done process/ext_sentences_by_nlp_markup
2016-05-21 12:33:25.866652 : ##############################################################################
2016-05-21 12:33:25.866671 
2016-05-21 12:33:25.866690 : ## data/sentences ############################################################
2016-05-21 12:33:25.866711 : # Done: 2016-05-20T19:20:04-0700 (17h 13m 19s ago)
2016-05-21 12:33:25.866731 : # no-op
2016-05-21 12:33:25.866752 : mark_done data/sentences
2016-05-21 12:33:25.866772 : ##############################################################################
2016-05-21 12:33:25.866792 
2016-05-21 12:33:25.866812 : ## process/ext_person_mention_by_map_person_mention ##########################
2016-05-21 12:33:25.866831 : # Done: 2016-05-20T20:58:22-0700 (15h 35m 1s ago)
2016-05-21 12:33:25.866880 : process/ext_person_mention_by_map_person_mention/run.sh
2016-05-21 12:33:25.866916 : mark_done process/ext_person_mention_by_map_person_mention
2016-05-21 12:33:25.866939 : ##############################################################################
2016-05-21 12:33:25.866958 
2016-05-21 12:33:25.866977 : ## data/person_mention #######################################################
2016-05-21 12:33:25.866996 : # Done: 2016-05-20T20:58:22-0700 (15h 35m 1s ago)
2016-05-21 12:33:25.867040 : # no-op
2016-05-21 12:33:25.867068 : mark_done data/person_mention
2016-05-21 12:33:25.867090 : ##############################################################################
2016-05-21 12:33:25.867110 
2016-05-21 12:33:25.867129 : ## process/ext_num_people ####################################################
2016-05-21 12:33:25.867148 : # Done: 2016-05-20T21:35:41-0700 (14h 57m 42s ago)
2016-05-21 12:33:25.867171 : process/ext_num_people/run.sh
2016-05-21 12:33:25.867194 : mark_done process/ext_num_people
2016-05-21 12:33:25.867214 : ##############################################################################
2016-05-21 12:33:25.867235 
2016-05-21 12:33:25.867256 : ## data/num_people ###########################################################
2016-05-21 12:33:25.867277 : # Done: 2016-05-20T21:35:41-0700 (14h 57m 42s ago)
2016-05-21 12:33:25.867297 : # no-op
2016-05-21 12:33:25.867317 : mark_done data/num_people
2016-05-21 12:33:25.867339 : ##############################################################################
2016-05-21 12:33:25.867359 
2016-05-21 12:33:25.867378 : ## process/ext_team_mention_by_map_team_mention ##############################
2016-05-21 12:33:25.867398 : # Done: 2016-05-20T21:23:06-0700 (15h 10m 17s ago)
2016-05-21 12:33:25.867418 : process/ext_team_mention_by_map_team_mention/run.sh
2016-05-21 12:33:25.867457 : mark_done process/ext_team_mention_by_map_team_mention
2016-05-21 12:33:25.867500 : ##############################################################################
2016-05-21 12:33:25.867520 
2016-05-21 12:33:25.867542 : ## data/team_mention #########################################################
2016-05-21 12:33:25.867563 : # Done: 2016-05-20T22:05:04-0700 (14h 28m 19s ago)
2016-05-21 12:33:25.867585 : # no-op
2016-05-21 12:33:25.867605 : mark_done data/team_mention
2016-05-21 12:33:25.867624 : ##############################################################################
2016-05-21 12:33:25.867642 
2016-05-21 12:33:25.867661 : ## process/ext_spouse_candidate ##############################################
2016-05-21 12:33:25.867679 : # Done: 2016-05-20T22:17:52-0700 (14h 15m 31s ago)
2016-05-21 12:33:25.867701 : process/ext_spouse_candidate/run.sh
2016-05-21 12:33:25.867720 : mark_done process/ext_spouse_candidate
2016-05-21 12:33:25.867739 : ##############################################################################
2016-05-21 12:33:25.867757 
2016-05-21 12:33:25.867776 : ## data/spouse_candidate #####################################################
2016-05-21 12:33:25.867794 : # Done: 2016-05-20T22:17:52-0700 (14h 15m 31s ago)
2016-05-21 12:33:25.867811 : # no-op
2016-05-21 12:33:25.867830 : mark_done data/spouse_candidate
2016-05-21 12:33:25.867849 : ##############################################################################
2016-05-21 12:33:25.867868 
2016-05-21 12:33:25.867886 : ## process/ext_spouse_label__0_by_supervise ##################################
2016-05-21 12:33:25.867908 : # Done: 2016-05-20T22:17:53-0700 (14h 15m 30s ago)
2016-05-21 12:33:25.867929 : process/ext_spouse_label__0_by_supervise/run.sh
2016-05-21 12:33:25.867951 : mark_done process/ext_spouse_label__0_by_supervise
2016-05-21 12:33:25.867971 : ##############################################################################
2016-05-21 12:33:25.867990 
2016-05-21 12:33:25.868011 : ## data/spouse_label__0 ######################################################
2016-05-21 12:33:25.868054 : # Done: 2016-05-20T22:17:53-0700 (14h 15m 30s ago)
2016-05-21 12:33:25.868080 : # no-op
2016-05-21 12:33:25.868098 : mark_done data/spouse_label__0
2016-05-21 12:33:25.868117 : ##############################################################################
2016-05-21 12:33:25.868134 
2016-05-21 12:33:25.868151 : ## process/init/relation/spouses_dbpedia #####################################
2016-05-21 12:33:25.868169 : # Done: 2016-05-21T12:09:26-0700 (23m 57s ago)
2016-05-21 12:33:25.868191 : process/init/relation/spouses_dbpedia/run.sh
2016-05-21 12:33:25.868210 : mark_done process/init/relation/spouses_dbpedia
2016-05-21 12:33:25.868231 : ##############################################################################
2016-05-21 12:33:25.868252 
2016-05-21 12:33:25.868292 : ## data/spouses_dbpedia ######################################################
2016-05-21 12:33:25.868340 : # Done: 2016-05-21T12:09:26-0700 (23m 57s ago)
2016-05-21 12:33:25.868370 : # no-op
2016-05-21 12:33:25.868393 : mark_done data/spouses_dbpedia
2016-05-21 12:33:25.868416 : ##############################################################################
2016-05-21 12:33:25.868436 
2016-05-21 12:33:25.868457 ## process/ext_spouse_label ##################################################
2016-05-21 12:33:25.868478 # Done: 2016-05-20T22:17:55-0700 (14h 15m 28s ago)
2016-05-21 12:33:25.868502 process/ext_spouse_label/run.sh
2016-05-21 12:33:25.868525 ++ dirname process/ext_spouse_label/run.sh
2016-05-21 12:33:25.868549 + cd process/ext_spouse_label
2016-05-21 12:33:25.868570 + export DEEPDIVE_CURRENT_PROCESS_NAME=process/ext_spouse_label
2016-05-21 12:33:25.868589 + DEEPDIVE_CURRENT_PROCESS_NAME=process/ext_spouse_label
2016-05-21 12:33:25.868609 + deepdive create table spouse_label
2016-05-21 12:33:26.083539 CREATE TABLE
2016-05-21 12:33:26.084814 + deepdive sql 'INSERT INTO spouse_label SELECT R0.p_id AS "spouse_candidate.R0.p_id", R0.t_id AS "spouse_candidate.R0.t_id", 0 AS column_2, NULL AS column_3
2016-05-21 12:33:26.084870 FROM spouse_candidate R0
2016-05-21 12:33:26.084896         
2016-05-21 12:33:26.084951 UNION ALL
2016-05-21 12:33:26.084973 SELECT R0.p_id AS "spouse_candidate.R0.p_id", R0.t_id AS "spouse_candidate.R0.t_id", 1 AS column_2, '\''from_dbpedia'\'' AS column_3
2016-05-21 12:33:26.085017 FROM spouse_candidate R0, spouses_dbpedia R1
2016-05-21 12:33:26.085038         WHERE ((lower(R1.p) = lower(R0.p_name) AND lower(R1.t) = lower(R0.p_name)) OR (lower(R1.t) = lower(R0.t_name) AND lower(R1.p) = lower(R0.t_name)))
2016-05-21 12:33:26.085056 UNION ALL
2016-05-21 12:33:26.085075 SELECT R0.p_id AS "spouse_label__0.R0.p_id", R0.t_id AS "spouse_label__0.R0.t_id", R0.label AS "spouse_label__0.R0.label", R0.rule_id AS "spouse_label__0.R0.rule_id"
2016-05-21 12:33:26.085096 FROM spouse_label__0 R0
2016-05-21 12:33:26.085118         '
2016-05-21 12:33:26.181512 ERROR:  column r1.p does not exist
2016-05-21 12:33:26.181577 LINE 7:         WHERE ((lower(R1.p) = lower(R0.p_name) AND lower(R1....
2016-05-21 12:33:26.181603                               ^
