2016-05-30 14:50:50.482604 # on dhcp-169-233-170-85.cruznet.ucsc.edu: deepdive do model/calibration-plots
2016-05-30 14:50:50.483125 # run/20160530/145047.336604000/plan.sh
2016-05-30 14:50:50.483165 # execution plan for model/calibration-plots
2016-05-30 14:50:50.483187 
2016-05-30 14:50:50.483208 : ## process/init/app ##########################################################
2016-05-30 14:50:50.483228 : # Done: 2016-05-22T17:21:25-0700 (7d 21h 29m 22s ago)
2016-05-30 14:50:50.483250 : process/init/app/run.sh
2016-05-30 14:50:50.483272 : mark_done process/init/app
2016-05-30 14:50:50.483293 : ##############################################################################
2016-05-30 14:50:50.483313 
2016-05-30 14:50:50.483337 : ## process/init/relation/articles ############################################
2016-05-30 14:50:50.483374 : # Done: 2016-05-23T12:16:43-0700 (7d 2h 34m 4s ago)
2016-05-30 14:50:50.483412 : process/init/relation/articles/run.sh
2016-05-30 14:50:50.483449 : mark_done process/init/relation/articles
2016-05-30 14:50:50.483484 : ##############################################################################
2016-05-30 14:50:50.483519 
2016-05-30 14:50:50.483559 : ## data/articles #############################################################
2016-05-30 14:50:50.483599 : # Done: 2016-05-23T12:16:43-0700 (7d 2h 34m 4s ago)
2016-05-30 14:50:50.483640 : # no-op
2016-05-30 14:50:50.483676 : mark_done data/articles
2016-05-30 14:50:50.483756 : ##############################################################################
2016-05-30 14:50:50.483809 
2016-05-30 14:50:50.483848 : ## process/ext_sentences_by_nlp_markup #######################################
2016-05-30 14:50:50.483885 : # Done: 2016-05-23T15:05:01-0700 (6d 23h 45m 46s ago)
2016-05-30 14:50:50.483921 : process/ext_sentences_by_nlp_markup/run.sh
2016-05-30 14:50:50.483956 : mark_done process/ext_sentences_by_nlp_markup
2016-05-30 14:50:50.483990 : ##############################################################################
2016-05-30 14:50:50.484013 
2016-05-30 14:50:50.484035 : ## data/sentences ############################################################
2016-05-30 14:50:50.484070 : # Done: 2016-05-23T15:05:01-0700 (6d 23h 45m 46s ago)
2016-05-30 14:50:50.484106 : # no-op
2016-05-30 14:50:50.484140 : mark_done data/sentences
2016-05-30 14:50:50.484174 : ##############################################################################
2016-05-30 14:50:50.484209 
2016-05-30 14:50:50.484243 : ## process/ext_person_mention_by_map_person_mention ##########################
2016-05-30 14:50:50.484284 : # Done: 2016-05-23T15:05:52-0700 (6d 23h 44m 55s ago)
2016-05-30 14:50:50.484355 : process/ext_person_mention_by_map_person_mention/run.sh
2016-05-30 14:50:50.484441 : mark_done process/ext_person_mention_by_map_person_mention
2016-05-30 14:50:50.484482 : ##############################################################################
2016-05-30 14:50:50.484515 
2016-05-30 14:50:50.484569 : ## data/person_mention #######################################################
2016-05-30 14:50:50.484639 : # Done: 2016-05-23T15:05:52-0700 (6d 23h 44m 55s ago)
2016-05-30 14:50:50.484680 : # no-op
2016-05-30 14:50:50.484714 : mark_done data/person_mention
2016-05-30 14:50:50.484794 : ##############################################################################
2016-05-30 14:50:50.484842 
2016-05-30 14:50:50.484910 : ## process/init/relation/spouses_dbpedia #####################################
2016-05-30 14:50:50.485001 : # Done: 2016-05-23T15:08:28-0700 (6d 23h 42m 19s ago)
2016-05-30 14:50:50.485043 : process/init/relation/spouses_dbpedia/run.sh
2016-05-30 14:50:50.485067 : mark_done process/init/relation/spouses_dbpedia
2016-05-30 14:50:50.485091 : ##############################################################################
2016-05-30 14:50:50.485111 
2016-05-30 14:50:50.485131 : ## data/spouses_dbpedia ######################################################
2016-05-30 14:50:50.485153 : # Done: 2016-05-23T15:08:28-0700 (6d 23h 42m 19s ago)
2016-05-30 14:50:50.485192 : # no-op
2016-05-30 14:50:50.485232 : mark_done data/spouses_dbpedia
2016-05-30 14:50:50.485270 : ##############################################################################
2016-05-30 14:50:50.485337 
2016-05-30 14:50:50.485381 : ## process/ext_team_mention_by_map_team_mention ##############################
2016-05-30 14:50:50.485424 : # Done: 2016-05-23T15:06:19-0700 (6d 23h 44m 28s ago)
2016-05-30 14:50:50.485491 : process/ext_team_mention_by_map_team_mention/run.sh
2016-05-30 14:50:50.485590 : mark_done process/ext_team_mention_by_map_team_mention
2016-05-30 14:50:50.485629 : ##############################################################################
2016-05-30 14:50:50.485664 
2016-05-30 14:50:50.485678 : ## data/team_mention #########################################################
2016-05-30 14:50:50.485733 : # Done: 2016-05-23T15:06:19-0700 (6d 23h 44m 28s ago)
2016-05-30 14:50:50.485760 : # no-op
2016-05-30 14:50:50.485780 : mark_done data/team_mention
2016-05-30 14:50:50.485823 : ##############################################################################
2016-05-30 14:50:50.485849 
2016-05-30 14:50:50.485884 : ## process/ext_num_people ####################################################
2016-05-30 14:50:50.485916 : # Done: 2016-05-23T15:06:46-0700 (6d 23h 44m 1s ago)
2016-05-30 14:50:50.485951 : process/ext_num_people/run.sh
2016-05-30 14:50:50.485973 : mark_done process/ext_num_people
2016-05-30 14:50:50.485994 : ##############################################################################
2016-05-30 14:50:50.486013 
2016-05-30 14:50:50.486027 : ## data/num_people ###########################################################
2016-05-30 14:50:50.486041 : # Done: 2016-05-23T15:06:46-0700 (6d 23h 44m 1s ago)
2016-05-30 14:50:50.486062 : # no-op
2016-05-30 14:50:50.486082 : mark_done data/num_people
2016-05-30 14:50:50.486105 : ##############################################################################
2016-05-30 14:50:50.486130 
2016-05-30 14:50:50.486154 : ## process/ext_spouse_candidate ##############################################
2016-05-30 14:50:50.486177 : # Done: 2016-05-23T15:07:38-0700 (6d 23h 43m 9s ago)
2016-05-30 14:50:50.486199 : process/ext_spouse_candidate/run.sh
2016-05-30 14:50:50.486222 : mark_done process/ext_spouse_candidate
2016-05-30 14:50:50.486245 : ##############################################################################
2016-05-30 14:50:50.486268 
2016-05-30 14:50:50.486289 : ## data/spouse_candidate #####################################################
2016-05-30 14:50:50.486310 : # Done: 2016-05-23T15:07:38-0700 (6d 23h 43m 9s ago)
2016-05-30 14:50:50.486348 : # no-op
2016-05-30 14:50:50.486376 : mark_done data/spouse_candidate
2016-05-30 14:50:50.486396 : ##############################################################################
2016-05-30 14:50:50.486417 
2016-05-30 14:50:50.486441 : ## process/ext_spouse_label__0_by_supervise ##################################
2016-05-30 14:50:50.486487 : # Done: 2016-05-23T15:08:48-0700 (6d 23h 41m 59s ago)
2016-05-30 14:50:50.486513 : process/ext_spouse_label__0_by_supervise/run.sh
2016-05-30 14:50:50.486535 : mark_done process/ext_spouse_label__0_by_supervise
2016-05-30 14:50:50.486560 : ##############################################################################
2016-05-30 14:50:50.486584 
2016-05-30 14:50:50.486607 : ## data/spouse_label__0 ######################################################
2016-05-30 14:50:50.486629 : # Done: 2016-05-23T15:08:48-0700 (6d 23h 41m 59s ago)
2016-05-30 14:50:50.486650 : # no-op
2016-05-30 14:50:50.486685 : mark_done data/spouse_label__0
2016-05-30 14:50:50.486711 : ##############################################################################
2016-05-30 14:50:50.486733 
2016-05-30 14:50:50.486755 : ## process/ext_spouse_label ##################################################
2016-05-30 14:50:50.486775 : # Done: 2016-05-23T15:08:50-0700 (6d 23h 41m 57s ago)
2016-05-30 14:50:50.486795 : process/ext_spouse_label/run.sh
2016-05-30 14:50:50.486815 : mark_done process/ext_spouse_label
2016-05-30 14:50:50.486838 : ##############################################################################
2016-05-30 14:50:50.486879 
2016-05-30 14:50:50.486929 : ## data/spouse_label #########################################################
2016-05-30 14:50:50.486952 : # Done: 2016-05-23T15:08:50-0700 (6d 23h 41m 57s ago)
2016-05-30 14:50:50.486972 : # no-op
2016-05-30 14:50:50.486986 : mark_done data/spouse_label
2016-05-30 14:50:50.487021 : ##############################################################################
2016-05-30 14:50:50.487047 
2016-05-30 14:50:50.487068 : ## process/ext_spouse_label_resolved #########################################
2016-05-30 14:50:50.487088 : # Done: 2016-05-23T15:08:50-0700 (6d 23h 41m 57s ago)
2016-05-30 14:50:50.487131 : process/ext_spouse_label_resolved/run.sh
2016-05-30 14:50:50.487160 : mark_done process/ext_spouse_label_resolved
2016-05-30 14:50:50.487184 : ##############################################################################
2016-05-30 14:50:50.487207 
2016-05-30 14:50:50.487227 : ## data/spouse_label_resolved ################################################
2016-05-30 14:50:50.487248 : # Done: 2016-05-23T15:08:50-0700 (6d 23h 41m 57s ago)
2016-05-30 14:50:50.487283 : # no-op
2016-05-30 14:50:50.487310 : mark_done data/spouse_label_resolved
2016-05-30 14:50:50.487332 : ##############################################################################
2016-05-30 14:50:50.487352 
2016-05-30 14:50:50.487373 : ## process/init/relation/spouses_dbpedia_negative ############################
2016-05-30 14:50:50.487393 : # Done: 2016-05-25T12:13:43-0700 (5d 2h 37m 4s ago)
2016-05-30 14:50:50.487414 : process/init/relation/spouses_dbpedia_negative/run.sh
2016-05-30 14:50:50.487434 : mark_done process/init/relation/spouses_dbpedia_negative
2016-05-30 14:50:50.487455 : ##############################################################################
2016-05-30 14:50:50.487476 
2016-05-30 14:50:50.487496 : ## data/spouses_dbpedia_negative #############################################
2016-05-30 14:50:50.487516 : # Done: 2016-05-25T12:13:43-0700 (5d 2h 37m 5s ago)
2016-05-30 14:50:50.487540 : # no-op
2016-05-30 14:50:50.487591 : mark_done data/spouses_dbpedia_negative
2016-05-30 14:50:50.487636 : ##############################################################################
2016-05-30 14:50:50.487658 
2016-05-30 14:50:50.487671 : ## process/ext_has_spouse ####################################################
2016-05-30 14:50:50.487684 : # Done: 2016-05-29T12:10:14-0700 (1d 2h 40m 34s ago)
2016-05-30 14:50:50.487734 : process/ext_has_spouse/run.sh
2016-05-30 14:50:50.487766 : mark_done process/ext_has_spouse
2016-05-30 14:50:50.487789 : ##############################################################################
2016-05-30 14:50:50.487811 
2016-05-30 14:50:50.487838 : ## data/has_spouse ###########################################################
2016-05-30 14:50:50.487863 : # Done: 2016-05-29T12:10:14-0700 (1d 2h 40m 34s ago)
2016-05-30 14:50:50.487881 : # no-op
2016-05-30 14:50:50.487895 : mark_done data/has_spouse
2016-05-30 14:50:50.487907 : ##############################################################################
2016-05-30 14:50:50.487925 
2016-05-30 14:50:50.487948 : ## process/grounding/variable_id_partition ###################################
2016-05-30 14:50:50.487971 : # Done: 2016-05-29T12:20:51-0700 (1d 2h 29m 57s ago)
2016-05-30 14:50:50.487996 : process/grounding/variable_id_partition/run.sh
2016-05-30 14:50:50.488020 : mark_done process/grounding/variable_id_partition
2016-05-30 14:50:50.488038 : ##############################################################################
2016-05-30 14:50:50.488052 
2016-05-30 14:50:50.488064 : ## process/grounding/variable/has_spouse/assign_id ###########################
2016-05-30 14:50:50.488077 : # Done: 2016-05-29T12:20:51-0700 (1d 2h 29m 57s ago)
2016-05-30 14:50:50.488089 : process/grounding/variable/has_spouse/assign_id/run.sh
2016-05-30 14:50:50.488109 : mark_done process/grounding/variable/has_spouse/assign_id
2016-05-30 14:50:50.488131 : ##############################################################################
2016-05-30 14:50:50.488153 
2016-05-30 14:50:50.488176 : ## process/grounding/factor/inf1_istrue_has_spouse/materialize ###############
2016-05-30 14:50:50.488199 : # Done: 2016-05-29T12:20:52-0700 (1d 2h 29m 56s ago)
2016-05-30 14:50:50.488222 : process/grounding/factor/inf1_istrue_has_spouse/materialize/run.sh
2016-05-30 14:50:50.488252 : mark_done process/grounding/factor/inf1_istrue_has_spouse/materialize
2016-05-30 14:50:50.488278 : ##############################################################################
2016-05-30 14:50:50.488298 
2016-05-30 14:50:50.488319 : ## process/grounding/factor/inf_imply_has_spouse_has_spouse/materialize ######
2016-05-30 14:50:50.488342 : # Done: 2016-05-29T12:22:01-0700 (1d 2h 28m 47s ago)
2016-05-30 14:50:50.488366 : process/grounding/factor/inf_imply_has_spouse_has_spouse/materialize/run.sh
2016-05-30 14:50:50.488388 : mark_done process/grounding/factor/inf_imply_has_spouse_has_spouse/materialize
2016-05-30 14:50:50.488408 : ##############################################################################
2016-05-30 14:50:50.488427 
2016-05-30 14:50:50.488461 : ## process/ext_spouse_feature_by_extract_spouse_features #####################
2016-05-30 14:50:50.488510 : # Done: 2016-05-23T15:08:09-0700 (6d 23h 42m 39s ago)
2016-05-30 14:50:50.488534 : process/ext_spouse_feature_by_extract_spouse_features/run.sh
2016-05-30 14:50:50.488556 : mark_done process/ext_spouse_feature_by_extract_spouse_features
2016-05-30 14:50:50.488577 : ##############################################################################
2016-05-30 14:50:50.488598 
2016-05-30 14:50:50.488618 : ## data/spouse_feature #######################################################
2016-05-30 14:50:50.488639 : # Done: 2016-05-23T15:08:09-0700 (6d 23h 42m 39s ago)
2016-05-30 14:50:50.488659 : # no-op
2016-05-30 14:50:50.488679 : mark_done data/spouse_feature
2016-05-30 14:50:50.488700 : ##############################################################################
2016-05-30 14:50:50.488720 
2016-05-30 14:50:50.488741 : ## process/grounding/factor/inf_istrue_has_spouse/materialize ################
2016-05-30 14:50:50.488761 : # Done: 2016-05-29T12:22:02-0700 (1d 2h 28m 46s ago)
2016-05-30 14:50:50.488781 : process/grounding/factor/inf_istrue_has_spouse/materialize/run.sh
2016-05-30 14:50:50.488801 : mark_done process/grounding/factor/inf_istrue_has_spouse/materialize
2016-05-30 14:50:50.488822 : ##############################################################################
2016-05-30 14:50:50.488842 
2016-05-30 14:50:50.488863 : ## process/grounding/weight_id_partition #####################################
2016-05-30 14:50:50.488883 : # Done: 2016-05-29T12:22:02-0700 (1d 2h 28m 46s ago)
2016-05-30 14:50:50.488904 : process/grounding/weight_id_partition/run.sh
2016-05-30 14:50:50.488940 : mark_done process/grounding/weight_id_partition
2016-05-30 14:50:50.488963 : ##############################################################################
2016-05-30 14:50:50.488985 
2016-05-30 14:50:50.489009 : ## process/grounding/factor/inf1_istrue_has_spouse/assign_weight_id ##########
2016-05-30 14:50:50.489032 : # Done: 2016-05-29T12:22:02-0700 (1d 2h 28m 46s ago)
2016-05-30 14:50:50.489055 : process/grounding/factor/inf1_istrue_has_spouse/assign_weight_id/run.sh
2016-05-30 14:50:50.489079 : mark_done process/grounding/factor/inf1_istrue_has_spouse/assign_weight_id
2016-05-30 14:50:50.489101 : ##############################################################################
2016-05-30 14:50:50.489122 
2016-05-30 14:50:50.489143 : ## process/grounding/factor/inf1_istrue_has_spouse/dump ######################
2016-05-30 14:50:50.489183 : # Done: 2016-05-29T12:22:03-0700 (1d 2h 28m 45s ago)
2016-05-30 14:50:50.489209 : process/grounding/factor/inf1_istrue_has_spouse/dump/run.sh
2016-05-30 14:50:50.489234 : mark_done process/grounding/factor/inf1_istrue_has_spouse/dump
2016-05-30 14:50:50.489286 : ##############################################################################
2016-05-30 14:50:50.489309 
2016-05-30 14:50:50.489334 : ## process/grounding/factor/inf1_istrue_has_spouse/dump_weights ##############
2016-05-30 14:50:50.489370 : # Done: 2016-05-29T12:22:04-0700 (1d 2h 28m 44s ago)
2016-05-30 14:50:50.489391 : process/grounding/factor/inf1_istrue_has_spouse/dump_weights/run.sh
2016-05-30 14:50:50.489411 : mark_done process/grounding/factor/inf1_istrue_has_spouse/dump_weights
2016-05-30 14:50:50.489436 : ##############################################################################
2016-05-30 14:50:50.489460 
2016-05-30 14:50:50.489482 : ## process/grounding/factor/inf_imply_has_spouse_has_spouse/assign_weight_id #
2016-05-30 14:50:50.489502 : # Done: 2016-05-29T12:22:06-0700 (1d 2h 28m 42s ago)
2016-05-30 14:50:50.489523 : process/grounding/factor/inf_imply_has_spouse_has_spouse/assign_weight_id/run.sh
2016-05-30 14:50:50.489547 : mark_done process/grounding/factor/inf_imply_has_spouse_has_spouse/assign_weight_id
2016-05-30 14:50:50.489570 : ##############################################################################
2016-05-30 14:50:50.489592 
2016-05-30 14:50:50.489614 : ## process/grounding/factor/inf_imply_has_spouse_has_spouse/dump #############
2016-05-30 14:50:50.489648 : # Done: 2016-05-29T12:22:06-0700 (1d 2h 28m 42s ago)
2016-05-30 14:50:50.489672 : process/grounding/factor/inf_imply_has_spouse_has_spouse/dump/run.sh
2016-05-30 14:50:50.489687 : mark_done process/grounding/factor/inf_imply_has_spouse_has_spouse/dump
2016-05-30 14:50:50.489700 : ##############################################################################
2016-05-30 14:50:50.489712 
2016-05-30 14:50:50.489724 : ## process/grounding/factor/inf_imply_has_spouse_has_spouse/dump_weights #####
2016-05-30 14:50:50.489739 : # Done: 2016-05-29T12:22:06-0700 (1d 2h 28m 42s ago)
2016-05-30 14:50:50.489761 : process/grounding/factor/inf_imply_has_spouse_has_spouse/dump_weights/run.sh
2016-05-30 14:50:50.489782 : mark_done process/grounding/factor/inf_imply_has_spouse_has_spouse/dump_weights
2016-05-30 14:50:50.489827 : ##############################################################################
2016-05-30 14:50:50.489859 
2016-05-30 14:50:50.489884 : ## process/grounding/factor/inf_istrue_has_spouse/assign_weight_id ###########
2016-05-30 14:50:50.489905 : # Done: 2016-05-29T12:22:07-0700 (1d 2h 28m 41s ago)
2016-05-30 14:50:50.489926 : process/grounding/factor/inf_istrue_has_spouse/assign_weight_id/run.sh
2016-05-30 14:50:50.489947 : mark_done process/grounding/factor/inf_istrue_has_spouse/assign_weight_id
2016-05-30 14:50:50.489981 : ##############################################################################
2016-05-30 14:50:50.490004 
2016-05-30 14:50:50.490027 : ## process/grounding/factor/inf_istrue_has_spouse/dump #######################
2016-05-30 14:50:50.490047 : # Done: 2016-05-29T12:22:08-0700 (1d 2h 28m 40s ago)
2016-05-30 14:50:50.490067 : process/grounding/factor/inf_istrue_has_spouse/dump/run.sh
2016-05-30 14:50:50.490081 : mark_done process/grounding/factor/inf_istrue_has_spouse/dump
2016-05-30 14:50:50.490096 : ##############################################################################
2016-05-30 14:50:50.490117 
2016-05-30 14:50:50.490137 : ## process/grounding/factor/inf_istrue_has_spouse/dump_weights ###############
2016-05-30 14:50:50.490158 : # Done: 2016-05-29T12:22:08-0700 (1d 2h 28m 40s ago)
2016-05-30 14:50:50.490177 : process/grounding/factor/inf_istrue_has_spouse/dump_weights/run.sh
2016-05-30 14:50:50.490191 : mark_done process/grounding/factor/inf_istrue_has_spouse/dump_weights
2016-05-30 14:50:50.490207 : ##############################################################################
2016-05-30 14:50:50.490227 
2016-05-30 14:50:50.490248 : ## process/grounding/global_weight_table #####################################
2016-05-30 14:50:50.490269 : # Done: 2016-05-29T12:22:08-0700 (1d 2h 28m 40s ago)
2016-05-30 14:50:50.490287 : process/grounding/global_weight_table/run.sh
2016-05-30 14:50:50.490319 : mark_done process/grounding/global_weight_table
2016-05-30 14:50:50.490364 : ##############################################################################
2016-05-30 14:50:50.490392 
2016-05-30 14:50:50.490417 : ## process/grounding/variable_holdout ########################################
2016-05-30 14:50:50.490456 : # Done: 2016-05-29T12:22:09-0700 (1d 2h 28m 39s ago)
2016-05-30 14:50:50.490485 : process/grounding/variable_holdout/run.sh
2016-05-30 14:50:50.490506 : mark_done process/grounding/variable_holdout
2016-05-30 14:50:50.490527 : ##############################################################################
2016-05-30 14:50:50.490547 
2016-05-30 14:50:50.490599 : ## process/grounding/variable/has_spouse/dump ################################
2016-05-30 14:50:50.490629 : # Done: 2016-05-29T12:22:09-0700 (1d 2h 28m 39s ago)
2016-05-30 14:50:50.490656 : process/grounding/variable/has_spouse/dump/run.sh
2016-05-30 14:50:50.490681 : mark_done process/grounding/variable/has_spouse/dump
2016-05-30 14:50:50.490722 : ##############################################################################
2016-05-30 14:50:50.490749 
2016-05-30 14:50:50.490775 : ## process/grounding/combine_factorgraph #####################################
2016-05-30 14:50:50.490799 : # Done: 2016-05-29T12:22:10-0700 (1d 2h 28m 38s ago)
2016-05-30 14:50:50.490838 : process/grounding/combine_factorgraph/run.sh
2016-05-30 14:50:50.490871 : mark_done process/grounding/combine_factorgraph
2016-05-30 14:50:50.490899 : ##############################################################################
2016-05-30 14:50:50.490924 
2016-05-30 14:50:50.490948 : ## model/factorgraph #########################################################
2016-05-30 14:50:50.490972 : # Done: 2016-05-29T12:22:10-0700 (1d 2h 28m 38s ago)
2016-05-30 14:50:50.490996 : mark_done model/factorgraph
2016-05-30 14:50:50.491019 : ##############################################################################
2016-05-30 14:50:50.491041 
2016-05-30 14:50:50.491063 : ## process/model/learning ####################################################
2016-05-30 14:50:50.491099 : # Done: 2016-05-29T12:22:22-0700 (1d 2h 28m 26s ago)
2016-05-30 14:50:50.491132 : process/model/learning/run.sh
2016-05-30 14:50:50.491157 : mark_done process/model/learning
2016-05-30 14:50:50.491181 : ##############################################################################
2016-05-30 14:50:50.491202 
2016-05-30 14:50:50.491231 : ## model/weights #############################################################
2016-05-30 14:50:50.491253 : # Done: 2016-05-29T12:22:22-0700 (1d 2h 28m 26s ago)
2016-05-30 14:50:50.491275 : mark_done model/weights
2016-05-30 14:50:50.491302 : ##############################################################################
2016-05-30 14:50:50.491322 
2016-05-30 14:50:50.491345 : ## process/model/inference ###################################################
2016-05-30 14:50:50.491359 : # Done: 2016-05-29T12:22:22-0700 (1d 2h 28m 26s ago)
2016-05-30 14:50:50.491371 : process/model/inference/run.sh
2016-05-30 14:50:50.491403 : mark_done process/model/inference
2016-05-30 14:50:50.491430 : ##############################################################################
2016-05-30 14:50:50.491455 
2016-05-30 14:50:50.491480 : ## model/probabilities #######################################################
2016-05-30 14:50:50.491506 : # Done: 2016-05-29T12:22:22-0700 (1d 2h 28m 26s ago)
2016-05-30 14:50:50.491529 : mark_done model/probabilities
2016-05-30 14:50:50.491555 : ##############################################################################
2016-05-30 14:50:50.491602 
2016-05-30 14:50:50.491638 : ## process/model/load_probabilities ##########################################
2016-05-30 14:50:50.491664 : # Done: 2016-05-29T17:26:44-0700 (21h 24m 4s ago)
2016-05-30 14:50:50.491687 : process/model/load_probabilities/run.sh
2016-05-30 14:50:50.491710 : mark_done process/model/load_probabilities
2016-05-30 14:50:50.491723 : ##############################################################################
2016-05-30 14:50:50.491735 
2016-05-30 14:50:50.491758 : ## data/model/probabilities ##################################################
2016-05-30 14:50:50.491781 : # Done: 2016-05-29T17:26:44-0700 (21h 24m 4s ago)
2016-05-30 14:50:50.491850 : # no-op
2016-05-30 14:50:50.491877 : mark_done data/model/probabilities
2016-05-30 14:50:50.491903 : ##############################################################################
2016-05-30 14:50:50.491923 
2016-05-30 14:50:50.491946 ## process/model/calibration #################################################
2016-05-30 14:50:50.491996 : # Done: 2016-05-29T17:26:58-0700 (21h 23m 50s ago)
2016-05-30 14:50:50.492034 # Done: 2016-05-29T17:26:58-0700 (21h 23m 49s ago)
2016-05-30 14:50:50.492062 process/model/calibration/run.sh
2016-05-30 14:50:50.492088 ++ dirname process/model/calibration/run.sh
2016-05-30 14:50:50.492112 + cd process/model/calibration
2016-05-30 14:50:50.492135 + export DEEPDIVE_CURRENT_PROCESS_NAME=process/model/calibration
2016-05-30 14:50:50.492183 + DEEPDIVE_CURRENT_PROCESS_NAME=process/model/calibration
2016-05-30 14:50:50.492208 + d=../../../model/calibration-plots
2016-05-30 14:50:50.492231 + mkdir -p ../../../model/calibration-plots
2016-05-30 14:50:50.492255 + cd ../../../model/calibration-plots
2016-05-30 14:50:50.492328 + extraOutput=/Users/emerson/Documents/Github/deepdive/examples/coach_nba/run/20160530/145047.336604000/calibration
2016-05-30 14:50:50.492375 + mkdir -p /Users/emerson/Documents/Github/deepdive/examples/coach_nba/run/20160530/145047.336604000/calibration
2016-05-30 14:50:50.492401 + DEEPDIVE_CALIBRATION_NUM_BUCKETS=10
2016-05-30 14:50:50.492424 + deepdive db create_calibration_view has_spouse label
2016-05-30 14:50:50.574537 CREATE VIEW
2016-05-30 14:50:50.575960 + draw_calibration_plot has_spouse label
2016-05-30 14:50:51.015308 + cp -a has_spouse_label.png has_spouse_label.tsv /Users/emerson/Documents/Github/deepdive/examples/coach_nba/run/20160530/145047.336604000/calibration/
2016-05-30 14:50:51.048437 mark_done process/model/calibration
2016-05-30 14:50:51.102777 ##############################################################################
2016-05-30 14:50:51.102868 
2016-05-30 14:50:51.102907 ## model/calibration-plots ###################################################
2016-05-30 14:50:51.102934 : # Done: 2016-05-29T17:26:58-0700 (21h 23m 50s ago)
2016-05-30 14:50:51.102958 # Done: 2016-05-29T17:26:58-0700 (21h 23m 49s ago)
2016-05-30 14:50:51.102982 mark_done model/calibration-plots
2016-05-30 14:50:51.119032 ##############################################################################
2016-05-30 14:50:51.119079 
