2016-05-20 18:28:39.070719 # on dhcp-169-233-138-157.cruznet.ucsc.edu: deepdive do team_mention
2016-05-20 18:28:39.071027 # run/20160520/182836.923490000/plan.sh
2016-05-20 18:28:39.071053 # execution plan for data/team_mention
2016-05-20 18:28:39.071081 
2016-05-20 18:28:39.071105 : ## process/init/app ##########################################################
2016-05-20 18:28:39.071126 : # Done: 2016-05-20T15:47:44-0700 (2h 40m 53s ago)
2016-05-20 18:28:39.071145 : process/init/app/run.sh
2016-05-20 18:28:39.071195 : mark_done process/init/app
2016-05-20 18:28:39.071223 : ##############################################################################
2016-05-20 18:28:39.071247 
2016-05-20 18:28:39.071269 : ## process/init/relation/articles ############################################
2016-05-20 18:28:39.071291 : # Done: 2016-05-20T18:03:05-0700 (25m 32s ago)
2016-05-20 18:28:39.071311 : process/init/relation/articles/run.sh
2016-05-20 18:28:39.071332 : mark_done process/init/relation/articles
2016-05-20 18:28:39.071353 : ##############################################################################
2016-05-20 18:28:39.071373 
2016-05-20 18:28:39.071392 : ## data/articles #############################################################
2016-05-20 18:28:39.071412 : # Done: 2016-05-20T18:03:05-0700 (25m 32s ago)
2016-05-20 18:28:39.071430 : # no-op
2016-05-20 18:28:39.071448 : mark_done data/articles
2016-05-20 18:28:39.071467 : ##############################################################################
2016-05-20 18:28:39.071485 
2016-05-20 18:28:39.071506 : ## process/ext_sentences_by_nlp_markup #######################################
2016-05-20 18:28:39.071526 : # Done: 2016-05-20T18:04:33-0700 (24m 4s ago)
2016-05-20 18:28:39.071548 : process/ext_sentences_by_nlp_markup/run.sh
2016-05-20 18:28:39.071567 : mark_done process/ext_sentences_by_nlp_markup
2016-05-20 18:28:39.071586 : ##############################################################################
2016-05-20 18:28:39.071608 
2016-05-20 18:28:39.071627 : ## data/sentences ############################################################
2016-05-20 18:28:39.071647 : # Done: 2016-05-20T18:04:33-0700 (24m 4s ago)
2016-05-20 18:28:39.071667 : # no-op
2016-05-20 18:28:39.071686 : mark_done data/sentences
2016-05-20 18:28:39.071706 : ##############################################################################
2016-05-20 18:28:39.071726 
2016-05-20 18:28:39.071748 ## process/ext_team_mention_by_map_team_mention ##############################
2016-05-20 18:28:39.071770 # Done: N/A
2016-05-20 18:28:39.071791 process/ext_team_mention_by_map_team_mention/run.sh
2016-05-20 18:28:39.071812 ++ dirname process/ext_team_mention_by_map_team_mention/run.sh
2016-05-20 18:28:39.071833 + cd process/ext_team_mention_by_map_team_mention
2016-05-20 18:28:39.071854 + export DEEPDIVE_CURRENT_PROCESS_NAME=process/ext_team_mention_by_map_team_mention
2016-05-20 18:28:39.071876 + DEEPDIVE_CURRENT_PROCESS_NAME=process/ext_team_mention_by_map_team_mention
2016-05-20 18:28:39.071898 + export DEEPDIVE_LOAD_FORMAT=tsv
2016-05-20 18:28:39.071919 + DEEPDIVE_LOAD_FORMAT=tsv
2016-05-20 18:28:39.071941 + deepdive compute execute 'input_sql= SELECT R0.doc_id AS "sentences.R0.doc_id", R0.sentence_index AS "sentences.R0.sentence_index", R0.tokens AS "sentences.R0.tokens", R0.ner_tags AS "sentences.R0.ner_tags"
2016-05-20 18:28:39.071962 FROM sentences R0
2016-05-20 18:28:39.071984         
2016-05-20 18:28:39.072006           ' 'command="$DEEPDIVE_APP"/udf/map_team_mention.py' output_relation=team_mention
2016-05-20 18:28:39.116926 Executing with the following configuration:
2016-05-20 18:28:39.116994  DEEPDIVE_NUM_PROCESSES=3
2016-05-20 18:28:39.117023  DEEPDIVE_NUM_PARALLEL_UNLOADS=1
2016-05-20 18:28:39.117047  DEEPDIVE_NUM_PARALLEL_LOADS=1
2016-05-20 18:28:39.117120  output_relation_tmp=dd_tmp_team_mention
2016-05-20 18:28:39.117152 
2016-05-20 18:28:39.275226 [ERROR] team_mention: No such table defined in schema
