2016-05-21 12:01:08.124643 # on dhcp-169-233-138-157.cruznet.ucsc.edu: deepdive do spouses_dbpedia
2016-05-21 12:01:08.124926 # run/20160521/120106.422351000/plan.sh
2016-05-21 12:01:08.124948 # execution plan for data/spouses_dbpedia
2016-05-21 12:01:08.124967 
2016-05-21 12:01:08.124987 : ## process/init/app ##########################################################
2016-05-21 12:01:08.125007 : # Done: 2016-05-20T15:47:44-0700 (20h 13m 22s ago)
2016-05-21 12:01:08.125025 : process/init/app/run.sh
2016-05-21 12:01:08.125044 : mark_done process/init/app
2016-05-21 12:01:08.125064 : ##############################################################################
2016-05-21 12:01:08.125082 
2016-05-21 12:01:08.125102 ## process/init/relation/spouses_dbpedia #####################################
2016-05-21 12:01:08.125121 # Done: 2016-05-20T15:47:44-0700 (20h 13m 22s ago)
2016-05-21 12:01:08.125142 process/init/relation/spouses_dbpedia/run.sh
2016-05-21 12:01:08.125162 ++ dirname process/init/relation/spouses_dbpedia/run.sh
2016-05-21 12:01:08.125180 + cd process/init/relation/spouses_dbpedia
2016-05-21 12:01:08.125198 + export DEEPDIVE_CURRENT_PROCESS_NAME=process/init/relation/spouses_dbpedia
2016-05-21 12:01:08.125217 + DEEPDIVE_CURRENT_PROCESS_NAME=process/init/relation/spouses_dbpedia
2016-05-21 12:01:08.125236 + deepdive create table spouses_dbpedia
2016-05-21 12:01:08.242131 CREATE TABLE
2016-05-21 12:01:08.243072 + deepdive load spouses_dbpedia
2016-05-21 12:01:08.357556 Loading spouses_dbpedia from input/spouses_dbpedia.csv.bz2 (csv format)
2016-05-21 12:01:08.402649 ERROR:  missing data for column "person2_name"
2016-05-21 12:01:08.402784 CONTEXT:  COPY spouses_dbpedia, line 18: "Western Conference"
