2016-05-22 16:55:22.394121 # on eduroam-169-233-210-202.ucsc.edu: deepdive do spouse_label
2016-05-22 16:55:22.394423 # run/20160522/165520.797085000/plan.sh
2016-05-22 16:55:22.394453 # execution plan for data/spouse_label
2016-05-22 16:55:22.394475 
2016-05-22 16:55:22.394498 : ## process/init/app ##########################################################
2016-05-22 16:55:22.394518 : # Done: 2016-05-22T11:25:05-0700 (5h 30m 15s ago)
2016-05-22 16:55:22.394538 : process/init/app/run.sh
2016-05-22 16:55:22.394557 : mark_done process/init/app
2016-05-22 16:55:22.394575 : ##############################################################################
2016-05-22 16:55:22.394594 
2016-05-22 16:55:22.394614 : ## process/init/relation/articles ############################################
2016-05-22 16:55:22.394633 : # Done: 2016-05-22T11:55:52-0700 (4h 59m 28s ago)
2016-05-22 16:55:22.394652 : process/init/relation/articles/run.sh
2016-05-22 16:55:22.394671 : mark_done process/init/relation/articles
2016-05-22 16:55:22.394689 : ##############################################################################
2016-05-22 16:55:22.394707 
2016-05-22 16:55:22.394726 : ## data/articles #############################################################
2016-05-22 16:55:22.394744 : # Done: 2016-05-22T11:55:52-0700 (4h 59m 28s ago)
2016-05-22 16:55:22.394764 : # no-op
2016-05-22 16:55:22.394784 : mark_done data/articles
2016-05-22 16:55:22.394803 : ##############################################################################
2016-05-22 16:55:22.394853 
2016-05-22 16:55:22.394879 : ## process/ext_sentences_by_nlp_markup #######################################
2016-05-22 16:55:22.394901 : # Done: 2016-05-22T11:57:59-0700 (4h 57m 22s ago)
2016-05-22 16:55:22.394922 : process/ext_sentences_by_nlp_markup/run.sh
2016-05-22 16:55:22.394943 : mark_done process/ext_sentences_by_nlp_markup
2016-05-22 16:55:22.394965 : ##############################################################################
2016-05-22 16:55:22.394987 
2016-05-22 16:55:22.395007 : ## data/sentences ############################################################
2016-05-22 16:55:22.395028 : # Done: 2016-05-22T11:57:59-0700 (4h 57m 22s ago)
2016-05-22 16:55:22.395049 : # no-op
2016-05-22 16:55:22.395070 : mark_done data/sentences
2016-05-22 16:55:22.395092 : ##############################################################################
2016-05-22 16:55:22.395112 
2016-05-22 16:55:22.395131 : ## process/ext_person_mention_by_map_person_mention ##########################
2016-05-22 16:55:22.395150 : # Done: 2016-05-22T12:13:47-0700 (4h 41m 34s ago)
2016-05-22 16:55:22.395169 : process/ext_person_mention_by_map_person_mention/run.sh
2016-05-22 16:55:22.395189 : mark_done process/ext_person_mention_by_map_person_mention
2016-05-22 16:55:22.395229 : ##############################################################################
2016-05-22 16:55:22.395262 
2016-05-22 16:55:22.395285 : ## data/person_mention #######################################################
2016-05-22 16:55:22.395309 : # Done: 2016-05-22T12:13:47-0700 (4h 41m 34s ago)
2016-05-22 16:55:22.395328 : # no-op
2016-05-22 16:55:22.395347 : mark_done data/person_mention
2016-05-22 16:55:22.395368 : ##############################################################################
2016-05-22 16:55:22.395388 
2016-05-22 16:55:22.395406 : ## process/ext_num_people ####################################################
2016-05-22 16:55:22.395424 : # Done: 2016-05-22T12:14:33-0700 (4h 40m 48s ago)
2016-05-22 16:55:22.395442 : process/ext_num_people/run.sh
2016-05-22 16:55:22.395461 : mark_done process/ext_num_people
2016-05-22 16:55:22.395479 : ##############################################################################
2016-05-22 16:55:22.395497 
2016-05-22 16:55:22.395570 : ## data/num_people ###########################################################
2016-05-22 16:55:22.395610 : # Done: 2016-05-22T12:14:33-0700 (4h 40m 48s ago)
2016-05-22 16:55:22.395631 : # no-op
2016-05-22 16:55:22.395651 : mark_done data/num_people
2016-05-22 16:55:22.395672 : ##############################################################################
2016-05-22 16:55:22.395693 
2016-05-22 16:55:22.395713 : ## process/ext_team_mention_by_map_team_mention ##############################
2016-05-22 16:55:22.395734 : # Done: 2016-05-22T12:14:14-0700 (4h 41m 7s ago)
2016-05-22 16:55:22.395823 : process/ext_team_mention_by_map_team_mention/run.sh
2016-05-22 16:55:22.395845 : mark_done process/ext_team_mention_by_map_team_mention
2016-05-22 16:55:22.395906 : ##############################################################################
2016-05-22 16:55:22.395932 
2016-05-22 16:55:22.395953 : ## data/team_mention #########################################################
2016-05-22 16:55:22.395974 : # Done: 2016-05-22T12:14:14-0700 (4h 41m 7s ago)
2016-05-22 16:55:22.395995 : # no-op
2016-05-22 16:55:22.396014 : mark_done data/team_mention
2016-05-22 16:55:22.396033 : ##############################################################################
2016-05-22 16:55:22.396053 
2016-05-22 16:55:22.396073 : ## process/ext_spouse_candidate ##############################################
2016-05-22 16:55:22.396093 : # Done: 2016-05-22T12:14:34-0700 (4h 40m 47s ago)
2016-05-22 16:55:22.396113 : process/ext_spouse_candidate/run.sh
2016-05-22 16:55:22.396134 : mark_done process/ext_spouse_candidate
2016-05-22 16:55:22.396153 : ##############################################################################
2016-05-22 16:55:22.396171 
2016-05-22 16:55:22.396192 : ## data/spouse_candidate #####################################################
2016-05-22 16:55:22.396213 : # Done: 2016-05-22T12:14:34-0700 (4h 40m 47s ago)
2016-05-22 16:55:22.396233 : # no-op
2016-05-22 16:55:22.396253 : mark_done data/spouse_candidate
2016-05-22 16:55:22.396281 : ##############################################################################
2016-05-22 16:55:22.396300 
2016-05-22 16:55:22.396321 : ## process/ext_spouse_label__0_by_supervise ##################################
2016-05-22 16:55:22.396341 : # Done: 2016-05-22T12:28:31-0700 (4h 26m 50s ago)
2016-05-22 16:55:22.396361 : process/ext_spouse_label__0_by_supervise/run.sh
2016-05-22 16:55:22.396381 : mark_done process/ext_spouse_label__0_by_supervise
2016-05-22 16:55:22.396400 : ##############################################################################
2016-05-22 16:55:22.396418 
2016-05-22 16:55:22.396439 : ## data/spouse_label__0 ######################################################
2016-05-22 16:55:22.396460 : # Done: 2016-05-22T12:28:31-0700 (4h 26m 50s ago)
2016-05-22 16:55:22.396480 : # no-op
2016-05-22 16:55:22.396500 : mark_done data/spouse_label__0
2016-05-22 16:55:22.396518 : ##############################################################################
2016-05-22 16:55:22.396536 
2016-05-22 16:55:22.396557 : ## process/init/relation/spouses_dbpedia #####################################
2016-05-22 16:55:22.396578 : # Done: 2016-05-22T15:50:19-0700 (1h 5m 2s ago)
2016-05-22 16:55:22.396598 : process/init/relation/spouses_dbpedia/run.sh
2016-05-22 16:55:22.396620 : mark_done process/init/relation/spouses_dbpedia
2016-05-22 16:55:22.396638 : ##############################################################################
2016-05-22 16:55:22.396656 
2016-05-22 16:55:22.396676 : ## data/spouses_dbpedia ######################################################
2016-05-22 16:55:22.396697 : # Done: 2016-05-22T15:50:19-0700 (1h 5m 2s ago)
2016-05-22 16:55:22.396718 : # no-op
2016-05-22 16:55:22.396738 : mark_done data/spouses_dbpedia
2016-05-22 16:55:22.396758 : ##############################################################################
2016-05-22 16:55:22.396776 
2016-05-22 16:55:22.396798 ## process/ext_spouse_label ##################################################
2016-05-22 16:55:22.396818 : # Done: 2016-05-22T15:50:41-0700 (1h 4m 40s ago)
2016-05-22 16:55:22.396838 # Done: 2016-05-22T15:50:41-0700 (1h 4m 39s ago)
2016-05-22 16:55:22.396860 process/ext_spouse_label/run.sh
2016-05-22 16:55:22.396879 ++ dirname process/ext_spouse_label/run.sh
2016-05-22 16:55:22.396897 + cd process/ext_spouse_label
2016-05-22 16:55:22.396918 + export DEEPDIVE_CURRENT_PROCESS_NAME=process/ext_spouse_label
2016-05-22 16:55:22.396937 + DEEPDIVE_CURRENT_PROCESS_NAME=process/ext_spouse_label
2016-05-22 16:55:22.396957 + deepdive create table spouse_label
2016-05-22 16:55:22.499612 NOTICE:  drop cascades to view spouse_label_resolved
2016-05-22 16:55:22.512363 CREATE TABLE
2016-05-22 16:55:22.514008 + deepdive sql 'INSERT INTO spouse_label SELECT R0.p_id AS "spouse_candidate.R0.p_id", R0.t_id AS "spouse_candidate.R0.t_id", 0 AS column_2, NULL AS column_3
2016-05-22 16:55:22.514079 FROM spouse_candidate R0
2016-05-22 16:55:22.514106         
2016-05-22 16:55:22.514129 UNION ALL
2016-05-22 16:55:22.514152 SELECT R0.p_id AS "spouse_candidate.R0.p_id", R0.t_id AS "spouse_candidate.R0.t_id", 1 AS column_2, '\''from_dbpedia'\'' AS column_3
2016-05-22 16:55:22.514174 FROM spouse_candidate R0, spouses_dbpedia R1
2016-05-22 16:55:22.514198         WHERE ((lower(R1.p_name) = lower(R0.p_name) AND lower(R1.t_name) = lower(R0.p_name)) OR (lower(R1.t_name) = lower(R0.t_name) AND lower(R1.p_name) = lower(R0.t_name)))
2016-05-22 16:55:22.514223 UNION ALL
2016-05-22 16:55:22.514246 SELECT R0.p_id AS "spouse_label__0.R0.p_id", R0.t_id AS "spouse_label__0.R0.t_id", R0.label AS "spouse_label__0.R0.label", R0.rule_id AS "spouse_label__0.R0.rule_id"
2016-05-22 16:55:22.514269 FROM spouse_label__0 R0
2016-05-22 16:55:22.514291         '
2016-05-22 16:55:22.639359 INSERT 0 131
2016-05-22 16:55:22.640658 mark_done process/ext_spouse_label
2016-05-22 16:55:22.656381 ##############################################################################
2016-05-22 16:55:22.656433 
2016-05-22 16:55:22.656452 ## data/spouse_label #########################################################
2016-05-22 16:55:22.656474 : # Done: 2016-05-22T15:50:41-0700 (1h 4m 40s ago)
2016-05-22 16:55:22.656494 # Done: 2016-05-22T15:50:41-0700 (1h 4m 39s ago)
2016-05-22 16:55:22.656513 # no-op
2016-05-22 16:55:22.656533 mark_done data/spouse_label
2016-05-22 16:55:22.671798 ##############################################################################
2016-05-22 16:55:22.671867 
