2016-05-21 15:46:12.406225 # on dhcp-169-233-138-157.cruznet.ucsc.edu: deepdive do probabilities
2016-05-21 15:46:12.406847 # run/20160521/154608.232955000/plan.sh
2016-05-21 15:46:12.406893 # execution plan for data/model/probabilities
2016-05-21 15:46:12.406922 
2016-05-21 15:46:12.406949 : ## process/init/app ##########################################################
2016-05-21 15:46:12.406971 : # Done: 2016-05-20T15:47:44-0700 (23h 58m 24s ago)
2016-05-21 15:46:12.406992 : process/init/app/run.sh
2016-05-21 15:46:12.407011 : mark_done process/init/app
2016-05-21 15:46:12.407030 : ##############################################################################
2016-05-21 15:46:12.407049 
2016-05-21 15:46:12.407069 : ## process/init/relation/articles ############################################
2016-05-21 15:46:12.407089 : # Done: 2016-05-20T19:16:48-0700 (20h 29m 20s ago)
2016-05-21 15:46:12.407108 : process/init/relation/articles/run.sh
2016-05-21 15:46:12.407128 : mark_done process/init/relation/articles
2016-05-21 15:46:12.407147 : ##############################################################################
2016-05-21 15:46:12.407167 
2016-05-21 15:46:12.407187 : ## data/articles #############################################################
2016-05-21 15:46:12.407209 : # Done: 2016-05-20T19:16:48-0700 (20h 29m 20s ago)
2016-05-21 15:46:12.407228 : # no-op
2016-05-21 15:46:12.407249 : mark_done data/articles
2016-05-21 15:46:12.407267 : ##############################################################################
2016-05-21 15:46:12.407284 
2016-05-21 15:46:12.407520 : ## process/ext_sentences_by_nlp_markup #######################################
2016-05-21 15:46:12.407556 : # Done: 2016-05-20T19:20:04-0700 (20h 26m 5s ago)
2016-05-21 15:46:12.407578 : process/ext_sentences_by_nlp_markup/run.sh
2016-05-21 15:46:12.407598 : mark_done process/ext_sentences_by_nlp_markup
2016-05-21 15:46:12.407617 : ##############################################################################
2016-05-21 15:46:12.407635 
2016-05-21 15:46:12.407654 : ## data/sentences ############################################################
2016-05-21 15:46:12.407674 : # Done: 2016-05-20T19:20:04-0700 (20h 26m 5s ago)
2016-05-21 15:46:12.407692 : # no-op
2016-05-21 15:46:12.407712 : mark_done data/sentences
2016-05-21 15:46:12.407730 : ##############################################################################
2016-05-21 15:46:12.407750 
2016-05-21 15:46:12.407768 : ## process/ext_person_mention_by_map_person_mention ##########################
2016-05-21 15:46:12.407787 : # Done: 2016-05-20T20:58:22-0700 (18h 47m 47s ago)
2016-05-21 15:46:12.407806 : process/ext_person_mention_by_map_person_mention/run.sh
2016-05-21 15:46:12.407825 : mark_done process/ext_person_mention_by_map_person_mention
2016-05-21 15:46:12.407844 : ##############################################################################
2016-05-21 15:46:12.407862 
2016-05-21 15:46:12.407881 : ## data/person_mention #######################################################
2016-05-21 15:46:12.407900 : # Done: 2016-05-20T20:58:22-0700 (18h 47m 47s ago)
2016-05-21 15:46:12.407920 : # no-op
2016-05-21 15:46:12.407939 : mark_done data/person_mention
2016-05-21 15:46:12.407957 : ##############################################################################
2016-05-21 15:46:12.407976 
2016-05-21 15:46:12.407994 : ## process/ext_num_people ####################################################
2016-05-21 15:46:12.408013 : # Done: 2016-05-20T21:35:41-0700 (18h 10m 28s ago)
2016-05-21 15:46:12.408032 : process/ext_num_people/run.sh
2016-05-21 15:46:12.408051 : mark_done process/ext_num_people
2016-05-21 15:46:12.408069 : ##############################################################################
2016-05-21 15:46:12.408088 
2016-05-21 15:46:12.408108 : ## data/num_people ###########################################################
2016-05-21 15:46:12.408127 : # Done: 2016-05-20T21:35:41-0700 (18h 10m 28s ago)
2016-05-21 15:46:12.408145 : # no-op
2016-05-21 15:46:12.408164 : mark_done data/num_people
2016-05-21 15:46:12.408182 : ##############################################################################
2016-05-21 15:46:12.408200 
2016-05-21 15:46:12.408218 : ## process/ext_team_mention_by_map_team_mention ##############################
2016-05-21 15:46:12.408235 : # Done: 2016-05-20T21:23:06-0700 (18h 23m 3s ago)
2016-05-21 15:46:12.408254 : process/ext_team_mention_by_map_team_mention/run.sh
2016-05-21 15:46:12.408272 : mark_done process/ext_team_mention_by_map_team_mention
2016-05-21 15:46:12.408291 : ##############################################################################
2016-05-21 15:46:12.408310 
2016-05-21 15:46:12.408330 : ## data/team_mention #########################################################
2016-05-21 15:46:12.408349 : # Done: 2016-05-20T22:05:04-0700 (17h 41m 5s ago)
2016-05-21 15:46:12.408368 : # no-op
2016-05-21 15:46:12.408387 : mark_done data/team_mention
2016-05-21 15:46:12.408407 : ##############################################################################
2016-05-21 15:46:12.408426 
2016-05-21 15:46:12.408446 : ## process/ext_spouse_candidate ##############################################
2016-05-21 15:46:12.408465 : # Done: 2016-05-20T22:17:52-0700 (17h 28m 17s ago)
2016-05-21 15:46:12.408484 : process/ext_spouse_candidate/run.sh
2016-05-21 15:46:12.408504 : mark_done process/ext_spouse_candidate
2016-05-21 15:46:12.408523 : ##############################################################################
2016-05-21 15:46:12.408542 
2016-05-21 15:46:12.408561 : ## data/spouse_candidate #####################################################
2016-05-21 15:46:12.408581 : # Done: 2016-05-20T22:17:52-0700 (17h 28m 17s ago)
2016-05-21 15:46:12.408599 : # no-op
2016-05-21 15:46:12.408618 : mark_done data/spouse_candidate
2016-05-21 15:46:12.408636 : ##############################################################################
2016-05-21 15:46:12.408654 
2016-05-21 15:46:12.408672 : ## process/ext_spouse_label__0_by_supervise ##################################
2016-05-21 15:46:12.408689 : # Done: 2016-05-20T22:17:53-0700 (17h 28m 16s ago)
2016-05-21 15:46:12.408710 : process/ext_spouse_label__0_by_supervise/run.sh
2016-05-21 15:46:12.408729 : mark_done process/ext_spouse_label__0_by_supervise
2016-05-21 15:46:12.408747 : ##############################################################################
2016-05-21 15:46:12.408788 
2016-05-21 15:46:12.408810 : ## data/spouse_label__0 ######################################################
2016-05-21 15:46:12.408829 : # Done: 2016-05-20T22:17:53-0700 (17h 28m 16s ago)
2016-05-21 15:46:12.408848 : # no-op
2016-05-21 15:46:12.408867 : mark_done data/spouse_label__0
2016-05-21 15:46:12.408886 : ##############################################################################
2016-05-21 15:46:12.408905 
2016-05-21 15:46:12.408925 : ## process/init/relation/spouses_dbpedia #####################################
2016-05-21 15:46:12.408945 : # Done: 2016-05-21T12:09:26-0700 (3h 36m 43s ago)
2016-05-21 15:46:12.408964 : process/init/relation/spouses_dbpedia/run.sh
2016-05-21 15:46:12.408983 : mark_done process/init/relation/spouses_dbpedia
2016-05-21 15:46:12.409000 : ##############################################################################
2016-05-21 15:46:12.409017 
2016-05-21 15:46:12.409033 : ## data/spouses_dbpedia ######################################################
2016-05-21 15:46:12.409051 : # Done: 2016-05-21T12:09:26-0700 (3h 36m 43s ago)
2016-05-21 15:46:12.409067 : # no-op
2016-05-21 15:46:12.409085 : mark_done data/spouses_dbpedia
2016-05-21 15:46:12.409102 : ##############################################################################
2016-05-21 15:46:12.409121 
2016-05-21 15:46:12.409139 : ## process/ext_spouse_label ##################################################
2016-05-21 15:46:12.409157 : # Done: 2016-05-21T15:28:40-0700 (17m 29s ago)
2016-05-21 15:46:12.409176 : process/ext_spouse_label/run.sh
2016-05-21 15:46:12.409194 : mark_done process/ext_spouse_label
2016-05-21 15:46:12.409214 : ##############################################################################
2016-05-21 15:46:12.409234 
2016-05-21 15:46:12.409252 : ## data/spouse_label #########################################################
2016-05-21 15:46:12.409270 : # Done: 2016-05-21T15:28:40-0700 (17m 29s ago)
2016-05-21 15:46:12.409288 : # no-op
2016-05-21 15:46:12.409304 : mark_done data/spouse_label
2016-05-21 15:46:12.409321 : ##############################################################################
2016-05-21 15:46:12.409339 
2016-05-21 15:46:12.409357 : ## process/ext_spouse_label_resolved #########################################
2016-05-21 15:46:12.409374 : # Done: 2016-05-21T15:28:41-0700 (17m 28s ago)
2016-05-21 15:46:12.409392 : process/ext_spouse_label_resolved/run.sh
2016-05-21 15:46:12.409409 : mark_done process/ext_spouse_label_resolved
2016-05-21 15:46:12.409426 : ##############################################################################
2016-05-21 15:46:12.409443 
2016-05-21 15:46:12.409460 : ## data/spouse_label_resolved ################################################
2016-05-21 15:46:12.409478 : # Done: 2016-05-21T15:28:41-0700 (17m 28s ago)
2016-05-21 15:46:12.409495 : # no-op
2016-05-21 15:46:12.409512 : mark_done data/spouse_label_resolved
2016-05-21 15:46:12.409529 : ##############################################################################
2016-05-21 15:46:12.409546 
2016-05-21 15:46:12.409563 : ## process/ext_has_spouse ####################################################
2016-05-21 15:46:12.409580 : # Done: 2016-05-21T15:40:27-0700 (5m 42s ago)
2016-05-21 15:46:12.409597 : process/ext_has_spouse/run.sh
2016-05-21 15:46:12.409615 : mark_done process/ext_has_spouse
2016-05-21 15:46:12.409638 : ##############################################################################
2016-05-21 15:46:12.409658 
2016-05-21 15:46:12.409676 : ## data/has_spouse ###########################################################
2016-05-21 15:46:12.409695 : # Done: 2016-05-21T15:40:27-0700 (5m 42s ago)
2016-05-21 15:46:12.409714 : # no-op
2016-05-21 15:46:12.409733 : mark_done data/has_spouse
2016-05-21 15:46:12.409752 : ##############################################################################
2016-05-21 15:46:12.409771 
2016-05-21 15:46:12.409792 ## process/grounding/variable_id_partition ###################################
2016-05-21 15:46:12.409812 : # Done: 2016-05-21T15:38:02-0700 (8m 7s ago)
2016-05-21 15:46:12.409831 # Done: 2016-05-21T15:38:02-0700 (8m 6s ago)
2016-05-21 15:46:12.409851 process/grounding/variable_id_partition/run.sh
2016-05-21 15:46:12.409872 ++ dirname process/grounding/variable_id_partition/run.sh
2016-05-21 15:46:12.409892 + cd process/grounding/variable_id_partition
2016-05-21 15:46:12.409913 + export DEEPDIVE_CURRENT_PROCESS_NAME=process/grounding/variable_id_partition
2016-05-21 15:46:12.409933 + DEEPDIVE_CURRENT_PROCESS_NAME=process/grounding/variable_id_partition
2016-05-21 15:46:12.409952 + : /Users/emerson/Documents/Github/deepdive/examples/Coach_NBA/run/model/grounding
2016-05-21 15:46:12.409970 + RANGE_BEGIN=0
2016-05-21 15:46:12.409989 + partition_id_range has_spouse
2016-05-21 15:46:12.410009 + variableCountTotal=0
2016-05-21 15:46:12.410029 + read table begin excludeEnd
2016-05-21 15:46:12.469896 + varPath=/Users/emerson/Documents/Github/deepdive/examples/Coach_NBA/run/model/grounding/variable/has_spouse
2016-05-21 15:46:12.469996 + mkdir -p /Users/emerson/Documents/Github/deepdive/examples/Coach_NBA/run/model/grounding/variable/has_spouse
2016-05-21 15:46:12.476756 + cd /Users/emerson/Documents/Github/deepdive/examples/Coach_NBA/run/model/grounding/variable/has_spouse
2016-05-21 15:46:12.476827 + echo 0
2016-05-21 15:46:12.478902 + echo 103
2016-05-21 15:46:12.484799 + echo 103
2016-05-21 15:46:12.491038 + variableCountTotal=103
2016-05-21 15:46:12.491139 + read table begin excludeEnd
2016-05-21 15:46:12.491198 + echo 103
2016-05-21 15:46:12.496568 mark_done process/grounding/variable_id_partition
2016-05-21 15:46:12.530690 ##############################################################################
2016-05-21 15:46:12.530747 
2016-05-21 15:46:12.530764 ## process/grounding/variable/has_spouse/assign_id ###########################
2016-05-21 15:46:12.530783 : # Done: 2016-05-21T15:38:02-0700 (8m 7s ago)
2016-05-21 15:46:12.530802 # Done: 2016-05-21T15:38:02-0700 (8m 6s ago)
2016-05-21 15:46:12.530823 process/grounding/variable/has_spouse/assign_id/run.sh
2016-05-21 15:46:12.538288 ++ dirname process/grounding/variable/has_spouse/assign_id/run.sh
2016-05-21 15:46:12.541867 + cd process/grounding/variable/has_spouse/assign_id
2016-05-21 15:46:12.541970 + export DEEPDIVE_CURRENT_PROCESS_NAME=process/grounding/variable/has_spouse/assign_id
2016-05-21 15:46:12.542015 + DEEPDIVE_CURRENT_PROCESS_NAME=process/grounding/variable/has_spouse/assign_id
2016-05-21 15:46:12.542068 + : /Users/emerson/Documents/Github/deepdive/examples/Coach_NBA/run/model/grounding
2016-05-21 15:46:12.542100 + table=has_spouse
2016-05-21 15:46:12.542124 + cd /Users/emerson/Documents/Github/deepdive/examples/Coach_NBA/run/model/grounding/variable/has_spouse
2016-05-21 15:46:12.542745 ++ cat id_begin
2016-05-21 15:46:12.546222 + baseId=0
2016-05-21 15:46:12.546301 + deepdive db assign_sequential_id has_spouse id 0
2016-05-21 15:46:12.628669 NOTICE:  sequence "dd_seq_has_spouse_id" does not exist, skipping
2016-05-21 15:46:12.635555 UPDATE 103
2016-05-21 15:46:12.637022 mark_done process/grounding/variable/has_spouse/assign_id
2016-05-21 15:46:12.653657 ##############################################################################
2016-05-21 15:46:12.653706 
2016-05-21 15:46:12.653720 ## process/grounding/factor/inf1_imply_has_spouse_has_spouse/materialize #####
2016-05-21 15:46:12.653739 : # Done: 2016-05-20T15:47:44-0700 (23h 58m 25s ago)
2016-05-21 15:46:12.653761 # Done: 2016-05-20T15:47:44-0700 (23h 58m 24s ago)
2016-05-21 15:46:12.653781 process/grounding/factor/inf1_imply_has_spouse_has_spouse/materialize/run.sh
2016-05-21 15:46:12.662459 ++ dirname process/grounding/factor/inf1_imply_has_spouse_has_spouse/materialize/run.sh
2016-05-21 15:46:12.668786 + cd process/grounding/factor/inf1_imply_has_spouse_has_spouse/materialize
2016-05-21 15:46:12.669024 + export DEEPDIVE_CURRENT_PROCESS_NAME=process/grounding/factor/inf1_imply_has_spouse_has_spouse/materialize
2016-05-21 15:46:12.669119 + DEEPDIVE_CURRENT_PROCESS_NAME=process/grounding/factor/inf1_imply_has_spouse_has_spouse/materialize
2016-05-21 15:46:12.669175 + : /Users/emerson/Documents/Github/deepdive/examples/Coach_NBA/run/model/grounding
2016-05-21 15:46:12.669219 + deepdive create table dd_factors_inf1_imply_has_spouse_has_spouse as '
2016-05-21 15:46:12.669243           SELECT R0.id AS "has_spouse.R0.id" , R0.id AS "has_spouse.R0.id" 
2016-05-21 15:46:12.669263           FROM has_spouse R0, has_spouse R1, spouse_candidate R2, spouse_candidate R3, spouse_candidate R4
2016-05-21 15:46:12.669284         WHERE R1.p_id = R0.p_id  AND R1.t_id = R0.t_id  AND R2.p_id = R0.p_id  AND R2.t_id = R0.t_id  AND R3.t_id = R0.t_id  AND R4.p_id = R0.p_id '
2016-05-21 15:46:12.869370 ERROR:  column "has_spouse.R0.id" specified more than once
