2016-05-20 19:14:09.977167 # on dhcp-169-233-138-157.cruznet.ucsc.edu: deepdive do team_mention
2016-05-20 19:14:09.977502 # run/20160520/191408.145800000/plan.sh
2016-05-20 19:14:09.977537 # execution plan for data/team_mention
2016-05-20 19:14:09.977563 
2016-05-20 19:14:09.977587 : ## process/init/app ##########################################################
2016-05-20 19:14:09.977608 : # Done: 2016-05-20T15:47:44-0700 (3h 26m 24s ago)
2016-05-20 19:14:09.977629 : process/init/app/run.sh
2016-05-20 19:14:09.977650 : mark_done process/init/app
2016-05-20 19:14:09.977669 : ##############################################################################
2016-05-20 19:14:09.977689 
2016-05-20 19:14:09.977711 : ## process/init/relation/articles ############################################
2016-05-20 19:14:09.977731 : # Done: 2016-05-20T18:03:05-0700 (1h 11m 3s ago)
2016-05-20 19:14:09.977750 : process/init/relation/articles/run.sh
2016-05-20 19:14:09.977771 : mark_done process/init/relation/articles
2016-05-20 19:14:09.977792 : ##############################################################################
2016-05-20 19:14:09.977812 
2016-05-20 19:14:09.977831 : ## data/articles #############################################################
2016-05-20 19:14:09.977851 : # Done: 2016-05-20T18:03:05-0700 (1h 11m 3s ago)
2016-05-20 19:14:09.977870 : # no-op
2016-05-20 19:14:09.977898 : mark_done data/articles
2016-05-20 19:14:09.977920 : ##############################################################################
2016-05-20 19:14:09.977942 
2016-05-20 19:14:09.977963 : ## process/ext_sentences_by_nlp_markup #######################################
2016-05-20 19:14:09.977984 : # Done: 2016-05-20T18:04:33-0700 (1h 9m 35s ago)
2016-05-20 19:14:09.978003 : process/ext_sentences_by_nlp_markup/run.sh
2016-05-20 19:14:09.978023 : mark_done process/ext_sentences_by_nlp_markup
2016-05-20 19:14:09.978043 : ##############################################################################
2016-05-20 19:14:09.978065 
2016-05-20 19:14:09.978084 : ## data/sentences ############################################################
2016-05-20 19:14:09.978103 : # Done: 2016-05-20T18:04:33-0700 (1h 9m 35s ago)
2016-05-20 19:14:09.978123 : # no-op
2016-05-20 19:14:09.978142 : mark_done data/sentences
2016-05-20 19:14:09.978161 : ##############################################################################
2016-05-20 19:14:09.978188 
2016-05-20 19:14:09.978208 ## process/ext_team_mention_by_map_team_mention ##############################
2016-05-20 19:14:09.978227 # Done: N/A
2016-05-20 19:14:09.978247 process/ext_team_mention_by_map_team_mention/run.sh
2016-05-20 19:14:09.978267 ++ dirname process/ext_team_mention_by_map_team_mention/run.sh
2016-05-20 19:14:09.978285 + cd process/ext_team_mention_by_map_team_mention
2016-05-20 19:14:09.978304 + export DEEPDIVE_CURRENT_PROCESS_NAME=process/ext_team_mention_by_map_team_mention
2016-05-20 19:14:09.978323 + DEEPDIVE_CURRENT_PROCESS_NAME=process/ext_team_mention_by_map_team_mention
2016-05-20 19:14:09.978342 + export DEEPDIVE_LOAD_FORMAT=tsv
2016-05-20 19:14:09.978361 + DEEPDIVE_LOAD_FORMAT=tsv
2016-05-20 19:14:09.978382 + deepdive compute execute 'input_sql= SELECT R0.doc_id AS "sentences.R0.doc_id", R0.sentence_index AS "sentences.R0.sentence_index", R0.tokens AS "sentences.R0.tokens", R0.ner_tags AS "sentences.R0.ner_tags"
2016-05-20 19:14:09.978403 FROM sentences R0
2016-05-20 19:14:09.978423         
2016-05-20 19:14:09.978442           ' 'command="$DEEPDIVE_APP"/udf/map_team_mention.py' output_relation=team_mention
2016-05-20 19:14:10.031368 Executing with the following configuration:
2016-05-20 19:14:10.031430  DEEPDIVE_NUM_PROCESSES=3
2016-05-20 19:14:10.031455  DEEPDIVE_NUM_PARALLEL_UNLOADS=1
2016-05-20 19:14:10.031476  DEEPDIVE_NUM_PARALLEL_LOADS=1
2016-05-20 19:14:10.031556  output_relation_tmp=dd_tmp_team_mention
2016-05-20 19:14:10.031586 
2016-05-20 19:14:10.240267 CREATE TABLE
2016-05-20 19:14:10.340534 CREATE TABLE
2016-05-20 19:14:10.500375 unloading to feed_processes-1: ' SELECT R0.doc_id AS "sentences.R0.doc_id", R0.sentence_index AS "sentences.R0.sentence_index", R0.tokens AS "sentences.R0.tokens", R0.ner_tags AS "sentences.R0.ner_tags"
2016-05-20 19:14:10.500437 FROM sentences R0
2016-05-20 19:14:10.500461         
2016-05-20 19:14:10.500483           '
2016-05-20 19:14:10.554761 Loading dd_tmp_team_mention from output_computed-1 (tsv format)
2016-05-20 19:14:10.673830 COPY 0
2016-05-20 19:14:10.679283 Replacing team_mention with dd_tmp_team_mention
2016-05-20 19:14:10.751709 DROP TABLE
2016-05-20 19:14:10.828141 ALTER TABLE
2016-05-20 19:14:10.903658 ALTER TABLE
2016-05-20 19:14:10.981264 DROP TABLE
2016-05-20 19:14:11.009646 ANALYZE
2016-05-20 19:14:11.018861 mark_done process/ext_team_mention_by_map_team_mention
2016-05-20 19:14:11.037791 ##############################################################################
2016-05-20 19:14:11.037869 
2016-05-20 19:14:11.037890 ## data/team_mention #########################################################
2016-05-20 19:14:11.037910 # Done: 2016-05-20T18:19:11-0700 (54m 57s ago)
2016-05-20 19:14:11.037931 # no-op
2016-05-20 19:14:11.037950 mark_done data/team_mention
2016-05-20 19:14:11.062332 ##############################################################################
2016-05-20 19:14:11.062426 
