2016-05-22 11:32:14.623013 # on eduroam-169-233-210-202.ucsc.edu: deepdive do sentences
2016-05-22 11:32:14.623425 # run/20160522/113210.349864000/plan.sh
2016-05-22 11:32:14.623458 # execution plan for data/sentences
2016-05-22 11:32:14.623481 
2016-05-22 11:32:14.623501 : ## process/init/app ##########################################################
2016-05-22 11:32:14.623520 : # Done: 2016-05-22T11:25:05-0700 (7m 5s ago)
2016-05-22 11:32:14.623539 : process/init/app/run.sh
2016-05-22 11:32:14.623558 : mark_done process/init/app
2016-05-22 11:32:14.623615 : ##############################################################################
2016-05-22 11:32:14.623638 
2016-05-22 11:32:14.623658 : ## process/init/relation/articles ############################################
2016-05-22 11:32:14.623677 : # Done: 2016-05-22T11:31:33-0700 (37s ago)
2016-05-22 11:32:14.623696 : process/init/relation/articles/run.sh
2016-05-22 11:32:14.623714 : mark_done process/init/relation/articles
2016-05-22 11:32:14.623732 : ##############################################################################
2016-05-22 11:32:14.623752 
2016-05-22 11:32:14.623771 : ## data/articles #############################################################
2016-05-22 11:32:14.623791 : # Done: 2016-05-22T11:31:33-0700 (37s ago)
2016-05-22 11:32:14.623810 : # no-op
2016-05-22 11:32:14.623829 : mark_done data/articles
2016-05-22 11:32:14.623847 : ##############################################################################
2016-05-22 11:32:14.623909 
2016-05-22 11:32:14.623931 ## process/ext_sentences_by_nlp_markup #######################################
2016-05-22 11:32:14.623950 # Done: 2016-05-22T11:26:24-0700 (5m 46s ago)
2016-05-22 11:32:14.623970 process/ext_sentences_by_nlp_markup/run.sh
2016-05-22 11:32:14.623989 ++ dirname process/ext_sentences_by_nlp_markup/run.sh
2016-05-22 11:32:14.624007 + cd process/ext_sentences_by_nlp_markup
2016-05-22 11:32:14.624025 + export DEEPDIVE_CURRENT_PROCESS_NAME=process/ext_sentences_by_nlp_markup
2016-05-22 11:32:14.624044 + DEEPDIVE_CURRENT_PROCESS_NAME=process/ext_sentences_by_nlp_markup
2016-05-22 11:32:14.624062 + export DEEPDIVE_LOAD_FORMAT=tsv
2016-05-22 11:32:14.624082 + DEEPDIVE_LOAD_FORMAT=tsv
2016-05-22 11:32:14.624104 + deepdive compute execute 'input_sql= SELECT R0.id AS "articles.R0.id", R0.content AS "articles.R0.content"
2016-05-22 11:32:14.624125 FROM articles R0
2016-05-22 11:32:14.624146         
2016-05-22 11:32:14.624166           ' 'command="$DEEPDIVE_APP"/udf/nlp_markup.sh' output_relation=sentences
2016-05-22 11:32:14.624187 Executing with the following configuration:
2016-05-22 11:32:14.624208  DEEPDIVE_NUM_PROCESSES=3
2016-05-22 11:32:14.624226  DEEPDIVE_NUM_PARALLEL_UNLOADS=1
2016-05-22 11:32:14.624245  DEEPDIVE_NUM_PARALLEL_LOADS=1
2016-05-22 11:32:14.624294  output_relation_tmp=dd_tmp_sentences
2016-05-22 11:32:14.624327 
2016-05-22 11:32:14.962727 CREATE TABLE
2016-05-22 11:32:15.190886 CREATE TABLE
2016-05-22 11:32:15.498638 Loading dd_tmp_sentences from output_computed-1 (tsv format)
2016-05-22 11:32:15.519384 unloading to feed_processes-1: ' SELECT R0.id AS "articles.R0.id", R0.content AS "articles.R0.content"
2016-05-22 11:32:15.519454 FROM articles R0
2016-05-22 11:32:15.519480         
2016-05-22 11:32:15.519506           '
2016-05-22 11:32:17.938994 Parsing with max_len=100
2016-05-22 11:32:17.948064 Parsing with max_len=100
2016-05-22 11:32:17.951662 Parsing with max_len=100
2016-05-22 11:32:18.227188 Adding annotator tokenize
2016-05-22 11:32:18.236720 Adding annotator tokenize
2016-05-22 11:32:18.250876 Adding annotator tokenize
2016-05-22 11:32:18.253758 TokenizerAnnotator: No tokenizer type provided. Defaulting to PTBTokenizer.
2016-05-22 11:32:18.293718 TokenizerAnnotator: No tokenizer type provided. Defaulting to PTBTokenizer.
2016-05-22 11:32:18.298512 TokenizerAnnotator: No tokenizer type provided. Defaulting to PTBTokenizer.
2016-05-22 11:32:18.299544 Adding annotator cleanxml
2016-05-22 11:32:18.301564 Adding annotator cleanxml
2016-05-22 11:32:18.307951 Adding annotator cleanxml
2016-05-22 11:32:18.350126 Adding annotator ssplit
2016-05-22 11:32:18.355629 Adding annotator pos
2016-05-22 11:32:18.363156 Adding annotator ssplit
2016-05-22 11:32:18.363885 Adding annotator ssplit
2016-05-22 11:32:18.365354 Adding annotator pos
2016-05-22 11:32:18.366078 Adding annotator pos
2016-05-22 11:32:23.096373 Reading POS tagger model from edu/stanford/nlp/models/pos-tagger/english-left3words/english-left3words-distsim.tagger ... Reading POS tagger model from edu/stanford/nlp/models/pos-tagger/english-left3words/english-left3words-distsim.tagger ... Reading POS tagger model from edu/stanford/nlp/models/pos-tagger/english-left3words/english-left3words-distsim.tagger ... done [4.6 sec].
2016-05-22 11:32:23.096669 Adding annotator lemma
2016-05-22 11:32:23.098015 Adding annotator ner
2016-05-22 11:32:23.188515 done [4.7 sec].
2016-05-22 11:32:23.188660 Adding annotator lemma
2016-05-22 11:32:23.189540 Adding annotator ner
2016-05-22 11:32:23.270221 done [4.8 sec].
2016-05-22 11:32:23.272516 Adding annotator lemma
2016-05-22 11:32:23.273617 Adding annotator ner
2016-05-22 11:32:35.725513 Loading classifier from edu/stanford/nlp/models/ner/english.all.3class.distsim.crf.ser.gz ... Loading classifier from edu/stanford/nlp/models/ner/english.all.3class.distsim.crf.ser.gz ... Loading classifier from edu/stanford/nlp/models/ner/english.all.3class.distsim.crf.ser.gz ... done [12.4 sec].
2016-05-22 11:32:35.729354 Loading classifier from edu/stanford/nlp/models/ner/english.muc.7class.distsim.crf.ser.gz ... done [12.1 sec].
2016-05-22 11:32:35.742726 Loading classifier from edu/stanford/nlp/models/ner/english.muc.7class.distsim.crf.ser.gz ... done [12.3 sec].
2016-05-22 11:32:40.341006 Loading classifier from edu/stanford/nlp/models/ner/english.muc.7class.distsim.crf.ser.gz ... done [4.6 sec].
2016-05-22 11:32:40.603963 Loading classifier from edu/stanford/nlp/models/ner/english.conll.4class.distsim.crf.ser.gz ... done [4.9 sec].
2016-05-22 11:32:40.738292 Loading classifier from edu/stanford/nlp/models/ner/english.conll.4class.distsim.crf.ser.gz ... done [5.0 sec].
2016-05-22 11:32:53.969987 Loading classifier from edu/stanford/nlp/models/ner/english.conll.4class.distsim.crf.ser.gz ... done [13.4 sec].
2016-05-22 11:32:53.976166 sutime.binder.1.
2016-05-22 11:32:53.976349 Initializing JollyDayHoliday for sutime with classpath:edu/stanford/nlp/models/sutime/jollyday/Holidays_sutime.xml
2016-05-22 11:32:54.406214 done [13.7 sec].
2016-05-22 11:32:54.410776 sutime.binder.1.
2016-05-22 11:32:54.410845 Initializing JollyDayHoliday for sutime with classpath:edu/stanford/nlp/models/sutime/jollyday/Holidays_sutime.xml
2016-05-22 11:32:54.625732 done [14.3 sec].
2016-05-22 11:32:54.633906 sutime.binder.1.
2016-05-22 11:32:54.634049 Initializing JollyDayHoliday for sutime with classpath:edu/stanford/nlp/models/sutime/jollyday/Holidays_sutime.xml
2016-05-22 11:32:56.061799 Reading TokensRegex rules from edu/stanford/nlp/models/sutime/defs.sutime.txt
2016-05-22 11:32:56.224298 Reading TokensRegex rules from edu/stanford/nlp/models/sutime/english.sutime.txt
2016-05-22 11:32:56.398754 Reading TokensRegex rules from edu/stanford/nlp/models/sutime/defs.sutime.txt
2016-05-22 11:32:56.576130 Reading TokensRegex rules from edu/stanford/nlp/models/sutime/english.sutime.txt
2016-05-22 11:32:56.727575 Reading TokensRegex rules from edu/stanford/nlp/models/sutime/defs.sutime.txt
2016-05-22 11:32:56.967899 Reading TokensRegex rules from edu/stanford/nlp/models/sutime/english.sutime.txt
2016-05-22 11:32:58.025943 May 22, 2016 11:32:57 AM edu.stanford.nlp.ling.tokensregex.CoreMapExpressionExtractor appendRules
2016-05-22 11:32:58.026025 信息: Ignoring inactive rule: null
2016-05-22 11:32:58.027587 May 22, 2016 11:32:58 AM edu.stanford.nlp.ling.tokensregex.CoreMapExpressionExtractor appendRules
2016-05-22 11:32:58.027658 信息: Ignoring inactive rule: temporal-composite-8:ranges
2016-05-22 11:32:58.028062 Reading TokensRegex rules from edu/stanford/nlp/models/sutime/english.holidays.sutime.txt
2016-05-22 11:32:58.038214 Adding annotator parse
2016-05-22 11:32:58.404744 Loading parser from serialized file edu/stanford/nlp/models/srparser/englishSR.ser.gz ...May 22, 2016 11:32:58 AM edu.stanford.nlp.ling.tokensregex.CoreMapExpressionExtractor appendRules
2016-05-22 11:32:58.404840 信息: Ignoring inactive rule: null
2016-05-22 11:32:58.406919 May 22, 2016 11:32:58 AM edu.stanford.nlp.ling.tokensregex.CoreMapExpressionExtractor appendRules
2016-05-22 11:32:58.407013 信息: Ignoring inactive rule: temporal-composite-8:ranges
2016-05-22 11:32:58.407401 Reading TokensRegex rules from edu/stanford/nlp/models/sutime/english.holidays.sutime.txt
2016-05-22 11:32:58.415206 Adding annotator parse
2016-05-22 11:32:58.705043 Loading parser from serialized file edu/stanford/nlp/models/srparser/englishSR.ser.gz ...May 22, 2016 11:32:58 AM edu.stanford.nlp.ling.tokensregex.CoreMapExpressionExtractor appendRules
2016-05-22 11:32:58.705120 信息: Ignoring inactive rule: null
2016-05-22 11:32:58.706751 May 22, 2016 11:32:58 AM edu.stanford.nlp.ling.tokensregex.CoreMapExpressionExtractor appendRules
2016-05-22 11:32:58.706827 信息: Ignoring inactive rule: temporal-composite-8:ranges
2016-05-22 11:32:58.709503 Reading TokensRegex rules from edu/stanford/nlp/models/sutime/english.holidays.sutime.txt
2016-05-22 11:32:58.723886 Adding annotator parse
2016-05-22 11:34:11.571630 Loading parser from serialized file edu/stanford/nlp/models/srparser/englishSR.ser.gz ...done [73.5 sec].
2016-05-22 11:34:12.567792 Parsing document 35c57e60-250f-409b-94d1-08854b6dabb6...
2016-05-22 11:34:13.473326 done [74.7 sec].
2016-05-22 11:34:21.739279 Parsing document 00c3e9df-0d9d-4dc6-b98b-f88dfae8d81e...
2016-05-22 11:34:22.716299 done [84.2 sec].
2016-05-22 11:34:23.863926 Parsing document ca532315-de66-4625-8137-e2ca412a0962...
2016-05-22 11:34:30.499816 Parsing document ecdf95ec-4879-4efd-9c59-4bfe743ea806...
2016-05-22 11:34:35.194113 Parsing document 3a01b85d-cf65-490e-8838-597dc4eeebcd...
2016-05-22 11:34:35.224616 Parsing document 1d725fcb-ec9c-4477-87c5-2229925b4310...
2016-05-22 11:34:37.558399 Parsing document a19677ca-abb4-4744-b835-31696d3527cf...
2016-05-22 11:34:40.764951 Parsing document 75b1f2e3-4bce-439e-86fa-dc1397c840c6...
2016-05-22 11:34:43.404996 Parsing document 9fb1a267-bd4d-4c29-a1f3-5959a2c1ac64...
2016-05-22 11:34:43.415488 Parsing document 1fb1fea0-9f34-46ad-a857-0c3e4da63660...
2016-05-22 11:34:45.080187 Parsing document eab5bdb2-547f-454e-ae21-5733df4da94c...
2016-05-22 11:34:49.649801 Parsing document 42f3c183-261e-4ee3-bd96-cf3c3da4aebf...
2016-05-22 11:34:54.596193 Parsing document ef54f6e7-3072-44e6-b932-ce077b0121d3...
2016-05-22 11:34:54.994495 Parsing document 2ee9d06d-5a57-4ad4-8966-4d111b18226f...
2016-05-22 11:34:56.359075 Parsing document c6579a17-7d65-443f-87c0-8e13bb0c256f...
2016-05-22 11:34:57.205700 Parsing document 10a055fb-3a26-4b7e-9c8a-3879ec8ad03a...
2016-05-22 11:35:01.415206 Parsing document 32672191-80f1-4731-8849-d61535a8a71d...
2016-05-22 11:35:03.286623 Parsing document bfaaae58-88df-424f-b6cf-929fdaa9210b...
2016-05-22 11:35:05.788864 Parsing document a0243e9e-3e4f-4290-bc2f-ecfa7a0f5690...
2016-05-22 11:35:09.047246 Parsing document 7ed7c59c-c0c7-4fe9-844d-f14d6c1a24f9...
2016-05-22 11:35:13.843033 Parsing document 46e785cd-6c8f-4f9c-b303-84e1bbb325df...
2016-05-22 11:35:15.473378 Parsing document 0457663e-19c8-40ee-b3dc-23cbb80d7e87...
2016-05-22 11:35:15.818352 Parsing document 5705bb8c-5361-4ab3-8bda-fe2727910f8b...
2016-05-22 11:35:18.866970 Parsing document 15091b4d-a189-4ef0-8c68-74dd69382387...
2016-05-22 11:35:22.141282 Parsing document 4cc3d382-86a3-44bb-9e27-4dfd8ac285ed...
2016-05-22 11:35:26.207194 Parsing document 3ed70e16-5778-4d05-bba4-a46b18f4e5c3...
2016-05-22 11:35:27.409857 Parsing document 1bc05b68-963e-4745-9971-6e7135ae1d63...
2016-05-22 11:35:27.841629 Parsing document 34a95725-80b7-4780-9fa6-e88b64c20521...
2016-05-22 11:35:28.074088 Parsing document 5d0ae43e-7850-4549-bd5c-18a33279bf1a...
2016-05-22 11:35:29.149479 Parsing document 2b82b651-05ef-4ca5-8df1-c63c75ef6321...
2016-05-22 11:35:30.303643 Parsing document 1dc3bd04-f207-4eb5-9e2b-3534fe8369e9...
2016-05-22 11:35:31.171655 Parsing document 4bcf8b28-9c5c-4554-bfa6-600799eaa3c6...
2016-05-22 11:35:32.793274 Parsing document a6d09650-dcc8-47d6-98fc-dfeb082ec797...
2016-05-22 11:35:33.416424 Parsing document 4455e8d9-b9bd-422e-8ff1-3d2ccb80aa25...
2016-05-22 11:35:34.632171 Parsing document 0b6125e0-9f42-46b5-bdd5-deb91174a116...
2016-05-22 11:35:36.114532 Parsing document e419dfe5-4d6c-4f6e-a84e-eeee6c9fab57...
2016-05-22 11:35:38.185090 Parsing document b5311d67-7204-4688-aa2f-ebcde25404b2...
2016-05-22 11:35:38.685385 Parsing document 69508b3e-d502-48ad-a881-eff11c70ce79...
2016-05-22 11:35:40.438291 Parsing document 9b4dcde4-5989-458c-b024-3b36dcb80383...
2016-05-22 11:35:42.293363 Parsing document c975dbb2-98e4-4938-9838-a7e5009fd100...
2016-05-22 11:35:42.570336 Parsing document 000f78aa-3b79-482b-93e7-84cf4035af9b...
2016-05-22 11:35:43.183354 Parsing document 1aeb8eb6-5376-4bed-9ce7-65a21e1ee663...
2016-05-22 11:35:43.476616 Parsing document 01293e2e-14c5-4801-b3fe-3fdafaea6ca5...
2016-05-22 11:35:43.606367 Parsing document a881fcb9-df7f-44af-89e0-200b982ecd9e...
2016-05-22 11:35:44.700949 Parsing document 881a267c-026d-4020-b5a9-f17a86eb2eb0...
2016-05-22 11:35:45.122407 Parsing document ee453a62-8789-4428-b0a0-07e9a76bc7fd...
2016-05-22 11:35:45.800506 Parsing document 3b20ec96-ebc9-45af-a7b8-12d0b93db389...
2016-05-22 11:35:46.544551 Parsing document 36263b1b-b7fe-4e39-906c-d9a08e30b26c...
2016-05-22 11:35:47.443487 Parsing document 928db8fe-8cee-47c7-854e-bd8d4690f467...
2016-05-22 11:35:47.664169 Parsing document 7045f1be-baf0-47a4-bf2f-d2b457c7c525...
2016-05-22 11:35:49.323288 Parsing document bc556b98-1e57-4f94-89cb-64fe0a88aa73...
2016-05-22 11:35:50.047959 Parsing document ec36ac24-f439-42ca-a7a8-7abd3f52453d...
2016-05-22 11:35:50.160193 Parsing document 85503513-b122-4c71-a13e-250664c82c94...
2016-05-22 11:35:50.798996 Parsing document 849cffc9-5735-48bb-a2bd-96ea824f42e2...
2016-05-22 11:35:51.580985 Parsing document 25deb74c-d5f7-4a07-ae9b-a2d2bdb8ad6b...
2016-05-22 11:35:51.792359 Parsing document 59ddfba2-9786-47a5-836f-8d9ffb315913...
2016-05-22 11:35:52.793561 Parsing document e51abe5e-959c-4df7-b511-904c6f9294db...
2016-05-22 11:35:53.257029 Parsing document ca1c71d6-190b-4d72-af72-6e1ffcfba39a...
2016-05-22 11:35:55.145162 Parsing document b82193b9-844b-4d7a-978e-5c108c1ccfc3...
2016-05-22 11:35:56.791793 Parsing document df0e7bd8-ce71-4577-b249-1cea41574ad6...
2016-05-22 11:35:57.145052 Parsing document 78e39be0-7932-4273-8673-456961fa4f75...
2016-05-22 11:35:57.286778 Parsing document 289da8a1-01a3-4623-aea6-26cd0b0387ac...
2016-05-22 11:35:57.510147 Parsing document a4e564bd-e858-4c14-9631-0a95fa17a59e...
2016-05-22 11:35:57.514757 Parsing document de6460f5-8565-434c-9afc-261f588785ea...
2016-05-22 11:35:57.975422 Parsing document fb3c0079-fc6c-4785-9c61-f69ab153b628...
2016-05-22 11:35:59.749169 Parsing document 0481177a-ca6d-430c-9d2a-0f91d718ca0b...
2016-05-22 11:36:00.041965 Parsing document cdff2a72-2a1f-419b-a99f-89feab3eb1d4...
2016-05-22 11:36:00.782104 Parsing document f6d0a7df-b592-4080-b9c2-e851c87bb6b1...
2016-05-22 11:36:01.468154 Parsing document 7359be98-85fb-4b72-aeb6-2c3943e708cc...
2016-05-22 11:36:03.518546 Parsing document 0c935361-0f99-455c-b7d1-e7af034d4993...
2016-05-22 11:36:06.038968 Parsing document 386a06a2-b907-43d5-898b-f8528bad8a27...
2016-05-22 11:36:07.378261 Parsing document 7222afb5-9052-4396-878d-1c761aeb4bdf...
2016-05-22 11:36:08.268908 Parsing document 27c31705-1524-428c-877c-5cad32a867ee...
2016-05-22 11:36:11.063220 Parsing document 5c01d983-af81-4338-9863-fb5d45e772a5...
2016-05-22 11:36:11.539482 Parsing document 1f99361d-60fa-4466-9c72-6e68ef62854c...
2016-05-22 11:36:12.263092 Parsing document 99e09d84-1a1b-43e9-815e-9ae7d32a70e1...
2016-05-22 11:36:13.442415 Parsing document be5c8744-b9f0-4bc0-b6dc-857afe301fa5...
2016-05-22 11:36:13.775197 Parsing document 35ef79e1-156d-48cf-9101-052cba274356...
2016-05-22 11:36:13.829979 Parsing document 597f6c4c-1d96-44ce-8447-b4806189d0b4...
2016-05-22 11:36:13.930910 Parsing document 7174056f-eb3f-4062-8da8-823cb86d1690...
2016-05-22 11:36:14.509926 Parsing document c64d8475-de21-47a4-bda0-29249eddd307...
2016-05-22 11:36:15.389704 Parsing document 36d9ac6f-5926-4bc3-ab1e-21e1a1665ba2...
2016-05-22 11:36:15.547770 Parsing document 235e84dd-4a0e-4f37-b09b-9344254830e5...
2016-05-22 11:36:16.447847 Parsing document 2054f473-57f5-4eed-a47a-cb7b8a26f57f...
2016-05-22 11:36:18.085261 Parsing document a3fb7f0e-0e00-406f-8c0a-3ee232845cd6...
2016-05-22 11:36:18.347326 Parsing document a165cb94-d31e-4f71-ab3d-2503388f5ba4...
2016-05-22 11:36:18.810425 Parsing document c46f96de-2a37-4ce7-af69-a66cd12c824c...
2016-05-22 11:36:19.053154 Parsing document 2fb1a183-ff27-40d2-88eb-286a259d088d...
2016-05-22 11:36:19.519690 Parsing document b518da41-6e83-4cab-aa37-6a1c38d0de4c...
2016-05-22 11:36:19.833346 Parsing document ec03ca9d-beac-4d23-bffa-53613ef5d282...
2016-05-22 11:36:20.063693 Parsing document e61be1d2-a996-480a-9fa4-7e7e22b43b15...
2016-05-22 11:36:20.357713 Parsing document e4dc025f-9ce1-45f7-bc37-1921d782f723...
2016-05-22 11:36:22.053564 Parsing document 57be86bf-a375-4978-a0e2-299615a81bb1...
2016-05-22 11:36:22.216012 Parsing document 762166c1-3fa0-404f-b68a-3b66250d36f5...
2016-05-22 11:36:23.144228 Parsing document 781bb80f-ff4a-4f16-8149-d0949e7695c9...
2016-05-22 11:36:24.217907 Parsing document f81bac91-d9f9-4fb6-ac40-aaad642e5dec...
2016-05-22 11:36:24.236664 Parsing document f6bcec7f-e5f8-402d-85e2-5af6d7e2600d...
2016-05-22 11:36:25.034165 Parsing document 557f3665-f398-4961-a0d5-fb80d8e46e0a...
2016-05-22 11:36:25.212681 Parsing document d3ab8014-3cdc-4e9f-8f83-8397f711667e...
2016-05-22 11:36:26.068715 Parsing document f9b3b0d5-35fd-458c-9cc7-1945c578f224...
2016-05-22 11:36:26.074858 Parsing document eaec883e-f970-488d-9912-088a0ac6cd98...
2016-05-22 11:36:26.117159 Parsing document 9a18e5c3-0d4c-4f62-9a6d-fdc639ab9740...
2016-05-22 11:36:26.216829 Parsing document 4371d205-de55-476a-9084-0a355651ca73...
2016-05-22 11:36:27.006251 Parsing document 96c7d2f0-8cd8-4886-8a3d-0dd3e94e0d64...
2016-05-22 11:36:27.586767 Parsing document a03f3591-d4fd-4ceb-91d8-9a9421c2c5d1...
2016-05-22 11:36:27.612303 Parsing document 680f19f8-8e4a-490d-ac50-a0f83611b4ed...
2016-05-22 11:36:28.117104 Parsing document 44b5210c-df66-4e8c-bacd-e28ee9c7b8a0...
2016-05-22 11:36:28.224320 Parsing document 3cb7e9d2-3d91-45a0-9343-65711293fafb...
2016-05-22 11:36:28.960288 Parsing document 3a35f73c-190f-4b61-bfdb-f5487bf2333e...
2016-05-22 11:36:29.375264 Parsing document 49d78a91-9e84-4950-8af7-d126541e81fa...
2016-05-22 11:36:32.865957 Parsing document ca3a21fa-d265-4922-b70e-a33ae5afbc3b...
2016-05-22 11:36:33.391799 Parsing document 188971b2-66a8-472d-b382-e5233d56206f...
2016-05-22 11:36:34.330832 Parsing document 57f2786b-570f-4299-a9e2-61488ed0d708...
2016-05-22 11:36:35.373003 Parsing document 1c53c3e2-8401-4c49-bb93-57eb69a1c8fb...
2016-05-22 11:36:35.849656 Parsing document 353d13c8-9498-44d9-83ac-afd5d60b5335...
2016-05-22 11:36:36.177098 Parsing document defdba6b-0cb7-4b9d-bd6b-13715f7ba1a7...
2016-05-22 11:36:36.256127 Parsing document fd366a88-4c3f-43b3-9e8f-9ef04adac4cb...
2016-05-22 11:36:36.516819 Parsing document 3a322ef6-f4c3-49cd-b19b-ec463b2ae0bd...
2016-05-22 11:36:37.011101 Parsing document 7b330c72-446d-4cd0-975d-1df9fbf33e49...
2016-05-22 11:36:37.510109 Parsing document 714f68d5-33e0-4145-885a-ae5639bd856b...
2016-05-22 11:36:38.357612 Parsing document 2d0a0ab2-484c-4205-93d3-7de3903a8687...
2016-05-22 11:36:39.220036 Parsing document 4c3fb787-8d35-4d69-95d3-5d208c3b0b8b...
2016-05-22 11:36:39.814737 Parsing document 46fd9adf-18e4-49be-9404-0561bf2b1a16...
2016-05-22 11:36:40.788664 Parsing document 02c1e747-4aa0-4367-9ef1-ef4005c82b0c...
2016-05-22 11:36:40.877410 Parsing document 23e4e3b7-5a42-43cc-a99a-fd5cdf80d43c...
2016-05-22 11:36:41.450408 Parsing document 8ffd78c7-50ea-44d8-9265-591449acc561...
2016-05-22 11:36:41.564698 Parsing document 171e1bbb-f544-4662-9958-74fb5d900069...
2016-05-22 11:36:42.311683 Parsing document a581c1de-ff9e-4624-9a4d-d1ed9894a7c1...
2016-05-22 11:36:42.750122 Parsing document d87cfca4-cbb2-46ce-827c-f4b5777d724b...
2016-05-22 11:36:44.023118 Parsing document 40582647-909a-43b4-a6a0-d43518ab8cdd...
2016-05-22 11:36:44.500023 Parsing document 7f678fb7-46fa-4606-a3ba-32ebd2e5d490...
2016-05-22 11:36:45.118305 Parsing document 03857fb1-2ce9-4abe-9198-1165debb4460...
2016-05-22 11:36:45.185073 Parsing document 8e8b4029-2d8b-4be5-85a2-0293937efbb5...
2016-05-22 11:36:47.496257 Parsing document d7d91f91-95a3-425b-a067-0d063b0a8677...
2016-05-22 11:36:47.596870 Parsing document 91c654f6-da3c-4c12-85b2-944762d541e8...
2016-05-22 11:36:48.012933 Parsing document 3afdb605-b48c-4471-a941-b3decc5c6f68...
2016-05-22 11:36:49.083487 Parsing document 203e1f64-166d-4cfb-8f0a-03ee041565a4...
2016-05-22 11:36:49.414031 Parsing document 4f53aa6f-be4a-4c8c-9f6f-11d1cc365a97...
2016-05-22 11:36:50.074238 Parsing document a84e2c36-bde5-4603-88b7-69887e7e7efa...
2016-05-22 11:36:50.612111 Parsing document 9279fb8b-cfdd-496f-bc82-6ea89f4aa200...
2016-05-22 11:36:51.146964 Parsing document dbb0e5cf-18f6-455a-bf4e-4b6a37b95e26...
2016-05-22 11:36:52.891579 Parsing document ce17547c-b028-4962-8851-5d23df0f6c15...
2016-05-22 11:36:53.257967 Parsing document 1f73546c-f38e-458f-920d-d120a7003474...
2016-05-22 11:36:53.685721 Parsing document 4a11b417-4677-4e47-9033-2bb8b26fdca9...
2016-05-22 11:36:53.845826 Parsing document 4c3c9689-4dc3-457d-88d7-65fbdd2d941f...
2016-05-22 11:36:54.772191 Parsing document 2c502c04-be3a-4d44-9dce-81625dc7a71e...
2016-05-22 11:36:55.206470 Parsing document ee9a956d-de19-4c0f-a447-1e1535b2c611...
2016-05-22 11:36:56.096657 Parsing document f470e30e-4f2b-494d-850d-e3d8762832f8...
2016-05-22 11:36:56.435992 Parsing document 8fc07329-f317-4b65-963a-d35364c45e8a...
2016-05-22 11:36:57.202994 Parsing document dfa4b6fa-0eda-43dd-a37e-4f3d981c698d...
2016-05-22 11:36:57.612325 Parsing document 18202a80-190b-4480-a03e-1f5912c1780a...
2016-05-22 11:36:58.376768 Parsing document 95397e26-49ed-4a26-9fa2-210b4068e99f...
2016-05-22 11:36:58.753765 Parsing document 4ba6da6b-b599-4ab1-a1b6-f9af68ec3c67...
2016-05-22 11:36:59.372783 Parsing document dc0164e5-b161-479b-b826-1aa091d08d39...
2016-05-22 11:36:59.819195 Parsing document 8b7d0025-8472-4da0-9dfc-8cf354daffad...
2016-05-22 11:37:00.337989 Parsing document 1f9988cd-6633-4a5e-b791-b1b92b2fd7f7...
2016-05-22 11:37:01.041755 Parsing document 1bfe83fb-0ae8-45d4-a7d6-ea3880e878a4...
2016-05-22 11:37:02.324517 Parsing document afc5499b-bcc7-4ffc-9c6e-2f465cb7cc64...
2016-05-22 11:37:02.431814 Parsing document ac541da0-1534-4543-a4c2-2ceee890ba6a...
2016-05-22 11:37:03.462399 Parsing document ad14fc04-3b8a-43fa-b406-fc5a169725cb...
2016-05-22 11:37:03.638312 Parsing document f5b75b8f-6b94-40a9-983b-e755f4c00ac3...
2016-05-22 11:37:04.761175 Parsing document 6e981dc5-8781-4f54-8a01-ef6fcfdae167...
2016-05-22 11:37:05.121030 Parsing document 8958bd20-9b5b-4d2b-b80a-da24ea3e8218...
2016-05-22 11:37:05.684341 Parsing document c085d908-e55d-4793-a59b-73de52a19df0...
2016-05-22 11:37:06.412909 Parsing document e8ada522-8eb1-4d1e-a731-af350cf1ca9b...
2016-05-22 11:37:08.326323 Parsing document d3f37db7-6e41-4f6a-bd01-357c046a05f6...
2016-05-22 11:37:08.731385 Parsing document d963a14b-d47b-4627-84b1-e5377f008cbd...
2016-05-22 11:37:09.264559 Parsing document 2b9aabfe-3562-4c4c-9e6e-13e1fcf1eb5e...
2016-05-22 11:37:11.825003 Parsing document dad28da1-f64d-44c9-a0d0-8915ec3cf887...
2016-05-22 11:37:11.985059 Parsing document 99282375-514d-4991-901c-6bac4c7c82b9...
2016-05-22 11:37:12.462047 Parsing document 0702536f-16d8-4bb0-8514-6684fbbc0435...
2016-05-22 11:37:12.534492 Parsing document 82e34248-1dbd-4dde-b691-982b91ddcff5...
2016-05-22 11:37:13.202585 Parsing document b733a418-d802-4458-82fb-8aa56bec1457...
2016-05-22 11:37:13.638176 Parsing document b6f91c1d-321c-4082-932b-7916c1f4013a...
2016-05-22 11:37:13.676259 Parsing document 82e6f22b-164f-40a7-81d4-0f3371ffeaa2...
2016-05-22 11:37:13.808619 Parsing document d241ed52-6dfe-46e6-a6ca-7dd226c3994f...
2016-05-22 11:37:14.485028 Parsing document d7d5370b-0122-474b-8c05-adc243930dc4...
2016-05-22 11:37:14.963437 Parsing document b4e6a71f-92f9-49ca-ac4a-89d2f1db29e1...
2016-05-22 11:37:15.415365 Parsing document accede29-0e8b-4362-a9ff-67b3480a4651...
2016-05-22 11:37:15.894164 Parsing document a96c5390-2829-472e-9b1e-bac75bc7e674...
2016-05-22 11:37:17.311097 Parsing document 5d1ee0df-2abf-483f-9eb9-04507712006e...
2016-05-22 11:37:18.273670 Parsing document 243f5966-9950-41d4-a1ae-9137079680c3...
2016-05-22 11:37:18.314803 Parsing document 26fc7bc6-bda2-47b6-a2ea-a505768d2176...
2016-05-22 11:37:18.524568 Parsing document 05a0dcb7-9182-4aaf-8e92-e3d237d439c0...
2016-05-22 11:37:18.962220 Parsing document 91838c98-f4fc-4017-a2ca-82675ebd4794...
2016-05-22 11:37:20.741204 Parsing document e0740298-107d-4c66-acea-7643a9e932b3...
2016-05-22 11:37:21.021716 Parsing document 70618601-f4b6-4047-b8ca-467eda74e609...
2016-05-22 11:37:21.371601 Parsing document d374a5e2-e31b-48fd-b952-d6ac7ea5e8ae...
2016-05-22 11:37:23.384636 Parsing document 314f2c8a-4fd6-4c72-b848-38ab6a043f0e...
2016-05-22 11:37:25.338958 Parsing document 05fe8288-7de9-4f8e-9626-20511972adfd...
2016-05-22 11:37:25.882952 Parsing document 1d973099-3f86-4a09-a360-fcebd46890f3...
2016-05-22 11:37:26.795000 Parsing document e4b5cb14-2902-4169-af5d-b5e13fc35ed6...
2016-05-22 11:37:27.901958 Parsing document bd8f6c50-b100-4683-8c90-616a88e8e11e...
2016-05-22 11:37:28.715462 Parsing document e0fd7b8c-8455-48f4-9b4d-1c3549f31f81...
2016-05-22 11:37:28.911851 Parsing document 05f0c1ce-56ff-4c29-b79a-341d48893c48...
2016-05-22 11:37:28.961502 Parsing document ba2096f4-39f8-452a-8988-6b3197ed4c5e...
2016-05-22 11:37:29.285620 Parsing document 34d8a56d-53ab-4c41-8fa5-abb1476c4dfe...
2016-05-22 11:37:31.792135 Parsing document ef8792ad-08ad-45b3-aa2b-c2c6deee7f43...
2016-05-22 11:37:32.404748 Parsing document 4ad5a6cf-0699-4522-845b-f603c0804416...
2016-05-22 11:37:32.710203 Parsing document 210158b3-39b9-403f-8d18-0f878cb32150...
2016-05-22 11:37:32.889298 Parsing document fd6a828d-d0b1-4f57-b7da-f89b3ff573e1...
2016-05-22 11:37:33.002919 Parsing document e80ee72d-fcda-41d5-8861-0bd25cb75b9e...
2016-05-22 11:37:33.913713 Parsing document d8ed27ca-68a1-46d1-b29b-5ed5308d8b42...
2016-05-22 11:37:34.669500 Parsing document 3dfcdbcd-c5c6-48b0-87c0-df98b7403096...
2016-05-22 11:37:35.076814 Parsing document 6c9a33e8-ccb2-406c-be8d-4f69191dff15...
2016-05-22 11:37:35.326396 Parsing document 4a65fbce-5005-4e25-90ca-c10c866d0118...
2016-05-22 11:37:35.375567 Parsing document b2807888-82f3-47c1-ab28-5d4610fa7f25...
2016-05-22 11:37:35.553518 Parsing document 0b524c42-78e1-459e-be7b-bb92be284d95...
2016-05-22 11:37:35.968645 Parsing document 7aac929a-3a39-400c-bd4f-404906771648...
2016-05-22 11:37:37.931383 Parsing document e11f626b-a9b2-42d4-8c98-f7b7a9e78167...
2016-05-22 11:37:38.661177 Parsing document f32c60ea-84a6-4d6d-90c4-7e9760fef6a3...
2016-05-22 11:37:39.212668 Parsing document 32f83da3-2077-42a1-8f43-b56af7e0599d...
2016-05-22 11:37:39.387251 Unknown variable: WEEKDAY
2016-05-22 11:37:40.058992 Parsing document 79367000-f12d-4e4d-99ef-c060d9aa75f7...
2016-05-22 11:37:40.664390 Parsing document bbaedbe2-ffac-4cec-8601-28d580a94b55...
2016-05-22 11:37:41.269195 Parsing document 1c296aca-62ac-453b-bd10-b1ed2508e714...
2016-05-22 11:37:41.712478 Parsing document 1eb789e8-c0d2-4fc4-8049-54dd8193c9ab...
2016-05-22 11:37:42.075205 Parsing document 9c6360b1-71ea-4e1b-af15-92b8d68a5a25...
2016-05-22 11:37:42.661113 Parsing document c5a118aa-7558-4887-8673-1a8640be71d9...
2016-05-22 11:37:43.220345 Parsing document b64c56cf-b006-4adf-abca-0d68baf00a6f...
2016-05-22 11:37:44.768468 Parsing document 0c80cc5a-46ca-45b3-b9b4-c514efa5d10d...
2016-05-22 11:37:45.083745 Parsing document 60b918c8-5fec-4e78-9f4e-b1e319f87c17...
2016-05-22 11:37:45.191011 Parsing document f23a9d54-47be-4e83-8e86-5e58f39f81c2...
2016-05-22 11:37:46.115965 Parsing document 6d37f904-343a-460e-a495-1ba376fa8046...
2016-05-22 11:37:46.479923 Parsing document e893ee45-6c49-4b4d-996a-8b2b754502d5...
2016-05-22 11:37:47.604010 Parsing document ee7b534b-884d-4578-b504-cbe9cdce8882...
2016-05-22 11:37:48.704537 Parsing document ceff1073-7cf2-4aa5-a6a0-21a13d9146a4...
2016-05-22 11:37:48.831452 Parsing document 1c5b0580-2dd7-4317-bd8a-b9987e9b82c1...
2016-05-22 11:37:48.881386 Parsing document 1f0a09ec-4940-4299-bf49-766247443ced...
2016-05-22 11:37:49.311626 Parsing document 7dd3568f-87f8-4354-ac66-9a8f3e5e6486...
2016-05-22 11:37:50.196366 Parsing document 836f8a3d-2c8c-4bc7-a204-d960634d1513...
2016-05-22 11:37:51.162435 Parsing document 42a0579e-bd3b-41d7-8821-cb99121306e1...
2016-05-22 11:37:53.320056 Parsing document 94900ad2-a77a-4741-b1b0-cf8d7a99ac5b...
2016-05-22 11:37:54.222585 Parsing document 9078e06b-901a-4ff9-8836-ff3968dbdba6...
2016-05-22 11:37:55.965593 Parsing document f93d0fb2-3809-44a1-b05e-8bdb3fce7252...
2016-05-22 11:37:56.244173 Parsing document d3c7999e-9c96-40f2-b253-f2dec49f5006...
2016-05-22 11:37:56.501983 Parsing document 0f7627b8-00d2-4bd5-8ca7-001f1824817e...
2016-05-22 11:37:57.431026 Parsing document de09219a-7978-4b45-9c01-8fcfa398422e...
2016-05-22 11:37:58.837681 Parsing document ce680470-9d0f-4f4c-ab3e-b2db3180d351...
2016-05-22 11:37:59.451149 Parsing document f09c0009-4b6a-4602-9897-5796c0629ae8...
2016-05-22 11:38:02.649441 Parsing document 46fc2175-5a91-4337-aace-f4566dc45a7c...
2016-05-22 11:38:02.833223 Parsing document bcd53c70-aa5f-4fd2-9def-7e4e2e322b2c...
2016-05-22 11:38:04.336539 Parsing document 6a4d8483-aaf0-4401-8bae-32f81054c556...
2016-05-22 11:38:05.003502 Parsing document c5e11507-8ba9-45cb-bb12-f48672a9ccb3...
2016-05-22 11:38:05.807588 Parsing document e7a74331-95fa-4922-8b6e-c40e401520e0...
2016-05-22 11:38:06.235465 Parsing document 88eda359-e7ea-4576-a1ee-4ffd98126427...
2016-05-22 11:38:06.999243 Parsing document 5e632e62-a2c4-44b3-a3fe-d3fbe74faf5d...
2016-05-22 11:38:10.596924 Parsing document a7aa9ccb-7af0-4dfa-8831-a0c54a66bd0f...
2016-05-22 11:38:11.154597 Parsing document 2bf62cd7-581f-4be9-b7a1-c4ba9118d3cb...
2016-05-22 11:38:12.344265 Parsing document 77f58f27-8a2e-4449-94d6-9c41bbf715b5...
2016-05-22 11:38:12.633576 Parsing document 3d2066c9-3a48-4f2f-a88d-809da8919373...
2016-05-22 11:38:12.714618 Parsing document 3433ab8d-4bd6-488d-a0ea-ab39c9e19636...
2016-05-22 11:38:13.746396 Parsing document 70caa051-2ae4-4c0d-b09d-1fc9c0d755a9...
2016-05-22 11:38:14.888772 Parsing document 6a28a29f-24ae-404e-9b54-d272ab7a62d3...
2016-05-22 11:38:17.567515 Parsing document 5e4b9037-bb6f-4990-ae2e-d90e3ab6818f...
2016-05-22 11:38:19.039449 Parsing document 611bc81a-9e54-4dce-9be9-425465cf46bd...
2016-05-22 11:38:19.411929 Parsing document 7eca6c37-1e47-468c-9235-9ba3a0972911...
2016-05-22 11:38:19.440692 Parsing document 4f2c48f7-0df0-4a50-9b19-02120c1e41fe...
2016-05-22 11:38:22.546798 Parsing document d7ecaeea-0cda-4d91-a8e5-f2e36db5ab4c...
2016-05-22 11:38:23.732117 Parsing document baa37724-5539-4d5b-a54d-289feaf618ee...
2016-05-22 11:38:24.679351 Parsing document 996f5957-59fa-4d1c-91a8-fa7cadb6f46e...
2016-05-22 11:38:25.004350 Parsing document bd5bdadb-0b31-4e6e-8a5f-7ef9d242d300...
2016-05-22 11:38:25.959936 Parsing document f445113a-c44d-407b-b4fb-a95848a13461...
2016-05-22 11:38:26.140932 Parsing document 5b1418ec-5476-4850-a524-ce29854bda7f...
2016-05-22 11:38:27.715912 Parsing document f46ec966-9432-452a-a276-6507536bb743...
2016-05-22 11:38:28.065832 Parsing document 7ef0cc90-ffdb-4c4b-9727-51aef2066ce9...
2016-05-22 11:38:29.193699 Parsing document 17f3d879-c45d-457f-a2cc-d3cd077af230...
2016-05-22 11:38:29.985096 Parsing document 5f6bbbe6-2ba1-423a-be62-2a681a2f1dca...
2016-05-22 11:38:32.108917 Parsing document 892e1dd7-de98-45a1-b897-c8eb4d066e8d...
2016-05-22 11:38:33.641360 Parsing document 84af6e4e-6971-4433-a65b-78504dbc3434...
2016-05-22 11:38:34.914844 Parsing document 2aa949e5-5a4b-48df-bcd6-f93afc438070...
2016-05-22 11:38:34.931905 Parsing document 459ceab5-8ed9-4371-b4d5-31b7a9cfdd64...
2016-05-22 11:38:37.075476 Parsing document ae2078b2-7a2e-40fd-ba71-bb057976ec33...
2016-05-22 11:38:38.088206 Parsing document 090466c4-7094-41bb-a1a1-d40d22c0e546...
2016-05-22 11:38:38.870516 Parsing document 55539aa0-00f5-4520-9216-13abbcaf4a34...
2016-05-22 11:38:40.867648 Parsing document 8bf034e7-ee48-4ae2-bb6a-2c0eaad3dba0...
2016-05-22 11:38:44.228709 Parsing document 5ae1d7b2-64a7-4302-9b70-907fd41495f8...
2016-05-22 11:38:44.287675 Parsing document 219ef7f5-ba23-4706-bead-8875b1dc558b...
2016-05-22 11:38:46.486661 Parsing document d3f46594-4b87-4b55-a3a8-2085f39eb36d...
2016-05-22 11:38:48.158375 Parsing document ced5611a-4940-439f-9fb4-6605aa5fd895...
2016-05-22 11:38:48.959386 Parsing document 67bb3c54-d5d7-45ca-b072-75a7c4bb19f6...
2016-05-22 11:38:50.070007 Parsing document 534c7fb9-d40d-4fb9-acc5-0f8923f20df6...
2016-05-22 11:38:50.587971 Parsing document 0d7257c3-fd47-49f6-a7b9-bd3aecc6082a...
2016-05-22 11:38:51.327500 Parsing document c12b082d-84ca-4bac-9659-de7012023474...
2016-05-22 11:38:51.966566 Parsing document c86a0b15-0a34-4fec-a986-9ffd800c19b6...
2016-05-22 11:38:54.321103 Parsing document 88236a43-3023-421e-bdc5-6e945ec59007...
2016-05-22 11:38:55.124343 Parsing document 8b15ea0d-c5cc-43f1-a1d4-80d29dbaf800...
2016-05-22 11:38:59.230099 Parsing document 7547dc8b-af70-4002-ae48-1894aa8ab0b2...
2016-05-22 11:38:59.685950 Parsing document 0b72b000-8d4a-404c-9652-3d31c5265e3e...
2016-05-22 11:39:01.321780 Parsing document d2b28a92-2034-4a5b-85ee-052afc878517...
2016-05-22 11:39:01.858762 Parsing document 937aa100-730f-4918-85f9-36b02ea4e32f...
2016-05-22 11:39:03.117971 Parsing document c7c50c1c-6fb4-424d-9129-e0ec26c89b15...
2016-05-22 11:39:03.137202 Parsing document 44732605-3394-4ef2-8797-767493f1c2dc...
2016-05-22 11:39:04.884824 Parsing document 681aa482-b9ef-4157-8e18-ebddcfced85e...
2016-05-22 11:39:06.969030 Parsing document 77c364c6-ead6-48b6-9cac-533156d06caa...
2016-05-22 11:39:07.843301 Parsing document c6c0bdac-aed6-4d00-b6d9-3abd83969f95...
2016-05-22 11:39:08.711440 Parsing document 705d34df-7139-4012-82e8-a4e1eda5399f...
2016-05-22 11:39:09.588802 Parsing document 2e16ae74-5763-4e60-8454-64c485c3f8ad...
2016-05-22 11:39:10.541567 Parsing document eb7d0bb9-f33a-456a-9b8c-82423519eb37...
2016-05-22 11:39:10.875224 Parsing document bb6ebd41-921d-4482-90b6-ade2742867aa...
2016-05-22 11:39:11.378659 Parsing document 69e1c180-7fb0-4bc9-9de0-53c373b55ee2...
2016-05-22 11:39:11.754868 Parsing document aa181c88-645f-4872-8456-24f79d6fcec1...
2016-05-22 11:39:13.407694 Parsing document f19d91cf-a7c7-4a65-9a7a-9385dfb77946...
2016-05-22 11:39:16.498790 Parsing document 78ba4f76-8104-45ba-ae3d-47ab9db28111...
2016-05-22 11:39:18.519834 Parsing document 32156097-eadf-487c-bef0-db3c9fbd4347...
2016-05-22 11:39:19.618515 Parsing document 8b06a263-89c2-4f7e-b8b6-4d07a3832bf7...
2016-05-22 11:39:20.030505 Parsing document e0b424ec-9c39-4e39-9379-81d0f2b8f1bc...
2016-05-22 11:39:20.818580 Parsing document 4e1d294e-4aad-4038-9d46-32fb1612249e...
2016-05-22 11:39:22.363063 Parsing document 045ba7c0-b4b2-4fdd-baad-ef65e49fbc25...
2016-05-22 11:39:25.911090 Parsing document f25549b6-7ce7-4f99-be2b-43b7dd3e051b...
2016-05-22 11:39:27.998447 Parsing document 29797e56-7534-4e68-9fbe-ce7c81065a3e...
2016-05-22 11:39:28.231817 Parsing document 6ce0cc78-324e-4c26-9d39-42fb17594131...
2016-05-22 11:39:31.195519 Parsing document 06355c1d-a166-476e-bb72-fdbb9970dcd2...
2016-05-22 11:39:36.373219 Parsing document d085edc8-f556-46bf-9640-868985e7b7af...
2016-05-22 11:39:36.576534 Parsing document 9be6c6c6-5414-45c9-bfb9-c40b57e5256f...
2016-05-22 11:39:37.867712 Parsing document 8649ba68-8927-40ac-bec0-4744ce47d82c...
2016-05-22 11:39:38.737154 Parsing document 20bb02b9-7915-4286-bab4-f7d4536e7177...
2016-05-22 11:39:39.844411 Parsing document 7a782b43-459a-4cf4-804f-aad9f7df09e3...
2016-05-22 11:39:39.924860 Parsing document 2516e345-99f2-4b87-b50f-77e31fcdc1af...
2016-05-22 11:39:40.976819 Parsing document 813a5911-0548-4d00-a32d-45dd88086517...
2016-05-22 11:39:43.541284 Parsing document 8a461f21-14a2-4558-b9f6-009123915d26...
2016-05-22 11:39:44.216141 Parsing document 01032251-3af8-4fc3-b7b2-ed1dfaf8e4eb...
2016-05-22 11:39:44.497088 Parsing document ed2577c4-3cd7-477d-99ad-11ea38d05822...
2016-05-22 11:39:46.498916 Parsing document 0b33c464-f5f7-42b0-95a2-6a11c4f0f33d...
2016-05-22 11:39:48.582885 Parsing document d6e0080b-a527-421b-affe-e2f3dfc156da...
2016-05-22 11:39:49.977431 Parsing document 1924bba2-4cf4-4905-b83d-a209748cfaba...
2016-05-22 11:39:50.580803 Parsing document e4d02177-a9e4-4612-a85e-9baf4646be9e...
2016-05-22 11:39:51.891617 Parsing document b87f5670-f094-4ab8-8cfa-d78bfeed266f...
2016-05-22 11:39:52.696309 Parsing document 90bec63d-c914-4929-af90-7f0f48b03472...
2016-05-22 11:39:52.719790 Parsing document a147d075-d7e8-45e6-b38d-f54f63ff2cb0...
2016-05-22 11:39:53.445710 Parsing document e8c09a41-7ec9-492b-9268-3a988a1eb287...
2016-05-22 11:39:53.546074 Parsing document df38ceda-53da-4e97-a4ba-eda523a9db8e...
2016-05-22 11:39:54.356395 Parsing document 7e178f17-8334-4195-9e9f-fc3db5193ea5...
2016-05-22 11:39:54.565535 Parsing document ba825605-40ed-48ce-89b3-7c951b5f01ab...
2016-05-22 11:39:54.769929 Parsing document c1447988-d3ee-4dea-83d1-1c72dabd522d...
2016-05-22 11:39:55.197662 Parsing document b86ee024-90da-42fb-bcbf-cd79925e9e34...
2016-05-22 11:39:56.982736 Parsing document 537a688a-9517-48be-a550-e4f368ccc051...
2016-05-22 11:39:57.892627 Parsing document 96d91293-204e-40ca-b584-3196748e17a5...
2016-05-22 11:40:01.632540 Parsing document 39bdc83c-b30e-4e58-a51e-75e2c13f66db...
2016-05-22 11:40:01.801204 Parsing document f8dd3d43-1bbe-4732-a0ba-14b02b66fa12...
2016-05-22 11:40:01.898464 Parsing document ec1bb52c-264a-4225-ab1f-5161717c8a93...
2016-05-22 11:40:02.314429 Parsing document 51b95ca7-0f54-47d2-a511-f64a3b74350a...
2016-05-22 11:40:02.366762 Parsing document b494b5d1-34a2-449e-92f8-de7a25918563...
2016-05-22 11:40:03.421426 Parsing document 8ca502dd-bc92-48b0-a8ec-813fe7f77ba7...
2016-05-22 11:40:04.486777 Parsing document c7d49a4f-7925-47f4-a44d-63408a3c7720...
2016-05-22 11:40:05.706865 Parsing document 2e85b02e-1595-42b8-9f33-81498b897e04...
2016-05-22 11:40:06.053960 Parsing document a24b888b-cdae-48dc-ad24-07ae5fcda26d...
2016-05-22 11:40:06.851897 Parsing document 0dd1ce10-cbb5-4523-bc5e-e9843ad3eff2...
2016-05-22 11:40:07.546062 Parsing document 40e4f18d-a4a0-4bc4-b309-095cd5952b6c...
2016-05-22 11:40:07.672957 Parsing document 87601cf9-47c6-449d-b94f-98d068512191...
2016-05-22 11:40:08.312471 Parsing document c6e3317b-5a78-4d28-a82c-8466cdbb6fcf...
2016-05-22 11:40:08.821731 Parsing document 6be06eb7-5013-49a0-8e5b-ea0df29dcab9...
2016-05-22 11:40:10.050831 Parsing document abc178c6-5a02-4d64-90bb-d3a2e6619330...
2016-05-22 11:40:14.699981 Parsing document 3f056c0f-dae7-451c-9ae8-b1c14c1775e5...
2016-05-22 11:40:15.757207 Parsing document 73b887d1-2ef4-4866-b5d2-d1a398c3f343...
2016-05-22 11:40:16.027253 Parsing document 04f35c66-f5e4-452d-9b28-4da4076fd0e7...
2016-05-22 11:40:16.139561 Parsing document 4a99ed4d-97a0-4ac6-bc42-ca4c25d88c20...
2016-05-22 11:40:16.995336 Parsing document a85c710f-97e3-433d-98bd-e76ebb0d63e7...
2016-05-22 11:40:17.107801 Parsing document 3c6d6ade-96a5-4c40-b53f-1161f947b22b...
2016-05-22 11:40:21.926209 Parsing document d7be6c0c-f19b-4d33-ad98-31196225dea1...
2016-05-22 11:40:22.815064 Parsing document b734a1ef-82cc-4cd9-a4b8-982ce75fe982...
2016-05-22 11:40:22.831785 Parsing document f78367e8-4061-4e8b-8d0a-c60ea44ee753...
2016-05-22 11:40:23.049798 Parsing document 058b1d42-616d-438e-b2c2-fd5c7229c1bb...
2016-05-22 11:40:23.197380 Parsing document 50a3219f-4d35-4536-af2c-60598748cb37...
2016-05-22 11:40:23.785816 Parsing document c4a8429a-59e9-4021-a725-f00afc365f4d...
2016-05-22 11:40:23.883228 Parsing document dbded59b-f7c1-43f3-8cae-3720a67fbfc4...
2016-05-22 11:40:24.472793 Parsing document 696b4137-0ee6-46d5-aaff-5884f26d6318...
2016-05-22 11:40:28.211750 Parsing document f637f59d-8bf6-408f-a51a-817d5c02fed6...
2016-05-22 11:40:29.357805 Parsing document bb241f89-1c0d-493f-81e0-f12734711ef5...
2016-05-22 11:40:31.886738 Parsing document 2afbe757-567c-42e1-9c73-1099d2c2d2b1...
2016-05-22 11:40:34.466149 Parsing document c7d9fe03-a0a2-4a16-bd1a-8715ffd8f27e...
2016-05-22 11:40:36.116100 Parsing document c268335a-c7d2-431c-ae1f-cc08106eb349...
2016-05-22 11:40:36.343257 Parsing document 21e4f9b3-a31e-458c-895e-ed01589e544d...
2016-05-22 11:40:36.601627 Parsing document 0ead3466-bd0f-4b9d-8513-aa5b179c6ab2...
2016-05-22 11:40:36.748819 Parsing document 6a28448b-f270-489f-a744-8339c090493d...
2016-05-22 11:40:40.156965 Parsing document d96295ae-65a4-437d-b421-38d20e2f684b...
2016-05-22 11:40:40.278396 Parsing document 36613fd3-877a-48fd-b3c8-b478a2bff431...
2016-05-22 11:40:40.790646 Parsing document 29d63dd1-4f8e-41f8-b59b-d7d63a709d90...
2016-05-22 11:40:43.164176 Parsing document c60724f4-bf0d-430e-9f6f-fb12c5910c70...
2016-05-22 11:40:44.081043 Parsing document a4ac08c2-334b-46e8-ab50-eba747c85354...
2016-05-22 11:40:45.430397 Parsing document c50834fc-ec82-4029-bbf3-37c18002e2ee...
2016-05-22 11:40:47.126612 Parsing document 68f01e0c-0a56-44ba-8802-4bc50caa5329...
2016-05-22 11:40:48.164826 Parsing document 087eb89d-cd96-43fc-a05b-cf91080a8a32...
2016-05-22 11:40:48.698349 Parsing document c21e956e-061c-4322-ae0b-b0e7b359e6ac...
2016-05-22 11:40:52.846129 Parsing document 54d18dbb-a2fc-4777-97e4-0214ac94df1d...
2016-05-22 11:40:54.077180 Parsing document 91fde3a2-8237-4822-b2d9-87a55e333f56...
2016-05-22 11:40:55.048298 Parsing document b7663e1c-d0dc-4dd8-b6a8-bff713ac8cf4...
2016-05-22 11:40:55.606749 Parsing document 89efa683-627b-4467-837c-4a6dbf114ee2...
2016-05-22 11:40:55.827229 Parsing document 3270270e-f257-4048-b35c-6552e1ccab35...
2016-05-22 11:40:56.348335 Parsing document e74c2004-724a-4ba0-997f-51fd000c84b9...
2016-05-22 11:40:57.864261 Parsing document 9a93c506-e97a-4610-b730-e79182b4f465...
2016-05-22 11:40:58.535484 Parsing document 680c3de3-1995-4169-8b4f-f72f3caeb0d3...
2016-05-22 11:40:59.274496 Parsing document cfe8efb1-d6fa-4eeb-9676-6796db225243...
2016-05-22 11:41:00.888566 Parsing document 1e73d4af-23ac-4acc-83b6-0981e318cb50...
2016-05-22 11:41:02.467350 Parsing document 72a26270-60d0-4e1c-9b2f-d18bff3c14c5...
2016-05-22 11:41:03.228829 Parsing document d3606b00-7ebe-48ec-a8a2-82e336ed5555...
2016-05-22 11:41:04.391761 Parsing document a0418226-fbe6-450a-a55d-17dfbe1423c7...
2016-05-22 11:41:04.884882 Parsing document 2e33d736-f24c-48f5-8279-f7e07aacb438...
2016-05-22 11:41:05.407075 Parsing document 09f99a0a-e6a6-4062-aa8f-1806935ac0d3...
2016-05-22 11:41:06.061360 Parsing document a6a0f5e2-e538-4f82-82a1-6bd7b4a60985...
2016-05-22 11:41:07.562551 Parsing document 03c95185-33c3-4be3-8fbd-112061b1a539...
2016-05-22 11:41:12.086772 Parsing document d3ddad89-dcd3-4f8a-866b-709a77f74564...
2016-05-22 11:41:12.094508 Parsing document bc00617a-1bed-4434-9088-426b55357c5d...
2016-05-22 11:41:16.200005 Parsing document 1992eee9-d228-4ba9-a7ba-ff54e81c93fb...
2016-05-22 11:41:18.116889 Parsing document 221f1fdf-720b-4df2-b320-4ec3d44b9117...
2016-05-22 11:41:18.479442 Parsing document deddf331-f7dc-469f-943c-a967ce0fdad6...
2016-05-22 11:41:19.746894 Parsing document 6b6e2bb2-8726-48fe-89c6-b1dc8e215fbe...
2016-05-22 11:41:22.118788 Parsing document 827911fd-392b-4be8-a94d-edc64ef5596a...
2016-05-22 11:41:22.654982 Parsing document c94f0ec1-93b2-424b-88b2-26adda362cc2...
2016-05-22 11:41:23.423085 Parsing document ac8887f2-99d4-46c5-88fc-9b8609aae8a2...
2016-05-22 11:41:26.167372 Parsing document 26fa60c3-c04f-4ba8-a550-a899b54e83a9...
2016-05-22 11:41:26.296192 Parsing document c1caa988-e830-46ea-aa5f-3af510ffb07e...
2016-05-22 11:41:26.704734 Parsing document 2cb8aa4a-4acf-41a5-b6ec-f3bff2dcb77a...
2016-05-22 11:41:27.739533 Parsing document 3ce14f5f-5b36-4124-a3d8-1b4d7fb8ef8b...
2016-05-22 11:41:28.930126 Parsing document 9f8e91bd-f128-4535-a1a8-97b2fc96be87...
2016-05-22 11:41:30.182463 Parsing document 5f660bb2-8ba9-4591-a48d-b7804990b6c3...
2016-05-22 11:41:30.706737 Parsing document 47a3de45-e5d5-4485-80e2-cfc55029af79...
2016-05-22 11:41:31.055423 Parsing document 2a13b7c7-e3d7-467d-ae15-a6d9d90427c9...
2016-05-22 11:41:33.141452 Parsing document 5aac2d00-317d-4ddb-9d28-af47886d192d...
2016-05-22 11:41:33.631614 Parsing document 6742563a-1e72-408a-8a5d-fc8b2d46bfdd...
2016-05-22 11:41:33.646584 Parsing document 5e14febb-a051-4f61-a978-4bb16d246834...
2016-05-22 11:41:34.293957 Parsing document 627c1bb2-dc89-48ed-866e-0ced69d4b588...
2016-05-22 11:41:34.876080 Parsing document 91686b42-5ec2-4f9b-a4cf-917e2c20d549...
2016-05-22 11:41:35.034353 Parsing document 0bfec55c-a4fc-4800-8bb0-17bd4f5ab3af...
2016-05-22 11:41:35.210879 Parsing document 9dd139fd-885e-4377-925e-ad16f9c50351...
