2016-06-02 23:29:15.308269 ‘run/LATEST.COMPILE/232915.230145000’ -> ‘20160602/232915.230145000’
2016-06-02 23:29:15.309167 ‘run/RUNNING.COMPILE’ -> ‘20160602/232915.230145000’
2016-06-02 23:29:15.309235 Parsing DeepDive application (/Users/emerson/Documents/Github/deepdive/examples/coach_nba) to generate:
2016-06-02 23:29:15.309264  run/compiled/schema.json
2016-06-02 23:29:15.309288   from app.ddlog
2016-06-02 23:29:16.489713  run/compiled/deepdive.conf
2016-06-02 23:29:16.489999   from app.ddlog
2016-06-02 23:29:17.772683   from deepdive.conf
2016-06-02 23:29:17.783913  run/compiled/deepdive.conf.json
2016-06-02 23:29:18.241945 Performing sanity checks on run/compiled/deepdive.conf.json:
2016-06-02 23:29:18.307643  checking if input_extractors_well_defined
2016-06-02 23:29:18.307713  checking if input_schema_wellformed
2016-06-02 23:29:18.308055 Normalizing and adding built-in processes to the data flow to compile:
2016-06-02 23:29:18.308588  run/compiled/config-0.00-init_objects.json
2016-06-02 23:29:18.330553  run/compiled/config-0.01-parse_calibration.json
2016-06-02 23:29:18.354130  run/compiled/config-0.01-parse_schema.json
2016-06-02 23:29:18.398996  run/compiled/config-0.51-add_init_app.json
2016-06-02 23:29:18.421982  run/compiled/config-0.52-input_loader.json
2016-06-02 23:29:18.451194  run/compiled/config-1.00-qualified_names.json
2016-06-02 23:29:18.482339  run/compiled/config-1.01-parse_inference_rules.json
2016-06-02 23:29:18.533089  run/compiled/config-2.01-grounding.json
2016-06-02 23:29:18.637423  run/compiled/config-2.02-learning_inference.json
2016-06-02 23:29:18.678416  run/compiled/config-2.03-calibration_plots.json
2016-06-02 23:29:18.718756  run/compiled/config-9.98-ensure_init_app.json
2016-06-02 23:29:18.752182  run/compiled/config-9.99-dependencies.json
2016-06-02 23:29:18.797776  run/compiled/config.json
2016-06-02 23:29:18.807097 Validating run/compiled/config.json:
2016-06-02 23:29:18.944377  checking if compiled_base_relations_have_input_data
2016-06-02 23:29:18.944475  [WARNING] input/init.sh should load all base relations: articles spouses_dbpedia spouses_dbpedia_negative 
2016-06-02 23:29:18.944571  checking if compiled_dependencies_correct
2016-06-02 23:29:18.944680  checking if compiled_input_output_well_defined
2016-06-02 23:29:18.944778  checking if compiled_output_uniquely_defined
2016-06-02 23:29:18.944913 Compiling executable code into:
2016-06-02 23:29:18.945335  run/compiled/code-Makefile.json
2016-06-02 23:29:18.992467  run/compiled/code-cmd_extractor.json
2016-06-02 23:29:19.031666  run/compiled/code-dataflow_dot.json
2016-06-02 23:29:19.065287  run/compiled/code-sql_extractor.json
2016-06-02 23:29:19.091590  run/compiled/code-tsv_extractor.json
2016-06-02 23:29:19.128867 Generating files:
2016-06-02 23:29:19.158842  run/Makefile
2016-06-02 23:29:19.187624  run/process/init/app/run.sh
2016-06-02 23:29:19.206374  run/process/init/relation/articles/run.sh
2016-06-02 23:29:19.226236  run/process/init/relation/spouses_dbpedia/run.sh
2016-06-02 23:29:19.248379  run/process/init/relation/spouses_dbpedia_negative/run.sh
2016-06-02 23:29:19.278975  run/process/ext_has_spouse/run.sh
2016-06-02 23:29:19.299666  run/process/ext_num_people/run.sh
2016-06-02 23:29:19.329024  run/process/ext_num_team/run.sh
2016-06-02 23:29:19.349796  run/process/ext_spouse_candidate/run.sh
2016-06-02 23:29:19.378804  run/process/ext_spouse_label/run.sh
2016-06-02 23:29:19.403162  run/process/ext_spouse_label_resolved/run.sh
2016-06-02 23:29:19.439403  run/process/grounding/variable_id_partition/run.sh
2016-06-02 23:29:19.464817  run/process/grounding/variable/has_spouse/assign_id/run.sh
2016-06-02 23:29:19.503122  run/process/grounding/variable_holdout/run.sh
2016-06-02 23:29:19.527688  run/process/grounding/variable/has_spouse/dump/run.sh
2016-06-02 23:29:19.556217  run/process/grounding/factor/inf1_istrue_has_spouse/materialize/run.sh
2016-06-02 23:29:19.580538  run/process/grounding/factor/inf_imply_has_spouse_has_spouse/materialize/run.sh
2016-06-02 23:29:19.600851  run/process/grounding/factor/inf_istrue_has_spouse/materialize/run.sh
2016-06-02 23:29:19.628826  run/process/grounding/weight_id_partition/run.sh
2016-06-02 23:29:19.650716  run/process/grounding/global_weight_table/run.sh
2016-06-02 23:29:19.680463  run/process/grounding/factor/inf1_istrue_has_spouse/assign_weight_id/run.sh
2016-06-02 23:29:19.701418  run/process/grounding/factor/inf_imply_has_spouse_has_spouse/assign_weight_id/run.sh
2016-06-02 23:29:19.730498  run/process/grounding/factor/inf_istrue_has_spouse/assign_weight_id/run.sh
2016-06-02 23:29:19.751077  run/process/grounding/factor/inf1_istrue_has_spouse/dump/run.sh
2016-06-02 23:29:19.778609  run/process/grounding/factor/inf_imply_has_spouse_has_spouse/dump/run.sh
2016-06-02 23:29:19.802346  run/process/grounding/factor/inf_istrue_has_spouse/dump/run.sh
2016-06-02 23:29:19.834298  run/process/grounding/factor/inf1_istrue_has_spouse/dump_weights/run.sh
2016-06-02 23:29:19.855912  run/process/grounding/factor/inf_imply_has_spouse_has_spouse/dump_weights/run.sh
2016-06-02 23:29:19.882423  run/process/grounding/factor/inf_istrue_has_spouse/dump_weights/run.sh
2016-06-02 23:29:19.905163  run/process/grounding/combine_factorgraph/run.sh
2016-06-02 23:29:19.928088  run/process/model/learning/run.sh
2016-06-02 23:29:19.964631  run/process/model/inference/run.sh
2016-06-02 23:29:19.999036  run/process/model/load_weights/run.sh
2016-06-02 23:29:20.028847  run/process/model/load_probabilities/run.sh
2016-06-02 23:29:20.050846  run/process/model/calibration/run.sh
2016-06-02 23:29:20.077343  run/dataflow.dot
2016-06-02 23:29:20.099163  run/process/ext_person_mention_by_map_person_mention/run.sh
2016-06-02 23:29:20.133122  run/process/ext_sentences_by_nlp_markup/run.sh
2016-06-02 23:29:20.168226  run/process/ext_spouse_feature_by_extract_spouse_features/run.sh
2016-06-02 23:29:20.198455  run/process/ext_spouse_label__0_by_supervise/run.sh
2016-06-02 23:29:20.219193  run/process/ext_team_mention_by_map_team_mention/run.sh
2016-06-02 23:29:20.295081 Warning: Could not load "/Users/emerson/local/lib/bundled/graphviz/prefix/bin/../lib/graphviz/libgvplugin_pango.6.dylib" - file not found
2016-06-02 23:29:20.314699  run/dataflow.svg
2016-06-02 23:29:20.315735   (file:///Users/emerson/Documents/Github/deepdive/examples/coach_nba/run/dataflow.svg)
2016-06-02 23:29:20.319610 mv: cannot move ‘run/compiled’ to ‘run/compiled~’: Directory not empty
