2016-05-21 12:11:12.123715 # on dhcp-169-233-138-157.cruznet.ucsc.edu: deepdive do has_spouse
2016-05-21 12:11:12.124123 # run/20160521/121110.302187000/plan.sh
2016-05-21 12:11:12.124156 # execution plan for data/has_spouse
2016-05-21 12:11:12.124178 
2016-05-21 12:11:12.124198 : ## process/init/app ##########################################################
2016-05-21 12:11:12.124220 : # Done: 2016-05-20T15:47:44-0700 (20h 23m 26s ago)
2016-05-21 12:11:12.124240 : process/init/app/run.sh
2016-05-21 12:11:12.124259 : mark_done process/init/app
2016-05-21 12:11:12.124302 : ##############################################################################
2016-05-21 12:11:12.124321 
2016-05-21 12:11:12.124337 : ## process/init/relation/articles ############################################
2016-05-21 12:11:12.124356 : # Done: 2016-05-20T19:16:48-0700 (16h 54m 22s ago)
2016-05-21 12:11:12.124375 : process/init/relation/articles/run.sh
2016-05-21 12:11:12.124394 : mark_done process/init/relation/articles
2016-05-21 12:11:12.124412 : ##############################################################################
2016-05-21 12:11:12.124432 
2016-05-21 12:11:12.124450 : ## data/articles #############################################################
2016-05-21 12:11:12.124468 : # Done: 2016-05-20T19:16:48-0700 (16h 54m 22s ago)
2016-05-21 12:11:12.124488 : # no-op
2016-05-21 12:11:12.124507 : mark_done data/articles
2016-05-21 12:11:12.124525 : ##############################################################################
2016-05-21 12:11:12.124541 
2016-05-21 12:11:12.124559 : ## process/ext_sentences_by_nlp_markup #######################################
2016-05-21 12:11:12.124577 : # Done: 2016-05-20T19:20:04-0700 (16h 51m 6s ago)
2016-05-21 12:11:12.124594 : process/ext_sentences_by_nlp_markup/run.sh
2016-05-21 12:11:12.124610 : mark_done process/ext_sentences_by_nlp_markup
2016-05-21 12:11:12.124628 : ##############################################################################
2016-05-21 12:11:12.124643 
2016-05-21 12:11:12.124661 : ## data/sentences ############################################################
2016-05-21 12:11:12.124678 : # Done: 2016-05-20T19:20:04-0700 (16h 51m 6s ago)
2016-05-21 12:11:12.124696 : # no-op
2016-05-21 12:11:12.124714 : mark_done data/sentences
2016-05-21 12:11:12.124731 : ##############################################################################
2016-05-21 12:11:12.124752 
2016-05-21 12:11:12.124771 : ## process/ext_person_mention_by_map_person_mention ##########################
2016-05-21 12:11:12.124789 : # Done: 2016-05-20T20:58:22-0700 (15h 12m 48s ago)
2016-05-21 12:11:12.124808 : process/ext_person_mention_by_map_person_mention/run.sh
2016-05-21 12:11:12.124827 : mark_done process/ext_person_mention_by_map_person_mention
2016-05-21 12:11:12.124847 : ##############################################################################
2016-05-21 12:11:12.124865 
2016-05-21 12:11:12.124884 : ## data/person_mention #######################################################
2016-05-21 12:11:12.124902 : # Done: 2016-05-20T20:58:22-0700 (15h 12m 48s ago)
2016-05-21 12:11:12.124919 : # no-op
2016-05-21 12:11:12.124936 : mark_done data/person_mention
2016-05-21 12:11:12.124953 : ##############################################################################
2016-05-21 12:11:12.124970 
2016-05-21 12:11:12.124988 : ## process/ext_num_people ####################################################
2016-05-21 12:11:12.125007 : # Done: 2016-05-20T21:35:41-0700 (14h 35m 29s ago)
2016-05-21 12:11:12.125025 : process/ext_num_people/run.sh
2016-05-21 12:11:12.125042 : mark_done process/ext_num_people
2016-05-21 12:11:12.125059 : ##############################################################################
2016-05-21 12:11:12.125075 
2016-05-21 12:11:12.125092 : ## data/num_people ###########################################################
2016-05-21 12:11:12.125109 : # Done: 2016-05-20T21:35:41-0700 (14h 35m 29s ago)
2016-05-21 12:11:12.125126 : # no-op
2016-05-21 12:11:12.125144 : mark_done data/num_people
2016-05-21 12:11:12.125162 : ##############################################################################
2016-05-21 12:11:12.125180 
2016-05-21 12:11:12.125196 : ## process/ext_team_mention_by_map_team_mention ##############################
2016-05-21 12:11:12.125216 : # Done: 2016-05-20T21:23:06-0700 (14h 48m 4s ago)
2016-05-21 12:11:12.125233 : process/ext_team_mention_by_map_team_mention/run.sh
2016-05-21 12:11:12.125250 : mark_done process/ext_team_mention_by_map_team_mention
2016-05-21 12:11:12.125267 : ##############################################################################
2016-05-21 12:11:12.125286 
2016-05-21 12:11:12.125309 : ## data/team_mention #########################################################
2016-05-21 12:11:12.125329 : # Done: 2016-05-20T22:05:04-0700 (14h 6m 6s ago)
2016-05-21 12:11:12.125348 : # no-op
2016-05-21 12:11:12.125367 : mark_done data/team_mention
2016-05-21 12:11:12.125387 : ##############################################################################
2016-05-21 12:11:12.125406 
2016-05-21 12:11:12.125425 : ## process/ext_spouse_candidate ##############################################
2016-05-21 12:11:12.125445 : # Done: 2016-05-20T22:17:52-0700 (13h 53m 18s ago)
2016-05-21 12:11:12.125464 : process/ext_spouse_candidate/run.sh
2016-05-21 12:11:12.125484 : mark_done process/ext_spouse_candidate
2016-05-21 12:11:12.125504 : ##############################################################################
2016-05-21 12:11:12.125524 
2016-05-21 12:11:12.125543 : ## data/spouse_candidate #####################################################
2016-05-21 12:11:12.125564 : # Done: 2016-05-20T22:17:52-0700 (13h 53m 18s ago)
2016-05-21 12:11:12.125583 : # no-op
2016-05-21 12:11:12.125604 : mark_done data/spouse_candidate
2016-05-21 12:11:12.125625 : ##############################################################################
2016-05-21 12:11:12.125646 
2016-05-21 12:11:12.125666 : ## process/ext_spouse_label__0_by_supervise ##################################
2016-05-21 12:11:12.125687 : # Done: 2016-05-20T22:17:53-0700 (13h 53m 17s ago)
2016-05-21 12:11:12.125709 : process/ext_spouse_label__0_by_supervise/run.sh
2016-05-21 12:11:12.125730 : mark_done process/ext_spouse_label__0_by_supervise
2016-05-21 12:11:12.125748 : ##############################################################################
2016-05-21 12:11:12.125768 
2016-05-21 12:11:12.125788 : ## data/spouse_label__0 ######################################################
2016-05-21 12:11:12.125807 : # Done: 2016-05-20T22:17:53-0700 (13h 53m 17s ago)
2016-05-21 12:11:12.125825 : # no-op
2016-05-21 12:11:12.125843 : mark_done data/spouse_label__0
2016-05-21 12:11:12.125862 : ##############################################################################
2016-05-21 12:11:12.125882 
2016-05-21 12:11:12.125902 : ## process/init/relation/spouses_dbpedia #####################################
2016-05-21 12:11:12.125921 : # Done: 2016-05-21T12:09:26-0700 (1m 44s ago)
2016-05-21 12:11:12.125940 : process/init/relation/spouses_dbpedia/run.sh
2016-05-21 12:11:12.125959 : mark_done process/init/relation/spouses_dbpedia
2016-05-21 12:11:12.125979 : ##############################################################################
2016-05-21 12:11:12.125999 
2016-05-21 12:11:12.126019 : ## data/spouses_dbpedia ######################################################
2016-05-21 12:11:12.126039 : # Done: 2016-05-21T12:09:26-0700 (1m 44s ago)
2016-05-21 12:11:12.126060 : # no-op
2016-05-21 12:11:12.126080 : mark_done data/spouses_dbpedia
2016-05-21 12:11:12.126101 : ##############################################################################
2016-05-21 12:11:12.126121 
2016-05-21 12:11:12.126142 ## process/ext_spouse_label ##################################################
2016-05-21 12:11:12.126162 # Done: 2016-05-20T22:17:55-0700 (13h 53m 15s ago)
2016-05-21 12:11:12.126183 process/ext_spouse_label/run.sh
2016-05-21 12:11:12.126204 ++ dirname process/ext_spouse_label/run.sh
2016-05-21 12:11:12.126226 + cd process/ext_spouse_label
2016-05-21 12:11:12.126247 + export DEEPDIVE_CURRENT_PROCESS_NAME=process/ext_spouse_label
2016-05-21 12:11:12.126267 + DEEPDIVE_CURRENT_PROCESS_NAME=process/ext_spouse_label
2016-05-21 12:11:12.126288 + deepdive create table spouse_label
2016-05-21 12:11:12.272259 CREATE TABLE
2016-05-21 12:11:12.273596 + deepdive sql 'INSERT INTO spouse_label SELECT R0.p_id AS "spouse_candidate.R0.p_id", R0.t_id AS "spouse_candidate.R0.t_id", 0 AS column_2, NULL AS column_3
2016-05-21 12:11:12.273662 FROM spouse_candidate R0
2016-05-21 12:11:12.273686         
2016-05-21 12:11:12.273707 UNION ALL
2016-05-21 12:11:12.273727 SELECT R0.p_id AS "spouse_candidate.R0.p_id", R0.t_id AS "spouse_candidate.R0.t_id", 1 AS column_2, '\''from_dbpedia'\'' AS column_3
2016-05-21 12:11:12.273757 FROM spouse_candidate R0, spouses_dbpedia R1
2016-05-21 12:11:12.273781         WHERE ((lower(R1.person1_name) = lower(R0.p_name) AND lower(R1.person2_name) = lower(R0.t_name)) OR (lower(R1.person2_name) = lower(R0.p_name) AND lower(R1.person1_name) = lower(R0.t_name)))
2016-05-21 12:11:12.273802 UNION ALL
2016-05-21 12:11:12.273820 SELECT R0.p1_id AS "spouse_label__0.R0.p1_id", R0.p2_id AS "spouse_label__0.R0.p2_id", R0.label AS "spouse_label__0.R0.label", R0.rule_id AS "spouse_label__0.R0.rule_id"
2016-05-21 12:11:12.273841 FROM spouse_label__0 R0
2016-05-21 12:11:12.273862         '
2016-05-21 12:11:12.364341 ERROR:  column r1.person1_name does not exist
2016-05-21 12:11:12.364416 LINE 7:         WHERE ((lower(R1.person1_name) = lower(R0.p_name) AN...
2016-05-21 12:11:12.364486                               ^
