2016-05-22 16:42:37.885174 # on eduroam-169-233-210-202.ucsc.edu: deepdive do has_spouse
2016-05-22 16:42:37.885840 # run/20160522/164236.054184000/plan.sh
2016-05-22 16:42:37.885869 # execution plan for data/has_spouse
2016-05-22 16:42:37.885889 
2016-05-22 16:42:37.885909 : ## process/init/app ##########################################################
2016-05-22 16:42:37.885929 : # Done: 2016-05-22T11:25:05-0700 (5h 17m 31s ago)
2016-05-22 16:42:37.885948 : process/init/app/run.sh
2016-05-22 16:42:37.885966 : mark_done process/init/app
2016-05-22 16:42:37.885986 : ##############################################################################
2016-05-22 16:42:37.886005 
2016-05-22 16:42:37.886026 : ## process/init/relation/articles ############################################
2016-05-22 16:42:37.886046 : # Done: 2016-05-22T11:55:52-0700 (4h 46m 44s ago)
2016-05-22 16:42:37.886064 : process/init/relation/articles/run.sh
2016-05-22 16:42:37.886082 : mark_done process/init/relation/articles
2016-05-22 16:42:37.886101 : ##############################################################################
2016-05-22 16:42:37.886119 
2016-05-22 16:42:37.886137 : ## data/articles #############################################################
2016-05-22 16:42:37.886155 : # Done: 2016-05-22T11:55:52-0700 (4h 46m 44s ago)
2016-05-22 16:42:37.886175 : # no-op
2016-05-22 16:42:37.886195 : mark_done data/articles
2016-05-22 16:42:37.886217 : ##############################################################################
2016-05-22 16:42:37.886236 
2016-05-22 16:42:37.886257 : ## process/ext_sentences_by_nlp_markup #######################################
2016-05-22 16:42:37.886278 : # Done: 2016-05-22T11:57:59-0700 (4h 44m 37s ago)
2016-05-22 16:42:37.886298 : process/ext_sentences_by_nlp_markup/run.sh
2016-05-22 16:42:37.886318 : mark_done process/ext_sentences_by_nlp_markup
2016-05-22 16:42:37.886338 : ##############################################################################
2016-05-22 16:42:37.886358 
2016-05-22 16:42:37.886379 : ## data/sentences ############################################################
2016-05-22 16:42:37.886399 : # Done: 2016-05-22T11:57:59-0700 (4h 44m 37s ago)
2016-05-22 16:42:37.886419 : # no-op
2016-05-22 16:42:37.886439 : mark_done data/sentences
2016-05-22 16:42:37.886460 : ##############################################################################
2016-05-22 16:42:37.886481 
2016-05-22 16:42:37.886502 : ## process/ext_person_mention_by_map_person_mention ##########################
2016-05-22 16:42:37.886522 : # Done: 2016-05-22T12:13:47-0700 (4h 28m 49s ago)
2016-05-22 16:42:37.886542 : process/ext_person_mention_by_map_person_mention/run.sh
2016-05-22 16:42:37.886585 : mark_done process/ext_person_mention_by_map_person_mention
2016-05-22 16:42:37.886623 : ##############################################################################
2016-05-22 16:42:37.886648 
2016-05-22 16:42:37.886669 : ## data/person_mention #######################################################
2016-05-22 16:42:37.886690 : # Done: 2016-05-22T12:13:47-0700 (4h 28m 49s ago)
2016-05-22 16:42:37.886708 : # no-op
2016-05-22 16:42:37.886725 : mark_done data/person_mention
2016-05-22 16:42:37.886743 : ##############################################################################
2016-05-22 16:42:37.886762 
2016-05-22 16:42:37.886785 : ## process/ext_num_people ####################################################
2016-05-22 16:42:37.886804 : # Done: 2016-05-22T12:14:33-0700 (4h 28m 3s ago)
2016-05-22 16:42:37.886823 : process/ext_num_people/run.sh
2016-05-22 16:42:37.886844 : mark_done process/ext_num_people
2016-05-22 16:42:37.886865 : ##############################################################################
2016-05-22 16:42:37.886885 
2016-05-22 16:42:37.886905 : ## data/num_people ###########################################################
2016-05-22 16:42:37.886926 : # Done: 2016-05-22T12:14:33-0700 (4h 28m 3s ago)
2016-05-22 16:42:37.886947 : # no-op
2016-05-22 16:42:37.886968 : mark_done data/num_people
2016-05-22 16:42:37.886986 : ##############################################################################
2016-05-22 16:42:37.887008 
2016-05-22 16:42:37.887028 : ## process/ext_team_mention_by_map_team_mention ##############################
2016-05-22 16:42:37.887047 : # Done: 2016-05-22T12:14:14-0700 (4h 28m 22s ago)
2016-05-22 16:42:37.887065 : process/ext_team_mention_by_map_team_mention/run.sh
2016-05-22 16:42:37.887083 : mark_done process/ext_team_mention_by_map_team_mention
2016-05-22 16:42:37.887102 : ##############################################################################
2016-05-22 16:42:37.887120 
2016-05-22 16:42:37.887138 : ## data/team_mention #########################################################
2016-05-22 16:42:37.887156 : # Done: 2016-05-22T12:14:14-0700 (4h 28m 22s ago)
2016-05-22 16:42:37.887175 : # no-op
2016-05-22 16:42:37.887193 : mark_done data/team_mention
2016-05-22 16:42:37.887211 : ##############################################################################
2016-05-22 16:42:37.887231 
2016-05-22 16:42:37.887250 : ## process/ext_spouse_candidate ##############################################
2016-05-22 16:42:37.887268 : # Done: 2016-05-22T12:14:34-0700 (4h 28m 2s ago)
2016-05-22 16:42:37.887286 : process/ext_spouse_candidate/run.sh
2016-05-22 16:42:37.887305 : mark_done process/ext_spouse_candidate
2016-05-22 16:42:37.887323 : ##############################################################################
2016-05-22 16:42:37.887343 
2016-05-22 16:42:37.887362 : ## data/spouse_candidate #####################################################
2016-05-22 16:42:37.887383 : # Done: 2016-05-22T12:14:34-0700 (4h 28m 2s ago)
2016-05-22 16:42:37.887403 : # no-op
2016-05-22 16:42:37.887423 : mark_done data/spouse_candidate
2016-05-22 16:42:37.887443 : ##############################################################################
2016-05-22 16:42:37.887464 
2016-05-22 16:42:37.887485 : ## process/ext_spouse_label__0_by_supervise ##################################
2016-05-22 16:42:37.887506 : # Done: 2016-05-22T12:28:31-0700 (4h 14m 5s ago)
2016-05-22 16:42:37.887528 : process/ext_spouse_label__0_by_supervise/run.sh
2016-05-22 16:42:37.887549 : mark_done process/ext_spouse_label__0_by_supervise
2016-05-22 16:42:37.887570 : ##############################################################################
2016-05-22 16:42:37.887589 
2016-05-22 16:42:37.887609 : ## data/spouse_label__0 ######################################################
2016-05-22 16:42:37.887630 : # Done: 2016-05-22T12:28:31-0700 (4h 14m 5s ago)
2016-05-22 16:42:37.887650 : # no-op
2016-05-22 16:42:37.887669 : mark_done data/spouse_label__0
2016-05-22 16:42:37.887688 : ##############################################################################
2016-05-22 16:42:37.887708 
2016-05-22 16:42:37.887727 : ## process/init/relation/spouses_dbpedia #####################################
2016-05-22 16:42:37.887748 : # Done: 2016-05-22T15:50:19-0700 (52m 17s ago)
2016-05-22 16:42:37.887768 : process/init/relation/spouses_dbpedia/run.sh
2016-05-22 16:42:37.887788 : mark_done process/init/relation/spouses_dbpedia
2016-05-22 16:42:37.887810 : ##############################################################################
2016-05-22 16:42:37.887831 
2016-05-22 16:42:37.887851 : ## data/spouses_dbpedia ######################################################
2016-05-22 16:42:37.887876 : # Done: 2016-05-22T15:50:19-0700 (52m 17s ago)
2016-05-22 16:42:37.887902 : # no-op
2016-05-22 16:42:37.887926 : mark_done data/spouses_dbpedia
2016-05-22 16:42:37.887952 : ##############################################################################
2016-05-22 16:42:37.887975 
2016-05-22 16:42:37.887999 : ## process/ext_spouse_label ##################################################
2016-05-22 16:42:37.888021 : # Done: 2016-05-22T15:50:41-0700 (51m 55s ago)
2016-05-22 16:42:37.888044 : process/ext_spouse_label/run.sh
2016-05-22 16:42:37.888066 : mark_done process/ext_spouse_label
2016-05-22 16:42:37.888088 : ##############################################################################
2016-05-22 16:42:37.888111 
2016-05-22 16:42:37.888132 : ## data/spouse_label #########################################################
2016-05-22 16:42:37.888153 : # Done: 2016-05-22T15:50:41-0700 (51m 55s ago)
2016-05-22 16:42:37.888173 : # no-op
2016-05-22 16:42:37.888193 : mark_done data/spouse_label
2016-05-22 16:42:37.888213 : ##############################################################################
2016-05-22 16:42:37.888231 
2016-05-22 16:42:37.888249 : ## process/ext_spouse_label_resolved #########################################
2016-05-22 16:42:37.888266 : # Done: 2016-05-22T15:50:41-0700 (51m 55s ago)
2016-05-22 16:42:37.888284 : process/ext_spouse_label_resolved/run.sh
2016-05-22 16:42:37.888303 : mark_done process/ext_spouse_label_resolved
2016-05-22 16:42:37.888321 : ##############################################################################
2016-05-22 16:42:37.888338 
2016-05-22 16:42:37.888356 : ## data/spouse_label_resolved ################################################
2016-05-22 16:42:37.888373 : # Done: 2016-05-22T15:50:41-0700 (51m 55s ago)
2016-05-22 16:42:37.888390 : # no-op
2016-05-22 16:42:37.888408 : mark_done data/spouse_label_resolved
2016-05-22 16:42:37.888425 : ##############################################################################
2016-05-22 16:42:37.888443 
2016-05-22 16:42:37.888461 ## process/ext_has_spouse ####################################################
2016-05-22 16:42:37.888479 # Done: 2016-05-22T16:27:48-0700 (14m 48s ago)
2016-05-22 16:42:37.888496 process/ext_has_spouse/run.sh
2016-05-22 16:42:37.888514 ++ dirname process/ext_has_spouse/run.sh
2016-05-22 16:42:37.888531 + cd process/ext_has_spouse
2016-05-22 16:42:37.888549 + export DEEPDIVE_CURRENT_PROCESS_NAME=process/ext_has_spouse
2016-05-22 16:42:37.888567 + DEEPDIVE_CURRENT_PROCESS_NAME=process/ext_has_spouse
2016-05-22 16:42:37.888584 + deepdive create table has_spouse
2016-05-22 16:42:37.988940 NOTICE:  drop cascades to view has_spouse_label_inference
2016-05-22 16:42:38.005463 CREATE TABLE
2016-05-22 16:42:38.006420 + deepdive sql 'INSERT INTO has_spouse SELECT DISTINCT R0.column_0, R0.column_1, 0 AS id, 
2016-05-22 16:42:38.006489 CASE WHEN R0.column_2 > 0 THEN true
2016-05-22 16:42:38.006514      WHEN R0.column_2 < 0 THEN false
2016-05-22 16:42:38.006536      ELSE NULL
2016-05-22 16:42:38.006559 END AS label
2016-05-22 16:42:38.006580           FROM spouse_label_resolved R0
2016-05-22 16:42:38.006602         
2016-05-22 16:42:38.006625           '
2016-05-22 16:42:38.087435 INSERT 0 103
2016-05-22 16:42:38.088707 mark_done process/ext_has_spouse
2016-05-22 16:42:38.105637 ##############################################################################
2016-05-22 16:42:38.105694 
2016-05-22 16:42:38.105714 ## data/has_spouse ###########################################################
2016-05-22 16:42:38.105736 # Done: 2016-05-22T16:27:48-0700 (14m 48s ago)
2016-05-22 16:42:38.105776 # no-op
2016-05-22 16:42:38.105844 mark_done data/has_spouse
2016-05-22 16:42:38.121297 ##############################################################################
2016-05-22 16:42:38.121368 
