2016-05-22 17:26:25.348948 # on eduroam-169-233-210-202.ucsc.edu: deepdive do team_mention
2016-05-22 17:26:25.349254 # run/20160522/172624.153403000/plan.sh
2016-05-22 17:26:25.349293 # execution plan for data/team_mention
2016-05-22 17:26:25.349317 
2016-05-22 17:26:25.349340 : ## process/init/app ##########################################################
2016-05-22 17:26:25.349362 : # Done: 2016-05-22T17:21:25-0700 (4m 59s ago)
2016-05-22 17:26:25.349382 : process/init/app/run.sh
2016-05-22 17:26:25.349403 : mark_done process/init/app
2016-05-22 17:26:25.349424 : ##############################################################################
2016-05-22 17:26:25.349446 
2016-05-22 17:26:25.349467 : ## process/init/relation/articles ############################################
2016-05-22 17:26:25.349489 : # Done: 2016-05-22T17:23:58-0700 (2m 26s ago)
2016-05-22 17:26:25.349510 : process/init/relation/articles/run.sh
2016-05-22 17:26:25.349530 : mark_done process/init/relation/articles
2016-05-22 17:26:25.349549 : ##############################################################################
2016-05-22 17:26:25.349585 
2016-05-22 17:26:25.349612 : ## data/articles #############################################################
2016-05-22 17:26:25.349633 : # Done: 2016-05-22T17:23:58-0700 (2m 26s ago)
2016-05-22 17:26:25.349654 : # no-op
2016-05-22 17:26:25.349675 : mark_done data/articles
2016-05-22 17:26:25.349695 : ##############################################################################
2016-05-22 17:26:25.349714 
2016-05-22 17:26:25.349734 : ## process/ext_sentences_by_nlp_markup #######################################
2016-05-22 17:26:25.349752 : # Done: 2016-05-22T17:25:59-0700 (25s ago)
2016-05-22 17:26:25.349774 : process/ext_sentences_by_nlp_markup/run.sh
2016-05-22 17:26:25.349794 : mark_done process/ext_sentences_by_nlp_markup
2016-05-22 17:26:25.349817 : ##############################################################################
2016-05-22 17:26:25.349836 
2016-05-22 17:26:25.349855 : ## data/sentences ############################################################
2016-05-22 17:26:25.349876 : # Done: 2016-05-22T17:26:00-0700 (24s ago)
2016-05-22 17:26:25.349897 : # no-op
2016-05-22 17:26:25.349919 : mark_done data/sentences
2016-05-22 17:26:25.349939 : ##############################################################################
2016-05-22 17:26:25.349960 
2016-05-22 17:26:25.349982 ## process/ext_team_mention_by_map_team_mention ##############################
2016-05-22 17:26:25.350001 # Done: 2016-05-22T17:05:38-0700 (20m 46s ago)
2016-05-22 17:26:25.350022 process/ext_team_mention_by_map_team_mention/run.sh
2016-05-22 17:26:25.350043 ++ dirname process/ext_team_mention_by_map_team_mention/run.sh
2016-05-22 17:26:25.350063 + cd process/ext_team_mention_by_map_team_mention
2016-05-22 17:26:25.350082 + export DEEPDIVE_CURRENT_PROCESS_NAME=process/ext_team_mention_by_map_team_mention
2016-05-22 17:26:25.350102 + DEEPDIVE_CURRENT_PROCESS_NAME=process/ext_team_mention_by_map_team_mention
2016-05-22 17:26:25.350122 + export DEEPDIVE_LOAD_FORMAT=tsv
2016-05-22 17:26:25.350142 + DEEPDIVE_LOAD_FORMAT=tsv
2016-05-22 17:26:25.350166 + deepdive compute execute 'input_sql= SELECT R0.doc_id AS "sentences.R0.doc_id", R0.sentence_index AS "sentences.R0.sentence_index", R0.tokens AS "sentences.R0.tokens", R0.ner_tags AS "sentences.R0.ner_tags"
2016-05-22 17:26:25.350188 FROM sentences R0
2016-05-22 17:26:25.350209         
2016-05-22 17:26:25.350228           ' 'command="$DEEPDIVE_APP"/udf/map_team_mention.py' output_relation=team_mention
2016-05-22 17:26:25.394246 Executing with the following configuration:
2016-05-22 17:26:25.394321  DEEPDIVE_NUM_PROCESSES=3
2016-05-22 17:26:25.394351  DEEPDIVE_NUM_PARALLEL_UNLOADS=1
2016-05-22 17:26:25.394376  DEEPDIVE_NUM_PARALLEL_LOADS=1
2016-05-22 17:26:25.394446  output_relation_tmp=dd_tmp_team_mention
2016-05-22 17:26:25.394476 
2016-05-22 17:26:25.566051 NOTICE:  table "team_mention" does not exist, skipping
2016-05-22 17:26:25.571764 CREATE TABLE
2016-05-22 17:26:25.687992 CREATE TABLE
2016-05-22 17:26:25.848933 unloading to feed_processes-1: ' SELECT R0.doc_id AS "sentences.R0.doc_id", R0.sentence_index AS "sentences.R0.sentence_index", R0.tokens AS "sentences.R0.tokens", R0.ner_tags AS "sentences.R0.ner_tags"
2016-05-22 17:26:25.848999 FROM sentences R0
2016-05-22 17:26:25.849025         
2016-05-22 17:26:25.849049           '
2016-05-22 17:26:25.878815 Loading dd_tmp_team_mention from output_computed-1 (tsv format)
2016-05-22 17:26:26.029859 COPY 113
2016-05-22 17:26:26.035142 Replacing team_mention with dd_tmp_team_mention
2016-05-22 17:26:26.107214 DROP TABLE
2016-05-22 17:26:26.183388 ALTER TABLE
2016-05-22 17:26:26.260811 ALTER TABLE
2016-05-22 17:26:26.369652 DROP TABLE
2016-05-22 17:26:26.425133 ANALYZE
2016-05-22 17:26:26.435466 mark_done process/ext_team_mention_by_map_team_mention
2016-05-22 17:26:26.458104 ##############################################################################
2016-05-22 17:26:26.458172 
2016-05-22 17:26:26.458200 ## data/team_mention #########################################################
2016-05-22 17:26:26.458225 # Done: 2016-05-22T17:05:38-0700 (20m 46s ago)
2016-05-22 17:26:26.458247 # no-op
2016-05-22 17:26:26.458268 mark_done data/team_mention
2016-05-22 17:26:26.488726 ##############################################################################
2016-05-22 17:26:26.488891 
