2016-05-21 15:37:32.360444 # on dhcp-169-233-138-157.cruznet.ucsc.edu: deepdive do has_spouse
2016-05-21 15:37:32.360745 # run/20160521/153730.476766000/plan.sh
2016-05-21 15:37:32.360767 # execution plan for data/has_spouse
2016-05-21 15:37:32.360787 
2016-05-21 15:37:32.360807 : ## process/init/app ##########################################################
2016-05-21 15:37:32.360829 : # Done: 2016-05-20T15:47:44-0700 (23h 49m 46s ago)
2016-05-21 15:37:32.360848 : process/init/app/run.sh
2016-05-21 15:37:32.360867 : mark_done process/init/app
2016-05-21 15:37:32.360887 : ##############################################################################
2016-05-21 15:37:32.360906 
2016-05-21 15:37:32.360928 : ## process/init/relation/articles ############################################
2016-05-21 15:37:32.360950 : # Done: 2016-05-20T19:16:48-0700 (20h 20m 42s ago)
2016-05-21 15:37:32.360985 : process/init/relation/articles/run.sh
2016-05-21 15:37:32.361015 : mark_done process/init/relation/articles
2016-05-21 15:37:32.361037 : ##############################################################################
2016-05-21 15:37:32.361057 
2016-05-21 15:37:32.361079 : ## data/articles #############################################################
2016-05-21 15:37:32.361100 : # Done: 2016-05-20T19:16:48-0700 (20h 20m 42s ago)
2016-05-21 15:37:32.361121 : # no-op
2016-05-21 15:37:32.361143 : mark_done data/articles
2016-05-21 15:37:32.361166 : ##############################################################################
2016-05-21 15:37:32.361187 
2016-05-21 15:37:32.361208 : ## process/ext_sentences_by_nlp_markup #######################################
2016-05-21 15:37:32.361227 : # Done: 2016-05-20T19:20:04-0700 (20h 17m 26s ago)
2016-05-21 15:37:32.361247 : process/ext_sentences_by_nlp_markup/run.sh
2016-05-21 15:37:32.361267 : mark_done process/ext_sentences_by_nlp_markup
2016-05-21 15:37:32.361288 : ##############################################################################
2016-05-21 15:37:32.361307 
2016-05-21 15:37:32.361327 : ## data/sentences ############################################################
2016-05-21 15:37:32.361346 : # Done: 2016-05-20T19:20:04-0700 (20h 17m 26s ago)
2016-05-21 15:37:32.361366 : # no-op
2016-05-21 15:37:32.361387 : mark_done data/sentences
2016-05-21 15:37:32.361405 : ##############################################################################
2016-05-21 15:37:32.361427 
2016-05-21 15:37:32.361446 : ## process/ext_person_mention_by_map_person_mention ##########################
2016-05-21 15:37:32.361466 : # Done: 2016-05-20T20:58:22-0700 (18h 39m 8s ago)
2016-05-21 15:37:32.361487 : process/ext_person_mention_by_map_person_mention/run.sh
2016-05-21 15:37:32.361507 : mark_done process/ext_person_mention_by_map_person_mention
2016-05-21 15:37:32.361528 : ##############################################################################
2016-05-21 15:37:32.361549 
2016-05-21 15:37:32.361569 : ## data/person_mention #######################################################
2016-05-21 15:37:32.361590 : # Done: 2016-05-20T20:58:22-0700 (18h 39m 8s ago)
2016-05-21 15:37:32.361612 : # no-op
2016-05-21 15:37:32.361647 : mark_done data/person_mention
2016-05-21 15:37:32.361670 : ##############################################################################
2016-05-21 15:37:32.361691 
2016-05-21 15:37:32.361719 : ## process/ext_num_people ####################################################
2016-05-21 15:37:32.361742 : # Done: 2016-05-20T21:35:41-0700 (18h 1m 49s ago)
2016-05-21 15:37:32.361763 : process/ext_num_people/run.sh
2016-05-21 15:37:32.361784 : mark_done process/ext_num_people
2016-05-21 15:37:32.361803 : ##############################################################################
2016-05-21 15:37:32.361823 
2016-05-21 15:37:32.361844 : ## data/num_people ###########################################################
2016-05-21 15:37:32.361865 : # Done: 2016-05-20T21:35:41-0700 (18h 1m 49s ago)
2016-05-21 15:37:32.361887 : # no-op
2016-05-21 15:37:32.361905 : mark_done data/num_people
2016-05-21 15:37:32.361927 : ##############################################################################
2016-05-21 15:37:32.361947 
2016-05-21 15:37:32.361967 : ## process/ext_team_mention_by_map_team_mention ##############################
2016-05-21 15:37:32.361986 : # Done: 2016-05-20T21:23:06-0700 (18h 14m 24s ago)
2016-05-21 15:37:32.362003 : process/ext_team_mention_by_map_team_mention/run.sh
2016-05-21 15:37:32.362018 : mark_done process/ext_team_mention_by_map_team_mention
2016-05-21 15:37:32.362038 : ##############################################################################
2016-05-21 15:37:32.362057 
2016-05-21 15:37:32.362075 : ## data/team_mention #########################################################
2016-05-21 15:37:32.362107 : # Done: 2016-05-20T22:05:04-0700 (17h 32m 26s ago)
2016-05-21 15:37:32.362130 : # no-op
2016-05-21 15:37:32.362153 : mark_done data/team_mention
2016-05-21 15:37:32.362175 : ##############################################################################
2016-05-21 15:37:32.362197 
2016-05-21 15:37:32.362219 : ## process/ext_spouse_candidate ##############################################
2016-05-21 15:37:32.362241 : # Done: 2016-05-20T22:17:52-0700 (17h 19m 38s ago)
2016-05-21 15:37:32.362264 : process/ext_spouse_candidate/run.sh
2016-05-21 15:37:32.362286 : mark_done process/ext_spouse_candidate
2016-05-21 15:37:32.362309 : ##############################################################################
2016-05-21 15:37:32.362331 
2016-05-21 15:37:32.362351 : ## data/spouse_candidate #####################################################
2016-05-21 15:37:32.362373 : # Done: 2016-05-20T22:17:52-0700 (17h 19m 38s ago)
2016-05-21 15:37:32.362395 : # no-op
2016-05-21 15:37:32.362418 : mark_done data/spouse_candidate
2016-05-21 15:37:32.362441 : ##############################################################################
2016-05-21 15:37:32.362503 
2016-05-21 15:37:32.362530 : ## process/ext_spouse_label__0_by_supervise ##################################
2016-05-21 15:37:32.362550 : # Done: 2016-05-20T22:17:53-0700 (17h 19m 37s ago)
2016-05-21 15:37:32.362569 : process/ext_spouse_label__0_by_supervise/run.sh
2016-05-21 15:37:32.362612 : mark_done process/ext_spouse_label__0_by_supervise
2016-05-21 15:37:32.362641 : ##############################################################################
2016-05-21 15:37:32.362676 
2016-05-21 15:37:32.362703 : ## data/spouse_label__0 ######################################################
2016-05-21 15:37:32.362726 : # Done: 2016-05-20T22:17:53-0700 (17h 19m 37s ago)
2016-05-21 15:37:32.362748 : # no-op
2016-05-21 15:37:32.362770 : mark_done data/spouse_label__0
2016-05-21 15:37:32.362791 : ##############################################################################
2016-05-21 15:37:32.362814 
2016-05-21 15:37:32.362838 : ## process/init/relation/spouses_dbpedia #####################################
2016-05-21 15:37:32.362860 : # Done: 2016-05-21T12:09:26-0700 (3h 28m 4s ago)
2016-05-21 15:37:32.362881 : process/init/relation/spouses_dbpedia/run.sh
2016-05-21 15:37:32.362903 : mark_done process/init/relation/spouses_dbpedia
2016-05-21 15:37:32.362923 : ##############################################################################
2016-05-21 15:37:32.362946 
2016-05-21 15:37:32.362967 : ## data/spouses_dbpedia ######################################################
2016-05-21 15:37:32.362988 : # Done: 2016-05-21T12:09:26-0700 (3h 28m 4s ago)
2016-05-21 15:37:32.363009 : # no-op
2016-05-21 15:37:32.363032 : mark_done data/spouses_dbpedia
2016-05-21 15:37:32.363055 : ##############################################################################
2016-05-21 15:37:32.363077 
2016-05-21 15:37:32.363096 : ## process/ext_spouse_label ##################################################
2016-05-21 15:37:32.363118 : # Done: 2016-05-21T15:28:40-0700 (8m 50s ago)
2016-05-21 15:37:32.363141 : process/ext_spouse_label/run.sh
2016-05-21 15:37:32.363163 : mark_done process/ext_spouse_label
2016-05-21 15:37:32.363185 : ##############################################################################
2016-05-21 15:37:32.363206 
2016-05-21 15:37:32.363227 : ## data/spouse_label #########################################################
2016-05-21 15:37:32.363248 : # Done: 2016-05-21T15:28:40-0700 (8m 51s ago)
2016-05-21 15:37:32.363268 : # no-op
2016-05-21 15:37:32.363288 : mark_done data/spouse_label
2016-05-21 15:37:32.363308 : ##############################################################################
2016-05-21 15:37:32.363327 
2016-05-21 15:37:32.363346 : ## process/ext_spouse_label_resolved #########################################
2016-05-21 15:37:32.363365 : # Done: 2016-05-21T15:28:41-0700 (8m 50s ago)
2016-05-21 15:37:32.363385 : process/ext_spouse_label_resolved/run.sh
2016-05-21 15:37:32.363404 : mark_done process/ext_spouse_label_resolved
2016-05-21 15:37:32.363424 : ##############################################################################
2016-05-21 15:37:32.363443 
2016-05-21 15:37:32.363463 : ## data/spouse_label_resolved ################################################
2016-05-21 15:37:32.363485 : # Done: 2016-05-21T15:28:41-0700 (8m 50s ago)
2016-05-21 15:37:32.363505 : # no-op
2016-05-21 15:37:32.363524 : mark_done data/spouse_label_resolved
2016-05-21 15:37:32.363578 : ##############################################################################
2016-05-21 15:37:32.363614 
2016-05-21 15:37:32.363637 ## process/ext_has_spouse ####################################################
2016-05-21 15:37:32.363655 : # Done: 2016-05-21T15:30:30-0700 (7m 1s ago)
2016-05-21 15:37:32.363672 # Done: 2016-05-21T15:30:30-0700 (7m ago)
2016-05-21 15:37:32.363689 process/ext_has_spouse/run.sh
2016-05-21 15:37:32.363706 ++ dirname process/ext_has_spouse/run.sh
2016-05-21 15:37:32.363723 + cd process/ext_has_spouse
2016-05-21 15:37:32.363741 + export DEEPDIVE_CURRENT_PROCESS_NAME=process/ext_has_spouse
2016-05-21 15:37:32.363759 + DEEPDIVE_CURRENT_PROCESS_NAME=process/ext_has_spouse
2016-05-21 15:37:32.363775 + deepdive create table has_spouse
2016-05-21 15:37:32.474919 CREATE TABLE
2016-05-21 15:37:32.476452 + deepdive sql 'INSERT INTO has_spouse SELECT DISTINCT R0.column_0, R0.column_1, 0 AS id, 
2016-05-21 15:37:32.476512 CASE WHEN R0.column_2 > 0 THEN true
2016-05-21 15:37:32.476535      WHEN R0.column_2 < 0 THEN false
2016-05-21 15:37:32.476556      ELSE NULL
2016-05-21 15:37:32.476577 END AS label
2016-05-21 15:37:32.476597           FROM spouse_label_resolved R0
2016-05-21 15:37:32.476617         
2016-05-21 15:37:32.476654           '
2016-05-21 15:37:32.562475 INSERT 0 103
2016-05-21 15:37:32.563650 mark_done process/ext_has_spouse
2016-05-21 15:37:32.579097 ##############################################################################
2016-05-21 15:37:32.579166 
2016-05-21 15:37:32.579186 ## data/has_spouse ###########################################################
2016-05-21 15:37:32.579207 : # Done: 2016-05-21T15:30:30-0700 (7m 1s ago)
2016-05-21 15:37:32.579229 # Done: 2016-05-21T15:30:30-0700 (7m ago)
2016-05-21 15:37:32.579307 # no-op
2016-05-21 15:37:32.579329 mark_done data/has_spouse
2016-05-21 15:37:32.594695 ##############################################################################
2016-05-21 15:37:32.594747 
