2016-05-20 17:49:48.624115 ‘run/LATEST.COMPILE/174948.552740000’ -> ‘20160520/174948.552740000’
2016-05-20 17:49:48.624407 ‘run/RUNNING.COMPILE’ -> ‘20160520/174948.552740000’
2016-05-20 17:49:48.624437 Parsing DeepDive application (/Users/emerson/Documents/Github/deepdive/examples/Coach_NBA) to generate:
2016-05-20 17:49:48.624460  run/compiled/schema.json
2016-05-20 17:49:48.624479   from app.ddlog
2016-05-20 17:49:49.498489  run/compiled/deepdive.conf
2016-05-20 17:49:49.498717   from app.ddlog
2016-05-20 17:49:50.517597   from deepdive.conf
2016-05-20 17:49:50.530809  run/compiled/deepdive.conf.json
2016-05-20 17:49:50.936035 Performing sanity checks on run/compiled/deepdive.conf.json:
2016-05-20 17:49:50.999040  checking if input_extractors_well_defined
2016-05-20 17:49:50.999106  checking if input_schema_wellformed
2016-05-20 17:49:50.999419 Normalizing and adding built-in processes to the data flow to compile:
2016-05-20 17:49:50.999838  run/compiled/config-0.00-init_objects.json
2016-05-20 17:49:51.020428  run/compiled/config-0.01-parse_calibration.json
2016-05-20 17:49:51.044817  run/compiled/config-0.01-parse_schema.json
2016-05-20 17:49:51.081023  run/compiled/config-0.51-add_init_app.json
2016-05-20 17:49:51.109464  run/compiled/config-0.52-input_loader.json
2016-05-20 17:49:51.138277  run/compiled/config-1.00-qualified_names.json
2016-05-20 17:49:51.167980  run/compiled/config-1.01-parse_inference_rules.json
2016-05-20 17:49:51.221868  run/compiled/config-2.01-grounding.json
2016-05-20 17:49:51.322038  run/compiled/config-2.02-learning_inference.json
2016-05-20 17:49:51.354427  run/compiled/config-2.03-calibration_plots.json
2016-05-20 17:49:51.387124  run/compiled/config-9.98-ensure_init_app.json
2016-05-20 17:49:51.435278  run/compiled/config-9.99-dependencies.json
2016-05-20 17:49:51.467534  run/compiled/config.json
2016-05-20 17:49:51.476043 Validating run/compiled/config.json:
2016-05-20 17:49:51.617485  checking if compiled_base_relations_have_input_data
2016-05-20 17:49:51.617548  [WARNING] input/init.sh should load all base relations: articles spouses_dbpedia 
2016-05-20 17:49:51.617583  checking if compiled_dependencies_correct
2016-05-20 17:49:51.617607  checking if compiled_input_output_well_defined
2016-05-20 17:49:51.617629  checking if compiled_output_uniquely_defined
2016-05-20 17:49:51.617842 Compiling executable code into:
2016-05-20 17:49:51.618192  run/compiled/code-Makefile.json
2016-05-20 17:49:51.648928  run/compiled/code-cmd_extractor.json
2016-05-20 17:49:51.693713  run/compiled/code-dataflow_dot.json
2016-05-20 17:49:51.732817  run/compiled/code-sql_extractor.json
2016-05-20 17:49:51.762996  run/compiled/code-tsv_extractor.json
2016-05-20 17:49:51.802172 Generating files:
2016-05-20 17:49:51.844198  run/Makefile
2016-05-20 17:49:51.880790  run/process/init/app/run.sh
2016-05-20 17:49:51.902230  run/process/init/relation/articles/run.sh
2016-05-20 17:49:51.926474  run/process/init/relation/spouses_dbpedia/run.sh
2016-05-20 17:49:51.953155  run/process/ext_has_spouse/run.sh
2016-05-20 17:49:51.980873  run/process/ext_num_people/run.sh
2016-05-20 17:49:52.019102  run/process/ext_spouse_candidate/run.sh
2016-05-20 17:49:52.046174  run/process/ext_spouse_label/run.sh
2016-05-20 17:49:52.078522  run/process/ext_spouse_label_resolved/run.sh
2016-05-20 17:49:52.111583  run/process/grounding/variable_id_partition/run.sh
2016-05-20 17:49:52.147317  run/process/grounding/variable/has_spouse/assign_id/run.sh
2016-05-20 17:49:52.169154  run/process/grounding/variable_holdout/run.sh
2016-05-20 17:49:52.201397  run/process/grounding/variable/has_spouse/dump/run.sh
2016-05-20 17:49:52.228084  run/process/grounding/factor/inf1_imply_has_spouse_has_spouse/materialize/run.sh
2016-05-20 17:49:52.254109  run/process/grounding/factor/inf_imply_has_spouse_has_spouse/materialize/run.sh
2016-05-20 17:49:52.294257  run/process/grounding/factor/inf_istrue_has_spouse/materialize/run.sh
2016-05-20 17:49:52.319748  run/process/grounding/weight_id_partition/run.sh
2016-05-20 17:49:52.354170  run/process/grounding/global_weight_table/run.sh
2016-05-20 17:49:52.378297  run/process/grounding/factor/inf1_imply_has_spouse_has_spouse/assign_weight_id/run.sh
2016-05-20 17:49:52.408334  run/process/grounding/factor/inf_imply_has_spouse_has_spouse/assign_weight_id/run.sh
2016-05-20 17:49:52.443046  run/process/grounding/factor/inf_istrue_has_spouse/assign_weight_id/run.sh
2016-05-20 17:49:52.476305  run/process/grounding/factor/inf1_imply_has_spouse_has_spouse/dump/run.sh
2016-05-20 17:49:52.504515  run/process/grounding/factor/inf_imply_has_spouse_has_spouse/dump/run.sh
2016-05-20 17:49:52.535203  run/process/grounding/factor/inf_istrue_has_spouse/dump/run.sh
2016-05-20 17:49:52.565259  run/process/grounding/factor/inf1_imply_has_spouse_has_spouse/dump_weights/run.sh
2016-05-20 17:49:52.604782  run/process/grounding/factor/inf_imply_has_spouse_has_spouse/dump_weights/run.sh
2016-05-20 17:49:52.630374  run/process/grounding/factor/inf_istrue_has_spouse/dump_weights/run.sh
2016-05-20 17:49:52.662631  run/process/grounding/combine_factorgraph/run.sh
2016-05-20 17:49:52.688195  run/process/model/learning/run.sh
2016-05-20 17:49:52.718136  run/process/model/inference/run.sh
2016-05-20 17:49:52.752999  run/process/model/load_weights/run.sh
2016-05-20 17:49:52.787942  run/process/model/load_probabilities/run.sh
2016-05-20 17:49:52.817773  run/process/model/calibration/run.sh
2016-05-20 17:49:52.854514  run/dataflow.dot
2016-05-20 17:49:52.875608  run/process/ext_person_mention_by_map_person_mention/run.sh
2016-05-20 17:49:52.904689  run/process/ext_sentences_by_nlp_markup/run.sh
2016-05-20 17:49:52.933163  run/process/ext_spouse_feature_by_extract_spouse_features/run.sh
2016-05-20 17:49:52.963908  run/process/ext_spouse_label__0_by_supervise/run.sh
2016-05-20 17:49:52.990249  run/process/ext_team_mention_by_map_team_mention/run.sh
2016-05-20 17:49:53.056846 Warning: Could not load "/Users/emerson/local/lib/bundled/graphviz/prefix/bin/../lib/graphviz/libgvplugin_pango.6.dylib" - file not found
2016-05-20 17:49:53.065729  run/dataflow.svg
2016-05-20 17:49:53.067176   (file:///Users/emerson/Documents/Github/deepdive/examples/Coach_NBA/run/dataflow.svg)
2016-05-20 17:49:53.074252 mv: cannot move ‘run/compiled’ to ‘run/compiled~’: Directory not empty
