2016-05-21 12:11:03.140244 # on dhcp-169-233-138-157.cruznet.ucsc.edu: deepdive do has_spouse
2016-05-21 12:11:03.140547 # run/20160521/121100.981699000/plan.sh
2016-05-21 12:11:03.140585 # execution plan for data/has_spouse
2016-05-21 12:11:03.140612 
2016-05-21 12:11:03.140634 : ## process/init/app ##########################################################
2016-05-21 12:11:03.140658 : # Done: 2016-05-20T15:47:44-0700 (20h 23m 17s ago)
2016-05-21 12:11:03.140679 : process/init/app/run.sh
2016-05-21 12:11:03.140700 : mark_done process/init/app
2016-05-21 12:11:03.140721 : ##############################################################################
2016-05-21 12:11:03.140741 
2016-05-21 12:11:03.140761 : ## process/init/relation/articles ############################################
2016-05-21 12:11:03.140779 : # Done: 2016-05-20T19:16:48-0700 (16h 54m 13s ago)
2016-05-21 12:11:03.140799 : process/init/relation/articles/run.sh
2016-05-21 12:11:03.140818 : mark_done process/init/relation/articles
2016-05-21 12:11:03.140837 : ##############################################################################
2016-05-21 12:11:03.140856 
2016-05-21 12:11:03.140876 : ## data/articles #############################################################
2016-05-21 12:11:03.140897 : # Done: 2016-05-20T19:16:48-0700 (16h 54m 13s ago)
2016-05-21 12:11:03.140917 : # no-op
2016-05-21 12:11:03.140939 : mark_done data/articles
2016-05-21 12:11:03.140959 : ##############################################################################
2016-05-21 12:11:03.140979 
2016-05-21 12:11:03.141007 : ## process/ext_sentences_by_nlp_markup #######################################
2016-05-21 12:11:03.141027 : # Done: 2016-05-20T19:20:04-0700 (16h 50m 57s ago)
2016-05-21 12:11:03.141045 : process/ext_sentences_by_nlp_markup/run.sh
2016-05-21 12:11:03.141063 : mark_done process/ext_sentences_by_nlp_markup
2016-05-21 12:11:03.141082 : ##############################################################################
2016-05-21 12:11:03.141101 
2016-05-21 12:11:03.141119 : ## data/sentences ############################################################
2016-05-21 12:11:03.141137 : # Done: 2016-05-20T19:20:04-0700 (16h 50m 57s ago)
2016-05-21 12:11:03.141155 : # no-op
2016-05-21 12:11:03.141173 : mark_done data/sentences
2016-05-21 12:11:03.141192 : ##############################################################################
2016-05-21 12:11:03.141210 
2016-05-21 12:11:03.141229 : ## process/ext_person_mention_by_map_person_mention ##########################
2016-05-21 12:11:03.141248 : # Done: 2016-05-20T20:58:22-0700 (15h 12m 39s ago)
2016-05-21 12:11:03.141267 : process/ext_person_mention_by_map_person_mention/run.sh
2016-05-21 12:11:03.141285 : mark_done process/ext_person_mention_by_map_person_mention
2016-05-21 12:11:03.141344 : ##############################################################################
2016-05-21 12:11:03.141363 
2016-05-21 12:11:03.141383 : ## data/person_mention #######################################################
2016-05-21 12:11:03.141407 : # Done: 2016-05-20T20:58:22-0700 (15h 12m 39s ago)
2016-05-21 12:11:03.141430 : # no-op
2016-05-21 12:11:03.141449 : mark_done data/person_mention
2016-05-21 12:11:03.141471 : ##############################################################################
2016-05-21 12:11:03.141491 
2016-05-21 12:11:03.141513 : ## process/ext_num_people ####################################################
2016-05-21 12:11:03.141535 : # Done: 2016-05-20T21:35:41-0700 (14h 35m 20s ago)
2016-05-21 12:11:03.141556 : process/ext_num_people/run.sh
2016-05-21 12:11:03.141579 : mark_done process/ext_num_people
2016-05-21 12:11:03.141601 : ##############################################################################
2016-05-21 12:11:03.141622 
2016-05-21 12:11:03.141644 : ## data/num_people ###########################################################
2016-05-21 12:11:03.141666 : # Done: 2016-05-20T21:35:41-0700 (14h 35m 20s ago)
2016-05-21 12:11:03.141688 : # no-op
2016-05-21 12:11:03.141711 : mark_done data/num_people
2016-05-21 12:11:03.141734 : ##############################################################################
2016-05-21 12:11:03.141755 
2016-05-21 12:11:03.141776 : ## process/ext_team_mention_by_map_team_mention ##############################
2016-05-21 12:11:03.141797 : # Done: 2016-05-20T21:23:06-0700 (14h 47m 55s ago)
2016-05-21 12:11:03.141819 : process/ext_team_mention_by_map_team_mention/run.sh
2016-05-21 12:11:03.141840 : mark_done process/ext_team_mention_by_map_team_mention
2016-05-21 12:11:03.141863 : ##############################################################################
2016-05-21 12:11:03.141884 
2016-05-21 12:11:03.141907 : ## data/team_mention #########################################################
2016-05-21 12:11:03.141929 : # Done: 2016-05-20T22:05:04-0700 (14h 5m 57s ago)
2016-05-21 12:11:03.141951 : # no-op
2016-05-21 12:11:03.141972 : mark_done data/team_mention
2016-05-21 12:11:03.141993 : ##############################################################################
2016-05-21 12:11:03.142013 
2016-05-21 12:11:03.142062 : ## process/ext_spouse_candidate ##############################################
2016-05-21 12:11:03.142084 : # Done: 2016-05-20T22:17:52-0700 (13h 53m 9s ago)
2016-05-21 12:11:03.142104 : process/ext_spouse_candidate/run.sh
2016-05-21 12:11:03.142124 : mark_done process/ext_spouse_candidate
2016-05-21 12:11:03.142143 : ##############################################################################
2016-05-21 12:11:03.142163 
2016-05-21 12:11:03.142183 : ## data/spouse_candidate #####################################################
2016-05-21 12:11:03.142204 : # Done: 2016-05-20T22:17:52-0700 (13h 53m 9s ago)
2016-05-21 12:11:03.142225 : # no-op
2016-05-21 12:11:03.142246 : mark_done data/spouse_candidate
2016-05-21 12:11:03.142265 : ##############################################################################
2016-05-21 12:11:03.142306 
2016-05-21 12:11:03.142350 : ## process/ext_spouse_label__0_by_supervise ##################################
2016-05-21 12:11:03.142376 : # Done: 2016-05-20T22:17:53-0700 (13h 53m 8s ago)
2016-05-21 12:11:03.142399 : process/ext_spouse_label__0_by_supervise/run.sh
2016-05-21 12:11:03.142418 : mark_done process/ext_spouse_label__0_by_supervise
2016-05-21 12:11:03.142462 : ##############################################################################
2016-05-21 12:11:03.142515 
2016-05-21 12:11:03.142557 : ## data/spouse_label__0 ######################################################
2016-05-21 12:11:03.142582 : # Done: 2016-05-20T22:17:53-0700 (13h 53m 8s ago)
2016-05-21 12:11:03.142604 : # no-op
2016-05-21 12:11:03.142626 : mark_done data/spouse_label__0
2016-05-21 12:11:03.142649 : ##############################################################################
2016-05-21 12:11:03.142670 
2016-05-21 12:11:03.142689 : ## process/init/relation/spouses_dbpedia #####################################
2016-05-21 12:11:03.142732 : # Done: 2016-05-21T12:09:26-0700 (1m 35s ago)
2016-05-21 12:11:03.142756 : process/init/relation/spouses_dbpedia/run.sh
2016-05-21 12:11:03.142778 : mark_done process/init/relation/spouses_dbpedia
2016-05-21 12:11:03.142800 : ##############################################################################
2016-05-21 12:11:03.142821 
2016-05-21 12:11:03.142859 : ## data/spouses_dbpedia ######################################################
2016-05-21 12:11:03.142888 : # Done: 2016-05-21T12:09:26-0700 (1m 35s ago)
2016-05-21 12:11:03.142910 : # no-op
2016-05-21 12:11:03.142935 : mark_done data/spouses_dbpedia
2016-05-21 12:11:03.142956 : ##############################################################################
2016-05-21 12:11:03.142976 
2016-05-21 12:11:03.143007 ## process/ext_spouse_label ##################################################
2016-05-21 12:11:03.143032 # Done: 2016-05-20T22:17:55-0700 (13h 53m 6s ago)
2016-05-21 12:11:03.143054 process/ext_spouse_label/run.sh
2016-05-21 12:11:03.143076 ++ dirname process/ext_spouse_label/run.sh
2016-05-21 12:11:03.143097 + cd process/ext_spouse_label
2016-05-21 12:11:03.143119 + export DEEPDIVE_CURRENT_PROCESS_NAME=process/ext_spouse_label
2016-05-21 12:11:03.143139 + DEEPDIVE_CURRENT_PROCESS_NAME=process/ext_spouse_label
2016-05-21 12:11:03.143159 + deepdive create table spouse_label
2016-05-21 12:11:03.279120 NOTICE:  drop cascades to view spouse_label_resolved
2016-05-21 12:11:03.295601 CREATE TABLE
2016-05-21 12:11:03.297185 + deepdive sql 'INSERT INTO spouse_label SELECT R0.p_id AS "spouse_candidate.R0.p_id", R0.t_id AS "spouse_candidate.R0.t_id", 0 AS column_2, NULL AS column_3
2016-05-21 12:11:03.297244 FROM spouse_candidate R0
2016-05-21 12:11:03.297263         
2016-05-21 12:11:03.297287 UNION ALL
2016-05-21 12:11:03.297309 SELECT R0.p_id AS "spouse_candidate.R0.p_id", R0.t_id AS "spouse_candidate.R0.t_id", 1 AS column_2, '\''from_dbpedia'\'' AS column_3
2016-05-21 12:11:03.297386 FROM spouse_candidate R0, spouses_dbpedia R1
2016-05-21 12:11:03.297412         WHERE ((lower(R1.person1_name) = lower(R0.p_name) AND lower(R1.person2_name) = lower(R0.t_name)) OR (lower(R1.person2_name) = lower(R0.p_name) AND lower(R1.person1_name) = lower(R0.t_name)))
2016-05-21 12:11:03.297436 UNION ALL
2016-05-21 12:11:03.297458 SELECT R0.p1_id AS "spouse_label__0.R0.p1_id", R0.p2_id AS "spouse_label__0.R0.p2_id", R0.label AS "spouse_label__0.R0.label", R0.rule_id AS "spouse_label__0.R0.rule_id"
2016-05-21 12:11:03.297481 FROM spouse_label__0 R0
2016-05-21 12:11:03.297504         '
2016-05-21 12:11:03.377592 ERROR:  column r1.person1_name does not exist
2016-05-21 12:11:03.377656 LINE 7:         WHERE ((lower(R1.person1_name) = lower(R0.p_name) AN...
2016-05-21 12:11:03.377682                               ^
