2016-05-20 21:22:53.105988 ‘run/LATEST.COMPILE/212253.042011000’ -> ‘20160520/212253.042011000’
2016-05-20 21:22:53.106358 ‘run/RUNNING.COMPILE’ -> ‘20160520/212253.042011000’
2016-05-20 21:22:53.106393 Parsing DeepDive application (/Users/emerson/Documents/Github/deepdive/examples/Coach_NBA) to generate:
2016-05-20 21:22:53.106419  run/compiled/schema.json
2016-05-20 21:22:53.106441   from app.ddlog
2016-05-20 21:22:54.120845  run/compiled/deepdive.conf
2016-05-20 21:22:54.121085   from app.ddlog
2016-05-20 21:22:55.236883   from deepdive.conf
2016-05-20 21:22:55.245548  run/compiled/deepdive.conf.json
2016-05-20 21:22:55.639090 Performing sanity checks on run/compiled/deepdive.conf.json:
2016-05-20 21:22:55.703631  checking if input_extractors_well_defined
2016-05-20 21:22:55.703698  checking if input_schema_wellformed
2016-05-20 21:22:55.704010 Normalizing and adding built-in processes to the data flow to compile:
2016-05-20 21:22:55.704471  run/compiled/config-0.00-init_objects.json
2016-05-20 21:22:55.724807  run/compiled/config-0.01-parse_calibration.json
2016-05-20 21:22:55.750783  run/compiled/config-0.01-parse_schema.json
2016-05-20 21:22:55.785149  run/compiled/config-0.51-add_init_app.json
2016-05-20 21:22:55.807272  run/compiled/config-0.52-input_loader.json
2016-05-20 21:22:55.836843  run/compiled/config-1.00-qualified_names.json
2016-05-20 21:22:55.872600  run/compiled/config-1.01-parse_inference_rules.json
2016-05-20 21:22:55.918128  run/compiled/config-2.01-grounding.json
2016-05-20 21:22:56.016325  run/compiled/config-2.02-learning_inference.json
2016-05-20 21:22:56.055591  run/compiled/config-2.03-calibration_plots.json
2016-05-20 21:22:56.091410  run/compiled/config-9.98-ensure_init_app.json
2016-05-20 21:22:56.127149  run/compiled/config-9.99-dependencies.json
2016-05-20 21:22:56.171544  run/compiled/config.json
2016-05-20 21:22:56.176375 Validating run/compiled/config.json:
2016-05-20 21:22:56.311788  checking if compiled_base_relations_have_input_data
2016-05-20 21:22:56.311842  [WARNING] input/init.sh should load all base relations: articles spouses_dbpedia 
2016-05-20 21:22:56.311862  checking if compiled_dependencies_correct
2016-05-20 21:22:56.311884  checking if compiled_input_output_well_defined
2016-05-20 21:22:56.311903  checking if compiled_output_uniquely_defined
2016-05-20 21:22:56.312230 Compiling executable code into:
2016-05-20 21:22:56.312596  run/compiled/code-Makefile.json
2016-05-20 21:22:56.356646  run/compiled/code-cmd_extractor.json
2016-05-20 21:22:56.392966  run/compiled/code-dataflow_dot.json
2016-05-20 21:22:56.434297  run/compiled/code-sql_extractor.json
2016-05-20 21:22:56.469969  run/compiled/code-tsv_extractor.json
2016-05-20 21:22:56.506535 Generating files:
2016-05-20 21:22:56.554425  run/Makefile
2016-05-20 21:22:56.574793  run/process/init/app/run.sh
2016-05-20 21:22:56.599040  run/process/init/relation/articles/run.sh
2016-05-20 21:22:56.623199  run/process/init/relation/spouses_dbpedia/run.sh
2016-05-20 21:22:56.646653  run/process/ext_has_spouse/run.sh
2016-05-20 21:22:56.672362  run/process/ext_num_people/run.sh
2016-05-20 21:22:56.695739  run/process/ext_spouse_candidate/run.sh
2016-05-20 21:22:56.719380  run/process/ext_spouse_label/run.sh
2016-05-20 21:22:56.755074  run/process/ext_spouse_label_resolved/run.sh
2016-05-20 21:22:56.779130  run/process/grounding/variable_id_partition/run.sh
2016-05-20 21:22:56.805559  run/process/grounding/variable/has_spouse/assign_id/run.sh
2016-05-20 21:22:56.831612  run/process/grounding/variable_holdout/run.sh
2016-05-20 21:22:56.856208  run/process/grounding/variable/has_spouse/dump/run.sh
2016-05-20 21:22:56.877370  run/process/grounding/factor/inf1_imply_has_spouse_has_spouse/materialize/run.sh
2016-05-20 21:22:56.905917  run/process/grounding/factor/inf_imply_has_spouse_has_spouse/materialize/run.sh
2016-05-20 21:22:56.934573  run/process/grounding/factor/inf_istrue_has_spouse/materialize/run.sh
2016-05-20 21:22:56.954349  run/process/grounding/weight_id_partition/run.sh
2016-05-20 21:22:56.984357  run/process/grounding/global_weight_table/run.sh
2016-05-20 21:22:57.005535  run/process/grounding/factor/inf1_imply_has_spouse_has_spouse/assign_weight_id/run.sh
2016-05-20 21:22:57.031589  run/process/grounding/factor/inf_imply_has_spouse_has_spouse/assign_weight_id/run.sh
2016-05-20 21:22:57.058465  run/process/grounding/factor/inf_istrue_has_spouse/assign_weight_id/run.sh
2016-05-20 21:22:57.083445  run/process/grounding/factor/inf1_imply_has_spouse_has_spouse/dump/run.sh
2016-05-20 21:22:57.109886  run/process/grounding/factor/inf_imply_has_spouse_has_spouse/dump/run.sh
2016-05-20 21:22:57.133612  run/process/grounding/factor/inf_istrue_has_spouse/dump/run.sh
2016-05-20 21:22:57.161187  run/process/grounding/factor/inf1_imply_has_spouse_has_spouse/dump_weights/run.sh
2016-05-20 21:22:57.185255  run/process/grounding/factor/inf_imply_has_spouse_has_spouse/dump_weights/run.sh
2016-05-20 21:22:57.212567  run/process/grounding/factor/inf_istrue_has_spouse/dump_weights/run.sh
2016-05-20 21:22:57.235957  run/process/grounding/combine_factorgraph/run.sh
2016-05-20 21:22:57.264768  run/process/model/learning/run.sh
2016-05-20 21:22:57.290518  run/process/model/inference/run.sh
2016-05-20 21:22:57.323961  run/process/model/load_weights/run.sh
2016-05-20 21:22:57.346890  run/process/model/load_probabilities/run.sh
2016-05-20 21:22:57.373826  run/process/model/calibration/run.sh
2016-05-20 21:22:57.398292  run/dataflow.dot
2016-05-20 21:22:57.416508  run/process/ext_person_mention_by_map_person_mention/run.sh
2016-05-20 21:22:57.446777  run/process/ext_sentences_by_nlp_markup/run.sh
2016-05-20 21:22:57.474857  run/process/ext_spouse_feature_by_extract_spouse_features/run.sh
2016-05-20 21:22:57.501495  run/process/ext_spouse_label__0_by_supervise/run.sh
2016-05-20 21:22:57.525561  run/process/ext_team_mention_by_map_team_mention/run.sh
2016-05-20 21:22:57.744519 Warning: Could not load "/Users/emerson/local/lib/bundled/graphviz/prefix/bin/../lib/graphviz/libgvplugin_pango.6.dylib" - file not found
2016-05-20 21:22:57.815244  run/dataflow.svg
2016-05-20 21:22:57.817129   (file:///Users/emerson/Documents/Github/deepdive/examples/Coach_NBA/run/dataflow.svg)
2016-05-20 21:22:57.823221 mv: cannot move ‘run/compiled’ to ‘run/compiled~’: Directory not empty
