2016-05-22 17:26:39.971091 # on eduroam-169-233-210-202.ucsc.edu: deepdive do spouse_candidate
2016-05-22 17:26:39.971398 # run/20160522/172637.884849000/plan.sh
2016-05-22 17:26:39.971420 # execution plan for data/spouse_candidate
2016-05-22 17:26:39.971439 
2016-05-22 17:26:39.971459 : ## process/init/app ##########################################################
2016-05-22 17:26:39.971479 : # Done: 2016-05-22T17:21:25-0700 (5m 13s ago)
2016-05-22 17:26:39.971498 : process/init/app/run.sh
2016-05-22 17:26:39.971535 : mark_done process/init/app
2016-05-22 17:26:39.971569 : ##############################################################################
2016-05-22 17:26:39.971594 
2016-05-22 17:26:39.971616 : ## process/init/relation/articles ############################################
2016-05-22 17:26:39.971638 : # Done: 2016-05-22T17:23:58-0700 (2m 40s ago)
2016-05-22 17:26:39.971659 : process/init/relation/articles/run.sh
2016-05-22 17:26:39.971679 : mark_done process/init/relation/articles
2016-05-22 17:26:39.971701 : ##############################################################################
2016-05-22 17:26:39.971720 
2016-05-22 17:26:39.971742 : ## data/articles #############################################################
2016-05-22 17:26:39.971763 : # Done: 2016-05-22T17:23:58-0700 (2m 40s ago)
2016-05-22 17:26:39.971785 : # no-op
2016-05-22 17:26:39.971807 : mark_done data/articles
2016-05-22 17:26:39.971829 : ##############################################################################
2016-05-22 17:26:39.971852 
2016-05-22 17:26:39.971873 : ## process/ext_sentences_by_nlp_markup #######################################
2016-05-22 17:26:39.971909 : # Done: 2016-05-22T17:25:59-0700 (39s ago)
2016-05-22 17:26:39.971933 : process/ext_sentences_by_nlp_markup/run.sh
2016-05-22 17:26:39.971954 : mark_done process/ext_sentences_by_nlp_markup
2016-05-22 17:26:39.971974 : ##############################################################################
2016-05-22 17:26:39.971995 
2016-05-22 17:26:39.972017 : ## data/sentences ############################################################
2016-05-22 17:26:39.972051 : # Done: 2016-05-22T17:26:00-0700 (38s ago)
2016-05-22 17:26:39.972075 : # no-op
2016-05-22 17:26:39.972098 : mark_done data/sentences
2016-05-22 17:26:39.972121 : ##############################################################################
2016-05-22 17:26:39.972143 
2016-05-22 17:26:39.972165 : ## process/ext_person_mention_by_map_person_mention ##########################
2016-05-22 17:26:39.972188 : # Done: 2016-05-22T17:26:11-0700 (27s ago)
2016-05-22 17:26:39.972210 : process/ext_person_mention_by_map_person_mention/run.sh
2016-05-22 17:26:39.972231 : mark_done process/ext_person_mention_by_map_person_mention
2016-05-22 17:26:39.972254 : ##############################################################################
2016-05-22 17:26:39.972275 
2016-05-22 17:26:39.972296 : ## data/person_mention #######################################################
2016-05-22 17:26:39.972317 : # Done: 2016-05-22T17:26:11-0700 (27s ago)
2016-05-22 17:26:39.972339 : # no-op
2016-05-22 17:26:39.972361 : mark_done data/person_mention
2016-05-22 17:26:39.972384 : ##############################################################################
2016-05-22 17:26:39.972405 
2016-05-22 17:26:39.972427 ## process/ext_num_people ####################################################
2016-05-22 17:26:39.972450 : # Done: 2016-05-22T17:07:07-0700 (19m 31s ago)
2016-05-22 17:26:39.972472 # Done: 2016-05-22T17:07:07-0700 (19m 30s ago)
2016-05-22 17:26:39.972495 process/ext_num_people/run.sh
2016-05-22 17:26:39.972516 ++ dirname process/ext_num_people/run.sh
2016-05-22 17:26:39.972562 + cd process/ext_num_people
2016-05-22 17:26:39.972592 + export DEEPDIVE_CURRENT_PROCESS_NAME=process/ext_num_people
2016-05-22 17:26:39.972616 + DEEPDIVE_CURRENT_PROCESS_NAME=process/ext_num_people
2016-05-22 17:26:39.972640 + deepdive create view num_people as 'SELECT R0.doc_id AS column_0, R0.sentence_index AS column_1, COUNT(R0.mention_id) AS column_2
2016-05-22 17:26:39.972665 FROM person_mention R0
2016-05-22 17:26:39.972687         
2016-05-22 17:26:39.972723         GROUP BY R0.doc_id, R0.sentence_index'
2016-05-22 17:26:40.140502 CREATE VIEW
2016-05-22 17:26:40.141778 mark_done process/ext_num_people
2016-05-22 17:26:40.157458 ##############################################################################
2016-05-22 17:26:40.157516 
2016-05-22 17:26:40.157544 ## data/num_people ###########################################################
2016-05-22 17:26:40.157563 : # Done: 2016-05-22T17:07:07-0700 (19m 31s ago)
2016-05-22 17:26:40.157580 # Done: 2016-05-22T17:07:07-0700 (19m 30s ago)
2016-05-22 17:26:40.157597 # no-op
2016-05-22 17:26:40.157644 mark_done data/num_people
2016-05-22 17:26:40.173670 ##############################################################################
2016-05-22 17:26:40.173739 
2016-05-22 17:26:40.173760 : ## process/ext_team_mention_by_map_team_mention ##############################
2016-05-22 17:26:40.173780 : # Done: 2016-05-22T17:26:26-0700 (12s ago)
2016-05-22 17:26:40.173801 : process/ext_team_mention_by_map_team_mention/run.sh
2016-05-22 17:26:40.173820 : mark_done process/ext_team_mention_by_map_team_mention
2016-05-22 17:26:40.173850 : ##############################################################################
2016-05-22 17:26:40.173889 
2016-05-22 17:26:40.173912 : ## data/team_mention #########################################################
2016-05-22 17:26:40.173933 : # Done: 2016-05-22T17:26:26-0700 (12s ago)
2016-05-22 17:26:40.173954 : # no-op
2016-05-22 17:26:40.173973 : mark_done data/team_mention
2016-05-22 17:26:40.173990 : ##############################################################################
2016-05-22 17:26:40.174008 
2016-05-22 17:26:40.174026 ## process/ext_spouse_candidate ##############################################
2016-05-22 17:26:40.174044 # Done: 2016-05-22T17:07:07-0700 (19m 31s ago)
2016-05-22 17:26:40.174062 process/ext_spouse_candidate/run.sh
2016-05-22 17:26:40.184984 ++ dirname process/ext_spouse_candidate/run.sh
2016-05-22 17:26:40.188099 + cd process/ext_spouse_candidate
2016-05-22 17:26:40.188196 + export DEEPDIVE_CURRENT_PROCESS_NAME=process/ext_spouse_candidate
2016-05-22 17:26:40.188240 + DEEPDIVE_CURRENT_PROCESS_NAME=process/ext_spouse_candidate
2016-05-22 17:26:40.188265 + deepdive create table spouse_candidate
2016-05-22 17:26:40.317222 NOTICE:  table "spouse_candidate" does not exist, skipping
2016-05-22 17:26:40.324262 CREATE TABLE
2016-05-22 17:26:40.325239 + deepdive sql 'INSERT INTO spouse_candidate SELECT R1.mention_id AS "person_mention.R1.mention_id", R1.mention_text AS "person_mention.R1.mention_text", R2.team_id AS "team_mention.R2.team_id", R2.team_text AS "team_mention.R2.team_text"
2016-05-22 17:26:40.325313 FROM num_people R0, person_mention R1, team_mention R2
2016-05-22 17:26:40.325338         WHERE R1.doc_id = R0.column_0  AND R1.sentence_index = R0.column_1  AND R2.doc_id = R0.column_0  AND R2.sentence_index = R0.column_1  AND R0.column_2 < 3'
2016-05-22 17:26:40.411667 INSERT 0 103
2016-05-22 17:26:40.412991 mark_done process/ext_spouse_candidate
2016-05-22 17:26:40.429365 ##############################################################################
2016-05-22 17:26:40.429436 
2016-05-22 17:26:40.429465 ## data/spouse_candidate #####################################################
2016-05-22 17:26:40.429488 # Done: 2016-05-22T17:07:07-0700 (19m 31s ago)
2016-05-22 17:26:40.429508 # no-op
2016-05-22 17:26:40.429528 mark_done data/spouse_candidate
2016-05-22 17:26:40.444866 ##############################################################################
2016-05-22 17:26:40.444921 
