2016-05-22 16:45:39.595475 # on eduroam-169-233-210-202.ucsc.edu: deepdive do has_spouse
2016-05-22 16:45:39.595843 # run/20160522/164537.851833000/plan.sh
2016-05-22 16:45:39.595876 # execution plan for data/has_spouse
2016-05-22 16:45:39.595899 
2016-05-22 16:45:39.595920 : ## process/init/app ##########################################################
2016-05-22 16:45:39.595940 : # Done: 2016-05-22T11:25:05-0700 (5h 20m 33s ago)
2016-05-22 16:45:39.595960 : process/init/app/run.sh
2016-05-22 16:45:39.595981 : mark_done process/init/app
2016-05-22 16:45:39.596002 : ##############################################################################
2016-05-22 16:45:39.596022 
2016-05-22 16:45:39.596043 : ## process/init/relation/articles ############################################
2016-05-22 16:45:39.596062 : # Done: 2016-05-22T11:55:52-0700 (4h 49m 46s ago)
2016-05-22 16:45:39.596081 : process/init/relation/articles/run.sh
2016-05-22 16:45:39.596102 : mark_done process/init/relation/articles
2016-05-22 16:45:39.596124 : ##############################################################################
2016-05-22 16:45:39.596144 
2016-05-22 16:45:39.596163 : ## data/articles #############################################################
2016-05-22 16:45:39.596183 : # Done: 2016-05-22T11:55:52-0700 (4h 49m 46s ago)
2016-05-22 16:45:39.596205 : # no-op
2016-05-22 16:45:39.596226 : mark_done data/articles
2016-05-22 16:45:39.596248 : ##############################################################################
2016-05-22 16:45:39.596269 
2016-05-22 16:45:39.596290 : ## process/ext_sentences_by_nlp_markup #######################################
2016-05-22 16:45:39.596310 : # Done: 2016-05-22T11:57:59-0700 (4h 47m 39s ago)
2016-05-22 16:45:39.596331 : process/ext_sentences_by_nlp_markup/run.sh
2016-05-22 16:45:39.596352 : mark_done process/ext_sentences_by_nlp_markup
2016-05-22 16:45:39.596371 : ##############################################################################
2016-05-22 16:45:39.596392 
2016-05-22 16:45:39.596413 : ## data/sentences ############################################################
2016-05-22 16:45:39.596434 : # Done: 2016-05-22T11:57:59-0700 (4h 47m 39s ago)
2016-05-22 16:45:39.596456 : # no-op
2016-05-22 16:45:39.596477 : mark_done data/sentences
2016-05-22 16:45:39.596499 : ##############################################################################
2016-05-22 16:45:39.596519 
2016-05-22 16:45:39.596541 : ## process/ext_person_mention_by_map_person_mention ##########################
2016-05-22 16:45:39.596562 : # Done: 2016-05-22T12:13:47-0700 (4h 31m 51s ago)
2016-05-22 16:45:39.596582 : process/ext_person_mention_by_map_person_mention/run.sh
2016-05-22 16:45:39.596602 : mark_done process/ext_person_mention_by_map_person_mention
2016-05-22 16:45:39.596622 : ##############################################################################
2016-05-22 16:45:39.596643 
2016-05-22 16:45:39.596663 : ## data/person_mention #######################################################
2016-05-22 16:45:39.596683 : # Done: 2016-05-22T12:13:47-0700 (4h 31m 51s ago)
2016-05-22 16:45:39.596703 : # no-op
2016-05-22 16:45:39.596722 : mark_done data/person_mention
2016-05-22 16:45:39.596742 : ##############################################################################
2016-05-22 16:45:39.596761 
2016-05-22 16:45:39.596782 : ## process/ext_num_people ####################################################
2016-05-22 16:45:39.596801 : # Done: 2016-05-22T12:14:33-0700 (4h 31m 5s ago)
2016-05-22 16:45:39.596822 : process/ext_num_people/run.sh
2016-05-22 16:45:39.596842 : mark_done process/ext_num_people
2016-05-22 16:45:39.596864 : ##############################################################################
2016-05-22 16:45:39.596885 
2016-05-22 16:45:39.596904 : ## data/num_people ###########################################################
2016-05-22 16:45:39.596926 : # Done: 2016-05-22T12:14:33-0700 (4h 31m 5s ago)
2016-05-22 16:45:39.596963 : # no-op
2016-05-22 16:45:39.597007 : mark_done data/num_people
2016-05-22 16:45:39.597035 : ##############################################################################
2016-05-22 16:45:39.597059 
2016-05-22 16:45:39.597082 : ## process/ext_team_mention_by_map_team_mention ##############################
2016-05-22 16:45:39.597106 : # Done: 2016-05-22T12:14:14-0700 (4h 31m 24s ago)
2016-05-22 16:45:39.597130 : process/ext_team_mention_by_map_team_mention/run.sh
2016-05-22 16:45:39.597153 : mark_done process/ext_team_mention_by_map_team_mention
2016-05-22 16:45:39.597176 : ##############################################################################
2016-05-22 16:45:39.597200 
2016-05-22 16:45:39.597223 : ## data/team_mention #########################################################
2016-05-22 16:45:39.597284 : # Done: 2016-05-22T12:14:14-0700 (4h 31m 24s ago)
2016-05-22 16:45:39.597313 : # no-op
2016-05-22 16:45:39.597334 : mark_done data/team_mention
2016-05-22 16:45:39.597354 : ##############################################################################
2016-05-22 16:45:39.597376 
2016-05-22 16:45:39.597395 : ## process/ext_spouse_candidate ##############################################
2016-05-22 16:45:39.597415 : # Done: 2016-05-22T12:14:34-0700 (4h 31m 4s ago)
2016-05-22 16:45:39.597452 : process/ext_spouse_candidate/run.sh
2016-05-22 16:45:39.597478 : mark_done process/ext_spouse_candidate
2016-05-22 16:45:39.597498 : ##############################################################################
2016-05-22 16:45:39.597517 
2016-05-22 16:45:39.597535 : ## data/spouse_candidate #####################################################
2016-05-22 16:45:39.597552 : # Done: 2016-05-22T12:14:34-0700 (4h 31m 4s ago)
2016-05-22 16:45:39.597570 : # no-op
2016-05-22 16:45:39.597586 : mark_done data/spouse_candidate
2016-05-22 16:45:39.597604 : ##############################################################################
2016-05-22 16:45:39.597622 
2016-05-22 16:45:39.597640 : ## process/ext_spouse_label__0_by_supervise ##################################
2016-05-22 16:45:39.597657 : # Done: 2016-05-22T12:28:31-0700 (4h 17m 7s ago)
2016-05-22 16:45:39.597674 : process/ext_spouse_label__0_by_supervise/run.sh
2016-05-22 16:45:39.597690 : mark_done process/ext_spouse_label__0_by_supervise
2016-05-22 16:45:39.597708 : ##############################################################################
2016-05-22 16:45:39.597726 
2016-05-22 16:45:39.597744 : ## data/spouse_label__0 ######################################################
2016-05-22 16:45:39.597762 : # Done: 2016-05-22T12:28:31-0700 (4h 17m 7s ago)
2016-05-22 16:45:39.597779 : # no-op
2016-05-22 16:45:39.597798 : mark_done data/spouse_label__0
2016-05-22 16:45:39.597818 : ##############################################################################
2016-05-22 16:45:39.597839 
2016-05-22 16:45:39.597858 : ## process/init/relation/spouses_dbpedia #####################################
2016-05-22 16:45:39.597877 : # Done: 2016-05-22T15:50:19-0700 (55m 19s ago)
2016-05-22 16:45:39.597897 : process/init/relation/spouses_dbpedia/run.sh
2016-05-22 16:45:39.597917 : mark_done process/init/relation/spouses_dbpedia
2016-05-22 16:45:39.597938 : ##############################################################################
2016-05-22 16:45:39.597959 
2016-05-22 16:45:39.597979 : ## data/spouses_dbpedia ######################################################
2016-05-22 16:45:39.598003 : # Done: 2016-05-22T15:50:19-0700 (55m 19s ago)
2016-05-22 16:45:39.598025 : # no-op
2016-05-22 16:45:39.598045 : mark_done data/spouses_dbpedia
2016-05-22 16:45:39.598066 : ##############################################################################
2016-05-22 16:45:39.598088 
2016-05-22 16:45:39.598108 : ## process/ext_spouse_label ##################################################
2016-05-22 16:45:39.598130 : # Done: 2016-05-22T15:50:41-0700 (54m 57s ago)
2016-05-22 16:45:39.598152 : process/ext_spouse_label/run.sh
2016-05-22 16:45:39.598174 : mark_done process/ext_spouse_label
2016-05-22 16:45:39.598196 : ##############################################################################
2016-05-22 16:45:39.598215 
2016-05-22 16:45:39.598236 : ## data/spouse_label #########################################################
2016-05-22 16:45:39.598257 : # Done: 2016-05-22T15:50:41-0700 (54m 57s ago)
2016-05-22 16:45:39.598278 : # no-op
2016-05-22 16:45:39.598301 : mark_done data/spouse_label
2016-05-22 16:45:39.598323 : ##############################################################################
2016-05-22 16:45:39.598346 
2016-05-22 16:45:39.598369 : ## process/ext_spouse_label_resolved #########################################
2016-05-22 16:45:39.598391 : # Done: 2016-05-22T15:50:41-0700 (54m 57s ago)
2016-05-22 16:45:39.598413 : process/ext_spouse_label_resolved/run.sh
2016-05-22 16:45:39.598435 : mark_done process/ext_spouse_label_resolved
2016-05-22 16:45:39.598455 : ##############################################################################
2016-05-22 16:45:39.598476 
2016-05-22 16:45:39.598498 : ## data/spouse_label_resolved ################################################
2016-05-22 16:45:39.598518 : # Done: 2016-05-22T15:50:41-0700 (54m 57s ago)
2016-05-22 16:45:39.598539 : # no-op
2016-05-22 16:45:39.598559 : mark_done data/spouse_label_resolved
2016-05-22 16:45:39.598583 : ##############################################################################
2016-05-22 16:45:39.598602 
2016-05-22 16:45:39.598624 ## process/ext_has_spouse ####################################################
2016-05-22 16:45:39.598646 : # Done: 2016-05-22T16:42:38-0700 (3m ago)
2016-05-22 16:45:39.598667 # Done: 2016-05-22T16:42:38-0700 (2m 59s ago)
2016-05-22 16:45:39.598704 process/ext_has_spouse/run.sh
2016-05-22 16:45:39.598729 ++ dirname process/ext_has_spouse/run.sh
2016-05-22 16:45:39.598748 + cd process/ext_has_spouse
2016-05-22 16:45:39.598767 + export DEEPDIVE_CURRENT_PROCESS_NAME=process/ext_has_spouse
2016-05-22 16:45:39.598787 + DEEPDIVE_CURRENT_PROCESS_NAME=process/ext_has_spouse
2016-05-22 16:45:39.598808 + deepdive create table has_spouse
2016-05-22 16:45:39.704954 CREATE TABLE
2016-05-22 16:45:39.705809 + deepdive sql 'INSERT INTO has_spouse SELECT DISTINCT R0.column_0, R0.column_1, 0 AS id, 
2016-05-22 16:45:39.705990 CASE WHEN R0.column_2 > 0 THEN true
2016-05-22 16:45:39.706024      WHEN R0.column_2 < 0 THEN false
2016-05-22 16:45:39.706047      ELSE NULL
2016-05-22 16:45:39.706069 END AS label
2016-05-22 16:45:39.706088           FROM spouse_label_resolved R0
2016-05-22 16:45:39.706116         
2016-05-22 16:45:39.706138           '
2016-05-22 16:45:39.787353 INSERT 0 103
2016-05-22 16:45:39.788694 mark_done process/ext_has_spouse
2016-05-22 16:45:39.804088 ##############################################################################
2016-05-22 16:45:39.804146 
2016-05-22 16:45:39.804164 ## data/has_spouse ###########################################################
2016-05-22 16:45:39.804186 : # Done: 2016-05-22T16:42:38-0700 (3m ago)
2016-05-22 16:45:39.804206 # Done: 2016-05-22T16:42:38-0700 (2m 59s ago)
2016-05-22 16:45:39.804227 # no-op
2016-05-22 16:45:39.804245 mark_done data/has_spouse
2016-05-22 16:45:39.819326 ##############################################################################
2016-05-22 16:45:39.819379 
