2016-05-30 23:29:09.682430 # on dhcp-169-233-170-85.cruznet.ucsc.edu: deepdive do data/model/weights
2016-05-30 23:29:09.682768 # run/20160530/232907.257190000/plan.sh
2016-05-30 23:29:09.682792 # execution plan for data/model/weights
2016-05-30 23:29:09.682805 
2016-05-30 23:29:09.682816 : ## process/init/app ##########################################################
2016-05-30 23:29:09.682827 : # Done: 2016-05-22T17:21:25-0700 (8d 6h 7m 42s ago)
2016-05-30 23:29:09.682837 : process/init/app/run.sh
2016-05-30 23:29:09.682847 : mark_done process/init/app
2016-05-30 23:29:09.682865 : ##############################################################################
2016-05-30 23:29:09.682897 
2016-05-30 23:29:09.682919 : ## process/init/relation/articles ############################################
2016-05-30 23:29:09.682941 : # Done: 2016-05-23T12:16:43-0700 (7d 11h 12m 24s ago)
2016-05-30 23:29:09.682960 : process/init/relation/articles/run.sh
2016-05-30 23:29:09.682979 : mark_done process/init/relation/articles
2016-05-30 23:29:09.683000 : ##############################################################################
2016-05-30 23:29:09.683021 
2016-05-30 23:29:09.683042 : ## data/articles #############################################################
2016-05-30 23:29:09.683062 : # Done: 2016-05-23T12:16:43-0700 (7d 11h 12m 24s ago)
2016-05-30 23:29:09.683083 : # no-op
2016-05-30 23:29:09.683104 : mark_done data/articles
2016-05-30 23:29:09.683124 : ##############################################################################
2016-05-30 23:29:09.683143 
2016-05-30 23:29:09.683162 : ## process/ext_sentences_by_nlp_markup #######################################
2016-05-30 23:29:09.683182 : # Done: 2016-05-23T15:05:01-0700 (7d 8h 24m 6s ago)
2016-05-30 23:29:09.683201 : process/ext_sentences_by_nlp_markup/run.sh
2016-05-30 23:29:09.683222 : mark_done process/ext_sentences_by_nlp_markup
2016-05-30 23:29:09.683242 : ##############################################################################
2016-05-30 23:29:09.683262 
2016-05-30 23:29:09.683283 : ## data/sentences ############################################################
2016-05-30 23:29:09.683305 : # Done: 2016-05-23T15:05:01-0700 (7d 8h 24m 6s ago)
2016-05-30 23:29:09.683324 : # no-op
2016-05-30 23:29:09.683343 : mark_done data/sentences
2016-05-30 23:29:09.683361 : ##############################################################################
2016-05-30 23:29:09.683382 
2016-05-30 23:29:09.683403 : ## process/ext_person_mention_by_map_person_mention ##########################
2016-05-30 23:29:09.683424 : # Done: 2016-05-23T15:05:52-0700 (7d 8h 23m 15s ago)
2016-05-30 23:29:09.683444 : process/ext_person_mention_by_map_person_mention/run.sh
2016-05-30 23:29:09.683464 : mark_done process/ext_person_mention_by_map_person_mention
2016-05-30 23:29:09.683482 : ##############################################################################
2016-05-30 23:29:09.683503 
2016-05-30 23:29:09.683524 : ## data/person_mention #######################################################
2016-05-30 23:29:09.683545 : # Done: 2016-05-23T15:05:52-0700 (7d 8h 23m 15s ago)
2016-05-30 23:29:09.683566 : # no-op
2016-05-30 23:29:09.683589 : mark_done data/person_mention
2016-05-30 23:29:09.683611 : ##############################################################################
2016-05-30 23:29:09.683631 
2016-05-30 23:29:09.683651 : ## process/init/relation/spouses_dbpedia #####################################
2016-05-30 23:29:09.683670 : # Done: 2016-05-23T15:08:28-0700 (7d 8h 20m 39s ago)
2016-05-30 23:29:09.683689 : process/init/relation/spouses_dbpedia/run.sh
2016-05-30 23:29:09.683710 : mark_done process/init/relation/spouses_dbpedia
2016-05-30 23:29:09.683732 : ##############################################################################
2016-05-30 23:29:09.683752 
2016-05-30 23:29:09.683774 : ## data/spouses_dbpedia ######################################################
2016-05-30 23:29:09.683795 : # Done: 2016-05-23T15:08:28-0700 (7d 8h 20m 39s ago)
2016-05-30 23:29:09.683818 : # no-op
2016-05-30 23:29:09.683841 : mark_done data/spouses_dbpedia
2016-05-30 23:29:09.683863 : ##############################################################################
2016-05-30 23:29:09.683884 
2016-05-30 23:29:09.683906 : ## process/ext_team_mention_by_map_team_mention ##############################
2016-05-30 23:29:09.683928 : # Done: 2016-05-23T15:06:19-0700 (7d 8h 22m 48s ago)
2016-05-30 23:29:09.683950 : process/ext_team_mention_by_map_team_mention/run.sh
2016-05-30 23:29:09.683973 : mark_done process/ext_team_mention_by_map_team_mention
2016-05-30 23:29:09.683994 : ##############################################################################
2016-05-30 23:29:09.684016 
2016-05-30 23:29:09.684038 : ## data/team_mention #########################################################
2016-05-30 23:29:09.684059 : # Done: 2016-05-23T15:06:19-0700 (7d 8h 22m 48s ago)
2016-05-30 23:29:09.684082 : # no-op
2016-05-30 23:29:09.684103 : mark_done data/team_mention
2016-05-30 23:29:09.684123 : ##############################################################################
2016-05-30 23:29:09.684163 
2016-05-30 23:29:09.684188 : ## process/ext_num_people ####################################################
2016-05-30 23:29:09.684209 : # Done: 2016-05-23T15:06:46-0700 (7d 8h 22m 21s ago)
2016-05-30 23:29:09.684231 : process/ext_num_people/run.sh
2016-05-30 23:29:09.684252 : mark_done process/ext_num_people
2016-05-30 23:29:09.684300 : ##############################################################################
2016-05-30 23:29:09.684328 
2016-05-30 23:29:09.684350 : ## data/num_people ###########################################################
2016-05-30 23:29:09.684374 : # Done: 2016-05-23T15:06:46-0700 (7d 8h 22m 21s ago)
2016-05-30 23:29:09.684394 : # no-op
2016-05-30 23:29:09.684414 : mark_done data/num_people
2016-05-30 23:29:09.684466 : ##############################################################################
2016-05-30 23:29:09.684490 
2016-05-30 23:29:09.684513 : ## process/ext_spouse_candidate ##############################################
2016-05-30 23:29:09.684537 : # Done: 2016-05-23T15:07:38-0700 (7d 8h 21m 29s ago)
2016-05-30 23:29:09.684559 : process/ext_spouse_candidate/run.sh
2016-05-30 23:29:09.684580 : mark_done process/ext_spouse_candidate
2016-05-30 23:29:09.684603 : ##############################################################################
2016-05-30 23:29:09.684625 
2016-05-30 23:29:09.684649 : ## data/spouse_candidate #####################################################
2016-05-30 23:29:09.684671 : # Done: 2016-05-23T15:07:38-0700 (7d 8h 21m 29s ago)
2016-05-30 23:29:09.684692 : # no-op
2016-05-30 23:29:09.684715 : mark_done data/spouse_candidate
2016-05-30 23:29:09.684737 : ##############################################################################
2016-05-30 23:29:09.684760 
2016-05-30 23:29:09.684781 : ## process/ext_spouse_label__0_by_supervise ##################################
2016-05-30 23:29:09.684802 : # Done: 2016-05-23T15:08:48-0700 (7d 8h 20m 19s ago)
2016-05-30 23:29:09.684825 : process/ext_spouse_label__0_by_supervise/run.sh
2016-05-30 23:29:09.684847 : mark_done process/ext_spouse_label__0_by_supervise
2016-05-30 23:29:09.684870 : ##############################################################################
2016-05-30 23:29:09.684890 
2016-05-30 23:29:09.684912 : ## data/spouse_label__0 ######################################################
2016-05-30 23:29:09.684935 : # Done: 2016-05-23T15:08:48-0700 (7d 8h 20m 19s ago)
2016-05-30 23:29:09.684957 : # no-op
2016-05-30 23:29:09.684980 : mark_done data/spouse_label__0
2016-05-30 23:29:09.685002 : ##############################################################################
2016-05-30 23:29:09.685025 
2016-05-30 23:29:09.685047 : ## process/ext_spouse_label ##################################################
2016-05-30 23:29:09.685068 : # Done: 2016-05-23T15:08:50-0700 (7d 8h 20m 17s ago)
2016-05-30 23:29:09.685090 : process/ext_spouse_label/run.sh
2016-05-30 23:29:09.685114 : mark_done process/ext_spouse_label
2016-05-30 23:29:09.685137 : ##############################################################################
2016-05-30 23:29:09.685160 
2016-05-30 23:29:09.685181 : ## data/spouse_label #########################################################
2016-05-30 23:29:09.685203 : # Done: 2016-05-23T15:08:50-0700 (7d 8h 20m 17s ago)
2016-05-30 23:29:09.685226 : # no-op
2016-05-30 23:29:09.685249 : mark_done data/spouse_label
2016-05-30 23:29:09.685271 : ##############################################################################
2016-05-30 23:29:09.685313 
2016-05-30 23:29:09.685348 : ## process/ext_spouse_label_resolved #########################################
2016-05-30 23:29:09.685374 : # Done: 2016-05-23T15:08:50-0700 (7d 8h 20m 17s ago)
2016-05-30 23:29:09.685396 : process/ext_spouse_label_resolved/run.sh
2016-05-30 23:29:09.685417 : mark_done process/ext_spouse_label_resolved
2016-05-30 23:29:09.685439 : ##############################################################################
2016-05-30 23:29:09.685461 
2016-05-30 23:29:09.685483 : ## data/spouse_label_resolved ################################################
2016-05-30 23:29:09.685503 : # Done: 2016-05-23T15:08:50-0700 (7d 8h 20m 17s ago)
2016-05-30 23:29:09.685523 : # no-op
2016-05-30 23:29:09.685544 : mark_done data/spouse_label_resolved
2016-05-30 23:29:09.685563 : ##############################################################################
2016-05-30 23:29:09.685585 
2016-05-30 23:29:09.685605 : ## process/init/relation/spouses_dbpedia_negative ############################
2016-05-30 23:29:09.685627 : # Done: 2016-05-25T12:13:43-0700 (5d 11h 15m 24s ago)
2016-05-30 23:29:09.685669 : process/init/relation/spouses_dbpedia_negative/run.sh
2016-05-30 23:29:09.685700 : mark_done process/init/relation/spouses_dbpedia_negative
2016-05-30 23:29:09.685723 : ##############################################################################
2016-05-30 23:29:09.685745 
2016-05-30 23:29:09.685767 : ## data/spouses_dbpedia_negative #############################################
2016-05-30 23:29:09.685790 : # Done: 2016-05-25T12:13:43-0700 (5d 11h 15m 24s ago)
2016-05-30 23:29:09.685812 : # no-op
2016-05-30 23:29:09.685833 : mark_done data/spouses_dbpedia_negative
2016-05-30 23:29:09.685856 : ##############################################################################
2016-05-30 23:29:09.685879 
2016-05-30 23:29:09.685901 : ## process/ext_has_spouse ####################################################
2016-05-30 23:29:09.685923 : # Done: 2016-05-29T12:10:14-0700 (1d 11h 18m 53s ago)
2016-05-30 23:29:09.685945 : process/ext_has_spouse/run.sh
2016-05-30 23:29:09.685968 : mark_done process/ext_has_spouse
2016-05-30 23:29:09.685991 : ##############################################################################
2016-05-30 23:29:09.686012 
2016-05-30 23:29:09.686033 : ## data/has_spouse ###########################################################
2016-05-30 23:29:09.686056 : # Done: 2016-05-29T12:10:14-0700 (1d 11h 18m 53s ago)
2016-05-30 23:29:09.686077 : # no-op
2016-05-30 23:29:09.686099 : mark_done data/has_spouse
2016-05-30 23:29:09.686119 : ##############################################################################
2016-05-30 23:29:09.686140 
2016-05-30 23:29:09.686161 : ## process/grounding/variable_id_partition ###################################
2016-05-30 23:29:09.686182 : # Done: 2016-05-30T23:28:10-0700 (57s ago)
2016-05-30 23:29:09.686203 : process/grounding/variable_id_partition/run.sh
2016-05-30 23:29:09.686227 : mark_done process/grounding/variable_id_partition
2016-05-30 23:29:09.686248 : ##############################################################################
2016-05-30 23:29:09.686285 
2016-05-30 23:29:09.686311 : ## process/grounding/variable/has_spouse/assign_id ###########################
2016-05-30 23:29:09.686332 : # Done: 2016-05-30T23:28:10-0700 (57s ago)
2016-05-30 23:29:09.686353 : process/grounding/variable/has_spouse/assign_id/run.sh
2016-05-30 23:29:09.686375 : mark_done process/grounding/variable/has_spouse/assign_id
2016-05-30 23:29:09.686396 : ##############################################################################
2016-05-30 23:29:09.686416 
2016-05-30 23:29:09.686438 : ## process/grounding/factor/inf1_istrue_has_spouse/materialize ###############
2016-05-30 23:29:09.686464 : # Done: 2016-05-30T23:28:10-0700 (57s ago)
2016-05-30 23:29:09.686487 : process/grounding/factor/inf1_istrue_has_spouse/materialize/run.sh
2016-05-30 23:29:09.686510 : mark_done process/grounding/factor/inf1_istrue_has_spouse/materialize
2016-05-30 23:29:09.686537 : ##############################################################################
2016-05-30 23:29:09.686559 
2016-05-30 23:29:09.686582 : ## process/grounding/factor/inf_imply_has_spouse_has_spouse/materialize ######
2016-05-30 23:29:09.686605 : # Done: 2016-05-30T23:28:11-0700 (57s ago)
2016-05-30 23:29:09.686629 : process/grounding/factor/inf_imply_has_spouse_has_spouse/materialize/run.sh
2016-05-30 23:29:09.686650 : mark_done process/grounding/factor/inf_imply_has_spouse_has_spouse/materialize
2016-05-30 23:29:09.686673 : ##############################################################################
2016-05-30 23:29:09.686695 
2016-05-30 23:29:09.686718 : ## process/ext_spouse_feature_by_extract_spouse_features #####################
2016-05-30 23:29:09.686738 : # Done: 2016-05-23T15:08:09-0700 (7d 8h 20m 59s ago)
2016-05-30 23:29:09.686760 : process/ext_spouse_feature_by_extract_spouse_features/run.sh
2016-05-30 23:29:09.686783 : mark_done process/ext_spouse_feature_by_extract_spouse_features
2016-05-30 23:29:09.686806 : ##############################################################################
2016-05-30 23:29:09.686829 
2016-05-30 23:29:09.686849 : ## data/spouse_feature #######################################################
2016-05-30 23:29:09.686871 : # Done: 2016-05-23T15:08:09-0700 (7d 8h 20m 59s ago)
2016-05-30 23:29:09.686894 : # no-op
2016-05-30 23:29:09.686916 : mark_done data/spouse_feature
2016-05-30 23:29:09.686939 : ##############################################################################
2016-05-30 23:29:09.686959 
2016-05-30 23:29:09.686980 : ## process/grounding/factor/inf_istrue_has_spouse/materialize ################
2016-05-30 23:29:09.687004 : # Done: 2016-05-30T23:28:12-0700 (56s ago)
2016-05-30 23:29:09.687025 : process/grounding/factor/inf_istrue_has_spouse/materialize/run.sh
2016-05-30 23:29:09.687048 : mark_done process/grounding/factor/inf_istrue_has_spouse/materialize
2016-05-30 23:29:09.687069 : ##############################################################################
2016-05-30 23:29:09.687089 
2016-05-30 23:29:09.687110 : ## process/grounding/weight_id_partition #####################################
2016-05-30 23:29:09.687132 : # Done: 2016-05-30T23:28:12-0700 (56s ago)
2016-05-30 23:29:09.687154 : process/grounding/weight_id_partition/run.sh
2016-05-30 23:29:09.687174 : mark_done process/grounding/weight_id_partition
2016-05-30 23:29:09.687193 : ##############################################################################
2016-05-30 23:29:09.687253 
2016-05-30 23:29:09.687282 : ## process/grounding/factor/inf1_istrue_has_spouse/assign_weight_id ##########
2016-05-30 23:29:09.687305 : # Done: 2016-05-30T23:28:12-0700 (56s ago)
2016-05-30 23:29:09.687328 : process/grounding/factor/inf1_istrue_has_spouse/assign_weight_id/run.sh
2016-05-30 23:29:09.687349 : mark_done process/grounding/factor/inf1_istrue_has_spouse/assign_weight_id
2016-05-30 23:29:09.687369 : ##############################################################################
2016-05-30 23:29:09.687388 
2016-05-30 23:29:09.687410 : ## process/grounding/factor/inf1_istrue_has_spouse/dump ######################
2016-05-30 23:29:09.687432 : # Done: 2016-05-30T23:28:14-0700 (54s ago)
2016-05-30 23:29:09.687453 : process/grounding/factor/inf1_istrue_has_spouse/dump/run.sh
2016-05-30 23:29:09.687475 : mark_done process/grounding/factor/inf1_istrue_has_spouse/dump
2016-05-30 23:29:09.687493 : ##############################################################################
2016-05-30 23:29:09.687513 
2016-05-30 23:29:09.687534 : ## process/grounding/factor/inf1_istrue_has_spouse/dump_weights ##############
2016-05-30 23:29:09.687555 : # Done: 2016-05-30T23:28:14-0700 (54s ago)
2016-05-30 23:29:09.687575 : process/grounding/factor/inf1_istrue_has_spouse/dump_weights/run.sh
2016-05-30 23:29:09.687596 : mark_done process/grounding/factor/inf1_istrue_has_spouse/dump_weights
2016-05-30 23:29:09.687618 : ##############################################################################
2016-05-30 23:29:09.687640 
2016-05-30 23:29:09.687660 : ## process/grounding/factor/inf_imply_has_spouse_has_spouse/assign_weight_id #
2016-05-30 23:29:09.687682 : # Done: 2016-05-30T23:28:14-0700 (54s ago)
2016-05-30 23:29:09.687700 : process/grounding/factor/inf_imply_has_spouse_has_spouse/assign_weight_id/run.sh
2016-05-30 23:29:09.687722 : mark_done process/grounding/factor/inf_imply_has_spouse_has_spouse/assign_weight_id
2016-05-30 23:29:09.687743 : ##############################################################################
2016-05-30 23:29:09.687762 
2016-05-30 23:29:09.687785 : ## process/grounding/factor/inf_imply_has_spouse_has_spouse/dump #############
2016-05-30 23:29:09.687803 : # Done: 2016-05-30T23:28:15-0700 (53s ago)
2016-05-30 23:29:09.687824 : process/grounding/factor/inf_imply_has_spouse_has_spouse/dump/run.sh
2016-05-30 23:29:09.687846 : mark_done process/grounding/factor/inf_imply_has_spouse_has_spouse/dump
2016-05-30 23:29:09.687866 : ##############################################################################
2016-05-30 23:29:09.687895 
2016-05-30 23:29:09.687913 : ## process/grounding/factor/inf_imply_has_spouse_has_spouse/dump_weights #####
2016-05-30 23:29:09.687935 : # Done: 2016-05-30T23:28:15-0700 (53s ago)
2016-05-30 23:29:09.687956 : process/grounding/factor/inf_imply_has_spouse_has_spouse/dump_weights/run.sh
2016-05-30 23:29:09.687975 : mark_done process/grounding/factor/inf_imply_has_spouse_has_spouse/dump_weights
2016-05-30 23:29:09.687997 : ##############################################################################
2016-05-30 23:29:09.688016 
2016-05-30 23:29:09.688038 : ## process/grounding/factor/inf_istrue_has_spouse/assign_weight_id ###########
2016-05-30 23:29:09.688059 : # Done: 2016-05-30T23:28:15-0700 (53s ago)
2016-05-30 23:29:09.688078 : process/grounding/factor/inf_istrue_has_spouse/assign_weight_id/run.sh
2016-05-30 23:29:09.688099 : mark_done process/grounding/factor/inf_istrue_has_spouse/assign_weight_id
2016-05-30 23:29:09.688117 : ##############################################################################
2016-05-30 23:29:09.688138 
2016-05-30 23:29:09.688160 : ## process/grounding/factor/inf_istrue_has_spouse/dump #######################
2016-05-30 23:29:09.688181 : # Done: 2016-05-30T23:28:17-0700 (51s ago)
2016-05-30 23:29:09.688203 : process/grounding/factor/inf_istrue_has_spouse/dump/run.sh
2016-05-30 23:29:09.688221 : mark_done process/grounding/factor/inf_istrue_has_spouse/dump
2016-05-30 23:29:09.688242 : ##############################################################################
2016-05-30 23:29:09.688263 
2016-05-30 23:29:09.688284 : ## process/grounding/factor/inf_istrue_has_spouse/dump_weights ###############
2016-05-30 23:29:09.688304 : # Done: 2016-05-30T23:28:17-0700 (51s ago)
2016-05-30 23:29:09.688322 : process/grounding/factor/inf_istrue_has_spouse/dump_weights/run.sh
2016-05-30 23:29:09.688343 : mark_done process/grounding/factor/inf_istrue_has_spouse/dump_weights
2016-05-30 23:29:09.688364 : ##############################################################################
2016-05-30 23:29:09.688385 
2016-05-30 23:29:09.688406 : ## process/grounding/global_weight_table #####################################
2016-05-30 23:29:09.688426 : # Done: 2016-05-30T23:28:17-0700 (51s ago)
2016-05-30 23:29:09.688448 : process/grounding/global_weight_table/run.sh
2016-05-30 23:29:09.688469 : mark_done process/grounding/global_weight_table
2016-05-30 23:29:09.688489 : ##############################################################################
2016-05-30 23:29:09.688510 
2016-05-30 23:29:09.688529 : ## process/grounding/variable_holdout ########################################
2016-05-30 23:29:09.688551 : # Done: 2016-05-30T23:28:18-0700 (50s ago)
2016-05-30 23:29:09.688571 : process/grounding/variable_holdout/run.sh
2016-05-30 23:29:09.688591 : mark_done process/grounding/variable_holdout
2016-05-30 23:29:09.688611 : ##############################################################################
2016-05-30 23:29:09.688629 
2016-05-30 23:29:09.688651 : ## process/grounding/variable/has_spouse/dump ################################
2016-05-30 23:29:09.688672 : # Done: 2016-05-30T23:28:18-0700 (50s ago)
2016-05-30 23:29:09.688693 : process/grounding/variable/has_spouse/dump/run.sh
2016-05-30 23:29:09.688715 : mark_done process/grounding/variable/has_spouse/dump
2016-05-30 23:29:09.688733 : ##############################################################################
2016-05-30 23:29:09.688755 
2016-05-30 23:29:09.688776 : ## process/grounding/combine_factorgraph #####################################
2016-05-30 23:29:09.688805 : # Done: 2016-05-30T23:28:18-0700 (50s ago)
2016-05-30 23:29:09.688825 : process/grounding/combine_factorgraph/run.sh
2016-05-30 23:29:09.688846 : mark_done process/grounding/combine_factorgraph
2016-05-30 23:29:09.688867 : ##############################################################################
2016-05-30 23:29:09.688901 
2016-05-30 23:29:09.688934 : ## model/factorgraph #########################################################
2016-05-30 23:29:09.688956 : # Done: 2016-05-30T23:28:34-0700 (34s ago)
2016-05-30 23:29:09.688978 : mark_done model/factorgraph
2016-05-30 23:29:09.688999 : ##############################################################################
2016-05-30 23:29:09.689019 
2016-05-30 23:29:09.689052 : ## process/model/learning ####################################################
2016-05-30 23:29:09.689077 : # Done: 2016-05-30T23:28:48-0700 (20s ago)
2016-05-30 23:29:09.689100 : process/model/learning/run.sh
2016-05-30 23:29:09.689120 : mark_done process/model/learning
2016-05-30 23:29:09.689142 : ##############################################################################
2016-05-30 23:29:09.689163 
2016-05-30 23:29:09.689184 : ## model/weights #############################################################
2016-05-30 23:29:09.689204 : # Done: 2016-05-30T23:28:48-0700 (20s ago)
2016-05-30 23:29:09.689222 : mark_done model/weights
2016-05-30 23:29:09.689241 : ##############################################################################
2016-05-30 23:29:09.689259 
2016-05-30 23:29:09.689280 ## process/model/load_weights ################################################
2016-05-30 23:29:09.689302 : # Done: 2016-05-30T23:28:49-0700 (19s ago)
2016-05-30 23:29:09.689324 # Done: 2016-05-30T23:28:49-0700 (18s ago)
2016-05-30 23:29:09.689345 process/model/load_weights/run.sh
2016-05-30 23:29:09.689366 ++ dirname process/model/load_weights/run.sh
2016-05-30 23:29:09.689387 + cd process/model/load_weights
2016-05-30 23:29:09.689421 + export DEEPDIVE_CURRENT_PROCESS_NAME=process/model/load_weights
2016-05-30 23:29:09.689448 + DEEPDIVE_CURRENT_PROCESS_NAME=process/model/load_weights
2016-05-30 23:29:09.689469 + mkdir -p ../../../model
2016-05-30 23:29:09.689491 + cd ../../../model
2016-05-30 23:29:09.689512 + deepdive create table dd_inference_result_weights 'id:BIGINT:PRIMARY KEY' 'weight:DOUBLE PRECISION'
2016-05-30 23:29:09.857414 CREATE TABLE
2016-05-30 23:29:09.859131 + cat weights/inference_result.out.weights.text
2016-05-30 23:29:09.859449 + tr ' ' '\t'
2016-05-30 23:29:09.859652 + DEEPDIVE_LOAD_FORMAT=tsv
2016-05-30 23:29:09.859700 + deepdive load dd_inference_result_weights /dev/stdin
2016-05-30 23:29:09.959863 Loading dd_inference_result_weights from /dev/stdin (tsv format)
2016-05-30 23:29:10.185098 COPY 72263
2016-05-30 23:29:10.193656 + deepdive create view dd_inference_result_weights_mapping as '
2016-05-30 23:29:10.193709                 SELECT dd_graph_weights.*, dd_inference_result_weights.weight FROM
2016-05-30 23:29:10.193794                 dd_graph_weights JOIN dd_inference_result_weights ON dd_graph_weights.id = dd_inference_result_weights.id
2016-05-30 23:29:10.193829                 ORDER BY abs(weight) DESC
2016-05-30 23:29:10.193852             '
2016-05-30 23:29:10.335311 CREATE VIEW
2016-05-30 23:29:10.336389 + deepdive create view dd_inference_result_variables_mapped_weights as '
2016-05-30 23:29:10.336456                 SELECT * FROM dd_inference_result_weights_mapping
2016-05-30 23:29:10.336478                 ORDER BY abs(weight) DESC
2016-05-30 23:29:10.336501             '
2016-05-30 23:29:10.474071 CREATE VIEW
2016-05-30 23:29:10.475425 mark_done process/model/load_weights
2016-05-30 23:29:10.491359 ##############################################################################
2016-05-30 23:29:10.491420 
2016-05-30 23:29:10.491440 ## data/model/weights ########################################################
2016-05-30 23:29:10.491460 : # Done: 2016-05-30T23:28:49-0700 (19s ago)
2016-05-30 23:29:10.491481 # Done: 2016-05-30T23:28:49-0700 (18s ago)
2016-05-30 23:29:10.491516 # no-op
2016-05-30 23:29:10.491542 mark_done data/model/weights
2016-05-30 23:29:10.506939 ##############################################################################
2016-05-30 23:29:10.506995 
