2016-05-21 12:07:48.122280 # on dhcp-169-233-138-157.cruznet.ucsc.edu: deepdive do spouses_dbpedia
2016-05-21 12:07:48.122581 # run/20160521/120745.749621000/plan.sh
2016-05-21 12:07:48.122602 # execution plan for data/spouses_dbpedia
2016-05-21 12:07:48.122614 
2016-05-21 12:07:48.122625 : ## process/init/app ##########################################################
2016-05-21 12:07:48.122635 : # Done: 2016-05-20T15:47:44-0700 (20h 20m 1s ago)
2016-05-21 12:07:48.122645 : process/init/app/run.sh
2016-05-21 12:07:48.122655 : mark_done process/init/app
2016-05-21 12:07:48.122665 : ##############################################################################
2016-05-21 12:07:48.122675 
2016-05-21 12:07:48.122685 ## process/init/relation/spouses_dbpedia #####################################
2016-05-21 12:07:48.122695 # Done: 2016-05-20T15:47:44-0700 (20h 20m 1s ago)
2016-05-21 12:07:48.122705 process/init/relation/spouses_dbpedia/run.sh
2016-05-21 12:07:48.122715 ++ dirname process/init/relation/spouses_dbpedia/run.sh
2016-05-21 12:07:48.122724 + cd process/init/relation/spouses_dbpedia
2016-05-21 12:07:48.122735 + export DEEPDIVE_CURRENT_PROCESS_NAME=process/init/relation/spouses_dbpedia
2016-05-21 12:07:48.122745 + DEEPDIVE_CURRENT_PROCESS_NAME=process/init/relation/spouses_dbpedia
2016-05-21 12:07:48.122761 + deepdive create table spouses_dbpedia
2016-05-21 12:07:48.236588 CREATE TABLE
2016-05-21 12:07:48.237500 + deepdive load spouses_dbpedia
2016-05-21 12:07:48.341353 Loading spouses_dbpedia from input/spouses_dbpedia.csv.bz2 (csv format)
2016-05-21 12:07:48.381593 ERROR:  missing data for column "t_name"
2016-05-21 12:07:48.381671 CONTEXT:  COPY spouses_dbpedia, line 18: "Western Conference"
