2016-06-02 23:07:47.022702 # on dhcp-169-233-187-63.cruznet.ucsc.edu: deepdive do has_spouse
2016-06-02 23:07:47.023019 # run/20160602/230744.833912000/plan.sh
2016-06-02 23:07:47.023044 # execution plan for data/has_spouse
2016-06-02 23:07:47.023058 
2016-06-02 23:07:47.023070 : ## process/init/app ##########################################################
2016-06-02 23:07:47.023082 : # Done: 2016-05-22T17:21:25-0700 (11d 5h 46m 20s ago)
2016-06-02 23:07:47.023093 : process/init/app/run.sh
2016-06-02 23:07:47.023103 : mark_done process/init/app
2016-06-02 23:07:47.023115 : ##############################################################################
2016-06-02 23:07:47.023126 
2016-06-02 23:07:47.023137 : ## process/init/relation/articles ############################################
2016-06-02 23:07:47.023147 : # Done: 2016-05-23T12:16:43-0700 (10d 10h 51m 2s ago)
2016-06-02 23:07:47.023158 : process/init/relation/articles/run.sh
2016-06-02 23:07:47.023168 : mark_done process/init/relation/articles
2016-06-02 23:07:47.023178 : ##############################################################################
2016-06-02 23:07:47.023189 
2016-06-02 23:07:47.023200 : ## data/articles #############################################################
2016-06-02 23:07:47.023211 : # Done: 2016-05-23T12:16:43-0700 (10d 10h 51m 2s ago)
2016-06-02 23:07:47.023221 : # no-op
2016-06-02 23:07:47.023232 : mark_done data/articles
2016-06-02 23:07:47.023242 : ##############################################################################
2016-06-02 23:07:47.023252 
2016-06-02 23:07:47.023262 : ## process/ext_sentences_by_nlp_markup #######################################
2016-06-02 23:07:47.023273 : # Done: 2016-05-23T15:05:01-0700 (10d 8h 2m 44s ago)
2016-06-02 23:07:47.023283 : process/ext_sentences_by_nlp_markup/run.sh
2016-06-02 23:07:47.023293 : mark_done process/ext_sentences_by_nlp_markup
2016-06-02 23:07:47.023304 : ##############################################################################
2016-06-02 23:07:47.023314 
2016-06-02 23:07:47.023324 : ## data/sentences ############################################################
2016-06-02 23:07:47.023335 : # Done: 2016-05-23T15:05:01-0700 (10d 8h 2m 44s ago)
2016-06-02 23:07:47.023346 : # no-op
2016-06-02 23:07:47.023357 : mark_done data/sentences
2016-06-02 23:07:47.023367 : ##############################################################################
2016-06-02 23:07:47.023377 
2016-06-02 23:07:47.023388 : ## process/ext_person_mention_by_map_person_mention ##########################
2016-06-02 23:07:47.023398 : # Done: 2016-05-23T15:05:52-0700 (10d 8h 1m 53s ago)
2016-06-02 23:07:47.023409 : process/ext_person_mention_by_map_person_mention/run.sh
2016-06-02 23:07:47.023419 : mark_done process/ext_person_mention_by_map_person_mention
2016-06-02 23:07:47.023430 : ##############################################################################
2016-06-02 23:07:47.023441 
2016-06-02 23:07:47.023451 : ## data/person_mention #######################################################
2016-06-02 23:07:47.023462 : # Done: 2016-05-23T15:05:52-0700 (10d 8h 1m 53s ago)
2016-06-02 23:07:47.023472 : # no-op
2016-06-02 23:07:47.023482 : mark_done data/person_mention
2016-06-02 23:07:47.023493 : ##############################################################################
2016-06-02 23:07:47.023503 
2016-06-02 23:07:47.023514 : ## process/ext_num_people ####################################################
2016-06-02 23:07:47.023524 : # Done: 2016-05-23T15:06:46-0700 (10d 8h 59s ago)
2016-06-02 23:07:47.023535 : process/ext_num_people/run.sh
2016-06-02 23:07:47.023545 : mark_done process/ext_num_people
2016-06-02 23:07:47.023556 : ##############################################################################
2016-06-02 23:07:47.023566 
2016-06-02 23:07:47.023576 : ## data/num_people ###########################################################
2016-06-02 23:07:47.023587 : # Done: 2016-05-23T15:06:46-0700 (10d 8h 59s ago)
2016-06-02 23:07:47.023597 : # no-op
2016-06-02 23:07:47.023608 : mark_done data/num_people
2016-06-02 23:07:47.023618 : ##############################################################################
2016-06-02 23:07:47.023630 
2016-06-02 23:07:47.023641 : ## process/ext_team_mention_by_map_team_mention ##############################
2016-06-02 23:07:47.023651 : # Done: 2016-05-23T15:06:19-0700 (10d 8h 1m 26s ago)
2016-06-02 23:07:47.023669 : process/ext_team_mention_by_map_team_mention/run.sh
2016-06-02 23:07:47.023689 : mark_done process/ext_team_mention_by_map_team_mention
2016-06-02 23:07:47.023708 : ##############################################################################
2016-06-02 23:07:47.023725 
2016-06-02 23:07:47.023744 : ## data/team_mention #########################################################
2016-06-02 23:07:47.023763 : # Done: 2016-05-23T15:06:19-0700 (10d 8h 1m 26s ago)
2016-06-02 23:07:47.023805 : # no-op
2016-06-02 23:07:47.023835 : mark_done data/team_mention
2016-06-02 23:07:47.023858 : ##############################################################################
2016-06-02 23:07:47.023877 
2016-06-02 23:07:47.023898 : ## process/ext_spouse_candidate ##############################################
2016-06-02 23:07:47.023917 : # Done: 2016-05-23T15:07:38-0700 (10d 8h 7s ago)
2016-06-02 23:07:47.023936 : process/ext_spouse_candidate/run.sh
2016-06-02 23:07:47.023954 : mark_done process/ext_spouse_candidate
2016-06-02 23:07:47.023974 : ##############################################################################
2016-06-02 23:07:47.023994 
2016-06-02 23:07:47.024014 : ## data/spouse_candidate #####################################################
2016-06-02 23:07:47.024034 : # Done: 2016-05-23T15:07:38-0700 (10d 8h 7s ago)
2016-06-02 23:07:47.024054 : # no-op
2016-06-02 23:07:47.024073 : mark_done data/spouse_candidate
2016-06-02 23:07:47.024134 : ##############################################################################
2016-06-02 23:07:47.024156 
2016-06-02 23:07:47.024175 : ## process/ext_spouse_label__0_by_supervise ##################################
2016-06-02 23:07:47.024194 : # Done: 2016-05-23T15:08:48-0700 (10d 7h 58m 57s ago)
2016-06-02 23:07:47.024213 : process/ext_spouse_label__0_by_supervise/run.sh
2016-06-02 23:07:47.024233 : mark_done process/ext_spouse_label__0_by_supervise
2016-06-02 23:07:47.024253 : ##############################################################################
2016-06-02 23:07:47.024274 
2016-06-02 23:07:47.024293 : ## data/spouse_label__0 ######################################################
2016-06-02 23:07:47.024314 : # Done: 2016-05-23T15:08:48-0700 (10d 7h 58m 57s ago)
2016-06-02 23:07:47.024334 : # no-op
2016-06-02 23:07:47.024353 : mark_done data/spouse_label__0
2016-06-02 23:07:47.024373 : ##############################################################################
2016-06-02 23:07:47.024392 
2016-06-02 23:07:47.024412 : ## process/init/relation/spouses_dbpedia #####################################
2016-06-02 23:07:47.024433 : # Done: 2016-06-02T22:27:40-0700 (40m 5s ago)
2016-06-02 23:07:47.024451 : process/init/relation/spouses_dbpedia/run.sh
2016-06-02 23:07:47.024471 : mark_done process/init/relation/spouses_dbpedia
2016-06-02 23:07:47.024491 : ##############################################################################
2016-06-02 23:07:47.024510 
2016-06-02 23:07:47.024529 : ## data/spouses_dbpedia ######################################################
2016-06-02 23:07:47.024548 : # Done: 2016-06-02T22:27:40-0700 (40m 5s ago)
2016-06-02 23:07:47.024567 : # no-op
2016-06-02 23:07:47.024585 : mark_done data/spouses_dbpedia
2016-06-02 23:07:47.024605 : ##############################################################################
2016-06-02 23:07:47.024623 
2016-06-02 23:07:47.024642 : ## process/ext_spouse_label ##################################################
2016-06-02 23:07:47.024661 : # Done: 2016-06-02T22:28:10-0700 (39m 35s ago)
2016-06-02 23:07:47.024679 : process/ext_spouse_label/run.sh
2016-06-02 23:07:47.024697 : mark_done process/ext_spouse_label
2016-06-02 23:07:47.024741 : ##############################################################################
2016-06-02 23:07:47.024770 
2016-06-02 23:07:47.024795 : ## data/spouse_label #########################################################
2016-06-02 23:07:47.024817 : # Done: 2016-06-02T22:28:10-0700 (39m 35s ago)
2016-06-02 23:07:47.024838 : # no-op
2016-06-02 23:07:47.024859 : mark_done data/spouse_label
2016-06-02 23:07:47.024877 : ##############################################################################
2016-06-02 23:07:47.024897 
2016-06-02 23:07:47.024945 : ## process/ext_spouse_label_resolved #########################################
2016-06-02 23:07:47.024985 : # Done: 2016-06-02T22:28:10-0700 (39m 35s ago)
2016-06-02 23:07:47.025012 : process/ext_spouse_label_resolved/run.sh
2016-06-02 23:07:47.025034 : mark_done process/ext_spouse_label_resolved
2016-06-02 23:07:47.025055 : ##############################################################################
2016-06-02 23:07:47.025074 
2016-06-02 23:07:47.025093 : ## data/spouse_label_resolved ################################################
2016-06-02 23:07:47.025131 : # Done: 2016-06-02T22:28:10-0700 (39m 35s ago)
2016-06-02 23:07:47.025151 : # no-op
2016-06-02 23:07:47.025171 : mark_done data/spouse_label_resolved
2016-06-02 23:07:47.025192 : ##############################################################################
2016-06-02 23:07:47.025214 
2016-06-02 23:07:47.025235 : ## process/init/relation/spouses_dbpedia_negative ############################
2016-06-02 23:07:47.025257 : # Done: 2016-05-25T12:13:43-0700 (8d 10h 54m 2s ago)
2016-06-02 23:07:47.025278 : process/init/relation/spouses_dbpedia_negative/run.sh
2016-06-02 23:07:47.025299 : mark_done process/init/relation/spouses_dbpedia_negative
2016-06-02 23:07:47.025320 : ##############################################################################
2016-06-02 23:07:47.025339 
2016-06-02 23:07:47.025358 : ## data/spouses_dbpedia_negative #############################################
2016-06-02 23:07:47.025378 : # Done: 2016-06-02T22:50:00-0700 (17m 45s ago)
2016-06-02 23:07:47.025438 : # no-op
2016-06-02 23:07:47.025467 : mark_done data/spouses_dbpedia_negative
2016-06-02 23:07:47.025514 : ##############################################################################
2016-06-02 23:07:47.025539 
2016-06-02 23:07:47.025560 ## process/ext_has_spouse ####################################################
2016-06-02 23:07:47.025580 : # Done: 2016-06-02T23:01:15-0700 (6m 30s ago)
2016-06-02 23:07:47.025600 # Done: 2016-06-02T23:01:15-0700 (6m 29s ago)
2016-06-02 23:07:47.025619 process/ext_has_spouse/run.sh
2016-06-02 23:07:47.025637 ++ dirname process/ext_has_spouse/run.sh
2016-06-02 23:07:47.025657 + cd process/ext_has_spouse
2016-06-02 23:07:47.025676 + export DEEPDIVE_CURRENT_PROCESS_NAME=process/ext_has_spouse
2016-06-02 23:07:47.025729 + DEEPDIVE_CURRENT_PROCESS_NAME=process/ext_has_spouse
2016-06-02 23:07:47.025758 + deepdive create table has_spouse
2016-06-02 23:07:47.336332 CREATE TABLE
2016-06-02 23:07:47.337386 + deepdive sql 'INSERT INTO has_spouse SELECT DISTINCT R0.column_0, R0.column_1, 0 AS id, 
2016-06-02 23:07:47.337451 CASE WHEN R0.column_2 > 0 THEN true
2016-06-02 23:07:47.337481      WHEN R0.column_2 < 0 THEN false
2016-06-02 23:07:47.337505      ELSE NULL
2016-06-02 23:07:47.337528 END AS label
2016-06-02 23:07:47.337552           FROM spouse_label_resolved R0
2016-06-02 23:07:47.337579         
2016-06-02 23:07:47.337637           
2016-06-02 23:07:47.337661 UNION ALL
2016-06-02 23:07:47.337683 SELECT R0.mention_id AS "person_mention.R0.mention_id", R1.team_id AS "team_mention.R1.team_id"
2016-06-02 23:07:47.337706 FROM person_mention R0, team_mention R1, spouses_dbpedia_negative R2
2016-06-02 23:07:47.337728         WHERE R2.p_name = R0.mention_text  AND R2.t_name = R1.team_text '
2016-06-02 23:07:47.454841 ERROR:  each UNION query must have the same number of columns
2016-06-02 23:07:47.454910 LINE 10: SELECT R0.mention_id AS "person_mention.R0.mention_id", R1.t...
2016-06-02 23:07:47.454965                 ^
