2016-05-21 15:38:01.922181 # on dhcp-169-233-138-157.cruznet.ucsc.edu: deepdive do probabilities
2016-05-21 15:38:01.922524 # run/20160521/153758.940502000/plan.sh
2016-05-21 15:38:01.922561 # execution plan for data/model/probabilities
2016-05-21 15:38:01.922587 
2016-05-21 15:38:01.922609 : ## process/init/app ##########################################################
2016-05-21 15:38:01.922630 : # Done: 2016-05-20T15:47:44-0700 (23h 50m 15s ago)
2016-05-21 15:38:01.922651 : process/init/app/run.sh
2016-05-21 15:38:01.922674 : mark_done process/init/app
2016-05-21 15:38:01.922694 : ##############################################################################
2016-05-21 15:38:01.922713 
2016-05-21 15:38:01.922732 : ## process/init/relation/articles ############################################
2016-05-21 15:38:01.922750 : # Done: 2016-05-20T19:16:48-0700 (20h 21m 11s ago)
2016-05-21 15:38:01.922770 : process/init/relation/articles/run.sh
2016-05-21 15:38:01.922788 : mark_done process/init/relation/articles
2016-05-21 15:38:01.922807 : ##############################################################################
2016-05-21 15:38:01.922842 
2016-05-21 15:38:01.922881 : ## data/articles #############################################################
2016-05-21 15:38:01.922903 : # Done: 2016-05-20T19:16:48-0700 (20h 21m 11s ago)
2016-05-21 15:38:01.922921 : # no-op
2016-05-21 15:38:01.922938 : mark_done data/articles
2016-05-21 15:38:01.922956 : ##############################################################################
2016-05-21 15:38:01.922973 
2016-05-21 15:38:01.922991 : ## process/ext_sentences_by_nlp_markup #######################################
2016-05-21 15:38:01.923010 : # Done: 2016-05-20T19:20:04-0700 (20h 17m 55s ago)
2016-05-21 15:38:01.923028 : process/ext_sentences_by_nlp_markup/run.sh
2016-05-21 15:38:01.923046 : mark_done process/ext_sentences_by_nlp_markup
2016-05-21 15:38:01.923064 : ##############################################################################
2016-05-21 15:38:01.923082 
2016-05-21 15:38:01.923099 : ## data/sentences ############################################################
2016-05-21 15:38:01.923117 : # Done: 2016-05-20T19:20:04-0700 (20h 17m 55s ago)
2016-05-21 15:38:01.923137 : # no-op
2016-05-21 15:38:01.923155 : mark_done data/sentences
2016-05-21 15:38:01.923173 : ##############################################################################
2016-05-21 15:38:01.923190 
2016-05-21 15:38:01.923208 : ## process/ext_person_mention_by_map_person_mention ##########################
2016-05-21 15:38:01.923226 : # Done: 2016-05-20T20:58:22-0700 (18h 39m 37s ago)
2016-05-21 15:38:01.923244 : process/ext_person_mention_by_map_person_mention/run.sh
2016-05-21 15:38:01.923262 : mark_done process/ext_person_mention_by_map_person_mention
2016-05-21 15:38:01.923284 : ##############################################################################
2016-05-21 15:38:01.923301 
2016-05-21 15:38:01.923319 : ## data/person_mention #######################################################
2016-05-21 15:38:01.923336 : # Done: 2016-05-20T20:58:22-0700 (18h 39m 37s ago)
2016-05-21 15:38:01.923353 : # no-op
2016-05-21 15:38:01.923372 : mark_done data/person_mention
2016-05-21 15:38:01.923389 : ##############################################################################
2016-05-21 15:38:01.923406 
2016-05-21 15:38:01.923424 : ## process/ext_num_people ####################################################
2016-05-21 15:38:01.923441 : # Done: 2016-05-20T21:35:41-0700 (18h 2m 18s ago)
2016-05-21 15:38:01.923485 : process/ext_num_people/run.sh
2016-05-21 15:38:01.923512 : mark_done process/ext_num_people
2016-05-21 15:38:01.923532 : ##############################################################################
2016-05-21 15:38:01.923566 
2016-05-21 15:38:01.923585 : ## data/num_people ###########################################################
2016-05-21 15:38:01.923602 : # Done: 2016-05-20T21:35:41-0700 (18h 2m 18s ago)
2016-05-21 15:38:01.923619 : # no-op
2016-05-21 15:38:01.923636 : mark_done data/num_people
2016-05-21 15:38:01.923652 : ##############################################################################
2016-05-21 15:38:01.923669 
2016-05-21 15:38:01.923686 : ## process/ext_team_mention_by_map_team_mention ##############################
2016-05-21 15:38:01.923703 : # Done: 2016-05-20T21:23:06-0700 (18h 14m 53s ago)
2016-05-21 15:38:01.923720 : process/ext_team_mention_by_map_team_mention/run.sh
2016-05-21 15:38:01.923736 : mark_done process/ext_team_mention_by_map_team_mention
2016-05-21 15:38:01.923755 : ##############################################################################
2016-05-21 15:38:01.923772 
2016-05-21 15:38:01.923789 : ## data/team_mention #########################################################
2016-05-21 15:38:01.923806 : # Done: 2016-05-20T22:05:04-0700 (17h 32m 55s ago)
2016-05-21 15:38:01.923823 : # no-op
2016-05-21 15:38:01.923840 : mark_done data/team_mention
2016-05-21 15:38:01.923857 : ##############################################################################
2016-05-21 15:38:01.923874 
2016-05-21 15:38:01.923892 : ## process/ext_spouse_candidate ##############################################
2016-05-21 15:38:01.923909 : # Done: 2016-05-20T22:17:52-0700 (17h 20m 7s ago)
2016-05-21 15:38:01.923926 : process/ext_spouse_candidate/run.sh
2016-05-21 15:38:01.923943 : mark_done process/ext_spouse_candidate
2016-05-21 15:38:01.923960 : ##############################################################################
2016-05-21 15:38:01.923976 
2016-05-21 15:38:01.923993 : ## data/spouse_candidate #####################################################
2016-05-21 15:38:01.924010 : # Done: 2016-05-20T22:17:52-0700 (17h 20m 7s ago)
2016-05-21 15:38:01.924026 : # no-op
2016-05-21 15:38:01.924043 : mark_done data/spouse_candidate
2016-05-21 15:38:01.924060 : ##############################################################################
2016-05-21 15:38:01.924077 
2016-05-21 15:38:01.924094 : ## process/ext_spouse_label__0_by_supervise ##################################
2016-05-21 15:38:01.924110 : # Done: 2016-05-20T22:17:53-0700 (17h 20m 6s ago)
2016-05-21 15:38:01.924128 : process/ext_spouse_label__0_by_supervise/run.sh
2016-05-21 15:38:01.924146 : mark_done process/ext_spouse_label__0_by_supervise
2016-05-21 15:38:01.924163 : ##############################################################################
2016-05-21 15:38:01.924180 
2016-05-21 15:38:01.924198 : ## data/spouse_label__0 ######################################################
2016-05-21 15:38:01.924216 : # Done: 2016-05-20T22:17:53-0700 (17h 20m 6s ago)
2016-05-21 15:38:01.924235 : # no-op
2016-05-21 15:38:01.924253 : mark_done data/spouse_label__0
2016-05-21 15:38:01.924273 : ##############################################################################
2016-05-21 15:38:01.924292 
2016-05-21 15:38:01.924311 : ## process/init/relation/spouses_dbpedia #####################################
2016-05-21 15:38:01.924329 : # Done: 2016-05-21T12:09:26-0700 (3h 28m 33s ago)
2016-05-21 15:38:01.924349 : process/init/relation/spouses_dbpedia/run.sh
2016-05-21 15:38:01.924368 : mark_done process/init/relation/spouses_dbpedia
2016-05-21 15:38:01.924387 : ##############################################################################
2016-05-21 15:38:01.924406 
2016-05-21 15:38:01.924425 : ## data/spouses_dbpedia ######################################################
2016-05-21 15:38:01.924444 : # Done: 2016-05-21T12:09:26-0700 (3h 28m 33s ago)
2016-05-21 15:38:01.924463 : # no-op
2016-05-21 15:38:01.924482 : mark_done data/spouses_dbpedia
2016-05-21 15:38:01.924502 : ##############################################################################
2016-05-21 15:38:01.924520 
2016-05-21 15:38:01.924540 : ## process/ext_spouse_label ##################################################
2016-05-21 15:38:01.924558 : # Done: 2016-05-21T15:28:40-0700 (9m 19s ago)
2016-05-21 15:38:01.924578 : process/ext_spouse_label/run.sh
2016-05-21 15:38:01.924596 : mark_done process/ext_spouse_label
2016-05-21 15:38:01.924616 : ##############################################################################
2016-05-21 15:38:01.924635 
2016-05-21 15:38:01.924654 : ## data/spouse_label #########################################################
2016-05-21 15:38:01.924675 : # Done: 2016-05-21T15:28:40-0700 (9m 20s ago)
2016-05-21 15:38:01.924695 : # no-op
2016-05-21 15:38:01.924715 : mark_done data/spouse_label
2016-05-21 15:38:01.924734 : ##############################################################################
2016-05-21 15:38:01.924754 
2016-05-21 15:38:01.924773 : ## process/ext_spouse_label_resolved #########################################
2016-05-21 15:38:01.924792 : # Done: 2016-05-21T15:28:41-0700 (9m 19s ago)
2016-05-21 15:38:01.924811 : process/ext_spouse_label_resolved/run.sh
2016-05-21 15:38:01.924829 : mark_done process/ext_spouse_label_resolved
2016-05-21 15:38:01.924849 : ##############################################################################
2016-05-21 15:38:01.924867 
2016-05-21 15:38:01.924887 : ## data/spouse_label_resolved ################################################
2016-05-21 15:38:01.924905 : # Done: 2016-05-21T15:28:41-0700 (9m 19s ago)
2016-05-21 15:38:01.924922 : # no-op
2016-05-21 15:38:01.924941 : mark_done data/spouse_label_resolved
2016-05-21 15:38:01.924959 : ##############################################################################
2016-05-21 15:38:01.924977 
2016-05-21 15:38:01.924996 : ## process/ext_has_spouse ####################################################
2016-05-21 15:38:01.925014 : # Done: 2016-05-21T15:37:32-0700 (28s ago)
2016-05-21 15:38:01.925032 : process/ext_has_spouse/run.sh
2016-05-21 15:38:01.925050 : mark_done process/ext_has_spouse
2016-05-21 15:38:01.925068 : ##############################################################################
2016-05-21 15:38:01.925087 
2016-05-21 15:38:01.925105 : ## data/has_spouse ###########################################################
2016-05-21 15:38:01.925123 : # Done: 2016-05-21T15:37:32-0700 (28s ago)
2016-05-21 15:38:01.925142 : # no-op
2016-05-21 15:38:01.925160 : mark_done data/has_spouse
2016-05-21 15:38:01.925179 : ##############################################################################
2016-05-21 15:38:01.925197 
2016-05-21 15:38:01.925217 ## process/grounding/variable_id_partition ###################################
2016-05-21 15:38:01.925235 : # Done: 2016-05-21T15:32:18-0700 (5m 42s ago)
2016-05-21 15:38:01.925254 # Done: 2016-05-21T15:32:18-0700 (5m 41s ago)
2016-05-21 15:38:01.925272 process/grounding/variable_id_partition/run.sh
2016-05-21 15:38:01.925291 ++ dirname process/grounding/variable_id_partition/run.sh
2016-05-21 15:38:01.925309 + cd process/grounding/variable_id_partition
2016-05-21 15:38:01.925331 + export DEEPDIVE_CURRENT_PROCESS_NAME=process/grounding/variable_id_partition
2016-05-21 15:38:01.925351 + DEEPDIVE_CURRENT_PROCESS_NAME=process/grounding/variable_id_partition
2016-05-21 15:38:01.925370 + : /Users/emerson/Documents/Github/deepdive/examples/Coach_NBA/run/model/grounding
2016-05-21 15:38:01.925388 + RANGE_BEGIN=0
2016-05-21 15:38:01.925406 + partition_id_range has_spouse
2016-05-21 15:38:01.925425 + variableCountTotal=0
2016-05-21 15:38:01.925443 + read table begin excludeEnd
2016-05-21 15:38:01.994006 + varPath=/Users/emerson/Documents/Github/deepdive/examples/Coach_NBA/run/model/grounding/variable/has_spouse
2016-05-21 15:38:01.994103 + mkdir -p /Users/emerson/Documents/Github/deepdive/examples/Coach_NBA/run/model/grounding/variable/has_spouse
2016-05-21 15:38:01.997828 + cd /Users/emerson/Documents/Github/deepdive/examples/Coach_NBA/run/model/grounding/variable/has_spouse
2016-05-21 15:38:01.997989 + echo 0
2016-05-21 15:38:02.000391 + echo 103
2016-05-21 15:38:02.001159 + echo 103
2016-05-21 15:38:02.002637 + variableCountTotal=103
2016-05-21 15:38:02.003151 + read table begin excludeEnd
2016-05-21 15:38:02.003566 + echo 103
2016-05-21 15:38:02.006610 mark_done process/grounding/variable_id_partition
2016-05-21 15:38:02.043311 ##############################################################################
2016-05-21 15:38:02.043377 
2016-05-21 15:38:02.043488 ## process/grounding/variable/has_spouse/assign_id ###########################
2016-05-21 15:38:02.043518 : # Done: 2016-05-21T15:32:18-0700 (5m 42s ago)
2016-05-21 15:38:02.043540 # Done: 2016-05-21T15:32:18-0700 (5m 41s ago)
2016-05-21 15:38:02.043562 process/grounding/variable/has_spouse/assign_id/run.sh
2016-05-21 15:38:02.062337 ++ dirname process/grounding/variable/has_spouse/assign_id/run.sh
2016-05-21 15:38:02.068795 + cd process/grounding/variable/has_spouse/assign_id
2016-05-21 15:38:02.068960 + export DEEPDIVE_CURRENT_PROCESS_NAME=process/grounding/variable/has_spouse/assign_id
2016-05-21 15:38:02.068989 + DEEPDIVE_CURRENT_PROCESS_NAME=process/grounding/variable/has_spouse/assign_id
2016-05-21 15:38:02.069009 + : /Users/emerson/Documents/Github/deepdive/examples/Coach_NBA/run/model/grounding
2016-05-21 15:38:02.069028 + table=has_spouse
2016-05-21 15:38:02.069047 + cd /Users/emerson/Documents/Github/deepdive/examples/Coach_NBA/run/model/grounding/variable/has_spouse
2016-05-21 15:38:02.072034 ++ cat id_begin
2016-05-21 15:38:02.077064 + baseId=0
2016-05-21 15:38:02.077155 + deepdive db assign_sequential_id has_spouse id 0
2016-05-21 15:38:02.179231 NOTICE:  sequence "dd_seq_has_spouse_id" does not exist, skipping
2016-05-21 15:38:02.186255 UPDATE 103
2016-05-21 15:38:02.187841 mark_done process/grounding/variable/has_spouse/assign_id
2016-05-21 15:38:02.206770 ##############################################################################
2016-05-21 15:38:02.206819 
2016-05-21 15:38:02.206835 ## process/grounding/factor/inf1_imply_has_spouse_has_spouse/materialize #####
2016-05-21 15:38:02.206855 : # Done: 2016-05-20T15:47:44-0700 (23h 50m 16s ago)
2016-05-21 15:38:02.206878 # Done: 2016-05-20T15:47:44-0700 (23h 50m 15s ago)
2016-05-21 15:38:02.206898 process/grounding/factor/inf1_imply_has_spouse_has_spouse/materialize/run.sh
2016-05-21 15:38:02.217522 ++ dirname process/grounding/factor/inf1_imply_has_spouse_has_spouse/materialize/run.sh
2016-05-21 15:38:02.224143 + cd process/grounding/factor/inf1_imply_has_spouse_has_spouse/materialize
2016-05-21 15:38:02.224311 + export DEEPDIVE_CURRENT_PROCESS_NAME=process/grounding/factor/inf1_imply_has_spouse_has_spouse/materialize
2016-05-21 15:38:02.224353 + DEEPDIVE_CURRENT_PROCESS_NAME=process/grounding/factor/inf1_imply_has_spouse_has_spouse/materialize
2016-05-21 15:38:02.224720 + : /Users/emerson/Documents/Github/deepdive/examples/Coach_NBA/run/model/grounding
2016-05-21 15:38:02.224763 + deepdive create table dd_factors_inf1_imply_has_spouse_has_spouse as '
2016-05-21 15:38:02.224785           SELECT R0.id AS "has_spouse.R0.id" , R0.id AS "has_spouse.R0.id" 
2016-05-21 15:38:02.224804           FROM has_spouse R0, has_spouse R1, spouse_candidate R2, spouse_candidate R3, spouse_candidate R4
2016-05-21 15:38:02.224823         WHERE R1.p_id = R0.p_id  AND R1.t_id = R0.t_id  AND R2.p_id = R0.p_id  AND R2.t_id = R0.t_id  AND R3.t_id = R0.t_id  AND R4.p_id = R0.p_id '
2016-05-21 15:38:02.428612 ERROR:  column "has_spouse.R0.id" specified more than once
