2016-05-29 17:02:19.769988 # on dhcp-169-233-170-85.cruznet.ucsc.edu: deepdive do calibration-plots
2016-05-29 17:02:19.770405 # run/20160529/170217.287948000/plan.sh
2016-05-29 17:02:19.770444 # execution plan for model/calibration-plots
2016-05-29 17:02:19.770465 
2016-05-29 17:02:19.770484 : ## process/init/app ##########################################################
2016-05-29 17:02:19.770505 : # Done: 2016-05-22T17:21:25-0700 (6d 23h 40m 52s ago)
2016-05-29 17:02:19.770524 : process/init/app/run.sh
2016-05-29 17:02:19.770542 : mark_done process/init/app
2016-05-29 17:02:19.770561 : ##############################################################################
2016-05-29 17:02:19.770579 
2016-05-29 17:02:19.770597 : ## process/init/relation/articles ############################################
2016-05-29 17:02:19.770615 : # Done: 2016-05-23T12:16:43-0700 (6d 4h 45m 34s ago)
2016-05-29 17:02:19.770633 : process/init/relation/articles/run.sh
2016-05-29 17:02:19.770651 : mark_done process/init/relation/articles
2016-05-29 17:02:19.770669 : ##############################################################################
2016-05-29 17:02:19.770688 
2016-05-29 17:02:19.770705 : ## data/articles #############################################################
2016-05-29 17:02:19.770723 : # Done: 2016-05-23T12:16:43-0700 (6d 4h 45m 34s ago)
2016-05-29 17:02:19.770740 : # no-op
2016-05-29 17:02:19.770758 : mark_done data/articles
2016-05-29 17:02:19.770776 : ##############################################################################
2016-05-29 17:02:19.770793 
2016-05-29 17:02:19.770811 : ## process/ext_sentences_by_nlp_markup #######################################
2016-05-29 17:02:19.770828 : # Done: 2016-05-23T15:05:01-0700 (6d 1h 57m 16s ago)
2016-05-29 17:02:19.770847 : process/ext_sentences_by_nlp_markup/run.sh
2016-05-29 17:02:19.770864 : mark_done process/ext_sentences_by_nlp_markup
2016-05-29 17:02:19.770882 : ##############################################################################
2016-05-29 17:02:19.770900 
2016-05-29 17:02:19.770918 : ## data/sentences ############################################################
2016-05-29 17:02:19.770936 : # Done: 2016-05-23T15:05:01-0700 (6d 1h 57m 16s ago)
2016-05-29 17:02:19.770955 : # no-op
2016-05-29 17:02:19.770976 : mark_done data/sentences
2016-05-29 17:02:19.771003 : ##############################################################################
2016-05-29 17:02:19.771028 
2016-05-29 17:02:19.771046 : ## process/ext_person_mention_by_map_person_mention ##########################
2016-05-29 17:02:19.771069 : # Done: 2016-05-23T15:05:52-0700 (6d 1h 56m 25s ago)
2016-05-29 17:02:19.771087 : process/ext_person_mention_by_map_person_mention/run.sh
2016-05-29 17:02:19.771107 : mark_done process/ext_person_mention_by_map_person_mention
2016-05-29 17:02:19.771126 : ##############################################################################
2016-05-29 17:02:19.771145 
2016-05-29 17:02:19.771164 : ## data/person_mention #######################################################
2016-05-29 17:02:19.771186 : # Done: 2016-05-23T15:05:52-0700 (6d 1h 56m 25s ago)
2016-05-29 17:02:19.771205 : # no-op
2016-05-29 17:02:19.771228 : mark_done data/person_mention
2016-05-29 17:02:19.771249 : ##############################################################################
2016-05-29 17:02:19.771269 
2016-05-29 17:02:19.771288 : ## process/init/relation/spouses_dbpedia #####################################
2016-05-29 17:02:19.771306 : # Done: 2016-05-23T15:08:28-0700 (6d 1h 53m 49s ago)
2016-05-29 17:02:19.771325 : process/init/relation/spouses_dbpedia/run.sh
2016-05-29 17:02:19.771343 : mark_done process/init/relation/spouses_dbpedia
2016-05-29 17:02:19.771361 : ##############################################################################
2016-05-29 17:02:19.771379 
2016-05-29 17:02:19.771398 : ## data/spouses_dbpedia ######################################################
2016-05-29 17:02:19.771415 : # Done: 2016-05-23T15:08:28-0700 (6d 1h 53m 49s ago)
2016-05-29 17:02:19.771434 : # no-op
2016-05-29 17:02:19.771452 : mark_done data/spouses_dbpedia
2016-05-29 17:02:19.771470 : ##############################################################################
2016-05-29 17:02:19.771489 
2016-05-29 17:02:19.771506 : ## process/ext_team_mention_by_map_team_mention ##############################
2016-05-29 17:02:19.771524 : # Done: 2016-05-23T15:06:19-0700 (6d 1h 55m 58s ago)
2016-05-29 17:02:19.771542 : process/ext_team_mention_by_map_team_mention/run.sh
2016-05-29 17:02:19.771560 : mark_done process/ext_team_mention_by_map_team_mention
2016-05-29 17:02:19.771578 : ##############################################################################
2016-05-29 17:02:19.771596 
2016-05-29 17:02:19.771614 : ## data/team_mention #########################################################
2016-05-29 17:02:19.771632 : # Done: 2016-05-23T15:06:19-0700 (6d 1h 55m 58s ago)
2016-05-29 17:02:19.771650 : # no-op
2016-05-29 17:02:19.771668 : mark_done data/team_mention
2016-05-29 17:02:19.771687 : ##############################################################################
2016-05-29 17:02:19.771705 
2016-05-29 17:02:19.771724 : ## process/ext_num_people ####################################################
2016-05-29 17:02:19.771742 : # Done: 2016-05-23T15:06:46-0700 (6d 1h 55m 31s ago)
2016-05-29 17:02:19.771761 : process/ext_num_people/run.sh
2016-05-29 17:02:19.771779 : mark_done process/ext_num_people
2016-05-29 17:02:19.771797 : ##############################################################################
2016-05-29 17:02:19.771814 
2016-05-29 17:02:19.771832 : ## data/num_people ###########################################################
2016-05-29 17:02:19.771850 : # Done: 2016-05-23T15:06:46-0700 (6d 1h 55m 31s ago)
2016-05-29 17:02:19.771867 : # no-op
2016-05-29 17:02:19.771885 : mark_done data/num_people
2016-05-29 17:02:19.771903 : ##############################################################################
2016-05-29 17:02:19.771921 
2016-05-29 17:02:19.771939 : ## process/ext_spouse_candidate ##############################################
2016-05-29 17:02:19.771957 : # Done: 2016-05-23T15:07:38-0700 (6d 1h 54m 39s ago)
2016-05-29 17:02:19.771975 : process/ext_spouse_candidate/run.sh
2016-05-29 17:02:19.771993 : mark_done process/ext_spouse_candidate
2016-05-29 17:02:19.772011 : ##############################################################################
2016-05-29 17:02:19.772029 
2016-05-29 17:02:19.772047 : ## data/spouse_candidate #####################################################
2016-05-29 17:02:19.772065 : # Done: 2016-05-23T15:07:38-0700 (6d 1h 54m 39s ago)
2016-05-29 17:02:19.772083 : # no-op
2016-05-29 17:02:19.772101 : mark_done data/spouse_candidate
2016-05-29 17:02:19.772119 : ##############################################################################
2016-05-29 17:02:19.772137 
2016-05-29 17:02:19.772154 : ## process/ext_spouse_label__0_by_supervise ##################################
2016-05-29 17:02:19.772172 : # Done: 2016-05-23T15:08:48-0700 (6d 1h 53m 29s ago)
2016-05-29 17:02:19.772190 : process/ext_spouse_label__0_by_supervise/run.sh
2016-05-29 17:02:19.772210 : mark_done process/ext_spouse_label__0_by_supervise
2016-05-29 17:02:19.772229 : ##############################################################################
2016-05-29 17:02:19.772246 
2016-05-29 17:02:19.772264 : ## data/spouse_label__0 ######################################################
2016-05-29 17:02:19.772282 : # Done: 2016-05-23T15:08:48-0700 (6d 1h 53m 29s ago)
2016-05-29 17:02:19.772300 : # no-op
2016-05-29 17:02:19.772318 : mark_done data/spouse_label__0
2016-05-29 17:02:19.772336 : ##############################################################################
2016-05-29 17:02:19.772354 
2016-05-29 17:02:19.772372 : ## process/ext_spouse_label ##################################################
2016-05-29 17:02:19.772390 : # Done: 2016-05-23T15:08:50-0700 (6d 1h 53m 27s ago)
2016-05-29 17:02:19.772408 : process/ext_spouse_label/run.sh
2016-05-29 17:02:19.772426 : mark_done process/ext_spouse_label
2016-05-29 17:02:19.772443 : ##############################################################################
2016-05-29 17:02:19.772461 
2016-05-29 17:02:19.772479 : ## data/spouse_label #########################################################
2016-05-29 17:02:19.772497 : # Done: 2016-05-23T15:08:50-0700 (6d 1h 53m 27s ago)
2016-05-29 17:02:19.772515 : # no-op
2016-05-29 17:02:19.772533 : mark_done data/spouse_label
2016-05-29 17:02:19.772551 : ##############################################################################
2016-05-29 17:02:19.772569 
2016-05-29 17:02:19.772587 : ## process/ext_spouse_label_resolved #########################################
2016-05-29 17:02:19.772605 : # Done: 2016-05-23T15:08:50-0700 (6d 1h 53m 27s ago)
2016-05-29 17:02:19.772623 : process/ext_spouse_label_resolved/run.sh
2016-05-29 17:02:19.772641 : mark_done process/ext_spouse_label_resolved
2016-05-29 17:02:19.772659 : ##############################################################################
2016-05-29 17:02:19.772677 
2016-05-29 17:02:19.772695 : ## data/spouse_label_resolved ################################################
2016-05-29 17:02:19.772713 : # Done: 2016-05-23T15:08:50-0700 (6d 1h 53m 27s ago)
2016-05-29 17:02:19.772731 : # no-op
2016-05-29 17:02:19.772749 : mark_done data/spouse_label_resolved
2016-05-29 17:02:19.772766 : ##############################################################################
2016-05-29 17:02:19.772784 
2016-05-29 17:02:19.772802 : ## process/ext_has_spouse ####################################################
2016-05-29 17:02:19.772820 : # Done: 2016-05-29T12:10:14-0700 (4h 52m 3s ago)
2016-05-29 17:02:19.772838 : process/ext_has_spouse/run.sh
2016-05-29 17:02:19.772856 : mark_done process/ext_has_spouse
2016-05-29 17:02:19.772875 : ##############################################################################
2016-05-29 17:02:19.772893 
2016-05-29 17:02:19.772910 : ## data/has_spouse ###########################################################
2016-05-29 17:02:19.772929 : # Done: 2016-05-29T12:10:14-0700 (4h 52m 3s ago)
2016-05-29 17:02:19.772946 : # no-op
2016-05-29 17:02:19.772964 : mark_done data/has_spouse
2016-05-29 17:02:19.772982 : ##############################################################################
2016-05-29 17:02:19.773000 
2016-05-29 17:02:19.773018 : ## process/grounding/variable_id_partition ###################################
2016-05-29 17:02:19.773036 : # Done: 2016-05-29T12:20:51-0700 (4h 41m 26s ago)
2016-05-29 17:02:19.773054 : process/grounding/variable_id_partition/run.sh
2016-05-29 17:02:19.773072 : mark_done process/grounding/variable_id_partition
2016-05-29 17:02:19.773090 : ##############################################################################
2016-05-29 17:02:19.773107 
2016-05-29 17:02:19.773125 : ## process/grounding/variable/has_spouse/assign_id ###########################
2016-05-29 17:02:19.773143 : # Done: 2016-05-29T12:20:51-0700 (4h 41m 26s ago)
2016-05-29 17:02:19.773161 : process/grounding/variable/has_spouse/assign_id/run.sh
2016-05-29 17:02:19.773179 : mark_done process/grounding/variable/has_spouse/assign_id
2016-05-29 17:02:19.773326 : ##############################################################################
2016-05-29 17:02:19.773348 
2016-05-29 17:02:19.773367 : ## process/grounding/factor/inf1_istrue_has_spouse/materialize ###############
2016-05-29 17:02:19.773385 : # Done: 2016-05-29T12:20:52-0700 (4h 41m 25s ago)
2016-05-29 17:02:19.773403 : process/grounding/factor/inf1_istrue_has_spouse/materialize/run.sh
2016-05-29 17:02:19.773421 : mark_done process/grounding/factor/inf1_istrue_has_spouse/materialize
2016-05-29 17:02:19.773439 : ##############################################################################
2016-05-29 17:02:19.773457 
2016-05-29 17:02:19.773475 : ## process/grounding/factor/inf_imply_has_spouse_has_spouse/materialize ######
2016-05-29 17:02:19.773493 : # Done: 2016-05-29T12:22:01-0700 (4h 40m 16s ago)
2016-05-29 17:02:19.773511 : process/grounding/factor/inf_imply_has_spouse_has_spouse/materialize/run.sh
2016-05-29 17:02:19.773530 : mark_done process/grounding/factor/inf_imply_has_spouse_has_spouse/materialize
2016-05-29 17:02:19.773548 : ##############################################################################
2016-05-29 17:02:19.773566 
2016-05-29 17:02:19.773584 : ## process/ext_spouse_feature_by_extract_spouse_features #####################
2016-05-29 17:02:19.773602 : # Done: 2016-05-23T15:08:09-0700 (6d 1h 54m 9s ago)
2016-05-29 17:02:19.773625 : process/ext_spouse_feature_by_extract_spouse_features/run.sh
2016-05-29 17:02:19.773644 : mark_done process/ext_spouse_feature_by_extract_spouse_features
2016-05-29 17:02:19.773664 : ##############################################################################
2016-05-29 17:02:19.773682 
2016-05-29 17:02:19.773700 : ## data/spouse_feature #######################################################
2016-05-29 17:02:19.773718 : # Done: 2016-05-23T15:08:09-0700 (6d 1h 54m 9s ago)
2016-05-29 17:02:19.773736 : # no-op
2016-05-29 17:02:19.773754 : mark_done data/spouse_feature
2016-05-29 17:02:19.773772 : ##############################################################################
2016-05-29 17:02:19.773790 
2016-05-29 17:02:19.773808 : ## process/grounding/factor/inf_istrue_has_spouse/materialize ################
2016-05-29 17:02:19.773825 : # Done: 2016-05-29T12:22:02-0700 (4h 40m 16s ago)
2016-05-29 17:02:19.773843 : process/grounding/factor/inf_istrue_has_spouse/materialize/run.sh
2016-05-29 17:02:19.773862 : mark_done process/grounding/factor/inf_istrue_has_spouse/materialize
2016-05-29 17:02:19.773879 : ##############################################################################
2016-05-29 17:02:19.773897 
2016-05-29 17:02:19.773915 : ## process/grounding/weight_id_partition #####################################
2016-05-29 17:02:19.773933 : # Done: 2016-05-29T12:22:02-0700 (4h 40m 16s ago)
2016-05-29 17:02:19.773951 : process/grounding/weight_id_partition/run.sh
2016-05-29 17:02:19.773969 : mark_done process/grounding/weight_id_partition
2016-05-29 17:02:19.773987 : ##############################################################################
2016-05-29 17:02:19.774005 
2016-05-29 17:02:19.774023 : ## process/grounding/factor/inf1_istrue_has_spouse/assign_weight_id ##########
2016-05-29 17:02:19.774041 : # Done: 2016-05-29T12:22:02-0700 (4h 40m 16s ago)
2016-05-29 17:02:19.774061 : process/grounding/factor/inf1_istrue_has_spouse/assign_weight_id/run.sh
2016-05-29 17:02:19.774079 : mark_done process/grounding/factor/inf1_istrue_has_spouse/assign_weight_id
2016-05-29 17:02:19.774097 : ##############################################################################
2016-05-29 17:02:19.774114 
2016-05-29 17:02:19.774133 : ## process/grounding/factor/inf1_istrue_has_spouse/dump ######################
2016-05-29 17:02:19.774153 : # Done: 2016-05-29T12:22:03-0700 (4h 40m 15s ago)
2016-05-29 17:02:19.774196 : process/grounding/factor/inf1_istrue_has_spouse/dump/run.sh
2016-05-29 17:02:19.774239 : mark_done process/grounding/factor/inf1_istrue_has_spouse/dump
2016-05-29 17:02:19.774261 : ##############################################################################
2016-05-29 17:02:19.774280 
2016-05-29 17:02:19.774299 : ## process/grounding/factor/inf1_istrue_has_spouse/dump_weights ##############
2016-05-29 17:02:19.774317 : # Done: 2016-05-29T12:22:04-0700 (4h 40m 14s ago)
2016-05-29 17:02:19.774336 : process/grounding/factor/inf1_istrue_has_spouse/dump_weights/run.sh
2016-05-29 17:02:19.774354 : mark_done process/grounding/factor/inf1_istrue_has_spouse/dump_weights
2016-05-29 17:02:19.774372 : ##############################################################################
2016-05-29 17:02:19.774390 
2016-05-29 17:02:19.774408 : ## process/grounding/factor/inf_imply_has_spouse_has_spouse/assign_weight_id #
2016-05-29 17:02:19.774425 : # Done: 2016-05-29T12:22:06-0700 (4h 40m 12s ago)
2016-05-29 17:02:19.774443 : process/grounding/factor/inf_imply_has_spouse_has_spouse/assign_weight_id/run.sh
2016-05-29 17:02:19.774461 : mark_done process/grounding/factor/inf_imply_has_spouse_has_spouse/assign_weight_id
2016-05-29 17:02:19.774479 : ##############################################################################
2016-05-29 17:02:19.774497 
2016-05-29 17:02:19.774515 : ## process/grounding/factor/inf_imply_has_spouse_has_spouse/dump #############
2016-05-29 17:02:19.774532 : # Done: 2016-05-29T12:22:06-0700 (4h 40m 12s ago)
2016-05-29 17:02:19.774550 : process/grounding/factor/inf_imply_has_spouse_has_spouse/dump/run.sh
2016-05-29 17:02:19.774568 : mark_done process/grounding/factor/inf_imply_has_spouse_has_spouse/dump
2016-05-29 17:02:19.774586 : ##############################################################################
2016-05-29 17:02:19.774604 
2016-05-29 17:02:19.774622 : ## process/grounding/factor/inf_imply_has_spouse_has_spouse/dump_weights #####
2016-05-29 17:02:19.774639 : # Done: 2016-05-29T12:22:06-0700 (4h 40m 12s ago)
2016-05-29 17:02:19.774657 : process/grounding/factor/inf_imply_has_spouse_has_spouse/dump_weights/run.sh
2016-05-29 17:02:19.774676 : mark_done process/grounding/factor/inf_imply_has_spouse_has_spouse/dump_weights
2016-05-29 17:02:19.774693 : ##############################################################################
2016-05-29 17:02:19.774711 
2016-05-29 17:02:19.774729 : ## process/grounding/factor/inf_istrue_has_spouse/assign_weight_id ###########
2016-05-29 17:02:19.774748 : # Done: 2016-05-29T12:22:07-0700 (4h 40m 11s ago)
2016-05-29 17:02:19.774766 : process/grounding/factor/inf_istrue_has_spouse/assign_weight_id/run.sh
2016-05-29 17:02:19.774785 : mark_done process/grounding/factor/inf_istrue_has_spouse/assign_weight_id
2016-05-29 17:02:19.774803 : ##############################################################################
2016-05-29 17:02:19.774822 
2016-05-29 17:02:19.774840 : ## process/grounding/factor/inf_istrue_has_spouse/dump #######################
2016-05-29 17:02:19.774858 : # Done: 2016-05-29T12:22:08-0700 (4h 40m 10s ago)
2016-05-29 17:02:19.774876 : process/grounding/factor/inf_istrue_has_spouse/dump/run.sh
2016-05-29 17:02:19.774894 : mark_done process/grounding/factor/inf_istrue_has_spouse/dump
2016-05-29 17:02:19.774912 : ##############################################################################
2016-05-29 17:02:19.774931 
2016-05-29 17:02:19.774948 : ## process/grounding/factor/inf_istrue_has_spouse/dump_weights ###############
2016-05-29 17:02:19.774966 : # Done: 2016-05-29T12:22:08-0700 (4h 40m 10s ago)
2016-05-29 17:02:19.774984 : process/grounding/factor/inf_istrue_has_spouse/dump_weights/run.sh
2016-05-29 17:02:19.775002 : mark_done process/grounding/factor/inf_istrue_has_spouse/dump_weights
2016-05-29 17:02:19.775020 : ##############################################################################
2016-05-29 17:02:19.775038 
2016-05-29 17:02:19.775056 : ## process/grounding/global_weight_table #####################################
2016-05-29 17:02:19.775075 : # Done: 2016-05-29T12:22:08-0700 (4h 40m 10s ago)
2016-05-29 17:02:19.775093 : process/grounding/global_weight_table/run.sh
2016-05-29 17:02:19.775112 : mark_done process/grounding/global_weight_table
2016-05-29 17:02:19.775131 : ##############################################################################
2016-05-29 17:02:19.775149 
2016-05-29 17:02:19.775167 : ## process/grounding/variable_holdout ########################################
2016-05-29 17:02:19.775185 : # Done: 2016-05-29T12:22:09-0700 (4h 40m 9s ago)
2016-05-29 17:02:19.775203 : process/grounding/variable_holdout/run.sh
2016-05-29 17:02:19.775221 : mark_done process/grounding/variable_holdout
2016-05-29 17:02:19.775238 : ##############################################################################
2016-05-29 17:02:19.775256 
2016-05-29 17:02:19.775274 : ## process/grounding/variable/has_spouse/dump ################################
2016-05-29 17:02:19.775292 : # Done: 2016-05-29T12:22:09-0700 (4h 40m 9s ago)
2016-05-29 17:02:19.775310 : process/grounding/variable/has_spouse/dump/run.sh
2016-05-29 17:02:19.775328 : mark_done process/grounding/variable/has_spouse/dump
2016-05-29 17:02:19.775346 : ##############################################################################
2016-05-29 17:02:19.775363 
2016-05-29 17:02:19.775381 : ## process/grounding/combine_factorgraph #####################################
2016-05-29 17:02:19.775399 : # Done: 2016-05-29T12:22:10-0700 (4h 40m 8s ago)
2016-05-29 17:02:19.775417 : process/grounding/combine_factorgraph/run.sh
2016-05-29 17:02:19.775435 : mark_done process/grounding/combine_factorgraph
2016-05-29 17:02:19.775453 : ##############################################################################
2016-05-29 17:02:19.775470 
2016-05-29 17:02:19.775488 : ## model/factorgraph #########################################################
2016-05-29 17:02:19.775506 : # Done: 2016-05-29T12:22:10-0700 (4h 40m 8s ago)
2016-05-29 17:02:19.775524 : mark_done model/factorgraph
2016-05-29 17:02:19.775542 : ##############################################################################
2016-05-29 17:02:19.775559 
2016-05-29 17:02:19.775578 : ## process/model/learning ####################################################
2016-05-29 17:02:19.775597 : # Done: 2016-05-29T12:22:22-0700 (4h 39m 56s ago)
2016-05-29 17:02:19.775615 : process/model/learning/run.sh
2016-05-29 17:02:19.775633 : mark_done process/model/learning
2016-05-29 17:02:19.775651 : ##############################################################################
2016-05-29 17:02:19.775669 
2016-05-29 17:02:19.775687 : ## model/weights #############################################################
2016-05-29 17:02:19.775705 : # Done: 2016-05-29T12:22:22-0700 (4h 39m 56s ago)
2016-05-29 17:02:19.775723 : mark_done model/weights
2016-05-29 17:02:19.775741 : ##############################################################################
2016-05-29 17:02:19.775759 
2016-05-29 17:02:19.775777 : ## process/model/inference ###################################################
2016-05-29 17:02:19.775794 : # Done: 2016-05-29T12:22:22-0700 (4h 39m 56s ago)
2016-05-29 17:02:19.775813 : process/model/inference/run.sh
2016-05-29 17:02:19.775830 : mark_done process/model/inference
2016-05-29 17:02:19.775848 : ##############################################################################
2016-05-29 17:02:19.775866 
2016-05-29 17:02:19.775884 : ## model/probabilities #######################################################
2016-05-29 17:02:19.775902 : # Done: 2016-05-29T12:22:22-0700 (4h 39m 56s ago)
2016-05-29 17:02:19.775920 : mark_done model/probabilities
2016-05-29 17:02:19.775938 : ##############################################################################
2016-05-29 17:02:19.775956 
2016-05-29 17:02:19.775974 : ## process/model/load_probabilities ##########################################
2016-05-29 17:02:19.775991 : # Done: 2016-05-29T16:55:37-0700 (6m 41s ago)
2016-05-29 17:02:19.776009 : process/model/load_probabilities/run.sh
2016-05-29 17:02:19.776027 : mark_done process/model/load_probabilities
2016-05-29 17:02:19.776045 : ##############################################################################
2016-05-29 17:02:19.776063 
2016-05-29 17:02:19.776081 : ## data/model/probabilities ##################################################
2016-05-29 17:02:19.776099 : # Done: 2016-05-29T16:55:37-0700 (6m 41s ago)
2016-05-29 17:02:19.776117 : # no-op
2016-05-29 17:02:19.776135 : mark_done data/model/probabilities
2016-05-29 17:02:19.776152 : ##############################################################################
2016-05-29 17:02:19.776170 
2016-05-29 17:02:19.776188 ## process/model/calibration #################################################
2016-05-29 17:02:19.776206 : # Done: 2016-05-29T12:22:23-0700 (4h 39m 55s ago)
2016-05-29 17:02:19.776224 # Done: 2016-05-29T12:22:23-0700 (4h 39m 54s ago)
2016-05-29 17:02:19.776242 process/model/calibration/run.sh
2016-05-29 17:02:19.776260 ++ dirname process/model/calibration/run.sh
2016-05-29 17:02:19.776278 + cd process/model/calibration
2016-05-29 17:02:19.776296 + export DEEPDIVE_CURRENT_PROCESS_NAME=process/model/calibration
2016-05-29 17:02:19.776314 + DEEPDIVE_CURRENT_PROCESS_NAME=process/model/calibration
2016-05-29 17:02:19.776332 + d=../../../model/calibration-plots
2016-05-29 17:02:19.776350 + mkdir -p ../../../model/calibration-plots
2016-05-29 17:02:19.776401 + cd ../../../model/calibration-plots
2016-05-29 17:02:19.776431 + extraOutput=/Users/emerson/Documents/Github/deepdive/examples/coach_nba/run/20160529/170217.287948000/calibration
2016-05-29 17:02:19.776460 + mkdir -p /Users/emerson/Documents/Github/deepdive/examples/coach_nba/run/20160529/170217.287948000/calibration
2016-05-29 17:02:19.776481 + DEEPDIVE_CALIBRATION_NUM_BUCKETS=10
2016-05-29 17:02:19.776503 + deepdive db create_calibration_view has_spouse label
2016-05-29 17:02:19.950738 CREATE VIEW
2016-05-29 17:02:19.952210 + draw_calibration_plot has_spouse label
2016-05-29 17:02:20.251756 + cp -a has_spouse_label.png has_spouse_label.tsv /Users/emerson/Documents/Github/deepdive/examples/coach_nba/run/20160529/170217.287948000/calibration/
2016-05-29 17:02:20.259538 mark_done process/model/calibration
2016-05-29 17:02:20.277088 ##############################################################################
2016-05-29 17:02:20.277143 
2016-05-29 17:02:20.277164 ## model/calibration-plots ###################################################
2016-05-29 17:02:20.277186 : # Done: 2016-05-29T12:22:23-0700 (4h 39m 55s ago)
2016-05-29 17:02:20.277208 # Done: 2016-05-29T12:22:23-0700 (4h 39m 54s ago)
2016-05-29 17:02:20.277256 mark_done model/calibration-plots
2016-05-29 17:02:20.296398 ##############################################################################
2016-05-29 17:02:20.296471 
