2016-05-21 15:02:03.792040 # on dhcp-169-233-138-157.cruznet.ucsc.edu: deepdive do has_spouse
2016-05-21 15:02:03.792356 # run/20160521/150201.871518000/plan.sh
2016-05-21 15:02:03.792393 # execution plan for data/has_spouse
2016-05-21 15:02:03.792416 
2016-05-21 15:02:03.792439 : ## process/init/app ##########################################################
2016-05-21 15:02:03.792521 : # Done: 2016-05-20T15:47:44-0700 (23h 14m 18s ago)
2016-05-21 15:02:03.792548 : process/init/app/run.sh
2016-05-21 15:02:03.792569 : mark_done process/init/app
2016-05-21 15:02:03.792588 : ##############################################################################
2016-05-21 15:02:03.792605 
2016-05-21 15:02:03.792624 : ## process/init/relation/articles ############################################
2016-05-21 15:02:03.792678 : # Done: 2016-05-20T19:16:48-0700 (19h 45m 14s ago)
2016-05-21 15:02:03.792706 : process/init/relation/articles/run.sh
2016-05-21 15:02:03.792908 : mark_done process/init/relation/articles
2016-05-21 15:02:03.792937 : ##############################################################################
2016-05-21 15:02:03.792961 
2016-05-21 15:02:03.792984 : ## data/articles #############################################################
2016-05-21 15:02:03.793004 : # Done: 2016-05-20T19:16:48-0700 (19h 45m 14s ago)
2016-05-21 15:02:03.793024 : # no-op
2016-05-21 15:02:03.793044 : mark_done data/articles
2016-05-21 15:02:03.793065 : ##############################################################################
2016-05-21 15:02:03.793119 
2016-05-21 15:02:03.793139 : ## process/ext_sentences_by_nlp_markup #######################################
2016-05-21 15:02:03.793158 : # Done: 2016-05-20T19:20:04-0700 (19h 41m 58s ago)
2016-05-21 15:02:03.793177 : process/ext_sentences_by_nlp_markup/run.sh
2016-05-21 15:02:03.793196 : mark_done process/ext_sentences_by_nlp_markup
2016-05-21 15:02:03.793286 : ##############################################################################
2016-05-21 15:02:03.793314 
2016-05-21 15:02:03.793335 : ## data/sentences ############################################################
2016-05-21 15:02:03.793356 : # Done: 2016-05-20T19:20:04-0700 (19h 41m 58s ago)
2016-05-21 15:02:03.793376 : # no-op
2016-05-21 15:02:03.793395 : mark_done data/sentences
2016-05-21 15:02:03.793415 : ##############################################################################
2016-05-21 15:02:03.793436 
2016-05-21 15:02:03.793455 : ## process/ext_person_mention_by_map_person_mention ##########################
2016-05-21 15:02:03.793476 : # Done: 2016-05-20T20:58:22-0700 (18h 3m 40s ago)
2016-05-21 15:02:03.793495 : process/ext_person_mention_by_map_person_mention/run.sh
2016-05-21 15:02:03.793515 : mark_done process/ext_person_mention_by_map_person_mention
2016-05-21 15:02:03.793534 : ##############################################################################
2016-05-21 15:02:03.793554 
2016-05-21 15:02:03.793574 : ## data/person_mention #######################################################
2016-05-21 15:02:03.793593 : # Done: 2016-05-20T20:58:22-0700 (18h 3m 40s ago)
2016-05-21 15:02:03.793611 : # no-op
2016-05-21 15:02:03.793630 : mark_done data/person_mention
2016-05-21 15:02:03.793649 : ##############################################################################
2016-05-21 15:02:03.793668 
2016-05-21 15:02:03.793688 : ## process/ext_num_people ####################################################
2016-05-21 15:02:03.793708 : # Done: 2016-05-20T21:35:41-0700 (17h 26m 21s ago)
2016-05-21 15:02:03.793728 : process/ext_num_people/run.sh
2016-05-21 15:02:03.793747 : mark_done process/ext_num_people
2016-05-21 15:02:03.793769 : ##############################################################################
2016-05-21 15:02:03.793820 
2016-05-21 15:02:03.793848 : ## data/num_people ###########################################################
2016-05-21 15:02:03.793871 : # Done: 2016-05-20T21:35:41-0700 (17h 26m 21s ago)
2016-05-21 15:02:03.793891 : # no-op
2016-05-21 15:02:03.793912 : mark_done data/num_people
2016-05-21 15:02:03.793933 : ##############################################################################
2016-05-21 15:02:03.793954 
2016-05-21 15:02:03.793975 : ## process/ext_team_mention_by_map_team_mention ##############################
2016-05-21 15:02:03.794025 : # Done: 2016-05-20T21:23:06-0700 (17h 38m 56s ago)
2016-05-21 15:02:03.794050 : process/ext_team_mention_by_map_team_mention/run.sh
2016-05-21 15:02:03.794072 : mark_done process/ext_team_mention_by_map_team_mention
2016-05-21 15:02:03.794093 : ##############################################################################
2016-05-21 15:02:03.794115 
2016-05-21 15:02:03.794144 : ## data/team_mention #########################################################
2016-05-21 15:02:03.794167 : # Done: 2016-05-20T22:05:04-0700 (16h 56m 58s ago)
2016-05-21 15:02:03.794189 : # no-op
2016-05-21 15:02:03.794212 : mark_done data/team_mention
2016-05-21 15:02:03.794235 : ##############################################################################
2016-05-21 15:02:03.794256 
2016-05-21 15:02:03.794277 : ## process/ext_spouse_candidate ##############################################
2016-05-21 15:02:03.794299 : # Done: 2016-05-20T22:17:52-0700 (16h 44m 10s ago)
2016-05-21 15:02:03.794322 : process/ext_spouse_candidate/run.sh
2016-05-21 15:02:03.794346 : mark_done process/ext_spouse_candidate
2016-05-21 15:02:03.794368 : ##############################################################################
2016-05-21 15:02:03.794391 
2016-05-21 15:02:03.794415 : ## data/spouse_candidate #####################################################
2016-05-21 15:02:03.794438 : # Done: 2016-05-20T22:17:52-0700 (16h 44m 10s ago)
2016-05-21 15:02:03.794461 : # no-op
2016-05-21 15:02:03.794481 : mark_done data/spouse_candidate
2016-05-21 15:02:03.794503 : ##############################################################################
2016-05-21 15:02:03.794526 
2016-05-21 15:02:03.794549 : ## process/ext_spouse_label__0_by_supervise ##################################
2016-05-21 15:02:03.794570 : # Done: 2016-05-20T22:17:53-0700 (16h 44m 9s ago)
2016-05-21 15:02:03.794594 : process/ext_spouse_label__0_by_supervise/run.sh
2016-05-21 15:02:03.794617 : mark_done process/ext_spouse_label__0_by_supervise
2016-05-21 15:02:03.794641 : ##############################################################################
2016-05-21 15:02:03.794663 
2016-05-21 15:02:03.794681 : ## data/spouse_label__0 ######################################################
2016-05-21 15:02:03.794700 : # Done: 2016-05-20T22:17:53-0700 (16h 44m 9s ago)
2016-05-21 15:02:03.794720 : # no-op
2016-05-21 15:02:03.794743 : mark_done data/spouse_label__0
2016-05-21 15:02:03.794766 : ##############################################################################
2016-05-21 15:02:03.794787 
2016-05-21 15:02:03.794808 : ## process/init/relation/spouses_dbpedia #####################################
2016-05-21 15:02:03.794826 : # Done: 2016-05-21T12:09:26-0700 (2h 52m 36s ago)
2016-05-21 15:02:03.794848 : process/init/relation/spouses_dbpedia/run.sh
2016-05-21 15:02:03.794871 : mark_done process/init/relation/spouses_dbpedia
2016-05-21 15:02:03.794894 : ##############################################################################
2016-05-21 15:02:03.794917 
2016-05-21 15:02:03.794938 : ## data/spouses_dbpedia ######################################################
2016-05-21 15:02:03.794959 : # Done: 2016-05-21T12:09:26-0700 (2h 52m 36s ago)
2016-05-21 15:02:03.794982 : # no-op
2016-05-21 15:02:03.795005 : mark_done data/spouses_dbpedia
2016-05-21 15:02:03.795029 : ##############################################################################
2016-05-21 15:02:03.795049 
2016-05-21 15:02:03.795081 ## process/ext_spouse_label ##################################################
2016-05-21 15:02:03.795112 : # Done: 2016-05-20T22:17:55-0700 (16h 44m 7s ago)
2016-05-21 15:02:03.795131 # Done: 2016-05-20T22:17:55-0700 (16h 44m 6s ago)
2016-05-21 15:02:03.795154 process/ext_spouse_label/run.sh
2016-05-21 15:02:03.795175 ++ dirname process/ext_spouse_label/run.sh
2016-05-21 15:02:03.795195 + cd process/ext_spouse_label
2016-05-21 15:02:03.795245 + export DEEPDIVE_CURRENT_PROCESS_NAME=process/ext_spouse_label
2016-05-21 15:02:03.795276 + DEEPDIVE_CURRENT_PROCESS_NAME=process/ext_spouse_label
2016-05-21 15:02:03.795302 + deepdive create table spouse_label
2016-05-21 15:02:03.904022 CREATE TABLE
2016-05-21 15:02:03.905280 + deepdive sql 'INSERT INTO spouse_label SELECT R0.p_id AS "spouse_candidate.R0.p_id", R0.t_id AS "spouse_candidate.R0.t_id", 0 AS column_2, NULL AS column_3
2016-05-21 15:02:03.905344 FROM spouse_candidate R0
2016-05-21 15:02:03.905384         
2016-05-21 15:02:03.905413 UNION ALL
2016-05-21 15:02:03.905433 SELECT R0.p_id AS "spouse_candidate.R0.p_id", R0.t_id AS "spouse_candidate.R0.t_id", 1 AS column_2, '\''from_dbpedia'\'' AS column_3
2016-05-21 15:02:03.905452 FROM spouse_candidate R0, spouses_dbpedia R1
2016-05-21 15:02:03.905472         WHERE ((lower(R1.p_name) = lower(R0.p_name) AND lower(R1.t_name) = lower(R0.p_name)) OR (lower(R1.t_name) = lower(R0.t_name) AND lower(R1.p_name) = lower(R0.t_name)))
2016-05-21 15:02:03.905494 UNION ALL
2016-05-21 15:02:03.905514 SELECT R0.p_id AS "spouse_label__0.R0.p_id", R0.t_id AS "spouse_label__0.R0.t_id", R0.label AS "spouse_label__0.R0.label", R0.rule_id AS "spouse_label__0.R0.rule_id"
2016-05-21 15:02:03.905535 FROM spouse_label__0 R0
2016-05-21 15:02:03.905555         '
2016-05-21 15:02:03.982568 ERROR:  column r0.p_id does not exist
2016-05-21 15:02:03.982640 LINE 9: SELECT R0.p_id AS "spouse_label__0.R0.p_id", R0.t_id AS "spo...
2016-05-21 15:02:03.982671                ^
2016-05-21 15:02:03.982695 HINT:  Perhaps you meant to reference the column "r0.p1_id" or the column "r0.p2_id".
