2016-05-22 12:14:33.601109 # on eduroam-169-233-210-202.ucsc.edu: deepdive do spouse_candidate
2016-05-22 12:14:33.601720 # run/20160522/121431.800113000/plan.sh
2016-05-22 12:14:33.601760 # execution plan for data/spouse_candidate
2016-05-22 12:14:33.601803 
2016-05-22 12:14:33.601837 : ## process/init/app ##########################################################
2016-05-22 12:14:33.601860 : # Done: 2016-05-22T11:25:05-0700 (49m 26s ago)
2016-05-22 12:14:33.601879 : process/init/app/run.sh
2016-05-22 12:14:33.601898 : mark_done process/init/app
2016-05-22 12:14:33.601920 : ##############################################################################
2016-05-22 12:14:33.601942 
2016-05-22 12:14:33.601963 : ## process/init/relation/articles ############################################
2016-05-22 12:14:33.601983 : # Done: 2016-05-22T11:55:52-0700 (18m 40s ago)
2016-05-22 12:14:33.602001 : process/init/relation/articles/run.sh
2016-05-22 12:14:33.602018 : mark_done process/init/relation/articles
2016-05-22 12:14:33.602036 : ##############################################################################
2016-05-22 12:14:33.602055 
2016-05-22 12:14:33.602075 : ## data/articles #############################################################
2016-05-22 12:14:33.602092 : # Done: 2016-05-22T11:55:52-0700 (18m 40s ago)
2016-05-22 12:14:33.602114 : # no-op
2016-05-22 12:14:33.602134 : mark_done data/articles
2016-05-22 12:14:33.602153 : ##############################################################################
2016-05-22 12:14:33.602172 
2016-05-22 12:14:33.602192 : ## process/ext_sentences_by_nlp_markup #######################################
2016-05-22 12:14:33.602214 : # Done: 2016-05-22T11:57:59-0700 (16m 33s ago)
2016-05-22 12:14:33.602235 : process/ext_sentences_by_nlp_markup/run.sh
2016-05-22 12:14:33.602255 : mark_done process/ext_sentences_by_nlp_markup
2016-05-22 12:14:33.602275 : ##############################################################################
2016-05-22 12:14:33.602296 
2016-05-22 12:14:33.602316 : ## data/sentences ############################################################
2016-05-22 12:14:33.602335 : # Done: 2016-05-22T11:57:59-0700 (16m 33s ago)
2016-05-22 12:14:33.602355 : # no-op
2016-05-22 12:14:33.602376 : mark_done data/sentences
2016-05-22 12:14:33.602396 : ##############################################################################
2016-05-22 12:14:33.602418 
2016-05-22 12:14:33.602440 : ## process/ext_person_mention_by_map_person_mention ##########################
2016-05-22 12:14:33.602462 : # Done: 2016-05-22T12:13:47-0700 (45s ago)
2016-05-22 12:14:33.602483 : process/ext_person_mention_by_map_person_mention/run.sh
2016-05-22 12:14:33.602502 : mark_done process/ext_person_mention_by_map_person_mention
2016-05-22 12:14:33.602522 : ##############################################################################
2016-05-22 12:14:33.602542 
2016-05-22 12:14:33.602562 : ## data/person_mention #######################################################
2016-05-22 12:14:33.602585 : # Done: 2016-05-22T12:13:47-0700 (45s ago)
2016-05-22 12:14:33.602605 : # no-op
2016-05-22 12:14:33.602624 : mark_done data/person_mention
2016-05-22 12:14:33.602644 : ##############################################################################
2016-05-22 12:14:33.602665 
2016-05-22 12:14:33.602687 ## process/ext_num_people ####################################################
2016-05-22 12:14:33.602709 : # Done: 2016-05-22T11:26:26-0700 (48m 6s ago)
2016-05-22 12:14:33.602728 # Done: 2016-05-22T11:26:26-0700 (48m 5s ago)
2016-05-22 12:14:33.602745 process/ext_num_people/run.sh
2016-05-22 12:14:33.602761 ++ dirname process/ext_num_people/run.sh
2016-05-22 12:14:33.602777 + cd process/ext_num_people
2016-05-22 12:14:33.602793 + export DEEPDIVE_CURRENT_PROCESS_NAME=process/ext_num_people
2016-05-22 12:14:33.602811 + DEEPDIVE_CURRENT_PROCESS_NAME=process/ext_num_people
2016-05-22 12:14:33.602829 + deepdive create view num_people as 'SELECT R0.doc_id AS column_0, R0.sentence_index AS column_1, COUNT(R0.mention_id) AS column_2
2016-05-22 12:14:33.602847 FROM person_mention R0
2016-05-22 12:14:33.602864         
2016-05-22 12:14:33.602881         GROUP BY R0.doc_id, R0.sentence_index'
2016-05-22 12:14:33.759666 CREATE VIEW
2016-05-22 12:14:33.760918 mark_done process/ext_num_people
2016-05-22 12:14:33.776661 ##############################################################################
2016-05-22 12:14:33.776735 
2016-05-22 12:14:33.776777 ## data/num_people ###########################################################
2016-05-22 12:14:33.776815 : # Done: 2016-05-22T11:26:26-0700 (48m 6s ago)
2016-05-22 12:14:33.776837 # Done: 2016-05-22T11:26:26-0700 (48m 5s ago)
2016-05-22 12:14:33.776857 # no-op
2016-05-22 12:14:33.776880 mark_done data/num_people
2016-05-22 12:14:33.792240 ##############################################################################
2016-05-22 12:14:33.792311 
2016-05-22 12:14:33.792332 : ## process/ext_team_mention_by_map_team_mention ##############################
2016-05-22 12:14:33.792354 : # Done: 2016-05-22T12:14:14-0700 (18s ago)
2016-05-22 12:14:33.792376 : process/ext_team_mention_by_map_team_mention/run.sh
2016-05-22 12:14:33.792395 : mark_done process/ext_team_mention_by_map_team_mention
2016-05-22 12:14:33.792414 : ##############################################################################
2016-05-22 12:14:33.792474 
2016-05-22 12:14:33.792498 : ## data/team_mention #########################################################
2016-05-22 12:14:33.792521 : # Done: 2016-05-22T12:14:14-0700 (18s ago)
2016-05-22 12:14:33.792541 : # no-op
2016-05-22 12:14:33.792560 : mark_done data/team_mention
2016-05-22 12:14:33.792578 : ##############################################################################
2016-05-22 12:14:33.792597 
2016-05-22 12:14:33.792615 ## process/ext_spouse_candidate ##############################################
2016-05-22 12:14:33.792635 : # Done: 2016-05-22T11:26:27-0700 (48m 5s ago)
2016-05-22 12:14:33.792657 # Done: 2016-05-22T11:26:27-0700 (48m 4s ago)
2016-05-22 12:14:33.792678 process/ext_spouse_candidate/run.sh
2016-05-22 12:14:33.801801 ++ dirname process/ext_spouse_candidate/run.sh
2016-05-22 12:14:33.806428 + cd process/ext_spouse_candidate
2016-05-22 12:14:33.806526 + export DEEPDIVE_CURRENT_PROCESS_NAME=process/ext_spouse_candidate
2016-05-22 12:14:33.806564 + DEEPDIVE_CURRENT_PROCESS_NAME=process/ext_spouse_candidate
2016-05-22 12:14:33.806617 + deepdive create table spouse_candidate
2016-05-22 12:14:33.941814 CREATE TABLE
2016-05-22 12:14:33.942793 + deepdive sql 'INSERT INTO spouse_candidate SELECT R1.mention_id AS "person_mention.R1.mention_id", R1.mention_text AS "person_mention.R1.mention_text", R2.team_id AS "team_mention.R2.team_id", R2.team_text AS "team_mention.R2.team_text"
2016-05-22 12:14:33.942858 FROM num_people R0, person_mention R1, team_mention R2
2016-05-22 12:14:33.942881         WHERE R1.doc_id = R0.column_0  AND R1.sentence_index = R0.column_1  AND R2.doc_id = R0.column_0  AND R2.sentence_index = R0.column_1  AND R0.column_2 < 3'
2016-05-22 12:14:34.027787 INSERT 0 103
2016-05-22 12:14:34.029024 mark_done process/ext_spouse_candidate
2016-05-22 12:14:34.044424 ##############################################################################
2016-05-22 12:14:34.044493 
2016-05-22 12:14:34.044514 ## data/spouse_candidate #####################################################
2016-05-22 12:14:34.044535 : # Done: 2016-05-22T11:26:27-0700 (48m 5s ago)
2016-05-22 12:14:34.044555 # Done: 2016-05-22T11:26:27-0700 (48m 4s ago)
2016-05-22 12:14:34.044594 # no-op
2016-05-22 12:14:34.044618 mark_done data/spouse_candidate
2016-05-22 12:14:34.060070 ##############################################################################
2016-05-22 12:14:34.060144 
