2016-05-21 15:32:18.621391 # on dhcp-169-233-138-157.cruznet.ucsc.edu: deepdive do probabilities
2016-05-21 15:32:18.621678 # run/20160521/153214.778994000/plan.sh
2016-05-21 15:32:18.621699 # execution plan for data/model/probabilities
2016-05-21 15:32:18.621718 
2016-05-21 15:32:18.621739 : ## process/init/app ##########################################################
2016-05-21 15:32:18.621760 : # Done: 2016-05-20T15:47:44-0700 (23h 44m 31s ago)
2016-05-21 15:32:18.621779 : process/init/app/run.sh
2016-05-21 15:32:18.621798 : mark_done process/init/app
2016-05-21 15:32:18.621846 : ##############################################################################
2016-05-21 15:32:18.621875 
2016-05-21 15:32:18.621898 : ## process/init/relation/articles ############################################
2016-05-21 15:32:18.621920 : # Done: 2016-05-20T19:16:48-0700 (20h 15m 27s ago)
2016-05-21 15:32:18.621942 : process/init/relation/articles/run.sh
2016-05-21 15:32:18.621963 : mark_done process/init/relation/articles
2016-05-21 15:32:18.621984 : ##############################################################################
2016-05-21 15:32:18.622006 
2016-05-21 15:32:18.622028 : ## data/articles #############################################################
2016-05-21 15:32:18.622050 : # Done: 2016-05-20T19:16:48-0700 (20h 15m 27s ago)
2016-05-21 15:32:18.622072 : # no-op
2016-05-21 15:32:18.622092 : mark_done data/articles
2016-05-21 15:32:18.622114 : ##############################################################################
2016-05-21 15:32:18.622135 
2016-05-21 15:32:18.622155 : ## process/ext_sentences_by_nlp_markup #######################################
2016-05-21 15:32:18.622175 : # Done: 2016-05-20T19:20:04-0700 (20h 12m 11s ago)
2016-05-21 15:32:18.622195 : process/ext_sentences_by_nlp_markup/run.sh
2016-05-21 15:32:18.622215 : mark_done process/ext_sentences_by_nlp_markup
2016-05-21 15:32:18.622237 : ##############################################################################
2016-05-21 15:32:18.622264 
2016-05-21 15:32:18.622287 : ## data/sentences ############################################################
2016-05-21 15:32:18.622307 : # Done: 2016-05-20T19:20:04-0700 (20h 12m 11s ago)
2016-05-21 15:32:18.622328 : # no-op
2016-05-21 15:32:18.622348 : mark_done data/sentences
2016-05-21 15:32:18.622369 : ##############################################################################
2016-05-21 15:32:18.622391 
2016-05-21 15:32:18.622411 : ## process/ext_person_mention_by_map_person_mention ##########################
2016-05-21 15:32:18.622433 : # Done: 2016-05-20T20:58:22-0700 (18h 33m 53s ago)
2016-05-21 15:32:18.622453 : process/ext_person_mention_by_map_person_mention/run.sh
2016-05-21 15:32:18.622473 : mark_done process/ext_person_mention_by_map_person_mention
2016-05-21 15:32:18.622493 : ##############################################################################
2016-05-21 15:32:18.622514 
2016-05-21 15:32:18.622535 : ## data/person_mention #######################################################
2016-05-21 15:32:18.622557 : # Done: 2016-05-20T20:58:22-0700 (18h 33m 53s ago)
2016-05-21 15:32:18.622578 : # no-op
2016-05-21 15:32:18.622599 : mark_done data/person_mention
2016-05-21 15:32:18.622621 : ##############################################################################
2016-05-21 15:32:18.622642 
2016-05-21 15:32:18.622663 : ## process/ext_num_people ####################################################
2016-05-21 15:32:18.622685 : # Done: 2016-05-20T21:35:41-0700 (17h 56m 34s ago)
2016-05-21 15:32:18.622706 : process/ext_num_people/run.sh
2016-05-21 15:32:18.622727 : mark_done process/ext_num_people
2016-05-21 15:32:18.622748 : ##############################################################################
2016-05-21 15:32:18.622768 
2016-05-21 15:32:18.622790 : ## data/num_people ###########################################################
2016-05-21 15:32:18.622811 : # Done: 2016-05-20T21:35:41-0700 (17h 56m 34s ago)
2016-05-21 15:32:18.622832 : # no-op
2016-05-21 15:32:18.622853 : mark_done data/num_people
2016-05-21 15:32:18.622874 : ##############################################################################
2016-05-21 15:32:18.622894 
2016-05-21 15:32:18.622914 : ## process/ext_team_mention_by_map_team_mention ##############################
2016-05-21 15:32:18.622935 : # Done: 2016-05-20T21:23:06-0700 (18h 9m 9s ago)
2016-05-21 15:32:18.622955 : process/ext_team_mention_by_map_team_mention/run.sh
2016-05-21 15:32:18.622975 : mark_done process/ext_team_mention_by_map_team_mention
2016-05-21 15:32:18.622995 : ##############################################################################
2016-05-21 15:32:18.623015 
2016-05-21 15:32:18.623036 : ## data/team_mention #########################################################
2016-05-21 15:32:18.623057 : # Done: 2016-05-20T22:05:04-0700 (17h 27m 11s ago)
2016-05-21 15:32:18.623078 : # no-op
2016-05-21 15:32:18.623099 : mark_done data/team_mention
2016-05-21 15:32:18.623120 : ##############################################################################
2016-05-21 15:32:18.623141 
2016-05-21 15:32:18.623161 : ## process/ext_spouse_candidate ##############################################
2016-05-21 15:32:18.623180 : # Done: 2016-05-20T22:17:52-0700 (17h 14m 23s ago)
2016-05-21 15:32:18.623199 : process/ext_spouse_candidate/run.sh
2016-05-21 15:32:18.623220 : mark_done process/ext_spouse_candidate
2016-05-21 15:32:18.623241 : ##############################################################################
2016-05-21 15:32:18.623262 
2016-05-21 15:32:18.623283 : ## data/spouse_candidate #####################################################
2016-05-21 15:32:18.623305 : # Done: 2016-05-20T22:17:52-0700 (17h 14m 23s ago)
2016-05-21 15:32:18.623325 : # no-op
2016-05-21 15:32:18.623346 : mark_done data/spouse_candidate
2016-05-21 15:32:18.623366 : ##############################################################################
2016-05-21 15:32:18.623392 
2016-05-21 15:32:18.623414 : ## process/ext_spouse_label__0_by_supervise ##################################
2016-05-21 15:32:18.623435 : # Done: 2016-05-20T22:17:53-0700 (17h 14m 22s ago)
2016-05-21 15:32:18.623455 : process/ext_spouse_label__0_by_supervise/run.sh
2016-05-21 15:32:18.623477 : mark_done process/ext_spouse_label__0_by_supervise
2016-05-21 15:32:18.623498 : ##############################################################################
2016-05-21 15:32:18.623519 
2016-05-21 15:32:18.623540 : ## data/spouse_label__0 ######################################################
2016-05-21 15:32:18.623560 : # Done: 2016-05-20T22:17:53-0700 (17h 14m 22s ago)
2016-05-21 15:32:18.623581 : # no-op
2016-05-21 15:32:18.623602 : mark_done data/spouse_label__0
2016-05-21 15:32:18.623624 : ##############################################################################
2016-05-21 15:32:18.623646 
2016-05-21 15:32:18.623667 : ## process/init/relation/spouses_dbpedia #####################################
2016-05-21 15:32:18.623686 : # Done: 2016-05-21T12:09:26-0700 (3h 22m 49s ago)
2016-05-21 15:32:18.623707 : process/init/relation/spouses_dbpedia/run.sh
2016-05-21 15:32:18.623726 : mark_done process/init/relation/spouses_dbpedia
2016-05-21 15:32:18.623747 : ##############################################################################
2016-05-21 15:32:18.623768 
2016-05-21 15:32:18.623838 : ## data/spouses_dbpedia ######################################################
2016-05-21 15:32:18.623868 : # Done: 2016-05-21T12:09:26-0700 (3h 22m 49s ago)
2016-05-21 15:32:18.623890 : # no-op
2016-05-21 15:32:18.623912 : mark_done data/spouses_dbpedia
2016-05-21 15:32:18.623932 : ##############################################################################
2016-05-21 15:32:18.623953 
2016-05-21 15:32:18.623974 : ## process/ext_spouse_label ##################################################
2016-05-21 15:32:18.623995 : # Done: 2016-05-21T15:28:40-0700 (3m 35s ago)
2016-05-21 15:32:18.624016 : process/ext_spouse_label/run.sh
2016-05-21 15:32:18.624036 : mark_done process/ext_spouse_label
2016-05-21 15:32:18.624057 : ##############################################################################
2016-05-21 15:32:18.624077 
2016-05-21 15:32:18.624097 : ## data/spouse_label #########################################################
2016-05-21 15:32:18.624117 : # Done: 2016-05-21T15:28:40-0700 (3m 35s ago)
2016-05-21 15:32:18.624137 : # no-op
2016-05-21 15:32:18.624156 : mark_done data/spouse_label
2016-05-21 15:32:18.624177 : ##############################################################################
2016-05-21 15:32:18.624197 
2016-05-21 15:32:18.624218 : ## process/ext_spouse_label_resolved #########################################
2016-05-21 15:32:18.624239 : # Done: 2016-05-21T15:28:41-0700 (3m 34s ago)
2016-05-21 15:32:18.624260 : process/ext_spouse_label_resolved/run.sh
2016-05-21 15:32:18.624281 : mark_done process/ext_spouse_label_resolved
2016-05-21 15:32:18.624302 : ##############################################################################
2016-05-21 15:32:18.624323 
2016-05-21 15:32:18.624344 : ## data/spouse_label_resolved ################################################
2016-05-21 15:32:18.624364 : # Done: 2016-05-21T15:28:41-0700 (3m 34s ago)
2016-05-21 15:32:18.624386 : # no-op
2016-05-21 15:32:18.624407 : mark_done data/spouse_label_resolved
2016-05-21 15:32:18.624428 : ##############################################################################
2016-05-21 15:32:18.624450 
2016-05-21 15:32:18.624471 : ## process/ext_has_spouse ####################################################
2016-05-21 15:32:18.624491 : # Done: 2016-05-21T15:30:30-0700 (1m 45s ago)
2016-05-21 15:32:18.624512 : process/ext_has_spouse/run.sh
2016-05-21 15:32:18.624533 : mark_done process/ext_has_spouse
2016-05-21 15:32:18.624554 : ##############################################################################
2016-05-21 15:32:18.624575 
2016-05-21 15:32:18.624596 : ## data/has_spouse ###########################################################
2016-05-21 15:32:18.624617 : # Done: 2016-05-21T15:30:30-0700 (1m 45s ago)
2016-05-21 15:32:18.624638 : # no-op
2016-05-21 15:32:18.624659 : mark_done data/has_spouse
2016-05-21 15:32:18.624680 : ##############################################################################
2016-05-21 15:32:18.624701 
2016-05-21 15:32:18.624722 ## process/grounding/variable_id_partition ###################################
2016-05-21 15:32:18.624742 : # Done: 2016-05-20T22:17:55-0700 (17h 14m 20s ago)
2016-05-21 15:32:18.624764 # Done: 2016-05-20T22:17:55-0700 (17h 14m 19s ago)
2016-05-21 15:32:18.624785 process/grounding/variable_id_partition/run.sh
2016-05-21 15:32:18.624806 ++ dirname process/grounding/variable_id_partition/run.sh
2016-05-21 15:32:18.624827 + cd process/grounding/variable_id_partition
2016-05-21 15:32:18.624848 + export DEEPDIVE_CURRENT_PROCESS_NAME=process/grounding/variable_id_partition
2016-05-21 15:32:18.624870 + DEEPDIVE_CURRENT_PROCESS_NAME=process/grounding/variable_id_partition
2016-05-21 15:32:18.624890 + : /Users/emerson/Documents/Github/deepdive/examples/Coach_NBA/run/model/grounding
2016-05-21 15:32:18.624911 + RANGE_BEGIN=0
2016-05-21 15:32:18.624932 + partition_id_range has_spouse
2016-05-21 15:32:18.624953 + variableCountTotal=0
2016-05-21 15:32:18.624974 + read table begin excludeEnd
2016-05-21 15:32:18.694746 + varPath=/Users/emerson/Documents/Github/deepdive/examples/Coach_NBA/run/model/grounding/variable/has_spouse
2016-05-21 15:32:18.694820 + mkdir -p /Users/emerson/Documents/Github/deepdive/examples/Coach_NBA/run/model/grounding/variable/has_spouse
2016-05-21 15:32:18.698223 + cd /Users/emerson/Documents/Github/deepdive/examples/Coach_NBA/run/model/grounding/variable/has_spouse
2016-05-21 15:32:18.698288 + echo 0
2016-05-21 15:32:18.700716 + echo 103
2016-05-21 15:32:18.706804 + echo 103
2016-05-21 15:32:18.711864 + variableCountTotal=103
2016-05-21 15:32:18.711946 + read table begin excludeEnd
2016-05-21 15:32:18.711979 + echo 103
2016-05-21 15:32:18.718063 mark_done process/grounding/variable_id_partition
2016-05-21 15:32:18.739725 ##############################################################################
2016-05-21 15:32:18.739802 
2016-05-21 15:32:18.739835 ## process/grounding/variable/has_spouse/assign_id ###########################
2016-05-21 15:32:18.739856 : # Done: 2016-05-20T22:17:55-0700 (17h 14m 20s ago)
2016-05-21 15:32:18.739876 # Done: 2016-05-20T22:17:55-0700 (17h 14m 19s ago)
2016-05-21 15:32:18.739898 process/grounding/variable/has_spouse/assign_id/run.sh
2016-05-21 15:32:18.748334 ++ dirname process/grounding/variable/has_spouse/assign_id/run.sh
2016-05-21 15:32:18.751451 + cd process/grounding/variable/has_spouse/assign_id
2016-05-21 15:32:18.751615 + export DEEPDIVE_CURRENT_PROCESS_NAME=process/grounding/variable/has_spouse/assign_id
2016-05-21 15:32:18.751648 + DEEPDIVE_CURRENT_PROCESS_NAME=process/grounding/variable/has_spouse/assign_id
2016-05-21 15:32:18.751675 + : /Users/emerson/Documents/Github/deepdive/examples/Coach_NBA/run/model/grounding
2016-05-21 15:32:18.751698 + table=has_spouse
2016-05-21 15:32:18.751721 + cd /Users/emerson/Documents/Github/deepdive/examples/Coach_NBA/run/model/grounding/variable/has_spouse
2016-05-21 15:32:18.752377 ++ cat id_begin
2016-05-21 15:32:18.759981 + baseId=0
2016-05-21 15:32:18.760066 + deepdive db assign_sequential_id has_spouse id 0
2016-05-21 15:32:18.843573 NOTICE:  sequence "dd_seq_has_spouse_id" does not exist, skipping
2016-05-21 15:32:18.897575 UPDATE 103
2016-05-21 15:32:18.899389 mark_done process/grounding/variable/has_spouse/assign_id
2016-05-21 15:32:18.918394 ##############################################################################
2016-05-21 15:32:18.918464 
2016-05-21 15:32:18.918485 ## process/grounding/factor/inf1_imply_has_spouse_has_spouse/materialize #####
2016-05-21 15:32:18.918506 : # Done: 2016-05-20T15:47:44-0700 (23h 44m 31s ago)
2016-05-21 15:32:18.918527 # Done: 2016-05-20T15:47:44-0700 (23h 44m 30s ago)
2016-05-21 15:32:18.918547 process/grounding/factor/inf1_imply_has_spouse_has_spouse/materialize/run.sh
2016-05-21 15:32:18.927216 ++ dirname process/grounding/factor/inf1_imply_has_spouse_has_spouse/materialize/run.sh
2016-05-21 15:32:18.930255 + cd process/grounding/factor/inf1_imply_has_spouse_has_spouse/materialize
2016-05-21 15:32:18.930373 + export DEEPDIVE_CURRENT_PROCESS_NAME=process/grounding/factor/inf1_imply_has_spouse_has_spouse/materialize
2016-05-21 15:32:18.930419 + DEEPDIVE_CURRENT_PROCESS_NAME=process/grounding/factor/inf1_imply_has_spouse_has_spouse/materialize
2016-05-21 15:32:18.930463 + : /Users/emerson/Documents/Github/deepdive/examples/Coach_NBA/run/model/grounding
2016-05-21 15:32:18.930528 + deepdive create table dd_factors_inf1_imply_has_spouse_has_spouse as '
2016-05-21 15:32:18.930555           SELECT R0.id AS "has_spouse.R0.id" , R0.id AS "has_spouse.R0.id" 
2016-05-21 15:32:18.930582           FROM has_spouse R0, has_spouse R1, spouse_candidate R2, spouse_candidate R3, spouse_candidate R4
2016-05-21 15:32:18.930615         WHERE R1.p_id = R0.p_id  AND R1.t_id = R0.t_id  AND R2.p_id = R0.p_id  AND R2.t_id = R0.t_id  AND R3.t_id = R0.t_id  AND R4.p_id = R0.p_id '
2016-05-21 15:32:19.137045 ERROR:  column "has_spouse.R0.id" specified more than once
