2016-05-19 23:12:23.859103 # on dhcp-169-233-138-157.cruznet.ucsc.edu: deepdive do sentences
2016-05-19 23:12:23.859385 # run/20160519/231222.513633000/plan.sh
2016-05-19 23:12:23.859405 # execution plan for data/sentences
2016-05-19 23:12:23.859425 
2016-05-19 23:12:23.859446 : ## process/init/app ##########################################################
2016-05-19 23:12:23.859467 : # Done: 2016-05-19T22:12:14-0700 (1h 8s ago)
2016-05-19 23:12:23.859486 : process/init/app/run.sh
2016-05-19 23:12:23.859505 : mark_done process/init/app
2016-05-19 23:12:23.859526 : ##############################################################################
2016-05-19 23:12:23.859546 
2016-05-19 23:12:23.859568 : ## process/init/relation/articles ############################################
2016-05-19 23:12:23.859587 : # Done: 2016-05-19T23:07:59-0700 (4m 23s ago)
2016-05-19 23:12:23.859606 : process/init/relation/articles/run.sh
2016-05-19 23:12:23.859625 : mark_done process/init/relation/articles
2016-05-19 23:12:23.859644 : ##############################################################################
2016-05-19 23:12:23.859662 
2016-05-19 23:12:23.859694 : ## data/articles #############################################################
2016-05-19 23:12:23.859723 : # Done: 2016-05-19T23:07:59-0700 (4m 23s ago)
2016-05-19 23:12:23.859744 : # no-op
2016-05-19 23:12:23.859765 : mark_done data/articles
2016-05-19 23:12:23.859786 : ##############################################################################
2016-05-19 23:12:23.859804 
2016-05-19 23:12:23.859823 ## process/ext_sentences_by_nlp_markup #######################################
2016-05-19 23:12:23.859844 # Done: 2016-05-19T22:13:54-0700 (58m 28s ago)
2016-05-19 23:12:23.859864 process/ext_sentences_by_nlp_markup/run.sh
2016-05-19 23:12:23.859885 ++ dirname process/ext_sentences_by_nlp_markup/run.sh
2016-05-19 23:12:23.859905 + cd process/ext_sentences_by_nlp_markup
2016-05-19 23:12:23.859924 + export DEEPDIVE_CURRENT_PROCESS_NAME=process/ext_sentences_by_nlp_markup
2016-05-19 23:12:23.859943 + DEEPDIVE_CURRENT_PROCESS_NAME=process/ext_sentences_by_nlp_markup
2016-05-19 23:12:23.859964 + export DEEPDIVE_LOAD_FORMAT=tsv
2016-05-19 23:12:23.859984 + DEEPDIVE_LOAD_FORMAT=tsv
2016-05-19 23:12:23.860006 + deepdive compute execute 'input_sql= SELECT R0.id AS "articles.R0.id", R0.content AS "articles.R0.content"
2016-05-19 23:12:23.860034 FROM articles R0
2016-05-19 23:12:23.860054         
2016-05-19 23:12:23.860072           ' 'command="$DEEPDIVE_APP"/udf/nlp_markup.sh' output_relation=sentences
2016-05-19 23:12:23.898986 Executing with the following configuration:
2016-05-19 23:12:23.899090  DEEPDIVE_NUM_PROCESSES=3
2016-05-19 23:12:23.899129  DEEPDIVE_NUM_PARALLEL_UNLOADS=1
2016-05-19 23:12:23.899162  DEEPDIVE_NUM_PARALLEL_LOADS=1
2016-05-19 23:12:23.899194  output_relation_tmp=dd_tmp_sentences
2016-05-19 23:12:23.899220 
2016-05-19 23:12:24.185262 CREATE TABLE
2016-05-19 23:12:24.327480 CREATE TABLE
2016-05-19 23:12:24.541494 unloading to feed_processes-1: ' SELECT R0.id AS "articles.R0.id", R0.content AS "articles.R0.content"
2016-05-19 23:12:24.541553 FROM articles R0
2016-05-19 23:12:24.541608         
2016-05-19 23:12:24.541633           '
2016-05-19 23:12:24.609425 Loading dd_tmp_sentences from output_computed-1 (tsv format)
2016-05-19 23:12:25.883027 Parsing with max_len=100Parsing with max_len=100
2016-05-19 23:12:25.883104 
2016-05-19 23:12:25.887445 Parsing with max_len=100
2016-05-19 23:12:26.126936 Adding annotator tokenize
2016-05-19 23:12:26.130376 Adding annotator tokenize
2016-05-19 23:12:26.136481 TokenizerAnnotator: No tokenizer type provided. Defaulting to PTBTokenizer.
2016-05-19 23:12:26.187016 Adding annotator tokenize
2016-05-19 23:12:26.190241 TokenizerAnnotator: No tokenizer type provided. Defaulting to PTBTokenizer.
2016-05-19 23:12:26.195579 Adding annotator cleanxml
2016-05-19 23:12:26.198591 Adding annotator cleanxml
2016-05-19 23:12:26.205908 TokenizerAnnotator: No tokenizer type provided. Defaulting to PTBTokenizer.
2016-05-19 23:12:26.219540 Adding annotator cleanxml
2016-05-19 23:12:26.236832 Adding annotator ssplit
2016-05-19 23:12:26.238619 Adding annotator pos
2016-05-19 23:12:26.263581 Adding annotator ssplit
2016-05-19 23:12:26.265525 Adding annotator pos
2016-05-19 23:12:26.287900 Adding annotator ssplit
2016-05-19 23:12:26.294477 Adding annotator pos
2016-05-19 23:12:29.044428 Reading POS tagger model from edu/stanford/nlp/models/pos-tagger/english-left3words/english-left3words-distsim.taggerReading POS tagger model from edu/stanford/nlp/models/pos-tagger/english-left3words/english-left3words-distsim.tagger ...  ... Reading POS tagger model from edu/stanford/nlp/models/pos-tagger/english-left3words/english-left3words-distsim.tagger ... done [2.7 sec].
2016-05-19 23:12:29.048398 Adding annotator lemma
2016-05-19 23:12:29.049825 Adding annotator ner
2016-05-19 23:12:29.478340 done [3.2 sec].
2016-05-19 23:12:29.478485 Adding annotator lemma
2016-05-19 23:12:29.479375 Adding annotator ner
2016-05-19 23:12:29.657054 done [3.3 sec].
2016-05-19 23:12:29.657625 Adding annotator lemma
2016-05-19 23:12:29.663868 Adding annotator ner
2016-05-19 23:12:38.871994 Loading classifier from edu/stanford/nlp/models/ner/english.all.3class.distsim.crf.ser.gz ... Loading classifier from edu/stanford/nlp/models/ner/english.all.3class.distsim.crf.ser.gz ... Loading classifier from edu/stanford/nlp/models/ner/english.all.3class.distsim.crf.ser.gz ... done [8.5 sec].
2016-05-19 23:12:39.335265 Loading classifier from edu/stanford/nlp/models/ner/english.muc.7class.distsim.crf.ser.gz ... done [9.5 sec].
2016-05-19 23:12:39.526719 Loading classifier from edu/stanford/nlp/models/ner/english.muc.7class.distsim.crf.ser.gz ... done [9.8 sec].
2016-05-19 23:12:43.492300 Loading classifier from edu/stanford/nlp/models/ner/english.muc.7class.distsim.crf.ser.gz ... done [4.6 sec].
2016-05-19 23:12:44.079486 Loading classifier from edu/stanford/nlp/models/ner/english.conll.4class.distsim.crf.ser.gz ... done [4.7 sec].
2016-05-19 23:12:44.705391 Loading classifier from edu/stanford/nlp/models/ner/english.conll.4class.distsim.crf.ser.gz ... done [5.2 sec].
2016-05-19 23:12:56.938000 Loading classifier from edu/stanford/nlp/models/ner/english.conll.4class.distsim.crf.ser.gz ... done [12.9 sec].
2016-05-19 23:12:56.946103 sutime.binder.1.
2016-05-19 23:12:56.946516 Initializing JollyDayHoliday for sutime with classpath:edu/stanford/nlp/models/sutime/jollyday/Holidays_sutime.xml
2016-05-19 23:12:58.185687 Reading TokensRegex rules from edu/stanford/nlp/models/sutime/defs.sutime.txt
2016-05-19 23:12:58.317849 Reading TokensRegex rules from edu/stanford/nlp/models/sutime/english.sutime.txt
2016-05-19 23:12:58.569358 done [15.1 sec].
2016-05-19 23:12:58.572625 sutime.binder.1.
2016-05-19 23:12:58.573124 Initializing JollyDayHoliday for sutime with classpath:edu/stanford/nlp/models/sutime/jollyday/Holidays_sutime.xml
2016-05-19 23:12:59.206325 May 19, 2016 11:12:59 PM edu.stanford.nlp.ling.tokensregex.CoreMapExpressionExtractor appendRules
2016-05-19 23:12:59.206428 信息: Ignoring inactive rule: null
2016-05-19 23:12:59.208027 May 19, 2016 11:12:59 PM edu.stanford.nlp.ling.tokensregex.CoreMapExpressionExtractor appendRules
2016-05-19 23:12:59.208120 信息: Ignoring inactive rule: temporal-composite-8:ranges
2016-05-19 23:12:59.208751 Reading TokensRegex rules from edu/stanford/nlp/models/sutime/english.holidays.sutime.txt
2016-05-19 23:12:59.222094 Adding annotator parse
2016-05-19 23:12:59.822567 Loading parser from serialized file edu/stanford/nlp/models/srparser/englishSR.ser.gz ...Reading TokensRegex rules from edu/stanford/nlp/models/sutime/defs.sutime.txt
2016-05-19 23:12:59.936069 Reading TokensRegex rules from edu/stanford/nlp/models/sutime/english.sutime.txt
2016-05-19 23:13:01.068231 May 19, 2016 11:13:01 PM edu.stanford.nlp.ling.tokensregex.CoreMapExpressionExtractor appendRules
2016-05-19 23:13:01.068305 信息: Ignoring inactive rule: null
2016-05-19 23:13:01.069559 May 19, 2016 11:13:01 PM edu.stanford.nlp.ling.tokensregex.CoreMapExpressionExtractor appendRules
2016-05-19 23:13:01.069618 信息: Ignoring inactive rule: temporal-composite-8:ranges
2016-05-19 23:13:01.070157 Reading TokensRegex rules from edu/stanford/nlp/models/sutime/english.holidays.sutime.txt
2016-05-19 23:13:01.139584 Adding annotator parse
2016-05-19 23:13:03.390775 Loading parser from serialized file edu/stanford/nlp/models/srparser/englishSR.ser.gz ...done [18.7 sec].
2016-05-19 23:13:03.393727 sutime.binder.1.
2016-05-19 23:13:03.394244 Initializing JollyDayHoliday for sutime with classpath:edu/stanford/nlp/models/sutime/jollyday/Holidays_sutime.xml
2016-05-19 23:13:04.943012 Reading TokensRegex rules from edu/stanford/nlp/models/sutime/defs.sutime.txt
2016-05-19 23:13:05.080088 Reading TokensRegex rules from edu/stanford/nlp/models/sutime/english.sutime.txt
2016-05-19 23:13:06.306386 May 19, 2016 11:13:06 PM edu.stanford.nlp.ling.tokensregex.CoreMapExpressionExtractor appendRules
2016-05-19 23:13:06.306463 信息: Ignoring inactive rule: null
2016-05-19 23:13:06.307553 May 19, 2016 11:13:06 PM edu.stanford.nlp.ling.tokensregex.CoreMapExpressionExtractor appendRules
2016-05-19 23:13:06.307625 信息: Ignoring inactive rule: temporal-composite-8:ranges
2016-05-19 23:13:06.308017 Reading TokensRegex rules from edu/stanford/nlp/models/sutime/english.holidays.sutime.txt
2016-05-19 23:13:06.347007 Adding annotator parse
2016-05-19 23:14:00.263762 Loading parser from serialized file edu/stanford/nlp/models/srparser/englishSR.ser.gz ...done [53.9 sec].
2016-05-19 23:14:03.305577 done [62.1 sec].
2016-05-19 23:14:03.320323 done [64.1 sec].
2016-05-19 23:14:03.751740 COPY 0
2016-05-19 23:14:03.771584 Replacing sentences with dd_tmp_sentences
2016-05-19 23:14:03.922000 DROP TABLE
2016-05-19 23:14:04.009072 ALTER TABLE
2016-05-19 23:14:04.100706 ALTER TABLE
2016-05-19 23:14:04.207032 DROP TABLE
2016-05-19 23:14:04.245434 ANALYZE
2016-05-19 23:14:04.259567 mark_done process/ext_sentences_by_nlp_markup
2016-05-19 23:14:04.294583 ##############################################################################
2016-05-19 23:14:04.294654 
2016-05-19 23:14:04.294679 ## data/sentences ############################################################
2016-05-19 23:14:04.294699 # Done: 2016-05-19T22:13:54-0700 (58m 28s ago)
2016-05-19 23:14:04.294718 # no-op
2016-05-19 23:14:04.294737 mark_done data/sentences
2016-05-19 23:14:04.323015 ##############################################################################
2016-05-19 23:14:04.323073 
