2016-05-21 14:42:25.895177 # on dhcp-169-233-138-157.cruznet.ucsc.edu: deepdive do has_spouse
2016-05-21 14:42:25.895640 # run/20160521/144222.879695000/plan.sh
2016-05-21 14:42:25.895699 # execution plan for data/has_spouse
2016-05-21 14:42:25.895747 
2016-05-21 14:42:25.895771 : ## process/init/app ##########################################################
2016-05-21 14:42:25.895791 : # Done: 2016-05-20T15:47:44-0700 (22h 54m 39s ago)
2016-05-21 14:42:25.895813 : process/init/app/run.sh
2016-05-21 14:42:25.895832 : mark_done process/init/app
2016-05-21 14:42:25.895853 : ##############################################################################
2016-05-21 14:42:25.895871 
2016-05-21 14:42:25.895888 : ## process/init/relation/articles ############################################
2016-05-21 14:42:25.895931 : # Done: 2016-05-20T19:16:48-0700 (19h 25m 35s ago)
2016-05-21 14:42:25.895960 : process/init/relation/articles/run.sh
2016-05-21 14:42:25.895982 : mark_done process/init/relation/articles
2016-05-21 14:42:25.896004 : ##############################################################################
2016-05-21 14:42:25.896025 
2016-05-21 14:42:25.896047 : ## data/articles #############################################################
2016-05-21 14:42:25.896067 : # Done: 2016-05-20T19:16:48-0700 (19h 25m 35s ago)
2016-05-21 14:42:25.896089 : # no-op
2016-05-21 14:42:25.896110 : mark_done data/articles
2016-05-21 14:42:25.896131 : ##############################################################################
2016-05-21 14:42:25.896150 
2016-05-21 14:42:25.896186 : ## process/ext_sentences_by_nlp_markup #######################################
2016-05-21 14:42:25.896213 : # Done: 2016-05-20T19:20:04-0700 (19h 22m 19s ago)
2016-05-21 14:42:25.896237 : process/ext_sentences_by_nlp_markup/run.sh
2016-05-21 14:42:25.896260 : mark_done process/ext_sentences_by_nlp_markup
2016-05-21 14:42:25.896282 : ##############################################################################
2016-05-21 14:42:25.896304 
2016-05-21 14:42:25.896326 : ## data/sentences ############################################################
2016-05-21 14:42:25.896348 : # Done: 2016-05-20T19:20:04-0700 (19h 22m 19s ago)
2016-05-21 14:42:25.896370 : # no-op
2016-05-21 14:42:25.896393 : mark_done data/sentences
2016-05-21 14:42:25.896415 : ##############################################################################
2016-05-21 14:42:25.896437 
2016-05-21 14:42:25.896459 : ## process/ext_person_mention_by_map_person_mention ##########################
2016-05-21 14:42:25.896481 : # Done: 2016-05-20T20:58:22-0700 (17h 44m 1s ago)
2016-05-21 14:42:25.896504 : process/ext_person_mention_by_map_person_mention/run.sh
2016-05-21 14:42:25.896526 : mark_done process/ext_person_mention_by_map_person_mention
2016-05-21 14:42:25.896547 : ##############################################################################
2016-05-21 14:42:25.896569 
2016-05-21 14:42:25.896593 : ## data/person_mention #######################################################
2016-05-21 14:42:25.896614 : # Done: 2016-05-20T20:58:22-0700 (17h 44m 1s ago)
2016-05-21 14:42:25.896637 : # no-op
2016-05-21 14:42:25.896659 : mark_done data/person_mention
2016-05-21 14:42:25.896682 : ##############################################################################
2016-05-21 14:42:25.896706 
2016-05-21 14:42:25.896729 : ## process/ext_num_people ####################################################
2016-05-21 14:42:25.896750 : # Done: 2016-05-20T21:35:41-0700 (17h 6m 42s ago)
2016-05-21 14:42:25.896773 : process/ext_num_people/run.sh
2016-05-21 14:42:25.896795 : mark_done process/ext_num_people
2016-05-21 14:42:25.896817 : ##############################################################################
2016-05-21 14:42:25.896836 
2016-05-21 14:42:25.896855 : ## data/num_people ###########################################################
2016-05-21 14:42:25.896875 : # Done: 2016-05-20T21:35:41-0700 (17h 6m 42s ago)
2016-05-21 14:42:25.896900 : # no-op
2016-05-21 14:42:25.896922 : mark_done data/num_people
2016-05-21 14:42:25.896944 : ##############################################################################
2016-05-21 14:42:25.896965 
2016-05-21 14:42:25.896986 : ## process/ext_team_mention_by_map_team_mention ##############################
2016-05-21 14:42:25.897007 : # Done: 2016-05-20T21:23:06-0700 (17h 19m 17s ago)
2016-05-21 14:42:25.897029 : process/ext_team_mention_by_map_team_mention/run.sh
2016-05-21 14:42:25.897052 : mark_done process/ext_team_mention_by_map_team_mention
2016-05-21 14:42:25.897072 : ##############################################################################
2016-05-21 14:42:25.897092 
2016-05-21 14:42:25.897114 : ## data/team_mention #########################################################
2016-05-21 14:42:25.897135 : # Done: 2016-05-20T22:05:04-0700 (16h 37m 19s ago)
2016-05-21 14:42:25.897156 : # no-op
2016-05-21 14:42:25.897179 : mark_done data/team_mention
2016-05-21 14:42:25.897200 : ##############################################################################
2016-05-21 14:42:25.897219 
2016-05-21 14:42:25.897261 : ## process/ext_spouse_candidate ##############################################
2016-05-21 14:42:25.897283 : # Done: 2016-05-20T22:17:52-0700 (16h 24m 31s ago)
2016-05-21 14:42:25.897303 : process/ext_spouse_candidate/run.sh
2016-05-21 14:42:25.897325 : mark_done process/ext_spouse_candidate
2016-05-21 14:42:25.897346 : ##############################################################################
2016-05-21 14:42:25.897366 
2016-05-21 14:42:25.897406 : ## data/spouse_candidate #####################################################
2016-05-21 14:42:25.897429 : # Done: 2016-05-20T22:17:52-0700 (16h 24m 31s ago)
2016-05-21 14:42:25.897450 : # no-op
2016-05-21 14:42:25.897472 : mark_done data/spouse_candidate
2016-05-21 14:42:25.897492 : ##############################################################################
2016-05-21 14:42:25.897515 
2016-05-21 14:42:25.897537 : ## process/ext_spouse_label__0_by_supervise ##################################
2016-05-21 14:42:25.897556 : # Done: 2016-05-20T22:17:53-0700 (16h 24m 30s ago)
2016-05-21 14:42:25.897579 : process/ext_spouse_label__0_by_supervise/run.sh
2016-05-21 14:42:25.897600 : mark_done process/ext_spouse_label__0_by_supervise
2016-05-21 14:42:25.897621 : ##############################################################################
2016-05-21 14:42:25.897642 
2016-05-21 14:42:25.897664 : ## data/spouse_label__0 ######################################################
2016-05-21 14:42:25.897685 : # Done: 2016-05-20T22:17:53-0700 (16h 24m 30s ago)
2016-05-21 14:42:25.897704 : # no-op
2016-05-21 14:42:25.897722 : mark_done data/spouse_label__0
2016-05-21 14:42:25.897740 : ##############################################################################
2016-05-21 14:42:25.897758 
2016-05-21 14:42:25.897776 : ## process/init/relation/spouses_dbpedia #####################################
2016-05-21 14:42:25.897795 : # Done: 2016-05-21T12:09:26-0700 (2h 32m 57s ago)
2016-05-21 14:42:25.897813 : process/init/relation/spouses_dbpedia/run.sh
2016-05-21 14:42:25.897831 : mark_done process/init/relation/spouses_dbpedia
2016-05-21 14:42:25.897849 : ##############################################################################
2016-05-21 14:42:25.897867 
2016-05-21 14:42:25.897885 : ## data/spouses_dbpedia ######################################################
2016-05-21 14:42:25.897904 : # Done: 2016-05-21T12:09:26-0700 (2h 32m 57s ago)
2016-05-21 14:42:25.897922 : # no-op
2016-05-21 14:42:25.897941 : mark_done data/spouses_dbpedia
2016-05-21 14:42:25.897959 : ##############################################################################
2016-05-21 14:42:25.897977 
2016-05-21 14:42:25.897995 ## process/ext_spouse_label ##################################################
2016-05-21 14:42:25.898014 : # Done: 2016-05-20T22:17:55-0700 (16h 24m 28s ago)
2016-05-21 14:42:25.898032 # Done: 2016-05-20T22:17:55-0700 (16h 24m 27s ago)
2016-05-21 14:42:25.898050 process/ext_spouse_label/run.sh
2016-05-21 14:42:25.898068 ++ dirname process/ext_spouse_label/run.sh
2016-05-21 14:42:25.898086 + cd process/ext_spouse_label
2016-05-21 14:42:25.898104 + export DEEPDIVE_CURRENT_PROCESS_NAME=process/ext_spouse_label
2016-05-21 14:42:25.898122 + DEEPDIVE_CURRENT_PROCESS_NAME=process/ext_spouse_label
2016-05-21 14:42:25.898140 + deepdive create table spouse_label
2016-05-21 14:42:26.366388 CREATE TABLE
2016-05-21 14:42:26.368226 + deepdive sql 'INSERT INTO spouse_label SELECT R0.p_id AS "spouse_candidate.R0.p_id", R0.t_id AS "spouse_candidate.R0.t_id", 0 AS column_2, NULL AS column_3
2016-05-21 14:42:26.368326 FROM spouse_candidate R0
2016-05-21 14:42:26.368355         
2016-05-21 14:42:26.368379 UNION ALL
2016-05-21 14:42:26.368402 SELECT R0.p_id AS "spouse_candidate.R0.p_id", R0.t_id AS "spouse_candidate.R0.t_id", 1 AS column_2, '\''from_dbpedia'\'' AS column_3
2016-05-21 14:42:26.368426 FROM spouse_candidate R0, spouses_dbpedia R1
2016-05-21 14:42:26.368447         WHERE ((lower(R1.p) = lower(R0.p_name) AND lower(R1.t) = lower(R0.p_name)) OR (lower(R1.t) = lower(R0.t_name) AND lower(R1.p) = lower(R0.t_name)))
2016-05-21 14:42:26.368495 UNION ALL
2016-05-21 14:42:26.368519 SELECT R0.p_id AS "spouse_label__0.R0.p_id", R0.t_id AS "spouse_label__0.R0.t_id", R0.label AS "spouse_label__0.R0.label", R0.rule_id AS "spouse_label__0.R0.rule_id"
2016-05-21 14:42:26.368542 FROM spouse_label__0 R0
2016-05-21 14:42:26.368564         '
2016-05-21 14:42:26.452129 ERROR:  column r1.p does not exist
2016-05-21 14:42:26.452219 LINE 7:         WHERE ((lower(R1.p) = lower(R0.p_name) AND lower(R1....
2016-05-21 14:42:26.452250                               ^
