2016-05-22 16:50:48.953300 # on eduroam-169-233-210-202.ucsc.edu: deepdive do probabilities
2016-05-22 16:50:48.953633 # run/20160522/165045.552721000/plan.sh
2016-05-22 16:50:48.953672 # execution plan for data/model/probabilities
2016-05-22 16:50:48.953696 
2016-05-22 16:50:48.953718 : ## process/init/app ##########################################################
2016-05-22 16:50:48.953739 : # Done: 2016-05-22T11:25:05-0700 (5h 25m 41s ago)
2016-05-22 16:50:48.953760 : process/init/app/run.sh
2016-05-22 16:50:48.953780 : mark_done process/init/app
2016-05-22 16:50:48.953801 : ##############################################################################
2016-05-22 16:50:48.953822 
2016-05-22 16:50:48.953843 : ## process/init/relation/articles ############################################
2016-05-22 16:50:48.953864 : # Done: 2016-05-22T11:55:52-0700 (4h 54m 54s ago)
2016-05-22 16:50:48.953885 : process/init/relation/articles/run.sh
2016-05-22 16:50:48.953905 : mark_done process/init/relation/articles
2016-05-22 16:50:48.953926 : ##############################################################################
2016-05-22 16:50:48.953946 
2016-05-22 16:50:48.953966 : ## data/articles #############################################################
2016-05-22 16:50:48.953986 : # Done: 2016-05-22T11:55:52-0700 (4h 54m 54s ago)
2016-05-22 16:50:48.954006 : # no-op
2016-05-22 16:50:48.954027 : mark_done data/articles
2016-05-22 16:50:48.954048 : ##############################################################################
2016-05-22 16:50:48.954068 
2016-05-22 16:50:48.954089 : ## process/ext_sentences_by_nlp_markup #######################################
2016-05-22 16:50:48.954110 : # Done: 2016-05-22T11:57:59-0700 (4h 52m 47s ago)
2016-05-22 16:50:48.954130 : process/ext_sentences_by_nlp_markup/run.sh
2016-05-22 16:50:48.954150 : mark_done process/ext_sentences_by_nlp_markup
2016-05-22 16:50:48.954171 : ##############################################################################
2016-05-22 16:50:48.954192 
2016-05-22 16:50:48.954213 : ## data/sentences ############################################################
2016-05-22 16:50:48.954233 : # Done: 2016-05-22T11:57:59-0700 (4h 52m 47s ago)
2016-05-22 16:50:48.954253 : # no-op
2016-05-22 16:50:48.954274 : mark_done data/sentences
2016-05-22 16:50:48.954294 : ##############################################################################
2016-05-22 16:50:48.954314 
2016-05-22 16:50:48.954334 : ## process/ext_person_mention_by_map_person_mention ##########################
2016-05-22 16:50:48.954366 : # Done: 2016-05-22T12:13:47-0700 (4h 36m 59s ago)
2016-05-22 16:50:48.954389 : process/ext_person_mention_by_map_person_mention/run.sh
2016-05-22 16:50:48.954410 : mark_done process/ext_person_mention_by_map_person_mention
2016-05-22 16:50:48.954431 : ##############################################################################
2016-05-22 16:50:48.954452 
2016-05-22 16:50:48.954473 : ## data/person_mention #######################################################
2016-05-22 16:50:48.954493 : # Done: 2016-05-22T12:13:47-0700 (4h 36m 59s ago)
2016-05-22 16:50:48.954514 : # no-op
2016-05-22 16:50:48.954535 : mark_done data/person_mention
2016-05-22 16:50:48.954555 : ##############################################################################
2016-05-22 16:50:48.954576 
2016-05-22 16:50:48.954596 : ## process/ext_num_people ####################################################
2016-05-22 16:50:48.954617 : # Done: 2016-05-22T12:14:33-0700 (4h 36m 13s ago)
2016-05-22 16:50:48.954637 : process/ext_num_people/run.sh
2016-05-22 16:50:48.954658 : mark_done process/ext_num_people
2016-05-22 16:50:48.954678 : ##############################################################################
2016-05-22 16:50:48.954699 
2016-05-22 16:50:48.954719 : ## data/num_people ###########################################################
2016-05-22 16:50:48.954739 : # Done: 2016-05-22T12:14:33-0700 (4h 36m 13s ago)
2016-05-22 16:50:48.954759 : # no-op
2016-05-22 16:50:48.954779 : mark_done data/num_people
2016-05-22 16:50:48.954799 : ##############################################################################
2016-05-22 16:50:48.954819 
2016-05-22 16:50:48.954839 : ## process/ext_team_mention_by_map_team_mention ##############################
2016-05-22 16:50:48.954858 : # Done: 2016-05-22T12:14:14-0700 (4h 36m 32s ago)
2016-05-22 16:50:48.954878 : process/ext_team_mention_by_map_team_mention/run.sh
2016-05-22 16:50:48.954899 : mark_done process/ext_team_mention_by_map_team_mention
2016-05-22 16:50:48.954919 : ##############################################################################
2016-05-22 16:50:48.954940 
2016-05-22 16:50:48.954961 : ## data/team_mention #########################################################
2016-05-22 16:50:48.954981 : # Done: 2016-05-22T12:14:14-0700 (4h 36m 32s ago)
2016-05-22 16:50:48.955002 : # no-op
2016-05-22 16:50:48.955022 : mark_done data/team_mention
2016-05-22 16:50:48.955043 : ##############################################################################
2016-05-22 16:50:48.955062 
2016-05-22 16:50:48.955084 : ## process/ext_spouse_candidate ##############################################
2016-05-22 16:50:48.955103 : # Done: 2016-05-22T12:14:34-0700 (4h 36m 12s ago)
2016-05-22 16:50:48.955124 : process/ext_spouse_candidate/run.sh
2016-05-22 16:50:48.955144 : mark_done process/ext_spouse_candidate
2016-05-22 16:50:48.955164 : ##############################################################################
2016-05-22 16:50:48.955184 
2016-05-22 16:50:48.955204 : ## data/spouse_candidate #####################################################
2016-05-22 16:50:48.955225 : # Done: 2016-05-22T12:14:34-0700 (4h 36m 12s ago)
2016-05-22 16:50:48.955245 : # no-op
2016-05-22 16:50:48.955265 : mark_done data/spouse_candidate
2016-05-22 16:50:48.955285 : ##############################################################################
2016-05-22 16:50:48.955305 
2016-05-22 16:50:48.955325 : ## process/ext_spouse_label__0_by_supervise ##################################
2016-05-22 16:50:48.955346 : # Done: 2016-05-22T12:28:31-0700 (4h 22m 15s ago)
2016-05-22 16:50:48.955365 : process/ext_spouse_label__0_by_supervise/run.sh
2016-05-22 16:50:48.955386 : mark_done process/ext_spouse_label__0_by_supervise
2016-05-22 16:50:48.955405 : ##############################################################################
2016-05-22 16:50:48.955426 
2016-05-22 16:50:48.955446 : ## data/spouse_label__0 ######################################################
2016-05-22 16:50:48.955466 : # Done: 2016-05-22T12:28:31-0700 (4h 22m 15s ago)
2016-05-22 16:50:48.955487 : # no-op
2016-05-22 16:50:48.955506 : mark_done data/spouse_label__0
2016-05-22 16:50:48.955526 : ##############################################################################
2016-05-22 16:50:48.955547 
2016-05-22 16:50:48.955567 : ## process/init/relation/spouses_dbpedia #####################################
2016-05-22 16:50:48.955587 : # Done: 2016-05-22T15:50:19-0700 (1h 27s ago)
2016-05-22 16:50:48.955606 : process/init/relation/spouses_dbpedia/run.sh
2016-05-22 16:50:48.955625 : mark_done process/init/relation/spouses_dbpedia
2016-05-22 16:50:48.955645 : ##############################################################################
2016-05-22 16:50:48.955664 
2016-05-22 16:50:48.955685 : ## data/spouses_dbpedia ######################################################
2016-05-22 16:50:48.955709 : # Done: 2016-05-22T15:50:19-0700 (1h 27s ago)
2016-05-22 16:50:48.955730 : # no-op
2016-05-22 16:50:48.955750 : mark_done data/spouses_dbpedia
2016-05-22 16:50:48.955769 : ##############################################################################
2016-05-22 16:50:48.955789 
2016-05-22 16:50:48.955808 : ## process/ext_spouse_label ##################################################
2016-05-22 16:50:48.955828 : # Done: 2016-05-22T15:50:41-0700 (1h 5s ago)
2016-05-22 16:50:48.955848 : process/ext_spouse_label/run.sh
2016-05-22 16:50:48.955868 : mark_done process/ext_spouse_label
2016-05-22 16:50:48.955888 : ##############################################################################
2016-05-22 16:50:48.955909 
2016-05-22 16:50:48.955928 : ## data/spouse_label #########################################################
2016-05-22 16:50:48.955948 : # Done: 2016-05-22T15:50:41-0700 (1h 5s ago)
2016-05-22 16:50:48.955968 : # no-op
2016-05-22 16:50:48.955988 : mark_done data/spouse_label
2016-05-22 16:50:48.956008 : ##############################################################################
2016-05-22 16:50:48.956028 
2016-05-22 16:50:48.956049 : ## process/ext_spouse_label_resolved #########################################
2016-05-22 16:50:48.956070 : # Done: 2016-05-22T15:50:41-0700 (1h 5s ago)
2016-05-22 16:50:48.956089 : process/ext_spouse_label_resolved/run.sh
2016-05-22 16:50:48.956108 : mark_done process/ext_spouse_label_resolved
2016-05-22 16:50:48.956127 : ##############################################################################
2016-05-22 16:50:48.956146 
2016-05-22 16:50:48.956166 : ## data/spouse_label_resolved ################################################
2016-05-22 16:50:48.956187 : # Done: 2016-05-22T15:50:41-0700 (1h 5s ago)
2016-05-22 16:50:48.956205 : # no-op
2016-05-22 16:50:48.956223 : mark_done data/spouse_label_resolved
2016-05-22 16:50:48.956243 : ##############################################################################
2016-05-22 16:50:48.956262 
2016-05-22 16:50:48.956280 : ## process/ext_has_spouse ####################################################
2016-05-22 16:50:48.956298 : # Done: 2016-05-22T16:48:45-0700 (2m 1s ago)
2016-05-22 16:50:48.956317 : process/ext_has_spouse/run.sh
2016-05-22 16:50:48.956335 : mark_done process/ext_has_spouse
2016-05-22 16:50:48.956353 : ##############################################################################
2016-05-22 16:50:48.956372 
2016-05-22 16:50:48.956402 : ## data/has_spouse ###########################################################
2016-05-22 16:50:48.956422 : # Done: 2016-05-22T16:48:45-0700 (2m 1s ago)
2016-05-22 16:50:48.956442 : # no-op
2016-05-22 16:50:48.956463 : mark_done data/has_spouse
2016-05-22 16:50:48.956481 : ##############################################################################
2016-05-22 16:50:48.956498 
2016-05-22 16:50:48.956518 ## process/grounding/variable_id_partition ###################################
2016-05-22 16:50:48.956538 : # Done: 2016-05-22T16:38:00-0700 (12m 46s ago)
2016-05-22 16:50:48.956558 # Done: 2016-05-22T16:38:00-0700 (12m 45s ago)
2016-05-22 16:50:48.956607 process/grounding/variable_id_partition/run.sh
2016-05-22 16:50:48.956630 ++ dirname process/grounding/variable_id_partition/run.sh
2016-05-22 16:50:48.956651 + cd process/grounding/variable_id_partition
2016-05-22 16:50:48.956672 + export DEEPDIVE_CURRENT_PROCESS_NAME=process/grounding/variable_id_partition
2016-05-22 16:50:48.956690 + DEEPDIVE_CURRENT_PROCESS_NAME=process/grounding/variable_id_partition
2016-05-22 16:50:48.956709 + : /Users/emerson/Documents/Github/deepdive/examples/coach_nba/run/model/grounding
2016-05-22 16:50:48.956727 + RANGE_BEGIN=0
2016-05-22 16:50:48.956747 + partition_id_range has_spouse
2016-05-22 16:50:48.956767 + variableCountTotal=0
2016-05-22 16:50:48.956786 + read table begin excludeEnd
2016-05-22 16:50:49.027458 + varPath=/Users/emerson/Documents/Github/deepdive/examples/coach_nba/run/model/grounding/variable/has_spouse
2016-05-22 16:50:49.027513 + mkdir -p /Users/emerson/Documents/Github/deepdive/examples/coach_nba/run/model/grounding/variable/has_spouse
2016-05-22 16:50:49.031014 + cd /Users/emerson/Documents/Github/deepdive/examples/coach_nba/run/model/grounding/variable/has_spouse
2016-05-22 16:50:49.031067 + echo 0
2016-05-22 16:50:49.032667 + echo 103
2016-05-22 16:50:49.037392 + echo 103
2016-05-22 16:50:49.043416 + variableCountTotal=103
2016-05-22 16:50:49.043498 + read table begin excludeEnd
2016-05-22 16:50:49.043543 + echo 103
2016-05-22 16:50:49.044964 mark_done process/grounding/variable_id_partition
2016-05-22 16:50:49.061563 ##############################################################################
2016-05-22 16:50:49.061636 
2016-05-22 16:50:49.061658 ## process/grounding/variable/has_spouse/assign_id ###########################
2016-05-22 16:50:49.061679 : # Done: 2016-05-22T16:38:00-0700 (12m 46s ago)
2016-05-22 16:50:49.061698 # Done: 2016-05-22T16:38:00-0700 (12m 45s ago)
2016-05-22 16:50:49.061757 process/grounding/variable/has_spouse/assign_id/run.sh
2016-05-22 16:50:49.072364 ++ dirname process/grounding/variable/has_spouse/assign_id/run.sh
2016-05-22 16:50:49.077938 + cd process/grounding/variable/has_spouse/assign_id
2016-05-22 16:50:49.078194 + export DEEPDIVE_CURRENT_PROCESS_NAME=process/grounding/variable/has_spouse/assign_id
2016-05-22 16:50:49.078324 + DEEPDIVE_CURRENT_PROCESS_NAME=process/grounding/variable/has_spouse/assign_id
2016-05-22 16:50:49.078393 + : /Users/emerson/Documents/Github/deepdive/examples/coach_nba/run/model/grounding
2016-05-22 16:50:49.078469 + table=has_spouse
2016-05-22 16:50:49.078544 + cd /Users/emerson/Documents/Github/deepdive/examples/coach_nba/run/model/grounding/variable/has_spouse
2016-05-22 16:50:49.080244 ++ cat id_begin
2016-05-22 16:50:49.085405 + baseId=0
2016-05-22 16:50:49.085493 + deepdive db assign_sequential_id has_spouse id 0
2016-05-22 16:50:49.169213 NOTICE:  sequence "dd_seq_has_spouse_id" does not exist, skipping
2016-05-22 16:50:49.177761 UPDATE 103
2016-05-22 16:50:49.179298 mark_done process/grounding/variable/has_spouse/assign_id
2016-05-22 16:50:49.195725 ##############################################################################
2016-05-22 16:50:49.195782 
2016-05-22 16:50:49.195806 ## process/grounding/factor/inf1_imply_has_spouse_has_spouse/materialize #####
2016-05-22 16:50:49.195826 : # Done: 2016-05-22T16:38:20-0700 (12m 26s ago)
2016-05-22 16:50:49.195845 # Done: 2016-05-22T16:38:20-0700 (12m 25s ago)
2016-05-22 16:50:49.195863 process/grounding/factor/inf1_imply_has_spouse_has_spouse/materialize/run.sh
2016-05-22 16:50:49.202924 ++ dirname process/grounding/factor/inf1_imply_has_spouse_has_spouse/materialize/run.sh
2016-05-22 16:50:49.209825 + cd process/grounding/factor/inf1_imply_has_spouse_has_spouse/materialize
2016-05-22 16:50:49.210017 + export DEEPDIVE_CURRENT_PROCESS_NAME=process/grounding/factor/inf1_imply_has_spouse_has_spouse/materialize
2016-05-22 16:50:49.210101 + DEEPDIVE_CURRENT_PROCESS_NAME=process/grounding/factor/inf1_imply_has_spouse_has_spouse/materialize
2016-05-22 16:50:49.210137 + : /Users/emerson/Documents/Github/deepdive/examples/coach_nba/run/model/grounding
2016-05-22 16:50:49.210190 + deepdive create table dd_factors_inf1_imply_has_spouse_has_spouse as '
2016-05-22 16:50:49.210217           SELECT R0.id AS "has_spouse.R0.id" , R0.id AS "has_spouse.R0.id" 
2016-05-22 16:50:49.210240           FROM has_spouse R0, has_spouse R1, spouse_candidate R2, spouse_candidate R3, spouse_candidate R4
2016-05-22 16:50:49.210262         WHERE R1.p_id = R0.p_id  AND R1.t_id = R0.t_id  AND R2.p_id = R0.p_id  AND R2.t_id = R0.t_id  AND R3.t_id = R0.t_id  AND R4.p_id = R0.p_id '
2016-05-22 16:50:49.406426 ERROR:  column "has_spouse.R0.id" specified more than once
