2016-05-20 22:09:14.977264 ‘run/LATEST.COMPILE/220914.907600000’ -> ‘20160520/220914.907600000’
2016-05-20 22:09:14.977596 ‘run/RUNNING.COMPILE’ -> ‘20160520/220914.907600000’
2016-05-20 22:09:14.977617 Parsing DeepDive application (/Users/emerson/Documents/Github/deepdive/examples/Coach_NBA) to generate:
2016-05-20 22:09:14.977630  run/compiled/schema.json
2016-05-20 22:09:14.977641   from app.ddlog
2016-05-20 22:09:15.930016  run/compiled/deepdive.conf
2016-05-20 22:09:15.930246   from app.ddlog
2016-05-20 22:09:16.959968   from deepdive.conf
2016-05-20 22:09:16.968164  run/compiled/deepdive.conf.json
2016-05-20 22:09:17.484555 Performing sanity checks on run/compiled/deepdive.conf.json:
2016-05-20 22:09:17.545110  checking if input_extractors_well_defined
2016-05-20 22:09:17.545210  checking if input_schema_wellformed
2016-05-20 22:09:17.545501 Normalizing and adding built-in processes to the data flow to compile:
2016-05-20 22:09:17.545922  run/compiled/config-0.00-init_objects.json
2016-05-20 22:09:17.566412  run/compiled/config-0.01-parse_calibration.json
2016-05-20 22:09:17.590882  run/compiled/config-0.01-parse_schema.json
2016-05-20 22:09:17.623283  run/compiled/config-0.51-add_init_app.json
2016-05-20 22:09:17.653630  run/compiled/config-0.52-input_loader.json
2016-05-20 22:09:17.681986  run/compiled/config-1.00-qualified_names.json
2016-05-20 22:09:17.713070  run/compiled/config-1.01-parse_inference_rules.json
2016-05-20 22:09:17.752856  run/compiled/config-2.01-grounding.json
2016-05-20 22:09:17.854583  run/compiled/config-2.02-learning_inference.json
2016-05-20 22:09:17.894989  run/compiled/config-2.03-calibration_plots.json
2016-05-20 22:09:17.937520  run/compiled/config-9.98-ensure_init_app.json
2016-05-20 22:09:17.973355  run/compiled/config-9.99-dependencies.json
2016-05-20 22:09:18.014297  run/compiled/config.json
2016-05-20 22:09:18.018755 Validating run/compiled/config.json:
2016-05-20 22:09:18.156915  checking if compiled_base_relations_have_input_data
2016-05-20 22:09:18.156984  [WARNING] input/init.sh should load all base relations: articles spouses_dbpedia 
2016-05-20 22:09:18.157030  checking if compiled_dependencies_correct
2016-05-20 22:09:18.157053  checking if compiled_input_output_well_defined
2016-05-20 22:09:18.157072  checking if compiled_output_uniquely_defined
2016-05-20 22:09:18.157292 Compiling executable code into:
2016-05-20 22:09:18.157635  run/compiled/code-Makefile.json
2016-05-20 22:09:18.189283  run/compiled/code-cmd_extractor.json
2016-05-20 22:09:18.229263  run/compiled/code-dataflow_dot.json
2016-05-20 22:09:18.269066  run/compiled/code-sql_extractor.json
2016-05-20 22:09:18.298529  run/compiled/code-tsv_extractor.json
2016-05-20 22:09:18.337256 Generating files:
2016-05-20 22:09:18.376237  run/Makefile
2016-05-20 22:09:18.401771  run/process/init/app/run.sh
2016-05-20 22:09:18.426589  run/process/init/relation/articles/run.sh
2016-05-20 22:09:18.451559  run/process/init/relation/spouses_dbpedia/run.sh
2016-05-20 22:09:18.477439  run/process/ext_has_spouse/run.sh
2016-05-20 22:09:18.502496  run/process/ext_num_people/run.sh
2016-05-20 22:09:18.525051  run/process/ext_num_team/run.sh
2016-05-20 22:09:18.552976  run/process/ext_spouse_candidate/run.sh
2016-05-20 22:09:18.576110  run/process/ext_spouse_label/run.sh
2016-05-20 22:09:18.617138  run/process/ext_spouse_label_resolved/run.sh
2016-05-20 22:09:18.643762  run/process/grounding/variable_id_partition/run.sh
2016-05-20 22:09:18.666489  run/process/grounding/variable/has_spouse/assign_id/run.sh
2016-05-20 22:09:18.700388  run/process/grounding/variable_holdout/run.sh
2016-05-20 22:09:18.719246  run/process/grounding/variable/has_spouse/dump/run.sh
2016-05-20 22:09:18.745197  run/process/grounding/factor/inf1_imply_has_spouse_has_spouse/materialize/run.sh
2016-05-20 22:09:18.769919  run/process/grounding/factor/inf_imply_has_spouse_has_spouse/materialize/run.sh
2016-05-20 22:09:18.795828  run/process/grounding/factor/inf_istrue_has_spouse/materialize/run.sh
2016-05-20 22:09:18.820543  run/process/grounding/weight_id_partition/run.sh
2016-05-20 22:09:18.846653  run/process/grounding/global_weight_table/run.sh
2016-05-20 22:09:18.871705  run/process/grounding/factor/inf1_imply_has_spouse_has_spouse/assign_weight_id/run.sh
2016-05-20 22:09:18.903647  run/process/grounding/factor/inf_imply_has_spouse_has_spouse/assign_weight_id/run.sh
2016-05-20 22:09:18.930183  run/process/grounding/factor/inf_istrue_has_spouse/assign_weight_id/run.sh
2016-05-20 22:09:18.957050  run/process/grounding/factor/inf1_imply_has_spouse_has_spouse/dump/run.sh
2016-05-20 22:09:18.985887  run/process/grounding/factor/inf_imply_has_spouse_has_spouse/dump/run.sh
2016-05-20 22:09:19.018872  run/process/grounding/factor/inf_istrue_has_spouse/dump/run.sh
2016-05-20 22:09:19.041535  run/process/grounding/factor/inf1_imply_has_spouse_has_spouse/dump_weights/run.sh
2016-05-20 22:09:19.068273  run/process/grounding/factor/inf_imply_has_spouse_has_spouse/dump_weights/run.sh
2016-05-20 22:09:19.092413  run/process/grounding/factor/inf_istrue_has_spouse/dump_weights/run.sh
2016-05-20 22:09:19.114597  run/process/grounding/combine_factorgraph/run.sh
2016-05-20 22:09:19.171353  run/process/model/learning/run.sh
2016-05-20 22:09:19.231238  run/process/model/inference/run.sh
2016-05-20 22:09:19.316621  run/process/model/load_weights/run.sh
2016-05-20 22:09:19.356749  run/process/model/load_probabilities/run.sh
2016-05-20 22:09:19.391057  run/process/model/calibration/run.sh
2016-05-20 22:09:19.414221  run/dataflow.dot
2016-05-20 22:09:19.437609  run/process/ext_person_mention_by_map_person_mention/run.sh
2016-05-20 22:09:19.463772  run/process/ext_sentences_by_nlp_markup/run.sh
2016-05-20 22:09:19.496188  run/process/ext_spouse_feature_by_extract_spouse_features/run.sh
2016-05-20 22:09:19.520923  run/process/ext_spouse_label__0_by_supervise/run.sh
2016-05-20 22:09:19.545682  run/process/ext_team_mention_by_map_team_mention/run.sh
2016-05-20 22:09:19.604633 Warning: Could not load "/Users/emerson/local/lib/bundled/graphviz/prefix/bin/../lib/graphviz/libgvplugin_pango.6.dylib" - file not found
2016-05-20 22:09:19.616583  run/dataflow.svg
2016-05-20 22:09:19.617578   (file:///Users/emerson/Documents/Github/deepdive/examples/Coach_NBA/run/dataflow.svg)
2016-05-20 22:09:19.622364 mv: cannot move ‘run/compiled’ to ‘run/compiled~’: Directory not empty
