2016-05-21 14:29:48.888172 ‘run/LATEST.COMPILE/142948.702597000’ -> ‘20160521/142948.702597000’
2016-05-21 14:29:48.889225 ‘run/RUNNING.COMPILE’ -> ‘20160521/142948.702597000’
2016-05-21 14:29:48.889294 Parsing DeepDive application (/Users/emerson/Documents/Github/deepdive/examples/Coach_NBA) to generate:
2016-05-21 14:29:48.889325  run/compiled/schema.json
2016-05-21 14:29:48.889346   from app.ddlog
2016-05-21 14:29:51.742246  run/compiled/deepdive.conf
2016-05-21 14:29:51.742642   from app.ddlog
2016-05-21 14:29:55.706029   from deepdive.conf
2016-05-21 14:29:55.719868  run/compiled/deepdive.conf.json
2016-05-21 14:29:56.908997 Performing sanity checks on run/compiled/deepdive.conf.json:
2016-05-21 14:29:56.994951  checking if input_extractors_well_defined
2016-05-21 14:29:56.995029  checking if input_schema_wellformed
2016-05-21 14:29:56.995599 Normalizing and adding built-in processes to the data flow to compile:
2016-05-21 14:29:56.996407  run/compiled/config-0.00-init_objects.json
2016-05-21 14:29:57.035520  run/compiled/config-0.01-parse_calibration.json
2016-05-21 14:29:57.079644  run/compiled/config-0.01-parse_schema.json
2016-05-21 14:29:57.131008  run/compiled/config-0.51-add_init_app.json
2016-05-21 14:29:57.171737  run/compiled/config-0.52-input_loader.json
2016-05-21 14:29:57.221334  run/compiled/config-1.00-qualified_names.json
2016-05-21 14:29:57.266831  run/compiled/config-1.01-parse_inference_rules.json
2016-05-21 14:29:57.351244  run/compiled/config-2.01-grounding.json
2016-05-21 14:29:57.826119  run/compiled/config-2.02-learning_inference.json
2016-05-21 14:29:57.886052  run/compiled/config-2.03-calibration_plots.json
2016-05-21 14:29:57.947140  run/compiled/config-9.98-ensure_init_app.json
2016-05-21 14:29:57.994701  run/compiled/config-9.99-dependencies.json
2016-05-21 14:29:58.048924  run/compiled/config.json
2016-05-21 14:29:58.066355 Validating run/compiled/config.json:
2016-05-21 14:29:58.276678  checking if compiled_base_relations_have_input_data
2016-05-21 14:29:58.276777  [WARNING] input/init.sh should load all base relations: articles spouses_dbpedia 
2016-05-21 14:29:58.276830  checking if compiled_dependencies_correct
2016-05-21 14:29:58.276860  checking if compiled_input_output_well_defined
2016-05-21 14:29:58.276882  checking if compiled_output_uniquely_defined
2016-05-21 14:29:58.277188 Compiling executable code into:
2016-05-21 14:29:58.277609  run/compiled/code-Makefile.json
2016-05-21 14:29:58.338524  run/compiled/code-cmd_extractor.json
2016-05-21 14:29:58.387902  run/compiled/code-dataflow_dot.json
2016-05-21 14:29:58.451199  run/compiled/code-sql_extractor.json
2016-05-21 14:29:58.510104  run/compiled/code-tsv_extractor.json
2016-05-21 14:29:58.567858 Generating files:
2016-05-21 14:29:58.668910  run/Makefile
2016-05-21 14:29:58.697340  run/process/init/app/run.sh
2016-05-21 14:29:58.732226  run/process/init/relation/articles/run.sh
2016-05-21 14:29:58.766345  run/process/init/relation/spouses_dbpedia/run.sh
2016-05-21 14:29:58.794943  run/process/ext_has_spouse/run.sh
2016-05-21 14:29:58.847394  run/process/ext_num_people/run.sh
2016-05-21 14:29:58.879418  run/process/ext_num_team/run.sh
2016-05-21 14:29:58.929876  run/process/ext_spouse_candidate/run.sh
2016-05-21 14:29:58.965852  run/process/ext_spouse_label/run.sh
2016-05-21 14:29:59.002213  run/process/ext_spouse_label_resolved/run.sh
2016-05-21 14:29:59.041170  run/process/grounding/variable_id_partition/run.sh
2016-05-21 14:29:59.081522  run/process/grounding/variable/has_spouse/assign_id/run.sh
2016-05-21 14:29:59.125302  run/process/grounding/variable_holdout/run.sh
2016-05-21 14:29:59.170086  run/process/grounding/variable/has_spouse/dump/run.sh
2016-05-21 14:29:59.204649  run/process/grounding/factor/inf1_imply_has_spouse_has_spouse/materialize/run.sh
2016-05-21 14:29:59.237064  run/process/grounding/factor/inf_imply_has_spouse_has_spouse/materialize/run.sh
2016-05-21 14:29:59.288209  run/process/grounding/factor/inf_istrue_has_spouse/materialize/run.sh
2016-05-21 14:29:59.334805  run/process/grounding/weight_id_partition/run.sh
2016-05-21 14:29:59.387519  run/process/grounding/global_weight_table/run.sh
2016-05-21 14:29:59.427697  run/process/grounding/factor/inf1_imply_has_spouse_has_spouse/assign_weight_id/run.sh
2016-05-21 14:29:59.463971  run/process/grounding/factor/inf_imply_has_spouse_has_spouse/assign_weight_id/run.sh
2016-05-21 14:29:59.483387  run/process/grounding/factor/inf_istrue_has_spouse/assign_weight_id/run.sh
2016-05-21 14:29:59.549778  run/process/grounding/factor/inf1_imply_has_spouse_has_spouse/dump/run.sh
2016-05-21 14:29:59.599622  run/process/grounding/factor/inf_imply_has_spouse_has_spouse/dump/run.sh
2016-05-21 14:29:59.647269  run/process/grounding/factor/inf_istrue_has_spouse/dump/run.sh
2016-05-21 14:29:59.683011  run/process/grounding/factor/inf1_imply_has_spouse_has_spouse/dump_weights/run.sh
2016-05-21 14:29:59.740419  run/process/grounding/factor/inf_imply_has_spouse_has_spouse/dump_weights/run.sh
2016-05-21 14:29:59.770501  run/process/grounding/factor/inf_istrue_has_spouse/dump_weights/run.sh
2016-05-21 14:29:59.803998  run/process/grounding/combine_factorgraph/run.sh
2016-05-21 14:29:59.859810  run/process/model/learning/run.sh
2016-05-21 14:29:59.882756  run/process/model/inference/run.sh
2016-05-21 14:29:59.919873  run/process/model/load_weights/run.sh
2016-05-21 14:29:59.956675  run/process/model/load_probabilities/run.sh
2016-05-21 14:29:59.993141  run/process/model/calibration/run.sh
2016-05-21 14:30:00.040903  run/dataflow.dot
2016-05-21 14:30:00.078928  run/process/ext_person_mention_by_map_person_mention/run.sh
2016-05-21 14:30:00.148687  run/process/ext_sentences_by_nlp_markup/run.sh
2016-05-21 14:30:00.183322  run/process/ext_spouse_feature_by_extract_spouse_features/run.sh
2016-05-21 14:30:00.223719  run/process/ext_spouse_label__0_by_supervise/run.sh
2016-05-21 14:30:00.270477  run/process/ext_team_mention_by_map_team_mention/run.sh
2016-05-21 14:30:00.474235 Warning: Could not load "/Users/emerson/local/lib/bundled/graphviz/prefix/bin/../lib/graphviz/libgvplugin_pango.6.dylib" - file not found
2016-05-21 14:30:00.528620  run/dataflow.svg
2016-05-21 14:30:00.531270   (file:///Users/emerson/Documents/Github/deepdive/examples/Coach_NBA/run/dataflow.svg)
2016-05-21 14:30:00.574655 mv: cannot move ‘run/compiled’ to ‘run/compiled~’: Directory not empty
