2016-05-22 16:24:26.451413 # on eduroam-169-233-210-202.ucsc.edu: deepdive do has_spouse
2016-05-22 16:24:26.451800 # run/20160522/162424.455441000/plan.sh
2016-05-22 16:24:26.451827 # execution plan for data/has_spouse
2016-05-22 16:24:26.451840 
2016-05-22 16:24:26.451852 : ## process/init/app ##########################################################
2016-05-22 16:24:26.451864 : # Done: 2016-05-22T11:25:05-0700 (4h 59m 19s ago)
2016-05-22 16:24:26.451875 : process/init/app/run.sh
2016-05-22 16:24:26.451886 : mark_done process/init/app
2016-05-22 16:24:26.451898 : ##############################################################################
2016-05-22 16:24:26.451909 
2016-05-22 16:24:26.451920 : ## process/init/relation/articles ############################################
2016-05-22 16:24:26.451931 : # Done: 2016-05-22T11:55:52-0700 (4h 28m 32s ago)
2016-05-22 16:24:26.451942 : process/init/relation/articles/run.sh
2016-05-22 16:24:26.451953 : mark_done process/init/relation/articles
2016-05-22 16:24:26.451963 : ##############################################################################
2016-05-22 16:24:26.451975 
2016-05-22 16:24:26.451986 : ## data/articles #############################################################
2016-05-22 16:24:26.451996 : # Done: 2016-05-22T11:55:52-0700 (4h 28m 32s ago)
2016-05-22 16:24:26.452007 : # no-op
2016-05-22 16:24:26.452018 : mark_done data/articles
2016-05-22 16:24:26.452029 : ##############################################################################
2016-05-22 16:24:26.452039 
2016-05-22 16:24:26.452050 : ## process/ext_sentences_by_nlp_markup #######################################
2016-05-22 16:24:26.452061 : # Done: 2016-05-22T11:57:59-0700 (4h 26m 25s ago)
2016-05-22 16:24:26.452072 : process/ext_sentences_by_nlp_markup/run.sh
2016-05-22 16:24:26.452082 : mark_done process/ext_sentences_by_nlp_markup
2016-05-22 16:24:26.452093 : ##############################################################################
2016-05-22 16:24:26.452104 
2016-05-22 16:24:26.452115 : ## data/sentences ############################################################
2016-05-22 16:24:26.452126 : # Done: 2016-05-22T11:57:59-0700 (4h 26m 25s ago)
2016-05-22 16:24:26.452137 : # no-op
2016-05-22 16:24:26.452148 : mark_done data/sentences
2016-05-22 16:24:26.452158 : ##############################################################################
2016-05-22 16:24:26.452169 
2016-05-22 16:24:26.452180 : ## process/ext_person_mention_by_map_person_mention ##########################
2016-05-22 16:24:26.452190 : # Done: 2016-05-22T12:13:47-0700 (4h 10m 37s ago)
2016-05-22 16:24:26.452201 : process/ext_person_mention_by_map_person_mention/run.sh
2016-05-22 16:24:26.452211 : mark_done process/ext_person_mention_by_map_person_mention
2016-05-22 16:24:26.452222 : ##############################################################################
2016-05-22 16:24:26.452232 
2016-05-22 16:24:26.452243 : ## data/person_mention #######################################################
2016-05-22 16:24:26.452254 : # Done: 2016-05-22T12:13:47-0700 (4h 10m 37s ago)
2016-05-22 16:24:26.452264 : # no-op
2016-05-22 16:24:26.452275 : mark_done data/person_mention
2016-05-22 16:24:26.452285 : ##############################################################################
2016-05-22 16:24:26.452296 
2016-05-22 16:24:26.452307 : ## process/ext_num_people ####################################################
2016-05-22 16:24:26.452318 : # Done: 2016-05-22T12:14:33-0700 (4h 9m 51s ago)
2016-05-22 16:24:26.452328 : process/ext_num_people/run.sh
2016-05-22 16:24:26.452339 : mark_done process/ext_num_people
2016-05-22 16:24:26.452350 : ##############################################################################
2016-05-22 16:24:26.452361 
2016-05-22 16:24:26.452372 : ## data/num_people ###########################################################
2016-05-22 16:24:26.452388 : # Done: 2016-05-22T12:14:33-0700 (4h 9m 51s ago)
2016-05-22 16:24:26.452409 : # no-op
2016-05-22 16:24:26.452429 : mark_done data/num_people
2016-05-22 16:24:26.452448 : ##############################################################################
2016-05-22 16:24:26.452468 
2016-05-22 16:24:26.452513 : ## process/ext_team_mention_by_map_team_mention ##############################
2016-05-22 16:24:26.452541 : # Done: 2016-05-22T12:14:14-0700 (4h 10m 10s ago)
2016-05-22 16:24:26.452563 : process/ext_team_mention_by_map_team_mention/run.sh
2016-05-22 16:24:26.452584 : mark_done process/ext_team_mention_by_map_team_mention
2016-05-22 16:24:26.452604 : ##############################################################################
2016-05-22 16:24:26.452626 
2016-05-22 16:24:26.452647 : ## data/team_mention #########################################################
2016-05-22 16:24:26.452669 : # Done: 2016-05-22T12:14:14-0700 (4h 10m 10s ago)
2016-05-22 16:24:26.452692 : # no-op
2016-05-22 16:24:26.452713 : mark_done data/team_mention
2016-05-22 16:24:26.452734 : ##############################################################################
2016-05-22 16:24:26.452780 
2016-05-22 16:24:26.452811 : ## process/ext_spouse_candidate ##############################################
2016-05-22 16:24:26.452832 : # Done: 2016-05-22T12:14:34-0700 (4h 9m 50s ago)
2016-05-22 16:24:26.452878 : process/ext_spouse_candidate/run.sh
2016-05-22 16:24:26.452896 : mark_done process/ext_spouse_candidate
2016-05-22 16:24:26.452920 : ##############################################################################
2016-05-22 16:24:26.452941 
2016-05-22 16:24:26.452964 : ## data/spouse_candidate #####################################################
2016-05-22 16:24:26.452985 : # Done: 2016-05-22T12:14:34-0700 (4h 9m 50s ago)
2016-05-22 16:24:26.453010 : # no-op
2016-05-22 16:24:26.453029 : mark_done data/spouse_candidate
2016-05-22 16:24:26.453049 : ##############################################################################
2016-05-22 16:24:26.453069 
2016-05-22 16:24:26.453089 : ## process/ext_spouse_label__0_by_supervise ##################################
2016-05-22 16:24:26.453113 : # Done: 2016-05-22T12:28:31-0700 (3h 55m 53s ago)
2016-05-22 16:24:26.453134 : process/ext_spouse_label__0_by_supervise/run.sh
2016-05-22 16:24:26.453156 : mark_done process/ext_spouse_label__0_by_supervise
2016-05-22 16:24:26.453179 : ##############################################################################
2016-05-22 16:24:26.453199 
2016-05-22 16:24:26.453219 : ## data/spouse_label__0 ######################################################
2016-05-22 16:24:26.453242 : # Done: 2016-05-22T12:28:31-0700 (3h 55m 53s ago)
2016-05-22 16:24:26.453263 : # no-op
2016-05-22 16:24:26.453285 : mark_done data/spouse_label__0
2016-05-22 16:24:26.453306 : ##############################################################################
2016-05-22 16:24:26.453326 
2016-05-22 16:24:26.453349 : ## process/init/relation/spouses_dbpedia #####################################
2016-05-22 16:24:26.453371 : # Done: 2016-05-22T15:50:19-0700 (34m 5s ago)
2016-05-22 16:24:26.453391 : process/init/relation/spouses_dbpedia/run.sh
2016-05-22 16:24:26.453412 : mark_done process/init/relation/spouses_dbpedia
2016-05-22 16:24:26.453433 : ##############################################################################
2016-05-22 16:24:26.453452 
2016-05-22 16:24:26.453472 : ## data/spouses_dbpedia ######################################################
2016-05-22 16:24:26.453490 : # Done: 2016-05-22T15:50:19-0700 (34m 5s ago)
2016-05-22 16:24:26.453502 : # no-op
2016-05-22 16:24:26.453514 : mark_done data/spouses_dbpedia
2016-05-22 16:24:26.453526 : ##############################################################################
2016-05-22 16:24:26.453537 
2016-05-22 16:24:26.453550 : ## process/ext_spouse_label ##################################################
2016-05-22 16:24:26.453561 : # Done: 2016-05-22T15:50:41-0700 (33m 43s ago)
2016-05-22 16:24:26.453572 : process/ext_spouse_label/run.sh
2016-05-22 16:24:26.453583 : mark_done process/ext_spouse_label
2016-05-22 16:24:26.453594 : ##############################################################################
2016-05-22 16:24:26.453606 
2016-05-22 16:24:26.453618 : ## data/spouse_label #########################################################
2016-05-22 16:24:26.453663 : # Done: 2016-05-22T15:50:41-0700 (33m 43s ago)
2016-05-22 16:24:26.453692 : # no-op
2016-05-22 16:24:26.453713 : mark_done data/spouse_label
2016-05-22 16:24:26.453734 : ##############################################################################
2016-05-22 16:24:26.453752 
2016-05-22 16:24:26.453773 : ## process/ext_spouse_label_resolved #########################################
2016-05-22 16:24:26.453824 : # Done: 2016-05-22T15:50:41-0700 (33m 44s ago)
2016-05-22 16:24:26.453854 : process/ext_spouse_label_resolved/run.sh
2016-05-22 16:24:26.453876 : mark_done process/ext_spouse_label_resolved
2016-05-22 16:24:26.453897 : ##############################################################################
2016-05-22 16:24:26.453921 
2016-05-22 16:24:26.453945 : ## data/spouse_label_resolved ################################################
2016-05-22 16:24:26.453966 : # Done: 2016-05-22T15:50:41-0700 (33m 44s ago)
2016-05-22 16:24:26.453978 : # no-op
2016-05-22 16:24:26.453989 : mark_done data/spouse_label_resolved
2016-05-22 16:24:26.454000 : ##############################################################################
2016-05-22 16:24:26.454018 
2016-05-22 16:24:26.454041 ## process/ext_has_spouse ####################################################
2016-05-22 16:24:26.454063 : # Done: 2016-05-22T15:50:41-0700 (33m 44s ago)
2016-05-22 16:24:26.454084 # Done: 2016-05-22T15:50:41-0700 (33m 43s ago)
2016-05-22 16:24:26.454108 process/ext_has_spouse/run.sh
2016-05-22 16:24:26.454140 ++ dirname process/ext_has_spouse/run.sh
2016-05-22 16:24:26.454174 + cd process/ext_has_spouse
2016-05-22 16:24:26.454196 + export DEEPDIVE_CURRENT_PROCESS_NAME=process/ext_has_spouse
2016-05-22 16:24:26.454216 + DEEPDIVE_CURRENT_PROCESS_NAME=process/ext_has_spouse
2016-05-22 16:24:26.454235 + deepdive create table has_spouse
2016-05-22 16:24:26.454247 NOTICE:  drop cascades to view has_spouse_label_inference
2016-05-22 16:24:26.479306 CREATE TABLE
2016-05-22 16:24:26.480241 + deepdive sql 'INSERT INTO has_spouse SELECT DISTINCT R0.column_0, R0.column_1, 0 AS id, 
2016-05-22 16:24:26.480305 CASE WHEN R0.column_2 > 0 THEN true
2016-05-22 16:24:26.480329      WHEN R0.column_2 < 0 THEN false
2016-05-22 16:24:26.480371      ELSE NULL
2016-05-22 16:24:26.480429 END AS label
2016-05-22 16:24:26.480481           FROM spouse_label_resolved R0
2016-05-22 16:24:26.480508         
2016-05-22 16:24:26.480531           '
2016-05-22 16:24:26.572121 INSERT 0 103
2016-05-22 16:24:26.573491 mark_done process/ext_has_spouse
2016-05-22 16:24:26.592811 ##############################################################################
2016-05-22 16:24:26.592863 
2016-05-22 16:24:26.592883 ## data/has_spouse ###########################################################
2016-05-22 16:24:26.592905 : # Done: 2016-05-22T15:50:41-0700 (33m 44s ago)
2016-05-22 16:24:26.592926 # Done: 2016-05-22T15:50:41-0700 (33m 43s ago)
2016-05-22 16:24:26.592945 # no-op
2016-05-22 16:24:26.593024 mark_done data/has_spouse
2016-05-22 16:24:26.612486 ##############################################################################
2016-05-22 16:24:26.612567 
