2016-05-22 12:50:37.139019 ‘run/LATEST.COMPILE/125037.048162000’ -> ‘20160522/125037.048162000’
2016-05-22 12:50:37.139370 ‘run/RUNNING.COMPILE’ -> ‘20160522/125037.048162000’
2016-05-22 12:50:37.139403 Parsing DeepDive application (/Users/emerson/Documents/Github/deepdive/examples/coach_nba) to generate:
2016-05-22 12:50:37.139427  run/compiled/schema.json
2016-05-22 12:50:37.139447   from app.ddlog
2016-05-22 12:50:38.207001  run/compiled/deepdive.conf
2016-05-22 12:50:38.207230   from app.ddlog
2016-05-22 12:50:39.197011   from deepdive.conf
2016-05-22 12:50:39.207513  run/compiled/deepdive.conf.json
2016-05-22 12:50:39.585251 Performing sanity checks on run/compiled/deepdive.conf.json:
2016-05-22 12:50:39.642872  checking if input_extractors_well_defined
2016-05-22 12:50:39.642924  checking if input_schema_wellformed
2016-05-22 12:50:39.643269 Normalizing and adding built-in processes to the data flow to compile:
2016-05-22 12:50:39.643723  run/compiled/config-0.00-init_objects.json
2016-05-22 12:50:39.669164  run/compiled/config-0.01-parse_calibration.json
2016-05-22 12:50:39.695759  run/compiled/config-0.01-parse_schema.json
2016-05-22 12:50:39.730097  run/compiled/config-0.51-add_init_app.json
2016-05-22 12:50:39.761888  run/compiled/config-0.52-input_loader.json
2016-05-22 12:50:39.790839  run/compiled/config-1.00-qualified_names.json
2016-05-22 12:50:39.827073  run/compiled/config-1.01-parse_inference_rules.json
2016-05-22 12:50:39.866911  run/compiled/config-2.01-grounding.json
2016-05-22 12:50:39.969200  run/compiled/config-2.02-learning_inference.json
2016-05-22 12:50:40.002389  run/compiled/config-2.03-calibration_plots.json
2016-05-22 12:50:40.042195  run/compiled/config-9.98-ensure_init_app.json
2016-05-22 12:50:40.070815  run/compiled/config-9.99-dependencies.json
2016-05-22 12:50:40.110527  run/compiled/config.json
2016-05-22 12:50:40.114140 Validating run/compiled/config.json:
2016-05-22 12:50:40.244025  checking if compiled_base_relations_have_input_data
2016-05-22 12:50:40.244075  [WARNING] input/init.sh should load all base relations: articles spouses_dbpedia 
2016-05-22 12:50:40.244091  checking if compiled_dependencies_correct
2016-05-22 12:50:40.244110  checking if compiled_input_output_well_defined
2016-05-22 12:50:40.244130  checking if compiled_output_uniquely_defined
2016-05-22 12:50:40.244342 Compiling executable code into:
2016-05-22 12:50:40.244694  run/compiled/code-Makefile.json
2016-05-22 12:50:40.275070  run/compiled/code-cmd_extractor.json
2016-05-22 12:50:40.316819  run/compiled/code-dataflow_dot.json
2016-05-22 12:50:40.356213  run/compiled/code-sql_extractor.json
2016-05-22 12:50:40.391407  run/compiled/code-tsv_extractor.json
2016-05-22 12:50:40.431733 Generating files:
2016-05-22 12:50:40.464780  run/Makefile
2016-05-22 12:50:40.494270  run/process/init/app/run.sh
2016-05-22 12:50:40.516963  run/process/init/relation/articles/run.sh
2016-05-22 12:50:40.536860  run/process/init/relation/spouses_dbpedia/run.sh
2016-05-22 12:50:40.557398  run/process/ext_has_spouse/run.sh
2016-05-22 12:50:40.594879  run/process/ext_num_people/run.sh
2016-05-22 12:50:40.613320  run/process/ext_num_team/run.sh
2016-05-22 12:50:40.641853  run/process/ext_spouse_candidate/run.sh
2016-05-22 12:50:40.667147  run/process/ext_spouse_label/run.sh
2016-05-22 12:50:40.694742  run/process/ext_spouse_label_resolved/run.sh
2016-05-22 12:50:40.718821  run/process/grounding/variable_id_partition/run.sh
2016-05-22 12:50:40.746767  run/process/grounding/variable/has_spouse/assign_id/run.sh
2016-05-22 12:50:40.772333  run/process/grounding/variable_holdout/run.sh
2016-05-22 12:50:40.804013  run/process/grounding/variable/has_spouse/dump/run.sh
2016-05-22 12:50:40.833784  run/process/grounding/factor/inf1_imply_has_spouse_has_spouse/materialize/run.sh
2016-05-22 12:50:40.867212  run/process/grounding/factor/inf_imply_has_spouse_has_spouse/materialize/run.sh
2016-05-22 12:50:40.893249  run/process/grounding/factor/inf_istrue_has_spouse/materialize/run.sh
2016-05-22 12:50:40.917958  run/process/grounding/weight_id_partition/run.sh
2016-05-22 12:50:40.943959  run/process/grounding/global_weight_table/run.sh
2016-05-22 12:50:40.965438  run/process/grounding/factor/inf1_imply_has_spouse_has_spouse/assign_weight_id/run.sh
2016-05-22 12:50:40.999927  run/process/grounding/factor/inf_imply_has_spouse_has_spouse/assign_weight_id/run.sh
2016-05-22 12:50:41.023055  run/process/grounding/factor/inf_istrue_has_spouse/assign_weight_id/run.sh
2016-05-22 12:50:41.050194  run/process/grounding/factor/inf1_imply_has_spouse_has_spouse/dump/run.sh
2016-05-22 12:50:41.075171  run/process/grounding/factor/inf_imply_has_spouse_has_spouse/dump/run.sh
2016-05-22 12:50:41.107658  run/process/grounding/factor/inf_istrue_has_spouse/dump/run.sh
2016-05-22 12:50:41.130969  run/process/grounding/factor/inf1_imply_has_spouse_has_spouse/dump_weights/run.sh
2016-05-22 12:50:41.162407  run/process/grounding/factor/inf_imply_has_spouse_has_spouse/dump_weights/run.sh
2016-05-22 12:50:41.188843  run/process/grounding/factor/inf_istrue_has_spouse/dump_weights/run.sh
2016-05-22 12:50:41.215383  run/process/grounding/combine_factorgraph/run.sh
2016-05-22 12:50:41.247477  run/process/model/learning/run.sh
2016-05-22 12:50:41.287023  run/process/model/inference/run.sh
2016-05-22 12:50:41.314190  run/process/model/load_weights/run.sh
2016-05-22 12:50:41.344646  run/process/model/load_probabilities/run.sh
2016-05-22 12:50:41.368497  run/process/model/calibration/run.sh
2016-05-22 12:50:41.390459  run/dataflow.dot
2016-05-22 12:50:41.410159  run/process/ext_person_mention_by_map_person_mention/run.sh
2016-05-22 12:50:41.433443  run/process/ext_sentences_by_nlp_markup/run.sh
2016-05-22 12:50:41.466654  run/process/ext_spouse_feature_by_extract_spouse_features/run.sh
2016-05-22 12:50:41.492490  run/process/ext_spouse_label__0_by_supervise/run.sh
2016-05-22 12:50:41.521287  run/process/ext_team_mention_by_map_team_mention/run.sh
2016-05-22 12:50:41.575963 Warning: Could not load "/Users/emerson/local/lib/bundled/graphviz/prefix/bin/../lib/graphviz/libgvplugin_pango.6.dylib" - file not found
2016-05-22 12:50:41.590193  run/dataflow.svg
2016-05-22 12:50:41.591384   (file:///Users/emerson/Documents/Github/deepdive/examples/coach_nba/run/dataflow.svg)
2016-05-22 12:50:41.595516 mv: cannot move ‘run/compiled’ to ‘run/compiled~’: Directory not empty
