2016-05-19 23:07:59.414481 # on dhcp-169-233-138-157.cruznet.ucsc.edu: deepdive do articles
2016-05-19 23:07:59.414884 # run/20160519/230757.795594000/plan.sh
2016-05-19 23:07:59.414914 # execution plan for data/articles
2016-05-19 23:07:59.414940 
2016-05-19 23:07:59.414963 : ## process/init/app ##########################################################
2016-05-19 23:07:59.414984 : # Done: 2016-05-19T22:12:14-0700 (55m 43s ago)
2016-05-19 23:07:59.415002 : process/init/app/run.sh
2016-05-19 23:07:59.415021 : mark_done process/init/app
2016-05-19 23:07:59.415040 : ##############################################################################
2016-05-19 23:07:59.415059 
2016-05-19 23:07:59.415079 ## process/init/relation/articles ############################################
2016-05-19 23:07:59.415100 # Done: 2016-05-19T22:12:14-0700 (55m 43s ago)
2016-05-19 23:07:59.415119 process/init/relation/articles/run.sh
2016-05-19 23:07:59.415138 ++ dirname process/init/relation/articles/run.sh
2016-05-19 23:07:59.415156 + cd process/init/relation/articles
2016-05-19 23:07:59.415175 + export DEEPDIVE_CURRENT_PROCESS_NAME=process/init/relation/articles
2016-05-19 23:07:59.415193 + DEEPDIVE_CURRENT_PROCESS_NAME=process/init/relation/articles
2016-05-19 23:07:59.415211 + deepdive create table articles
2016-05-19 23:07:59.532019 CREATE TABLE
2016-05-19 23:07:59.533831 + deepdive load articles
2016-05-19 23:07:59.638901 Loading articles from input/articles.tsv.sh (tsv format)
2016-05-19 23:07:59.648126 ERROR: Missing /Users/emerson/Documents/Github/deepdive/examples/spouse/input/signalmedia/signalmedia-1m.jsonl
2016-05-19 23:07:59.648196 # Please Download it from http://research.signalmedia.co/newsir16/signal-dataset.html
2016-05-19 23:07:59.648222 
2016-05-19 23:07:59.648244 # Alternatively, use our sampled data by running:
2016-05-19 23:07:59.648265 deepdive load articles input/articles-100.tsv.bz2
2016-05-19 23:07:59.648285 
2016-05-19 23:07:59.648304 # Or, skipping all NLP markup processes by running:
2016-05-19 23:07:59.648323 deepdive create table sentences
2016-05-19 23:07:59.648343 deepdive load sentences
2016-05-19 23:07:59.648363 deepdive mark done sentences
2016-05-19 23:07:59.691440 COPY 0
2016-05-19 23:07:59.699732 mark_done process/init/relation/articles
2016-05-19 23:07:59.715311 ##############################################################################
2016-05-19 23:07:59.715397 
2016-05-19 23:07:59.715423 ## data/articles #############################################################
2016-05-19 23:07:59.715473 # Done: 2016-05-19T22:12:14-0700 (55m 43s ago)
2016-05-19 23:07:59.715510 # no-op
2016-05-19 23:07:59.715535 mark_done data/articles
2016-05-19 23:07:59.736754 ##############################################################################
2016-05-19 23:07:59.736827 
