2016-05-20 20:58:20.662492 # on dhcp-169-233-138-157.cruznet.ucsc.edu: deepdive do person_mention
2016-05-20 20:58:20.662772 # run/20160520/205819.144546000/plan.sh
2016-05-20 20:58:20.662792 # execution plan for data/person_mention
2016-05-20 20:58:20.662804 
2016-05-20 20:58:20.662814 : ## process/init/app ##########################################################
2016-05-20 20:58:20.662825 : # Done: 2016-05-20T15:47:44-0700 (5h 10m 35s ago)
2016-05-20 20:58:20.662835 : process/init/app/run.sh
2016-05-20 20:58:20.662845 : mark_done process/init/app
2016-05-20 20:58:20.662857 : ##############################################################################
2016-05-20 20:58:20.662867 
2016-05-20 20:58:20.662877 : ## process/init/relation/articles ############################################
2016-05-20 20:58:20.662887 : # Done: 2016-05-20T19:16:48-0700 (1h 41m 31s ago)
2016-05-20 20:58:20.662898 : process/init/relation/articles/run.sh
2016-05-20 20:58:20.662908 : mark_done process/init/relation/articles
2016-05-20 20:58:20.662918 : ##############################################################################
2016-05-20 20:58:20.662928 
2016-05-20 20:58:20.662939 : ## data/articles #############################################################
2016-05-20 20:58:20.662949 : # Done: 2016-05-20T19:16:48-0700 (1h 41m 31s ago)
2016-05-20 20:58:20.662959 : # no-op
2016-05-20 20:58:20.662969 : mark_done data/articles
2016-05-20 20:58:20.662979 : ##############################################################################
2016-05-20 20:58:20.662989 
2016-05-20 20:58:20.662999 : ## process/ext_sentences_by_nlp_markup #######################################
2016-05-20 20:58:20.663009 : # Done: 2016-05-20T19:20:04-0700 (1h 38m 15s ago)
2016-05-20 20:58:20.663025 : process/ext_sentences_by_nlp_markup/run.sh
2016-05-20 20:58:20.663043 : mark_done process/ext_sentences_by_nlp_markup
2016-05-20 20:58:20.663062 : ##############################################################################
2016-05-20 20:58:20.663080 
2016-05-20 20:58:20.663102 : ## data/sentences ############################################################
2016-05-20 20:58:20.663121 : # Done: 2016-05-20T19:20:04-0700 (1h 38m 15s ago)
2016-05-20 20:58:20.663140 : # no-op
2016-05-20 20:58:20.663174 : mark_done data/sentences
2016-05-20 20:58:20.663194 : ##############################################################################
2016-05-20 20:58:20.663213 
2016-05-20 20:58:20.663232 ## process/ext_person_mention_by_map_person_mention ##########################
2016-05-20 20:58:20.663252 # Done: 2016-05-20T19:23:11-0700 (1h 35m 8s ago)
2016-05-20 20:58:20.663271 process/ext_person_mention_by_map_person_mention/run.sh
2016-05-20 20:58:20.663320 ++ dirname process/ext_person_mention_by_map_person_mention/run.sh
2016-05-20 20:58:20.663350 + cd process/ext_person_mention_by_map_person_mention
2016-05-20 20:58:20.663373 + export DEEPDIVE_CURRENT_PROCESS_NAME=process/ext_person_mention_by_map_person_mention
2016-05-20 20:58:20.663396 + DEEPDIVE_CURRENT_PROCESS_NAME=process/ext_person_mention_by_map_person_mention
2016-05-20 20:58:20.663417 + export DEEPDIVE_LOAD_FORMAT=tsv
2016-05-20 20:58:20.663437 + DEEPDIVE_LOAD_FORMAT=tsv
2016-05-20 20:58:20.663455 + deepdive compute execute 'input_sql= SELECT R0.doc_id AS "sentences.R0.doc_id", R0.sentence_index AS "sentences.R0.sentence_index", R0.tokens AS "sentences.R0.tokens", R0.ner_tags AS "sentences.R0.ner_tags"
2016-05-20 20:58:20.663472 FROM sentences R0
2016-05-20 20:58:20.663491         
2016-05-20 20:58:20.663509           ' 'command="$DEEPDIVE_APP"/udf/map_person_mention.py' output_relation=person_mention
2016-05-20 20:58:20.716180 Executing with the following configuration:
2016-05-20 20:58:20.716303  DEEPDIVE_NUM_PROCESSES=3
2016-05-20 20:58:20.716364  DEEPDIVE_NUM_PARALLEL_UNLOADS=1
2016-05-20 20:58:20.716416  DEEPDIVE_NUM_PARALLEL_LOADS=1
2016-05-20 20:58:20.716623  output_relation_tmp=dd_tmp_person_mention
2016-05-20 20:58:20.716698 
2016-05-20 20:58:21.112093 CREATE TABLE
2016-05-20 20:58:21.217535 CREATE TABLE
2016-05-20 20:58:21.378907 unloading to feed_processes-1: ' SELECT R0.doc_id AS "sentences.R0.doc_id", R0.sentence_index AS "sentences.R0.sentence_index", R0.tokens AS "sentences.R0.tokens", R0.ner_tags AS "sentences.R0.ner_tags"
2016-05-20 20:58:21.378969 FROM sentences R0
2016-05-20 20:58:21.378993         
2016-05-20 20:58:21.379017           '
2016-05-20 20:58:21.420594 Loading dd_tmp_person_mention from output_computed-1 (tsv format)
2016-05-20 20:58:21.637813 COPY 151
2016-05-20 20:58:21.643633 Replacing person_mention with dd_tmp_person_mention
2016-05-20 20:58:21.714591 DROP TABLE
2016-05-20 20:58:21.791416 ALTER TABLE
2016-05-20 20:58:21.867703 ALTER TABLE
2016-05-20 20:58:21.945152 DROP TABLE
2016-05-20 20:58:22.011100 ANALYZE
2016-05-20 20:58:22.016870 mark_done process/ext_person_mention_by_map_person_mention
2016-05-20 20:58:22.034484 ##############################################################################
2016-05-20 20:58:22.034544 
2016-05-20 20:58:22.034564 ## data/person_mention #######################################################
2016-05-20 20:58:22.034585 # Done: 2016-05-20T19:23:11-0700 (1h 35m 8s ago)
2016-05-20 20:58:22.034609 # no-op
2016-05-20 20:58:22.034676 mark_done data/person_mention
2016-05-20 20:58:22.054641 ##############################################################################
2016-05-20 20:58:22.054718 
