2016-05-22 12:40:18.012783 # on eduroam-169-233-210-202.ucsc.edu: deepdive do calibration-plots
2016-05-22 12:40:18.013134 # run/20160522/124011.615177000/plan.sh
2016-05-22 12:40:18.013158 # execution plan for model/calibration-plots
2016-05-22 12:40:18.013178 
2016-05-22 12:40:18.013198 : ## process/init/app ##########################################################
2016-05-22 12:40:18.013219 : # Done: 2016-05-22T11:25:05-0700 (1h 15m 6s ago)
2016-05-22 12:40:18.013237 : process/init/app/run.sh
2016-05-22 12:40:18.013255 : mark_done process/init/app
2016-05-22 12:40:18.013286 : ##############################################################################
2016-05-22 12:40:18.013324 
2016-05-22 12:40:18.013350 : ## process/init/relation/articles ############################################
2016-05-22 12:40:18.013373 : # Done: 2016-05-22T11:55:52-0700 (44m 19s ago)
2016-05-22 12:40:18.013394 : process/init/relation/articles/run.sh
2016-05-22 12:40:18.013416 : mark_done process/init/relation/articles
2016-05-22 12:40:18.013437 : ##############################################################################
2016-05-22 12:40:18.013458 
2016-05-22 12:40:18.013480 : ## data/articles #############################################################
2016-05-22 12:40:18.013501 : # Done: 2016-05-22T11:55:52-0700 (44m 19s ago)
2016-05-22 12:40:18.013521 : # no-op
2016-05-22 12:40:18.013541 : mark_done data/articles
2016-05-22 12:40:18.013560 : ##############################################################################
2016-05-22 12:40:18.013581 
2016-05-22 12:40:18.013602 : ## process/ext_sentences_by_nlp_markup #######################################
2016-05-22 12:40:18.013623 : # Done: 2016-05-22T11:57:59-0700 (42m 12s ago)
2016-05-22 12:40:18.013644 : process/ext_sentences_by_nlp_markup/run.sh
2016-05-22 12:40:18.013664 : mark_done process/ext_sentences_by_nlp_markup
2016-05-22 12:40:18.013683 : ##############################################################################
2016-05-22 12:40:18.013704 
2016-05-22 12:40:18.013726 : ## data/sentences ############################################################
2016-05-22 12:40:18.013747 : # Done: 2016-05-22T11:57:59-0700 (42m 12s ago)
2016-05-22 12:40:18.013768 : # no-op
2016-05-22 12:40:18.013789 : mark_done data/sentences
2016-05-22 12:40:18.013811 : ##############################################################################
2016-05-22 12:40:18.013831 
2016-05-22 12:40:18.013851 : ## process/ext_person_mention_by_map_person_mention ##########################
2016-05-22 12:40:18.013870 : # Done: 2016-05-22T12:13:47-0700 (26m 24s ago)
2016-05-22 12:40:18.013891 : process/ext_person_mention_by_map_person_mention/run.sh
2016-05-22 12:40:18.013911 : mark_done process/ext_person_mention_by_map_person_mention
2016-05-22 12:40:18.013932 : ##############################################################################
2016-05-22 12:40:18.013953 
2016-05-22 12:40:18.013973 : ## data/person_mention #######################################################
2016-05-22 12:40:18.013994 : # Done: 2016-05-22T12:13:47-0700 (26m 24s ago)
2016-05-22 12:40:18.014014 : # no-op
2016-05-22 12:40:18.014035 : mark_done data/person_mention
2016-05-22 12:40:18.014055 : ##############################################################################
2016-05-22 12:40:18.014076 
2016-05-22 12:40:18.014097 : ## process/ext_num_people ####################################################
2016-05-22 12:40:18.014117 : # Done: 2016-05-22T12:14:33-0700 (25m 38s ago)
2016-05-22 12:40:18.014137 : process/ext_num_people/run.sh
2016-05-22 12:40:18.014158 : mark_done process/ext_num_people
2016-05-22 12:40:18.014179 : ##############################################################################
2016-05-22 12:40:18.014199 
2016-05-22 12:40:18.014220 : ## data/num_people ###########################################################
2016-05-22 12:40:18.014240 : # Done: 2016-05-22T12:14:33-0700 (25m 38s ago)
2016-05-22 12:40:18.014261 : # no-op
2016-05-22 12:40:18.014281 : mark_done data/num_people
2016-05-22 12:40:18.014301 : ##############################################################################
2016-05-22 12:40:18.014321 
2016-05-22 12:40:18.014342 : ## process/ext_team_mention_by_map_team_mention ##############################
2016-05-22 12:40:18.014361 : # Done: 2016-05-22T12:14:14-0700 (25m 58s ago)
2016-05-22 12:40:18.014381 : process/ext_team_mention_by_map_team_mention/run.sh
2016-05-22 12:40:18.014408 : mark_done process/ext_team_mention_by_map_team_mention
2016-05-22 12:40:18.014430 : ##############################################################################
2016-05-22 12:40:18.014451 
2016-05-22 12:40:18.014472 : ## data/team_mention #########################################################
2016-05-22 12:40:18.014493 : # Done: 2016-05-22T12:14:14-0700 (25m 58s ago)
2016-05-22 12:40:18.014512 : # no-op
2016-05-22 12:40:18.014532 : mark_done data/team_mention
2016-05-22 12:40:18.014551 : ##############################################################################
2016-05-22 12:40:18.014572 
2016-05-22 12:40:18.014592 : ## process/ext_spouse_candidate ##############################################
2016-05-22 12:40:18.014612 : # Done: 2016-05-22T12:14:34-0700 (25m 38s ago)
2016-05-22 12:40:18.014633 : process/ext_spouse_candidate/run.sh
2016-05-22 12:40:18.014652 : mark_done process/ext_spouse_candidate
2016-05-22 12:40:18.014673 : ##############################################################################
2016-05-22 12:40:18.014694 
2016-05-22 12:40:18.014714 : ## data/spouse_candidate #####################################################
2016-05-22 12:40:18.014735 : # Done: 2016-05-22T12:14:34-0700 (25m 38s ago)
2016-05-22 12:40:18.014755 : # no-op
2016-05-22 12:40:18.014775 : mark_done data/spouse_candidate
2016-05-22 12:40:18.014796 : ##############################################################################
2016-05-22 12:40:18.014816 
2016-05-22 12:40:18.014837 : ## process/ext_spouse_label__0_by_supervise ##################################
2016-05-22 12:40:18.014858 : # Done: 2016-05-22T12:28:31-0700 (11m 41s ago)
2016-05-22 12:40:18.014883 : process/ext_spouse_label__0_by_supervise/run.sh
2016-05-22 12:40:18.014905 : mark_done process/ext_spouse_label__0_by_supervise
2016-05-22 12:40:18.014926 : ##############################################################################
2016-05-22 12:40:18.014946 
2016-05-22 12:40:18.014966 : ## data/spouse_label__0 ######################################################
2016-05-22 12:40:18.014987 : # Done: 2016-05-22T12:28:31-0700 (11m 41s ago)
2016-05-22 12:40:18.015008 : # no-op
2016-05-22 12:40:18.015029 : mark_done data/spouse_label__0
2016-05-22 12:40:18.015049 : ##############################################################################
2016-05-22 12:40:18.015069 
2016-05-22 12:40:18.015089 : ## process/init/relation/spouses_dbpedia #####################################
2016-05-22 12:40:18.015110 : # Done: 2016-05-22T12:18:22-0700 (21m 50s ago)
2016-05-22 12:40:18.015131 : process/init/relation/spouses_dbpedia/run.sh
2016-05-22 12:40:18.015151 : mark_done process/init/relation/spouses_dbpedia
2016-05-22 12:40:18.015171 : ##############################################################################
2016-05-22 12:40:18.015192 
2016-05-22 12:40:18.015213 : ## data/spouses_dbpedia ######################################################
2016-05-22 12:40:18.015233 : # Done: 2016-05-22T12:18:22-0700 (21m 50s ago)
2016-05-22 12:40:18.015252 : # no-op
2016-05-22 12:40:18.015273 : mark_done data/spouses_dbpedia
2016-05-22 12:40:18.015293 : ##############################################################################
2016-05-22 12:40:18.015313 
2016-05-22 12:40:18.015334 : ## process/ext_spouse_label ##################################################
2016-05-22 12:40:18.015354 : # Done: 2016-05-22T12:30:54-0700 (9m 18s ago)
2016-05-22 12:40:18.015374 : process/ext_spouse_label/run.sh
2016-05-22 12:40:18.015393 : mark_done process/ext_spouse_label
2016-05-22 12:40:18.015414 : ##############################################################################
2016-05-22 12:40:18.015434 
2016-05-22 12:40:18.015454 : ## data/spouse_label #########################################################
2016-05-22 12:40:18.015474 : # Done: 2016-05-22T12:30:54-0700 (9m 18s ago)
2016-05-22 12:40:18.015493 : # no-op
2016-05-22 12:40:18.015514 : mark_done data/spouse_label
2016-05-22 12:40:18.015535 : ##############################################################################
2016-05-22 12:40:18.015556 
2016-05-22 12:40:18.015576 : ## process/ext_spouse_label_resolved #########################################
2016-05-22 12:40:18.015598 : # Done: 2016-05-22T12:30:54-0700 (9m 18s ago)
2016-05-22 12:40:18.015617 : process/ext_spouse_label_resolved/run.sh
2016-05-22 12:40:18.015638 : mark_done process/ext_spouse_label_resolved
2016-05-22 12:40:18.015659 : ##############################################################################
2016-05-22 12:40:18.015679 
2016-05-22 12:40:18.015700 : ## data/spouse_label_resolved ################################################
2016-05-22 12:40:18.015721 : # Done: 2016-05-22T12:30:54-0700 (9m 18s ago)
2016-05-22 12:40:18.015741 : # no-op
2016-05-22 12:40:18.015761 : mark_done data/spouse_label_resolved
2016-05-22 12:40:18.015781 : ##############################################################################
2016-05-22 12:40:18.015801 
2016-05-22 12:40:18.015821 : ## process/ext_has_spouse ####################################################
2016-05-22 12:40:18.015841 : # Done: 2016-05-22T12:30:54-0700 (9m 18s ago)
2016-05-22 12:40:18.015862 : process/ext_has_spouse/run.sh
2016-05-22 12:40:18.015883 : mark_done process/ext_has_spouse
2016-05-22 12:40:18.015903 : ##############################################################################
2016-05-22 12:40:18.015924 
2016-05-22 12:40:18.015944 : ## data/has_spouse ###########################################################
2016-05-22 12:40:18.015965 : # Done: 2016-05-22T12:30:54-0700 (9m 18s ago)
2016-05-22 12:40:18.015985 : # no-op
2016-05-22 12:40:18.016006 : mark_done data/has_spouse
2016-05-22 12:40:18.016026 : ##############################################################################
2016-05-22 12:40:18.016047 
2016-05-22 12:40:18.016067 : ## process/grounding/variable_id_partition ###################################
2016-05-22 12:40:18.016088 : # Done: 2016-05-22T12:37:24-0700 (2m 48s ago)
2016-05-22 12:40:18.016109 : process/grounding/variable_id_partition/run.sh
2016-05-22 12:40:18.016129 : mark_done process/grounding/variable_id_partition
2016-05-22 12:40:18.016148 : ##############################################################################
2016-05-22 12:40:18.016167 
2016-05-22 12:40:18.016186 : ## process/grounding/variable/has_spouse/assign_id ###########################
2016-05-22 12:40:18.016204 : # Done: 2016-05-22T12:37:25-0700 (2m 47s ago)
2016-05-22 12:40:18.016226 : process/grounding/variable/has_spouse/assign_id/run.sh
2016-05-22 12:40:18.016246 : mark_done process/grounding/variable/has_spouse/assign_id
2016-05-22 12:40:18.016266 : ##############################################################################
2016-05-22 12:40:18.016285 
2016-05-22 12:40:18.016306 : ## process/grounding/factor/inf1_imply_has_spouse_has_spouse/materialize #####
2016-05-22 12:40:18.016326 : # Done: 2016-05-22T12:37:25-0700 (2m 47s ago)
2016-05-22 12:40:18.016344 : process/grounding/factor/inf1_imply_has_spouse_has_spouse/materialize/run.sh
2016-05-22 12:40:18.016365 : mark_done process/grounding/factor/inf1_imply_has_spouse_has_spouse/materialize
2016-05-22 12:40:18.016392 : ##############################################################################
2016-05-22 12:40:18.016414 
2016-05-22 12:40:18.016436 : ## process/grounding/factor/inf_imply_has_spouse_has_spouse/materialize ######
2016-05-22 12:40:18.016454 : # Done: 2016-05-22T12:37:26-0700 (2m 46s ago)
2016-05-22 12:40:18.016472 : process/grounding/factor/inf_imply_has_spouse_has_spouse/materialize/run.sh
2016-05-22 12:40:18.016493 : mark_done process/grounding/factor/inf_imply_has_spouse_has_spouse/materialize
2016-05-22 12:40:18.016514 : ##############################################################################
2016-05-22 12:40:18.016533 
2016-05-22 12:40:18.016553 : ## process/ext_spouse_feature_by_extract_spouse_features #####################
2016-05-22 12:40:18.016575 : # Done: 2016-05-22T12:16:15-0700 (23m 57s ago)
2016-05-22 12:40:18.016592 : process/ext_spouse_feature_by_extract_spouse_features/run.sh
2016-05-22 12:40:18.016612 : mark_done process/ext_spouse_feature_by_extract_spouse_features
2016-05-22 12:40:18.016636 : ##############################################################################
2016-05-22 12:40:18.016656 
2016-05-22 12:40:18.016676 : ## data/spouse_feature #######################################################
2016-05-22 12:40:18.016694 : # Done: 2016-05-22T12:16:15-0700 (23m 57s ago)
2016-05-22 12:40:18.016713 : # no-op
2016-05-22 12:40:18.016733 : mark_done data/spouse_feature
2016-05-22 12:40:18.016754 : ##############################################################################
2016-05-22 12:40:18.016774 
2016-05-22 12:40:18.016796 : ## process/grounding/factor/inf_istrue_has_spouse/materialize ################
2016-05-22 12:40:18.016814 : # Done: 2016-05-22T12:37:26-0700 (2m 46s ago)
2016-05-22 12:40:18.016832 : process/grounding/factor/inf_istrue_has_spouse/materialize/run.sh
2016-05-22 12:40:18.016852 : mark_done process/grounding/factor/inf_istrue_has_spouse/materialize
2016-05-22 12:40:18.016872 : ##############################################################################
2016-05-22 12:40:18.016891 
2016-05-22 12:40:18.016912 : ## process/grounding/weight_id_partition #####################################
2016-05-22 12:40:18.016930 : # Done: 2016-05-22T12:37:26-0700 (2m 46s ago)
2016-05-22 12:40:18.016950 : process/grounding/weight_id_partition/run.sh
2016-05-22 12:40:18.016970 : mark_done process/grounding/weight_id_partition
2016-05-22 12:40:18.016990 : ##############################################################################
2016-05-22 12:40:18.017009 
2016-05-22 12:40:18.017028 : ## process/grounding/factor/inf1_imply_has_spouse_has_spouse/assign_weight_id null
2016-05-22 12:40:18.017046 : # Done: 2016-05-22T12:37:26-0700 (2m 46s ago)
2016-05-22 12:40:18.017067 : process/grounding/factor/inf1_imply_has_spouse_has_spouse/assign_weight_id/run.sh
2016-05-22 12:40:18.017088 : mark_done process/grounding/factor/inf1_imply_has_spouse_has_spouse/assign_weight_id
2016-05-22 12:40:18.017107 : ##############################################################################
2016-05-22 12:40:18.017129 
2016-05-22 12:40:18.017147 : ## process/grounding/factor/inf1_imply_has_spouse_has_spouse/dump ############
2016-05-22 12:40:18.017165 : # Done: 2016-05-22T12:37:28-0700 (2m 44s ago)
2016-05-22 12:40:18.017185 : process/grounding/factor/inf1_imply_has_spouse_has_spouse/dump/run.sh
2016-05-22 12:40:18.017207 : mark_done process/grounding/factor/inf1_imply_has_spouse_has_spouse/dump
2016-05-22 12:40:18.017226 : ##############################################################################
2016-05-22 12:40:18.017246 
2016-05-22 12:40:18.017267 : ## process/grounding/factor/inf1_imply_has_spouse_has_spouse/dump_weights ####
2016-05-22 12:40:18.017284 : # Done: 2016-05-22T12:37:28-0700 (2m 44s ago)
2016-05-22 12:40:18.017305 : process/grounding/factor/inf1_imply_has_spouse_has_spouse/dump_weights/run.sh
2016-05-22 12:40:18.017326 : mark_done process/grounding/factor/inf1_imply_has_spouse_has_spouse/dump_weights
2016-05-22 12:40:18.017345 : ##############################################################################
2016-05-22 12:40:18.017366 
2016-05-22 12:40:18.017384 : ## process/grounding/factor/inf_imply_has_spouse_has_spouse/assign_weight_id #
2016-05-22 12:40:18.017401 : # Done: 2016-05-22T12:37:28-0700 (2m 44s ago)
2016-05-22 12:40:18.017422 : process/grounding/factor/inf_imply_has_spouse_has_spouse/assign_weight_id/run.sh
2016-05-22 12:40:18.017443 : mark_done process/grounding/factor/inf_imply_has_spouse_has_spouse/assign_weight_id
2016-05-22 12:40:18.017463 : ##############################################################################
2016-05-22 12:40:18.017484 
2016-05-22 12:40:18.017506 : ## process/grounding/factor/inf_imply_has_spouse_has_spouse/dump #############
2016-05-22 12:40:18.017526 : # Done: 2016-05-22T12:37:29-0700 (2m 43s ago)
2016-05-22 12:40:18.017553 : process/grounding/factor/inf_imply_has_spouse_has_spouse/dump/run.sh
2016-05-22 12:40:18.017575 : mark_done process/grounding/factor/inf_imply_has_spouse_has_spouse/dump
2016-05-22 12:40:18.017596 : ##############################################################################
2016-05-22 12:40:18.017614 
2016-05-22 12:40:18.017634 : ## process/grounding/factor/inf_imply_has_spouse_has_spouse/dump_weights #####
2016-05-22 12:40:18.017653 : # Done: 2016-05-22T12:37:30-0700 (2m 42s ago)
2016-05-22 12:40:18.017673 : process/grounding/factor/inf_imply_has_spouse_has_spouse/dump_weights/run.sh
2016-05-22 12:40:18.017693 : mark_done process/grounding/factor/inf_imply_has_spouse_has_spouse/dump_weights
2016-05-22 12:40:18.017713 : ##############################################################################
2016-05-22 12:40:18.017732 
2016-05-22 12:40:18.017753 : ## process/grounding/factor/inf_istrue_has_spouse/assign_weight_id ###########
2016-05-22 12:40:18.017773 : # Done: 2016-05-22T12:37:30-0700 (2m 42s ago)
2016-05-22 12:40:18.017793 : process/grounding/factor/inf_istrue_has_spouse/assign_weight_id/run.sh
2016-05-22 12:40:18.017812 : mark_done process/grounding/factor/inf_istrue_has_spouse/assign_weight_id
2016-05-22 12:40:18.017832 : ##############################################################################
2016-05-22 12:40:18.017850 
2016-05-22 12:40:18.017871 : ## process/grounding/factor/inf_istrue_has_spouse/dump #######################
2016-05-22 12:40:18.017892 : # Done: 2016-05-22T12:37:30-0700 (2m 42s ago)
2016-05-22 12:40:18.017911 : process/grounding/factor/inf_istrue_has_spouse/dump/run.sh
2016-05-22 12:40:18.017932 : mark_done process/grounding/factor/inf_istrue_has_spouse/dump
2016-05-22 12:40:18.017950 : ##############################################################################
2016-05-22 12:40:18.017969 
2016-05-22 12:40:18.017989 : ## process/grounding/factor/inf_istrue_has_spouse/dump_weights ###############
2016-05-22 12:40:18.018007 : # Done: 2016-05-22T12:37:31-0700 (2m 41s ago)
2016-05-22 12:40:18.018028 : process/grounding/factor/inf_istrue_has_spouse/dump_weights/run.sh
2016-05-22 12:40:18.018049 : mark_done process/grounding/factor/inf_istrue_has_spouse/dump_weights
2016-05-22 12:40:18.018070 : ##############################################################################
2016-05-22 12:40:18.018088 
2016-05-22 12:40:18.018106 : ## process/grounding/global_weight_table #####################################
2016-05-22 12:40:18.018127 : # Done: 2016-05-22T12:37:31-0700 (2m 41s ago)
2016-05-22 12:40:18.018148 : process/grounding/global_weight_table/run.sh
2016-05-22 12:40:18.018168 : mark_done process/grounding/global_weight_table
2016-05-22 12:40:18.018188 : ##############################################################################
2016-05-22 12:40:18.018208 
2016-05-22 12:40:18.018226 : ## process/grounding/variable_holdout ########################################
2016-05-22 12:40:18.018244 : # Done: 2016-05-22T12:37:31-0700 (2m 41s ago)
2016-05-22 12:40:18.018264 : process/grounding/variable_holdout/run.sh
2016-05-22 12:40:18.018285 : mark_done process/grounding/variable_holdout
2016-05-22 12:40:18.018305 : ##############################################################################
2016-05-22 12:40:18.018324 
2016-05-22 12:40:18.018344 : ## process/grounding/variable/has_spouse/dump ################################
2016-05-22 12:40:18.018363 : # Done: 2016-05-22T12:37:32-0700 (2m 40s ago)
2016-05-22 12:40:18.018382 : process/grounding/variable/has_spouse/dump/run.sh
2016-05-22 12:40:18.018400 : mark_done process/grounding/variable/has_spouse/dump
2016-05-22 12:40:18.018420 : ##############################################################################
2016-05-22 12:40:18.018438 
2016-05-22 12:40:18.018458 : ## process/grounding/combine_factorgraph #####################################
2016-05-22 12:40:18.018479 : # Done: 2016-05-22T12:37:32-0700 (2m 40s ago)
2016-05-22 12:40:18.018499 : process/grounding/combine_factorgraph/run.sh
2016-05-22 12:40:18.018521 : mark_done process/grounding/combine_factorgraph
2016-05-22 12:40:18.018542 : ##############################################################################
2016-05-22 12:40:18.018564 
2016-05-22 12:40:18.018584 : ## model/factorgraph #########################################################
2016-05-22 12:40:18.018606 : # Done: 2016-05-22T12:37:32-0700 (2m 40s ago)
2016-05-22 12:40:18.018627 : mark_done model/factorgraph
2016-05-22 12:40:18.018648 : ##############################################################################
2016-05-22 12:40:18.018669 
2016-05-22 12:40:18.018689 : ## process/model/learning ####################################################
2016-05-22 12:40:18.018710 : # Done: 2016-05-22T12:37:33-0700 (2m 39s ago)
2016-05-22 12:40:18.018731 : process/model/learning/run.sh
2016-05-22 12:40:18.018751 : mark_done process/model/learning
2016-05-22 12:40:18.018771 : ##############################################################################
2016-05-22 12:40:18.018793 
2016-05-22 12:40:18.018815 : ## model/weights #############################################################
2016-05-22 12:40:18.018835 : # Done: 2016-05-22T12:37:33-0700 (2m 39s ago)
2016-05-22 12:40:18.018856 : mark_done model/weights
2016-05-22 12:40:18.018876 : ##############################################################################
2016-05-22 12:40:18.018896 
2016-05-22 12:40:18.018916 : ## process/model/inference ###################################################
2016-05-22 12:40:18.018936 : # Done: 2016-05-22T12:37:33-0700 (2m 39s ago)
2016-05-22 12:40:18.018956 : process/model/inference/run.sh
2016-05-22 12:40:18.018976 : mark_done process/model/inference
2016-05-22 12:40:18.018995 : ##############################################################################
2016-05-22 12:40:18.019013 
2016-05-22 12:40:18.019034 : ## model/probabilities #######################################################
2016-05-22 12:40:18.019053 : # Done: 2016-05-22T12:37:33-0700 (2m 39s ago)
2016-05-22 12:40:18.019072 : mark_done model/probabilities
2016-05-22 12:40:18.019092 : ##############################################################################
2016-05-22 12:40:18.019112 
2016-05-22 12:40:18.019132 : ## process/model/load_probabilities ##########################################
2016-05-22 12:40:18.019152 : # Done: 2016-05-22T12:37:33-0700 (2m 39s ago)
2016-05-22 12:40:18.019172 : process/model/load_probabilities/run.sh
2016-05-22 12:40:18.019194 : mark_done process/model/load_probabilities
2016-05-22 12:40:18.019214 : ##############################################################################
2016-05-22 12:40:18.019233 
2016-05-22 12:40:18.019253 : ## data/model/probabilities ##################################################
2016-05-22 12:40:18.019273 : # Done: 2016-05-22T12:37:33-0700 (2m 39s ago)
2016-05-22 12:40:18.019294 : # no-op
2016-05-22 12:40:18.019315 : mark_done data/model/probabilities
2016-05-22 12:40:18.019338 : ##############################################################################
2016-05-22 12:40:18.019358 
2016-05-22 12:40:18.019379 ## process/model/calibration #################################################
2016-05-22 12:40:18.019398 : # Done: 2016-05-21T15:48:05-0700 (20h 52m 7s ago)
2016-05-22 12:40:18.019418 # Done: 2016-05-21T15:48:05-0700 (20h 52m 6s ago)
2016-05-22 12:40:18.019436 process/model/calibration/run.sh
2016-05-22 12:40:18.019455 ++ dirname process/model/calibration/run.sh
2016-05-22 12:40:18.019473 + cd process/model/calibration
2016-05-22 12:40:18.019493 + export DEEPDIVE_CURRENT_PROCESS_NAME=process/model/calibration
2016-05-22 12:40:18.019513 + DEEPDIVE_CURRENT_PROCESS_NAME=process/model/calibration
2016-05-22 12:40:18.019532 + d=../../../model/calibration-plots
2016-05-22 12:40:18.019551 + mkdir -p ../../../model/calibration-plots
2016-05-22 12:40:18.019571 + cd ../../../model/calibration-plots
2016-05-22 12:40:18.019592 + extraOutput=/Users/emerson/Documents/Github/deepdive/examples/Coach_NBA/run/20160522/124011.615177000/calibration
2016-05-22 12:40:18.019612 + mkdir -p /Users/emerson/Documents/Github/deepdive/examples/Coach_NBA/run/20160522/124011.615177000/calibration
2016-05-22 12:40:18.019630 + DEEPDIVE_CALIBRATION_NUM_BUCKETS=10
2016-05-22 12:40:18.019647 + deepdive db create_calibration_view has_spouse label
2016-05-22 12:40:18.161129 CREATE VIEW
2016-05-22 12:40:18.162529 + draw_calibration_plot has_spouse label
2016-05-22 12:40:18.551950 + cp -a has_spouse_label.png has_spouse_label.tsv /Users/emerson/Documents/Github/deepdive/examples/Coach_NBA/run/20160522/124011.615177000/calibration/
2016-05-22 12:40:18.585106 mark_done process/model/calibration
2016-05-22 12:40:18.611143 ##############################################################################
2016-05-22 12:40:18.611219 
2016-05-22 12:40:18.611316 ## model/calibration-plots ###################################################
2016-05-22 12:40:18.611448 : # Done: 2016-05-21T15:48:05-0700 (20h 52m 7s ago)
2016-05-22 12:40:18.611481 # Done: 2016-05-21T15:48:05-0700 (20h 52m 6s ago)
2016-05-22 12:40:18.611504 mark_done model/calibration-plots
2016-05-22 12:40:18.627320 ##############################################################################
2016-05-22 12:40:18.627392 
