2016-05-21 12:16:56.736477 # on dhcp-169-233-138-157.cruznet.ucsc.edu: deepdive do has_spouse
2016-05-21 12:16:56.736835 # run/20160521/121653.851098000/plan.sh
2016-05-21 12:16:56.736869 # execution plan for data/has_spouse
2016-05-21 12:16:56.736894 
2016-05-21 12:16:56.736917 : ## process/init/app ##########################################################
2016-05-21 12:16:56.736936 : # Done: 2016-05-20T15:47:44-0700 (20h 29m 10s ago)
2016-05-21 12:16:56.736953 : process/init/app/run.sh
2016-05-21 12:16:56.736971 : mark_done process/init/app
2016-05-21 12:16:56.736990 : ##############################################################################
2016-05-21 12:16:56.737008 
2016-05-21 12:16:56.737025 : ## process/init/relation/articles ############################################
2016-05-21 12:16:56.737042 : # Done: 2016-05-20T19:16:48-0700 (17h 6s ago)
2016-05-21 12:16:56.737060 : process/init/relation/articles/run.sh
2016-05-21 12:16:56.737077 : mark_done process/init/relation/articles
2016-05-21 12:16:56.737094 : ##############################################################################
2016-05-21 12:16:56.737112 
2016-05-21 12:16:56.737132 : ## data/articles #############################################################
2016-05-21 12:16:56.737150 : # Done: 2016-05-20T19:16:48-0700 (17h 6s ago)
2016-05-21 12:16:56.737168 : # no-op
2016-05-21 12:16:56.737186 : mark_done data/articles
2016-05-21 12:16:56.737205 : ##############################################################################
2016-05-21 12:16:56.737226 
2016-05-21 12:16:56.737247 : ## process/ext_sentences_by_nlp_markup #######################################
2016-05-21 12:16:56.737265 : # Done: 2016-05-20T19:20:04-0700 (16h 56m 50s ago)
2016-05-21 12:16:56.737283 : process/ext_sentences_by_nlp_markup/run.sh
2016-05-21 12:16:56.737302 : mark_done process/ext_sentences_by_nlp_markup
2016-05-21 12:16:56.737319 : ##############################################################################
2016-05-21 12:16:56.737337 
2016-05-21 12:16:56.737355 : ## data/sentences ############################################################
2016-05-21 12:16:56.737371 : # Done: 2016-05-20T19:20:04-0700 (16h 56m 50s ago)
2016-05-21 12:16:56.737389 : # no-op
2016-05-21 12:16:56.737409 : mark_done data/sentences
2016-05-21 12:16:56.737428 : ##############################################################################
2016-05-21 12:16:56.737447 
2016-05-21 12:16:56.737466 : ## process/ext_person_mention_by_map_person_mention ##########################
2016-05-21 12:16:56.737485 : # Done: 2016-05-20T20:58:22-0700 (15h 18m 32s ago)
2016-05-21 12:16:56.737505 : process/ext_person_mention_by_map_person_mention/run.sh
2016-05-21 12:16:56.737613 : mark_done process/ext_person_mention_by_map_person_mention
2016-05-21 12:16:56.737638 : ##############################################################################
2016-05-21 12:16:56.737657 
2016-05-21 12:16:56.737677 : ## data/person_mention #######################################################
2016-05-21 12:16:56.737696 : # Done: 2016-05-20T20:58:22-0700 (15h 18m 32s ago)
2016-05-21 12:16:56.737715 : # no-op
2016-05-21 12:16:56.737733 : mark_done data/person_mention
2016-05-21 12:16:56.737752 : ##############################################################################
2016-05-21 12:16:56.737770 
2016-05-21 12:16:56.737788 : ## process/ext_num_people ####################################################
2016-05-21 12:16:56.737807 : # Done: 2016-05-20T21:35:41-0700 (14h 41m 13s ago)
2016-05-21 12:16:56.737825 : process/ext_num_people/run.sh
2016-05-21 12:16:56.737845 : mark_done process/ext_num_people
2016-05-21 12:16:56.737865 : ##############################################################################
2016-05-21 12:16:56.737884 
2016-05-21 12:16:56.737903 : ## data/num_people ###########################################################
2016-05-21 12:16:56.737923 : # Done: 2016-05-20T21:35:41-0700 (14h 41m 13s ago)
2016-05-21 12:16:56.737941 : # no-op
2016-05-21 12:16:56.737959 : mark_done data/num_people
2016-05-21 12:16:56.737979 : ##############################################################################
2016-05-21 12:16:56.737998 
2016-05-21 12:16:56.738017 : ## process/ext_team_mention_by_map_team_mention ##############################
2016-05-21 12:16:56.738036 : # Done: 2016-05-20T21:23:06-0700 (14h 53m 48s ago)
2016-05-21 12:16:56.738055 : process/ext_team_mention_by_map_team_mention/run.sh
2016-05-21 12:16:56.738073 : mark_done process/ext_team_mention_by_map_team_mention
2016-05-21 12:16:56.738092 : ##############################################################################
2016-05-21 12:16:56.738111 
2016-05-21 12:16:56.738129 : ## data/team_mention #########################################################
2016-05-21 12:16:56.738148 : # Done: 2016-05-20T22:05:04-0700 (14h 11m 50s ago)
2016-05-21 12:16:56.738167 : # no-op
2016-05-21 12:16:56.738185 : mark_done data/team_mention
2016-05-21 12:16:56.738203 : ##############################################################################
2016-05-21 12:16:56.738221 
2016-05-21 12:16:56.738241 : ## process/ext_spouse_candidate ##############################################
2016-05-21 12:16:56.738260 : # Done: 2016-05-20T22:17:52-0700 (13h 59m 2s ago)
2016-05-21 12:16:56.738278 : process/ext_spouse_candidate/run.sh
2016-05-21 12:16:56.738297 : mark_done process/ext_spouse_candidate
2016-05-21 12:16:56.738315 : ##############################################################################
2016-05-21 12:16:56.738333 
2016-05-21 12:16:56.738350 : ## data/spouse_candidate #####################################################
2016-05-21 12:16:56.738370 : # Done: 2016-05-20T22:17:52-0700 (13h 59m 2s ago)
2016-05-21 12:16:56.738390 : # no-op
2016-05-21 12:16:56.738408 : mark_done data/spouse_candidate
2016-05-21 12:16:56.738430 : ##############################################################################
2016-05-21 12:16:56.738449 
2016-05-21 12:16:56.738468 : ## process/ext_spouse_label__0_by_supervise ##################################
2016-05-21 12:16:56.738487 : # Done: 2016-05-20T22:17:53-0700 (13h 59m 1s ago)
2016-05-21 12:16:56.738506 : process/ext_spouse_label__0_by_supervise/run.sh
2016-05-21 12:16:56.738525 : mark_done process/ext_spouse_label__0_by_supervise
2016-05-21 12:16:56.738545 : ##############################################################################
2016-05-21 12:16:56.738564 
2016-05-21 12:16:56.738581 : ## data/spouse_label__0 ######################################################
2016-05-21 12:16:56.738598 : # Done: 2016-05-20T22:17:53-0700 (13h 59m 1s ago)
2016-05-21 12:16:56.738617 : # no-op
2016-05-21 12:16:56.738638 : mark_done data/spouse_label__0
2016-05-21 12:16:56.738657 : ##############################################################################
2016-05-21 12:16:56.738677 
2016-05-21 12:16:56.738696 : ## process/init/relation/spouses_dbpedia #####################################
2016-05-21 12:16:56.738715 : # Done: 2016-05-21T12:09:26-0700 (7m 28s ago)
2016-05-21 12:16:56.738735 : process/init/relation/spouses_dbpedia/run.sh
2016-05-21 12:16:56.738754 : mark_done process/init/relation/spouses_dbpedia
2016-05-21 12:16:56.738772 : ##############################################################################
2016-05-21 12:16:56.738792 
2016-05-21 12:16:56.738810 : ## data/spouses_dbpedia ######################################################
2016-05-21 12:16:56.738829 : # Done: 2016-05-21T12:09:26-0700 (7m 28s ago)
2016-05-21 12:16:56.738848 : # no-op
2016-05-21 12:16:56.738869 : mark_done data/spouses_dbpedia
2016-05-21 12:16:56.738886 : ##############################################################################
2016-05-21 12:16:56.738906 
2016-05-21 12:16:56.738925 ## process/ext_spouse_label ##################################################
2016-05-21 12:16:56.738958 : # Done: 2016-05-20T22:17:55-0700 (13h 58m 59s ago)
2016-05-21 12:16:56.738987 # Done: 2016-05-20T22:17:55-0700 (13h 58m 58s ago)
2016-05-21 12:16:56.739007 process/ext_spouse_label/run.sh
2016-05-21 12:16:56.739027 ++ dirname process/ext_spouse_label/run.sh
2016-05-21 12:16:56.739046 + cd process/ext_spouse_label
2016-05-21 12:16:56.739065 + export DEEPDIVE_CURRENT_PROCESS_NAME=process/ext_spouse_label
2016-05-21 12:16:56.739086 + DEEPDIVE_CURRENT_PROCESS_NAME=process/ext_spouse_label
2016-05-21 12:16:56.739106 + deepdive create table spouse_label
2016-05-21 12:16:56.866029 CREATE TABLE
2016-05-21 12:16:56.867141 + deepdive sql 'INSERT INTO spouse_label SELECT R0.p_id AS "spouse_candidate.R0.p_id", R0.t_id AS "spouse_candidate.R0.t_id", 0 AS column_2, NULL AS column_3
2016-05-21 12:16:56.867208 FROM spouse_candidate R0
2016-05-21 12:16:56.867244         
2016-05-21 12:16:56.867270 UNION ALL
2016-05-21 12:16:56.867293 SELECT R0.p_id AS "spouse_candidate.R0.p_id", R0.t_id AS "spouse_candidate.R0.t_id", 1 AS column_2, '\''from_dbpedia'\'' AS column_3
2016-05-21 12:16:56.867314 FROM spouse_candidate R0, spouses_dbpedia R1
2016-05-21 12:16:56.867338         WHERE ((lower(R1.person1_name) = lower(R0.p_name) AND lower(R1.person2_name) = lower(R0.t_name)) OR (lower(R1.person2_name) = lower(R0.p_name) AND lower(R1.person1_name) = lower(R0.t_name)))
2016-05-21 12:16:56.867363 UNION ALL
2016-05-21 12:16:56.867386 SELECT R0.p1_id AS "spouse_label__0.R0.p1_id", R0.p2_id AS "spouse_label__0.R0.p2_id", R0.label AS "spouse_label__0.R0.label", R0.rule_id AS "spouse_label__0.R0.rule_id"
2016-05-21 12:16:56.867406 FROM spouse_label__0 R0
2016-05-21 12:16:56.867428         '
2016-05-21 12:16:56.949280 ERROR:  column r1.person1_name does not exist
2016-05-21 12:16:56.949340 LINE 7:         WHERE ((lower(R1.person1_name) = lower(R0.p_name) AN...
2016-05-21 12:16:56.949364                               ^
