2016-05-21 12:49:03.994422 # on dhcp-169-233-138-157.cruznet.ucsc.edu: deepdive do has_spouse
2016-05-21 12:49:03.994719 # run/20160521/124853.995405000/plan.sh
2016-05-21 12:49:03.994751 # execution plan for data/has_spouse
2016-05-21 12:49:03.994773 
2016-05-21 12:49:03.994794 : ## process/init/app ##########################################################
2016-05-21 12:49:03.994814 : # Done: 2016-05-20T15:47:44-0700 (21h 1m 10s ago)
2016-05-21 12:49:03.994831 : process/init/app/run.sh
2016-05-21 12:49:03.994849 : mark_done process/init/app
2016-05-21 12:49:03.994868 : ##############################################################################
2016-05-21 12:49:03.994888 
2016-05-21 12:49:03.994906 : ## process/init/relation/articles ############################################
2016-05-21 12:49:03.994928 : # Done: 2016-05-20T19:16:48-0700 (17h 32m 6s ago)
2016-05-21 12:49:03.994947 : process/init/relation/articles/run.sh
2016-05-21 12:49:03.994965 : mark_done process/init/relation/articles
2016-05-21 12:49:03.994984 : ##############################################################################
2016-05-21 12:49:03.995002 
2016-05-21 12:49:03.995021 : ## data/articles #############################################################
2016-05-21 12:49:03.995040 : # Done: 2016-05-20T19:16:48-0700 (17h 32m 6s ago)
2016-05-21 12:49:03.995059 : # no-op
2016-05-21 12:49:03.995078 : mark_done data/articles
2016-05-21 12:49:03.995098 : ##############################################################################
2016-05-21 12:49:03.995118 
2016-05-21 12:49:03.995137 : ## process/ext_sentences_by_nlp_markup #######################################
2016-05-21 12:49:03.995156 : # Done: 2016-05-20T19:20:04-0700 (17h 28m 50s ago)
2016-05-21 12:49:03.995197 : process/ext_sentences_by_nlp_markup/run.sh
2016-05-21 12:49:03.995221 : mark_done process/ext_sentences_by_nlp_markup
2016-05-21 12:49:03.995244 : ##############################################################################
2016-05-21 12:49:03.995266 
2016-05-21 12:49:03.995287 : ## data/sentences ############################################################
2016-05-21 12:49:03.995308 : # Done: 2016-05-20T19:20:04-0700 (17h 28m 50s ago)
2016-05-21 12:49:03.995326 : # no-op
2016-05-21 12:49:03.995343 : mark_done data/sentences
2016-05-21 12:49:03.995360 : ##############################################################################
2016-05-21 12:49:03.995380 
2016-05-21 12:49:03.995401 : ## process/ext_person_mention_by_map_person_mention ##########################
2016-05-21 12:49:03.995423 : # Done: 2016-05-20T20:58:22-0700 (15h 50m 32s ago)
2016-05-21 12:49:03.995444 : process/ext_person_mention_by_map_person_mention/run.sh
2016-05-21 12:49:03.995465 : mark_done process/ext_person_mention_by_map_person_mention
2016-05-21 12:49:03.995485 : ##############################################################################
2016-05-21 12:49:03.995504 
2016-05-21 12:49:03.995524 : ## data/person_mention #######################################################
2016-05-21 12:49:03.995542 : # Done: 2016-05-20T20:58:22-0700 (15h 50m 32s ago)
2016-05-21 12:49:03.995562 : # no-op
2016-05-21 12:49:03.995580 : mark_done data/person_mention
2016-05-21 12:49:03.995600 : ##############################################################################
2016-05-21 12:49:03.995620 
2016-05-21 12:49:03.995640 : ## process/ext_num_people ####################################################
2016-05-21 12:49:03.995660 : # Done: 2016-05-20T21:35:41-0700 (15h 13m 13s ago)
2016-05-21 12:49:03.995682 : process/ext_num_people/run.sh
2016-05-21 12:49:03.995702 : mark_done process/ext_num_people
2016-05-21 12:49:03.995723 : ##############################################################################
2016-05-21 12:49:03.995741 
2016-05-21 12:49:03.995760 : ## data/num_people ###########################################################
2016-05-21 12:49:03.995814 : # Done: 2016-05-20T21:35:41-0700 (15h 13m 13s ago)
2016-05-21 12:49:03.995838 : # no-op
2016-05-21 12:49:03.995859 : mark_done data/num_people
2016-05-21 12:49:03.995877 : ##############################################################################
2016-05-21 12:49:03.995926 
2016-05-21 12:49:03.995948 : ## process/ext_team_mention_by_map_team_mention ##############################
2016-05-21 12:49:03.995969 : # Done: 2016-05-20T21:23:06-0700 (15h 25m 48s ago)
2016-05-21 12:49:03.995989 : process/ext_team_mention_by_map_team_mention/run.sh
2016-05-21 12:49:03.996009 : mark_done process/ext_team_mention_by_map_team_mention
2016-05-21 12:49:03.996029 : ##############################################################################
2016-05-21 12:49:03.996084 
2016-05-21 12:49:03.996106 : ## data/team_mention #########################################################
2016-05-21 12:49:03.996127 : # Done: 2016-05-20T22:05:04-0700 (14h 43m 50s ago)
2016-05-21 12:49:03.996147 : # no-op
2016-05-21 12:49:03.996166 : mark_done data/team_mention
2016-05-21 12:49:03.996190 : ##############################################################################
2016-05-21 12:49:03.996215 
2016-05-21 12:49:03.996236 : ## process/ext_spouse_candidate ##############################################
2016-05-21 12:49:03.996257 : # Done: 2016-05-20T22:17:52-0700 (14h 31m 2s ago)
2016-05-21 12:49:03.996303 : process/ext_spouse_candidate/run.sh
2016-05-21 12:49:03.996327 : mark_done process/ext_spouse_candidate
2016-05-21 12:49:03.996347 : ##############################################################################
2016-05-21 12:49:03.996367 
2016-05-21 12:49:03.996387 : ## data/spouse_candidate #####################################################
2016-05-21 12:49:03.996408 : # Done: 2016-05-20T22:17:52-0700 (14h 31m 2s ago)
2016-05-21 12:49:03.996428 : # no-op
2016-05-21 12:49:03.996450 : mark_done data/spouse_candidate
2016-05-21 12:49:03.996469 : ##############################################################################
2016-05-21 12:49:03.996490 
2016-05-21 12:49:03.996512 : ## process/ext_spouse_label__0_by_supervise ##################################
2016-05-21 12:49:03.996533 : # Done: 2016-05-20T22:17:53-0700 (14h 31m 1s ago)
2016-05-21 12:49:03.996553 : process/ext_spouse_label__0_by_supervise/run.sh
2016-05-21 12:49:03.996574 : mark_done process/ext_spouse_label__0_by_supervise
2016-05-21 12:49:03.996592 : ##############################################################################
2016-05-21 12:49:03.996613 
2016-05-21 12:49:03.996634 : ## data/spouse_label__0 ######################################################
2016-05-21 12:49:03.996655 : # Done: 2016-05-20T22:17:53-0700 (14h 31m 1s ago)
2016-05-21 12:49:03.996675 : # no-op
2016-05-21 12:49:03.996695 : mark_done data/spouse_label__0
2016-05-21 12:49:03.996713 : ##############################################################################
2016-05-21 12:49:03.996735 
2016-05-21 12:49:03.996755 : ## process/init/relation/spouses_dbpedia #####################################
2016-05-21 12:49:03.996776 : # Done: 2016-05-21T12:09:26-0700 (39m 28s ago)
2016-05-21 12:49:03.996796 : process/init/relation/spouses_dbpedia/run.sh
2016-05-21 12:49:03.996814 : mark_done process/init/relation/spouses_dbpedia
2016-05-21 12:49:03.996834 : ##############################################################################
2016-05-21 12:49:03.996855 
2016-05-21 12:49:03.996875 : ## data/spouses_dbpedia ######################################################
2016-05-21 12:49:03.996895 : # Done: 2016-05-21T12:09:26-0700 (39m 28s ago)
2016-05-21 12:49:03.996914 : # no-op
2016-05-21 12:49:03.996934 : mark_done data/spouses_dbpedia
2016-05-21 12:49:03.996954 : ##############################################################################
2016-05-21 12:49:03.996974 
2016-05-21 12:49:03.996994 ## process/ext_spouse_label ##################################################
2016-05-21 12:49:03.997013 # Done: 2016-05-20T22:17:55-0700 (14h 30m 59s ago)
2016-05-21 12:49:03.997033 process/ext_spouse_label/run.sh
2016-05-21 12:49:03.997053 ++ dirname process/ext_spouse_label/run.sh
2016-05-21 12:49:03.997074 + cd process/ext_spouse_label
2016-05-21 12:49:03.997094 + export DEEPDIVE_CURRENT_PROCESS_NAME=process/ext_spouse_label
2016-05-21 12:49:03.997114 + DEEPDIVE_CURRENT_PROCESS_NAME=process/ext_spouse_label
2016-05-21 12:49:03.997134 + deepdive create table spouse_label
2016-05-21 12:49:04.108680 CREATE TABLE
2016-05-21 12:49:04.109802 + deepdive sql 'INSERT INTO spouse_label SELECT R0.p_id AS "spouse_candidate.R0.p_id", R0.t_id AS "spouse_candidate.R0.t_id", 0 AS column_2, NULL AS column_3
2016-05-21 12:49:04.109863 FROM spouse_candidate R0
2016-05-21 12:49:04.109884         
2016-05-21 12:49:04.109904 UNION ALL
2016-05-21 12:49:04.109925 SELECT R0.p_id AS "spouse_candidate.R0.p_id", R0.t_id AS "spouse_candidate.R0.t_id", 1 AS column_2, '\''from_dbpedia'\'' AS column_3
2016-05-21 12:49:04.109946 FROM spouse_candidate R0, spouses_dbpedia R1
2016-05-21 12:49:04.109966         WHERE ((lower(R1.p) = lower(R0.p_name) AND lower(R1.t) = lower(R0.p_name)) OR (lower(R1.t) = lower(R0.t_name) AND lower(R1.p) = lower(R0.t_name)))
2016-05-21 12:49:04.109985 UNION ALL
2016-05-21 12:49:04.110005 SELECT R0.p_id AS "spouse_label__0.R0.p_id", R0.t_id AS "spouse_label__0.R0.t_id", R0.label AS "spouse_label__0.R0.label", R0.rule_id AS "spouse_label__0.R0.rule_id"
2016-05-21 12:49:04.110025 FROM spouse_label__0 R0
2016-05-21 12:49:04.110046         '
2016-05-21 12:49:04.187946 ERROR:  column r1.p does not exist
2016-05-21 12:49:04.188019 LINE 7:         WHERE ((lower(R1.p) = lower(R0.p_name) AND lower(R1....
2016-05-21 12:49:04.188071                               ^
