2016-05-21 11:58:33.203376 # on dhcp-169-233-138-157.cruznet.ucsc.edu: deepdive do spouses_dbpedia
2016-05-21 11:58:33.204109 # run/20160521/115823.570205000/plan.sh
2016-05-21 11:58:33.204195 # execution plan for data/spouses_dbpedia
2016-05-21 11:58:33.204250 
2016-05-21 11:58:33.204301 : ## process/init/app ##########################################################
2016-05-21 11:58:33.204352 : # Done: 2016-05-20T15:47:44-0700 (20h 10m 39s ago)
2016-05-21 11:58:33.204399 : process/init/app/run.sh
2016-05-21 11:58:33.204447 : mark_done process/init/app
2016-05-21 11:58:33.204555 : ##############################################################################
2016-05-21 11:58:33.204737 
2016-05-21 11:58:33.204789 ## process/init/relation/spouses_dbpedia #####################################
2016-05-21 11:58:33.204837 # Done: 2016-05-20T15:47:44-0700 (20h 10m 39s ago)
2016-05-21 11:58:33.204884 process/init/relation/spouses_dbpedia/run.sh
2016-05-21 11:58:33.204930 ++ dirname process/init/relation/spouses_dbpedia/run.sh
2016-05-21 11:58:33.204975 + cd process/init/relation/spouses_dbpedia
2016-05-21 11:58:33.205021 + export DEEPDIVE_CURRENT_PROCESS_NAME=process/init/relation/spouses_dbpedia
2016-05-21 11:58:33.205068 + DEEPDIVE_CURRENT_PROCESS_NAME=process/init/relation/spouses_dbpedia
2016-05-21 11:58:33.205114 + deepdive create table spouses_dbpedia
2016-05-21 11:58:33.847795 CREATE TABLE
2016-05-21 11:58:33.848914 + deepdive load spouses_dbpedia
2016-05-21 11:58:33.965413 Loading spouses_dbpedia from input/spouses_dbpedia.csv.bz2 (csv format)
2016-05-21 11:58:34.022876 ERROR:  missing data for column "person2_name"
2016-05-21 11:58:34.023220 CONTEXT:  COPY spouses_dbpedia, line 18: "Western Conference"
