2016-06-02 22:21:21.549521 # on dhcp-169-233-187-63.cruznet.ucsc.edu: deepdive do has_spouse
2016-06-02 22:21:21.549872 # run/20160602/222119.366254000/plan.sh
2016-06-02 22:21:21.549907 # execution plan for data/has_spouse
2016-06-02 22:21:21.549932 
2016-06-02 22:21:21.549952 : ## process/init/app ##########################################################
2016-06-02 22:21:21.549973 : # Done: 2016-05-22T17:21:25-0700 (11d 4h 59m 54s ago)
2016-06-02 22:21:21.549996 : process/init/app/run.sh
2016-06-02 22:21:21.550016 : mark_done process/init/app
2016-06-02 22:21:21.550035 : ##############################################################################
2016-06-02 22:21:21.550053 
2016-06-02 22:21:21.550073 : ## process/init/relation/articles ############################################
2016-06-02 22:21:21.550093 : # Done: 2016-05-23T12:16:43-0700 (10d 10h 4m 36s ago)
2016-06-02 22:21:21.550115 : process/init/relation/articles/run.sh
2016-06-02 22:21:21.550136 : mark_done process/init/relation/articles
2016-06-02 22:21:21.550157 : ##############################################################################
2016-06-02 22:21:21.550178 
2016-06-02 22:21:21.550199 : ## data/articles #############################################################
2016-06-02 22:21:21.550221 : # Done: 2016-05-23T12:16:43-0700 (10d 10h 4m 36s ago)
2016-06-02 22:21:21.550241 : # no-op
2016-06-02 22:21:21.550260 : mark_done data/articles
2016-06-02 22:21:21.550278 : ##############################################################################
2016-06-02 22:21:21.550299 
2016-06-02 22:21:21.550320 : ## process/ext_sentences_by_nlp_markup #######################################
2016-06-02 22:21:21.550342 : # Done: 2016-05-23T15:05:01-0700 (10d 7h 16m 18s ago)
2016-06-02 22:21:21.550363 : process/ext_sentences_by_nlp_markup/run.sh
2016-06-02 22:21:21.550384 : mark_done process/ext_sentences_by_nlp_markup
2016-06-02 22:21:21.550405 : ##############################################################################
2016-06-02 22:21:21.550425 
2016-06-02 22:21:21.550445 : ## data/sentences ############################################################
2016-06-02 22:21:21.550466 : # Done: 2016-05-23T15:05:01-0700 (10d 7h 16m 18s ago)
2016-06-02 22:21:21.550488 : # no-op
2016-06-02 22:21:21.550508 : mark_done data/sentences
2016-06-02 22:21:21.550528 : ##############################################################################
2016-06-02 22:21:21.550548 
2016-06-02 22:21:21.550569 : ## process/ext_person_mention_by_map_person_mention ##########################
2016-06-02 22:21:21.550589 : # Done: 2016-05-23T15:05:52-0700 (10d 7h 15m 27s ago)
2016-06-02 22:21:21.550608 : process/ext_person_mention_by_map_person_mention/run.sh
2016-06-02 22:21:21.550628 : mark_done process/ext_person_mention_by_map_person_mention
2016-06-02 22:21:21.550647 : ##############################################################################
2016-06-02 22:21:21.550667 
2016-06-02 22:21:21.550685 : ## data/person_mention #######################################################
2016-06-02 22:21:21.550703 : # Done: 2016-05-23T15:05:52-0700 (10d 7h 15m 27s ago)
2016-06-02 22:21:21.550722 : # no-op
2016-06-02 22:21:21.550744 : mark_done data/person_mention
2016-06-02 22:21:21.550764 : ##############################################################################
2016-06-02 22:21:21.550784 
2016-06-02 22:21:21.550804 : ## process/ext_num_people ####################################################
2016-06-02 22:21:21.550824 : # Done: 2016-05-23T15:06:46-0700 (10d 7h 14m 33s ago)
2016-06-02 22:21:21.550844 : process/ext_num_people/run.sh
2016-06-02 22:21:21.550865 : mark_done process/ext_num_people
2016-06-02 22:21:21.550886 : ##############################################################################
2016-06-02 22:21:21.550907 
2016-06-02 22:21:21.550930 : ## data/num_people ###########################################################
2016-06-02 22:21:21.550951 : # Done: 2016-05-23T15:06:46-0700 (10d 7h 14m 33s ago)
2016-06-02 22:21:21.550972 : # no-op
2016-06-02 22:21:21.550994 : mark_done data/num_people
2016-06-02 22:21:21.551015 : ##############################################################################
2016-06-02 22:21:21.551036 
2016-06-02 22:21:21.551057 : ## process/ext_team_mention_by_map_team_mention ##############################
2016-06-02 22:21:21.551078 : # Done: 2016-05-23T15:06:19-0700 (10d 7h 15m ago)
2016-06-02 22:21:21.551099 : process/ext_team_mention_by_map_team_mention/run.sh
2016-06-02 22:21:21.551120 : mark_done process/ext_team_mention_by_map_team_mention
2016-06-02 22:21:21.551142 : ##############################################################################
2016-06-02 22:21:21.551163 
2016-06-02 22:21:21.551185 : ## data/team_mention #########################################################
2016-06-02 22:21:21.551204 : # Done: 2016-05-23T15:06:19-0700 (10d 7h 15m ago)
2016-06-02 22:21:21.551224 : # no-op
2016-06-02 22:21:21.551243 : mark_done data/team_mention
2016-06-02 22:21:21.551262 : ##############################################################################
2016-06-02 22:21:21.551281 
2016-06-02 22:21:21.551301 : ## process/ext_spouse_candidate ##############################################
2016-06-02 22:21:21.551320 : # Done: 2016-05-23T15:07:38-0700 (10d 7h 13m 41s ago)
2016-06-02 22:21:21.551338 : process/ext_spouse_candidate/run.sh
2016-06-02 22:21:21.551357 : mark_done process/ext_spouse_candidate
2016-06-02 22:21:21.551377 : ##############################################################################
2016-06-02 22:21:21.551396 
2016-06-02 22:21:21.551414 : ## data/spouse_candidate #####################################################
2016-06-02 22:21:21.551434 : # Done: 2016-05-23T15:07:38-0700 (10d 7h 13m 41s ago)
2016-06-02 22:21:21.551453 : # no-op
2016-06-02 22:21:21.551473 : mark_done data/spouse_candidate
2016-06-02 22:21:21.551492 : ##############################################################################
2016-06-02 22:21:21.551511 
2016-06-02 22:21:21.551531 : ## process/ext_spouse_label__0_by_supervise ##################################
2016-06-02 22:21:21.551550 : # Done: 2016-05-23T15:08:48-0700 (10d 7h 12m 31s ago)
2016-06-02 22:21:21.551570 : process/ext_spouse_label__0_by_supervise/run.sh
2016-06-02 22:21:21.551590 : mark_done process/ext_spouse_label__0_by_supervise
2016-06-02 22:21:21.551610 : ##############################################################################
2016-06-02 22:21:21.551631 
2016-06-02 22:21:21.551650 : ## data/spouse_label__0 ######################################################
2016-06-02 22:21:21.551671 : # Done: 2016-05-23T15:08:48-0700 (10d 7h 12m 31s ago)
2016-06-02 22:21:21.551692 : # no-op
2016-06-02 22:21:21.551712 : mark_done data/spouse_label__0
2016-06-02 22:21:21.551733 : ##############################################################################
2016-06-02 22:21:21.551752 
2016-06-02 22:21:21.551771 : ## process/init/relation/spouses_dbpedia #####################################
2016-06-02 22:21:21.551791 : # Done: 2016-05-23T15:08:28-0700 (10d 7h 12m 51s ago)
2016-06-02 22:21:21.551810 : process/init/relation/spouses_dbpedia/run.sh
2016-06-02 22:21:21.551829 : mark_done process/init/relation/spouses_dbpedia
2016-06-02 22:21:21.551849 : ##############################################################################
2016-06-02 22:21:21.551869 
2016-06-02 22:21:21.551888 : ## data/spouses_dbpedia ######################################################
2016-06-02 22:21:21.551906 : # Done: 2016-05-23T15:08:28-0700 (10d 7h 12m 51s ago)
2016-06-02 22:21:21.551927 : # no-op
2016-06-02 22:21:21.551947 : mark_done data/spouses_dbpedia
2016-06-02 22:21:21.551967 : ##############################################################################
2016-06-02 22:21:21.551986 
2016-06-02 22:21:21.552005 : ## process/ext_spouse_label ##################################################
2016-06-02 22:21:21.552024 : # Done: 2016-05-23T15:08:50-0700 (10d 7h 12m 29s ago)
2016-06-02 22:21:21.552042 : process/ext_spouse_label/run.sh
2016-06-02 22:21:21.552061 : mark_done process/ext_spouse_label
2016-06-02 22:21:21.552082 : ##############################################################################
2016-06-02 22:21:21.552102 
2016-06-02 22:21:21.552122 : ## data/spouse_label #########################################################
2016-06-02 22:21:21.552142 : # Done: 2016-05-23T15:08:50-0700 (10d 7h 12m 29s ago)
2016-06-02 22:21:21.552161 : # no-op
2016-06-02 22:21:21.552182 : mark_done data/spouse_label
2016-06-02 22:21:21.552201 : ##############################################################################
2016-06-02 22:21:21.552220 
2016-06-02 22:21:21.552240 : ## process/ext_spouse_label_resolved #########################################
2016-06-02 22:21:21.552259 : # Done: 2016-05-23T15:08:50-0700 (10d 7h 12m 29s ago)
2016-06-02 22:21:21.552279 : process/ext_spouse_label_resolved/run.sh
2016-06-02 22:21:21.552299 : mark_done process/ext_spouse_label_resolved
2016-06-02 22:21:21.552320 : ##############################################################################
2016-06-02 22:21:21.552339 
2016-06-02 22:21:21.552358 : ## data/spouse_label_resolved ################################################
2016-06-02 22:21:21.552377 : # Done: 2016-05-23T15:08:50-0700 (10d 7h 12m 30s ago)
2016-06-02 22:21:21.552395 : # no-op
2016-06-02 22:21:21.552411 : mark_done data/spouse_label_resolved
2016-06-02 22:21:21.552428 : ##############################################################################
2016-06-02 22:21:21.552446 
2016-06-02 22:21:21.552464 : ## process/init/relation/spouses_dbpedia_negative ############################
2016-06-02 22:21:21.552486 : # Done: 2016-05-25T12:13:43-0700 (8d 10h 7m 37s ago)
2016-06-02 22:21:21.552505 : process/init/relation/spouses_dbpedia_negative/run.sh
2016-06-02 22:21:21.552552 : mark_done process/init/relation/spouses_dbpedia_negative
2016-06-02 22:21:21.552572 : ##############################################################################
2016-06-02 22:21:21.552591 
2016-06-02 22:21:21.552611 : ## data/spouses_dbpedia_negative #############################################
2016-06-02 22:21:21.552630 : # Done: 2016-05-25T12:13:43-0700 (8d 10h 7m 37s ago)
2016-06-02 22:21:21.552649 : # no-op
2016-06-02 22:21:21.552669 : mark_done data/spouses_dbpedia_negative
2016-06-02 22:21:21.552689 : ##############################################################################
2016-06-02 22:21:21.552708 
2016-06-02 22:21:21.552727 ## process/ext_has_spouse ####################################################
2016-06-02 22:21:21.552746 : # Done: 2016-05-29T12:10:14-0700 (4d 10h 11m 6s ago)
2016-06-02 22:21:21.552764 # Done: 2016-05-29T12:10:14-0700 (4d 10h 11m 5s ago)
2016-06-02 22:21:21.552783 process/ext_has_spouse/run.sh
2016-06-02 22:21:21.552802 ++ dirname process/ext_has_spouse/run.sh
2016-06-02 22:21:21.552821 + cd process/ext_has_spouse
2016-06-02 22:21:21.552840 + export DEEPDIVE_CURRENT_PROCESS_NAME=process/ext_has_spouse
2016-06-02 22:21:21.552859 + DEEPDIVE_CURRENT_PROCESS_NAME=process/ext_has_spouse
2016-06-02 22:21:21.552879 + deepdive create table has_spouse
2016-06-02 22:21:21.771816 NOTICE:  drop cascades to 2 other objects
2016-06-02 22:21:21.771893 DETAIL:  drop cascades to view has_spouse_label_inference
2016-06-02 22:21:21.771923 drop cascades to view has_spouse_label_calibration
2016-06-02 22:21:21.891389 CREATE TABLE
2016-06-02 22:21:21.893205 + deepdive sql 'INSERT INTO has_spouse SELECT DISTINCT R0.column_0, R0.column_1, 0 AS id, 
2016-06-02 22:21:21.893276 CASE WHEN R0.column_2 > 0 THEN true
2016-06-02 22:21:21.893301      WHEN R0.column_2 < 0 THEN false
2016-06-02 22:21:21.893325      ELSE NULL
2016-06-02 22:21:21.893350 END AS label
2016-06-02 22:21:21.893374           FROM spouse_label_resolved R0
2016-06-02 22:21:21.893412         
2016-06-02 22:21:21.893447           
2016-06-02 22:21:21.893471 UNION ALL
2016-06-02 22:21:21.893493 SELECT R0.mention_id AS "person_mention.R0.mention_id", R1.team_id AS "team_mention.R1.team_id"
2016-06-02 22:21:21.893516 FROM person_mention R0, team_mention R1, spouses_dbpedia_negative R2
2016-06-02 22:21:21.893538         WHERE R2.p_name = R0.mention_text  AND R2.t_name = R1.team_text '
2016-06-02 22:21:21.986612 ERROR:  each UNION query must have the same number of columns
2016-06-02 22:21:21.986698 LINE 10: SELECT R0.mention_id AS "person_mention.R0.mention_id", R1.t...
2016-06-02 22:21:21.986769                 ^
