2016-05-20 18:56:10.797579 ‘run/LATEST.COMPILE/185610.726419000’ -> ‘20160520/185610.726419000’
2016-05-20 18:56:10.797925 ‘run/RUNNING.COMPILE’ -> ‘20160520/185610.726419000’
2016-05-20 18:56:10.797950 Parsing DeepDive application (/Users/emerson/Documents/Github/deepdive/examples/Coach_NBA) to generate:
2016-05-20 18:56:10.797980  run/compiled/schema.json
2016-05-20 18:56:10.798005   from app.ddlog
2016-05-20 18:56:11.598548  run/compiled/deepdive.conf
2016-05-20 18:56:11.598812   from app.ddlog
2016-05-20 18:56:12.617928   from deepdive.conf
2016-05-20 18:56:12.626933  run/compiled/deepdive.conf.json
2016-05-20 18:56:13.150429 Performing sanity checks on run/compiled/deepdive.conf.json:
2016-05-20 18:56:13.209203  checking if input_extractors_well_defined
2016-05-20 18:56:13.209268  checking if input_schema_wellformed
2016-05-20 18:56:13.209603 Normalizing and adding built-in processes to the data flow to compile:
2016-05-20 18:56:13.210049  run/compiled/config-0.00-init_objects.json
2016-05-20 18:56:13.235221  run/compiled/config-0.01-parse_calibration.json
2016-05-20 18:56:13.260455  run/compiled/config-0.01-parse_schema.json
2016-05-20 18:56:13.293705  run/compiled/config-0.51-add_init_app.json
2016-05-20 18:56:13.324077  run/compiled/config-0.52-input_loader.json
2016-05-20 18:56:13.351468  run/compiled/config-1.00-qualified_names.json
2016-05-20 18:56:13.383638  run/compiled/config-1.01-parse_inference_rules.json
2016-05-20 18:56:13.427325  run/compiled/config-2.01-grounding.json
2016-05-20 18:56:13.527274  run/compiled/config-2.02-learning_inference.json
2016-05-20 18:56:13.559392  run/compiled/config-2.03-calibration_plots.json
2016-05-20 18:56:13.604786  run/compiled/config-9.98-ensure_init_app.json
2016-05-20 18:56:13.635891  run/compiled/config-9.99-dependencies.json
2016-05-20 18:56:13.675357  run/compiled/config.json
2016-05-20 18:56:13.679045 Validating run/compiled/config.json:
2016-05-20 18:56:13.809984  checking if compiled_base_relations_have_input_data
2016-05-20 18:56:13.810049  [WARNING] input/init.sh should load all base relations: articles spouses_dbpedia 
2016-05-20 18:56:13.810070  checking if compiled_dependencies_correct
2016-05-20 18:56:13.810092  checking if compiled_input_output_well_defined
2016-05-20 18:56:13.810111  checking if compiled_output_uniquely_defined
2016-05-20 18:56:13.810406 Compiling executable code into:
2016-05-20 18:56:13.810720  run/compiled/code-Makefile.json
2016-05-20 18:56:13.848821  run/compiled/code-cmd_extractor.json
2016-05-20 18:56:13.889311  run/compiled/code-dataflow_dot.json
2016-05-20 18:56:13.933247  run/compiled/code-sql_extractor.json
2016-05-20 18:56:13.969139  run/compiled/code-tsv_extractor.json
2016-05-20 18:56:14.011500 Generating files:
2016-05-20 18:56:14.043042  run/Makefile
2016-05-20 18:56:14.077017  run/process/init/app/run.sh
2016-05-20 18:56:14.095844  run/process/init/relation/articles/run.sh
2016-05-20 18:56:14.120834  run/process/init/relation/spouses_dbpedia/run.sh
2016-05-20 18:56:14.145957  run/process/ext_has_spouse/run.sh
2016-05-20 18:56:14.176977  run/process/ext_num_people/run.sh
2016-05-20 18:56:14.198877  run/process/ext_spouse_candidate/run.sh
2016-05-20 18:56:14.229987  run/process/ext_spouse_label/run.sh
2016-05-20 18:56:14.253382  run/process/ext_spouse_label_resolved/run.sh
2016-05-20 18:56:14.280629  run/process/grounding/variable_id_partition/run.sh
2016-05-20 18:56:14.304756  run/process/grounding/variable/has_spouse/assign_id/run.sh
2016-05-20 18:56:14.333351  run/process/grounding/variable_holdout/run.sh
2016-05-20 18:56:14.363964  run/process/grounding/variable/has_spouse/dump/run.sh
2016-05-20 18:56:14.387546  run/process/grounding/factor/inf1_imply_has_spouse_has_spouse/materialize/run.sh
2016-05-20 18:56:14.414109  run/process/grounding/factor/inf_imply_has_spouse_has_spouse/materialize/run.sh
2016-05-20 18:56:14.435966  run/process/grounding/factor/inf_istrue_has_spouse/materialize/run.sh
2016-05-20 18:56:14.469846  run/process/grounding/weight_id_partition/run.sh
2016-05-20 18:56:14.490711  run/process/grounding/global_weight_table/run.sh
2016-05-20 18:56:14.516358  run/process/grounding/factor/inf1_imply_has_spouse_has_spouse/assign_weight_id/run.sh
2016-05-20 18:56:14.542798  run/process/grounding/factor/inf_imply_has_spouse_has_spouse/assign_weight_id/run.sh
2016-05-20 18:56:14.566436  run/process/grounding/factor/inf_istrue_has_spouse/assign_weight_id/run.sh
2016-05-20 18:56:14.592577  run/process/grounding/factor/inf1_imply_has_spouse_has_spouse/dump/run.sh
2016-05-20 18:56:14.617259  run/process/grounding/factor/inf_imply_has_spouse_has_spouse/dump/run.sh
2016-05-20 18:56:14.642370  run/process/grounding/factor/inf_istrue_has_spouse/dump/run.sh
2016-05-20 18:56:14.666957  run/process/grounding/factor/inf1_imply_has_spouse_has_spouse/dump_weights/run.sh
2016-05-20 18:56:14.694293  run/process/grounding/factor/inf_imply_has_spouse_has_spouse/dump_weights/run.sh
2016-05-20 18:56:14.735453  run/process/grounding/factor/inf_istrue_has_spouse/dump_weights/run.sh
2016-05-20 18:56:14.758080  run/process/grounding/combine_factorgraph/run.sh
2016-05-20 18:56:14.784524  run/process/model/learning/run.sh
2016-05-20 18:56:14.809564  run/process/model/inference/run.sh
2016-05-20 18:56:14.841779  run/process/model/load_weights/run.sh
2016-05-20 18:56:14.865339  run/process/model/load_probabilities/run.sh
2016-05-20 18:56:14.900016  run/process/model/calibration/run.sh
2016-05-20 18:56:14.923375  run/dataflow.dot
2016-05-20 18:56:14.946067  run/process/ext_person_mention_by_map_person_mention/run.sh
2016-05-20 18:56:14.973174  run/process/ext_sentences_by_nlp_markup/run.sh
2016-05-20 18:56:15.011759  run/process/ext_spouse_feature_by_extract_spouse_features/run.sh
2016-05-20 18:56:15.030697  run/process/ext_spouse_label__0_by_supervise/run.sh
2016-05-20 18:56:15.058762  run/process/ext_team_mention_by_map_team_mention/run.sh
2016-05-20 18:56:15.120344 Warning: Could not load "/Users/emerson/local/lib/bundled/graphviz/prefix/bin/../lib/graphviz/libgvplugin_pango.6.dylib" - file not found
2016-05-20 18:56:15.130848  run/dataflow.svg
2016-05-20 18:56:15.131788   (file:///Users/emerson/Documents/Github/deepdive/examples/Coach_NBA/run/dataflow.svg)
2016-05-20 18:56:15.135375 mv: cannot move ‘run/compiled’ to ‘run/compiled~’: Directory not empty
