2016-05-22 12:26:37.167423 # on eduroam-169-233-210-202.ucsc.edu: deepdive do spouse_label
2016-05-22 12:26:37.167748 # run/20160522/122634.926845000/plan.sh
2016-05-22 12:26:37.167770 # execution plan for data/spouse_label
2016-05-22 12:26:37.167782 
2016-05-22 12:26:37.167793 : ## process/init/app ##########################################################
2016-05-22 12:26:37.167804 : # Done: 2016-05-22T11:25:05-0700 (1h 1m 30s ago)
2016-05-22 12:26:37.167814 : process/init/app/run.sh
2016-05-22 12:26:37.167824 : mark_done process/init/app
2016-05-22 12:26:37.167835 : ##############################################################################
2016-05-22 12:26:37.167845 
2016-05-22 12:26:37.167855 : ## process/init/relation/articles ############################################
2016-05-22 12:26:37.167865 : # Done: 2016-05-22T11:55:52-0700 (30m 43s ago)
2016-05-22 12:26:37.167875 : process/init/relation/articles/run.sh
2016-05-22 12:26:37.167885 : mark_done process/init/relation/articles
2016-05-22 12:26:37.167895 : ##############################################################################
2016-05-22 12:26:37.167905 
2016-05-22 12:26:37.167915 : ## data/articles #############################################################
2016-05-22 12:26:37.167925 : # Done: 2016-05-22T11:55:52-0700 (30m 43s ago)
2016-05-22 12:26:37.167935 : # no-op
2016-05-22 12:26:37.167945 : mark_done data/articles
2016-05-22 12:26:37.167955 : ##############################################################################
2016-05-22 12:26:37.167964 
2016-05-22 12:26:37.167974 : ## process/ext_sentences_by_nlp_markup #######################################
2016-05-22 12:26:37.167984 : # Done: 2016-05-22T11:57:59-0700 (28m 36s ago)
2016-05-22 12:26:37.167994 : process/ext_sentences_by_nlp_markup/run.sh
2016-05-22 12:26:37.168004 : mark_done process/ext_sentences_by_nlp_markup
2016-05-22 12:26:37.168029 : ##############################################################################
2016-05-22 12:26:37.168070 
2016-05-22 12:26:37.168103 : ## data/sentences ############################################################
2016-05-22 12:26:37.168125 : # Done: 2016-05-22T11:57:59-0700 (28m 36s ago)
2016-05-22 12:26:37.168145 : # no-op
2016-05-22 12:26:37.168164 : mark_done data/sentences
2016-05-22 12:26:37.168183 : ##############################################################################
2016-05-22 12:26:37.168217 
2016-05-22 12:26:37.168242 : ## process/ext_person_mention_by_map_person_mention ##########################
2016-05-22 12:26:37.168263 : # Done: 2016-05-22T12:13:47-0700 (12m 48s ago)
2016-05-22 12:26:37.168284 : process/ext_person_mention_by_map_person_mention/run.sh
2016-05-22 12:26:37.168305 : mark_done process/ext_person_mention_by_map_person_mention
2016-05-22 12:26:37.168326 : ##############################################################################
2016-05-22 12:26:37.168346 
2016-05-22 12:26:37.168366 : ## data/person_mention #######################################################
2016-05-22 12:26:37.168387 : # Done: 2016-05-22T12:13:47-0700 (12m 48s ago)
2016-05-22 12:26:37.168407 : # no-op
2016-05-22 12:26:37.168428 : mark_done data/person_mention
2016-05-22 12:26:37.168450 : ##############################################################################
2016-05-22 12:26:37.168470 
2016-05-22 12:26:37.168490 : ## process/ext_num_people ####################################################
2016-05-22 12:26:37.168514 : # Done: 2016-05-22T12:14:33-0700 (12m 2s ago)
2016-05-22 12:26:37.168543 : process/ext_num_people/run.sh
2016-05-22 12:26:37.168567 : mark_done process/ext_num_people
2016-05-22 12:26:37.168589 : ##############################################################################
2016-05-22 12:26:37.168610 
2016-05-22 12:26:37.168632 : ## data/num_people ###########################################################
2016-05-22 12:26:37.168654 : # Done: 2016-05-22T12:14:33-0700 (12m 2s ago)
2016-05-22 12:26:37.168675 : # no-op
2016-05-22 12:26:37.168696 : mark_done data/num_people
2016-05-22 12:26:37.168719 : ##############################################################################
2016-05-22 12:26:37.168742 
2016-05-22 12:26:37.168763 : ## process/ext_team_mention_by_map_team_mention ##############################
2016-05-22 12:26:37.168786 : # Done: 2016-05-22T12:14:14-0700 (12m 21s ago)
2016-05-22 12:26:37.168808 : process/ext_team_mention_by_map_team_mention/run.sh
2016-05-22 12:26:37.168827 : mark_done process/ext_team_mention_by_map_team_mention
2016-05-22 12:26:37.168848 : ##############################################################################
2016-05-22 12:26:37.168871 
2016-05-22 12:26:37.168893 : ## data/team_mention #########################################################
2016-05-22 12:26:37.168916 : # Done: 2016-05-22T12:14:14-0700 (12m 21s ago)
2016-05-22 12:26:37.168939 : # no-op
2016-05-22 12:26:37.168961 : mark_done data/team_mention
2016-05-22 12:26:37.168982 : ##############################################################################
2016-05-22 12:26:37.169004 
2016-05-22 12:26:37.169027 : ## process/ext_spouse_candidate ##############################################
2016-05-22 12:26:37.169048 : # Done: 2016-05-22T12:14:34-0700 (12m 1s ago)
2016-05-22 12:26:37.169069 : process/ext_spouse_candidate/run.sh
2016-05-22 12:26:37.169090 : mark_done process/ext_spouse_candidate
2016-05-22 12:26:37.169112 : ##############################################################################
2016-05-22 12:26:37.169135 
2016-05-22 12:26:37.169157 : ## data/spouse_candidate #####################################################
2016-05-22 12:26:37.169180 : # Done: 2016-05-22T12:14:34-0700 (12m 1s ago)
2016-05-22 12:26:37.169201 : # no-op
2016-05-22 12:26:37.169222 : mark_done data/spouse_candidate
2016-05-22 12:26:37.169244 : ##############################################################################
2016-05-22 12:26:37.169267 
2016-05-22 12:26:37.169288 ## process/ext_spouse_label__0_by_supervise ##################################
2016-05-22 12:26:37.169307 # Done: 2016-05-22T11:26:28-0700 (1h 7s ago)
2016-05-22 12:26:37.169328 process/ext_spouse_label__0_by_supervise/run.sh
2016-05-22 12:26:37.169351 ++ dirname process/ext_spouse_label__0_by_supervise/run.sh
2016-05-22 12:26:37.169373 + cd process/ext_spouse_label__0_by_supervise
2016-05-22 12:26:37.169396 + export DEEPDIVE_CURRENT_PROCESS_NAME=process/ext_spouse_label__0_by_supervise
2016-05-22 12:26:37.169417 + DEEPDIVE_CURRENT_PROCESS_NAME=process/ext_spouse_label__0_by_supervise
2016-05-22 12:26:37.169439 + export DEEPDIVE_LOAD_FORMAT=tsv
2016-05-22 12:26:37.169460 + DEEPDIVE_LOAD_FORMAT=tsv
2016-05-22 12:26:37.169484 + deepdive compute execute 'input_sql= SELECT R0.p_id AS "spouse_candidate.R0.p_id", R1.begin_index AS "person_mention.R1.begin_index", R1.end_index AS "person_mention.R1.end_index", R0.t_id AS "spouse_candidate.R0.t_id", R2.begin_index AS "team_mention.R2.begin_index", R2.end_index AS "team_mention.R2.end_index", R1.doc_id AS "person_mention.R1.doc_id", R1.sentence_index AS "person_mention.R1.sentence_index", R3.sentence_text AS "sentences.R3.sentence_text", R3.tokens AS "sentences.R3.tokens", R3.lemmas AS "sentences.R3.lemmas", R3.pos_tags AS "sentences.R3.pos_tags", R3.ner_tags AS "sentences.R3.ner_tags", R3.dep_types AS "sentences.R3.dep_types", R3.dep_tokens AS "sentences.R3.dep_tokens"
2016-05-22 12:26:37.169509 FROM spouse_candidate R0, person_mention R1, team_mention R2, sentences R3
2016-05-22 12:26:37.169530         WHERE R1.mention_id = R0.p_id  AND R2.team_id = R0.t_id  AND R3.doc_id = R1.doc_id  AND R3.sentence_index = R1.sentence_index 
2016-05-22 12:26:37.169549           ' 'command="$DEEPDIVE_APP"/udf/supervise_spouse.py' output_relation=spouse_label__0
2016-05-22 12:26:37.181002 Executing with the following configuration:
2016-05-22 12:26:37.181053  DEEPDIVE_NUM_PROCESSES=3
2016-05-22 12:26:37.181077  DEEPDIVE_NUM_PARALLEL_UNLOADS=1
2016-05-22 12:26:37.181097  DEEPDIVE_NUM_PARALLEL_LOADS=1
2016-05-22 12:26:37.181118  output_relation_tmp=dd_tmp_spouse_label__0
2016-05-22 12:26:37.181137 
2016-05-22 12:26:37.414254 CREATE TABLE
2016-05-22 12:26:37.514026 CREATE TABLE
2016-05-22 12:26:37.685456 unloading to feed_processes-1: ' SELECT R0.p_id AS "spouse_candidate.R0.p_id", R1.begin_index AS "person_mention.R1.begin_index", R1.end_index AS "person_mention.R1.end_index", R0.t_id AS "spouse_candidate.R0.t_id", R2.begin_index AS "team_mention.R2.begin_index", R2.end_index AS "team_mention.R2.end_index", R1.doc_id AS "person_mention.R1.doc_id", R1.sentence_index AS "person_mention.R1.sentence_index", R3.sentence_text AS "sentences.R3.sentence_text", R3.tokens AS "sentences.R3.tokens", R3.lemmas AS "sentences.R3.lemmas", R3.pos_tags AS "sentences.R3.pos_tags", R3.ner_tags AS "sentences.R3.ner_tags", R3.dep_types AS "sentences.R3.dep_types", R3.dep_tokens AS "sentences.R3.dep_tokens"
2016-05-22 12:26:37.685523 FROM spouse_candidate R0, person_mention R1, team_mention R2, sentences R3
2016-05-22 12:26:37.685553         WHERE R1.mention_id = R0.p_id  AND R2.team_id = R0.t_id  AND R3.doc_id = R1.doc_id  AND R3.sentence_index = R1.sentence_index 
2016-05-22 12:26:37.685575           '
2016-05-22 12:26:37.745617 Loading dd_tmp_spouse_label__0 from output_computed-1 (tsv format)
2016-05-22 12:26:37.871615 Traceback (most recent call last):
2016-05-22 12:26:37.871730   File "/Users/emerson/Documents/Github/deepdive/examples/Coach_NBA/udf/supervise_spouse.py", line 21, in <module>
2016-05-22 12:26:37.871965     dep_types="text[]", dep_token_indexes="int[]",
2016-05-22 12:26:37.872015   File "/Users/emerson/local/lib/python/ddlib/util.py", line 291, in tsv_extractor
2016-05-22 12:26:37.872129     for out_row in generator(**row._asdict()):
2016-05-22 12:26:37.872171   File "/Users/emerson/Documents/Github/deepdive/examples/Coach_NBA/udf/supervise_spouse.py", line 30, in supervise
2016-05-22 12:26:37.872241     p_start_idx = p_start;
2016-05-22 12:26:37.872275 NameError: global name 'p_start' is not defined
2016-05-22 12:26:37.873142 Traceback (most recent call last):
2016-05-22 12:26:37.873204   File "/Users/emerson/Documents/Github/deepdive/examples/Coach_NBA/udf/supervise_spouse.py", line 21, in <module>
2016-05-22 12:26:37.873395     dep_types="text[]", dep_token_indexes="int[]",
2016-05-22 12:26:37.873440   File "/Users/emerson/local/lib/python/ddlib/util.py", line 291, in tsv_extractor
2016-05-22 12:26:37.873598     for out_row in generator(**row._asdict()):
2016-05-22 12:26:37.873641   File "/Users/emerson/Documents/Github/deepdive/examples/Coach_NBA/udf/supervise_spouse.py", line 30, in supervise
2016-05-22 12:26:37.873735     p_start_idx = p_start;
2016-05-22 12:26:37.873776 NameError: global name 'p_start' is not defined
2016-05-22 12:26:37.875436 Traceback (most recent call last):
2016-05-22 12:26:37.875511   File "/Users/emerson/Documents/Github/deepdive/examples/Coach_NBA/udf/supervise_spouse.py", line 21, in <module>
2016-05-22 12:26:37.875618     dep_types="text[]", dep_token_indexes="int[]",
2016-05-22 12:26:37.875646   File "/Users/emerson/local/lib/python/ddlib/util.py", line 291, in tsv_extractor
2016-05-22 12:26:37.875990     for out_row in generator(**row._asdict()):
2016-05-22 12:26:37.876023   File "/Users/emerson/Documents/Github/deepdive/examples/Coach_NBA/udf/supervise_spouse.py", line 30, in supervise
2016-05-22 12:26:37.876161     p_start_idx = p_start;
2016-05-22 12:26:37.876212 NameError: global name 'p_start' is not defined
2016-05-22 12:26:37.881386 write process-2.input: Broken pipe/Users/emerson/local/util/compute-driver/local/compute-execute: line 140: kill: (9513) - No such process
2016-05-22 12:26:37.881520 /Users/emerson/local/util/compute-driver/local/compute-execute: line 140: kill: (9514) - No such process
2016-05-22 12:26:37.881660 /Users/emerson/local/util/compute-driver/local/compute-execute: line 140: kill: (9515) - No such process
2016-05-22 12:26:37.881687 /Users/emerson/local/util/compute-driver/local/compute-execute: line 140: kill: (9527) - No such process
2016-05-22 12:26:37.882864 COPY 0
2016-05-22 12:26:37.889935 [ERROR] command='"$DEEPDIVE_APP"/udf/supervise_spouse.py': PID 9513: finished with non-zero exit status (0)
2016-05-22 12:26:37.890384 /Users/emerson/local/util/compute-driver/local/compute-execute: line 138:  9520 Terminated: 15          deepdive-load "$output_relation_tmp" output_computed-*
2016-05-22 12:26:37.890441 /Users/emerson/local/util/compute-driver/local/compute-execute: line 138:  9526 Terminated: 15          deepdive-db unload "$input_sql" "$DEEPDIVE_LOAD_FORMAT" feed_processes-*
