2016-05-21 15:12:35.642371 ‘run/LATEST.COMPILE/151235.555719000’ -> ‘20160521/151235.555719000’
2016-05-21 15:12:35.642858 ‘run/RUNNING.COMPILE’ -> ‘20160521/151235.555719000’
2016-05-21 15:12:35.642966 Parsing DeepDive application (/Users/emerson/Documents/Github/deepdive/examples/Coach_NBA) to generate:
2016-05-21 15:12:35.643025  run/compiled/schema.json
2016-05-21 15:12:35.643071   from app.ddlog
2016-05-21 15:12:36.719379  run/compiled/deepdive.conf
2016-05-21 15:12:36.719649   from app.ddlog
2016-05-21 15:12:37.694050   from deepdive.conf
2016-05-21 15:12:37.704557  run/compiled/deepdive.conf.json
2016-05-21 15:12:38.091493 Performing sanity checks on run/compiled/deepdive.conf.json:
2016-05-21 15:12:38.153821  checking if input_extractors_well_defined
2016-05-21 15:12:38.153899  checking if input_schema_wellformed
2016-05-21 15:12:38.154265 Normalizing and adding built-in processes to the data flow to compile:
2016-05-21 15:12:38.154717  run/compiled/config-0.00-init_objects.json
2016-05-21 15:12:38.175480  run/compiled/config-0.01-parse_calibration.json
2016-05-21 15:12:38.199481  run/compiled/config-0.01-parse_schema.json
2016-05-21 15:12:38.233230  run/compiled/config-0.51-add_init_app.json
2016-05-21 15:12:38.266792  run/compiled/config-0.52-input_loader.json
2016-05-21 15:12:38.291568  run/compiled/config-1.00-qualified_names.json
2016-05-21 15:12:38.325703  run/compiled/config-1.01-parse_inference_rules.json
2016-05-21 15:12:38.372393  run/compiled/config-2.01-grounding.json
2016-05-21 15:12:38.473655  run/compiled/config-2.02-learning_inference.json
2016-05-21 15:12:38.510937  run/compiled/config-2.03-calibration_plots.json
2016-05-21 15:12:38.549700  run/compiled/config-9.98-ensure_init_app.json
2016-05-21 15:12:38.579511  run/compiled/config-9.99-dependencies.json
2016-05-21 15:12:38.621862  run/compiled/config.json
2016-05-21 15:12:38.625844 Validating run/compiled/config.json:
2016-05-21 15:12:38.756580  checking if compiled_base_relations_have_input_data
2016-05-21 15:12:38.756736  [WARNING] input/init.sh should load all base relations: articles spouses_dbpedia 
2016-05-21 15:12:38.756787  checking if compiled_dependencies_correct
2016-05-21 15:12:38.756819  checking if compiled_input_output_well_defined
2016-05-21 15:12:38.756957  checking if compiled_output_uniquely_defined
2016-05-21 15:12:38.757310 Compiling executable code into:
2016-05-21 15:12:38.758018  run/compiled/code-Makefile.json
2016-05-21 15:12:38.796364  run/compiled/code-cmd_extractor.json
2016-05-21 15:12:38.833420  run/compiled/code-dataflow_dot.json
2016-05-21 15:12:38.884280  run/compiled/code-sql_extractor.json
2016-05-21 15:12:38.916333  run/compiled/code-tsv_extractor.json
2016-05-21 15:12:38.958271 Generating files:
2016-05-21 15:12:38.992718  run/Makefile
2016-05-21 15:12:39.025188  run/process/init/app/run.sh
2016-05-21 15:12:39.047511  run/process/init/relation/articles/run.sh
2016-05-21 15:12:39.072708  run/process/init/relation/spouses_dbpedia/run.sh
2016-05-21 15:12:39.097554  run/process/ext_has_spouse/run.sh
2016-05-21 15:12:39.122125  run/process/ext_num_people/run.sh
2016-05-21 15:12:39.148002  run/process/ext_num_team/run.sh
2016-05-21 15:12:39.174482  run/process/ext_spouse_candidate/run.sh
2016-05-21 15:12:39.205652  run/process/ext_spouse_label/run.sh
2016-05-21 15:12:39.224122  run/process/ext_spouse_label_resolved/run.sh
2016-05-21 15:12:39.249583  run/process/grounding/variable_id_partition/run.sh
2016-05-21 15:12:39.276433  run/process/grounding/variable/has_spouse/assign_id/run.sh
2016-05-21 15:12:39.308295  run/process/grounding/variable_holdout/run.sh
2016-05-21 15:12:39.332259  run/process/grounding/variable/has_spouse/dump/run.sh
2016-05-21 15:12:39.358424  run/process/grounding/factor/inf1_imply_has_spouse_has_spouse/materialize/run.sh
2016-05-21 15:12:39.387312  run/process/grounding/factor/inf_imply_has_spouse_has_spouse/materialize/run.sh
2016-05-21 15:12:39.423606  run/process/grounding/factor/inf_istrue_has_spouse/materialize/run.sh
2016-05-21 15:12:39.445180  run/process/grounding/weight_id_partition/run.sh
2016-05-21 15:12:39.475292  run/process/grounding/global_weight_table/run.sh
2016-05-21 15:12:39.499950  run/process/grounding/factor/inf1_imply_has_spouse_has_spouse/assign_weight_id/run.sh
2016-05-21 15:12:39.525048  run/process/grounding/factor/inf_imply_has_spouse_has_spouse/assign_weight_id/run.sh
2016-05-21 15:12:39.551681  run/process/grounding/factor/inf_istrue_has_spouse/assign_weight_id/run.sh
2016-05-21 15:12:39.587288  run/process/grounding/factor/inf1_imply_has_spouse_has_spouse/dump/run.sh
2016-05-21 15:12:39.610378  run/process/grounding/factor/inf_imply_has_spouse_has_spouse/dump/run.sh
2016-05-21 15:12:39.637143  run/process/grounding/factor/inf_istrue_has_spouse/dump/run.sh
2016-05-21 15:12:39.660688  run/process/grounding/factor/inf1_imply_has_spouse_has_spouse/dump_weights/run.sh
2016-05-21 15:12:39.687426  run/process/grounding/factor/inf_imply_has_spouse_has_spouse/dump_weights/run.sh
2016-05-21 15:12:39.711928  run/process/grounding/factor/inf_istrue_has_spouse/dump_weights/run.sh
2016-05-21 15:12:39.737155  run/process/grounding/combine_factorgraph/run.sh
2016-05-21 15:12:39.763245  run/process/model/learning/run.sh
2016-05-21 15:12:39.790054  run/process/model/inference/run.sh
2016-05-21 15:12:39.818912  run/process/model/load_weights/run.sh
2016-05-21 15:12:39.841864  run/process/model/load_probabilities/run.sh
2016-05-21 15:12:39.868129  run/process/model/calibration/run.sh
2016-05-21 15:12:39.899324  run/dataflow.dot
2016-05-21 15:12:39.927733  run/process/ext_person_mention_by_map_person_mention/run.sh
2016-05-21 15:12:39.951541  run/process/ext_sentences_by_nlp_markup/run.sh
2016-05-21 15:12:39.980987  run/process/ext_spouse_feature_by_extract_spouse_features/run.sh
2016-05-21 15:12:40.008541  run/process/ext_spouse_label__0_by_supervise/run.sh
2016-05-21 15:12:40.034060  run/process/ext_team_mention_by_map_team_mention/run.sh
2016-05-21 15:12:40.101330 Warning: Could not load "/Users/emerson/local/lib/bundled/graphviz/prefix/bin/../lib/graphviz/libgvplugin_pango.6.dylib" - file not found
2016-05-21 15:12:40.114636  run/dataflow.svg
2016-05-21 15:12:40.115688   (file:///Users/emerson/Documents/Github/deepdive/examples/Coach_NBA/run/dataflow.svg)
2016-05-21 15:12:40.119277 mv: cannot move ‘run/compiled’ to ‘run/compiled~’: Directory not empty
