2016-05-22 16:26:45.204954 # on eduroam-169-233-210-202.ucsc.edu: deepdive do has_spouse
2016-05-22 16:26:45.205327 # run/20160522/162643.339960000/plan.sh
2016-05-22 16:26:45.205360 # execution plan for data/has_spouse
2016-05-22 16:26:45.205381 
2016-05-22 16:26:45.205401 : ## process/init/app ##########################################################
2016-05-22 16:26:45.205421 : # Done: 2016-05-22T11:25:05-0700 (5h 1m 38s ago)
2016-05-22 16:26:45.205441 : process/init/app/run.sh
2016-05-22 16:26:45.205461 : mark_done process/init/app
2016-05-22 16:26:45.205483 : ##############################################################################
2016-05-22 16:26:45.205503 
2016-05-22 16:26:45.205524 : ## process/init/relation/articles ############################################
2016-05-22 16:26:45.205544 : # Done: 2016-05-22T11:55:52-0700 (4h 30m 51s ago)
2016-05-22 16:26:45.205564 : process/init/relation/articles/run.sh
2016-05-22 16:26:45.205584 : mark_done process/init/relation/articles
2016-05-22 16:26:45.205605 : ##############################################################################
2016-05-22 16:26:45.205626 
2016-05-22 16:26:45.205646 : ## data/articles #############################################################
2016-05-22 16:26:45.205666 : # Done: 2016-05-22T11:55:52-0700 (4h 30m 51s ago)
2016-05-22 16:26:45.205687 : # no-op
2016-05-22 16:26:45.205707 : mark_done data/articles
2016-05-22 16:26:45.205728 : ##############################################################################
2016-05-22 16:26:45.205748 
2016-05-22 16:26:45.205771 : ## process/ext_sentences_by_nlp_markup #######################################
2016-05-22 16:26:45.205792 : # Done: 2016-05-22T11:57:59-0700 (4h 28m 44s ago)
2016-05-22 16:26:45.205813 : process/ext_sentences_by_nlp_markup/run.sh
2016-05-22 16:26:45.205833 : mark_done process/ext_sentences_by_nlp_markup
2016-05-22 16:26:45.205853 : ##############################################################################
2016-05-22 16:26:45.205872 
2016-05-22 16:26:45.205893 : ## data/sentences ############################################################
2016-05-22 16:26:45.205914 : # Done: 2016-05-22T11:57:59-0700 (4h 28m 44s ago)
2016-05-22 16:26:45.205934 : # no-op
2016-05-22 16:26:45.205955 : mark_done data/sentences
2016-05-22 16:26:45.205975 : ##############################################################################
2016-05-22 16:26:45.205996 
2016-05-22 16:26:45.206015 : ## process/ext_person_mention_by_map_person_mention ##########################
2016-05-22 16:26:45.206034 : # Done: 2016-05-22T12:13:47-0700 (4h 12m 56s ago)
2016-05-22 16:26:45.206054 : process/ext_person_mention_by_map_person_mention/run.sh
2016-05-22 16:26:45.206076 : mark_done process/ext_person_mention_by_map_person_mention
2016-05-22 16:26:45.206100 : ##############################################################################
2016-05-22 16:26:45.206121 
2016-05-22 16:26:45.206142 : ## data/person_mention #######################################################
2016-05-22 16:26:45.206165 : # Done: 2016-05-22T12:13:47-0700 (4h 12m 56s ago)
2016-05-22 16:26:45.206188 : # no-op
2016-05-22 16:26:45.206211 : mark_done data/person_mention
2016-05-22 16:26:45.206239 : ##############################################################################
2016-05-22 16:26:45.206260 
2016-05-22 16:26:45.206283 : ## process/ext_num_people ####################################################
2016-05-22 16:26:45.206305 : # Done: 2016-05-22T12:14:33-0700 (4h 12m 10s ago)
2016-05-22 16:26:45.206326 : process/ext_num_people/run.sh
2016-05-22 16:26:45.206348 : mark_done process/ext_num_people
2016-05-22 16:26:45.206370 : ##############################################################################
2016-05-22 16:26:45.206392 
2016-05-22 16:26:45.206411 : ## data/num_people ###########################################################
2016-05-22 16:26:45.206429 : # Done: 2016-05-22T12:14:33-0700 (4h 12m 10s ago)
2016-05-22 16:26:45.206448 : # no-op
2016-05-22 16:26:45.206466 : mark_done data/num_people
2016-05-22 16:26:45.206485 : ##############################################################################
2016-05-22 16:26:45.206504 
2016-05-22 16:26:45.206523 : ## process/ext_team_mention_by_map_team_mention ##############################
2016-05-22 16:26:45.206543 : # Done: 2016-05-22T12:14:14-0700 (4h 12m 29s ago)
2016-05-22 16:26:45.206562 : process/ext_team_mention_by_map_team_mention/run.sh
2016-05-22 16:26:45.206582 : mark_done process/ext_team_mention_by_map_team_mention
2016-05-22 16:26:45.206601 : ##############################################################################
2016-05-22 16:26:45.206620 
2016-05-22 16:26:45.206640 : ## data/team_mention #########################################################
2016-05-22 16:26:45.206659 : # Done: 2016-05-22T12:14:14-0700 (4h 12m 29s ago)
2016-05-22 16:26:45.206678 : # no-op
2016-05-22 16:26:45.206696 : mark_done data/team_mention
2016-05-22 16:26:45.206714 : ##############################################################################
2016-05-22 16:26:45.206733 
2016-05-22 16:26:45.206752 : ## process/ext_spouse_candidate ##############################################
2016-05-22 16:26:45.206772 : # Done: 2016-05-22T12:14:34-0700 (4h 12m 9s ago)
2016-05-22 16:26:45.206791 : process/ext_spouse_candidate/run.sh
2016-05-22 16:26:45.206811 : mark_done process/ext_spouse_candidate
2016-05-22 16:26:45.206830 : ##############################################################################
2016-05-22 16:26:45.206850 
2016-05-22 16:26:45.206869 : ## data/spouse_candidate #####################################################
2016-05-22 16:26:45.206888 : # Done: 2016-05-22T12:14:34-0700 (4h 12m 9s ago)
2016-05-22 16:26:45.206973 : # no-op
2016-05-22 16:26:45.207001 : mark_done data/spouse_candidate
2016-05-22 16:26:45.207023 : ##############################################################################
2016-05-22 16:26:45.207043 
2016-05-22 16:26:45.207065 : ## process/ext_spouse_label__0_by_supervise ##################################
2016-05-22 16:26:45.207108 : # Done: 2016-05-22T12:28:31-0700 (3h 58m 12s ago)
2016-05-22 16:26:45.207139 : process/ext_spouse_label__0_by_supervise/run.sh
2016-05-22 16:26:45.207160 : mark_done process/ext_spouse_label__0_by_supervise
2016-05-22 16:26:45.207180 : ##############################################################################
2016-05-22 16:26:45.207199 
2016-05-22 16:26:45.207239 : ## data/spouse_label__0 ######################################################
2016-05-22 16:26:45.207264 : # Done: 2016-05-22T12:28:31-0700 (3h 58m 12s ago)
2016-05-22 16:26:45.207286 : # no-op
2016-05-22 16:26:45.207367 : mark_done data/spouse_label__0
2016-05-22 16:26:45.207392 : ##############################################################################
2016-05-22 16:26:45.207454 
2016-05-22 16:26:45.207477 : ## process/init/relation/spouses_dbpedia #####################################
2016-05-22 16:26:45.207496 : # Done: 2016-05-22T15:50:19-0700 (36m 24s ago)
2016-05-22 16:26:45.207514 : process/init/relation/spouses_dbpedia/run.sh
2016-05-22 16:26:45.207531 : mark_done process/init/relation/spouses_dbpedia
2016-05-22 16:26:45.207549 : ##############################################################################
2016-05-22 16:26:45.207566 
2016-05-22 16:26:45.207585 : ## data/spouses_dbpedia ######################################################
2016-05-22 16:26:45.207603 : # Done: 2016-05-22T15:50:19-0700 (36m 24s ago)
2016-05-22 16:26:45.207621 : # no-op
2016-05-22 16:26:45.207639 : mark_done data/spouses_dbpedia
2016-05-22 16:26:45.207656 : ##############################################################################
2016-05-22 16:26:45.207674 
2016-05-22 16:26:45.208140 : ## process/ext_spouse_label ##################################################
2016-05-22 16:26:45.208179 : # Done: 2016-05-22T15:50:41-0700 (36m 2s ago)
2016-05-22 16:26:45.208202 : process/ext_spouse_label/run.sh
2016-05-22 16:26:45.208223 : mark_done process/ext_spouse_label
2016-05-22 16:26:45.208244 : ##############################################################################
2016-05-22 16:26:45.208265 
2016-05-22 16:26:45.208286 : ## data/spouse_label #########################################################
2016-05-22 16:26:45.208308 : # Done: 2016-05-22T15:50:41-0700 (36m 2s ago)
2016-05-22 16:26:45.208330 : # no-op
2016-05-22 16:26:45.208351 : mark_done data/spouse_label
2016-05-22 16:26:45.208372 : ##############################################################################
2016-05-22 16:26:45.208393 
2016-05-22 16:26:45.208414 : ## process/ext_spouse_label_resolved #########################################
2016-05-22 16:26:45.208434 : # Done: 2016-05-22T15:50:41-0700 (36m 2s ago)
2016-05-22 16:26:45.208453 : process/ext_spouse_label_resolved/run.sh
2016-05-22 16:26:45.208473 : mark_done process/ext_spouse_label_resolved
2016-05-22 16:26:45.208494 : ##############################################################################
2016-05-22 16:26:45.208513 
2016-05-22 16:26:45.208533 : ## data/spouse_label_resolved ################################################
2016-05-22 16:26:45.208555 : # Done: 2016-05-22T15:50:41-0700 (36m 2s ago)
2016-05-22 16:26:45.208575 : # no-op
2016-05-22 16:26:45.208595 : mark_done data/spouse_label_resolved
2016-05-22 16:26:45.208614 : ##############################################################################
2016-05-22 16:26:45.208633 
2016-05-22 16:26:45.208653 ## process/ext_has_spouse ####################################################
2016-05-22 16:26:45.208672 # Done: 2016-05-22T16:24:26-0700 (2m 17s ago)
2016-05-22 16:26:45.208691 process/ext_has_spouse/run.sh
2016-05-22 16:26:45.208711 ++ dirname process/ext_has_spouse/run.sh
2016-05-22 16:26:45.208731 + cd process/ext_has_spouse
2016-05-22 16:26:45.208750 + export DEEPDIVE_CURRENT_PROCESS_NAME=process/ext_has_spouse
2016-05-22 16:26:45.208770 + DEEPDIVE_CURRENT_PROCESS_NAME=process/ext_has_spouse
2016-05-22 16:26:45.208788 + deepdive create table has_spouse
2016-05-22 16:26:45.306514 NOTICE:  drop cascades to view has_spouse_label_inference
2016-05-22 16:26:45.319660 CREATE TABLE
2016-05-22 16:26:45.321248 + deepdive sql 'INSERT INTO has_spouse SELECT DISTINCT R0.column_0, R0.column_1, 0 AS id, 
2016-05-22 16:26:45.321431 CASE WHEN R0.column_2 > 0 THEN true
2016-05-22 16:26:45.321513      WHEN R0.column_2 < 0 THEN false
2016-05-22 16:26:45.321564      ELSE NULL
2016-05-22 16:26:45.321602 END AS label
2016-05-22 16:26:45.321639           FROM spouse_label_resolved R0
2016-05-22 16:26:45.321676         
2016-05-22 16:26:45.321719           '
2016-05-22 16:26:45.403700 INSERT 0 103
2016-05-22 16:26:45.405127 mark_done process/ext_has_spouse
2016-05-22 16:26:45.424141 ##############################################################################
2016-05-22 16:26:45.424214 
2016-05-22 16:26:45.424236 ## data/has_spouse ###########################################################
2016-05-22 16:26:45.424257 # Done: 2016-05-22T16:24:26-0700 (2m 17s ago)
2016-05-22 16:26:45.424300 # no-op
2016-05-22 16:26:45.424351 mark_done data/has_spouse
2016-05-22 16:26:45.444515 ##############################################################################
2016-05-22 16:26:45.444608 
