2016-06-02 22:21:00.205248 ‘run/LATEST.COMPILE/222100.105736000’ -> ‘20160602/222100.105736000’
2016-06-02 22:21:00.205610 ‘run/RUNNING.COMPILE’ -> ‘20160602/222100.105736000’
2016-06-02 22:21:00.205646 Parsing DeepDive application (/Users/emerson/Documents/Github/deepdive/examples/coach_nba) to generate:
2016-06-02 22:21:00.205674  run/compiled/schema.json
2016-06-02 22:21:00.205697   from app.ddlog
2016-06-02 22:21:01.473809  run/compiled/deepdive.conf
2016-06-02 22:21:01.474068   from app.ddlog
2016-06-02 22:21:02.526037   from deepdive.conf
2016-06-02 22:21:02.535929  run/compiled/deepdive.conf.json
2016-06-02 22:21:03.014392 Performing sanity checks on run/compiled/deepdive.conf.json:
2016-06-02 22:21:03.090633  checking if input_extractors_well_defined
2016-06-02 22:21:03.090689  checking if input_schema_wellformed
2016-06-02 22:21:03.091084 Normalizing and adding built-in processes to the data flow to compile:
2016-06-02 22:21:03.091764  run/compiled/config-0.00-init_objects.json
2016-06-02 22:21:03.115297  run/compiled/config-0.01-parse_calibration.json
2016-06-02 22:21:03.145642  run/compiled/config-0.01-parse_schema.json
2016-06-02 22:21:03.185965  run/compiled/config-0.51-add_init_app.json
2016-06-02 22:21:03.218205  run/compiled/config-0.52-input_loader.json
2016-06-02 22:21:03.248597  run/compiled/config-1.00-qualified_names.json
2016-06-02 22:21:03.291848  run/compiled/config-1.01-parse_inference_rules.json
2016-06-02 22:21:03.337737  run/compiled/config-2.01-grounding.json
2016-06-02 22:21:03.483239  run/compiled/config-2.02-learning_inference.json
2016-06-02 22:21:03.524616  run/compiled/config-2.03-calibration_plots.json
2016-06-02 22:21:03.568292  run/compiled/config-9.98-ensure_init_app.json
2016-06-02 22:21:03.610410  run/compiled/config-9.99-dependencies.json
2016-06-02 22:21:03.657603  run/compiled/config.json
2016-06-02 22:21:03.662175 Validating run/compiled/config.json:
2016-06-02 22:21:03.825742  checking if compiled_base_relations_have_input_data
2016-06-02 22:21:03.825827  [WARNING] input/init.sh should load all base relations: articles spouses_dbpedia spouses_dbpedia_negative 
2016-06-02 22:21:03.825865  checking if compiled_dependencies_correct
2016-06-02 22:21:03.825891  checking if compiled_input_output_well_defined
2016-06-02 22:21:03.825915  checking if compiled_output_uniquely_defined
2016-06-02 22:21:03.826386 Compiling executable code into:
2016-06-02 22:21:03.828344  run/compiled/code-Makefile.json
2016-06-02 22:21:03.873591  run/compiled/code-cmd_extractor.json
2016-06-02 22:21:03.918101  run/compiled/code-dataflow_dot.json
2016-06-02 22:21:03.967227  run/compiled/code-sql_extractor.json
2016-06-02 22:21:04.015076  run/compiled/code-tsv_extractor.json
2016-06-02 22:21:04.074016 Generating files:
2016-06-02 22:21:04.118830  run/Makefile
2016-06-02 22:21:04.168745  run/process/init/app/run.sh
2016-06-02 22:21:04.194507  run/process/init/relation/articles/run.sh
2016-06-02 22:21:04.224710  run/process/init/relation/spouses_dbpedia/run.sh
2016-06-02 22:21:04.251568  run/process/init/relation/spouses_dbpedia_negative/run.sh
2016-06-02 22:21:04.284645  run/process/ext_has_spouse/run.sh
2016-06-02 22:21:04.313105  run/process/ext_num_people/run.sh
2016-06-02 22:21:04.345302  run/process/ext_num_team/run.sh
2016-06-02 22:21:04.378339  run/process/ext_spouse_candidate/run.sh
2016-06-02 22:21:04.407408  run/process/ext_spouse_label/run.sh
2016-06-02 22:21:04.437921  run/process/ext_spouse_label_resolved/run.sh
2016-06-02 22:21:04.464843  run/process/grounding/variable_id_partition/run.sh
2016-06-02 22:21:04.495764  run/process/grounding/variable/has_spouse/assign_id/run.sh
2016-06-02 22:21:04.542514  run/process/grounding/variable_holdout/run.sh
2016-06-02 22:21:04.565923  run/process/grounding/variable/has_spouse/dump/run.sh
2016-06-02 22:21:04.596533  run/process/grounding/factor/inf1_istrue_has_spouse/materialize/run.sh
2016-06-02 22:21:04.630095  run/process/grounding/factor/inf_imply_has_spouse_has_spouse/materialize/run.sh
2016-06-02 22:21:04.659843  run/process/grounding/factor/inf_istrue_has_spouse/materialize/run.sh
2016-06-02 22:21:04.693393  run/process/grounding/weight_id_partition/run.sh
2016-06-02 22:21:04.739953  run/process/grounding/global_weight_table/run.sh
2016-06-02 22:21:04.764603  run/process/grounding/factor/inf1_istrue_has_spouse/assign_weight_id/run.sh
2016-06-02 22:21:04.796942  run/process/grounding/factor/inf_imply_has_spouse_has_spouse/assign_weight_id/run.sh
2016-06-02 22:21:04.856992  run/process/grounding/factor/inf_istrue_has_spouse/assign_weight_id/run.sh
2016-06-02 22:21:04.996389  run/process/grounding/factor/inf1_istrue_has_spouse/dump/run.sh
2016-06-02 22:21:05.063347  run/process/grounding/factor/inf_imply_has_spouse_has_spouse/dump/run.sh
2016-06-02 22:21:05.114217  run/process/grounding/factor/inf_istrue_has_spouse/dump/run.sh
2016-06-02 22:21:05.157711  run/process/grounding/factor/inf1_istrue_has_spouse/dump_weights/run.sh
2016-06-02 22:21:05.199207  run/process/grounding/factor/inf_imply_has_spouse_has_spouse/dump_weights/run.sh
2016-06-02 22:21:05.243054  run/process/grounding/factor/inf_istrue_has_spouse/dump_weights/run.sh
2016-06-02 22:21:05.268467  run/process/grounding/combine_factorgraph/run.sh
2016-06-02 22:21:05.301336  run/process/model/learning/run.sh
2016-06-02 22:21:05.329097  run/process/model/inference/run.sh
2016-06-02 22:21:05.372785  run/process/model/load_weights/run.sh
2016-06-02 22:21:05.414106  run/process/model/load_probabilities/run.sh
2016-06-02 22:21:05.456055  run/process/model/calibration/run.sh
2016-06-02 22:21:05.486747  run/dataflow.dot
2016-06-02 22:21:05.532722  run/process/ext_person_mention_by_map_person_mention/run.sh
2016-06-02 22:21:05.567787  run/process/ext_sentences_by_nlp_markup/run.sh
2016-06-02 22:21:05.603116  run/process/ext_spouse_feature_by_extract_spouse_features/run.sh
2016-06-02 22:21:05.650366  run/process/ext_spouse_label__0_by_supervise/run.sh
2016-06-02 22:21:05.679419  run/process/ext_team_mention_by_map_team_mention/run.sh
2016-06-02 22:21:05.868035 Warning: Could not load "/Users/emerson/local/lib/bundled/graphviz/prefix/bin/../lib/graphviz/libgvplugin_pango.6.dylib" - file not found
2016-06-02 22:21:05.945574  run/dataflow.svg
2016-06-02 22:21:05.946554   (file:///Users/emerson/Documents/Github/deepdive/examples/coach_nba/run/dataflow.svg)
2016-06-02 22:21:05.950308 mv: cannot move ‘run/compiled’ to ‘run/compiled~’: Directory not empty
