2016-05-23 11:11:45.829984 # on dhcp-169-233-164-19.cruznet.ucsc.edu: deepdive do has_spouse
2016-05-23 11:11:45.830283 # run/20160523/111143.625390000/plan.sh
2016-05-23 11:11:45.830314 # execution plan for data/has_spouse
2016-05-23 11:11:45.830337 
2016-05-23 11:11:45.830360 : ## process/init/app ##########################################################
2016-05-23 11:11:45.830381 : # Done: 2016-05-22T17:21:25-0700 (17h 50m 18s ago)
2016-05-23 11:11:45.830401 : process/init/app/run.sh
2016-05-23 11:11:45.830441 : mark_done process/init/app
2016-05-23 11:11:45.830483 : ##############################################################################
2016-05-23 11:11:45.830508 
2016-05-23 11:11:45.830532 : ## process/init/relation/articles ############################################
2016-05-23 11:11:45.830554 : # Done: 2016-05-22T17:23:58-0700 (17h 47m 45s ago)
2016-05-23 11:11:45.830575 : process/init/relation/articles/run.sh
2016-05-23 11:11:45.830597 : mark_done process/init/relation/articles
2016-05-23 11:11:45.830618 : ##############################################################################
2016-05-23 11:11:45.830637 
2016-05-23 11:11:45.830658 : ## data/articles #############################################################
2016-05-23 11:11:45.830680 : # Done: 2016-05-22T17:23:58-0700 (17h 47m 45s ago)
2016-05-23 11:11:45.830699 : # no-op
2016-05-23 11:11:45.830717 : mark_done data/articles
2016-05-23 11:11:45.830738 : ##############################################################################
2016-05-23 11:11:45.830758 
2016-05-23 11:11:45.830778 : ## process/ext_sentences_by_nlp_markup #######################################
2016-05-23 11:11:45.830810 : # Done: 2016-05-22T17:25:59-0700 (17h 45m 44s ago)
2016-05-23 11:11:45.830829 : process/ext_sentences_by_nlp_markup/run.sh
2016-05-23 11:11:45.830847 : mark_done process/ext_sentences_by_nlp_markup
2016-05-23 11:11:45.830868 : ##############################################################################
2016-05-23 11:11:45.830888 
2016-05-23 11:11:45.830908 : ## data/sentences ############################################################
2016-05-23 11:11:45.830928 : # Done: 2016-05-22T17:26:00-0700 (17h 45m 43s ago)
2016-05-23 11:11:45.830948 : # no-op
2016-05-23 11:11:45.830966 : mark_done data/sentences
2016-05-23 11:11:45.830988 : ##############################################################################
2016-05-23 11:11:45.831009 
2016-05-23 11:11:45.831029 : ## process/ext_person_mention_by_map_person_mention ##########################
2016-05-23 11:11:45.831049 : # Done: 2016-05-22T17:26:11-0700 (17h 45m 32s ago)
2016-05-23 11:11:45.831068 : process/ext_person_mention_by_map_person_mention/run.sh
2016-05-23 11:11:45.831087 : mark_done process/ext_person_mention_by_map_person_mention
2016-05-23 11:11:45.831108 : ##############################################################################
2016-05-23 11:11:45.831129 
2016-05-23 11:11:45.831149 : ## data/person_mention #######################################################
2016-05-23 11:11:45.831169 : # Done: 2016-05-22T17:26:11-0700 (17h 45m 32s ago)
2016-05-23 11:11:45.831186 : # no-op
2016-05-23 11:11:45.831204 : mark_done data/person_mention
2016-05-23 11:11:45.831227 : ##############################################################################
2016-05-23 11:11:45.831247 
2016-05-23 11:11:45.831267 : ## process/ext_num_people ####################################################
2016-05-23 11:11:45.831287 : # Done: 2016-05-22T17:26:40-0700 (17h 45m 3s ago)
2016-05-23 11:11:45.831306 : process/ext_num_people/run.sh
2016-05-23 11:11:45.831324 : mark_done process/ext_num_people
2016-05-23 11:11:45.831345 : ##############################################################################
2016-05-23 11:11:45.831366 
2016-05-23 11:11:45.831386 : ## data/num_people ###########################################################
2016-05-23 11:11:45.831405 : # Done: 2016-05-22T17:26:40-0700 (17h 45m 3s ago)
2016-05-23 11:11:45.831423 : # no-op
2016-05-23 11:11:45.831441 : mark_done data/num_people
2016-05-23 11:11:45.831463 : ##############################################################################
2016-05-23 11:11:45.831483 
2016-05-23 11:11:45.831502 : ## process/ext_team_mention_by_map_team_mention ##############################
2016-05-23 11:11:45.831522 : # Done: 2016-05-22T17:26:26-0700 (17h 45m 17s ago)
2016-05-23 11:11:45.831539 : process/ext_team_mention_by_map_team_mention/run.sh
2016-05-23 11:11:45.831551 : mark_done process/ext_team_mention_by_map_team_mention
2016-05-23 11:11:45.831582 : ##############################################################################
2016-05-23 11:11:45.831611 
2016-05-23 11:11:45.831632 : ## data/team_mention #########################################################
2016-05-23 11:11:45.831652 : # Done: 2016-05-22T17:26:26-0700 (17h 45m 17s ago)
2016-05-23 11:11:45.831671 : # no-op
2016-05-23 11:11:45.831690 : mark_done data/team_mention
2016-05-23 11:11:45.831710 : ##############################################################################
2016-05-23 11:11:45.831731 
2016-05-23 11:11:45.831751 : ## process/ext_spouse_candidate ##############################################
2016-05-23 11:11:45.831773 : # Done: 2016-05-22T17:26:40-0700 (17h 45m 4s ago)
2016-05-23 11:11:45.831791 : process/ext_spouse_candidate/run.sh
2016-05-23 11:11:45.831810 : mark_done process/ext_spouse_candidate
2016-05-23 11:11:45.831830 : ##############################################################################
2016-05-23 11:11:45.831850 
2016-05-23 11:11:45.831869 : ## data/spouse_candidate #####################################################
2016-05-23 11:11:45.831890 : # Done: 2016-05-22T17:26:40-0700 (17h 45m 4s ago)
2016-05-23 11:11:45.831908 : # no-op
2016-05-23 11:11:45.831926 : mark_done data/spouse_candidate
2016-05-23 11:11:45.831946 : ##############################################################################
2016-05-23 11:11:45.831966 
2016-05-23 11:11:45.831987 : ## process/ext_spouse_label__0_by_supervise ##################################
2016-05-23 11:11:45.832007 : # Done: 2016-05-22T17:27:35-0700 (17h 44m 9s ago)
2016-05-23 11:11:45.832024 : process/ext_spouse_label__0_by_supervise/run.sh
2016-05-23 11:11:45.832045 : mark_done process/ext_spouse_label__0_by_supervise
2016-05-23 11:11:45.832065 : ##############################################################################
2016-05-23 11:11:45.832085 
2016-05-23 11:11:45.832105 : ## data/spouse_label__0 ######################################################
2016-05-23 11:11:45.832125 : # Done: 2016-05-22T17:27:35-0700 (17h 44m 9s ago)
2016-05-23 11:11:45.832143 : # no-op
2016-05-23 11:11:45.832164 : mark_done data/spouse_label__0
2016-05-23 11:11:45.832184 : ##############################################################################
2016-05-23 11:11:45.832203 
2016-05-23 11:11:45.832225 : ## process/init/relation/spouses_dbpedia #####################################
2016-05-23 11:11:45.832244 : # Done: 2016-05-22T17:27:17-0700 (17h 44m 27s ago)
2016-05-23 11:11:45.832262 : process/init/relation/spouses_dbpedia/run.sh
2016-05-23 11:11:45.832284 : mark_done process/init/relation/spouses_dbpedia
2016-05-23 11:11:45.832305 : ##############################################################################
2016-05-23 11:11:45.832325 
2016-05-23 11:11:45.832345 : ## data/spouses_dbpedia ######################################################
2016-05-23 11:11:45.832362 : # Done: 2016-05-22T17:27:17-0700 (17h 44m 27s ago)
2016-05-23 11:11:45.832382 : # no-op
2016-05-23 11:11:45.832402 : mark_done data/spouses_dbpedia
2016-05-23 11:11:45.832422 : ##############################################################################
2016-05-23 11:11:45.832442 
2016-05-23 11:11:45.832464 : ## process/ext_spouse_label ##################################################
2016-05-23 11:11:45.832481 : # Done: 2016-05-22T17:27:36-0700 (17h 44m 8s ago)
2016-05-23 11:11:45.832535 : process/ext_spouse_label/run.sh
2016-05-23 11:11:45.832564 : mark_done process/ext_spouse_label
2016-05-23 11:11:45.832590 : ##############################################################################
2016-05-23 11:11:45.832614 
2016-05-23 11:11:45.832637 : ## data/spouse_label #########################################################
2016-05-23 11:11:45.832659 : # Done: 2016-05-22T17:27:36-0700 (17h 44m 8s ago)
2016-05-23 11:11:45.832680 : # no-op
2016-05-23 11:11:45.832704 : mark_done data/spouse_label
2016-05-23 11:11:45.832726 : ##############################################################################
2016-05-23 11:11:45.832749 
2016-05-23 11:11:45.832773 : ## process/ext_spouse_label_resolved #########################################
2016-05-23 11:11:45.832793 : # Done: 2016-05-22T17:27:36-0700 (17h 44m 8s ago)
2016-05-23 11:11:45.832815 : process/ext_spouse_label_resolved/run.sh
2016-05-23 11:11:45.832835 : mark_done process/ext_spouse_label_resolved
2016-05-23 11:11:45.832855 : ##############################################################################
2016-05-23 11:11:45.832873 
2016-05-23 11:11:45.832893 : ## data/spouse_label_resolved ################################################
2016-05-23 11:11:45.832914 : # Done: 2016-05-22T17:27:36-0700 (17h 44m 8s ago)
2016-05-23 11:11:45.832933 : # no-op
2016-05-23 11:11:45.832954 : mark_done data/spouse_label_resolved
2016-05-23 11:11:45.832974 : ##############################################################################
2016-05-23 11:11:45.833002 
2016-05-23 11:11:45.833023 ## process/ext_has_spouse ####################################################
2016-05-23 11:11:45.833044 : # Done: 2016-05-22T17:27:36-0700 (17h 44m 8s ago)
2016-05-23 11:11:45.833064 # Done: 2016-05-22T17:27:36-0700 (17h 44m 7s ago)
2016-05-23 11:11:45.833084 process/ext_has_spouse/run.sh
2016-05-23 11:11:45.833104 ++ dirname process/ext_has_spouse/run.sh
2016-05-23 11:11:45.833125 + cd process/ext_has_spouse
2016-05-23 11:11:45.833146 + export DEEPDIVE_CURRENT_PROCESS_NAME=process/ext_has_spouse
2016-05-23 11:11:45.833165 + DEEPDIVE_CURRENT_PROCESS_NAME=process/ext_has_spouse
2016-05-23 11:11:45.833186 + deepdive create table has_spouse
2016-05-23 11:11:46.303008 NOTICE:  drop cascades to view has_spouse_label_inference
2016-05-23 11:11:46.414607 CREATE TABLE
2016-05-23 11:11:46.415568 + deepdive sql 'INSERT INTO has_spouse SELECT DISTINCT R0.column_0, R0.column_1, 0 AS id, 
2016-05-23 11:11:46.415632 CASE WHEN R0.column_2 > 0 THEN true
2016-05-23 11:11:46.415654      WHEN R0.column_2 < 0 THEN false
2016-05-23 11:11:46.415672      ELSE NULL
2016-05-23 11:11:46.415690 END AS label
2016-05-23 11:11:46.415710           FROM spouse_label_resolved R0
2016-05-23 11:11:46.415842         
2016-05-23 11:11:46.415870           '
2016-05-23 11:11:46.503883 INSERT 0 103
2016-05-23 11:11:46.505373 mark_done process/ext_has_spouse
2016-05-23 11:11:46.523573 ##############################################################################
2016-05-23 11:11:46.523628 
2016-05-23 11:11:46.523642 ## data/has_spouse ###########################################################
2016-05-23 11:11:46.523662 : # Done: 2016-05-22T17:27:36-0700 (17h 44m 8s ago)
2016-05-23 11:11:46.523683 # Done: 2016-05-22T17:27:36-0700 (17h 44m 7s ago)
2016-05-23 11:11:46.523731 # no-op
2016-05-23 11:11:46.523765 mark_done data/has_spouse
2016-05-23 11:11:46.542828 ##############################################################################
2016-05-23 11:11:46.542941 
