2016-06-02 22:46:10.378089 # on dhcp-169-233-187-63.cruznet.ucsc.edu: deepdive do spouses_dbpedia_negative
2016-06-02 22:46:10.378462 # run/20160602/224607.663194000/plan.sh
2016-06-02 22:46:10.378488 # execution plan for data/spouses_dbpedia_negative
2016-06-02 22:46:10.378501 
2016-06-02 22:46:10.378512 : ## process/init/app ##########################################################
2016-06-02 22:46:10.378523 : # Done: 2016-05-22T17:21:25-0700 (11d 5h 24m 42s ago)
2016-06-02 22:46:10.378534 : process/init/app/run.sh
2016-06-02 22:46:10.378545 : mark_done process/init/app
2016-06-02 22:46:10.378556 : ##############################################################################
2016-06-02 22:46:10.378566 
2016-06-02 22:46:10.378577 : ## process/init/relation/spouses_dbpedia_negative ############################
2016-06-02 22:46:10.378587 : # Done: 2016-05-25T12:13:43-0700 (8d 10h 32m 24s ago)
2016-06-02 22:46:10.378598 : process/init/relation/spouses_dbpedia_negative/run.sh
2016-06-02 22:46:10.378608 : mark_done process/init/relation/spouses_dbpedia_negative
2016-06-02 22:46:10.378619 : ##############################################################################
2016-06-02 22:46:10.378629 
2016-06-02 22:46:10.378640 ## data/spouses_dbpedia_negative #############################################
2016-06-02 22:46:10.378650 # Done: 2016-06-02T22:27:46-0700 (18m 21s ago)
2016-06-02 22:46:10.378660 # no-op
2016-06-02 22:46:10.378671 mark_done data/spouses_dbpedia_negative
2016-06-02 22:46:10.378681 ##############################################################################
2016-06-02 22:46:10.378691 
