2016-05-23 15:07:38.063240 # on dhcp-169-233-164-19.cruznet.ucsc.edu: deepdive do spouse_candidate
2016-05-23 15:07:38.063602 # run/20160523/150736.391630000/plan.sh
2016-05-23 15:07:38.063644 # execution plan for data/spouse_candidate
2016-05-23 15:07:38.063672 
2016-05-23 15:07:38.063695 : ## process/init/app ##########################################################
2016-05-23 15:07:38.063719 : # Done: 2016-05-22T17:21:25-0700 (21h 46m 11s ago)
2016-05-23 15:07:38.063738 : process/init/app/run.sh
2016-05-23 15:07:38.063757 : mark_done process/init/app
2016-05-23 15:07:38.063774 : ##############################################################################
2016-05-23 15:07:38.063793 
2016-05-23 15:07:38.063814 : ## process/init/relation/articles ############################################
2016-05-23 15:07:38.063834 : # Done: 2016-05-23T12:16:43-0700 (2h 50m 53s ago)
2016-05-23 15:07:38.063852 : process/init/relation/articles/run.sh
2016-05-23 15:07:38.063869 : mark_done process/init/relation/articles
2016-05-23 15:07:38.063886 : ##############################################################################
2016-05-23 15:07:38.063903 
2016-05-23 15:07:38.063922 : ## data/articles #############################################################
2016-05-23 15:07:38.063939 : # Done: 2016-05-23T12:16:43-0700 (2h 50m 53s ago)
2016-05-23 15:07:38.063956 : # no-op
2016-05-23 15:07:38.063974 : mark_done data/articles
2016-05-23 15:07:38.063990 : ##############################################################################
2016-05-23 15:07:38.064007 
2016-05-23 15:07:38.064023 : ## process/ext_sentences_by_nlp_markup #######################################
2016-05-23 15:07:38.064043 : # Done: 2016-05-23T15:05:01-0700 (2m 35s ago)
2016-05-23 15:07:38.064063 : process/ext_sentences_by_nlp_markup/run.sh
2016-05-23 15:07:38.064082 : mark_done process/ext_sentences_by_nlp_markup
2016-05-23 15:07:38.064101 : ##############################################################################
2016-05-23 15:07:38.064147 
2016-05-23 15:07:38.064191 : ## data/sentences ############################################################
2016-05-23 15:07:38.064216 : # Done: 2016-05-23T15:05:01-0700 (2m 35s ago)
2016-05-23 15:07:38.064241 : # no-op
2016-05-23 15:07:38.064262 : mark_done data/sentences
2016-05-23 15:07:38.064282 : ##############################################################################
2016-05-23 15:07:38.064301 
2016-05-23 15:07:38.064321 : ## process/ext_person_mention_by_map_person_mention ##########################
2016-05-23 15:07:38.064342 : # Done: 2016-05-23T15:05:52-0700 (1m 44s ago)
2016-05-23 15:07:38.064364 : process/ext_person_mention_by_map_person_mention/run.sh
2016-05-23 15:07:38.064383 : mark_done process/ext_person_mention_by_map_person_mention
2016-05-23 15:07:38.064401 : ##############################################################################
2016-05-23 15:07:38.064421 
2016-05-23 15:07:38.064438 : ## data/person_mention #######################################################
2016-05-23 15:07:38.064456 : # Done: 2016-05-23T15:05:52-0700 (1m 44s ago)
2016-05-23 15:07:38.064478 : # no-op
2016-05-23 15:07:38.064497 : mark_done data/person_mention
2016-05-23 15:07:38.064517 : ##############################################################################
2016-05-23 15:07:38.064540 
2016-05-23 15:07:38.064559 : ## process/ext_num_people ####################################################
2016-05-23 15:07:38.064578 : # Done: 2016-05-23T15:06:46-0700 (50s ago)
2016-05-23 15:07:38.064598 : process/ext_num_people/run.sh
2016-05-23 15:07:38.064616 : mark_done process/ext_num_people
2016-05-23 15:07:38.064635 : ##############################################################################
2016-05-23 15:07:38.064671 
2016-05-23 15:07:38.064694 : ## data/num_people ###########################################################
2016-05-23 15:07:38.064712 : # Done: 2016-05-23T15:06:46-0700 (50s ago)
2016-05-23 15:07:38.064731 : # no-op
2016-05-23 15:07:38.064752 : mark_done data/num_people
2016-05-23 15:07:38.064772 : ##############################################################################
2016-05-23 15:07:38.064796 
2016-05-23 15:07:38.064815 : ## process/ext_team_mention_by_map_team_mention ##############################
2016-05-23 15:07:38.064835 : # Done: 2016-05-23T15:06:19-0700 (1m 17s ago)
2016-05-23 15:07:38.064887 : process/ext_team_mention_by_map_team_mention/run.sh
2016-05-23 15:07:38.064919 : mark_done process/ext_team_mention_by_map_team_mention
2016-05-23 15:07:38.064940 : ##############################################################################
2016-05-23 15:07:38.064961 
2016-05-23 15:07:38.064982 : ## data/team_mention #########################################################
2016-05-23 15:07:38.065002 : # Done: 2016-05-23T15:06:19-0700 (1m 17s ago)
2016-05-23 15:07:38.065021 : # no-op
2016-05-23 15:07:38.065042 : mark_done data/team_mention
2016-05-23 15:07:38.065060 : ##############################################################################
2016-05-23 15:07:38.065076 
2016-05-23 15:07:38.065092 ## process/ext_spouse_candidate ##############################################
2016-05-23 15:07:38.065109 # Done: 2016-05-23T15:06:46-0700 (50s ago)
2016-05-23 15:07:38.065126 process/ext_spouse_candidate/run.sh
2016-05-23 15:07:38.065145 ++ dirname process/ext_spouse_candidate/run.sh
2016-05-23 15:07:38.065162 + cd process/ext_spouse_candidate
2016-05-23 15:07:38.065179 + export DEEPDIVE_CURRENT_PROCESS_NAME=process/ext_spouse_candidate
2016-05-23 15:07:38.065196 + DEEPDIVE_CURRENT_PROCESS_NAME=process/ext_spouse_candidate
2016-05-23 15:07:38.065213 + deepdive create table spouse_candidate
2016-05-23 15:07:38.196683 CREATE TABLE
2016-05-23 15:07:38.197764 + deepdive sql 'INSERT INTO spouse_candidate SELECT R1.mention_id AS "person_mention.R1.mention_id", R1.mention_text AS "person_mention.R1.mention_text", R2.team_id AS "team_mention.R2.team_id", R2.team_text AS "team_mention.R2.team_text"
2016-05-23 15:07:38.197923 FROM num_people R0, person_mention R1, team_mention R2
2016-05-23 15:07:38.197990         WHERE R1.doc_id = R0.column_0  AND R1.sentence_index = R0.column_1  AND R2.doc_id = R0.column_0  AND R2.sentence_index = R0.column_1  AND R0.column_2 < 3'
2016-05-23 15:07:38.298058 INSERT 0 3211
2016-05-23 15:07:38.299846 mark_done process/ext_spouse_candidate
2016-05-23 15:07:38.317979 ##############################################################################
2016-05-23 15:07:38.318090 
2016-05-23 15:07:38.318128 ## data/spouse_candidate #####################################################
2016-05-23 15:07:38.318249 # Done: 2016-05-23T15:06:46-0700 (50s ago)
2016-05-23 15:07:38.318308 # no-op
2016-05-23 15:07:38.318335 mark_done data/spouse_candidate
2016-05-23 15:07:38.338180 ##############################################################################
2016-05-23 15:07:38.338331 
