2016-05-20 22:09:51.373294 # on dhcp-169-233-138-157.cruznet.ucsc.edu: deepdive do spouse_feature
2016-05-20 22:09:51.373574 # run/20160520/220949.371718000/plan.sh
2016-05-20 22:09:51.373595 # execution plan for data/spouse_feature
2016-05-20 22:09:51.373615 
2016-05-20 22:09:51.373636 : ## process/init/app ##########################################################
2016-05-20 22:09:51.373657 : # Done: 2016-05-20T15:47:44-0700 (6h 22m 5s ago)
2016-05-20 22:09:51.373677 : process/init/app/run.sh
2016-05-20 22:09:51.373696 : mark_done process/init/app
2016-05-20 22:09:51.373716 : ##############################################################################
2016-05-20 22:09:51.373741 
2016-05-20 22:09:51.373763 : ## process/init/relation/articles ############################################
2016-05-20 22:09:51.373782 : # Done: 2016-05-20T19:16:48-0700 (2h 53m 1s ago)
2016-05-20 22:09:51.373801 : process/init/relation/articles/run.sh
2016-05-20 22:09:51.373819 : mark_done process/init/relation/articles
2016-05-20 22:09:51.373838 : ##############################################################################
2016-05-20 22:09:51.373858 
2016-05-20 22:09:51.373878 : ## data/articles #############################################################
2016-05-20 22:09:51.373896 : # Done: 2016-05-20T19:16:48-0700 (2h 53m 1s ago)
2016-05-20 22:09:51.373916 : # no-op
2016-05-20 22:09:51.373936 : mark_done data/articles
2016-05-20 22:09:51.373956 : ##############################################################################
2016-05-20 22:09:51.373974 
2016-05-20 22:09:51.373995 : ## process/ext_sentences_by_nlp_markup #######################################
2016-05-20 22:09:51.374015 : # Done: 2016-05-20T19:20:04-0700 (2h 49m 45s ago)
2016-05-20 22:09:51.374035 : process/ext_sentences_by_nlp_markup/run.sh
2016-05-20 22:09:51.374056 : mark_done process/ext_sentences_by_nlp_markup
2016-05-20 22:09:51.374075 : ##############################################################################
2016-05-20 22:09:51.374093 
2016-05-20 22:09:51.374117 : ## data/sentences ############################################################
2016-05-20 22:09:51.374137 : # Done: 2016-05-20T19:20:04-0700 (2h 49m 45s ago)
2016-05-20 22:09:51.374158 : # no-op
2016-05-20 22:09:51.374180 : mark_done data/sentences
2016-05-20 22:09:51.374198 : ##############################################################################
2016-05-20 22:09:51.374220 
2016-05-20 22:09:51.374241 : ## process/ext_person_mention_by_map_person_mention ##########################
2016-05-20 22:09:51.374261 : # Done: 2016-05-20T20:58:22-0700 (1h 11m 27s ago)
2016-05-20 22:09:51.374281 : process/ext_person_mention_by_map_person_mention/run.sh
2016-05-20 22:09:51.374301 : mark_done process/ext_person_mention_by_map_person_mention
2016-05-20 22:09:51.374322 : ##############################################################################
2016-05-20 22:09:51.374342 
2016-05-20 22:09:51.374363 : ## data/person_mention #######################################################
2016-05-20 22:09:51.374385 : # Done: 2016-05-20T20:58:22-0700 (1h 11m 27s ago)
2016-05-20 22:09:51.374403 : # no-op
2016-05-20 22:09:51.374426 : mark_done data/person_mention
2016-05-20 22:09:51.374446 : ##############################################################################
2016-05-20 22:09:51.374466 
2016-05-20 22:09:51.374490 ## process/ext_spouse_feature_by_extract_spouse_features #####################
2016-05-20 22:09:51.374510 # Done: 2016-05-20T15:47:44-0700 (6h 22m 5s ago)
2016-05-20 22:09:51.374529 process/ext_spouse_feature_by_extract_spouse_features/run.sh
2016-05-20 22:09:51.374548 ++ dirname process/ext_spouse_feature_by_extract_spouse_features/run.sh
2016-05-20 22:09:51.374587 + cd process/ext_spouse_feature_by_extract_spouse_features
2016-05-20 22:09:51.374620 + export DEEPDIVE_CURRENT_PROCESS_NAME=process/ext_spouse_feature_by_extract_spouse_features
2016-05-20 22:09:51.374641 + DEEPDIVE_CURRENT_PROCESS_NAME=process/ext_spouse_feature_by_extract_spouse_features
2016-05-20 22:09:51.374662 + export DEEPDIVE_LOAD_FORMAT=tsv
2016-05-20 22:09:51.374681 + DEEPDIVE_LOAD_FORMAT=tsv
2016-05-20 22:09:51.374702 + deepdive compute execute 'input_sql= SELECT R0.mention_id AS "person_mention.R0.mention_id", R1.mention_id AS "person_mention.R1.mention_id", R0.begin_index AS "person_mention.R0.begin_index", R0.end_index AS "person_mention.R0.end_index", R1.begin_index AS "person_mention.R1.begin_index", R1.end_index AS "person_mention.R1.end_index", R0.doc_id AS "person_mention.R0.doc_id", R0.sentence_index AS "person_mention.R0.sentence_index", R2.tokens AS "sentences.R2.tokens", R2.lemmas AS "sentences.R2.lemmas", R2.pos_tags AS "sentences.R2.pos_tags", R2.ner_tags AS "sentences.R2.ner_tags", R2.dep_types AS "sentences.R2.dep_types", R2.dep_tokens AS "sentences.R2.dep_tokens"
2016-05-20 22:09:51.374727 FROM person_mention R0, person_mention R1, sentences R2
2016-05-20 22:09:51.374756         WHERE R1.doc_id = R0.doc_id  AND R1.sentence_index = R0.sentence_index  AND R2.doc_id = R0.doc_id  AND R2.sentence_index = R0.sentence_index 
2016-05-20 22:09:51.374775           ' 'command="$DEEPDIVE_APP"/udf/extract_spouse_features.py' output_relation=spouse_feature
2016-05-20 22:09:51.423557 Executing with the following configuration:
2016-05-20 22:09:51.423632  DEEPDIVE_NUM_PROCESSES=3
2016-05-20 22:09:51.423665  DEEPDIVE_NUM_PARALLEL_UNLOADS=1
2016-05-20 22:09:51.423690  DEEPDIVE_NUM_PARALLEL_LOADS=1
2016-05-20 22:09:51.423899  output_relation_tmp=dd_tmp_spouse_feature
2016-05-20 22:09:51.424107 
2016-05-20 22:09:51.613538 CREATE TABLE
2016-05-20 22:09:51.711646 CREATE TABLE
2016-05-20 22:09:51.872133 unloading to feed_processes-1: ' SELECT R0.mention_id AS "person_mention.R0.mention_id", R1.mention_id AS "person_mention.R1.mention_id", R0.begin_index AS "person_mention.R0.begin_index", R0.end_index AS "person_mention.R0.end_index", R1.begin_index AS "person_mention.R1.begin_index", R1.end_index AS "person_mention.R1.end_index", R0.doc_id AS "person_mention.R0.doc_id", R0.sentence_index AS "person_mention.R0.sentence_index", R2.tokens AS "sentences.R2.tokens", R2.lemmas AS "sentences.R2.lemmas", R2.pos_tags AS "sentences.R2.pos_tags", R2.ner_tags AS "sentences.R2.ner_tags", R2.dep_types AS "sentences.R2.dep_types", R2.dep_tokens AS "sentences.R2.dep_tokens"
2016-05-20 22:09:51.872197 FROM person_mention R0, person_mention R1, sentences R2
2016-05-20 22:09:51.872225         WHERE R1.doc_id = R0.doc_id  AND R1.sentence_index = R0.sentence_index  AND R2.doc_id = R0.doc_id  AND R2.sentence_index = R0.sentence_index 
2016-05-20 22:09:51.872252           '
2016-05-20 22:09:51.928513 Loading dd_tmp_spouse_feature from output_computed-1 (tsv format)
2016-05-20 22:09:52.300623 COPY 14349
2016-05-20 22:09:52.306360 Replacing spouse_feature with dd_tmp_spouse_feature
2016-05-20 22:09:52.379641 DROP TABLE
2016-05-20 22:09:52.457028 ALTER TABLE
2016-05-20 22:09:52.533349 ALTER TABLE
2016-05-20 22:09:52.611533 DROP TABLE
2016-05-20 22:09:52.682838 ANALYZE
2016-05-20 22:09:52.688589 mark_done process/ext_spouse_feature_by_extract_spouse_features
2016-05-20 22:09:52.704331 ##############################################################################
2016-05-20 22:09:52.704406 
2016-05-20 22:09:52.704429 ## data/spouse_feature #######################################################
2016-05-20 22:09:52.704457 # Done: 2016-05-20T15:47:43-0700 (6h 22m 6s ago)
2016-05-20 22:09:52.704494 # no-op
2016-05-20 22:09:52.704528 mark_done data/spouse_feature
2016-05-20 22:09:52.724484 ##############################################################################
2016-05-20 22:09:52.724555 
