2016-05-30 23:29:55.771015 # on dhcp-169-233-170-85.cruznet.ucsc.edu: deepdive do process/model/inference data/model/probabilities
2016-05-30 23:29:55.771338 # run/20160530/232951.382813000/plan.sh
2016-05-30 23:29:55.771375 # execution plan for process/model/inference data/model/probabilities
2016-05-30 23:29:55.771399 
2016-05-30 23:29:55.771420 : ## process/init/app ##########################################################
2016-05-30 23:29:55.771440 : # Done: 2016-05-22T17:21:25-0700 (8d 6h 8m 26s ago)
2016-05-30 23:29:55.771460 : process/init/app/run.sh
2016-05-30 23:29:55.771478 : mark_done process/init/app
2016-05-30 23:29:55.771499 : ##############################################################################
2016-05-30 23:29:55.771517 
2016-05-30 23:29:55.771536 : ## process/init/relation/articles ############################################
2016-05-30 23:29:55.771554 : # Done: 2016-05-23T12:16:43-0700 (7d 11h 13m 8s ago)
2016-05-30 23:29:55.771573 : process/init/relation/articles/run.sh
2016-05-30 23:29:55.771592 : mark_done process/init/relation/articles
2016-05-30 23:29:55.771612 : ##############################################################################
2016-05-30 23:29:55.771632 
2016-05-30 23:29:55.771652 : ## data/articles #############################################################
2016-05-30 23:29:55.771673 : # Done: 2016-05-23T12:16:43-0700 (7d 11h 13m 8s ago)
2016-05-30 23:29:55.771695 : # no-op
2016-05-30 23:29:55.771717 : mark_done data/articles
2016-05-30 23:29:55.771740 : ##############################################################################
2016-05-30 23:29:55.771761 
2016-05-30 23:29:55.771782 : ## process/ext_sentences_by_nlp_markup #######################################
2016-05-30 23:29:55.771803 : # Done: 2016-05-23T15:05:01-0700 (7d 8h 24m 50s ago)
2016-05-30 23:29:55.771822 : process/ext_sentences_by_nlp_markup/run.sh
2016-05-30 23:29:55.771865 : mark_done process/ext_sentences_by_nlp_markup
2016-05-30 23:29:55.771887 : ##############################################################################
2016-05-30 23:29:55.771908 
2016-05-30 23:29:55.771930 : ## data/sentences ############################################################
2016-05-30 23:29:55.771952 : # Done: 2016-05-23T15:05:01-0700 (7d 8h 24m 50s ago)
2016-05-30 23:29:55.771973 : # no-op
2016-05-30 23:29:55.771994 : mark_done data/sentences
2016-05-30 23:29:55.772016 : ##############################################################################
2016-05-30 23:29:55.772037 
2016-05-30 23:29:55.772058 : ## process/ext_person_mention_by_map_person_mention ##########################
2016-05-30 23:29:55.772081 : # Done: 2016-05-23T15:05:52-0700 (7d 8h 23m 59s ago)
2016-05-30 23:29:55.772103 : process/ext_person_mention_by_map_person_mention/run.sh
2016-05-30 23:29:55.772128 : mark_done process/ext_person_mention_by_map_person_mention
2016-05-30 23:29:55.772150 : ##############################################################################
2016-05-30 23:29:55.772170 
2016-05-30 23:29:55.772191 : ## data/person_mention #######################################################
2016-05-30 23:29:55.772209 : # Done: 2016-05-23T15:05:52-0700 (7d 8h 23m 59s ago)
2016-05-30 23:29:55.772227 : # no-op
2016-05-30 23:29:55.772249 : mark_done data/person_mention
2016-05-30 23:29:55.772269 : ##############################################################################
2016-05-30 23:29:55.772289 
2016-05-30 23:29:55.772311 : ## process/init/relation/spouses_dbpedia #####################################
2016-05-30 23:29:55.772329 : # Done: 2016-05-23T15:08:28-0700 (7d 8h 21m 23s ago)
2016-05-30 23:29:55.772348 : process/init/relation/spouses_dbpedia/run.sh
2016-05-30 23:29:55.772369 : mark_done process/init/relation/spouses_dbpedia
2016-05-30 23:29:55.772390 : ##############################################################################
2016-05-30 23:29:55.772409 
2016-05-30 23:29:55.772429 : ## data/spouses_dbpedia ######################################################
2016-05-30 23:29:55.772447 : # Done: 2016-05-23T15:08:28-0700 (7d 8h 21m 23s ago)
2016-05-30 23:29:55.772468 : # no-op
2016-05-30 23:29:55.772487 : mark_done data/spouses_dbpedia
2016-05-30 23:29:55.772507 : ##############################################################################
2016-05-30 23:29:55.772529 
2016-05-30 23:29:55.772548 : ## process/ext_team_mention_by_map_team_mention ##############################
2016-05-30 23:29:55.772569 : # Done: 2016-05-23T15:06:19-0700 (7d 8h 23m 32s ago)
2016-05-30 23:29:55.772590 : process/ext_team_mention_by_map_team_mention/run.sh
2016-05-30 23:29:55.772610 : mark_done process/ext_team_mention_by_map_team_mention
2016-05-30 23:29:55.772630 : ##############################################################################
2016-05-30 23:29:55.772648 
2016-05-30 23:29:55.772667 : ## data/team_mention #########################################################
2016-05-30 23:29:55.772688 : # Done: 2016-05-23T15:06:19-0700 (7d 8h 23m 32s ago)
2016-05-30 23:29:55.772708 : # no-op
2016-05-30 23:29:55.772728 : mark_done data/team_mention
2016-05-30 23:29:55.772750 : ##############################################################################
2016-05-30 23:29:55.772768 
2016-05-30 23:29:55.772790 : ## process/ext_num_people ####################################################
2016-05-30 23:29:55.772809 : # Done: 2016-05-23T15:06:46-0700 (7d 8h 23m 5s ago)
2016-05-30 23:29:55.772829 : process/ext_num_people/run.sh
2016-05-30 23:29:55.772851 : mark_done process/ext_num_people
2016-05-30 23:29:55.772871 : ##############################################################################
2016-05-30 23:29:55.772891 
2016-05-30 23:29:55.772910 : ## data/num_people ###########################################################
2016-05-30 23:29:55.772928 : # Done: 2016-05-23T15:06:46-0700 (7d 8h 23m 5s ago)
2016-05-30 23:29:55.772947 : # no-op
2016-05-30 23:29:55.772965 : mark_done data/num_people
2016-05-30 23:29:55.772986 : ##############################################################################
2016-05-30 23:29:55.773007 
2016-05-30 23:29:55.773028 : ## process/ext_spouse_candidate ##############################################
2016-05-30 23:29:55.773050 : # Done: 2016-05-23T15:07:38-0700 (7d 8h 22m 13s ago)
2016-05-30 23:29:55.773071 : process/ext_spouse_candidate/run.sh
2016-05-30 23:29:55.773092 : mark_done process/ext_spouse_candidate
2016-05-30 23:29:55.773114 : ##############################################################################
2016-05-30 23:29:55.773134 
2016-05-30 23:29:55.773156 : ## data/spouse_candidate #####################################################
2016-05-30 23:29:55.773177 : # Done: 2016-05-23T15:07:38-0700 (7d 8h 22m 13s ago)
2016-05-30 23:29:55.773200 : # no-op
2016-05-30 23:29:55.773220 : mark_done data/spouse_candidate
2016-05-30 23:29:55.773240 : ##############################################################################
2016-05-30 23:29:55.773261 
2016-05-30 23:29:55.773282 : ## process/ext_spouse_label__0_by_supervise ##################################
2016-05-30 23:29:55.773303 : # Done: 2016-05-23T15:08:48-0700 (7d 8h 21m 3s ago)
2016-05-30 23:29:55.773325 : process/ext_spouse_label__0_by_supervise/run.sh
2016-05-30 23:29:55.773346 : mark_done process/ext_spouse_label__0_by_supervise
2016-05-30 23:29:55.773367 : ##############################################################################
2016-05-30 23:29:55.773387 
2016-05-30 23:29:55.773408 : ## data/spouse_label__0 ######################################################
2016-05-30 23:29:55.773430 : # Done: 2016-05-23T15:08:48-0700 (7d 8h 21m 3s ago)
2016-05-30 23:29:55.773451 : # no-op
2016-05-30 23:29:55.773473 : mark_done data/spouse_label__0
2016-05-30 23:29:55.773493 : ##############################################################################
2016-05-30 23:29:55.773514 
2016-05-30 23:29:55.773535 : ## process/ext_spouse_label ##################################################
2016-05-30 23:29:55.773556 : # Done: 2016-05-23T15:08:50-0700 (7d 8h 21m 1s ago)
2016-05-30 23:29:55.773578 : process/ext_spouse_label/run.sh
2016-05-30 23:29:55.773598 : mark_done process/ext_spouse_label
2016-05-30 23:29:55.773618 : ##############################################################################
2016-05-30 23:29:55.773638 
2016-05-30 23:29:55.773657 : ## data/spouse_label #########################################################
2016-05-30 23:29:55.773677 : # Done: 2016-05-23T15:08:50-0700 (7d 8h 21m 1s ago)
2016-05-30 23:29:55.773698 : # no-op
2016-05-30 23:29:55.773719 : mark_done data/spouse_label
2016-05-30 23:29:55.773740 : ##############################################################################
2016-05-30 23:29:55.773760 
2016-05-30 23:29:55.773782 : ## process/ext_spouse_label_resolved #########################################
2016-05-30 23:29:55.773802 : # Done: 2016-05-23T15:08:50-0700 (7d 8h 21m 2s ago)
2016-05-30 23:29:55.773824 : process/ext_spouse_label_resolved/run.sh
2016-05-30 23:29:55.773843 : mark_done process/ext_spouse_label_resolved
2016-05-30 23:29:55.773864 : ##############################################################################
2016-05-30 23:29:55.773885 
2016-05-30 23:29:55.773904 : ## data/spouse_label_resolved ################################################
2016-05-30 23:29:55.773924 : # Done: 2016-05-23T15:08:50-0700 (7d 8h 21m 2s ago)
2016-05-30 23:29:55.773944 : # no-op
2016-05-30 23:29:55.773966 : mark_done data/spouse_label_resolved
2016-05-30 23:29:55.773986 : ##############################################################################
2016-05-30 23:29:55.774007 
2016-05-30 23:29:55.774028 : ## process/init/relation/spouses_dbpedia_negative ############################
2016-05-30 23:29:55.774048 : # Done: 2016-05-25T12:13:43-0700 (5d 11h 16m 9s ago)
2016-05-30 23:29:55.774069 : process/init/relation/spouses_dbpedia_negative/run.sh
2016-05-30 23:29:55.774090 : mark_done process/init/relation/spouses_dbpedia_negative
2016-05-30 23:29:55.774111 : ##############################################################################
2016-05-30 23:29:55.774130 
2016-05-30 23:29:55.774150 : ## data/spouses_dbpedia_negative #############################################
2016-05-30 23:29:55.774170 : # Done: 2016-05-25T12:13:43-0700 (5d 11h 16m 9s ago)
2016-05-30 23:29:55.774191 : # no-op
2016-05-30 23:29:55.774213 : mark_done data/spouses_dbpedia_negative
2016-05-30 23:29:55.774235 : ##############################################################################
2016-05-30 23:29:55.774256 
2016-05-30 23:29:55.774276 : ## process/ext_has_spouse ####################################################
2016-05-30 23:29:55.774296 : # Done: 2016-05-29T12:10:14-0700 (1d 11h 19m 38s ago)
2016-05-30 23:29:55.774315 : process/ext_has_spouse/run.sh
2016-05-30 23:29:55.774335 : mark_done process/ext_has_spouse
2016-05-30 23:29:55.774356 : ##############################################################################
2016-05-30 23:29:55.774376 
2016-05-30 23:29:55.774396 : ## data/has_spouse ###########################################################
2016-05-30 23:29:55.774430 : # Done: 2016-05-29T12:10:14-0700 (1d 11h 19m 38s ago)
2016-05-30 23:29:55.774453 : # no-op
2016-05-30 23:29:55.774475 : mark_done data/has_spouse
2016-05-30 23:29:55.774496 : ##############################################################################
2016-05-30 23:29:55.774517 
2016-05-30 23:29:55.774540 : ## process/grounding/variable_id_partition ###################################
2016-05-30 23:29:55.774561 : # Done: 2016-05-30T23:28:10-0700 (1m 42s ago)
2016-05-30 23:29:55.774579 : process/grounding/variable_id_partition/run.sh
2016-05-30 23:29:55.774599 : mark_done process/grounding/variable_id_partition
2016-05-30 23:29:55.774621 : ##############################################################################
2016-05-30 23:29:55.774641 
2016-05-30 23:29:55.774661 : ## process/grounding/variable/has_spouse/assign_id ###########################
2016-05-30 23:29:55.774683 : # Done: 2016-05-30T23:28:10-0700 (1m 42s ago)
2016-05-30 23:29:55.774704 : process/grounding/variable/has_spouse/assign_id/run.sh
2016-05-30 23:29:55.774725 : mark_done process/grounding/variable/has_spouse/assign_id
2016-05-30 23:29:55.774745 : ##############################################################################
2016-05-30 23:29:55.774765 
2016-05-30 23:29:55.774786 : ## process/grounding/factor/inf1_istrue_has_spouse/materialize ###############
2016-05-30 23:29:55.774807 : # Done: 2016-05-30T23:28:10-0700 (1m 42s ago)
2016-05-30 23:29:55.774827 : process/grounding/factor/inf1_istrue_has_spouse/materialize/run.sh
2016-05-30 23:29:55.774855 : mark_done process/grounding/factor/inf1_istrue_has_spouse/materialize
2016-05-30 23:29:55.774879 : ##############################################################################
2016-05-30 23:29:55.774902 
2016-05-30 23:29:55.774924 : ## process/grounding/factor/inf_imply_has_spouse_has_spouse/materialize ######
2016-05-30 23:29:55.774945 : # Done: 2016-05-30T23:28:11-0700 (1m 41s ago)
2016-05-30 23:29:55.774967 : process/grounding/factor/inf_imply_has_spouse_has_spouse/materialize/run.sh
2016-05-30 23:29:55.774990 : mark_done process/grounding/factor/inf_imply_has_spouse_has_spouse/materialize
2016-05-30 23:29:55.775011 : ##############################################################################
2016-05-30 23:29:55.775031 
2016-05-30 23:29:55.775060 : ## process/ext_spouse_feature_by_extract_spouse_features #####################
2016-05-30 23:29:55.775089 : # Done: 2016-05-23T15:08:09-0700 (7d 8h 21m 43s ago)
2016-05-30 23:29:55.775111 : process/ext_spouse_feature_by_extract_spouse_features/run.sh
2016-05-30 23:29:55.775134 : mark_done process/ext_spouse_feature_by_extract_spouse_features
2016-05-30 23:29:55.775187 : ##############################################################################
2016-05-30 23:29:55.775220 
2016-05-30 23:29:55.775243 : ## data/spouse_feature #######################################################
2016-05-30 23:29:55.775266 : # Done: 2016-05-23T15:08:09-0700 (7d 8h 21m 43s ago)
2016-05-30 23:29:55.775289 : # no-op
2016-05-30 23:29:55.775309 : mark_done data/spouse_feature
2016-05-30 23:29:55.775330 : ##############################################################################
2016-05-30 23:29:55.775352 
2016-05-30 23:29:55.775375 : ## process/grounding/factor/inf_istrue_has_spouse/materialize ################
2016-05-30 23:29:55.775395 : # Done: 2016-05-30T23:28:12-0700 (1m 40s ago)
2016-05-30 23:29:55.775414 : process/grounding/factor/inf_istrue_has_spouse/materialize/run.sh
2016-05-30 23:29:55.775434 : mark_done process/grounding/factor/inf_istrue_has_spouse/materialize
2016-05-30 23:29:55.775453 : ##############################################################################
2016-05-30 23:29:55.775474 
2016-05-30 23:29:55.775495 : ## process/grounding/weight_id_partition #####################################
2016-05-30 23:29:55.775517 : # Done: 2016-05-30T23:28:12-0700 (1m 40s ago)
2016-05-30 23:29:55.775538 : process/grounding/weight_id_partition/run.sh
2016-05-30 23:29:55.775562 : mark_done process/grounding/weight_id_partition
2016-05-30 23:29:55.775585 : ##############################################################################
2016-05-30 23:29:55.775610 
2016-05-30 23:29:55.775633 : ## process/grounding/factor/inf1_istrue_has_spouse/assign_weight_id ##########
2016-05-30 23:29:55.775655 : # Done: 2016-05-30T23:28:12-0700 (1m 40s ago)
2016-05-30 23:29:55.775678 : process/grounding/factor/inf1_istrue_has_spouse/assign_weight_id/run.sh
2016-05-30 23:29:55.775701 : mark_done process/grounding/factor/inf1_istrue_has_spouse/assign_weight_id
2016-05-30 23:29:55.775725 : ##############################################################################
2016-05-30 23:29:55.775748 
2016-05-30 23:29:55.775793 : ## process/grounding/factor/inf1_istrue_has_spouse/dump ######################
2016-05-30 23:29:55.775820 : # Done: 2016-05-30T23:28:14-0700 (1m 38s ago)
2016-05-30 23:29:55.775842 : process/grounding/factor/inf1_istrue_has_spouse/dump/run.sh
2016-05-30 23:29:55.775865 : mark_done process/grounding/factor/inf1_istrue_has_spouse/dump
2016-05-30 23:29:55.775886 : ##############################################################################
2016-05-30 23:29:55.775906 
2016-05-30 23:29:55.775929 : ## process/grounding/factor/inf1_istrue_has_spouse/dump_weights ##############
2016-05-30 23:29:55.775952 : # Done: 2016-05-30T23:28:14-0700 (1m 38s ago)
2016-05-30 23:29:55.775974 : process/grounding/factor/inf1_istrue_has_spouse/dump_weights/run.sh
2016-05-30 23:29:55.776005 : mark_done process/grounding/factor/inf1_istrue_has_spouse/dump_weights
2016-05-30 23:29:55.776036 : ##############################################################################
2016-05-30 23:29:55.776059 
2016-05-30 23:29:55.776083 : ## process/grounding/factor/inf_imply_has_spouse_has_spouse/assign_weight_id #
2016-05-30 23:29:55.776107 : # Done: 2016-05-30T23:28:14-0700 (1m 38s ago)
2016-05-30 23:29:55.776128 : process/grounding/factor/inf_imply_has_spouse_has_spouse/assign_weight_id/run.sh
2016-05-30 23:29:55.776150 : mark_done process/grounding/factor/inf_imply_has_spouse_has_spouse/assign_weight_id
2016-05-30 23:29:55.776173 : ##############################################################################
2016-05-30 23:29:55.776196 
2016-05-30 23:29:55.776218 : ## process/grounding/factor/inf_imply_has_spouse_has_spouse/dump #############
2016-05-30 23:29:55.776240 : # Done: 2016-05-30T23:28:15-0700 (1m 37s ago)
2016-05-30 23:29:55.776263 : process/grounding/factor/inf_imply_has_spouse_has_spouse/dump/run.sh
2016-05-30 23:29:55.776285 : mark_done process/grounding/factor/inf_imply_has_spouse_has_spouse/dump
2016-05-30 23:29:55.776306 : ##############################################################################
2016-05-30 23:29:55.776327 
2016-05-30 23:29:55.776355 : ## process/grounding/factor/inf_imply_has_spouse_has_spouse/dump_weights #####
2016-05-30 23:29:55.776380 : # Done: 2016-05-30T23:28:15-0700 (1m 37s ago)
2016-05-30 23:29:55.776403 : process/grounding/factor/inf_imply_has_spouse_has_spouse/dump_weights/run.sh
2016-05-30 23:29:55.776425 : mark_done process/grounding/factor/inf_imply_has_spouse_has_spouse/dump_weights
2016-05-30 23:29:55.776455 : ##############################################################################
2016-05-30 23:29:55.776502 
2016-05-30 23:29:55.776531 : ## process/grounding/factor/inf_istrue_has_spouse/assign_weight_id ###########
2016-05-30 23:29:55.776554 : # Done: 2016-05-30T23:28:15-0700 (1m 37s ago)
2016-05-30 23:29:55.776575 : process/grounding/factor/inf_istrue_has_spouse/assign_weight_id/run.sh
2016-05-30 23:29:55.776600 : mark_done process/grounding/factor/inf_istrue_has_spouse/assign_weight_id
2016-05-30 23:29:55.776624 : ##############################################################################
2016-05-30 23:29:55.776647 
2016-05-30 23:29:55.776669 : ## process/grounding/factor/inf_istrue_has_spouse/dump #######################
2016-05-30 23:29:55.776692 : # Done: 2016-05-30T23:28:17-0700 (1m 35s ago)
2016-05-30 23:29:55.776715 : process/grounding/factor/inf_istrue_has_spouse/dump/run.sh
2016-05-30 23:29:55.776739 : mark_done process/grounding/factor/inf_istrue_has_spouse/dump
2016-05-30 23:29:55.776760 : ##############################################################################
2016-05-30 23:29:55.776780 
2016-05-30 23:29:55.776801 : ## process/grounding/factor/inf_istrue_has_spouse/dump_weights ###############
2016-05-30 23:29:55.776823 : # Done: 2016-05-30T23:28:17-0700 (1m 35s ago)
2016-05-30 23:29:55.776845 : process/grounding/factor/inf_istrue_has_spouse/dump_weights/run.sh
2016-05-30 23:29:55.776868 : mark_done process/grounding/factor/inf_istrue_has_spouse/dump_weights
2016-05-30 23:29:55.776890 : ##############################################################################
2016-05-30 23:29:55.776910 
2016-05-30 23:29:55.776930 : ## process/grounding/global_weight_table #####################################
2016-05-30 23:29:55.776952 : # Done: 2016-05-30T23:28:17-0700 (1m 35s ago)
2016-05-30 23:29:55.776975 : process/grounding/global_weight_table/run.sh
2016-05-30 23:29:55.776996 : mark_done process/grounding/global_weight_table
2016-05-30 23:29:55.777016 : ##############################################################################
2016-05-30 23:29:55.777037 
2016-05-30 23:29:55.777057 : ## process/grounding/variable_holdout ########################################
2016-05-30 23:29:55.777079 : # Done: 2016-05-30T23:28:18-0700 (1m 34s ago)
2016-05-30 23:29:55.777100 : process/grounding/variable_holdout/run.sh
2016-05-30 23:29:55.777122 : mark_done process/grounding/variable_holdout
2016-05-30 23:29:55.777143 : ##############################################################################
2016-05-30 23:29:55.777164 
2016-05-30 23:29:55.777184 : ## process/grounding/variable/has_spouse/dump ################################
2016-05-30 23:29:55.777208 : # Done: 2016-05-30T23:28:18-0700 (1m 34s ago)
2016-05-30 23:29:55.777232 : process/grounding/variable/has_spouse/dump/run.sh
2016-05-30 23:29:55.777254 : mark_done process/grounding/variable/has_spouse/dump
2016-05-30 23:29:55.777276 : ##############################################################################
2016-05-30 23:29:55.777298 
2016-05-30 23:29:55.777320 : ## process/grounding/combine_factorgraph #####################################
2016-05-30 23:29:55.777342 : # Done: 2016-05-30T23:28:18-0700 (1m 34s ago)
2016-05-30 23:29:55.777363 : process/grounding/combine_factorgraph/run.sh
2016-05-30 23:29:55.777384 : mark_done process/grounding/combine_factorgraph
2016-05-30 23:29:55.777405 : ##############################################################################
2016-05-30 23:29:55.777427 
2016-05-30 23:29:55.777451 : ## model/factorgraph #########################################################
2016-05-30 23:29:55.777473 : # Done: 2016-05-30T23:28:34-0700 (1m 18s ago)
2016-05-30 23:29:55.777496 : mark_done model/factorgraph
2016-05-30 23:29:55.777520 : ##############################################################################
2016-05-30 23:29:55.777542 
2016-05-30 23:29:55.777566 : ## process/model/learning ####################################################
2016-05-30 23:29:55.777589 : # Done: 2016-05-30T23:28:48-0700 (1m 4s ago)
2016-05-30 23:29:55.777611 : process/model/learning/run.sh
2016-05-30 23:29:55.777632 : mark_done process/model/learning
2016-05-30 23:29:55.777652 : ##############################################################################
2016-05-30 23:29:55.777674 
2016-05-30 23:29:55.777696 : ## model/weights #############################################################
2016-05-30 23:29:55.777715 : # Done: 2016-05-30T23:28:48-0700 (1m 4s ago)
2016-05-30 23:29:55.777737 : mark_done model/weights
2016-05-30 23:29:55.777759 : ##############################################################################
2016-05-30 23:29:55.777780 
2016-05-30 23:29:55.777800 ## process/model/inference ###################################################
2016-05-30 23:29:55.777848 : # Done: 2016-05-30T23:29:42-0700 (10s ago)
2016-05-30 23:29:55.777868 # Done: 2016-05-30T23:29:42-0700 (9s ago)
2016-05-30 23:29:55.777889 process/model/inference/run.sh
2016-05-30 23:29:55.777908 ++ dirname process/model/inference/run.sh
2016-05-30 23:29:55.777927 + cd process/model/inference
2016-05-30 23:29:55.777945 + export DEEPDIVE_CURRENT_PROCESS_NAME=process/model/inference
2016-05-30 23:29:55.777966 + DEEPDIVE_CURRENT_PROCESS_NAME=process/model/inference
2016-05-30 23:29:55.777986 + mkdir -p ../../../model
2016-05-30 23:29:55.778006 + cd ../../../model
2016-05-30 23:29:55.778027 + '[' -d factorgraph ']'
2016-05-30 23:29:55.778049 + [[ factorgraph/weights -nt probabilities/inference_result.out.text ]]
2016-05-30 23:29:55.778071 mark_done process/model/inference
2016-05-30 23:29:55.778092 ##############################################################################
2016-05-30 23:29:55.778113 
2016-05-30 23:29:55.778144 ## model/probabilities #######################################################
2016-05-30 23:29:55.778169 : # Done: 2016-05-30T23:29:43-0700 (9s ago)
2016-05-30 23:29:55.778191 # Done: 2016-05-30T23:29:43-0700 (8s ago)
2016-05-30 23:29:55.778211 mark_done model/probabilities
2016-05-30 23:29:55.780290 ##############################################################################
2016-05-30 23:29:55.780347 
2016-05-30 23:29:55.780372 ## process/model/load_probabilities ##########################################
2016-05-30 23:29:55.780395 : # Done: 2016-05-30T23:29:43-0700 (9s ago)
2016-05-30 23:29:55.780416 # Done: 2016-05-30T23:29:43-0700 (8s ago)
2016-05-30 23:29:55.780437 process/model/load_probabilities/run.sh
2016-05-30 23:29:55.786511 ++ dirname process/model/load_probabilities/run.sh
2016-05-30 23:29:55.789731 + cd process/model/load_probabilities
2016-05-30 23:29:55.789799 + export DEEPDIVE_CURRENT_PROCESS_NAME=process/model/load_probabilities
2016-05-30 23:29:55.789834 + DEEPDIVE_CURRENT_PROCESS_NAME=process/model/load_probabilities
2016-05-30 23:29:55.789912 + mkdir -p ../../../model
2016-05-30 23:29:55.794516 + cd ../../../model
2016-05-30 23:29:55.794593 + deepdive create table dd_inference_result_variables id:BIGINT category:BIGINT 'expectation:DOUBLE PRECISION'
2016-05-30 23:29:55.990993 CREATE TABLE
2016-05-30 23:29:55.992635 + cat probabilities/inference_result.out.text
2016-05-30 23:29:55.992758 + tr ' ' '\t'
2016-05-30 23:29:55.993128 + DEEPDIVE_LOAD_FORMAT=tsv
2016-05-30 23:29:55.993208 + deepdive load dd_inference_result_variables /dev/stdin
2016-05-30 23:29:56.093905 Loading dd_inference_result_variables from /dev/stdin (tsv format)
2016-05-30 23:29:56.140691 COPY 3211
2016-05-30 23:29:56.147578 + deepdive create view has_spouse_label_inference as '
2016-05-30 23:29:56.147645                 SELECT has_spouse.*, mir.category, mir.expectation FROM
2016-05-30 23:29:56.147666                 has_spouse, dd_inference_result_variables mir
2016-05-30 23:29:56.147752                 WHERE has_spouse.id = mir.id
2016-05-30 23:29:56.147794                 ORDER BY mir.expectation DESC
2016-05-30 23:29:56.147821                 '
2016-05-30 23:29:56.303055 CREATE VIEW
2016-05-30 23:29:56.304336 mark_done process/model/load_probabilities
2016-05-30 23:29:56.320143 ##############################################################################
2016-05-30 23:29:56.320198 
2016-05-30 23:29:56.320217 ## data/model/probabilities ##################################################
2016-05-30 23:29:56.320238 : # Done: 2016-05-30T23:29:43-0700 (9s ago)
2016-05-30 23:29:56.320260 # Done: 2016-05-30T23:29:43-0700 (8s ago)
2016-05-30 23:29:56.320337 # no-op
2016-05-30 23:29:56.320371 mark_done data/model/probabilities
2016-05-30 23:29:56.336077 ##############################################################################
2016-05-30 23:29:56.336146 
