2016-06-02 23:29:57.789829 ‘run/LATEST.COMPILE/232957.721928000’ -> ‘20160602/232957.721928000’
2016-06-02 23:29:57.790151 ‘run/RUNNING.COMPILE’ -> ‘20160602/232957.721928000’
2016-06-02 23:29:57.790176 Parsing DeepDive application (/Users/emerson/Documents/Github/deepdive/examples/coach_nba) to generate:
2016-06-02 23:29:57.790189  run/compiled/schema.json
2016-06-02 23:29:57.790201   from app.ddlog
2016-06-02 23:29:58.734170  run/compiled/deepdive.conf
2016-06-02 23:29:58.734419   from app.ddlog
2016-06-02 23:29:59.784293   from deepdive.conf
2016-06-02 23:29:59.793363  run/compiled/deepdive.conf.json
2016-06-02 23:30:00.220264 Performing sanity checks on run/compiled/deepdive.conf.json:
2016-06-02 23:30:00.282897  checking if input_extractors_well_defined
2016-06-02 23:30:00.283038  checking if input_schema_wellformed
2016-06-02 23:30:00.283316 Normalizing and adding built-in processes to the data flow to compile:
2016-06-02 23:30:00.283785  run/compiled/config-0.00-init_objects.json
2016-06-02 23:30:00.305657  run/compiled/config-0.01-parse_calibration.json
2016-06-02 23:30:00.332753  run/compiled/config-0.01-parse_schema.json
2016-06-02 23:30:00.371106  run/compiled/config-0.51-add_init_app.json
2016-06-02 23:30:00.398336  run/compiled/config-0.52-input_loader.json
2016-06-02 23:30:00.430873  run/compiled/config-1.00-qualified_names.json
2016-06-02 23:30:00.468341  run/compiled/config-1.01-parse_inference_rules.json
2016-06-02 23:30:00.512572  run/compiled/config-2.01-grounding.json
2016-06-02 23:30:00.625484  run/compiled/config-2.02-learning_inference.json
2016-06-02 23:30:00.663603  run/compiled/config-2.03-calibration_plots.json
2016-06-02 23:30:00.706362  run/compiled/config-9.98-ensure_init_app.json
2016-06-02 23:30:00.745700  run/compiled/config-9.99-dependencies.json
2016-06-02 23:30:00.789312  run/compiled/config.json
2016-06-02 23:30:00.796577 Validating run/compiled/config.json:
2016-06-02 23:30:00.941903  checking if compiled_base_relations_have_input_data
2016-06-02 23:30:00.941979  [WARNING] input/init.sh should load all base relations: articles spouses_dbpedia spouses_dbpedia_negative 
2016-06-02 23:30:00.942008  checking if compiled_dependencies_correct
2016-06-02 23:30:00.942031  checking if compiled_input_output_well_defined
2016-06-02 23:30:00.942052  checking if compiled_output_uniquely_defined
2016-06-02 23:30:00.942451 Compiling executable code into:
2016-06-02 23:30:00.942970  run/compiled/code-Makefile.json
2016-06-02 23:30:00.981253  run/compiled/code-cmd_extractor.json
2016-06-02 23:30:01.024621  run/compiled/code-dataflow_dot.json
2016-06-02 23:30:01.069440  run/compiled/code-sql_extractor.json
2016-06-02 23:30:01.095059  run/compiled/code-tsv_extractor.json
2016-06-02 23:30:01.126255 Generating files:
2016-06-02 23:30:01.170606  run/Makefile
2016-06-02 23:30:01.205009  run/process/init/app/run.sh
2016-06-02 23:30:01.232079  run/process/init/relation/articles/run.sh
2016-06-02 23:30:01.260653  run/process/init/relation/spouses_dbpedia/run.sh
2016-06-02 23:30:01.291462  run/process/init/relation/spouses_dbpedia_negative/run.sh
2016-06-02 23:30:01.316157  run/process/ext_has_spouse/run.sh
2016-06-02 23:30:01.345892  run/process/ext_num_people/run.sh
2016-06-02 23:30:01.369064  run/process/ext_num_team/run.sh
2016-06-02 23:30:01.397349  run/process/ext_spouse_candidate/run.sh
2016-06-02 23:30:01.423811  run/process/ext_spouse_label/run.sh
2016-06-02 23:30:01.453708  run/process/ext_spouse_label_resolved/run.sh
2016-06-02 23:30:01.479424  run/process/grounding/variable_id_partition/run.sh
2016-06-02 23:30:01.519221  run/process/grounding/variable/has_spouse/assign_id/run.sh
2016-06-02 23:30:01.538788  run/process/grounding/variable_holdout/run.sh
2016-06-02 23:30:01.564402  run/process/grounding/variable/has_spouse/dump/run.sh
2016-06-02 23:30:01.596014  run/process/grounding/factor/inf1_istrue_has_spouse/materialize/run.sh
2016-06-02 23:30:01.637373  run/process/grounding/factor/inf_imply_has_spouse_has_spouse/materialize/run.sh
2016-06-02 23:30:01.670103  run/process/grounding/factor/inf_istrue_has_spouse/materialize/run.sh
2016-06-02 23:30:01.705275  run/process/grounding/weight_id_partition/run.sh
2016-06-02 23:30:01.730819  run/process/grounding/global_weight_table/run.sh
2016-06-02 23:30:01.760324  run/process/grounding/factor/inf1_istrue_has_spouse/assign_weight_id/run.sh
2016-06-02 23:30:01.787468  run/process/grounding/factor/inf_imply_has_spouse_has_spouse/assign_weight_id/run.sh
2016-06-02 23:30:01.822094  run/process/grounding/factor/inf_istrue_has_spouse/assign_weight_id/run.sh
2016-06-02 23:30:01.848378  run/process/grounding/factor/inf1_istrue_has_spouse/dump/run.sh
2016-06-02 23:30:01.876332  run/process/grounding/factor/inf_imply_has_spouse_has_spouse/dump/run.sh
2016-06-02 23:30:01.901793  run/process/grounding/factor/inf_istrue_has_spouse/dump/run.sh
2016-06-02 23:30:01.941635  run/process/grounding/factor/inf1_istrue_has_spouse/dump_weights/run.sh
2016-06-02 23:30:01.970159  run/process/grounding/factor/inf_imply_has_spouse_has_spouse/dump_weights/run.sh
2016-06-02 23:30:02.001810  run/process/grounding/factor/inf_istrue_has_spouse/dump_weights/run.sh
2016-06-02 23:30:02.023535  run/process/grounding/combine_factorgraph/run.sh
2016-06-02 23:30:02.051711  run/process/model/learning/run.sh
2016-06-02 23:30:02.091846  run/process/model/inference/run.sh
2016-06-02 23:30:02.112586  run/process/model/load_weights/run.sh
2016-06-02 23:30:02.139663  run/process/model/load_probabilities/run.sh
2016-06-02 23:30:02.170642  run/process/model/calibration/run.sh
2016-06-02 23:30:02.206453  run/dataflow.dot
2016-06-02 23:30:02.232182  run/process/ext_person_mention_by_map_person_mention/run.sh
2016-06-02 23:30:02.264183  run/process/ext_sentences_by_nlp_markup/run.sh
2016-06-02 23:30:02.291748  run/process/ext_spouse_feature_by_extract_spouse_features/run.sh
2016-06-02 23:30:02.319861  run/process/ext_spouse_label__0_by_supervise/run.sh
2016-06-02 23:30:02.348660  run/process/ext_team_mention_by_map_team_mention/run.sh
2016-06-02 23:30:02.418578 Warning: Could not load "/Users/emerson/local/lib/bundled/graphviz/prefix/bin/../lib/graphviz/libgvplugin_pango.6.dylib" - file not found
2016-06-02 23:30:02.432182  run/dataflow.svg
2016-06-02 23:30:02.433144   (file:///Users/emerson/Documents/Github/deepdive/examples/coach_nba/run/dataflow.svg)
2016-06-02 23:30:02.436895 mv: cannot move ‘run/compiled’ to ‘run/compiled~’: Directory not empty
