2016-05-22 17:09:53.843677 # on eduroam-169-233-210-202.ucsc.edu: deepdive do has_spouse
2016-05-22 17:09:53.844021 # run/20160522/170952.153833000/plan.sh
2016-05-22 17:09:53.844047 # execution plan for data/has_spouse
2016-05-22 17:09:53.844060 
2016-05-22 17:09:53.844092 : ## process/init/app ##########################################################
2016-05-22 17:09:53.844115 : # Done: 2016-05-22T16:58:31-0700 (11m 21s ago)
2016-05-22 17:09:53.844135 : process/init/app/run.sh
2016-05-22 17:09:53.844155 : mark_done process/init/app
2016-05-22 17:09:53.844174 : ##############################################################################
2016-05-22 17:09:53.844194 
2016-05-22 17:09:53.844215 : ## process/init/relation/articles ############################################
2016-05-22 17:09:53.844249 : # Done: 2016-05-22T17:01:30-0700 (8m 22s ago)
2016-05-22 17:09:53.844267 : process/init/relation/articles/run.sh
2016-05-22 17:09:53.844288 : mark_done process/init/relation/articles
2016-05-22 17:09:53.844307 : ##############################################################################
2016-05-22 17:09:53.844326 
2016-05-22 17:09:53.844345 : ## data/articles #############################################################
2016-05-22 17:09:53.844363 : # Done: 2016-05-22T17:01:30-0700 (8m 22s ago)
2016-05-22 17:09:53.844386 : # no-op
2016-05-22 17:09:53.844407 : mark_done data/articles
2016-05-22 17:09:53.844427 : ##############################################################################
2016-05-22 17:09:53.844450 
2016-05-22 17:09:53.844473 : ## process/ext_sentences_by_nlp_markup #######################################
2016-05-22 17:09:53.844492 : # Done: 2016-05-22T17:03:30-0700 (6m 22s ago)
2016-05-22 17:09:53.844511 : process/ext_sentences_by_nlp_markup/run.sh
2016-05-22 17:09:53.844530 : mark_done process/ext_sentences_by_nlp_markup
2016-05-22 17:09:53.844551 : ##############################################################################
2016-05-22 17:09:53.844572 
2016-05-22 17:09:53.844592 : ## data/sentences ############################################################
2016-05-22 17:09:53.844610 : # Done: 2016-05-22T17:03:30-0700 (6m 22s ago)
2016-05-22 17:09:53.844632 : # no-op
2016-05-22 17:09:53.844654 : mark_done data/sentences
2016-05-22 17:09:53.844687 : ##############################################################################
2016-05-22 17:09:53.844715 
2016-05-22 17:09:53.844737 : ## process/ext_person_mention_by_map_person_mention ##########################
2016-05-22 17:09:53.844759 : # Done: 2016-05-22T17:06:48-0700 (3m 4s ago)
2016-05-22 17:09:53.844782 : process/ext_person_mention_by_map_person_mention/run.sh
2016-05-22 17:09:53.844803 : mark_done process/ext_person_mention_by_map_person_mention
2016-05-22 17:09:53.844824 : ##############################################################################
2016-05-22 17:09:53.844846 
2016-05-22 17:09:53.844868 : ## data/person_mention #######################################################
2016-05-22 17:09:53.844888 : # Done: 2016-05-22T17:06:48-0700 (3m 4s ago)
2016-05-22 17:09:53.844908 : # no-op
2016-05-22 17:09:53.844928 : mark_done data/person_mention
2016-05-22 17:09:53.844947 : ##############################################################################
2016-05-22 17:09:53.844967 
2016-05-22 17:09:53.844987 : ## process/ext_num_people ####################################################
2016-05-22 17:09:53.845006 : # Done: 2016-05-22T17:07:07-0700 (2m 45s ago)
2016-05-22 17:09:53.845027 : process/ext_num_people/run.sh
2016-05-22 17:09:53.845048 : mark_done process/ext_num_people
2016-05-22 17:09:53.845068 : ##############################################################################
2016-05-22 17:09:53.845089 
2016-05-22 17:09:53.845110 : ## data/num_people ###########################################################
2016-05-22 17:09:53.845131 : # Done: 2016-05-22T17:07:07-0700 (2m 45s ago)
2016-05-22 17:09:53.845152 : # no-op
2016-05-22 17:09:53.845173 : mark_done data/num_people
2016-05-22 17:09:53.845192 : ##############################################################################
2016-05-22 17:09:53.845212 
2016-05-22 17:09:53.845233 : ## process/ext_team_mention_by_map_team_mention ##############################
2016-05-22 17:09:53.845254 : # Done: 2016-05-22T17:05:38-0700 (4m 14s ago)
2016-05-22 17:09:53.845273 : process/ext_team_mention_by_map_team_mention/run.sh
2016-05-22 17:09:53.845295 : mark_done process/ext_team_mention_by_map_team_mention
2016-05-22 17:09:53.845317 : ##############################################################################
2016-05-22 17:09:53.845338 
2016-05-22 17:09:53.845357 : ## data/team_mention #########################################################
2016-05-22 17:09:53.845376 : # Done: 2016-05-22T17:05:38-0700 (4m 14s ago)
2016-05-22 17:09:53.845397 : # no-op
2016-05-22 17:09:53.845417 : mark_done data/team_mention
2016-05-22 17:09:53.845437 : ##############################################################################
2016-05-22 17:09:53.845458 
2016-05-22 17:09:53.845478 : ## process/ext_spouse_candidate ##############################################
2016-05-22 17:09:53.845499 : # Done: 2016-05-22T17:07:07-0700 (2m 45s ago)
2016-05-22 17:09:53.845520 : process/ext_spouse_candidate/run.sh
2016-05-22 17:09:53.845540 : mark_done process/ext_spouse_candidate
2016-05-22 17:09:53.845561 : ##############################################################################
2016-05-22 17:09:53.845580 
2016-05-22 17:09:53.845602 : ## data/spouse_candidate #####################################################
2016-05-22 17:09:53.845623 : # Done: 2016-05-22T17:07:07-0700 (2m 45s ago)
2016-05-22 17:09:53.845643 : # no-op
2016-05-22 17:09:53.845663 : mark_done data/spouse_candidate
2016-05-22 17:09:53.845682 : ##############################################################################
2016-05-22 17:09:53.845701 
2016-05-22 17:09:53.845721 : ## process/ext_spouse_label__0_by_supervise ##################################
2016-05-22 17:09:53.845741 : # Done: 2016-05-22T17:08:48-0700 (1m 4s ago)
2016-05-22 17:09:53.845761 : process/ext_spouse_label__0_by_supervise/run.sh
2016-05-22 17:09:53.845780 : mark_done process/ext_spouse_label__0_by_supervise
2016-05-22 17:09:53.845800 : ##############################################################################
2016-05-22 17:09:53.845819 
2016-05-22 17:09:53.845839 : ## data/spouse_label__0 ######################################################
2016-05-22 17:09:53.845858 : # Done: 2016-05-22T17:08:48-0700 (1m 4s ago)
2016-05-22 17:09:53.845878 : # no-op
2016-05-22 17:09:53.845900 : mark_done data/spouse_label__0
2016-05-22 17:09:53.845920 : ##############################################################################
2016-05-22 17:09:53.845940 
2016-05-22 17:09:53.845960 : ## process/init/relation/spouses_dbpedia #####################################
2016-05-22 17:09:53.845982 : # Done: 2016-05-22T17:08:19-0700 (1m 33s ago)
2016-05-22 17:09:53.846002 : process/init/relation/spouses_dbpedia/run.sh
2016-05-22 17:09:53.846023 : mark_done process/init/relation/spouses_dbpedia
2016-05-22 17:09:53.846043 : ##############################################################################
2016-05-22 17:09:53.846062 
2016-05-22 17:09:53.846080 : ## data/spouses_dbpedia ######################################################
2016-05-22 17:09:53.846098 : # Done: 2016-05-22T17:08:19-0700 (1m 33s ago)
2016-05-22 17:09:53.846117 : # no-op
2016-05-22 17:09:53.846139 : mark_done data/spouses_dbpedia
2016-05-22 17:09:53.846160 : ##############################################################################
2016-05-22 17:09:53.846189 
2016-05-22 17:09:53.846212 : ## process/ext_spouse_label ##################################################
2016-05-22 17:09:53.846231 : # Done: 2016-05-22T17:08:48-0700 (1m 4s ago)
2016-05-22 17:09:53.846250 : process/ext_spouse_label/run.sh
2016-05-22 17:09:53.846269 : mark_done process/ext_spouse_label
2016-05-22 17:09:53.846287 : ##############################################################################
2016-05-22 17:09:53.846306 
2016-05-22 17:09:53.846323 : ## data/spouse_label #########################################################
2016-05-22 17:09:53.846355 : # Done: 2016-05-22T17:08:48-0700 (1m 4s ago)
2016-05-22 17:09:53.846393 : # no-op
2016-05-22 17:09:53.846423 : mark_done data/spouse_label
2016-05-22 17:09:53.846449 : ##############################################################################
2016-05-22 17:09:53.846472 
2016-05-22 17:09:53.846495 : ## process/ext_spouse_label_resolved #########################################
2016-05-22 17:09:53.846517 : # Done: 2016-05-22T17:08:49-0700 (1m 3s ago)
2016-05-22 17:09:53.846553 : process/ext_spouse_label_resolved/run.sh
2016-05-22 17:09:53.846582 : mark_done process/ext_spouse_label_resolved
2016-05-22 17:09:53.846606 : ##############################################################################
2016-05-22 17:09:53.846629 
2016-05-22 17:09:53.846648 : ## data/spouse_label_resolved ################################################
2016-05-22 17:09:53.846668 : # Done: 2016-05-22T17:08:49-0700 (1m 3s ago)
2016-05-22 17:09:53.846690 : # no-op
2016-05-22 17:09:53.846711 : mark_done data/spouse_label_resolved
2016-05-22 17:09:53.846733 : ##############################################################################
2016-05-22 17:09:53.846755 
2016-05-22 17:09:53.846777 ## process/ext_has_spouse ####################################################
2016-05-22 17:09:53.846798 # Done: 2016-05-22T17:08:49-0700 (1m 3s ago)
2016-05-22 17:09:53.846816 process/ext_has_spouse/run.sh
2016-05-22 17:09:53.846859 ++ dirname process/ext_has_spouse/run.sh
2016-05-22 17:09:53.846897 + cd process/ext_has_spouse
2016-05-22 17:09:53.846922 + export DEEPDIVE_CURRENT_PROCESS_NAME=process/ext_has_spouse
2016-05-22 17:09:53.846944 + DEEPDIVE_CURRENT_PROCESS_NAME=process/ext_has_spouse
2016-05-22 17:09:53.846964 + deepdive create table has_spouse
2016-05-22 17:09:53.956232 CREATE TABLE
2016-05-22 17:09:53.957222 + deepdive sql 'INSERT INTO has_spouse SELECT DISTINCT R0.column_0, R0.column_1, 0 AS id, 
2016-05-22 17:09:53.957291 CASE WHEN R0.column_2 > 0 THEN true
2016-05-22 17:09:53.957322      WHEN R0.column_2 < 0 THEN false
2016-05-22 17:09:53.957348      ELSE NULL
2016-05-22 17:09:53.957375 END AS label
2016-05-22 17:09:53.957405           FROM spouse_label_resolved R0
2016-05-22 17:09:53.957430         
2016-05-22 17:09:53.957455           '
2016-05-22 17:09:54.044398 INSERT 0 103
2016-05-22 17:09:54.046173 mark_done process/ext_has_spouse
2016-05-22 17:09:54.063528 ##############################################################################
2016-05-22 17:09:54.063608 
2016-05-22 17:09:54.063628 ## data/has_spouse ###########################################################
2016-05-22 17:09:54.063658 # Done: 2016-05-22T17:08:49-0700 (1m 3s ago)
2016-05-22 17:09:54.063699 # no-op
2016-05-22 17:09:54.063735 mark_done data/has_spouse
2016-05-22 17:09:54.082652 ##############################################################################
2016-05-22 17:09:54.082763 
