2016-05-20 11:10:11.056236 ‘run/LATEST.COMPILE’ -> ‘20160520/111010.966347000’
2016-05-20 11:10:11.056589 ‘run/RUNNING.COMPILE’ -> ‘20160520/111010.966347000’
2016-05-20 11:10:11.056680 Parsing DeepDive application (/Users/emerson/Documents/Github/deepdive/examples/spouse) to generate:
2016-05-20 11:10:11.056785  run/compiled/schema.json
2016-05-20 11:10:11.056833   from app.ddlog
2016-05-20 11:10:11.957157  run/compiled/deepdive.conf
2016-05-20 11:10:11.957382   from app.ddlog
2016-05-20 11:10:13.012820   from deepdive.conf
2016-05-20 11:10:13.024051  run/compiled/deepdive.conf.json
2016-05-20 11:10:13.435237 Performing sanity checks on run/compiled/deepdive.conf.json:
2016-05-20 11:10:13.497970  checking if input_extractors_well_defined
2016-05-20 11:10:13.498083  checking if input_schema_wellformed
2016-05-20 11:10:13.498663 Normalizing and adding built-in processes to the data flow to compile:
2016-05-20 11:10:13.499689  run/compiled/config-0.00-init_objects.json
2016-05-20 11:10:13.520949  run/compiled/config-0.01-parse_calibration.json
2016-05-20 11:10:13.549569  run/compiled/config-0.01-parse_schema.json
2016-05-20 11:10:13.592107  run/compiled/config-0.51-add_init_app.json
2016-05-20 11:10:13.621562  run/compiled/config-0.52-input_loader.json
2016-05-20 11:10:13.656449  run/compiled/config-1.00-qualified_names.json
2016-05-20 11:10:13.684334  run/compiled/config-1.01-parse_inference_rules.json
2016-05-20 11:10:13.726451  run/compiled/config-2.01-grounding.json
2016-05-20 11:10:13.832997  run/compiled/config-2.02-learning_inference.json
2016-05-20 11:10:13.865315  run/compiled/config-2.03-calibration_plots.json
2016-05-20 11:10:13.906331  run/compiled/config-9.98-ensure_init_app.json
2016-05-20 11:10:13.935973  run/compiled/config-9.99-dependencies.json
2016-05-20 11:10:13.975316  run/compiled/config.json
2016-05-20 11:10:13.979325 Validating run/compiled/config.json:
2016-05-20 11:10:14.113147  checking if compiled_base_relations_have_input_data
2016-05-20 11:10:14.113232  [WARNING] input/init.sh should load all base relations: articles spouses_dbpedia 
2016-05-20 11:10:14.113259  checking if compiled_dependencies_correct
2016-05-20 11:10:14.113288  checking if compiled_input_output_well_defined
2016-05-20 11:10:14.113316  checking if compiled_output_uniquely_defined
2016-05-20 11:10:14.113743 Compiling executable code into:
2016-05-20 11:10:14.114330  run/compiled/code-Makefile.json
2016-05-20 11:10:14.142191  run/compiled/code-cmd_extractor.json
2016-05-20 11:10:14.173556  run/compiled/code-dataflow_dot.json
2016-05-20 11:10:14.207896  run/compiled/code-sql_extractor.json
2016-05-20 11:10:14.235551  run/compiled/code-tsv_extractor.json
2016-05-20 11:10:14.278119 Generating files:
2016-05-20 11:10:14.315885  run/Makefile
2016-05-20 11:10:14.345258  run/process/init/app/run.sh
2016-05-20 11:10:14.378528  run/process/init/relation/articles/run.sh
2016-05-20 11:10:14.410149  run/process/init/relation/spouses_dbpedia/run.sh
2016-05-20 11:10:14.442482  run/process/ext_has_spouse/run.sh
2016-05-20 11:10:14.465591  run/process/ext_num_people/run.sh
2016-05-20 11:10:14.491342  run/process/ext_spouse_candidate/run.sh
2016-05-20 11:10:14.518864  run/process/ext_spouse_label/run.sh
2016-05-20 11:10:14.544258  run/process/ext_spouse_label_resolved/run.sh
2016-05-20 11:10:14.584029  run/process/grounding/variable_id_partition/run.sh
2016-05-20 11:10:14.607209  run/process/grounding/variable/has_spouse/assign_id/run.sh
2016-05-20 11:10:14.638921  run/process/grounding/variable_holdout/run.sh
2016-05-20 11:10:14.665626  run/process/grounding/variable/has_spouse/dump/run.sh
2016-05-20 11:10:14.696500  run/process/grounding/factor/inf1_imply_has_spouse_has_spouse/materialize/run.sh
2016-05-20 11:10:14.729153  run/process/grounding/factor/inf_imply_has_spouse_has_spouse/materialize/run.sh
2016-05-20 11:10:14.756618  run/process/grounding/factor/inf_istrue_has_spouse/materialize/run.sh
2016-05-20 11:10:14.787241  run/process/grounding/weight_id_partition/run.sh
2016-05-20 11:10:14.816032  run/process/grounding/global_weight_table/run.sh
2016-05-20 11:10:14.844164  run/process/grounding/factor/inf1_imply_has_spouse_has_spouse/assign_weight_id/run.sh
2016-05-20 11:10:14.874603  run/process/grounding/factor/inf_imply_has_spouse_has_spouse/assign_weight_id/run.sh
2016-05-20 11:10:14.897587  run/process/grounding/factor/inf_istrue_has_spouse/assign_weight_id/run.sh
2016-05-20 11:10:14.925938  run/process/grounding/factor/inf1_imply_has_spouse_has_spouse/dump/run.sh
2016-05-20 11:10:14.955069  run/process/grounding/factor/inf_imply_has_spouse_has_spouse/dump/run.sh
2016-05-20 11:10:14.989543  run/process/grounding/factor/inf_istrue_has_spouse/dump/run.sh
2016-05-20 11:10:15.017440  run/process/grounding/factor/inf1_imply_has_spouse_has_spouse/dump_weights/run.sh
2016-05-20 11:10:15.055909  run/process/grounding/factor/inf_imply_has_spouse_has_spouse/dump_weights/run.sh
2016-05-20 11:10:15.080793  run/process/grounding/factor/inf_istrue_has_spouse/dump_weights/run.sh
2016-05-20 11:10:15.114284  run/process/grounding/combine_factorgraph/run.sh
2016-05-20 11:10:15.145418  run/process/model/learning/run.sh
2016-05-20 11:10:15.179257  run/process/model/inference/run.sh
2016-05-20 11:10:15.205812  run/process/model/load_weights/run.sh
2016-05-20 11:10:15.238085  run/process/model/load_probabilities/run.sh
2016-05-20 11:10:15.274641  run/process/model/calibration/run.sh
2016-05-20 11:10:15.310084  run/dataflow.dot
2016-05-20 11:10:15.336031  run/process/ext_person_mention_by_map_person_mention/run.sh
2016-05-20 11:10:15.366360  run/process/ext_sentences_by_nlp_markup/run.sh
2016-05-20 11:10:15.391324  run/process/ext_spouse_feature_by_extract_spouse_features/run.sh
2016-05-20 11:10:15.420992  run/process/ext_spouse_label__0_by_supervise/run.sh
2016-05-20 11:10:15.489186 Warning: Could not load "/Users/emerson/local/lib/bundled/graphviz/prefix/bin/../lib/graphviz/libgvplugin_pango.6.dylib" - file not found
2016-05-20 11:10:15.502132  run/dataflow.svg
2016-05-20 11:10:15.503484   (file:///Users/emerson/Documents/Github/deepdive/examples/spouse/run/dataflow.svg)
2016-05-20 11:10:15.508878 ‘run/compiled’ -> ‘run/compiled~’
2016-05-20 11:10:15.515604 ‘run/compiled’ -> ‘20160520/111010.966347000’
