2016-05-22 17:01:30.171240 # on eduroam-169-233-210-202.ucsc.edu: deepdive do articles
2016-05-22 17:01:30.171547 # run/20160522/170128.425468000/plan.sh
2016-05-22 17:01:30.171571 # execution plan for data/articles
2016-05-22 17:01:30.171591 
2016-05-22 17:01:30.171610 : ## process/init/app ##########################################################
2016-05-22 17:01:30.171631 : # Done: 2016-05-22T16:58:31-0700 (2m 57s ago)
2016-05-22 17:01:30.171666 : process/init/app/run.sh
2016-05-22 17:01:30.171692 : mark_done process/init/app
2016-05-22 17:01:30.171714 : ##############################################################################
2016-05-22 17:01:30.171734 
2016-05-22 17:01:30.171755 ## process/init/relation/articles ############################################
2016-05-22 17:01:30.171776 # Done: 2016-05-22T16:58:31-0700 (2m 57s ago)
2016-05-22 17:01:30.171796 process/init/relation/articles/run.sh
2016-05-22 17:01:30.171817 ++ dirname process/init/relation/articles/run.sh
2016-05-22 17:01:30.171837 + cd process/init/relation/articles
2016-05-22 17:01:30.171858 + export DEEPDIVE_CURRENT_PROCESS_NAME=process/init/relation/articles
2016-05-22 17:01:30.171879 + DEEPDIVE_CURRENT_PROCESS_NAME=process/init/relation/articles
2016-05-22 17:01:30.171899 + deepdive create table articles
2016-05-22 17:01:30.290583 CREATE TABLE
2016-05-22 17:01:30.291751 + deepdive load articles
2016-05-22 17:01:30.391316 Loading articles from input/articles.tsv.sh (tsv format)
2016-05-22 17:01:30.399799 ERROR: Missing /Users/emerson/Documents/Github/deepdive/examples/coach_nba/input/signalmedia/signalmedia-1m.jsonl
2016-05-22 17:01:30.399876 # Please Download it from http://research.signalmedia.co/newsir16/signal-dataset.html
2016-05-22 17:01:30.399907 
2016-05-22 17:01:30.399931 # Alternatively, use our sampled data by running:
2016-05-22 17:01:30.399952 deepdive load articles input/articles-100.tsv.bz2
2016-05-22 17:01:30.399973 
2016-05-22 17:01:30.399993 # Or, skipping all NLP markup processes by running:
2016-05-22 17:01:30.400053 deepdive create table sentences
2016-05-22 17:01:30.400077 deepdive load sentences
2016-05-22 17:01:30.400097 deepdive mark done sentences
2016-05-22 17:01:30.428959 COPY 0
2016-05-22 17:01:30.435287 mark_done process/init/relation/articles
2016-05-22 17:01:30.456750 ##############################################################################
2016-05-22 17:01:30.456807 
2016-05-22 17:01:30.456831 ## data/articles #############################################################
2016-05-22 17:01:30.456851 # Done: 2016-05-22T16:58:31-0700 (2m 57s ago)
2016-05-22 17:01:30.456871 # no-op
2016-05-22 17:01:30.456891 mark_done data/articles
2016-05-22 17:01:30.478195 ##############################################################################
2016-05-22 17:01:30.478292 
