2016-06-02 23:14:19.714785 # on dhcp-169-233-187-63.cruznet.ucsc.edu: deepdive do has_spouse
2016-06-02 23:14:19.715238 # run/20160602/231417.837210000/plan.sh
2016-06-02 23:14:19.715281 # execution plan for data/has_spouse
2016-06-02 23:14:19.715309 
2016-06-02 23:14:19.715332 : ## process/init/app ##########################################################
2016-06-02 23:14:19.715354 : # Done: 2016-05-22T17:21:25-0700 (11d 5h 52m 52s ago)
2016-06-02 23:14:19.715375 : process/init/app/run.sh
2016-06-02 23:14:19.715395 : mark_done process/init/app
2016-06-02 23:14:19.715415 : ##############################################################################
2016-06-02 23:14:19.715433 
2016-06-02 23:14:19.715453 : ## process/init/relation/articles ############################################
2016-06-02 23:14:19.715473 : # Done: 2016-05-23T12:16:43-0700 (10d 10h 57m 35s ago)
2016-06-02 23:14:19.715494 : process/init/relation/articles/run.sh
2016-06-02 23:14:19.715514 : mark_done process/init/relation/articles
2016-06-02 23:14:19.715534 : ##############################################################################
2016-06-02 23:14:19.715554 
2016-06-02 23:14:19.715574 : ## data/articles #############################################################
2016-06-02 23:14:19.715595 : # Done: 2016-05-23T12:16:43-0700 (10d 10h 57m 35s ago)
2016-06-02 23:14:19.715615 : # no-op
2016-06-02 23:14:19.715635 : mark_done data/articles
2016-06-02 23:14:19.715656 : ##############################################################################
2016-06-02 23:14:19.715678 
2016-06-02 23:14:19.715698 : ## process/ext_sentences_by_nlp_markup #######################################
2016-06-02 23:14:19.715719 : # Done: 2016-05-23T15:05:01-0700 (10d 8h 9m 17s ago)
2016-06-02 23:14:19.715740 : process/ext_sentences_by_nlp_markup/run.sh
2016-06-02 23:14:19.715759 : mark_done process/ext_sentences_by_nlp_markup
2016-06-02 23:14:19.715779 : ##############################################################################
2016-06-02 23:14:19.715798 
2016-06-02 23:14:19.715818 : ## data/sentences ############################################################
2016-06-02 23:14:19.715837 : # Done: 2016-05-23T15:05:01-0700 (10d 8h 9m 17s ago)
2016-06-02 23:14:19.715857 : # no-op
2016-06-02 23:14:19.715875 : mark_done data/sentences
2016-06-02 23:14:19.715894 : ##############################################################################
2016-06-02 23:14:19.715913 
2016-06-02 23:14:19.715934 : ## process/ext_person_mention_by_map_person_mention ##########################
2016-06-02 23:14:19.715955 : # Done: 2016-05-23T15:05:52-0700 (10d 8h 8m 26s ago)
2016-06-02 23:14:19.715975 : process/ext_person_mention_by_map_person_mention/run.sh
2016-06-02 23:14:19.715995 : mark_done process/ext_person_mention_by_map_person_mention
2016-06-02 23:14:19.716016 : ##############################################################################
2016-06-02 23:14:19.716036 
2016-06-02 23:14:19.716056 : ## data/person_mention #######################################################
2016-06-02 23:14:19.716078 : # Done: 2016-05-23T15:05:52-0700 (10d 8h 8m 26s ago)
2016-06-02 23:14:19.716099 : # no-op
2016-06-02 23:14:19.716119 : mark_done data/person_mention
2016-06-02 23:14:19.716141 : ##############################################################################
2016-06-02 23:14:19.716161 
2016-06-02 23:14:19.716183 : ## process/ext_num_people ####################################################
2016-06-02 23:14:19.716204 : # Done: 2016-05-23T15:06:46-0700 (10d 8h 7m 32s ago)
2016-06-02 23:14:19.716225 : process/ext_num_people/run.sh
2016-06-02 23:14:19.716246 : mark_done process/ext_num_people
2016-06-02 23:14:19.716267 : ##############################################################################
2016-06-02 23:14:19.716288 
2016-06-02 23:14:19.716309 : ## data/num_people ###########################################################
2016-06-02 23:14:19.716330 : # Done: 2016-05-23T15:06:46-0700 (10d 8h 7m 32s ago)
2016-06-02 23:14:19.716349 : # no-op
2016-06-02 23:14:19.716368 : mark_done data/num_people
2016-06-02 23:14:19.716387 : ##############################################################################
2016-06-02 23:14:19.716406 
2016-06-02 23:14:19.716424 : ## process/ext_team_mention_by_map_team_mention ##############################
2016-06-02 23:14:19.716442 : # Done: 2016-05-23T15:06:19-0700 (10d 8h 7m 59s ago)
2016-06-02 23:14:19.716461 : process/ext_team_mention_by_map_team_mention/run.sh
2016-06-02 23:14:19.716479 : mark_done process/ext_team_mention_by_map_team_mention
2016-06-02 23:14:19.716498 : ##############################################################################
2016-06-02 23:14:19.716517 
2016-06-02 23:14:19.716536 : ## data/team_mention #########################################################
2016-06-02 23:14:19.716554 : # Done: 2016-05-23T15:06:19-0700 (10d 8h 7m 59s ago)
2016-06-02 23:14:19.716573 : # no-op
2016-06-02 23:14:19.716592 : mark_done data/team_mention
2016-06-02 23:14:19.716611 : ##############################################################################
2016-06-02 23:14:19.716630 
2016-06-02 23:14:19.716649 : ## process/ext_spouse_candidate ##############################################
2016-06-02 23:14:19.716669 : # Done: 2016-05-23T15:07:38-0700 (10d 8h 6m 40s ago)
2016-06-02 23:14:19.716689 : process/ext_spouse_candidate/run.sh
2016-06-02 23:14:19.716708 : mark_done process/ext_spouse_candidate
2016-06-02 23:14:19.716727 : ##############################################################################
2016-06-02 23:14:19.716746 
2016-06-02 23:14:19.716765 : ## data/spouse_candidate #####################################################
2016-06-02 23:14:19.716785 : # Done: 2016-05-23T15:07:38-0700 (10d 8h 6m 40s ago)
2016-06-02 23:14:19.716804 : # no-op
2016-06-02 23:14:19.716824 : mark_done data/spouse_candidate
2016-06-02 23:14:19.716844 : ##############################################################################
2016-06-02 23:14:19.716864 
2016-06-02 23:14:19.716884 : ## process/ext_spouse_label__0_by_supervise ##################################
2016-06-02 23:14:19.716903 : # Done: 2016-05-23T15:08:48-0700 (10d 8h 5m 30s ago)
2016-06-02 23:14:19.716922 : process/ext_spouse_label__0_by_supervise/run.sh
2016-06-02 23:14:19.716941 : mark_done process/ext_spouse_label__0_by_supervise
2016-06-02 23:14:19.716960 : ##############################################################################
2016-06-02 23:14:19.716978 
2016-06-02 23:14:19.716996 : ## data/spouse_label__0 ######################################################
2016-06-02 23:14:19.717015 : # Done: 2016-05-23T15:08:48-0700 (10d 8h 5m 30s ago)
2016-06-02 23:14:19.717034 : # no-op
2016-06-02 23:14:19.717053 : mark_done data/spouse_label__0
2016-06-02 23:14:19.717074 : ##############################################################################
2016-06-02 23:14:19.717094 
2016-06-02 23:14:19.717113 : ## process/init/relation/spouses_dbpedia #####################################
2016-06-02 23:14:19.717133 : # Done: 2016-06-02T22:27:40-0700 (46m 38s ago)
2016-06-02 23:14:19.717151 : process/init/relation/spouses_dbpedia/run.sh
2016-06-02 23:14:19.717168 : mark_done process/init/relation/spouses_dbpedia
2016-06-02 23:14:19.717186 : ##############################################################################
2016-06-02 23:14:19.717205 
2016-06-02 23:14:19.717224 : ## data/spouses_dbpedia ######################################################
2016-06-02 23:14:19.717244 : # Done: 2016-06-02T22:27:40-0700 (46m 38s ago)
2016-06-02 23:14:19.717264 : # no-op
2016-06-02 23:14:19.717283 : mark_done data/spouses_dbpedia
2016-06-02 23:14:19.717303 : ##############################################################################
2016-06-02 23:14:19.717322 
2016-06-02 23:14:19.717342 : ## process/ext_spouse_label ##################################################
2016-06-02 23:14:19.717361 : # Done: 2016-06-02T22:28:10-0700 (46m 8s ago)
2016-06-02 23:14:19.717381 : process/ext_spouse_label/run.sh
2016-06-02 23:14:19.717400 : mark_done process/ext_spouse_label
2016-06-02 23:14:19.717419 : ##############################################################################
2016-06-02 23:14:19.717438 
2016-06-02 23:14:19.717459 : ## data/spouse_label #########################################################
2016-06-02 23:14:19.717479 : # Done: 2016-06-02T22:28:10-0700 (46m 8s ago)
2016-06-02 23:14:19.717499 : # no-op
2016-06-02 23:14:19.717519 : mark_done data/spouse_label
2016-06-02 23:14:19.717537 : ##############################################################################
2016-06-02 23:14:19.717638 
2016-06-02 23:14:19.718878 : ## process/ext_spouse_label_resolved #########################################
2016-06-02 23:14:19.718938 : # Done: 2016-06-02T22:28:10-0700 (46m 8s ago)
2016-06-02 23:14:19.718959 : process/ext_spouse_label_resolved/run.sh
2016-06-02 23:14:19.718979 : mark_done process/ext_spouse_label_resolved
2016-06-02 23:14:19.718998 : ##############################################################################
2016-06-02 23:14:19.719018 
2016-06-02 23:14:19.719038 : ## data/spouse_label_resolved ################################################
2016-06-02 23:14:19.719058 : # Done: 2016-06-02T22:28:10-0700 (46m 8s ago)
2016-06-02 23:14:19.719079 : # no-op
2016-06-02 23:14:19.719099 : mark_done data/spouse_label_resolved
2016-06-02 23:14:19.719118 : ##############################################################################
2016-06-02 23:14:19.719137 
2016-06-02 23:14:19.719156 : ## process/init/relation/spouses_dbpedia_negative ############################
2016-06-02 23:14:19.719175 : # Done: 2016-05-25T12:13:43-0700 (8d 11h 35s ago)
2016-06-02 23:14:19.719222 : process/init/relation/spouses_dbpedia_negative/run.sh
2016-06-02 23:14:19.719248 : mark_done process/init/relation/spouses_dbpedia_negative
2016-06-02 23:14:19.719327 : ##############################################################################
2016-06-02 23:14:19.719387 
2016-06-02 23:14:19.719410 : ## data/spouses_dbpedia_negative #############################################
2016-06-02 23:14:19.719431 : # Done: 2016-06-02T22:50:00-0700 (24m 18s ago)
2016-06-02 23:14:19.719451 : # no-op
2016-06-02 23:14:19.719473 : mark_done data/spouses_dbpedia_negative
2016-06-02 23:14:19.719494 : ##############################################################################
2016-06-02 23:14:19.719515 
2016-06-02 23:14:19.719536 ## process/ext_has_spouse ####################################################
2016-06-02 23:14:19.719555 : # Done: 2016-06-02T23:01:15-0700 (13m 3s ago)
2016-06-02 23:14:19.719576 # Done: 2016-06-02T23:01:15-0700 (13m 2s ago)
2016-06-02 23:14:19.719595 process/ext_has_spouse/run.sh
2016-06-02 23:14:19.719614 ++ dirname process/ext_has_spouse/run.sh
2016-06-02 23:14:19.719632 + cd process/ext_has_spouse
2016-06-02 23:14:19.719650 + export DEEPDIVE_CURRENT_PROCESS_NAME=process/ext_has_spouse
2016-06-02 23:14:19.719668 + DEEPDIVE_CURRENT_PROCESS_NAME=process/ext_has_spouse
2016-06-02 23:14:19.719688 + deepdive create table has_spouse
2016-06-02 23:14:19.935881 CREATE TABLE
2016-06-02 23:14:19.936782 + deepdive sql 'INSERT INTO has_spouse SELECT DISTINCT R0.column_0, R0.column_1, 0 AS id, 
2016-06-02 23:14:19.936847 CASE WHEN R0.column_2 > 0 THEN true
2016-06-02 23:14:19.936871      WHEN R0.column_2 < 0 THEN false
2016-06-02 23:14:19.936892      ELSE NULL
2016-06-02 23:14:19.936914 END AS label
2016-06-02 23:14:19.936938           FROM spouse_label_resolved R0'
2016-06-02 23:14:20.040908 INSERT 0 3211
2016-06-02 23:14:20.042771 mark_done process/ext_has_spouse
2016-06-02 23:14:20.067256 ##############################################################################
2016-06-02 23:14:20.067338 
2016-06-02 23:14:20.067373 ## data/has_spouse ###########################################################
2016-06-02 23:14:20.067401 : # Done: 2016-06-02T23:01:15-0700 (13m 3s ago)
2016-06-02 23:14:20.067427 # Done: 2016-06-02T23:01:15-0700 (13m 2s ago)
2016-06-02 23:14:20.067450 # no-op
2016-06-02 23:14:20.067472 mark_done data/has_spouse
2016-06-02 23:14:20.097029 ##############################################################################
2016-06-02 23:14:20.097103 
