2016-05-29 16:55:36.270039 # on dhcp-169-233-170-85.cruznet.ucsc.edu: deepdive do probabilities
2016-05-29 16:55:36.270357 # run/20160529/165532.907290000/plan.sh
2016-05-29 16:55:36.270391 # execution plan for data/model/probabilities
2016-05-29 16:55:36.270415 
2016-05-29 16:55:36.270436 : ## process/init/app ##########################################################
2016-05-29 16:55:36.270456 : # Done: 2016-05-22T17:21:25-0700 (6d 23h 34m 8s ago)
2016-05-29 16:55:36.270477 : process/init/app/run.sh
2016-05-29 16:55:36.270495 : mark_done process/init/app
2016-05-29 16:55:36.270513 : ##############################################################################
2016-05-29 16:55:36.270531 
2016-05-29 16:55:36.270550 : ## process/init/relation/articles ############################################
2016-05-29 16:55:36.270570 : # Done: 2016-05-23T12:16:43-0700 (6d 4h 38m 50s ago)
2016-05-29 16:55:36.270588 : process/init/relation/articles/run.sh
2016-05-29 16:55:36.270609 : mark_done process/init/relation/articles
2016-05-29 16:55:36.270628 : ##############################################################################
2016-05-29 16:55:36.270647 
2016-05-29 16:55:36.270667 : ## data/articles #############################################################
2016-05-29 16:55:36.270686 : # Done: 2016-05-23T12:16:43-0700 (6d 4h 38m 50s ago)
2016-05-29 16:55:36.270705 : # no-op
2016-05-29 16:55:36.270739 : mark_done data/articles
2016-05-29 16:55:36.270766 : ##############################################################################
2016-05-29 16:55:36.270789 
2016-05-29 16:55:36.270809 : ## process/ext_sentences_by_nlp_markup #######################################
2016-05-29 16:55:36.270829 : # Done: 2016-05-23T15:05:01-0700 (6d 1h 50m 32s ago)
2016-05-29 16:55:36.270850 : process/ext_sentences_by_nlp_markup/run.sh
2016-05-29 16:55:36.270871 : mark_done process/ext_sentences_by_nlp_markup
2016-05-29 16:55:36.270893 : ##############################################################################
2016-05-29 16:55:36.270914 
2016-05-29 16:55:36.270935 : ## data/sentences ############################################################
2016-05-29 16:55:36.270957 : # Done: 2016-05-23T15:05:01-0700 (6d 1h 50m 32s ago)
2016-05-29 16:55:36.270978 : # no-op
2016-05-29 16:55:36.271001 : mark_done data/sentences
2016-05-29 16:55:36.271023 : ##############################################################################
2016-05-29 16:55:36.271044 
2016-05-29 16:55:36.271064 : ## process/ext_person_mention_by_map_person_mention ##########################
2016-05-29 16:55:36.271085 : # Done: 2016-05-23T15:05:52-0700 (6d 1h 49m 41s ago)
2016-05-29 16:55:36.271107 : process/ext_person_mention_by_map_person_mention/run.sh
2016-05-29 16:55:36.271129 : mark_done process/ext_person_mention_by_map_person_mention
2016-05-29 16:55:36.271149 : ##############################################################################
2016-05-29 16:55:36.271167 
2016-05-29 16:55:36.271187 : ## data/person_mention #######################################################
2016-05-29 16:55:36.271209 : # Done: 2016-05-23T15:05:52-0700 (6d 1h 49m 41s ago)
2016-05-29 16:55:36.271229 : # no-op
2016-05-29 16:55:36.271250 : mark_done data/person_mention
2016-05-29 16:55:36.271272 : ##############################################################################
2016-05-29 16:55:36.271292 
2016-05-29 16:55:36.271310 : ## process/init/relation/spouses_dbpedia #####################################
2016-05-29 16:55:36.271329 : # Done: 2016-05-23T15:08:28-0700 (6d 1h 47m 5s ago)
2016-05-29 16:55:36.271381 : process/init/relation/spouses_dbpedia/run.sh
2016-05-29 16:55:36.271409 : mark_done process/init/relation/spouses_dbpedia
2016-05-29 16:55:36.271429 : ##############################################################################
2016-05-29 16:55:36.271448 
2016-05-29 16:55:36.271465 : ## data/spouses_dbpedia ######################################################
2016-05-29 16:55:36.271483 : # Done: 2016-05-23T15:08:28-0700 (6d 1h 47m 5s ago)
2016-05-29 16:55:36.271502 : # no-op
2016-05-29 16:55:36.271520 : mark_done data/spouses_dbpedia
2016-05-29 16:55:36.271538 : ##############################################################################
2016-05-29 16:55:36.271555 
2016-05-29 16:55:36.271572 : ## process/ext_team_mention_by_map_team_mention ##############################
2016-05-29 16:55:36.271589 : # Done: 2016-05-23T15:06:19-0700 (6d 1h 49m 14s ago)
2016-05-29 16:55:36.271607 : process/ext_team_mention_by_map_team_mention/run.sh
2016-05-29 16:55:36.271626 : mark_done process/ext_team_mention_by_map_team_mention
2016-05-29 16:55:36.271694 : ##############################################################################
2016-05-29 16:55:36.271715 
2016-05-29 16:55:36.271735 : ## data/team_mention #########################################################
2016-05-29 16:55:36.271756 : # Done: 2016-05-23T15:06:19-0700 (6d 1h 49m 14s ago)
2016-05-29 16:55:36.271777 : # no-op
2016-05-29 16:55:36.271797 : mark_done data/team_mention
2016-05-29 16:55:36.271817 : ##############################################################################
2016-05-29 16:55:36.271836 
2016-05-29 16:55:36.271854 : ## process/ext_num_people ####################################################
2016-05-29 16:55:36.271872 : # Done: 2016-05-23T15:06:46-0700 (6d 1h 48m 47s ago)
2016-05-29 16:55:36.271889 : process/ext_num_people/run.sh
2016-05-29 16:55:36.271910 : mark_done process/ext_num_people
2016-05-29 16:55:36.271931 : ##############################################################################
2016-05-29 16:55:36.271951 
2016-05-29 16:55:36.271970 : ## data/num_people ###########################################################
2016-05-29 16:55:36.271992 : # Done: 2016-05-23T15:06:46-0700 (6d 1h 48m 47s ago)
2016-05-29 16:55:36.272010 : # no-op
2016-05-29 16:55:36.272029 : mark_done data/num_people
2016-05-29 16:55:36.272049 : ##############################################################################
2016-05-29 16:55:36.272068 
2016-05-29 16:55:36.272087 : ## process/ext_spouse_candidate ##############################################
2016-05-29 16:55:36.272106 : # Done: 2016-05-23T15:07:38-0700 (6d 1h 47m 55s ago)
2016-05-29 16:55:36.272126 : process/ext_spouse_candidate/run.sh
2016-05-29 16:55:36.272144 : mark_done process/ext_spouse_candidate
2016-05-29 16:55:36.272161 : ##############################################################################
2016-05-29 16:55:36.272181 
2016-05-29 16:55:36.272202 : ## data/spouse_candidate #####################################################
2016-05-29 16:55:36.272221 : # Done: 2016-05-23T15:07:38-0700 (6d 1h 47m 55s ago)
2016-05-29 16:55:36.272241 : # no-op
2016-05-29 16:55:36.272259 : mark_done data/spouse_candidate
2016-05-29 16:55:36.272276 : ##############################################################################
2016-05-29 16:55:36.272297 
2016-05-29 16:55:36.272317 : ## process/ext_spouse_label__0_by_supervise ##################################
2016-05-29 16:55:36.272336 : # Done: 2016-05-23T15:08:48-0700 (6d 1h 46m 45s ago)
2016-05-29 16:55:36.272356 : process/ext_spouse_label__0_by_supervise/run.sh
2016-05-29 16:55:36.272375 : mark_done process/ext_spouse_label__0_by_supervise
2016-05-29 16:55:36.272392 : ##############################################################################
2016-05-29 16:55:36.272413 
2016-05-29 16:55:36.272433 : ## data/spouse_label__0 ######################################################
2016-05-29 16:55:36.272453 : # Done: 2016-05-23T15:08:48-0700 (6d 1h 46m 45s ago)
2016-05-29 16:55:36.272474 : # no-op
2016-05-29 16:55:36.272491 : mark_done data/spouse_label__0
2016-05-29 16:55:36.272509 : ##############################################################################
2016-05-29 16:55:36.272530 
2016-05-29 16:55:36.272550 : ## process/ext_spouse_label ##################################################
2016-05-29 16:55:36.272570 : # Done: 2016-05-23T15:08:50-0700 (6d 1h 46m 43s ago)
2016-05-29 16:55:36.272590 : process/ext_spouse_label/run.sh
2016-05-29 16:55:36.272610 : mark_done process/ext_spouse_label
2016-05-29 16:55:36.272628 : ##############################################################################
2016-05-29 16:55:36.272648 
2016-05-29 16:55:36.272668 : ## data/spouse_label #########################################################
2016-05-29 16:55:36.272686 : # Done: 2016-05-23T15:08:50-0700 (6d 1h 46m 43s ago)
2016-05-29 16:55:36.272705 : # no-op
2016-05-29 16:55:36.272725 : mark_done data/spouse_label
2016-05-29 16:55:36.272743 : ##############################################################################
2016-05-29 16:55:36.272760 
2016-05-29 16:55:36.272781 : ## process/ext_spouse_label_resolved #########################################
2016-05-29 16:55:36.272801 : # Done: 2016-05-23T15:08:50-0700 (6d 1h 46m 43s ago)
2016-05-29 16:55:36.272821 : process/ext_spouse_label_resolved/run.sh
2016-05-29 16:55:36.272842 : mark_done process/ext_spouse_label_resolved
2016-05-29 16:55:36.272861 : ##############################################################################
2016-05-29 16:55:36.272879 
2016-05-29 16:55:36.272898 : ## data/spouse_label_resolved ################################################
2016-05-29 16:55:36.272917 : # Done: 2016-05-23T15:08:50-0700 (6d 1h 46m 43s ago)
2016-05-29 16:55:36.272937 : # no-op
2016-05-29 16:55:36.272963 : mark_done data/spouse_label_resolved
2016-05-29 16:55:36.272981 : ##############################################################################
2016-05-29 16:55:36.273000 
2016-05-29 16:55:36.273021 : ## process/ext_has_spouse ####################################################
2016-05-29 16:55:36.273041 : # Done: 2016-05-29T12:10:14-0700 (4h 45m 19s ago)
2016-05-29 16:55:36.273061 : process/ext_has_spouse/run.sh
2016-05-29 16:55:36.273081 : mark_done process/ext_has_spouse
2016-05-29 16:55:36.273100 : ##############################################################################
2016-05-29 16:55:36.273117 
2016-05-29 16:55:36.273138 : ## data/has_spouse ###########################################################
2016-05-29 16:55:36.273158 : # Done: 2016-05-29T12:10:14-0700 (4h 45m 19s ago)
2016-05-29 16:55:36.273178 : # no-op
2016-05-29 16:55:36.273197 : mark_done data/has_spouse
2016-05-29 16:55:36.273218 : ##############################################################################
2016-05-29 16:55:36.273236 
2016-05-29 16:55:36.273256 : ## process/grounding/variable_id_partition ###################################
2016-05-29 16:55:36.273276 : # Done: 2016-05-29T12:20:51-0700 (4h 34m 42s ago)
2016-05-29 16:55:36.273296 : process/grounding/variable_id_partition/run.sh
2016-05-29 16:55:36.273316 : mark_done process/grounding/variable_id_partition
2016-05-29 16:55:36.273334 : ##############################################################################
2016-05-29 16:55:36.273352 
2016-05-29 16:55:36.273372 : ## process/grounding/variable/has_spouse/assign_id ###########################
2016-05-29 16:55:36.273393 : # Done: 2016-05-29T12:20:51-0700 (4h 34m 42s ago)
2016-05-29 16:55:36.273412 : process/grounding/variable/has_spouse/assign_id/run.sh
2016-05-29 16:55:36.273432 : mark_done process/grounding/variable/has_spouse/assign_id
2016-05-29 16:55:36.273450 : ##############################################################################
2016-05-29 16:55:36.273467 
2016-05-29 16:55:36.273488 : ## process/grounding/factor/inf1_istrue_has_spouse/materialize ###############
2016-05-29 16:55:36.273508 : # Done: 2016-05-29T12:20:52-0700 (4h 34m 41s ago)
2016-05-29 16:55:36.273528 : process/grounding/factor/inf1_istrue_has_spouse/materialize/run.sh
2016-05-29 16:55:36.273549 : mark_done process/grounding/factor/inf1_istrue_has_spouse/materialize
2016-05-29 16:55:36.273567 : ##############################################################################
2016-05-29 16:55:36.273585 
2016-05-29 16:55:36.273606 : ## process/grounding/factor/inf_imply_has_spouse_has_spouse/materialize ######
2016-05-29 16:55:36.273626 : # Done: 2016-05-29T12:22:01-0700 (4h 33m 32s ago)
2016-05-29 16:55:36.273646 : process/grounding/factor/inf_imply_has_spouse_has_spouse/materialize/run.sh
2016-05-29 16:55:36.273665 : mark_done process/grounding/factor/inf_imply_has_spouse_has_spouse/materialize
2016-05-29 16:55:36.273687 : ##############################################################################
2016-05-29 16:55:36.273709 
2016-05-29 16:55:36.273730 : ## process/ext_spouse_feature_by_extract_spouse_features #####################
2016-05-29 16:55:36.273751 : # Done: 2016-05-23T15:08:09-0700 (6d 1h 47m 24s ago)
2016-05-29 16:55:36.273781 : process/ext_spouse_feature_by_extract_spouse_features/run.sh
2016-05-29 16:55:36.273801 : mark_done process/ext_spouse_feature_by_extract_spouse_features
2016-05-29 16:55:36.273820 : ##############################################################################
2016-05-29 16:55:36.273838 
2016-05-29 16:55:36.273856 : ## data/spouse_feature #######################################################
2016-05-29 16:55:36.273877 : # Done: 2016-05-23T15:08:09-0700 (6d 1h 47m 24s ago)
2016-05-29 16:55:36.273897 : # no-op
2016-05-29 16:55:36.273917 : mark_done data/spouse_feature
2016-05-29 16:55:36.273942 : ##############################################################################
2016-05-29 16:55:36.273960 
2016-05-29 16:55:36.273978 : ## process/grounding/factor/inf_istrue_has_spouse/materialize ################
2016-05-29 16:55:36.273999 : # Done: 2016-05-29T12:22:02-0700 (4h 33m 31s ago)
2016-05-29 16:55:36.274020 : process/grounding/factor/inf_istrue_has_spouse/materialize/run.sh
2016-05-29 16:55:36.274039 : mark_done process/grounding/factor/inf_istrue_has_spouse/materialize
2016-05-29 16:55:36.274060 : ##############################################################################
2016-05-29 16:55:36.274078 
2016-05-29 16:55:36.274096 : ## process/grounding/weight_id_partition #####################################
2016-05-29 16:55:36.274116 : # Done: 2016-05-29T12:22:02-0700 (4h 33m 31s ago)
2016-05-29 16:55:36.274137 : process/grounding/weight_id_partition/run.sh
2016-05-29 16:55:36.274156 : mark_done process/grounding/weight_id_partition
2016-05-29 16:55:36.274177 : ##############################################################################
2016-05-29 16:55:36.274195 
2016-05-29 16:55:36.274215 : ## process/grounding/factor/inf1_istrue_has_spouse/assign_weight_id ##########
2016-05-29 16:55:36.274235 : # Done: 2016-05-29T12:22:02-0700 (4h 33m 31s ago)
2016-05-29 16:55:36.274255 : process/grounding/factor/inf1_istrue_has_spouse/assign_weight_id/run.sh
2016-05-29 16:55:36.274275 : mark_done process/grounding/factor/inf1_istrue_has_spouse/assign_weight_id
2016-05-29 16:55:36.274292 : ##############################################################################
2016-05-29 16:55:36.274311 
2016-05-29 16:55:36.274331 : ## process/grounding/factor/inf1_istrue_has_spouse/dump ######################
2016-05-29 16:55:36.274350 : # Done: 2016-05-29T12:22:03-0700 (4h 33m 30s ago)
2016-05-29 16:55:36.274369 : process/grounding/factor/inf1_istrue_has_spouse/dump/run.sh
2016-05-29 16:55:36.274389 : mark_done process/grounding/factor/inf1_istrue_has_spouse/dump
2016-05-29 16:55:36.274407 : ##############################################################################
2016-05-29 16:55:36.274428 
2016-05-29 16:55:36.274449 : ## process/grounding/factor/inf1_istrue_has_spouse/dump_weights ##############
2016-05-29 16:55:36.274468 : # Done: 2016-05-29T12:22:04-0700 (4h 33m 29s ago)
2016-05-29 16:55:36.274489 : process/grounding/factor/inf1_istrue_has_spouse/dump_weights/run.sh
2016-05-29 16:55:36.274507 : mark_done process/grounding/factor/inf1_istrue_has_spouse/dump_weights
2016-05-29 16:55:36.274528 : ##############################################################################
2016-05-29 16:55:36.274548 
2016-05-29 16:55:36.274567 : ## process/grounding/factor/inf_imply_has_spouse_has_spouse/assign_weight_id #
2016-05-29 16:55:36.274586 : # Done: 2016-05-29T12:22:06-0700 (4h 33m 27s ago)
2016-05-29 16:55:36.274606 : process/grounding/factor/inf_imply_has_spouse_has_spouse/assign_weight_id/run.sh
2016-05-29 16:55:36.274627 : mark_done process/grounding/factor/inf_imply_has_spouse_has_spouse/assign_weight_id
2016-05-29 16:55:36.274648 : ##############################################################################
2016-05-29 16:55:36.274667 
2016-05-29 16:55:36.274686 : ## process/grounding/factor/inf_imply_has_spouse_has_spouse/dump #############
2016-05-29 16:55:36.274705 : # Done: 2016-05-29T12:22:06-0700 (4h 33m 27s ago)
2016-05-29 16:55:36.274724 : process/grounding/factor/inf_imply_has_spouse_has_spouse/dump/run.sh
2016-05-29 16:55:36.274742 : mark_done process/grounding/factor/inf_imply_has_spouse_has_spouse/dump
2016-05-29 16:55:36.274762 : ##############################################################################
2016-05-29 16:55:36.274783 
2016-05-29 16:55:36.274803 : ## process/grounding/factor/inf_imply_has_spouse_has_spouse/dump_weights #####
2016-05-29 16:55:36.274824 : # Done: 2016-05-29T12:22:06-0700 (4h 33m 27s ago)
2016-05-29 16:55:36.274842 : process/grounding/factor/inf_imply_has_spouse_has_spouse/dump_weights/run.sh
2016-05-29 16:55:36.274860 : mark_done process/grounding/factor/inf_imply_has_spouse_has_spouse/dump_weights
2016-05-29 16:55:36.274881 : ##############################################################################
2016-05-29 16:55:36.274901 
2016-05-29 16:55:36.274920 : ## process/grounding/factor/inf_istrue_has_spouse/assign_weight_id ###########
2016-05-29 16:55:36.274939 : # Done: 2016-05-29T12:22:07-0700 (4h 33m 26s ago)
2016-05-29 16:55:36.274959 : process/grounding/factor/inf_istrue_has_spouse/assign_weight_id/run.sh
2016-05-29 16:55:36.274980 : mark_done process/grounding/factor/inf_istrue_has_spouse/assign_weight_id
2016-05-29 16:55:36.275000 : ##############################################################################
2016-05-29 16:55:36.275021 
2016-05-29 16:55:36.275040 : ## process/grounding/factor/inf_istrue_has_spouse/dump #######################
2016-05-29 16:55:36.275061 : # Done: 2016-05-29T12:22:08-0700 (4h 33m 25s ago)
2016-05-29 16:55:36.275081 : process/grounding/factor/inf_istrue_has_spouse/dump/run.sh
2016-05-29 16:55:36.275099 : mark_done process/grounding/factor/inf_istrue_has_spouse/dump
2016-05-29 16:55:36.275118 : ##############################################################################
2016-05-29 16:55:36.275137 
2016-05-29 16:55:36.275157 : ## process/grounding/factor/inf_istrue_has_spouse/dump_weights ###############
2016-05-29 16:55:36.275176 : # Done: 2016-05-29T12:22:08-0700 (4h 33m 25s ago)
2016-05-29 16:55:36.275194 : process/grounding/factor/inf_istrue_has_spouse/dump_weights/run.sh
2016-05-29 16:55:36.275212 : mark_done process/grounding/factor/inf_istrue_has_spouse/dump_weights
2016-05-29 16:55:36.275231 : ##############################################################################
2016-05-29 16:55:36.275249 
2016-05-29 16:55:36.275268 : ## process/grounding/global_weight_table #####################################
2016-05-29 16:55:36.275287 : # Done: 2016-05-29T12:22:08-0700 (4h 33m 25s ago)
2016-05-29 16:55:36.275305 : process/grounding/global_weight_table/run.sh
2016-05-29 16:55:36.275325 : mark_done process/grounding/global_weight_table
2016-05-29 16:55:36.275345 : ##############################################################################
2016-05-29 16:55:36.275365 
2016-05-29 16:55:36.275385 : ## process/grounding/variable_holdout ########################################
2016-05-29 16:55:36.275405 : # Done: 2016-05-29T12:22:09-0700 (4h 33m 24s ago)
2016-05-29 16:55:36.275426 : process/grounding/variable_holdout/run.sh
2016-05-29 16:55:36.275445 : mark_done process/grounding/variable_holdout
2016-05-29 16:55:36.275464 : ##############################################################################
2016-05-29 16:55:36.275485 
2016-05-29 16:55:36.275505 : ## process/grounding/variable/has_spouse/dump ################################
2016-05-29 16:55:36.275524 : # Done: 2016-05-29T12:22:09-0700 (4h 33m 24s ago)
2016-05-29 16:55:36.275561 : process/grounding/variable/has_spouse/dump/run.sh
2016-05-29 16:55:36.275601 : mark_done process/grounding/variable/has_spouse/dump
2016-05-29 16:55:36.275626 : ##############################################################################
2016-05-29 16:55:36.275649 
2016-05-29 16:55:36.275671 : ## process/grounding/combine_factorgraph #####################################
2016-05-29 16:55:36.275692 : # Done: 2016-05-29T12:22:10-0700 (4h 33m 24s ago)
2016-05-29 16:55:36.275711 : process/grounding/combine_factorgraph/run.sh
2016-05-29 16:55:36.275730 : mark_done process/grounding/combine_factorgraph
2016-05-29 16:55:36.275750 : ##############################################################################
2016-05-29 16:55:36.275772 
2016-05-29 16:55:36.275794 : ## model/factorgraph #########################################################
2016-05-29 16:55:36.275822 : # Done: 2016-05-29T12:22:10-0700 (4h 33m 24s ago)
2016-05-29 16:55:36.275841 : mark_done model/factorgraph
2016-05-29 16:55:36.275861 : ##############################################################################
2016-05-29 16:55:36.275883 
2016-05-29 16:55:36.275903 : ## process/model/learning ####################################################
2016-05-29 16:55:36.275924 : # Done: 2016-05-29T12:22:22-0700 (4h 33m 12s ago)
2016-05-29 16:55:36.275946 : process/model/learning/run.sh
2016-05-29 16:55:36.275968 : mark_done process/model/learning
2016-05-29 16:55:36.275991 : ##############################################################################
2016-05-29 16:55:36.276011 
2016-05-29 16:55:36.276033 : ## model/weights #############################################################
2016-05-29 16:55:36.276053 : # Done: 2016-05-29T12:22:22-0700 (4h 33m 12s ago)
2016-05-29 16:55:36.276075 : mark_done model/weights
2016-05-29 16:55:36.276098 : ##############################################################################
2016-05-29 16:55:36.276118 
2016-05-29 16:55:36.276138 : ## process/model/inference ###################################################
2016-05-29 16:55:36.276160 : # Done: 2016-05-29T12:22:22-0700 (4h 33m 12s ago)
2016-05-29 16:55:36.276182 : process/model/inference/run.sh
2016-05-29 16:55:36.276204 : mark_done process/model/inference
2016-05-29 16:55:36.276227 : ##############################################################################
2016-05-29 16:55:36.276249 
2016-05-29 16:55:36.276268 : ## model/probabilities #######################################################
2016-05-29 16:55:36.276289 : # Done: 2016-05-29T12:22:22-0700 (4h 33m 12s ago)
2016-05-29 16:55:36.276311 : mark_done model/probabilities
2016-05-29 16:55:36.276329 : ##############################################################################
2016-05-29 16:55:36.276347 
2016-05-29 16:55:36.276365 ## process/model/load_probabilities ##########################################
2016-05-29 16:55:36.276385 : # Done: 2016-05-29T12:22:22-0700 (4h 33m 12s ago)
2016-05-29 16:55:36.276405 # Done: 2016-05-29T12:22:22-0700 (4h 33m 10s ago)
2016-05-29 16:55:36.276425 process/model/load_probabilities/run.sh
2016-05-29 16:55:36.276444 ++ dirname process/model/load_probabilities/run.sh
2016-05-29 16:55:36.276462 + cd process/model/load_probabilities
2016-05-29 16:55:36.276480 + export DEEPDIVE_CURRENT_PROCESS_NAME=process/model/load_probabilities
2016-05-29 16:55:36.276500 + DEEPDIVE_CURRENT_PROCESS_NAME=process/model/load_probabilities
2016-05-29 16:55:36.276521 + mkdir -p ../../../model
2016-05-29 16:55:36.276540 + cd ../../../model
2016-05-29 16:55:36.276559 + deepdive create table dd_inference_result_variables id:BIGINT category:BIGINT 'expectation:DOUBLE PRECISION'
2016-05-29 16:55:36.655745 CREATE TABLE
2016-05-29 16:55:36.658182 + cat probabilities/inference_result.out.text
2016-05-29 16:55:36.658255 + tr ' ' '\t'
2016-05-29 16:55:36.658816 + DEEPDIVE_LOAD_FORMAT=tsv
2016-05-29 16:55:36.658886 + deepdive load dd_inference_result_variables /dev/stdin
2016-05-29 16:55:36.777365 Loading dd_inference_result_variables from /dev/stdin (tsv format)
2016-05-29 16:55:36.824181 COPY 3211
2016-05-29 16:55:36.846016 + deepdive create view has_spouse_label_inference as '
2016-05-29 16:55:36.846066                 SELECT has_spouse.*, mir.category, mir.expectation FROM
2016-05-29 16:55:36.846127                 has_spouse, dd_inference_result_variables mir
2016-05-29 16:55:36.846160                 WHERE has_spouse.id = mir.id
2016-05-29 16:55:36.846182                 ORDER BY mir.expectation DESC
2016-05-29 16:55:36.846201                 '
2016-05-29 16:55:36.995562 CREATE VIEW
2016-05-29 16:55:36.997026 mark_done process/model/load_probabilities
2016-05-29 16:55:37.013627 ##############################################################################
2016-05-29 16:55:37.013690 
2016-05-29 16:55:37.013715 ## data/model/probabilities ##################################################
2016-05-29 16:55:37.013736 : # Done: 2016-05-29T12:22:22-0700 (4h 33m 12s ago)
2016-05-29 16:55:37.013754 # Done: 2016-05-29T12:22:22-0700 (4h 33m 11s ago)
2016-05-29 16:55:37.013771 # no-op
2016-05-29 16:55:37.013790 mark_done data/model/probabilities
2016-05-29 16:55:37.033563 ##############################################################################
2016-05-29 16:55:37.033678 
