2016-05-22 17:01:57.162571 # on eduroam-169-233-210-202.ucsc.edu: deepdive do sentences
2016-05-22 17:01:57.162883 # run/20160522/170155.681402000/plan.sh
2016-05-22 17:01:57.162919 # execution plan for data/sentences
2016-05-22 17:01:57.162944 
2016-05-22 17:01:57.162966 : ## process/init/app ##########################################################
2016-05-22 17:01:57.162986 : # Done: 2016-05-22T16:58:31-0700 (3m 24s ago)
2016-05-22 17:01:57.163008 : process/init/app/run.sh
2016-05-22 17:01:57.163027 : mark_done process/init/app
2016-05-22 17:01:57.163046 : ##############################################################################
2016-05-22 17:01:57.163067 
2016-05-22 17:01:57.163087 : ## process/init/relation/articles ############################################
2016-05-22 17:01:57.163108 : # Done: 2016-05-22T17:01:30-0700 (25s ago)
2016-05-22 17:01:57.163129 : process/init/relation/articles/run.sh
2016-05-22 17:01:57.163149 : mark_done process/init/relation/articles
2016-05-22 17:01:57.163169 : ##############################################################################
2016-05-22 17:01:57.163190 
2016-05-22 17:01:57.163209 : ## data/articles #############################################################
2016-05-22 17:01:57.163230 : # Done: 2016-05-22T17:01:30-0700 (25s ago)
2016-05-22 17:01:57.163252 : # no-op
2016-05-22 17:01:57.163272 : mark_done data/articles
2016-05-22 17:01:57.163293 : ##############################################################################
2016-05-22 17:01:57.163314 
2016-05-22 17:01:57.163334 ## process/ext_sentences_by_nlp_markup #######################################
2016-05-22 17:01:57.163355 # Done: 2016-05-22T16:59:47-0700 (2m 8s ago)
2016-05-22 17:01:57.163377 process/ext_sentences_by_nlp_markup/run.sh
2016-05-22 17:01:57.163397 ++ dirname process/ext_sentences_by_nlp_markup/run.sh
2016-05-22 17:01:57.163419 + cd process/ext_sentences_by_nlp_markup
2016-05-22 17:01:57.163438 + export DEEPDIVE_CURRENT_PROCESS_NAME=process/ext_sentences_by_nlp_markup
2016-05-22 17:01:57.163458 + DEEPDIVE_CURRENT_PROCESS_NAME=process/ext_sentences_by_nlp_markup
2016-05-22 17:01:57.163479 + export DEEPDIVE_LOAD_FORMAT=tsv
2016-05-22 17:01:57.163499 + DEEPDIVE_LOAD_FORMAT=tsv
2016-05-22 17:01:57.163520 + deepdive compute execute 'input_sql= SELECT R0.id AS "articles.R0.id", R0.content AS "articles.R0.content"
2016-05-22 17:01:57.163542 FROM articles R0
2016-05-22 17:01:57.163564         
2016-05-22 17:01:57.163586           ' 'command="$DEEPDIVE_APP"/udf/nlp_markup.sh' output_relation=sentences
2016-05-22 17:01:57.203679 Executing with the following configuration:
2016-05-22 17:01:57.203759  DEEPDIVE_NUM_PROCESSES=3
2016-05-22 17:01:57.203795  DEEPDIVE_NUM_PARALLEL_UNLOADS=1
2016-05-22 17:01:57.203827  DEEPDIVE_NUM_PARALLEL_LOADS=1
2016-05-22 17:01:57.203887  output_relation_tmp=dd_tmp_sentences
2016-05-22 17:01:57.203921 
2016-05-22 17:01:57.381505 CREATE TABLE
2016-05-22 17:01:57.480868 CREATE TABLE
2016-05-22 17:01:57.642751 unloading to feed_processes-1: ' SELECT R0.id AS "articles.R0.id", R0.content AS "articles.R0.content"
2016-05-22 17:01:57.642815 FROM articles R0
2016-05-22 17:01:57.642839         
2016-05-22 17:01:57.642866           '
2016-05-22 17:01:57.684308 Loading dd_tmp_sentences from output_computed-1 (tsv format)
2016-05-22 17:01:58.792705 Parsing with max_len=100
2016-05-22 17:01:58.817809 Parsing with max_len=100
2016-05-22 17:01:58.827173 Parsing with max_len=100
2016-05-22 17:01:59.040033 Adding annotator tokenize
2016-05-22 17:01:59.045405 TokenizerAnnotator: No tokenizer type provided. Defaulting to PTBTokenizer.
2016-05-22 17:01:59.092352 Adding annotator cleanxml
2016-05-22 17:01:59.110954 Adding annotator tokenize
2016-05-22 17:01:59.116923 TokenizerAnnotator: No tokenizer type provided. Defaulting to PTBTokenizer.
2016-05-22 17:01:59.123860 Adding annotator cleanxml
2016-05-22 17:01:59.173225 Adding annotator tokenize
2016-05-22 17:01:59.175079 Adding annotator ssplit
2016-05-22 17:01:59.178400 Adding annotator posTokenizerAnnotator: No tokenizer type provided. Defaulting to PTBTokenizer.
2016-05-22 17:01:59.181752 
2016-05-22 17:01:59.185238 Adding annotator cleanxml
2016-05-22 17:01:59.218792 Adding annotator ssplit
2016-05-22 17:01:59.227868 Adding annotator pos
2016-05-22 17:01:59.252869 Adding annotator ssplit
2016-05-22 17:01:59.256284 Adding annotator pos
2016-05-22 17:02:01.959392 Reading POS tagger model from edu/stanford/nlp/models/pos-tagger/english-left3words/english-left3words-distsim.tagger ... Reading POS tagger model from edu/stanford/nlp/models/pos-tagger/english-left3words/english-left3words-distsim.tagger ... Reading POS tagger model from edu/stanford/nlp/models/pos-tagger/english-left3words/english-left3words-distsim.tagger ... done [2.7 sec].
2016-05-22 17:02:01.960313 Adding annotator lemma
2016-05-22 17:02:01.961318 Adding annotator ner
2016-05-22 17:02:02.930232 Loading classifier from edu/stanford/nlp/models/ner/english.all.3class.distsim.crf.ser.gz ... done [3.4 sec].
2016-05-22 17:02:02.930412 Adding annotator lemma
2016-05-22 17:02:02.931641 Adding annotator ner
2016-05-22 17:02:03.529898 Loading classifier from edu/stanford/nlp/models/ner/english.all.3class.distsim.crf.ser.gz ... done [4.2 sec].
2016-05-22 17:02:03.530107 Adding annotator lemma
2016-05-22 17:02:03.531313 Adding annotator ner
2016-05-22 17:02:10.645975 Loading classifier from edu/stanford/nlp/models/ner/english.all.3class.distsim.crf.ser.gz ... done [7.0 sec].
2016-05-22 17:02:10.664537 Loading classifier from edu/stanford/nlp/models/ner/english.muc.7class.distsim.crf.ser.gz ... done [8.5 sec].
2016-05-22 17:02:11.437980 Loading classifier from edu/stanford/nlp/models/ner/english.muc.7class.distsim.crf.ser.gz ... done [8.4 sec].
2016-05-22 17:02:15.708051 Loading classifier from edu/stanford/nlp/models/ner/english.muc.7class.distsim.crf.ser.gz ... done [4.3 sec].
2016-05-22 17:02:16.327167 Loading classifier from edu/stanford/nlp/models/ner/english.conll.4class.distsim.crf.ser.gz ... done [5.7 sec].
2016-05-22 17:02:17.435689 Loading classifier from edu/stanford/nlp/models/ner/english.conll.4class.distsim.crf.ser.gz ... done [6.8 sec].
2016-05-22 17:02:21.229316 Loading classifier from edu/stanford/nlp/models/ner/english.conll.4class.distsim.crf.ser.gz ... done [4.9 sec].
2016-05-22 17:02:21.232620 sutime.binder.1.
2016-05-22 17:02:21.232692 Initializing JollyDayHoliday for sutime with classpath:edu/stanford/nlp/models/sutime/jollyday/Holidays_sutime.xml
2016-05-22 17:02:22.189825 Reading TokensRegex rules from edu/stanford/nlp/models/sutime/defs.sutime.txt
2016-05-22 17:02:22.289563 Reading TokensRegex rules from edu/stanford/nlp/models/sutime/english.sutime.txt
2016-05-22 17:02:22.421980 done [6.7 sec].
2016-05-22 17:02:22.425732 sutime.binder.1.
2016-05-22 17:02:22.425813 Initializing JollyDayHoliday for sutime with classpath:edu/stanford/nlp/models/sutime/jollyday/Holidays_sutime.xml
2016-05-22 17:02:23.062950 done [5.6 sec].
2016-05-22 17:02:23.066457 sutime.binder.1.
2016-05-22 17:02:23.066528 Initializing JollyDayHoliday for sutime with classpath:edu/stanford/nlp/models/sutime/jollyday/Holidays_sutime.xml
2016-05-22 17:02:23.079957 May 22, 2016 5:02:23 PM edu.stanford.nlp.ling.tokensregex.CoreMapExpressionExtractor appendRules
2016-05-22 17:02:23.080032 信息: Ignoring inactive rule: null
2016-05-22 17:02:23.081523 May 22, 2016 5:02:23 PM edu.stanford.nlp.ling.tokensregex.CoreMapExpressionExtractor appendRules
2016-05-22 17:02:23.081610 信息: Ignoring inactive rule: temporal-composite-8:ranges
2016-05-22 17:02:23.082010 Reading TokensRegex rules from edu/stanford/nlp/models/sutime/english.holidays.sutime.txt
2016-05-22 17:02:23.088958 Adding annotator parse
2016-05-22 17:02:23.783622 Loading parser from serialized file edu/stanford/nlp/models/srparser/englishSR.ser.gz ...Reading TokensRegex rules from edu/stanford/nlp/models/sutime/defs.sutime.txt
2016-05-22 17:02:23.902395 Reading TokensRegex rules from edu/stanford/nlp/models/sutime/english.sutime.txt
2016-05-22 17:02:24.495080 Reading TokensRegex rules from edu/stanford/nlp/models/sutime/defs.sutime.txt
2016-05-22 17:02:24.630033 Reading TokensRegex rules from edu/stanford/nlp/models/sutime/english.sutime.txt
2016-05-22 17:02:24.707922 May 22, 2016 5:02:24 PM edu.stanford.nlp.ling.tokensregex.CoreMapExpressionExtractor appendRules
2016-05-22 17:02:24.708001 信息: Ignoring inactive rule: null
2016-05-22 17:02:24.710371 May 22, 2016 5:02:24 PM edu.stanford.nlp.ling.tokensregex.CoreMapExpressionExtractor appendRules
2016-05-22 17:02:24.710461 信息: Ignoring inactive rule: temporal-composite-8:ranges
2016-05-22 17:02:24.710760 Reading TokensRegex rules from edu/stanford/nlp/models/sutime/english.holidays.sutime.txt
2016-05-22 17:02:24.740648 Adding annotator parse
2016-05-22 17:02:25.845386 Loading parser from serialized file edu/stanford/nlp/models/srparser/englishSR.ser.gz ...May 22, 2016 5:02:25 PM edu.stanford.nlp.ling.tokensregex.CoreMapExpressionExtractor appendRules
2016-05-22 17:02:25.845486 信息: Ignoring inactive rule: null
2016-05-22 17:02:25.846613 May 22, 2016 5:02:25 PM edu.stanford.nlp.ling.tokensregex.CoreMapExpressionExtractor appendRules
2016-05-22 17:02:25.846692 信息: Ignoring inactive rule: temporal-composite-8:ranges
2016-05-22 17:02:25.846997 Reading TokensRegex rules from edu/stanford/nlp/models/sutime/english.holidays.sutime.txt
2016-05-22 17:02:25.893574 Adding annotator parse
2016-05-22 17:03:15.862460 Loading parser from serialized file edu/stanford/nlp/models/srparser/englishSR.ser.gz ...done [49.9 sec].
2016-05-22 17:03:16.812622 Parsing document 00c3e9df-0d9d-4dc6-b98b-f88dfae8d81e...
2016-05-22 17:03:17.280727 done [54.1 sec].
2016-05-22 17:03:17.306102 done [52.5 sec].
2016-05-22 17:03:17.967079 Parsing document a19677ca-abb4-4744-b835-31696d3527cf...
2016-05-22 17:03:19.924593 Parsing document ecdf95ec-4879-4efd-9c59-4bfe743ea806...
2016-05-22 17:03:21.505418 Parsing document 1d725fcb-ec9c-4477-87c5-2229925b4310...
2016-05-22 17:03:22.163285 Parsing document 75b1f2e3-4bce-439e-86fa-dc1397c840c6...
2016-05-22 17:03:22.836585 Parsing document 9fb1a267-bd4d-4c29-a1f3-5959a2c1ac64...
2016-05-22 17:03:23.365721 Parsing document eab5bdb2-547f-454e-ae21-5733df4da94c...
2016-05-22 17:03:23.965864 Parsing document 42f3c183-261e-4ee3-bd96-cf3c3da4aebf...
2016-05-22 17:03:25.120210 Parsing document 2ee9d06d-5a57-4ad4-8966-4d111b18226f...
2016-05-22 17:03:25.369440 Parsing document c6579a17-7d65-443f-87c0-8e13bb0c256f...
2016-05-22 17:03:25.701918 Parsing document 3a01b85d-cf65-490e-8838-597dc4eeebcd...
2016-05-22 17:03:26.072557 Parsing document a0243e9e-3e4f-4290-bc2f-ecfa7a0f5690...
2016-05-22 17:03:27.149378 Parsing document 10a055fb-3a26-4b7e-9c8a-3879ec8ad03a...
2016-05-22 17:03:27.699360 Parsing document bfaaae58-88df-424f-b6cf-929fdaa9210b...
2016-05-22 17:03:29.114464 Parsing document 7ed7c59c-c0c7-4fe9-844d-f14d6c1a24f9...
2016-05-22 17:03:29.419469 Parsing document 46e785cd-6c8f-4f9c-b303-84e1bbb325df...
2016-05-22 17:03:29.774865 COPY 193
2016-05-22 17:03:29.785250 Replacing sentences with dd_tmp_sentences
2016-05-22 17:03:29.903453 DROP TABLE
2016-05-22 17:03:29.981500 ALTER TABLE
2016-05-22 17:03:30.058985 ALTER TABLE
2016-05-22 17:03:30.146625 DROP TABLE
2016-05-22 17:03:30.203112 ANALYZE
2016-05-22 17:03:30.214898 mark_done process/ext_sentences_by_nlp_markup
2016-05-22 17:03:30.235568 ##############################################################################
2016-05-22 17:03:30.235619 
2016-05-22 17:03:30.235636 ## data/sentences ############################################################
2016-05-22 17:03:30.235656 # Done: 2016-05-22T16:59:47-0700 (2m 8s ago)
2016-05-22 17:03:30.235677 # no-op
2016-05-22 17:03:30.235700 mark_done data/sentences
2016-05-22 17:03:30.259021 ##############################################################################
2016-05-22 17:03:30.259095 
