2016-05-25 12:14:53.998702 # on dhcp-169-233-164-19.cruznet.ucsc.edu: deepdive do has_spouse
2016-05-25 12:14:53.999184 # run/20160525/121452.319853000/plan.sh
2016-05-25 12:14:53.999220 # execution plan for data/has_spouse
2016-05-25 12:14:53.999242 
2016-05-25 12:14:53.999263 : ## process/init/app ##########################################################
2016-05-25 12:14:53.999284 : # Done: 2016-05-22T17:21:25-0700 (2d 18h 53m 27s ago)
2016-05-25 12:14:53.999304 : process/init/app/run.sh
2016-05-25 12:14:53.999324 : mark_done process/init/app
2016-05-25 12:14:53.999344 : ##############################################################################
2016-05-25 12:14:53.999364 
2016-05-25 12:14:53.999383 : ## process/init/relation/articles ############################################
2016-05-25 12:14:53.999403 : # Done: 2016-05-23T12:16:43-0700 (1d 23h 58m 9s ago)
2016-05-25 12:14:53.999422 : process/init/relation/articles/run.sh
2016-05-25 12:14:53.999442 : mark_done process/init/relation/articles
2016-05-25 12:14:53.999462 : ##############################################################################
2016-05-25 12:14:53.999483 
2016-05-25 12:14:53.999504 : ## data/articles #############################################################
2016-05-25 12:14:53.999523 : # Done: 2016-05-23T12:16:43-0700 (1d 23h 58m 9s ago)
2016-05-25 12:14:53.999543 : # no-op
2016-05-25 12:14:53.999563 : mark_done data/articles
2016-05-25 12:14:53.999582 : ##############################################################################
2016-05-25 12:14:53.999600 
2016-05-25 12:14:53.999619 : ## process/ext_sentences_by_nlp_markup #######################################
2016-05-25 12:14:53.999639 : # Done: 2016-05-23T15:05:01-0700 (1d 21h 9m 51s ago)
2016-05-25 12:14:53.999658 : process/ext_sentences_by_nlp_markup/run.sh
2016-05-25 12:14:53.999677 : mark_done process/ext_sentences_by_nlp_markup
2016-05-25 12:14:53.999696 : ##############################################################################
2016-05-25 12:14:53.999716 
2016-05-25 12:14:53.999735 : ## data/sentences ############################################################
2016-05-25 12:14:53.999755 : # Done: 2016-05-23T15:05:01-0700 (1d 21h 9m 51s ago)
2016-05-25 12:14:53.999774 : # no-op
2016-05-25 12:14:53.999793 : mark_done data/sentences
2016-05-25 12:14:53.999811 : ##############################################################################
2016-05-25 12:14:53.999831 
2016-05-25 12:14:53.999851 : ## process/ext_person_mention_by_map_person_mention ##########################
2016-05-25 12:14:53.999870 : # Done: 2016-05-23T15:05:52-0700 (1d 21h 9m ago)
2016-05-25 12:14:53.999889 : process/ext_person_mention_by_map_person_mention/run.sh
2016-05-25 12:14:53.999908 : mark_done process/ext_person_mention_by_map_person_mention
2016-05-25 12:14:54.000040 : ##############################################################################
2016-05-25 12:14:54.000255 
2016-05-25 12:14:54.000282 : ## data/person_mention #######################################################
2016-05-25 12:14:54.000302 : # Done: 2016-05-23T15:05:52-0700 (1d 21h 9m ago)
2016-05-25 12:14:54.000320 : # no-op
2016-05-25 12:14:54.000339 : mark_done data/person_mention
2016-05-25 12:14:54.000356 : ##############################################################################
2016-05-25 12:14:54.000374 
2016-05-25 12:14:54.000392 : ## process/ext_num_people ####################################################
2016-05-25 12:14:54.000409 : # Done: 2016-05-23T15:06:46-0700 (1d 21h 8m 6s ago)
2016-05-25 12:14:54.000426 : process/ext_num_people/run.sh
2016-05-25 12:14:54.000444 : mark_done process/ext_num_people
2016-05-25 12:14:54.000461 : ##############################################################################
2016-05-25 12:14:54.000478 
2016-05-25 12:14:54.000496 : ## data/num_people ###########################################################
2016-05-25 12:14:54.000514 : # Done: 2016-05-23T15:06:46-0700 (1d 21h 8m 6s ago)
2016-05-25 12:14:54.000532 : # no-op
2016-05-25 12:14:54.000549 : mark_done data/num_people
2016-05-25 12:14:54.000567 : ##############################################################################
2016-05-25 12:14:54.000585 
2016-05-25 12:14:54.000603 : ## process/ext_team_mention_by_map_team_mention ##############################
2016-05-25 12:14:54.000621 : # Done: 2016-05-23T15:06:19-0700 (1d 21h 8m 33s ago)
2016-05-25 12:14:54.000639 : process/ext_team_mention_by_map_team_mention/run.sh
2016-05-25 12:14:54.000656 : mark_done process/ext_team_mention_by_map_team_mention
2016-05-25 12:14:54.000709 : ##############################################################################
2016-05-25 12:14:54.000728 
2016-05-25 12:14:54.000746 : ## data/team_mention #########################################################
2016-05-25 12:14:54.000763 : # Done: 2016-05-23T15:06:19-0700 (1d 21h 8m 33s ago)
2016-05-25 12:14:54.000781 : # no-op
2016-05-25 12:14:54.000798 : mark_done data/team_mention
2016-05-25 12:14:54.000816 : ##############################################################################
2016-05-25 12:14:54.000833 
2016-05-25 12:14:54.000851 : ## process/ext_spouse_candidate ##############################################
2016-05-25 12:14:54.000868 : # Done: 2016-05-23T15:07:38-0700 (1d 21h 7m 14s ago)
2016-05-25 12:14:54.000886 : process/ext_spouse_candidate/run.sh
2016-05-25 12:14:54.000903 : mark_done process/ext_spouse_candidate
2016-05-25 12:14:54.000920 : ##############################################################################
2016-05-25 12:14:54.000937 
2016-05-25 12:14:54.000955 : ## data/spouse_candidate #####################################################
2016-05-25 12:14:54.000973 : # Done: 2016-05-23T15:07:38-0700 (1d 21h 7m 14s ago)
2016-05-25 12:14:54.000990 : # no-op
2016-05-25 12:14:54.001009 : mark_done data/spouse_candidate
2016-05-25 12:14:54.001027 : ##############################################################################
2016-05-25 12:14:54.001044 
2016-05-25 12:14:54.001062 : ## process/ext_spouse_label__0_by_supervise ##################################
2016-05-25 12:14:54.001079 : # Done: 2016-05-23T15:08:48-0700 (1d 21h 6m 4s ago)
2016-05-25 12:14:54.001098 : process/ext_spouse_label__0_by_supervise/run.sh
2016-05-25 12:14:54.001115 : mark_done process/ext_spouse_label__0_by_supervise
2016-05-25 12:14:54.001133 : ##############################################################################
2016-05-25 12:14:54.001151 
2016-05-25 12:14:54.001168 : ## data/spouse_label__0 ######################################################
2016-05-25 12:14:54.001185 : # Done: 2016-05-23T15:08:48-0700 (1d 21h 6m 4s ago)
2016-05-25 12:14:54.001203 : # no-op
2016-05-25 12:14:54.001220 : mark_done data/spouse_label__0
2016-05-25 12:14:54.001237 : ##############################################################################
2016-05-25 12:14:54.001254 
2016-05-25 12:14:54.001272 : ## process/init/relation/spouses_dbpedia #####################################
2016-05-25 12:14:54.001291 : # Done: 2016-05-23T15:08:28-0700 (1d 21h 6m 24s ago)
2016-05-25 12:14:54.001308 : process/init/relation/spouses_dbpedia/run.sh
2016-05-25 12:14:54.001326 : mark_done process/init/relation/spouses_dbpedia
2016-05-25 12:14:54.001343 : ##############################################################################
2016-05-25 12:14:54.001361 
2016-05-25 12:14:54.001378 : ## data/spouses_dbpedia ######################################################
2016-05-25 12:14:54.001396 : # Done: 2016-05-23T15:08:28-0700 (1d 21h 6m 24s ago)
2016-05-25 12:14:54.001414 : # no-op
2016-05-25 12:14:54.001431 : mark_done data/spouses_dbpedia
2016-05-25 12:14:54.001448 : ##############################################################################
2016-05-25 12:14:54.001466 
2016-05-25 12:14:54.001483 : ## process/ext_spouse_label ##################################################
2016-05-25 12:14:54.001500 : # Done: 2016-05-23T15:08:50-0700 (1d 21h 6m 2s ago)
2016-05-25 12:14:54.001517 : process/ext_spouse_label/run.sh
2016-05-25 12:14:54.001535 : mark_done process/ext_spouse_label
2016-05-25 12:14:54.001553 : ##############################################################################
2016-05-25 12:14:54.001572 
2016-05-25 12:14:54.001590 : ## data/spouse_label #########################################################
2016-05-25 12:14:54.001607 : # Done: 2016-05-23T15:08:50-0700 (1d 21h 6m 2s ago)
2016-05-25 12:14:54.001625 : # no-op
2016-05-25 12:14:54.001642 : mark_done data/spouse_label
2016-05-25 12:14:54.001659 : ##############################################################################
2016-05-25 12:14:54.001676 
2016-05-25 12:14:54.001694 : ## process/ext_spouse_label_resolved #########################################
2016-05-25 12:14:54.001712 : # Done: 2016-05-23T15:08:50-0700 (1d 21h 6m 2s ago)
2016-05-25 12:14:54.001729 : process/ext_spouse_label_resolved/run.sh
2016-05-25 12:14:54.001746 : mark_done process/ext_spouse_label_resolved
2016-05-25 12:14:54.001763 : ##############################################################################
2016-05-25 12:14:54.001781 
2016-05-25 12:14:54.001798 : ## data/spouse_label_resolved ################################################
2016-05-25 12:14:54.001815 : # Done: 2016-05-23T15:08:50-0700 (1d 21h 6m 2s ago)
2016-05-25 12:14:54.001832 : # no-op
2016-05-25 12:14:54.001850 : mark_done data/spouse_label_resolved
2016-05-25 12:14:54.001868 : ##############################################################################
2016-05-25 12:14:54.001888 
2016-05-25 12:14:54.001907 ## process/ext_has_spouse ####################################################
2016-05-25 12:14:54.001925 # Done: 2016-05-23T15:08:51-0700 (1d 21h 6m 1s ago)
2016-05-25 12:14:54.001944 process/ext_has_spouse/run.sh
2016-05-25 12:14:54.001962 ++ dirname process/ext_has_spouse/run.sh
2016-05-25 12:14:54.001979 + cd process/ext_has_spouse
2016-05-25 12:14:54.001997 + export DEEPDIVE_CURRENT_PROCESS_NAME=process/ext_has_spouse
2016-05-25 12:14:54.002015 + DEEPDIVE_CURRENT_PROCESS_NAME=process/ext_has_spouse
2016-05-25 12:14:54.002033 + deepdive create table has_spouse
2016-05-25 12:14:54.183445 NOTICE:  drop cascades to view has_spouse_label_inference
2016-05-25 12:14:54.233624 CREATE TABLE
2016-05-25 12:14:54.234645 + deepdive sql 'INSERT INTO has_spouse SELECT DISTINCT R0.column_0, R0.column_1, 0 AS id, 
2016-05-25 12:14:54.234702 CASE WHEN R0.column_2 > 0 THEN true
2016-05-25 12:14:54.234725      WHEN R0.column_2 < 0 THEN false
2016-05-25 12:14:54.234747      ELSE NULL
2016-05-25 12:14:54.234769 END AS label
2016-05-25 12:14:54.234821           FROM spouse_label_resolved R0
2016-05-25 12:14:54.234859         
2016-05-25 12:14:54.234881           '
2016-05-25 12:14:54.412035 INSERT 0 3211
2016-05-25 12:14:54.413400 mark_done process/ext_has_spouse
2016-05-25 12:14:54.432444 ##############################################################################
2016-05-25 12:14:54.432514 
2016-05-25 12:14:54.432537 ## data/has_spouse ###########################################################
2016-05-25 12:14:54.432559 # Done: 2016-05-23T15:08:51-0700 (1d 21h 6m 1s ago)
2016-05-25 12:14:54.432601 # no-op
2016-05-25 12:14:54.432630 mark_done data/has_spouse
2016-05-25 12:14:54.453868 ##############################################################################
2016-05-25 12:14:54.453948 
