2016-05-21 14:47:37.823463 # on dhcp-169-233-138-157.cruznet.ucsc.edu: deepdive do has_spouse
2016-05-21 14:47:37.823776 # run/20160521/144736.045949000/plan.sh
2016-05-21 14:47:37.823808 # execution plan for data/has_spouse
2016-05-21 14:47:37.823832 
2016-05-21 14:47:37.823853 : ## process/init/app ##########################################################
2016-05-21 14:47:37.823873 : # Done: 2016-05-20T15:47:44-0700 (22h 59m 52s ago)
2016-05-21 14:47:37.823891 : process/init/app/run.sh
2016-05-21 14:47:37.823909 : mark_done process/init/app
2016-05-21 14:47:37.823926 : ##############################################################################
2016-05-21 14:47:37.823973 
2016-05-21 14:47:37.824007 : ## process/init/relation/articles ############################################
2016-05-21 14:47:37.824030 : # Done: 2016-05-20T19:16:48-0700 (19h 30m 48s ago)
2016-05-21 14:47:37.824051 : process/init/relation/articles/run.sh
2016-05-21 14:47:37.824073 : mark_done process/init/relation/articles
2016-05-21 14:47:37.824092 : ##############################################################################
2016-05-21 14:47:37.824113 
2016-05-21 14:47:37.824132 : ## data/articles #############################################################
2016-05-21 14:47:37.824151 : # Done: 2016-05-20T19:16:48-0700 (19h 30m 48s ago)
2016-05-21 14:47:37.824170 : # no-op
2016-05-21 14:47:37.824190 : mark_done data/articles
2016-05-21 14:47:37.824211 : ##############################################################################
2016-05-21 14:47:37.824232 
2016-05-21 14:47:37.824253 : ## process/ext_sentences_by_nlp_markup #######################################
2016-05-21 14:47:37.824274 : # Done: 2016-05-20T19:20:04-0700 (19h 27m 32s ago)
2016-05-21 14:47:37.824296 : process/ext_sentences_by_nlp_markup/run.sh
2016-05-21 14:47:37.824316 : mark_done process/ext_sentences_by_nlp_markup
2016-05-21 14:47:37.824337 : ##############################################################################
2016-05-21 14:47:37.824361 
2016-05-21 14:47:37.824381 : ## data/sentences ############################################################
2016-05-21 14:47:37.824401 : # Done: 2016-05-20T19:20:04-0700 (19h 27m 32s ago)
2016-05-21 14:47:37.824419 : # no-op
2016-05-21 14:47:37.824440 : mark_done data/sentences
2016-05-21 14:47:37.824460 : ##############################################################################
2016-05-21 14:47:37.824480 
2016-05-21 14:47:37.824500 : ## process/ext_person_mention_by_map_person_mention ##########################
2016-05-21 14:47:37.824521 : # Done: 2016-05-20T20:58:22-0700 (17h 49m 14s ago)
2016-05-21 14:47:37.824541 : process/ext_person_mention_by_map_person_mention/run.sh
2016-05-21 14:47:37.824560 : mark_done process/ext_person_mention_by_map_person_mention
2016-05-21 14:47:37.824578 : ##############################################################################
2016-05-21 14:47:37.824599 
2016-05-21 14:47:37.824620 : ## data/person_mention #######################################################
2016-05-21 14:47:37.824640 : # Done: 2016-05-20T20:58:22-0700 (17h 49m 14s ago)
2016-05-21 14:47:37.824660 : # no-op
2016-05-21 14:47:37.824679 : mark_done data/person_mention
2016-05-21 14:47:37.824698 : ##############################################################################
2016-05-21 14:47:37.824719 
2016-05-21 14:47:37.824740 : ## process/ext_num_people ####################################################
2016-05-21 14:47:37.824760 : # Done: 2016-05-20T21:35:41-0700 (17h 11m 55s ago)
2016-05-21 14:47:37.824781 : process/ext_num_people/run.sh
2016-05-21 14:47:37.824803 : mark_done process/ext_num_people
2016-05-21 14:47:37.824822 : ##############################################################################
2016-05-21 14:47:37.824840 
2016-05-21 14:47:37.824856 : ## data/num_people ###########################################################
2016-05-21 14:47:37.824893 : # Done: 2016-05-20T21:35:41-0700 (17h 11m 55s ago)
2016-05-21 14:47:37.824924 : # no-op
2016-05-21 14:47:37.824945 : mark_done data/num_people
2016-05-21 14:47:37.824967 : ##############################################################################
2016-05-21 14:47:37.824987 
2016-05-21 14:47:37.825007 : ## process/ext_team_mention_by_map_team_mention ##############################
2016-05-21 14:47:37.825027 : # Done: 2016-05-20T21:23:06-0700 (17h 24m 30s ago)
2016-05-21 14:47:37.825048 : process/ext_team_mention_by_map_team_mention/run.sh
2016-05-21 14:47:37.825068 : mark_done process/ext_team_mention_by_map_team_mention
2016-05-21 14:47:37.825088 : ##############################################################################
2016-05-21 14:47:37.825110 
2016-05-21 14:47:37.825132 : ## data/team_mention #########################################################
2016-05-21 14:47:37.825153 : # Done: 2016-05-20T22:05:04-0700 (16h 42m 32s ago)
2016-05-21 14:47:37.825172 : # no-op
2016-05-21 14:47:37.825194 : mark_done data/team_mention
2016-05-21 14:47:37.825213 : ##############################################################################
2016-05-21 14:47:37.825233 
2016-05-21 14:47:37.825253 : ## process/ext_spouse_candidate ##############################################
2016-05-21 14:47:37.825273 : # Done: 2016-05-20T22:17:52-0700 (16h 29m 44s ago)
2016-05-21 14:47:37.825294 : process/ext_spouse_candidate/run.sh
2016-05-21 14:47:37.825317 : mark_done process/ext_spouse_candidate
2016-05-21 14:47:37.825337 : ##############################################################################
2016-05-21 14:47:37.825358 
2016-05-21 14:47:37.825379 : ## data/spouse_candidate #####################################################
2016-05-21 14:47:37.825399 : # Done: 2016-05-20T22:17:52-0700 (16h 29m 44s ago)
2016-05-21 14:47:37.825419 : # no-op
2016-05-21 14:47:37.825440 : mark_done data/spouse_candidate
2016-05-21 14:47:37.825460 : ##############################################################################
2016-05-21 14:47:37.825480 
2016-05-21 14:47:37.825501 : ## process/ext_spouse_label__0_by_supervise ##################################
2016-05-21 14:47:37.825522 : # Done: 2016-05-20T22:17:53-0700 (16h 29m 43s ago)
2016-05-21 14:47:37.825542 : process/ext_spouse_label__0_by_supervise/run.sh
2016-05-21 14:47:37.825563 : mark_done process/ext_spouse_label__0_by_supervise
2016-05-21 14:47:37.825585 : ##############################################################################
2016-05-21 14:47:37.825604 
2016-05-21 14:47:37.825625 : ## data/spouse_label__0 ######################################################
2016-05-21 14:47:37.825645 : # Done: 2016-05-20T22:17:53-0700 (16h 29m 43s ago)
2016-05-21 14:47:37.825666 : # no-op
2016-05-21 14:47:37.825687 : mark_done data/spouse_label__0
2016-05-21 14:47:37.825708 : ##############################################################################
2016-05-21 14:47:37.825728 
2016-05-21 14:47:37.825749 : ## process/init/relation/spouses_dbpedia #####################################
2016-05-21 14:47:37.825770 : # Done: 2016-05-21T12:09:26-0700 (2h 38m 10s ago)
2016-05-21 14:47:37.825790 : process/init/relation/spouses_dbpedia/run.sh
2016-05-21 14:47:37.825810 : mark_done process/init/relation/spouses_dbpedia
2016-05-21 14:47:37.825830 : ##############################################################################
2016-05-21 14:47:37.825850 
2016-05-21 14:47:37.825870 : ## data/spouses_dbpedia ######################################################
2016-05-21 14:47:37.825891 : # Done: 2016-05-21T12:09:26-0700 (2h 38m 10s ago)
2016-05-21 14:47:37.825912 : # no-op
2016-05-21 14:47:37.825932 : mark_done data/spouses_dbpedia
2016-05-21 14:47:37.825953 : ##############################################################################
2016-05-21 14:47:37.825973 
2016-05-21 14:47:37.825992 ## process/ext_spouse_label ##################################################
2016-05-21 14:47:37.826012 # Done: 2016-05-20T22:17:55-0700 (16h 29m 41s ago)
2016-05-21 14:47:37.826031 process/ext_spouse_label/run.sh
2016-05-21 14:47:37.826051 ++ dirname process/ext_spouse_label/run.sh
2016-05-21 14:47:37.826072 + cd process/ext_spouse_label
2016-05-21 14:47:37.826093 + export DEEPDIVE_CURRENT_PROCESS_NAME=process/ext_spouse_label
2016-05-21 14:47:37.826113 + DEEPDIVE_CURRENT_PROCESS_NAME=process/ext_spouse_label
2016-05-21 14:47:37.826133 + deepdive create table spouse_label
2016-05-21 14:47:37.988214 CREATE TABLE
2016-05-21 14:47:37.989778 + deepdive sql 'INSERT INTO spouse_label SELECT R0.p_id AS "spouse_candidate.R0.p_id", R0.t_id AS "spouse_candidate.R0.t_id", 0 AS column_2, NULL AS column_3
2016-05-21 14:47:37.989877 FROM spouse_candidate R0
2016-05-21 14:47:37.989960         
2016-05-21 14:47:37.989984 UNION ALL
2016-05-21 14:47:37.990006 SELECT R0.p_id AS "spouse_candidate.R0.p_id", R0.t_id AS "spouse_candidate.R0.t_id", 1 AS column_2, '\''from_dbpedia'\'' AS column_3
2016-05-21 14:47:37.990057 FROM spouse_candidate R0, spouses_dbpedia R1
2016-05-21 14:47:37.990080         WHERE ((lower(R1.p_name) = lower(R0.p_name) AND lower(R1.t_name) = lower(R0.p_name)) OR (lower(R1.t_name) = lower(R0.t_name) AND lower(R1.p_name) = lower(R0.t_name)))
2016-05-21 14:47:37.990103 UNION ALL
2016-05-21 14:47:37.990128 SELECT R0.p_id AS "spouse_label__0.R0.p_id", R0.t_id AS "spouse_label__0.R0.t_id", R0.label AS "spouse_label__0.R0.label", R0.rule_id AS "spouse_label__0.R0.rule_id"
2016-05-21 14:47:37.990150 FROM spouse_label__0 R0
2016-05-21 14:47:37.990171         '
2016-05-21 14:47:38.072224 ERROR:  column r0.p_id does not exist
2016-05-21 14:47:38.072341 LINE 9: SELECT R0.p_id AS "spouse_label__0.R0.p_id", R0.t_id AS "spo...
2016-05-21 14:47:38.072369                ^
2016-05-21 14:47:38.072390 HINT:  Perhaps you meant to reference the column "r0.p1_id" or the column "r0.p2_id".
