2016-05-21 12:24:01.340588 # on dhcp-169-233-138-157.cruznet.ucsc.edu: deepdive do has_spouse
2016-05-21 12:24:01.340910 # run/20160521/122358.418926000/plan.sh
2016-05-21 12:24:01.340941 # execution plan for data/has_spouse
2016-05-21 12:24:01.340963 
2016-05-21 12:24:01.340982 : ## process/init/app ##########################################################
2016-05-21 12:24:01.341001 : # Done: 2016-05-20T15:47:44-0700 (20h 36m 14s ago)
2016-05-21 12:24:01.341019 : process/init/app/run.sh
2016-05-21 12:24:01.341056 : mark_done process/init/app
2016-05-21 12:24:01.341075 : ##############################################################################
2016-05-21 12:24:01.341093 
2016-05-21 12:24:01.341112 : ## process/init/relation/articles ############################################
2016-05-21 12:24:01.341130 : # Done: 2016-05-20T19:16:48-0700 (17h 7m 10s ago)
2016-05-21 12:24:01.341148 : process/init/relation/articles/run.sh
2016-05-21 12:24:01.341167 : mark_done process/init/relation/articles
2016-05-21 12:24:01.341185 : ##############################################################################
2016-05-21 12:24:01.341202 
2016-05-21 12:24:01.341220 : ## data/articles #############################################################
2016-05-21 12:24:01.341238 : # Done: 2016-05-20T19:16:48-0700 (17h 7m 10s ago)
2016-05-21 12:24:01.341255 : # no-op
2016-05-21 12:24:01.341272 : mark_done data/articles
2016-05-21 12:24:01.341289 : ##############################################################################
2016-05-21 12:24:01.341307 
2016-05-21 12:24:01.341325 : ## process/ext_sentences_by_nlp_markup #######################################
2016-05-21 12:24:01.341342 : # Done: 2016-05-20T19:20:04-0700 (17h 3m 54s ago)
2016-05-21 12:24:01.341360 : process/ext_sentences_by_nlp_markup/run.sh
2016-05-21 12:24:01.341378 : mark_done process/ext_sentences_by_nlp_markup
2016-05-21 12:24:01.341395 : ##############################################################################
2016-05-21 12:24:01.341413 
2016-05-21 12:24:01.341430 : ## data/sentences ############################################################
2016-05-21 12:24:01.341448 : # Done: 2016-05-20T19:20:04-0700 (17h 3m 54s ago)
2016-05-21 12:24:01.341465 : # no-op
2016-05-21 12:24:01.341483 : mark_done data/sentences
2016-05-21 12:24:01.341500 : ##############################################################################
2016-05-21 12:24:01.341517 
2016-05-21 12:24:01.341535 : ## process/ext_person_mention_by_map_person_mention ##########################
2016-05-21 12:24:01.341552 : # Done: 2016-05-20T20:58:22-0700 (15h 25m 36s ago)
2016-05-21 12:24:01.341570 : process/ext_person_mention_by_map_person_mention/run.sh
2016-05-21 12:24:01.341587 : mark_done process/ext_person_mention_by_map_person_mention
2016-05-21 12:24:01.341604 : ##############################################################################
2016-05-21 12:24:01.341621 
2016-05-21 12:24:01.341640 : ## data/person_mention #######################################################
2016-05-21 12:24:01.341657 : # Done: 2016-05-20T20:58:22-0700 (15h 25m 36s ago)
2016-05-21 12:24:01.341675 : # no-op
2016-05-21 12:24:01.341692 : mark_done data/person_mention
2016-05-21 12:24:01.341710 : ##############################################################################
2016-05-21 12:24:01.341728 
2016-05-21 12:24:01.341745 : ## process/ext_num_people ####################################################
2016-05-21 12:24:01.341762 : # Done: 2016-05-20T21:35:41-0700 (14h 48m 17s ago)
2016-05-21 12:24:01.341780 : process/ext_num_people/run.sh
2016-05-21 12:24:01.341797 : mark_done process/ext_num_people
2016-05-21 12:24:01.341815 : ##############################################################################
2016-05-21 12:24:01.341832 
2016-05-21 12:24:01.341849 : ## data/num_people ###########################################################
2016-05-21 12:24:01.341867 : # Done: 2016-05-20T21:35:41-0700 (14h 48m 17s ago)
2016-05-21 12:24:01.341885 : # no-op
2016-05-21 12:24:01.341907 : mark_done data/num_people
2016-05-21 12:24:01.341927 : ##############################################################################
2016-05-21 12:24:01.341945 
2016-05-21 12:24:01.341964 : ## process/ext_team_mention_by_map_team_mention ##############################
2016-05-21 12:24:01.341984 : # Done: 2016-05-20T21:23:06-0700 (15h 52s ago)
2016-05-21 12:24:01.342004 : process/ext_team_mention_by_map_team_mention/run.sh
2016-05-21 12:24:01.342023 : mark_done process/ext_team_mention_by_map_team_mention
2016-05-21 12:24:01.342043 : ##############################################################################
2016-05-21 12:24:01.342063 
2016-05-21 12:24:01.342082 : ## data/team_mention #########################################################
2016-05-21 12:24:01.342101 : # Done: 2016-05-20T22:05:04-0700 (14h 18m 54s ago)
2016-05-21 12:24:01.342120 : # no-op
2016-05-21 12:24:01.342139 : mark_done data/team_mention
2016-05-21 12:24:01.342159 : ##############################################################################
2016-05-21 12:24:01.342177 
2016-05-21 12:24:01.342195 : ## process/ext_spouse_candidate ##############################################
2016-05-21 12:24:01.342211 : # Done: 2016-05-20T22:17:52-0700 (14h 6m 6s ago)
2016-05-21 12:24:01.342229 : process/ext_spouse_candidate/run.sh
2016-05-21 12:24:01.342248 : mark_done process/ext_spouse_candidate
2016-05-21 12:24:01.342268 : ##############################################################################
2016-05-21 12:24:01.342286 
2016-05-21 12:24:01.342305 : ## data/spouse_candidate #####################################################
2016-05-21 12:24:01.342324 : # Done: 2016-05-20T22:17:52-0700 (14h 6m 6s ago)
2016-05-21 12:24:01.342343 : # no-op
2016-05-21 12:24:01.342361 : mark_done data/spouse_candidate
2016-05-21 12:24:01.342380 : ##############################################################################
2016-05-21 12:24:01.342399 
2016-05-21 12:24:01.342419 : ## process/ext_spouse_label__0_by_supervise ##################################
2016-05-21 12:24:01.342438 : # Done: 2016-05-20T22:17:53-0700 (14h 6m 5s ago)
2016-05-21 12:24:01.342458 : process/ext_spouse_label__0_by_supervise/run.sh
2016-05-21 12:24:01.342477 : mark_done process/ext_spouse_label__0_by_supervise
2016-05-21 12:24:01.342495 : ##############################################################################
2016-05-21 12:24:01.342513 
2016-05-21 12:24:01.342530 : ## data/spouse_label__0 ######################################################
2016-05-21 12:24:01.342547 : # Done: 2016-05-20T22:17:53-0700 (14h 6m 6s ago)
2016-05-21 12:24:01.342564 : # no-op
2016-05-21 12:24:01.342580 : mark_done data/spouse_label__0
2016-05-21 12:24:01.342597 : ##############################################################################
2016-05-21 12:24:01.342669 
2016-05-21 12:24:01.342719 : ## process/init/relation/spouses_dbpedia #####################################
2016-05-21 12:24:01.342747 : # Done: 2016-05-21T12:09:26-0700 (14m 33s ago)
2016-05-21 12:24:01.342792 : process/init/relation/spouses_dbpedia/run.sh
2016-05-21 12:24:01.342812 : mark_done process/init/relation/spouses_dbpedia
2016-05-21 12:24:01.342830 : ##############################################################################
2016-05-21 12:24:01.342847 
2016-05-21 12:24:01.342889 : ## data/spouses_dbpedia ######################################################
2016-05-21 12:24:01.342930 : # Done: 2016-05-21T12:09:26-0700 (14m 33s ago)
2016-05-21 12:24:01.342958 : # no-op
2016-05-21 12:24:01.343001 : mark_done data/spouses_dbpedia
2016-05-21 12:24:01.343023 : ##############################################################################
2016-05-21 12:24:01.343087 
2016-05-21 12:24:01.343110 ## process/ext_spouse_label ##################################################
2016-05-21 12:24:01.343130 : # Done: 2016-05-20T22:17:55-0700 (14h 6m 4s ago)
2016-05-21 12:24:01.343149 # Done: 2016-05-20T22:17:55-0700 (14h 6m 3s ago)
2016-05-21 12:24:01.343167 process/ext_spouse_label/run.sh
2016-05-21 12:24:01.343185 ++ dirname process/ext_spouse_label/run.sh
2016-05-21 12:24:01.343203 + cd process/ext_spouse_label
2016-05-21 12:24:01.343220 + export DEEPDIVE_CURRENT_PROCESS_NAME=process/ext_spouse_label
2016-05-21 12:24:01.343236 + DEEPDIVE_CURRENT_PROCESS_NAME=process/ext_spouse_label
2016-05-21 12:24:01.343253 + deepdive create table spouse_label
2016-05-21 12:24:01.551715 CREATE TABLE
2016-05-21 12:24:01.552944 + deepdive sql 'INSERT INTO spouse_label SELECT R0.p_id AS "spouse_candidate.R0.p_id", R0.t_id AS "spouse_candidate.R0.t_id", 0 AS column_2, NULL AS column_3
2016-05-21 12:24:01.552992 FROM spouse_candidate R0
2016-05-21 12:24:01.553013         
2016-05-21 12:24:01.553035 UNION ALL
2016-05-21 12:24:01.553055 SELECT R0.p_id AS "spouse_candidate.R0.p_id", R0.t_id AS "spouse_candidate.R0.t_id", 1 AS column_2, '\''from_dbpedia'\'' AS column_3
2016-05-21 12:24:01.553074 FROM spouse_candidate R0, spouses_dbpedia R1
2016-05-21 12:24:01.553116         WHERE ((lower(R1.p) = lower(R0.p_name) AND lower(R1.t) = lower(R0.p_name)) OR (lower(R1.t) = lower(R0.t_name) AND lower(R1.p) = lower(R0.t_name)))
2016-05-21 12:24:01.553158 UNION ALL
2016-05-21 12:24:01.553182 SELECT R0.p_id AS "spouse_label__0.R0.p_id", R0.t_id AS "spouse_label__0.R0.t_id", R0.label AS "spouse_label__0.R0.label", R0.rule_id AS "spouse_label__0.R0.rule_id"
2016-05-21 12:24:01.553202 FROM spouse_label__0 R0
2016-05-21 12:24:01.553222         '
2016-05-21 12:24:01.640398 ERROR:  column r1.p does not exist
2016-05-21 12:24:01.640460 LINE 7:         WHERE ((lower(R1.p) = lower(R0.p_name) AND lower(R1....
2016-05-21 12:24:01.640513                               ^
