2016-05-20 19:15:38.675838 # on dhcp-169-233-138-157.cruznet.ucsc.edu: deepdive do articles
2016-05-20 19:15:38.676260 # run/20160520/191537.315433000/plan.sh
2016-05-20 19:15:38.676300 # execution plan for data/articles
2016-05-20 19:15:38.676323 
2016-05-20 19:15:38.676344 : ## process/init/app ##########################################################
2016-05-20 19:15:38.676365 : # Done: 2016-05-20T15:47:44-0700 (3h 27m 53s ago)
2016-05-20 19:15:38.676385 : process/init/app/run.sh
2016-05-20 19:15:38.676406 : mark_done process/init/app
2016-05-20 19:15:38.676427 : ##############################################################################
2016-05-20 19:15:38.676449 
2016-05-20 19:15:38.676470 ## process/init/relation/articles ############################################
2016-05-20 19:15:38.676491 # Done: 2016-05-20T18:03:05-0700 (1h 12m 32s ago)
2016-05-20 19:15:38.676511 process/init/relation/articles/run.sh
2016-05-20 19:15:38.676531 ++ dirname process/init/relation/articles/run.sh
2016-05-20 19:15:38.676550 + cd process/init/relation/articles
2016-05-20 19:15:38.676571 + export DEEPDIVE_CURRENT_PROCESS_NAME=process/init/relation/articles
2016-05-20 19:15:38.676592 + DEEPDIVE_CURRENT_PROCESS_NAME=process/init/relation/articles
2016-05-20 19:15:38.676612 + deepdive create table articles
2016-05-20 19:15:38.813525 CREATE TABLE
2016-05-20 19:15:38.814718 + deepdive load articles
2016-05-20 19:15:38.928167 Loading articles from input/articles.tsv.sh (tsv format)
2016-05-20 19:15:38.941088 ERROR: Missing /Users/emerson/Documents/Github/deepdive/examples/Coach_NBA/input/signalmedia/signalmedia-1m.jsonl
2016-05-20 19:15:38.941163 # Please Download it from http://research.signalmedia.co/newsir16/signal-dataset.html
2016-05-20 19:15:38.941356 
2016-05-20 19:15:38.941447 # Alternatively, use our sampled data by running:
2016-05-20 19:15:38.941639 deepdive load articles input/articles-100.tsv.bz2
2016-05-20 19:15:38.941780 
2016-05-20 19:15:38.941885 # Or, skipping all NLP markup processes by running:
2016-05-20 19:15:38.942080 deepdive create table sentences
2016-05-20 19:15:38.942116 deepdive load sentences
2016-05-20 19:15:38.942142 deepdive mark done sentences
2016-05-20 19:15:38.976779 COPY 0
2016-05-20 19:15:38.985639 mark_done process/init/relation/articles
2016-05-20 19:15:39.007002 ##############################################################################
2016-05-20 19:15:39.007090 
2016-05-20 19:15:39.007124 ## data/articles #############################################################
2016-05-20 19:15:39.007149 # Done: 2016-05-20T18:03:05-0700 (1h 12m 32s ago)
2016-05-20 19:15:39.007350 # no-op
2016-05-20 19:15:39.007399 mark_done data/articles
2016-05-20 19:15:39.032133 ##############################################################################
2016-05-20 19:15:39.032208 
